Mplus VERSION 7.1
MUTHEN & MUTHEN
06/18/2015   4:37 PM

INPUT INSTRUCTIONS


  DATA:
   FILE IS  "ITS_TQIPIP.txt";

  VARIABLE:
   NAMES ARE
  id
  sex
  age
  A1_1
  A1_2
  A1_3
  A1_4
  A1_5
  A2_1
  A2_2
  A2_3
  A2_4
  A2_5
  A3_1
  A3_2
  A3_3
  A3_4
  A3_5
  A4_1
  A4_2
  A4_3
  A4_4
  A4_5
  A5_1
  A5_2
  A5_3
  A5_4
  A5_5
  A6_1
  A6_2
  A6_3
  A6_4
  A6_5
  A7_1
  A7_2
  A7_3
  A7_4
  A7_5
  A8_1
  A8_2
  A8_3
  A8_4
  A8_5
  C1_1
  C1_2
  C1_3
  C1_4
  C1_5
  C2_1
  C2_2
  C2_3
  C2_4
  C2_5
  C3_1
  C3_2
  C3_3
  C3_4
  C3_5
  C4_1
  C4_2
  C4_3
  C4_4
  C4_5
  C5_1
  C5_2
  C5_3
  C5_4
  C5_5
  C6_1
  C6_2
  C6_3
  C6_4
  C6_5
  C7_1
  C7_2
  C7_3
  C7_4
  C7_5
  C8_1
  C8_2
  C8_3
  C8_4
  C8_5
  C9_1
  C9_2
  C9_3
  C9_4
  C9_5
  E1_1
  E1_2
  E1_3
  E1_4
  E1_5
  E2_1
  E2_2
  E2_3
  E2_4
  E2_5
  E3_1
  E3_2
  E3_3
  E3_4
  E3_5
  E4_1
  E4_2
  E4_3
  E4_4
  E4_5
  E5_1
  E5_2
  E5_3
  E5_4
  E5_5
  E6_1
  E6_2
  E6_3
  E6_4
  E6_5
  E7_1
  E7_2
  E7_3
  E7_4
  E7_5
  E8_1
  E8_2
  E8_3
  E8_4
  E8_5
  E9_1
  E9_2
  E9_3
  N1_1
  N1_2
  N1_3
  N1_4
  N1_5
  N2_1
  N2_2
  N2_3
  N2_4
  N2_5
  N3_1
  N3_2
  N3_3
  N3_4
  N3_5
  N4_1
  N4_2
  N4_3
  N4_4
  N4_5
  N5_1
  N5_2
  N5_3
  N5_4
  N5_5
  N6_1
  N6_2
  N6_3
  N6_4
  N6_5
  N7_1
  N7_2
  N7_3
  O1_1
  O1_2
  O1_3
  O1_4
  O1_5
  O2_1
  O2_2
  O2_3
  O2_4
  O2_5
  O3_1
  O3_2
  O3_3
  O3_4
  O3_5
  O4_1
  O4_2
  O4_3
  O4_4
  O4_5
  O5_1
  O5_2
  O5_3
  O5_4
  O5_5
  O6_1
  O6_2
  O6_3
  O6_4
  O6_5
  O7_1
  O7_2
  O7_3
  O7_4
  O7_5
  O8_1
  O8_2
  O8_3
  O8_4
  O9_1
  O9_2
  O9_4
  dataset;


   USEVARIABLES ARE
  C2_1
  C2_2
  C2_3
  C2_4
  C2_5
  ;

  Grouping is Dataset (0 = German 1 = US);

  MISSING ARE ALL (-99);

  MODEL:

  C2 by C2_1
  C2_2
  C2_3
  C2_4
  C2_5;
  [C2@0];

  Model German:
  ;

  Model US:
  ;



  [C2_1
  C2_2
  C2_3
  C2_4
  C2_5];

  ANALYSIS:
   ESTIMATOR IS ML;
   Iterations are 10000;

   OUTPUT: STDYX MODINDICES(4);



INPUT READING TERMINATED NORMALLY




SUMMARY OF ANALYSIS

Number of groups                                                 2
Number of observations
   Group GERMAN                                                387
   Group US                                                    722
   Total sample size                                          1109

Number of dependent variables                                    5
Number of independent variables                                  0
Number of continuous latent variables                            1

Observed dependent variables

  Continuous
   C2_1        C2_2        C2_3        C2_4        C2_5

Continuous latent variables
   C2

Variables with special functions

  Grouping variable     DATASET

Estimator                                                       ML
Information matrix                                        OBSERVED
Maximum number of iterations                                 10000
Convergence criterion                                    0.500D-04
Maximum number of steepest descent iterations                   20
Maximum number of iterations for H1                           2000
Convergence criterion for H1                             0.100D-03

Input data file(s)
  ITS_TQIPIP.txt

Input data format  FREE


SUMMARY OF DATA

   Group GERMAN
     Number of missing data patterns             1

   Group US
     Number of missing data patterns             1


COVARIANCE COVERAGE OF DATA

Minimum covariance coverage value   0.100


     PROPORTION OF DATA PRESENT FOR GERMAN


           Covariance Coverage
              C2_1          C2_2          C2_3          C2_4          C2_5
              ________      ________      ________      ________      ________
 C2_1           1.000
 C2_2           1.000         1.000
 C2_3           1.000         1.000         1.000
 C2_4           1.000         1.000         1.000         1.000
 C2_5           1.000         1.000         1.000         1.000         1.000


     PROPORTION OF DATA PRESENT FOR US


           Covariance Coverage
              C2_1          C2_2          C2_3          C2_4          C2_5
              ________      ________      ________      ________      ________
 C2_1           1.000
 C2_2           1.000         1.000
 C2_3           1.000         1.000         1.000
 C2_4           1.000         1.000         1.000         1.000
 C2_5           1.000         1.000         1.000         1.000         1.000



THE MODEL ESTIMATION TERMINATED NORMALLY



MODEL FIT INFORMATION

Number of Free Parameters                       26

Loglikelihood

          H0 Value                       -7311.154
          H1 Value                       -7274.746

Information Criteria

          Akaike (AIC)                   14674.309
          Bayesian (BIC)                 14804.600
          Sample-Size Adjusted BIC       14722.018
            (n* = (n + 2) / 24)

Chi-Square Test of Model Fit

          Value                             72.816
          Degrees of Freedom                    14
          P-Value                           0.0000

Chi-Square Contribution From Each Group

          GERMAN                            39.034
          US                                33.783

RMSEA (Root Mean Square Error Of Approximation)

          Estimate                           0.087
          90 Percent C.I.                    0.068  0.107
          Probability RMSEA <= .05           0.001

CFI/TLI

          CFI                                0.919
          TLI                                0.885

Chi-Square Test of Model Fit for the Baseline Model

          Value                            750.346
          Degrees of Freedom                    20
          P-Value                           0.0000

SRMR (Standardized Root Mean Square Residual)

          Value                              0.072



MODEL RESULTS

                                                    Two-Tailed
                    Estimate       S.E.  Est./S.E.    P-Value

Group GERMAN

 C2       BY
    C2_1               1.000      0.000    999.000    999.000
    C2_2              -0.708      0.053    -13.319      0.000
    C2_3               0.761      0.057     13.233      0.000
    C2_4              -0.072      0.044     -1.656      0.098
    C2_5               0.282      0.045      6.223      0.000

 Means
    C2                 0.000      0.000    999.000    999.000

 Intercepts
    C2_1               2.225      0.047     47.376      0.000
    C2_2               3.563      0.052     67.888      0.000
    C2_3               2.364      0.046     51.138      0.000
    C2_4               3.432      0.053     65.193      0.000
    C2_5               2.700      0.049     55.518      0.000

 Variances
    C2                 0.613      0.071      8.645      0.000

 Residual Variances
    C2_1               0.241      0.051      4.702      0.000
    C2_2               0.759      0.061     12.391      0.000
    C2_3               0.473      0.046     10.350      0.000
    C2_4               1.069      0.078     13.656      0.000
    C2_5               0.867      0.063     13.741      0.000

Group US

 C2       BY
    C2_1               1.000      0.000    999.000    999.000
    C2_2              -0.708      0.053    -13.319      0.000
    C2_3               0.761      0.057     13.233      0.000
    C2_4              -0.072      0.044     -1.656      0.098
    C2_5               0.282      0.045      6.223      0.000

 Means
    C2                 0.000      0.000    999.000    999.000

 Intercepts
    C2_1               2.079      0.034     61.195      0.000
    C2_2               3.787      0.036    103.938      0.000
    C2_3               2.374      0.037     64.158      0.000
    C2_4               3.738      0.034    109.309      0.000
    C2_5               2.709      0.037     73.648      0.000

 Variances
    C2                 0.596      0.057     10.384      0.000

 Residual Variances
    C2_1               0.237      0.044      5.350      0.000
    C2_2               0.660      0.041     16.013      0.000
    C2_3               0.643      0.043     15.033      0.000
    C2_4               0.841      0.045     18.726      0.000
    C2_5               0.929      0.050     18.656      0.000


STANDARDIZED MODEL RESULTS


STDYX Standardization

                                                    Two-Tailed
                    Estimate       S.E.  Est./S.E.    P-Value

Group GERMAN

 C2       BY
    C2_1               0.847      0.035     24.223      0.000
    C2_2              -0.536      0.032    -16.878      0.000
    C2_3               0.655      0.036     18.153      0.000
    C2_4              -0.055      0.032     -1.691      0.091
    C2_5               0.231      0.035      6.558      0.000

 Means
    C2                 0.000      0.000    999.000    999.000

 Intercepts
    C2_1               2.408      0.099     24.211      0.000
    C2_2               3.451      0.129     26.817      0.000
    C2_3               2.600      0.099     26.199      0.000
    C2_4               3.314      0.132     25.037      0.000
    C2_5               2.822      0.112     25.183      0.000

 Variances
    C2                 1.000      0.000    999.000    999.000

 Residual Variances
    C2_1               0.282      0.059      4.764      0.000
    C2_2               0.712      0.034     20.896      0.000
    C2_3               0.571      0.047     12.104      0.000
    C2_4               0.997      0.004    283.033      0.000
    C2_5               0.947      0.016     58.267      0.000

Group US

 C2       BY
    C2_1               0.846      0.031     26.980      0.000
    C2_2              -0.558      0.030    -18.502      0.000
    C2_3               0.591      0.029     20.443      0.000
    C2_4              -0.061      0.037     -1.649      0.099
    C2_5               0.220      0.033      6.621      0.000

 Means
    C2                 0.000      0.000    999.000    999.000

 Intercepts
    C2_1               2.277      0.070     32.402      0.000
    C2_2               3.868      0.103     37.600      0.000
    C2_3               2.388      0.072     33.023      0.000
    C2_4               4.068      0.113     35.877      0.000
    C2_5               2.741      0.080     34.280      0.000

 Variances
    C2                 1.000      0.000    999.000    999.000

 Residual Variances
    C2_1               0.284      0.053      5.360      0.000
    C2_2               0.688      0.034     20.438      0.000
    C2_3               0.651      0.034     19.054      0.000
    C2_4               0.996      0.004    223.141      0.000
    C2_5               0.951      0.015     64.798      0.000


R-SQUARE

Group GERMAN

    Observed                                        Two-Tailed
    Variable        Estimate       S.E.  Est./S.E.    P-Value

    C2_1               0.718      0.059     12.112      0.000
    C2_2               0.288      0.034      8.439      0.000
    C2_3               0.429      0.047      9.077      0.000
    C2_4               0.003      0.004      0.845      0.398
    C2_5               0.053      0.016      3.279      0.001

Group US

    Observed                                        Two-Tailed
    Variable        Estimate       S.E.  Est./S.E.    P-Value

    C2_1               0.716      0.053     13.490      0.000
    C2_2               0.312      0.034      9.251      0.000
    C2_3               0.349      0.034     10.221      0.000
    C2_4               0.004      0.004      0.824      0.410
    C2_5               0.049      0.015      3.311      0.001


QUALITY OF NUMERICAL RESULTS

     Condition Number for the Information Matrix              0.206E-01
       (ratio of smallest to largest eigenvalue)


MODEL MODIFICATION INDICES

NOTE:  Modification indices for direct effects of observed dependent variables
regressed on covariates may not be included.  To include these, request
MODINDICES (ALL).

Minimum M.I. value for printing the modification index     4.000

                                   M.I.     E.P.C.  Std E.P.C.  StdYX E.P.C.
Group GERMAN


BY Statements

C2       BY C2_2                   7.394     0.163      0.127        0.123
C2       BY C2_3                  11.179     0.191      0.149        0.164
C2       BY C2_4                  34.418     0.370      0.290        0.280

WITH Statements

C2_3     WITH C2_1                 8.527     0.168      0.168        0.498
C2_4     WITH C2_1                10.032     0.126      0.126        0.249
C2_5     WITH C2_2                 5.026     0.099      0.099        0.122

Group US


BY Statements

C2       BY C2_2                   7.392    -0.091     -0.070       -0.071
C2       BY C2_3                  11.180    -0.125     -0.096       -0.097
C2       BY C2_4                  34.414    -0.162     -0.125       -0.136

WITH Statements

C2_2     WITH C2_1                14.693    -0.187     -0.187       -0.472
C2_3     WITH C2_1                14.146    -0.203     -0.203       -0.519
C2_4     WITH C2_2                 5.703     0.071      0.071        0.095
C2_5     WITH C2_3                14.094     0.120      0.120        0.155



DIAGRAM INFORMATION

  Use View Diagram under the Diagram menu in the Mplus Editor to view the diagram.
  If running Mplus from the Mplus Diagrammer, the diagram opens automatically.

  Diagram output
    f:\ipip paper\messinvarianz\c\c2\c2 faktorielle invarianz.dgm

     Beginning Time:  16:37:58
        Ending Time:  16:37:58
       Elapsed Time:  00:00:00



MUTHEN & MUTHEN
3463 Stoner Ave.
Los Angeles, CA  90066

Tel: (310) 391-9971
Fax: (310) 391-8971
Web: www.StatModel.com
Support: Support@StatModel.com

Copyright (c) 1998-2013 Muthen & Muthen
