Mplus VERSION 5.2
MUTHEN & MUTHEN
06/26/2012  12:53 PM

INPUT INSTRUCTIONS


  DATA:
   FILE IS  "ITS_TQIPIP.txt";

  VARIABLE:
   NAMES ARE
  id
  sex
  age
  A1_1
  A1_2
  A1_3
  A1_4
  A1_5
  A2_1
  A2_2
  A2_3
  A2_4
  A2_5
  A3_1
  A3_2
  A3_3
  A3_4
  A3_5
  A4_1
  A4_2
  A4_3
  A4_4
  A4_5
  A5_1
  A5_2
  A5_3
  A5_4
  A5_5
  A6_1
  A6_2
  A6_3
  A6_4
  A6_5
  A7_1
  A7_2
  A7_3
  A7_4
  A7_5
  A8_1
  A8_2
  A8_3
  A8_4
  A8_5
  C1_1
  C1_2
  C1_3
  C1_4
  C1_5
  C2_1
  C2_2
  C2_3
  C2_4
  C2_5
  C3_1
  C3_2
  C3_3
  C3_4
  C3_5
  C4_1
  C4_2
  C4_3
  C4_4
  C4_5
  C5_1
  C5_2
  C5_3
  C5_4
  C5_5
  C6_1
  C6_2
  C6_3
  C6_4
  C6_5
  C7_1
  C7_2
  C7_3
  C7_4
  C7_5
  C8_1
  C8_2
  C8_3
  C8_4
  C8_5
  C9_1
  C9_2
  C9_3
  C9_4
  C9_5
  E1_1
  E1_2
  E1_3
  E1_4
  E1_5
  E2_1
  E2_2
  E2_3
  E2_4
  E2_5
  E3_1
  E3_2
  E3_3
  E3_4
  E3_5
  E4_1
  E4_2
  E4_3
  E4_4
  E4_5
  E5_1
  E5_2
  E5_3
  E5_4
  E5_5
  E6_1
  E6_2
  E6_3
  E6_4
  E6_5
  E7_1
  E7_2
  E7_3
  E7_4
  E7_5
  E8_1
  E8_2
  E8_3
  E8_4
  E8_5
  E9_1
  E9_2
  E9_3
  N1_1
  N1_2
  N1_3
  N1_4
  N1_5
  N2_1
  N2_2
  N2_3
  N2_4
  N2_5
  N3_1
  N3_2
  N3_3
  N3_4
  N3_5
  N4_1
  N4_2
  N4_3
  N4_4
  N4_5
  N5_1
  N5_2
  N5_3
  N5_4
  N5_5
  N6_1
  N6_2
  N6_3
  N6_4
  N6_5
  N7_1
  N7_2
  N7_3
  O1_1
  O1_2
  O1_3
  O1_4
  O1_5
  O2_1
  O2_2
  O2_3
  O2_4
  O2_5
  O3_1
  O3_2
  O3_3
  O3_4
  O3_5
  O4_1
  O4_2
  O4_3
  O4_4
  O4_5
  O5_1
  O5_2
  O5_3
  O5_4
  O5_5
  O6_1
  O6_2
  O6_3
  O6_4
  O6_5
  O7_1
  O7_2
  O7_3
  O7_4
  O7_5
  O8_1
  O8_2
  O8_3
  O8_4
  O9_1
  O9_2
  O9_4
  dataset;

   USEVARIABLES ARE
  C2_1
  C2_2
  C2_3
  C2_4
  C2_5;

  Grouping is Dataset (0 = German 1 = US);

  MISSING ARE ALL (-99);

  MODEL:

  C2 by  C2_1
  C2_2
  C2_3
  C2_4
  C2_5;


  Model German:
  ;

  Model US:
  ;





  ANALYSIS:
   ESTIMATOR IS ML;
   Iterations are 10000;

   OUTPUT: STDYX MODINDICES(4);



INPUT READING TERMINATED NORMALLY




SUMMARY OF ANALYSIS

Number of groups                                                 2
Number of observations
   Group GERMAN                                                387
   Group US                                                    722

Number of dependent variables                                    5
Number of independent variables                                  0
Number of continuous latent variables                            1

Observed dependent variables

  Continuous
   C2_1        C2_2        C2_3        C2_4        C2_5

Continuous latent variables
   C2

Variables with special functions

  Grouping variable     DATASET

Estimator                                                       ML
Information matrix                                        OBSERVED
Maximum number of iterations                                 10000
Convergence criterion                                    0.500D-04
Maximum number of steepest descent iterations                   20
Maximum number of iterations for H1                           2000
Convergence criterion for H1                             0.100D-03

Input data file(s)
  ITS_TQIPIP.txt

Input data format  FREE


SUMMARY OF DATA

   Group GERMAN
     Number of missing data patterns             1

   Group US
     Number of missing data patterns             1


COVARIANCE COVERAGE OF DATA

Minimum covariance coverage value   0.100


     PROPORTION OF DATA PRESENT FOR GERMAN


           Covariance Coverage
              C2_1          C2_2          C2_3          C2_4          C2_5
              ________      ________      ________      ________      ________
 C2_1           1.000
 C2_2           1.000         1.000
 C2_3           1.000         1.000         1.000
 C2_4           1.000         1.000         1.000         1.000
 C2_5           1.000         1.000         1.000         1.000         1.000


     PROPORTION OF DATA PRESENT FOR US


           Covariance Coverage
              C2_1          C2_2          C2_3          C2_4          C2_5
              ________      ________      ________      ________      ________
 C2_1           1.000
 C2_2           1.000         1.000
 C2_3           1.000         1.000         1.000
 C2_4           1.000         1.000         1.000         1.000
 C2_5           1.000         1.000         1.000         1.000         1.000



THE MODEL ESTIMATION TERMINATED NORMALLY



TESTS OF MODEL FIT

Chi-Square Test of Model Fit

          Value                            106.790
          Degrees of Freedom                    18
          P-Value                           0.0000

Chi-Square Contributions From Each Group

          GERMAN                            66.250
          US                                40.540

Chi-Square Test of Model Fit for the Baseline Model

          Value                            750.346
          Degrees of Freedom                    20
          P-Value                           0.0000

CFI/TLI

          CFI                                0.878
          TLI                                0.865

Loglikelihood

          H0 Value                       -7328.141
          H1 Value                       -7274.746

Information Criteria

          Number of Free Parameters             22
          Akaike (AIC)                   14700.282
          Bayesian (BIC)                 14810.529
          Sample-Size Adjusted BIC       14740.652
            (n* = (n + 2) / 24)

RMSEA (Root Mean Square Error Of Approximation)

          Estimate                           0.094
          90 Percent C.I.                    0.077  0.112

SRMR (Standardized Root Mean Square Residual)

          Value                              0.075



MODEL RESULTS

                                                    Two-Tailed
                    Estimate       S.E.  Est./S.E.    P-Value

Group GERMAN

 C2       BY
    C2_1               1.000      0.000    999.000    999.000
    C2_2              -0.709      0.053    -13.288      0.000
    C2_3               0.741      0.055     13.384      0.000
    C2_4              -0.094      0.043     -2.160      0.031
    C2_5               0.275      0.045      6.164      0.000

 Means
    C2                 0.000      0.000    999.000    999.000

 Intercepts
    C2_1               2.221      0.046     48.489      0.000
    C2_2               3.648      0.040     90.889      0.000
    C2_3               2.431      0.039     61.951      0.000
    C2_4               3.641      0.030    122.003      0.000
    C2_5               2.730      0.031     87.471      0.000

 Variances
    C2                 0.619      0.072      8.632      0.000

 Residual Variances
    C2_1               0.234      0.052      4.507      0.000
    C2_2               0.769      0.063     12.299      0.000
    C2_3               0.487      0.046     10.670      0.000
    C2_4               1.120      0.083     13.539      0.000
    C2_5               0.868      0.063     13.746      0.000

Group US

 C2       BY
    C2_1               1.000      0.000    999.000    999.000
    C2_2              -0.709      0.053    -13.288      0.000
    C2_3               0.741      0.055     13.384      0.000
    C2_4              -0.094      0.043     -2.160      0.031
    C2_5               0.275      0.045      6.164      0.000

 Means
    C2                -0.141      0.056     -2.518      0.012

 Intercepts
    C2_1               2.221      0.046     48.489      0.000
    C2_2               3.648      0.040     90.889      0.000
    C2_3               2.431      0.039     61.951      0.000
    C2_4               3.641      0.030    122.003      0.000
    C2_5               2.730      0.031     87.471      0.000

 Variances
    C2                 0.606      0.057     10.545      0.000

 Residual Variances
    C2_1               0.228      0.044      5.149      0.000
    C2_2               0.661      0.042     15.900      0.000
    C2_3               0.652      0.043     15.328      0.000
    C2_4               0.845      0.045     18.617      0.000
    C2_5               0.931      0.050     18.675      0.000


STANDARDIZED MODEL RESULTS


STDYX Standardization

                                                    Two-Tailed
                    Estimate       S.E.  Est./S.E.    P-Value

Group GERMAN

 C2       BY
    C2_1               0.852      0.035     24.116      0.000
    C2_2              -0.536      0.032    -16.851      0.000
    C2_3               0.641      0.036     17.936      0.000
    C2_4              -0.069      0.031     -2.220      0.026
    C2_5               0.226      0.035      6.475      0.000

 Means
    C2                 0.000      0.000    999.000    999.000

 Intercepts
    C2_1               2.406      0.099     24.356      0.000
    C2_2               3.511      0.126     27.930      0.000
    C2_3               2.675      0.095     28.182      0.000
    C2_4               3.431      0.127     26.955      0.000
    C2_5               2.855      0.105     27.278      0.000

 Variances
    C2                 1.000      0.000    999.000    999.000

 Residual Variances
    C2_1               0.274      0.060      4.558      0.000
    C2_2               0.712      0.034     20.853      0.000
    C2_3               0.589      0.046     12.862      0.000
    C2_4               0.995      0.004    228.774      0.000
    C2_5               0.949      0.016     60.201      0.000

Group US

 C2       BY
    C2_1               0.852      0.031     27.446      0.000
    C2_2              -0.562      0.030    -18.616      0.000
    C2_3               0.581      0.029     20.262      0.000
    C2_4              -0.079      0.037     -2.157      0.031
    C2_5               0.216      0.033      6.535      0.000

 Means
    C2                -0.181      0.072     -2.515      0.012

 Intercepts
    C2_1               2.432      0.081     30.097      0.000
    C2_2               3.713      0.104     35.864      0.000
    C2_3               2.450      0.075     32.578      0.000
    C2_4               3.948      0.112     35.178      0.000
    C2_5               2.763      0.078     35.433      0.000

 Variances
    C2                 1.000      0.000    999.000    999.000

 Residual Variances
    C2_1               0.274      0.053      5.166      0.000
    C2_2               0.685      0.034     20.196      0.000
    C2_3               0.662      0.033     19.868      0.000
    C2_4               0.994      0.006    171.007      0.000
    C2_5               0.953      0.014     66.524      0.000


R-SQUARE

Group GERMAN

    Observed                                        Two-Tailed
    Variable        Estimate       S.E.  Est./S.E.    P-Value

    C2_1               0.726      0.060     12.058      0.000
    C2_2               0.288      0.034      8.425      0.000
    C2_3               0.411      0.046      8.968      0.000
    C2_4               0.005      0.004      1.110      0.267
    C2_5               0.051      0.016      3.237      0.001

Group US

    Observed                                        Two-Tailed
    Variable        Estimate       S.E.  Est./S.E.    P-Value

    C2_1               0.726      0.053     13.723      0.000
    C2_2               0.315      0.034      9.308      0.000
    C2_3               0.338      0.033     10.131      0.000
    C2_4               0.006      0.006      1.078      0.281
    C2_5               0.047      0.014      3.267      0.001


QUALITY OF NUMERICAL RESULTS

     Condition Number for the Information Matrix              0.146E-01
       (ratio of smallest to largest eigenvalue)


MODEL MODIFICATION INDICES

NOTE:  Modification indices for direct effects of observed dependent variables
regressed on covariates may not be included.  To include these, request
MODINDICES (ALL).

Minimum M.I. value for printing the modification index     4.000

                            M.I.     E.P.C.  Std E.P.C.  StdYX E.P.C.
Group GERMAN


BY Statements

C2       BY C2_2            8.398     0.177      0.139        0.134
C2       BY C2_3           12.678     0.204      0.160        0.176
C2       BY C2_4           36.498     0.392      0.308        0.290

WITH Statements

C2_2     WITH C2_1          4.562     0.114      0.114        0.268
C2_3     WITH C2_1         10.898     0.187      0.187        0.556
C2_4     WITH C2_1         10.459     0.132      0.132        0.259
C2_4     WITH C2_3          5.808     0.099      0.099        0.134
C2_5     WITH C2_2          5.123     0.100      0.100        0.123

Means/Intercepts/Thresholds

[ C2_2     ]                6.034    -0.085     -0.085       -0.082
[ C2_3     ]                7.317    -0.066     -0.066       -0.073
[ C2_4     ]               21.402    -0.209     -0.209       -0.197

Group US


BY Statements

C2       BY C2_2            8.390    -0.094     -0.073       -0.074
C2       BY C2_3           12.673    -0.126     -0.098       -0.099
C2       BY C2_4           36.495    -0.161     -0.125       -0.136

WITH Statements

C2_2     WITH C2_1         10.465    -0.160     -0.160       -0.412
C2_3     WITH C2_1         11.427    -0.179     -0.179       -0.464
C2_4     WITH C2_2          5.720     0.071      0.071        0.095
C2_5     WITH C2_3         14.758     0.122      0.122        0.157

Means/Intercepts/Thresholds

[ C2_2     ]                6.033     0.057      0.057        0.058
[ C2_3     ]                7.318     0.073      0.073        0.073
[ C2_4     ]               21.403     0.087      0.087        0.095



     Beginning Time:  12:53:07
        Ending Time:  12:53:07
       Elapsed Time:  00:00:00



MUTHEN & MUTHEN
3463 Stoner Ave.
Los Angeles, CA  90066

Tel: (310) 391-9971
Fax: (310) 391-8971
Web: www.StatModel.com
Support: Support@StatModel.com

Copyright (c) 1998-2008 Muthen & Muthen
