Mplus VERSION 7.1
MUTHEN & MUTHEN
06/04/2015   4:47 PM

INPUT INSTRUCTIONS

  TITLE:

  DATA:
  FILE IS  "factorscores_CFA.txt";
  Variable:
  Names are
  VPN
  A1
  A2
  A3
  A4
  A5
  A6
  A7
  A8
  C1
  C2
  C3
  C4
  C5
  C6
  C7
  C8
  C9
  E1
  E2
  E3
  E4
  E5
  E6
  E7
  E8
  E9
  N1
  N2
  N3
  N4
  N5
  N6
  N7
  O1
  O2
  O3
  O4
  O5
  O6
  O7
  O8
  O9
  ;

  USEVARIABLES ARE
  A1
  A2
  A3
  A4
  A5
  A7
  A8

  ;

  MISSING ARE ALL (-99);

  Model:

  agree by
  A1
  A2
  A3
  A4
  A5
  A7
  A8
  ;





  Analysis:
  ESTIMATOR IS ML;
  iterations = 10000;

  OUTPUT: STDYX MODINDICES(4);



INPUT READING TERMINATED NORMALLY




SUMMARY OF ANALYSIS

Number of groups                                                 1
Number of observations                                         361

Number of dependent variables                                    7
Number of independent variables                                  0
Number of continuous latent variables                            1

Observed dependent variables

  Continuous
   A1          A2          A3          A4          A5          A7
   A8

Continuous latent variables
   AGREE


Estimator                                                       ML
Information matrix                                        OBSERVED
Maximum number of iterations                                 10000
Convergence criterion                                    0.500D-04
Maximum number of steepest descent iterations                   20
Maximum number of iterations for H1                           2000
Convergence criterion for H1                             0.100D-03

Input data file(s)
  factorscores_CFA.txt

Input data format  FREE


SUMMARY OF DATA

     Number of missing data patterns             1


COVARIANCE COVERAGE OF DATA

Minimum covariance coverage value   0.100


     PROPORTION OF DATA PRESENT


           Covariance Coverage
              A1            A2            A3            A4            A5
              ________      ________      ________      ________      ________
 A1             1.000
 A2             1.000         1.000
 A3             1.000         1.000         1.000
 A4             1.000         1.000         1.000         1.000
 A5             1.000         1.000         1.000         1.000         1.000
 A7             1.000         1.000         1.000         1.000         1.000
 A8             1.000         1.000         1.000         1.000         1.000


           Covariance Coverage
              A7            A8
              ________      ________
 A7             1.000
 A8             1.000         1.000



THE MODEL ESTIMATION TERMINATED NORMALLY



MODEL FIT INFORMATION

Number of Free Parameters                       21

Loglikelihood

          H0 Value                       -1678.273
          H1 Value                       -1604.570

Information Criteria

          Akaike (AIC)                    3398.546
          Bayesian (BIC)                  3480.213
          Sample-Size Adjusted BIC        3413.590
            (n* = (n + 2) / 24)

Chi-Square Test of Model Fit

          Value                            147.406
          Degrees of Freedom                    14
          P-Value                           0.0000

RMSEA (Root Mean Square Error Of Approximation)

          Estimate                           0.162
          90 Percent C.I.                    0.139  0.187
          Probability RMSEA <= .05           0.000

CFI/TLI

          CFI                                0.775
          TLI                                0.662

Chi-Square Test of Model Fit for the Baseline Model

          Value                            613.850
          Degrees of Freedom                    21
          P-Value                           0.0000

SRMR (Standardized Root Mean Square Residual)

          Value                              0.091



MODEL RESULTS

                                                    Two-Tailed
                    Estimate       S.E.  Est./S.E.    P-Value

 AGREE    BY
    A1                 1.000      0.000    999.000    999.000
    A2                -1.583      0.174     -9.122      0.000
    A3                -1.279      0.174     -7.348      0.000
    A4                -0.286      0.084     -3.429      0.001
    A5                -0.510      0.105     -4.853      0.000
    A7                -1.310      0.163     -8.030      0.000
    A8                 0.669      0.100      6.694      0.000

 Intercepts
    A1                -0.005      0.031     -0.174      0.862
    A2                 0.013      0.028      0.454      0.650
    A3                 0.001      0.033      0.018      0.986
    A4                 0.000      0.021     -0.004      0.997
    A5                 0.001      0.025      0.020      0.984
    A7                 0.003      0.030      0.091      0.928
    A8                -0.002      0.024     -0.084      0.933

 Variances
    AGREE              0.087      0.019      4.635      0.000

 Residual Variances
    A1                 0.260      0.021     12.490      0.000
    A2                 0.066      0.015      4.522      0.000
    A3                 0.261      0.023     11.498      0.000
    A4                 0.149      0.011     13.290      0.000
    A5                 0.210      0.016     13.156      0.000
    A7                 0.178      0.018     10.076      0.000
    A8                 0.162      0.013     12.768      0.000


STANDARDIZED MODEL RESULTS


STDYX Standardization

                                                    Two-Tailed
                    Estimate       S.E.  Est./S.E.    P-Value

 AGREE    BY
    A1                 0.500      0.045     11.061      0.000
    A2                -0.875      0.030    -28.775      0.000
    A3                -0.593      0.042    -14.103      0.000
    A4                -0.213      0.056     -3.814      0.000
    A5                -0.312      0.052     -5.939      0.000
    A7                -0.675      0.039    -17.289      0.000
    A8                 0.440      0.048      9.160      0.000

 Intercepts
    A1                -0.009      0.053     -0.174      0.862
    A2                 0.024      0.053      0.454      0.650
    A3                 0.001      0.053      0.018      0.986
    A4                 0.000      0.053     -0.004      0.997
    A5                 0.001      0.053      0.020      0.984
    A7                 0.005      0.053      0.091      0.928
    A8                -0.004      0.053     -0.084      0.933

 Variances
    AGREE              1.000      0.000    999.000    999.000

 Residual Variances
    A1                 0.750      0.045     16.568      0.000
    A2                 0.234      0.053      4.392      0.000
    A3                 0.648      0.050     12.996      0.000
    A4                 0.954      0.024     39.956      0.000
    A5                 0.903      0.033     27.583      0.000
    A7                 0.545      0.053     10.338      0.000
    A8                 0.807      0.042     19.121      0.000


R-SQUARE

    Observed                                        Two-Tailed
    Variable        Estimate       S.E.  Est./S.E.    P-Value

    A1                 0.250      0.045      5.531      0.000
    A2                 0.766      0.053     14.387      0.000
    A3                 0.352      0.050      7.051      0.000
    A4                 0.046      0.024      1.907      0.056
    A5                 0.097      0.033      2.970      0.003
    A7                 0.455      0.053      8.645      0.000
    A8                 0.193      0.042      4.580      0.000


QUALITY OF NUMERICAL RESULTS

     Condition Number for the Information Matrix              0.716E-03
       (ratio of smallest to largest eigenvalue)


MODEL MODIFICATION INDICES

NOTE:  Modification indices for direct effects of observed dependent variables
regressed on covariates may not be included.  To include these, request
MODINDICES (ALL).

Minimum M.I. value for printing the modification index     4.000

                                   M.I.     E.P.C.  Std E.P.C.  StdYX E.P.C.

WITH Statements

A2       WITH A1                   6.102    -0.035     -0.035       -0.264
A3       WITH A1                  30.766     0.086      0.086        0.331
A4       WITH A1                  17.140     0.045      0.045        0.227
A4       WITH A3                  17.517     0.046      0.046        0.234
A5       WITH A1                   6.405     0.033      0.033        0.140
A5       WITH A4                  11.532     0.032      0.032        0.181
A7       WITH A2                  10.680    -0.056     -0.056       -0.519
A7       WITH A3                  25.065     0.075      0.075        0.349
A8       WITH A1                  49.886     0.082      0.082        0.398
A8       WITH A3                  10.288     0.038      0.038        0.187
A8       WITH A4                  16.847     0.035      0.035        0.222
A8       WITH A5                   6.360     0.025      0.025        0.138


DIAGRAM INFORMATION

  Use View Diagram under the Diagram menu in the Mplus Editor to view the diagram.
  If running Mplus from the Mplus Diagrammer, the diagram opens automatically.

  Diagram output
    f:\ipip paper\sample_usa\cfa\gesamtmodell\faktorscores\domänenmodelle\agreeableness with fs as i

     Beginning Time:  16:47:25
        Ending Time:  16:47:25
       Elapsed Time:  00:00:00



MUTHEN & MUTHEN
3463 Stoner Ave.
Los Angeles, CA  90066

Tel: (310) 391-9971
Fax: (310) 391-8971
Web: www.StatModel.com
Support: Support@StatModel.com

Copyright (c) 1998-2013 Muthen & Muthen
