Mplus VERSION 7.1
MUTHEN & MUTHEN
06/04/2015   4:44 PM

INPUT INSTRUCTIONS

  TITLE:

  DATA:
  FILE IS  "factorscores_CFA.txt";
  Variable:
  Names are
  VPN
  A1
  A2
  A3
  A4
  A5
  A6
  A7
  A8
  C1
  C2
  C3
  C4
  C5
  C6
  C7
  C8
  C9
  E1
  E2
  E3
  E4
  E5
  E6
  E7
  E8
  E9
  N1
  N2
  N3
  N4
  N5
  N6
  N7
  O1
  O2
  O3
  O4
  O5
  O6
  O7
  O8
  O9
  ;

  USEVARIABLES ARE
  A1
  A2
  A3
  A4
  A5
  A6
  A7
  A8

  ;

  MISSING ARE ALL (-99);

  Model:

  agree by
  A1
  A2
  A3
  A4
  A5
  A6
  A7
  A8
  ;

  A6       WITH A1;
  A6       WITH A4;



  Analysis:
  ESTIMATOR IS ML;
  iterations = 10000;

  OUTPUT: STDYX MODINDICES(4);



INPUT READING TERMINATED NORMALLY




SUMMARY OF ANALYSIS

Number of groups                                                 1
Number of observations                                         361

Number of dependent variables                                    8
Number of independent variables                                  0
Number of continuous latent variables                            1

Observed dependent variables

  Continuous
   A1          A2          A3          A4          A5          A6
   A7          A8

Continuous latent variables
   AGREE


Estimator                                                       ML
Information matrix                                        OBSERVED
Maximum number of iterations                                 10000
Convergence criterion                                    0.500D-04
Maximum number of steepest descent iterations                   20
Maximum number of iterations for H1                           2000
Convergence criterion for H1                             0.100D-03

Input data file(s)
  factorscores_CFA.txt

Input data format  FREE


SUMMARY OF DATA

     Number of missing data patterns             1


COVARIANCE COVERAGE OF DATA

Minimum covariance coverage value   0.100


     PROPORTION OF DATA PRESENT


           Covariance Coverage
              A1            A2            A3            A4            A5
              ________      ________      ________      ________      ________
 A1             1.000
 A2             1.000         1.000
 A3             1.000         1.000         1.000
 A4             1.000         1.000         1.000         1.000
 A5             1.000         1.000         1.000         1.000         1.000
 A6             1.000         1.000         1.000         1.000         1.000
 A7             1.000         1.000         1.000         1.000         1.000
 A8             1.000         1.000         1.000         1.000         1.000


           Covariance Coverage
              A6            A7            A8
              ________      ________      ________
 A6             1.000
 A7             1.000         1.000
 A8             1.000         1.000         1.000



THE MODEL ESTIMATION TERMINATED NORMALLY



MODEL FIT INFORMATION

Number of Free Parameters                       26

Loglikelihood

          H0 Value                       -2008.164
          H1 Value                       -1926.471

Information Criteria

          Akaike (AIC)                    4068.328
          Bayesian (BIC)                  4169.439
          Sample-Size Adjusted BIC        4086.953
            (n* = (n + 2) / 24)

Chi-Square Test of Model Fit

          Value                            163.387
          Degrees of Freedom                    18
          P-Value                           0.0000

RMSEA (Root Mean Square Error Of Approximation)

          Estimate                           0.150
          90 Percent C.I.                    0.129  0.171
          Probability RMSEA <= .05           0.000

CFI/TLI

          CFI                                0.798
          TLI                                0.686

Chi-Square Test of Model Fit for the Baseline Model

          Value                            748.619
          Degrees of Freedom                    28
          P-Value                           0.0000

SRMR (Standardized Root Mean Square Residual)

          Value                              0.097



MODEL RESULTS

                                                    Two-Tailed
                    Estimate       S.E.  Est./S.E.    P-Value

 AGREE    BY
    A1                 1.000      0.000    999.000    999.000
    A2                -1.598      0.175     -9.154      0.000
    A3                -1.262      0.170     -7.405      0.000
    A4                -0.281      0.083     -3.408      0.001
    A5                -0.504      0.104     -4.836      0.000
    A6                 0.604      0.127      4.765      0.000
    A7                -1.291      0.160     -8.091      0.000
    A8                 0.672      0.100      6.753      0.000

 A6       WITH
    A1                 0.111      0.020      5.650      0.000
    A4                 0.082      0.014      5.849      0.000

 Intercepts
    A1                -0.005      0.031     -0.174      0.862
    A2                 0.013      0.028      0.454      0.650
    A3                 0.001      0.033      0.018      0.986
    A4                 0.000      0.021     -0.004      0.997
    A5                 0.001      0.025      0.020      0.984
    A6                -0.004      0.037     -0.115      0.908
    A7                 0.003      0.030      0.091      0.928
    A8                -0.002      0.024     -0.084      0.933

 Variances
    AGREE              0.087      0.019      4.671      0.000

 Residual Variances
    A1                 0.259      0.021     12.543      0.000
    A2                 0.062      0.015      4.214      0.000
    A3                 0.264      0.023     11.626      0.000
    A4                 0.149      0.011     13.302      0.000
    A5                 0.210      0.016     13.177      0.000
    A6                 0.455      0.033     13.791      0.000
    A7                 0.182      0.018     10.275      0.000
    A8                 0.161      0.013     12.788      0.000


STANDARDIZED MODEL RESULTS


STDYX Standardization

                                                    Two-Tailed
                    Estimate       S.E.  Est./S.E.    P-Value

 AGREE    BY
    A1                 0.501      0.045     11.182      0.000
    A2                -0.885      0.030    -29.577      0.000
    A3                -0.586      0.042    -13.915      0.000
    A4                -0.210      0.056     -3.768      0.000
    A5                -0.308      0.052     -5.884      0.000
    A6                 0.255      0.055      4.644      0.000
    A7                -0.666      0.039    -16.962      0.000
    A8                 0.443      0.048      9.307      0.000

 A6       WITH
    A1                 0.322      0.049      6.600      0.000
    A4                 0.316      0.048      6.632      0.000

 Intercepts
    A1                -0.009      0.053     -0.174      0.862
    A2                 0.024      0.053      0.454      0.650
    A3                 0.001      0.053      0.018      0.986
    A4                 0.000      0.053     -0.004      0.997
    A5                 0.001      0.053      0.020      0.984
    A6                -0.006      0.053     -0.115      0.908
    A7                 0.005      0.053      0.091      0.928
    A8                -0.004      0.053     -0.084      0.933

 Variances
    AGREE              1.000      0.000    999.000    999.000

 Residual Variances
    A1                 0.749      0.045     16.669      0.000
    A2                 0.217      0.053      4.101      0.000
    A3                 0.656      0.049     13.283      0.000
    A4                 0.956      0.023     40.817      0.000
    A5                 0.905      0.032     28.043      0.000
    A6                 0.935      0.028     33.349      0.000
    A7                 0.556      0.052     10.631      0.000
    A8                 0.804      0.042     19.075      0.000


R-SQUARE

    Observed                                        Two-Tailed
    Variable        Estimate       S.E.  Est./S.E.    P-Value

    A1                 0.251      0.045      5.591      0.000
    A2                 0.783      0.053     14.789      0.000
    A3                 0.344      0.049      6.958      0.000
    A4                 0.044      0.023      1.884      0.060
    A5                 0.095      0.032      2.942      0.003
    A6                 0.065      0.028      2.322      0.020
    A7                 0.444      0.052      8.481      0.000
    A8                 0.196      0.042      4.654      0.000


QUALITY OF NUMERICAL RESULTS

     Condition Number for the Information Matrix              0.723E-03
       (ratio of smallest to largest eigenvalue)


MODEL MODIFICATION INDICES

NOTE:  Modification indices for direct effects of observed dependent variables
regressed on covariates may not be included.  To include these, request
MODINDICES (ALL).

Minimum M.I. value for printing the modification index     4.000

                                   M.I.     E.P.C.  Std E.P.C.  StdYX E.P.C.

WITH Statements

A3       WITH A1                  20.355     0.065      0.065        0.247
A4       WITH A1                  16.786     0.044      0.044        0.224
A4       WITH A3                  12.655     0.037      0.037        0.188
A5       WITH A4                   5.721     0.021      0.021        0.121
A6       WITH A2                   4.008    -0.028     -0.028       -0.169
A6       WITH A5                   6.328     0.037      0.037        0.120
A7       WITH A2                  10.303    -0.055     -0.055       -0.519
A7       WITH A3                  26.916     0.077      0.077        0.352
A8       WITH A1                  33.467     0.062      0.062        0.303
A8       WITH A3                   9.900     0.038      0.038        0.183
A8       WITH A4                   9.997     0.025      0.025        0.162
A8       WITH A5                   6.280     0.025      0.025        0.137
A8       WITH A6                   4.388     0.027      0.027        0.101


DIAGRAM INFORMATION

  Use View Diagram under the Diagram menu in the Mplus Editor to view the diagram.
  If running Mplus from the Mplus Diagrammer, the diagram opens automatically.

  Diagram output
    f:\ipip paper\sample_usa\cfa\gesamtmodell\faktorscores\domänenmodelle\agreeableness with fs as i

     Beginning Time:  16:44:50
        Ending Time:  16:44:51
       Elapsed Time:  00:00:01



MUTHEN & MUTHEN
3463 Stoner Ave.
Los Angeles, CA  90066

Tel: (310) 391-9971
Fax: (310) 391-8971
Web: www.StatModel.com
Support: Support@StatModel.com

Copyright (c) 1998-2013 Muthen & Muthen
