Mplus VERSION 7.1
MUTHEN & MUTHEN
06/04/2015   4:49 PM

INPUT INSTRUCTIONS

  TITLE:

  DATA:
  FILE IS  "factorscores_CFA.txt";
  Variable:
  Names are
  VPN
  A1
  A2
  A3
  A4
  A5
  A6
  A7
  A8
  C1
  C2
  C3
  C4
  C5
  C6
  C7
  C8
  C9
  E1
  E2
  E3
  E4
  E5
  E6
  E7
  E8
  E9
  N1
  N2
  N3
  N4
  N5
  N6
  N7
  O1
  O2
  O3
  O4
  O5
  O6
  O7
  O8
  O9
  ;

  USEVARIABLES ARE
  A1
  A2
  A3
  A4
  A5
  A7
  A8

  ;

  MISSING ARE ALL (-99);

  Model:

  agree by
  A1
  A2
  A3
  A4
  A5
  A7
  A8
  ;


  A8 with A1;


  Analysis:
  ESTIMATOR IS ML;
  iterations = 10000;

  OUTPUT: STDYX MODINDICES(4);



INPUT READING TERMINATED NORMALLY




SUMMARY OF ANALYSIS

Number of groups                                                 1
Number of observations                                         361

Number of dependent variables                                    7
Number of independent variables                                  0
Number of continuous latent variables                            1

Observed dependent variables

  Continuous
   A1          A2          A3          A4          A5          A7
   A8

Continuous latent variables
   AGREE


Estimator                                                       ML
Information matrix                                        OBSERVED
Maximum number of iterations                                 10000
Convergence criterion                                    0.500D-04
Maximum number of steepest descent iterations                   20
Maximum number of iterations for H1                           2000
Convergence criterion for H1                             0.100D-03

Input data file(s)
  factorscores_CFA.txt

Input data format  FREE


SUMMARY OF DATA

     Number of missing data patterns             1


COVARIANCE COVERAGE OF DATA

Minimum covariance coverage value   0.100


     PROPORTION OF DATA PRESENT


           Covariance Coverage
              A1            A2            A3            A4            A5
              ________      ________      ________      ________      ________
 A1             1.000
 A2             1.000         1.000
 A3             1.000         1.000         1.000
 A4             1.000         1.000         1.000         1.000
 A5             1.000         1.000         1.000         1.000         1.000
 A7             1.000         1.000         1.000         1.000         1.000
 A8             1.000         1.000         1.000         1.000         1.000


           Covariance Coverage
              A7            A8
              ________      ________
 A7             1.000
 A8             1.000         1.000



THE MODEL ESTIMATION TERMINATED NORMALLY



MODEL FIT INFORMATION

Number of Free Parameters                       22

Loglikelihood

          H0 Value                       -1652.790
          H1 Value                       -1604.570

Information Criteria

          Akaike (AIC)                    3349.580
          Bayesian (BIC)                  3435.135
          Sample-Size Adjusted BIC        3365.340
            (n* = (n + 2) / 24)

Chi-Square Test of Model Fit

          Value                             96.440
          Degrees of Freedom                    13
          P-Value                           0.0000

RMSEA (Root Mean Square Error Of Approximation)

          Estimate                           0.133
          90 Percent C.I.                    0.109  0.159
          Probability RMSEA <= .05           0.000

CFI/TLI

          CFI                                0.859
          TLI                                0.773

Chi-Square Test of Model Fit for the Baseline Model

          Value                            613.850
          Degrees of Freedom                    21
          P-Value                           0.0000

SRMR (Standardized Root Mean Square Residual)

          Value                              0.074



MODEL RESULTS

                                                    Two-Tailed
                    Estimate       S.E.  Est./S.E.    P-Value

 AGREE    BY
    A1                 1.000      0.000    999.000    999.000
    A2                -1.691      0.201     -8.397      0.000
    A3                -1.465      0.226     -6.489      0.000
    A4                -0.352      0.099     -3.541      0.000
    A5                -0.577      0.122     -4.745      0.000
    A7                -1.472      0.212     -6.942      0.000
    A8                 0.651      0.092      7.113      0.000

 A8       WITH
    A1                 0.082      0.013      6.193      0.000

 Intercepts
    A1                -0.005      0.031     -0.174      0.862
    A2                 0.013      0.028      0.454      0.650
    A3                 0.001      0.033      0.018      0.986
    A4                 0.000      0.021     -0.004      0.997
    A5                 0.001      0.025      0.020      0.984
    A7                 0.003      0.030      0.091      0.928
    A8                -0.002      0.024     -0.084      0.933

 Variances
    AGREE              0.073      0.018      4.058      0.000

 Residual Variances
    A1                 0.274      0.022     12.416      0.000
    A2                 0.076      0.018      4.314      0.000
    A3                 0.247      0.024     10.435      0.000
    A4                 0.147      0.011     13.190      0.000
    A5                 0.208      0.016     13.097      0.000
    A7                 0.169      0.019      8.965      0.000
    A8                 0.170      0.013     12.769      0.000


STANDARDIZED MODEL RESULTS


STDYX Standardization

                                                    Two-Tailed
                    Estimate       S.E.  Est./S.E.    P-Value

 AGREE    BY
    A1                 0.458      0.049      9.281      0.000
    A2                -0.855      0.037    -23.000      0.000
    A3                -0.622      0.044    -14.187      0.000
    A4                -0.240      0.057     -4.199      0.000
    A5                -0.323      0.053     -6.122      0.000
    A7                -0.694      0.041    -16.829      0.000
    A8                 0.392      0.052      7.575      0.000

 A8       WITH
    A1                 0.379      0.047      7.985      0.000

 Intercepts
    A1                -0.009      0.053     -0.174      0.862
    A2                 0.024      0.053      0.454      0.650
    A3                 0.001      0.053      0.018      0.986
    A4                 0.000      0.053     -0.004      0.997
    A5                 0.001      0.053      0.020      0.984
    A7                 0.005      0.053      0.091      0.928
    A8                -0.004      0.053     -0.084      0.933

 Variances
    AGREE              1.000      0.000    999.000    999.000

 Residual Variances
    A1                 0.790      0.045     17.487      0.000
    A2                 0.268      0.064      4.215      0.000
    A3                 0.613      0.055     11.227      0.000
    A4                 0.942      0.027     34.402      0.000
    A5                 0.896      0.034     26.311      0.000
    A7                 0.518      0.057      9.037      0.000
    A8                 0.846      0.041     20.874      0.000


R-SQUARE

    Observed                                        Two-Tailed
    Variable        Estimate       S.E.  Est./S.E.    P-Value

    A1                 0.210      0.045      4.640      0.000
    A2                 0.732      0.064     11.500      0.000
    A3                 0.387      0.055      7.094      0.000
    A4                 0.058      0.027      2.099      0.036
    A5                 0.104      0.034      3.061      0.002
    A7                 0.482      0.057      8.414      0.000
    A8                 0.154      0.041      3.788      0.000


QUALITY OF NUMERICAL RESULTS

     Condition Number for the Information Matrix              0.339E-03
       (ratio of smallest to largest eigenvalue)


MODEL MODIFICATION INDICES

NOTE:  Modification indices for direct effects of observed dependent variables
regressed on covariates may not be included.  To include these, request
MODINDICES (ALL).

Minimum M.I. value for printing the modification index     4.000

                                   M.I.     E.P.C.  Std E.P.C.  StdYX E.P.C.

WITH Statements

A2       WITH A1                  14.455    -0.046     -0.046       -0.321
A3       WITH A1                  19.420     0.062      0.062        0.240
A3       WITH A2                   5.872    -0.046     -0.046       -0.333
A4       WITH A1                   7.546     0.027      0.027        0.137
A4       WITH A2                   4.534    -0.019     -0.019       -0.178
A4       WITH A3                  14.551     0.042      0.042        0.219
A5       WITH A4                  10.346     0.030      0.030        0.173
A7       WITH A2                  16.095    -0.080     -0.080       -0.702
A7       WITH A3                  19.795     0.073      0.073        0.357
A7       WITH A5                   4.012    -0.023     -0.023       -0.122
A8       WITH A2                   6.710    -0.024     -0.024       -0.209
A8       WITH A4                   7.005     0.021      0.021        0.131


DIAGRAM INFORMATION

  Use View Diagram under the Diagram menu in the Mplus Editor to view the diagram.
  If running Mplus from the Mplus Diagrammer, the diagram opens automatically.

  Diagram output
    f:\ipip paper\sample_usa\cfa\gesamtmodell\faktorscores\domänenmodelle\agreeableness with fs as i

     Beginning Time:  16:49:01
        Ending Time:  16:49:01
       Elapsed Time:  00:00:00



MUTHEN & MUTHEN
3463 Stoner Ave.
Los Angeles, CA  90066

Tel: (310) 391-9971
Fax: (310) 391-8971
Web: www.StatModel.com
Support: Support@StatModel.com

Copyright (c) 1998-2013 Muthen & Muthen
