Mplus VERSION 7.1
MUTHEN & MUTHEN
06/04/2015   3:43 PM

INPUT INSTRUCTIONS

  TITLE:

  DATA:
  FILE IS  "factorscores_CFA.txt";
  Variable:
  Names are
  VPN
  A1
  A2
  A3
  A4
  A5
  A6
  A7
  A8
  C1
  C2
  C3
  C4
  C5
  C6
  C7
  C8
  C9
  E1
  E2
  E3
  E4
  E5
  E6
  E7
  E8
  E9
  N1
  N2
  N3
  N4
  N5
  N6
  N7
  O1
  O2
  O3
  O4
  O5
  O6
  O7
  O8
  O9
  ;

  USEVARIABLES ARE
  C1
  C2
  C3
  C4
  C5
  C6
  C7
  C8
  C9

  ;

  MISSING ARE ALL (-99);

  Model:

  consc by
  C1
  C2
  C3
  C4
  C5
  C6
  C7
  C8
  C9
  ;





  Analysis:
  ESTIMATOR IS ML;
  iterations = 10000;

  OUTPUT: STDYX MODINDICES(4);



INPUT READING TERMINATED NORMALLY




SUMMARY OF ANALYSIS

Number of groups                                                 1
Number of observations                                         361

Number of dependent variables                                    9
Number of independent variables                                  0
Number of continuous latent variables                            1

Observed dependent variables

  Continuous
   C1          C2          C3          C4          C5          C6
   C7          C8          C9

Continuous latent variables
   CONSC


Estimator                                                       ML
Information matrix                                        OBSERVED
Maximum number of iterations                                 10000
Convergence criterion                                    0.500D-04
Maximum number of steepest descent iterations                   20
Maximum number of iterations for H1                           2000
Convergence criterion for H1                             0.100D-03

Input data file(s)
  factorscores_CFA.txt

Input data format  FREE


SUMMARY OF DATA

     Number of missing data patterns             1


COVARIANCE COVERAGE OF DATA

Minimum covariance coverage value   0.100


     PROPORTION OF DATA PRESENT


           Covariance Coverage
              C1            C2            C3            C4            C5
              ________      ________      ________      ________      ________
 C1             1.000
 C2             1.000         1.000
 C3             1.000         1.000         1.000
 C4             1.000         1.000         1.000         1.000
 C5             1.000         1.000         1.000         1.000         1.000
 C6             1.000         1.000         1.000         1.000         1.000
 C7             1.000         1.000         1.000         1.000         1.000
 C8             1.000         1.000         1.000         1.000         1.000
 C9             1.000         1.000         1.000         1.000         1.000


           Covariance Coverage
              C6            C7            C8            C9
              ________      ________      ________      ________
 C6             1.000
 C7             1.000         1.000
 C8             1.000         1.000         1.000
 C9             1.000         1.000         1.000         1.000



THE MODEL ESTIMATION TERMINATED NORMALLY



MODEL FIT INFORMATION

Number of Free Parameters                       27

Loglikelihood

          H0 Value                       -2414.353
          H1 Value                       -2290.778

Information Criteria

          Akaike (AIC)                    4882.706
          Bayesian (BIC)                  4987.706
          Sample-Size Adjusted BIC        4902.047
            (n* = (n + 2) / 24)

Chi-Square Test of Model Fit

          Value                            247.149
          Degrees of Freedom                    27
          P-Value                           0.0000

RMSEA (Root Mean Square Error Of Approximation)

          Estimate                           0.150
          90 Percent C.I.                    0.133  0.168
          Probability RMSEA <= .05           0.000

CFI/TLI

          CFI                                0.772
          TLI                                0.695

Chi-Square Test of Model Fit for the Baseline Model

          Value                            999.577
          Degrees of Freedom                    36
          P-Value                           0.0000

SRMR (Standardized Root Mean Square Residual)

          Value                              0.088



MODEL RESULTS

                                                    Two-Tailed
                    Estimate       S.E.  Est./S.E.    P-Value

 CONSC    BY
    C1                 1.000      0.000    999.000    999.000
    C2                -1.991      0.402     -4.958      0.000
    C3                -0.562      0.145     -3.876      0.000
    C4                 2.112      0.408      5.178      0.000
    C5                 2.455      0.458      5.362      0.000
    C6                 0.869      0.171      5.069      0.000
    C7                -1.105      0.251     -4.401      0.000
    C8                 1.076      0.233      4.626      0.000
    C9                 0.905      0.183      4.948      0.000

 Intercepts
    C1                -0.007      0.043     -0.157      0.875
    C2                 0.031      0.043      0.727      0.467
    C3                 0.000      0.022     -0.001      1.000
    C4                 0.000      0.038     -0.013      0.990
    C5                -0.005      0.035     -0.135      0.893
    C6                -0.002      0.017     -0.101      0.920
    C7                 0.004      0.034      0.126      0.900
    C8                 0.002      0.031      0.078      0.938
    C9                 0.000      0.020     -0.016      0.988

 Variances
    CONSC              0.058      0.022      2.667      0.008

 Residual Variances
    C1                 0.609      0.046     13.240      0.000
    C2                 0.431      0.036     12.054      0.000
    C3                 0.164      0.012     13.177      0.000
    C4                 0.258      0.025     10.465      0.000
    C5                 0.099      0.017      5.649      0.000
    C6                 0.060      0.005     11.384      0.000
    C7                 0.344      0.027     12.974      0.000
    C8                 0.284      0.022     12.952      0.000
    C9                 0.102      0.008     12.463      0.000


STANDARDIZED MODEL RESULTS


STDYX Standardization

                                                    Two-Tailed
                    Estimate       S.E.  Est./S.E.    P-Value

 CONSC    BY
    C1                 0.294      0.052      5.658      0.000
    C2                -0.589      0.040    -14.764      0.000
    C3                -0.316      0.052     -6.097      0.000
    C4                 0.707      0.034     20.893      0.000
    C5                 0.883      0.023     37.991      0.000
    C6                 0.649      0.037     17.589      0.000
    C7                -0.412      0.048     -8.577      0.000
    C8                 0.437      0.047      9.375      0.000
    C9                 0.563      0.040     13.973      0.000

 Intercepts
    C1                -0.008      0.053     -0.157      0.875
    C2                 0.038      0.053      0.727      0.468
    C3                 0.000      0.053     -0.001      1.000
    C4                -0.001      0.053     -0.013      0.990
    C5                -0.007      0.053     -0.135      0.893
    C6                -0.005      0.053     -0.101      0.920
    C7                 0.007      0.053      0.126      0.900
    C8                 0.004      0.053      0.078      0.938
    C9                -0.001      0.053     -0.016      0.988

 Variances
    CONSC              1.000      0.000    999.000    999.000

 Residual Variances
    C1                 0.913      0.031     29.816      0.000
    C2                 0.653      0.047     13.883      0.000
    C3                 0.900      0.033     27.463      0.000
    C4                 0.501      0.048     10.468      0.000
    C5                 0.221      0.041      5.389      0.000
    C6                 0.579      0.048     12.090      0.000
    C7                 0.830      0.040     20.918      0.000
    C8                 0.809      0.041     19.850      0.000
    C9                 0.683      0.045     15.059      0.000


R-SQUARE

    Observed                                        Two-Tailed
    Variable        Estimate       S.E.  Est./S.E.    P-Value

    C1                 0.087      0.031      2.829      0.005
    C2                 0.347      0.047      7.382      0.000
    C3                 0.100      0.033      3.048      0.002
    C4                 0.499      0.048     10.446      0.000
    C5                 0.779      0.041     18.995      0.000
    C6                 0.421      0.048      8.795      0.000
    C7                 0.170      0.040      4.288      0.000
    C8                 0.191      0.041      4.688      0.000
    C9                 0.317      0.045      6.987      0.000


QUALITY OF NUMERICAL RESULTS

     Condition Number for the Information Matrix              0.421E-04
       (ratio of smallest to largest eigenvalue)


MODEL MODIFICATION INDICES

NOTE:  Modification indices for direct effects of observed dependent variables
regressed on covariates may not be included.  To include these, request
MODINDICES (ALL).

Minimum M.I. value for printing the modification index     4.000

                                   M.I.     E.P.C.  Std E.P.C.  StdYX E.P.C.

WITH Statements

C3       WITH C1                  30.865     0.094      0.094        0.297
C3       WITH C2                  13.397     0.054      0.054        0.203
C4       WITH C2                  34.169     0.121      0.121        0.363
C5       WITH C1                   4.287     0.040      0.040        0.161
C5       WITH C2                  43.386    -0.125     -0.125       -0.605
C5       WITH C3                   4.006     0.020      0.020        0.157
C5       WITH C4                  11.435    -0.060     -0.060       -0.377
C6       WITH C2                  14.376     0.036      0.036        0.227
C6       WITH C4                  40.961     0.052      0.052        0.414
C6       WITH C5                   7.490    -0.021     -0.021       -0.273
C7       WITH C1                  17.605     0.104      0.104        0.226
C7       WITH C3                  49.546     0.090      0.090        0.380
C8       WITH C3                  28.346     0.062      0.062        0.288
C8       WITH C5                   4.964     0.031      0.031        0.182
C8       WITH C7                  22.608     0.081      0.081        0.259


DIAGRAM INFORMATION

  Use View Diagram under the Diagram menu in the Mplus Editor to view the diagram.
  If running Mplus from the Mplus Diagrammer, the diagram opens automatically.

  Diagram output
    f:\ipip paper\sample_usa\cfa\gesamtmodell\faktorscores\domänenmodelle\conscientiousness with fs

     Beginning Time:  15:43:33
        Ending Time:  15:43:34
       Elapsed Time:  00:00:01



MUTHEN & MUTHEN
3463 Stoner Ave.
Los Angeles, CA  90066

Tel: (310) 391-9971
Fax: (310) 391-8971
Web: www.StatModel.com
Support: Support@StatModel.com

Copyright (c) 1998-2013 Muthen & Muthen
