Mplus VERSION 7.1
MUTHEN & MUTHEN
06/04/2015   3:51 PM

INPUT INSTRUCTIONS

  TITLE:

  DATA:
  FILE IS  "factorscores_CFA.txt";
  Variable:
  Names are
  VPN
  A1
  A2
  A3
  A4
  A5
  A6
  A7
  A8
  C1
  C2
  C3
  C4
  C5
  C6
  C7
  C8
  C9
  E1
  E2
  E3
  E4
  E5
  E6
  E7
  E8
  E9
  N1
  N2
  N3
  N4
  N5
  N6
  N7
  O1
  O2
  O3
  O4
  O5
  O6
  O7
  O8
  O9
  ;

  USEVARIABLES ARE
  E1
  E2
  E3
  E4
  E5
  E6
  E7
  E8
  E9

  ;

  MISSING ARE ALL (-99);

  Model:

  extra by
  E1
  E2
  E3
  E4
  E5
  E6
  E7
  E8
  E9
  ;





  Analysis:
  ESTIMATOR IS ML;
  iterations = 10000;

  OUTPUT: STDYX MODINDICES(4);



INPUT READING TERMINATED NORMALLY




SUMMARY OF ANALYSIS

Number of groups                                                 1
Number of observations                                         361

Number of dependent variables                                    9
Number of independent variables                                  0
Number of continuous latent variables                            1

Observed dependent variables

  Continuous
   E1          E2          E3          E4          E5          E6
   E7          E8          E9

Continuous latent variables
   EXTRA


Estimator                                                       ML
Information matrix                                        OBSERVED
Maximum number of iterations                                 10000
Convergence criterion                                    0.500D-04
Maximum number of steepest descent iterations                   20
Maximum number of iterations for H1                           2000
Convergence criterion for H1                             0.100D-03

Input data file(s)
  factorscores_CFA.txt

Input data format  FREE


SUMMARY OF DATA

     Number of missing data patterns             1


COVARIANCE COVERAGE OF DATA

Minimum covariance coverage value   0.100


     PROPORTION OF DATA PRESENT


           Covariance Coverage
              E1            E2            E3            E4            E5
              ________      ________      ________      ________      ________
 E1             1.000
 E2             1.000         1.000
 E3             1.000         1.000         1.000
 E4             1.000         1.000         1.000         1.000
 E5             1.000         1.000         1.000         1.000         1.000
 E6             1.000         1.000         1.000         1.000         1.000
 E7             1.000         1.000         1.000         1.000         1.000
 E8             1.000         1.000         1.000         1.000         1.000
 E9             1.000         1.000         1.000         1.000         1.000


           Covariance Coverage
              E6            E7            E8            E9
              ________      ________      ________      ________
 E6             1.000
 E7             1.000         1.000
 E8             1.000         1.000         1.000
 E9             1.000         1.000         1.000         1.000



THE MODEL ESTIMATION TERMINATED NORMALLY



MODEL FIT INFORMATION

Number of Free Parameters                       27

Loglikelihood

          H0 Value                       -2767.239
          H1 Value                       -2674.474

Information Criteria

          Akaike (AIC)                    5588.478
          Bayesian (BIC)                  5693.478
          Sample-Size Adjusted BIC        5607.820
            (n* = (n + 2) / 24)

Chi-Square Test of Model Fit

          Value                            185.530
          Degrees of Freedom                    27
          P-Value                           0.0000

RMSEA (Root Mean Square Error Of Approximation)

          Estimate                           0.128
          90 Percent C.I.                    0.111  0.145
          Probability RMSEA <= .05           0.000

CFI/TLI

          CFI                                0.832
          TLI                                0.776

Chi-Square Test of Model Fit for the Baseline Model

          Value                            981.047
          Degrees of Freedom                    36
          P-Value                           0.0000

SRMR (Standardized Root Mean Square Residual)

          Value                              0.071



MODEL RESULTS

                                                    Two-Tailed
                    Estimate       S.E.  Est./S.E.    P-Value

 EXTRA    BY
    E1                 1.000      0.000    999.000    999.000
    E2                -0.347      0.096     -3.637      0.000
    E3                 0.658      0.091      7.221      0.000
    E4                -1.029      0.092    -11.232      0.000
    E5                -0.581      0.069     -8.420      0.000
    E6                -1.176      0.095    -12.378      0.000
    E7                -0.813      0.089     -9.154      0.000
    E8                -1.146      0.079    -14.584      0.000
    E9                -0.937      0.091    -10.310      0.000

 Intercepts
    E1                 0.003      0.028      0.094      0.925
    E2                 0.005      0.037      0.136      0.892
    E3                -0.001      0.036     -0.026      0.979
    E4                -0.014      0.036     -0.387      0.698
    E5                 0.000      0.027     -0.005      0.996
    E6                -0.003      0.039     -0.079      0.937
    E7                -0.013      0.035     -0.365      0.715
    E8                -0.003      0.032     -0.104      0.917
    E9                -0.003      0.036     -0.090      0.929

 Variances
    EXTRA              0.173      0.021      8.354      0.000

 Residual Variances
    E1                 0.106      0.011      9.548      0.000
    E2                 0.464      0.035     13.325      0.000
    E3                 0.399      0.031     12.963      0.000
    E4                 0.283      0.024     11.799      0.000
    E5                 0.206      0.016     12.742      0.000
    E6                 0.302      0.026     11.585      0.000
    E7                 0.323      0.026     12.581      0.000
    E8                 0.149      0.015      9.850      0.000
    E9                 0.317      0.026     12.227      0.000


STANDARDIZED MODEL RESULTS


STDYX Standardization

                                                    Two-Tailed
                    Estimate       S.E.  Est./S.E.    P-Value

 EXTRA    BY
    E1                 0.788      0.027     29.524      0.000
    E2                -0.208      0.055     -3.777      0.000
    E3                 0.398      0.049      8.090      0.000
    E4                -0.627      0.037    -16.742      0.000
    E5                -0.471      0.046    -10.262      0.000
    E6                -0.665      0.035    -19.233      0.000
    E7                -0.512      0.044    -11.709      0.000
    E8                -0.777      0.027    -28.504      0.000
    E9                -0.570      0.041    -13.943      0.000

 Intercepts
    E1                 0.005      0.053      0.094      0.925
    E2                 0.007      0.053      0.136      0.892
    E3                -0.001      0.053     -0.026      0.979
    E4                -0.020      0.053     -0.387      0.698
    E5                 0.000      0.053     -0.005      0.996
    E6                -0.004      0.053     -0.079      0.937
    E7                -0.019      0.053     -0.365      0.715
    E8                -0.005      0.053     -0.104      0.917
    E9                -0.005      0.053     -0.090      0.929

 Variances
    EXTRA              1.000      0.000    999.000    999.000

 Residual Variances
    E1                 0.379      0.042      9.014      0.000
    E2                 0.957      0.023     41.878      0.000
    E3                 0.842      0.039     21.484      0.000
    E4                 0.607      0.047     12.908      0.000
    E5                 0.779      0.043     18.040      0.000
    E6                 0.557      0.046     12.114      0.000
    E7                 0.738      0.045     16.481      0.000
    E8                 0.396      0.042      9.341      0.000
    E9                 0.676      0.047     14.521      0.000


R-SQUARE

    Observed                                        Two-Tailed
    Variable        Estimate       S.E.  Est./S.E.    P-Value

    E1                 0.621      0.042     14.762      0.000
    E2                 0.043      0.023      1.889      0.059
    E3                 0.158      0.039      4.045      0.000
    E4                 0.393      0.047      8.371      0.000
    E5                 0.221      0.043      5.131      0.000
    E6                 0.443      0.046      9.617      0.000
    E7                 0.262      0.045      5.854      0.000
    E8                 0.604      0.042     14.252      0.000
    E9                 0.324      0.047      6.972      0.000


QUALITY OF NUMERICAL RESULTS

     Condition Number for the Information Matrix              0.521E-02
       (ratio of smallest to largest eigenvalue)


MODEL MODIFICATION INDICES

NOTE:  Modification indices for direct effects of observed dependent variables
regressed on covariates may not be included.  To include these, request
MODINDICES (ALL).

Minimum M.I. value for printing the modification index     4.000

                                   M.I.     E.P.C.  Std E.P.C.  StdYX E.P.C.

WITH Statements

E3       WITH E1                  16.174     0.053      0.053        0.258
E4       WITH E1                   6.977     0.033      0.033        0.189
E4       WITH E2                  10.584    -0.066     -0.066       -0.182
E4       WITH E3                   5.537     0.045      0.045        0.134
E5       WITH E2                  33.933     0.098      0.098        0.316
E5       WITH E3                  27.331     0.082      0.082        0.287
E6       WITH E5                   6.968     0.039      0.039        0.155
E7       WITH E2                   8.931     0.063      0.063        0.163
E7       WITH E3                  19.948     0.089      0.089        0.247
E7       WITH E5                   4.916     0.032      0.032        0.124
E8       WITH E3                   5.028    -0.035     -0.035       -0.142
E9       WITH E4                  32.980     0.102      0.102        0.341
E9       WITH E8                  11.834    -0.050     -0.050       -0.232


DIAGRAM INFORMATION

  Use View Diagram under the Diagram menu in the Mplus Editor to view the diagram.
  If running Mplus from the Mplus Diagrammer, the diagram opens automatically.

  Diagram output
    f:\ipip paper\sample_usa\cfa\gesamtmodell\faktorscores\domänenmodelle\extraversion with fs as in

     Beginning Time:  15:51:04
        Ending Time:  15:51:04
       Elapsed Time:  00:00:00



MUTHEN & MUTHEN
3463 Stoner Ave.
Los Angeles, CA  90066

Tel: (310) 391-9971
Fax: (310) 391-8971
Web: www.StatModel.com
Support: Support@StatModel.com

Copyright (c) 1998-2013 Muthen & Muthen
