Mplus VERSION 6.11 (Mac)
MUTHEN & MUTHEN
12/02/2011   4:39 PM

INPUT INSTRUCTIONS

  TITLE:

  DATA:
  FILE IS  "ARI Data 2009_Neuroticism CFA sample.txt";
  Variable:
  Names are
  respid
  n40
  n57
  n28
  n25
  n53
  n113
  n44
  n83
  n51
  n127
  n61
  n32
  n156
  n63
  n118
  n147
  n46
  n71
  n49
  n84
  n104
  n141
  n128
  n43
  n119
  n30
  n38
  n11
  n16
  n93
  n102
  n112
  n136
  n22
  n131
  n135
  n8
  n24
  n54
  n89
  n158
  n140
  n96
  n31
  n111
  n10
  n152
  n68
  n77
  n149
  n100
  n29
  n125
  n9
  n14
  n121
  n13
  n91
  n122
  n105
  n115
  n17
  n80
  n23
  n148
  n67
  n5
  n109
  n34
  n4
  n120
  n60
  n124
  n18
  n137
  n2
  n65
  n151
  n117
  n1
  n37
  n154
  n87
  n45
  n86
  n130
  n110
  n85
  n143
  n56
  n36
  n66
  n134
  n50
  n114
  n47
  n52
  n98
  n15
  n58
  n70
  n59
  n75
  n116
  n35
  n88
  n79
  n69
  n82
  n144
  n157
  n55
  n138
  n73
  n33
  n90
  n107
  n81
  Filter
  filter_
  ;

  USEVARIABLES ARE
  N66
          N152
          N119
          N88
          N65
          N57
          N110
          N68
          N67
          N89
          N50
          N52
          N56
          N28
          N30
          N98
          N124
          N55
          N93
          N4
          N11
          N151
          N51
          N128;

  MISSING ARE ALL (-99);
  categorical are all;

  Model:



  Depress by
          N66
          N152
          N119
          N88
          N65
          N57
          N110
          N68
          N67
          N89
          N50
          N52
          N56
          N28
          N30
          N98
          N124
          N55
          N93
          N4
          N11
          N151
          N51
          N128;

  Analysis:
  ESTIMATOR IS WLSMV;

  OUTPUT: STDYX MODINDICES (4);



*** WARNING
  Data set contains cases with missing on all variables.
  These cases were not included in the analysis.
  Number of cases with missing on all variables:  2
   1 WARNING(S) FOUND IN THE INPUT INSTRUCTIONS




SUMMARY OF ANALYSIS

Number of groups                                                 1
Number of observations                                         361

Number of dependent variables                                   24
Number of independent variables                                  0
Number of continuous latent variables                            1

Observed dependent variables

  Binary and ordered categorical (ordinal)
   N66         N152        N119        N88         N65         N57
   N110        N68         N67         N89         N50         N52
   N56         N28         N30         N98         N124        N55
   N93         N4          N11         N151        N51         N128

Continuous latent variables
   DEPRESS


Estimator                                                    WLSMV
Maximum number of iterations                                  1000
Convergence criterion                                    0.500D-04
Maximum number of steepest descent iterations                   20
Maximum number of iterations for H1                           2000
Convergence criterion for H1                             0.100D-03
Parameterization                                             DELTA

Input data file(s)
  ARI Data 2009_Neuroticism CFA sample.txt

Input data format  FREE


SUMMARY OF DATA

     Number of missing data patterns             1


COVARIANCE COVERAGE OF DATA

Minimum covariance coverage value   0.100


     PROPORTION OF DATA PRESENT


           Covariance Coverage
              N66           N152          N119          N88           N65
              ________      ________      ________      ________      ________
 N66            1.000
 N152           1.000         1.000
 N119           1.000         1.000         1.000
 N88            1.000         1.000         1.000         1.000
 N65            1.000         1.000         1.000         1.000         1.000
 N57            1.000         1.000         1.000         1.000         1.000
 N110           1.000         1.000         1.000         1.000         1.000
 N68            1.000         1.000         1.000         1.000         1.000
 N67            1.000         1.000         1.000         1.000         1.000
 N89            1.000         1.000         1.000         1.000         1.000
 N50            1.000         1.000         1.000         1.000         1.000
 N52            1.000         1.000         1.000         1.000         1.000
 N56            1.000         1.000         1.000         1.000         1.000
 N28            1.000         1.000         1.000         1.000         1.000
 N30            1.000         1.000         1.000         1.000         1.000
 N98            1.000         1.000         1.000         1.000         1.000
 N124           1.000         1.000         1.000         1.000         1.000
 N55            1.000         1.000         1.000         1.000         1.000
 N93            1.000         1.000         1.000         1.000         1.000
 N4             1.000         1.000         1.000         1.000         1.000
 N11            1.000         1.000         1.000         1.000         1.000
 N151           1.000         1.000         1.000         1.000         1.000
 N51            1.000         1.000         1.000         1.000         1.000
 N128           1.000         1.000         1.000         1.000         1.000


           Covariance Coverage
              N57           N110          N68           N67           N89
              ________      ________      ________      ________      ________
 N57            1.000
 N110           1.000         1.000
 N68            1.000         1.000         1.000
 N67            1.000         1.000         1.000         1.000
 N89            1.000         1.000         1.000         1.000         1.000
 N50            1.000         1.000         1.000         1.000         1.000
 N52            1.000         1.000         1.000         1.000         1.000
 N56            1.000         1.000         1.000         1.000         1.000
 N28            1.000         1.000         1.000         1.000         1.000
 N30            1.000         1.000         1.000         1.000         1.000
 N98            1.000         1.000         1.000         1.000         1.000
 N124           1.000         1.000         1.000         1.000         1.000
 N55            1.000         1.000         1.000         1.000         1.000
 N93            1.000         1.000         1.000         1.000         1.000
 N4             1.000         1.000         1.000         1.000         1.000
 N11            1.000         1.000         1.000         1.000         1.000
 N151           1.000         1.000         1.000         1.000         1.000
 N51            1.000         1.000         1.000         1.000         1.000
 N128           1.000         1.000         1.000         1.000         1.000


           Covariance Coverage
              N50           N52           N56           N28           N30
              ________      ________      ________      ________      ________
 N50            1.000
 N52            1.000         1.000
 N56            1.000         1.000         1.000
 N28            1.000         1.000         1.000         1.000
 N30            1.000         1.000         1.000         1.000         1.000
 N98            1.000         1.000         1.000         1.000         1.000
 N124           1.000         1.000         1.000         1.000         1.000
 N55            1.000         1.000         1.000         1.000         1.000
 N93            1.000         1.000         1.000         1.000         1.000
 N4             1.000         1.000         1.000         1.000         1.000
 N11            1.000         1.000         1.000         1.000         1.000
 N151           1.000         1.000         1.000         1.000         1.000
 N51            1.000         1.000         1.000         1.000         1.000
 N128           1.000         1.000         1.000         1.000         1.000


           Covariance Coverage
              N98           N124          N55           N93           N4
              ________      ________      ________      ________      ________
 N98            1.000
 N124           1.000         1.000
 N55            1.000         1.000         1.000
 N93            1.000         1.000         1.000         1.000
 N4             1.000         1.000         1.000         1.000         1.000
 N11            1.000         1.000         1.000         1.000         1.000
 N151           1.000         1.000         1.000         1.000         1.000
 N51            1.000         1.000         1.000         1.000         1.000
 N128           1.000         1.000         1.000         1.000         1.000


           Covariance Coverage
              N11           N151          N51           N128
              ________      ________      ________      ________
 N11            1.000
 N151           1.000         1.000
 N51            1.000         1.000         1.000
 N128           1.000         1.000         1.000         1.000


UNIVARIATE PROPORTIONS AND COUNTS FOR CATEGORICAL VARIABLES

    N66
      Category 1    0.216       78.000
      Category 2    0.413      149.000
      Category 3    0.249       90.000
      Category 4    0.100       36.000
      Category 5    0.022        8.000
    N152
      Category 1    0.571      206.000
      Category 2    0.247       89.000
      Category 3    0.133       48.000
      Category 4    0.030       11.000
      Category 5    0.019        7.000
    N119
      Category 1    0.252       91.000
      Category 2    0.374      135.000
      Category 3    0.238       86.000
      Category 4    0.086       31.000
      Category 5    0.050       18.000
    N88
      Category 1    0.488      176.000
      Category 2    0.330      119.000
      Category 3    0.139       50.000
      Category 4    0.028       10.000
      Category 5    0.017        6.000
    N65
      Category 1    0.213       77.000
      Category 2    0.313      113.000
      Category 3    0.277      100.000
      Category 4    0.116       42.000
      Category 5    0.080       29.000
    N57
      Category 1    0.269       97.000
      Category 2    0.393      142.000
      Category 3    0.238       86.000
      Category 4    0.058       21.000
      Category 5    0.042       15.000
    N110
      Category 1    0.219       79.000
      Category 2    0.291      105.000
      Category 3    0.263       95.000
      Category 4    0.172       62.000
      Category 5    0.055       20.000
    N68
      Category 1    0.249       90.000
      Category 2    0.377      136.000
      Category 3    0.244       88.000
      Category 4    0.089       32.000
      Category 5    0.042       15.000
    N67
      Category 1    0.199       72.000
      Category 2    0.310      112.000
      Category 3    0.310      112.000
      Category 4    0.108       39.000
      Category 5    0.072       26.000
    N89
      Category 1    0.258       93.000
      Category 2    0.374      135.000
      Category 3    0.252       91.000
      Category 4    0.069       25.000
      Category 5    0.047       17.000
    N50
      Category 1    0.546      197.000
      Category 2    0.355      128.000
      Category 3    0.061       22.000
      Category 4    0.025        9.000
      Category 5    0.014        5.000
    N52
      Category 1    0.194       70.000
      Category 2    0.410      148.000
      Category 3    0.244       88.000
      Category 4    0.114       41.000
      Category 5    0.039       14.000
    N56
      Category 1    0.025        9.000
      Category 2    0.064       23.000
      Category 3    0.294      106.000
      Category 4    0.418      151.000
      Category 5    0.199       72.000
    N28
      Category 1    0.421      152.000
      Category 2    0.316      114.000
      Category 3    0.186       67.000
      Category 4    0.053       19.000
      Category 5    0.025        9.000
    N30
      Category 1    0.299      108.000
      Category 2    0.435      157.000
      Category 3    0.199       72.000
      Category 4    0.050       18.000
      Category 5    0.017        6.000
    N98
      Category 1    0.186       67.000
      Category 2    0.429      155.000
      Category 3    0.266       96.000
      Category 4    0.089       32.000
      Category 5    0.030       11.000
    N124
      Category 1    0.122       44.000
      Category 2    0.490      177.000
      Category 3    0.271       98.000
      Category 4    0.091       33.000
      Category 5    0.025        9.000
    N55
      Category 1    0.230       83.000
      Category 2    0.454      164.000
      Category 3    0.194       70.000
      Category 4    0.083       30.000
      Category 5    0.039       14.000
    N93
      Category 1    0.127       46.000
      Category 2    0.263       95.000
      Category 3    0.283      102.000
      Category 4    0.191       69.000
      Category 5    0.136       49.000
    N4
      Category 1    0.393      142.000
      Category 2    0.380      137.000
      Category 3    0.150       54.000
      Category 4    0.050       18.000
      Category 5    0.028       10.000
    N11
      Category 1    0.102       37.000
      Category 2    0.305      110.000
      Category 3    0.391      141.000
      Category 4    0.147       53.000
      Category 5    0.055       20.000
    N151
      Category 1    0.089       32.000
      Category 2    0.177       64.000
      Category 3    0.327      118.000
      Category 4    0.285      103.000
      Category 5    0.122       44.000
    N51
      Category 1    0.172       62.000
      Category 2    0.332      120.000
      Category 3    0.291      105.000
      Category 4    0.130       47.000
      Category 5    0.075       27.000
    N128
      Category 1    0.078       28.000
      Category 2    0.330      119.000
      Category 3    0.374      135.000
      Category 4    0.158       57.000
      Category 5    0.061       22.000



THE MODEL ESTIMATION TERMINATED NORMALLY



MODEL FIT INFORMATION

Number of Free Parameters                      120

Chi-Square Test of Model Fit

          Value                            871.905*
          Degrees of Freedom                   252
          P-Value                           0.0000

*   The chi-square value for MLM, MLMV, MLR, ULSMV, WLSM and WLSMV cannot be used
    for chi-square difference testing in the regular way.  MLM, MLR and WLSM
    chi-square difference testing is described on the Mplus website.  MLMV, WLSMV,
    and ULSMV difference testing is done using the DIFFTEST option.

RMSEA (Root Mean Square Error Of Approximation)

          Estimate                           0.083
          90 Percent C.I.                    0.077  0.089
          Probability RMSEA <= .05           0.000

CFI/TLI

          CFI                                0.892
          TLI                                0.881

Chi-Square Test of Model Fit for the Baseline Model

          Value                           5994.045
          Degrees of Freedom                   276
          P-Value                           0.0000

WRMR (Weighted Root Mean Square Residual)

          Value                              1.472



MODEL RESULTS

                                                    Two-Tailed
                    Estimate       S.E.  Est./S.E.    P-Value

 DEPRESS  BY
    N66                1.000      0.000    999.000    999.000
    N152               1.068      0.053     20.259      0.000
    N119               1.135      0.047     24.266      0.000
    N88                0.844      0.056     14.937      0.000
    N65                0.974      0.046     21.020      0.000
    N57                0.890      0.055     16.163      0.000
    N110               0.625      0.064      9.728      0.000
    N68                0.823      0.058     14.127      0.000
    N67                0.931      0.053     17.528      0.000
    N89                1.079      0.052     20.625      0.000
    N50                0.720      0.065     11.082      0.000
    N52                0.655      0.057     11.581      0.000
    N56               -0.757      0.053    -14.238      0.000
    N28                0.546      0.067      8.101      0.000
    N30                0.787      0.055     14.263      0.000
    N98                0.860      0.052     16.431      0.000
    N124               0.683      0.061     11.209      0.000
    N55                0.861      0.061     14.065      0.000
    N93                0.668      0.059     11.262      0.000
    N4                 0.837      0.056     15.037      0.000
    N11                0.699      0.057     12.249      0.000
    N151              -0.564      0.060     -9.366      0.000
    N51                0.698      0.068     10.326      0.000
    N128               0.627      0.060     10.526      0.000

 Thresholds
    N66$1             -0.786      0.074    -10.627      0.000
    N66$2              0.329      0.067      4.886      0.000
    N66$3              1.166      0.085     13.691      0.000
    N66$4              2.011      0.147     13.707      0.000
    N152$1             0.178      0.066      2.683      0.007
    N152$2             0.905      0.077     11.783      0.000
    N152$3             1.646      0.111     14.788      0.000
    N152$4             2.067      0.154     13.429      0.000
    N119$1            -0.668      0.072     -9.329      0.000
    N119$2             0.321      0.067      4.781      0.000
    N119$3             1.100      0.083     13.294      0.000
    N119$4             1.646      0.111     14.788      0.000
    N88$1             -0.031      0.066     -0.474      0.636
    N88$2              0.905      0.077     11.783      0.000
    N88$3              1.703      0.116     14.718      0.000
    N88$4              2.129      0.163     13.086      0.000
    N65$1             -0.795      0.074    -10.725      0.000
    N65$2              0.066      0.066      1.000      0.317
    N65$3              0.854      0.075     11.308      0.000
    N65$4              1.403      0.096     14.624      0.000
    N57$1             -0.617      0.071     -8.720      0.000
    N57$2              0.418      0.068      6.139      0.000
    N57$3              1.283      0.090     14.251      0.000
    N57$4              1.733      0.118     14.664      0.000
    N110$1            -0.776      0.074    -10.528      0.000
    N110$2             0.024      0.066      0.368      0.713
    N110$3             0.748      0.073     10.231      0.000
    N110$4             1.595      0.108     14.818      0.000
    N68$1             -0.677      0.072     -9.430      0.000
    N68$2              0.321      0.067      4.781      0.000
    N68$3              1.125      0.084     13.457      0.000
    N68$4              1.733      0.118     14.664      0.000
    N67$1             -0.844      0.075    -11.211      0.000
    N67$2              0.024      0.066      0.368      0.713
    N67$3              0.915      0.077     11.877      0.000
    N67$4              1.461      0.099     14.735      0.000
    N89$1             -0.651      0.071     -9.126      0.000
    N89$2              0.336      0.067      4.991      0.000
    N89$3              1.193      0.086     13.841      0.000
    N89$4              1.674      0.113     14.758      0.000
    N50$1              0.115      0.066      1.736      0.082
    N50$2              1.283      0.090     14.251      0.000
    N50$3              1.765      0.121     14.596      0.000
    N50$4              2.201      0.174     12.655      0.000
    N52$1             -0.864      0.076    -11.403      0.000
    N52$2              0.263      0.067      3.943      0.000
    N52$3              1.026      0.080     12.784      0.000
    N52$4              1.765      0.121     14.596      0.000
    N56$1             -1.961      0.141    -13.935      0.000
    N56$2             -1.349      0.093    -14.481      0.000
    N56$3             -0.300      0.067     -4.467      0.000
    N56$4              0.844      0.075     11.211      0.000
    N28$1             -0.199      0.066     -2.998      0.003
    N28$2              0.634      0.071      8.923      0.000
    N28$3              1.422      0.097     14.665      0.000
    N28$4              1.961      0.141     13.935      0.000
    N30$1             -0.527      0.069     -7.591      0.000
    N30$2              0.625      0.071      8.822      0.000
    N30$3              1.503      0.102     14.786      0.000
    N30$4              2.129      0.163     13.086      0.000
    N98$1             -0.894      0.077    -11.689      0.000
    N98$2              0.292      0.067      4.362      0.000
    N98$3              1.179      0.086     13.767      0.000
    N98$4              1.874      0.131     14.278      0.000
    N124$1            -1.166      0.085    -13.691      0.000
    N124$2             0.285      0.067      4.258      0.000
    N124$3             1.193      0.086     13.841      0.000
    N124$4             1.961      0.141     13.935      0.000
    N55$1             -0.739      0.073    -10.132      0.000
    N55$2              0.480      0.069      6.970      0.000
    N55$3              1.166      0.085     13.691      0.000
    N55$4              1.765      0.121     14.596      0.000
    N93$1             -1.139      0.084    -13.536      0.000
    N93$2             -0.278      0.067     -4.153      0.000
    N93$3              0.449      0.068      6.555      0.000
    N93$4              1.100      0.083     13.294      0.000
    N4$1              -0.271      0.067     -4.048      0.000
    N4$2               0.748      0.073     10.231      0.000
    N4$3               1.422      0.097     14.665      0.000
    N4$4               1.916      0.136     14.123      0.000
    N11$1             -1.267      0.089    -14.187      0.000
    N11$2             -0.235      0.067     -3.523      0.000
    N11$3              0.834      0.075     11.115      0.000
    N11$4              1.595      0.108     14.818      0.000
    N151$1            -1.349      0.093    -14.481      0.000
    N151$2            -0.625      0.071     -8.822      0.000
    N151$3             0.235      0.067      3.523      0.000
    N151$4             1.166      0.085     13.691      0.000
    N51$1             -0.947      0.078    -12.155      0.000
    N51$2              0.010      0.066      0.158      0.875
    N51$3              0.824      0.075     11.018      0.000
    N51$4              1.441      0.098     14.702      0.000
    N128$1            -1.422      0.097    -14.665      0.000
    N128$2            -0.235      0.067     -3.523      0.000
    N128$3             0.776      0.074     10.528      0.000
    N128$4             1.547      0.104     14.815      0.000

 Variances
    DEPRESS            0.503      0.040     12.498      0.000


STANDARDIZED MODEL RESULTS


STDYX Standardization

                                                    Two-Tailed
                    Estimate       S.E.  Est./S.E.    P-Value

 DEPRESS  BY
    N66                0.709      0.028     24.996      0.000
    N152               0.757      0.028     27.381      0.000
    N119               0.805      0.021     39.022      0.000
    N88                0.598      0.039     15.539      0.000
    N65                0.691      0.027     25.826      0.000
    N57                0.631      0.032     19.558      0.000
    N110               0.443      0.043     10.222      0.000
    N68                0.584      0.036     16.117      0.000
    N67                0.660      0.030     21.965      0.000
    N89                0.765      0.026     29.609      0.000
    N50                0.510      0.043     12.002      0.000
    N52                0.465      0.040     11.518      0.000
    N56               -0.537      0.039    -13.705      0.000
    N28                0.387      0.045      8.583      0.000
    N30                0.558      0.034     16.410      0.000
    N98                0.610      0.034     18.035      0.000
    N124               0.484      0.040     12.226      0.000
    N55                0.611      0.037     16.537      0.000
    N93                0.473      0.040     11.796      0.000
    N4                 0.594      0.035     16.869      0.000
    N11                0.496      0.038     12.984      0.000
    N151              -0.400      0.041     -9.708      0.000
    N51                0.495      0.043     11.542      0.000
    N128               0.444      0.040     11.138      0.000

 Thresholds
    N66$1             -0.786      0.074    -10.627      0.000
    N66$2              0.329      0.067      4.886      0.000
    N66$3              1.166      0.085     13.691      0.000
    N66$4              2.011      0.147     13.707      0.000
    N152$1             0.178      0.066      2.683      0.007
    N152$2             0.905      0.077     11.783      0.000
    N152$3             1.646      0.111     14.788      0.000
    N152$4             2.067      0.154     13.429      0.000
    N119$1            -0.668      0.072     -9.329      0.000
    N119$2             0.321      0.067      4.781      0.000
    N119$3             1.100      0.083     13.294      0.000
    N119$4             1.646      0.111     14.788      0.000
    N88$1             -0.031      0.066     -0.474      0.636
    N88$2              0.905      0.077     11.783      0.000
    N88$3              1.703      0.116     14.718      0.000
    N88$4              2.129      0.163     13.086      0.000
    N65$1             -0.795      0.074    -10.725      0.000
    N65$2              0.066      0.066      1.000      0.317
    N65$3              0.854      0.075     11.308      0.000
    N65$4              1.403      0.096     14.624      0.000
    N57$1             -0.617      0.071     -8.720      0.000
    N57$2              0.418      0.068      6.139      0.000
    N57$3              1.283      0.090     14.251      0.000
    N57$4              1.733      0.118     14.664      0.000
    N110$1            -0.776      0.074    -10.528      0.000
    N110$2             0.024      0.066      0.368      0.713
    N110$3             0.748      0.073     10.231      0.000
    N110$4             1.595      0.108     14.818      0.000
    N68$1             -0.677      0.072     -9.430      0.000
    N68$2              0.321      0.067      4.781      0.000
    N68$3              1.125      0.084     13.457      0.000
    N68$4              1.733      0.118     14.664      0.000
    N67$1             -0.844      0.075    -11.211      0.000
    N67$2              0.024      0.066      0.368      0.713
    N67$3              0.915      0.077     11.877      0.000
    N67$4              1.461      0.099     14.735      0.000
    N89$1             -0.651      0.071     -9.126      0.000
    N89$2              0.336      0.067      4.991      0.000
    N89$3              1.193      0.086     13.841      0.000
    N89$4              1.674      0.113     14.758      0.000
    N50$1              0.115      0.066      1.736      0.082
    N50$2              1.283      0.090     14.251      0.000
    N50$3              1.765      0.121     14.596      0.000
    N50$4              2.201      0.174     12.655      0.000
    N52$1             -0.864      0.076    -11.403      0.000
    N52$2              0.263      0.067      3.943      0.000
    N52$3              1.026      0.080     12.784      0.000
    N52$4              1.765      0.121     14.596      0.000
    N56$1             -1.961      0.141    -13.935      0.000
    N56$2             -1.349      0.093    -14.481      0.000
    N56$3             -0.300      0.067     -4.467      0.000
    N56$4              0.844      0.075     11.211      0.000
    N28$1             -0.199      0.066     -2.998      0.003
    N28$2              0.634      0.071      8.923      0.000
    N28$3              1.422      0.097     14.665      0.000
    N28$4              1.961      0.141     13.935      0.000
    N30$1             -0.527      0.069     -7.591      0.000
    N30$2              0.625      0.071      8.822      0.000
    N30$3              1.503      0.102     14.786      0.000
    N30$4              2.129      0.163     13.086      0.000
    N98$1             -0.894      0.077    -11.689      0.000
    N98$2              0.292      0.067      4.362      0.000
    N98$3              1.179      0.086     13.767      0.000
    N98$4              1.874      0.131     14.278      0.000
    N124$1            -1.166      0.085    -13.691      0.000
    N124$2             0.285      0.067      4.258      0.000
    N124$3             1.193      0.086     13.841      0.000
    N124$4             1.961      0.141     13.935      0.000
    N55$1             -0.739      0.073    -10.132      0.000
    N55$2              0.480      0.069      6.970      0.000
    N55$3              1.166      0.085     13.691      0.000
    N55$4              1.765      0.121     14.596      0.000
    N93$1             -1.139      0.084    -13.536      0.000
    N93$2             -0.278      0.067     -4.153      0.000
    N93$3              0.449      0.068      6.555      0.000
    N93$4              1.100      0.083     13.294      0.000
    N4$1              -0.271      0.067     -4.048      0.000
    N4$2               0.748      0.073     10.231      0.000
    N4$3               1.422      0.097     14.665      0.000
    N4$4               1.916      0.136     14.123      0.000
    N11$1             -1.267      0.089    -14.187      0.000
    N11$2             -0.235      0.067     -3.523      0.000
    N11$3              0.834      0.075     11.115      0.000
    N11$4              1.595      0.108     14.818      0.000
    N151$1            -1.349      0.093    -14.481      0.000
    N151$2            -0.625      0.071     -8.822      0.000
    N151$3             0.235      0.067      3.523      0.000
    N151$4             1.166      0.085     13.691      0.000
    N51$1             -0.947      0.078    -12.155      0.000
    N51$2              0.010      0.066      0.158      0.875
    N51$3              0.824      0.075     11.018      0.000
    N51$4              1.441      0.098     14.702      0.000
    N128$1            -1.422      0.097    -14.665      0.000
    N128$2            -0.235      0.067     -3.523      0.000
    N128$3             0.776      0.074     10.528      0.000
    N128$4             1.547      0.104     14.815      0.000

 Variances
    DEPRESS            1.000      0.000    999.000    999.000


R-SQUARE

    Observed                                        Two-Tailed   Residual
    Variable        Estimate       S.E.  Est./S.E.    P-Value    Variance

    N66                0.503      0.040     12.498      0.000      0.497
    N152               0.574      0.042     13.691      0.000      0.426
    N119               0.647      0.033     19.511      0.000      0.353
    N88                0.358      0.046      7.769      0.000      0.642
    N65                0.477      0.037     12.913      0.000      0.523
    N57                0.398      0.041      9.779      0.000      0.602
    N110               0.197      0.038      5.111      0.000      0.803
    N68                0.341      0.042      8.059      0.000      0.659
    N67                0.436      0.040     10.982      0.000      0.564
    N89                0.585      0.040     14.804      0.000      0.415
    N50                0.260      0.043      6.001      0.000      0.740
    N52                0.216      0.038      5.759      0.000      0.784
    N56                0.288      0.042      6.852      0.000      0.712
    N28                0.150      0.035      4.291      0.000      0.850
    N30                0.311      0.038      8.205      0.000      0.689
    N98                0.372      0.041      9.017      0.000      0.628
    N124               0.234      0.038      6.113      0.000      0.766
    N55                0.373      0.045      8.268      0.000      0.627
    N93                0.224      0.038      5.898      0.000      0.776
    N4                 0.353      0.042      8.435      0.000      0.647
    N11                0.246      0.038      6.492      0.000      0.754
    N151               0.160      0.033      4.854      0.000      0.840
    N51                0.245      0.042      5.771      0.000      0.755
    N128               0.197      0.035      5.569      0.000      0.803


QUALITY OF NUMERICAL RESULTS

     Condition Number for the Information Matrix              0.608E-03
       (ratio of smallest to largest eigenvalue)


MODEL MODIFICATION INDICES

NOTE:  Modification indices for direct effects of observed dependent variables
regressed on covariates and residual covariances among observed dependent
variables may not be included.  To include these, request MODINDICES (ALL).

Minimum M.I. value for printing the modification index     4.000

                            M.I.     E.P.C.  Std E.P.C.  StdYX E.P.C.

No modification indices above the minimum value.



     Beginning Time:  16:39:46
        Ending Time:  16:39:47
       Elapsed Time:  00:00:01



MUTHEN & MUTHEN
3463 Stoner Ave.
Los Angeles, CA  90066

Tel: (310) 391-9971
Fax: (310) 391-8971
Web: www.StatModel.com
Support: Support@StatModel.com

Copyright (c) 1998-2011 Muthen & Muthen
