Mplus VERSION 6.11 (Mac)
MUTHEN & MUTHEN
12/02/2011   4:58 PM

INPUT INSTRUCTIONS

  TITLE:

  DATA:
  FILE IS  "ARI Data 2009_Neuroticism CFA sample.txt";
  Variable:
  Names are
  respid
  n40
  n57
  n28
  n25
  n53
  n113
  n44
  n83
  n51
  n127
  n61
  n32
  n156
  n63
  n118
  n147
  n46
  n71
  n49
  n84
  n104
  n141
  n128
  n43
  n119
  n30
  n38
  n11
  n16
  n93
  n102
  n112
  n136
  n22
  n131
  n135
  n8
  n24
  n54
  n89
  n158
  n140
  n96
  n31
  n111
  n10
  n152
  n68
  n77
  n149
  n100
  n29
  n125
  n9
  n14
  n121
  n13
  n91
  n122
  n105
  n115
  n17
  n80
  n23
  n148
  n67
  n5
  n109
  n34
  n4
  n120
  n60
  n124
  n18
  n137
  n2
  n65
  n151
  n117
  n1
  n37
  n154
  n87
  n45
  n86
  n130
  n110
  n85
  n143
  n56
  n36
  n66
  n134
  n50
  n114
  n47
  n52
  n98
  n15
  n58
  n70
  n59
  n75
  n116
  n35
  n88
  n79
  n69
  n82
  n144
  n157
  n55
  n138
  n73
  n33
  n90
  n107
  n81
  Filter
  filter_
  ;

  USEVARIABLES ARE
  N116
          N32
          N69;


  MISSING ARE ALL (-99);
  categorical are all;

  Model:



  F8        by
          N116
          N32
          N69;


  Analysis:
  ESTIMATOR IS WLSMV;

  OUTPUT: STDYX MODINDICES(4);



*** WARNING
  Data set contains cases with missing on all variables.
  These cases were not included in the analysis.
  Number of cases with missing on all variables:  2
   1 WARNING(S) FOUND IN THE INPUT INSTRUCTIONS




SUMMARY OF ANALYSIS

Number of groups                                                 1
Number of observations                                         361

Number of dependent variables                                    3
Number of independent variables                                  0
Number of continuous latent variables                            1

Observed dependent variables

  Binary and ordered categorical (ordinal)
   N116        N32         N69

Continuous latent variables
   F8


Estimator                                                    WLSMV
Maximum number of iterations                                  1000
Convergence criterion                                    0.500D-04
Maximum number of steepest descent iterations                   20
Maximum number of iterations for H1                           2000
Convergence criterion for H1                             0.100D-03
Parameterization                                             DELTA

Input data file(s)
  ARI Data 2009_Neuroticism CFA sample.txt

Input data format  FREE


SUMMARY OF DATA

     Number of missing data patterns             1


COVARIANCE COVERAGE OF DATA

Minimum covariance coverage value   0.100


     PROPORTION OF DATA PRESENT


           Covariance Coverage
              N116          N32           N69
              ________      ________      ________
 N116           1.000
 N32            1.000         1.000
 N69            1.000         1.000         1.000


UNIVARIATE PROPORTIONS AND COUNTS FOR CATEGORICAL VARIABLES

    N116
      Category 1    0.111       40.000
      Category 2    0.260       94.000
      Category 3    0.385      139.000
      Category 4    0.166       60.000
      Category 5    0.078       28.000
    N32
      Category 1    0.161       58.000
      Category 2    0.366      132.000
      Category 3    0.335      121.000
      Category 4    0.089       32.000
      Category 5    0.050       18.000
    N69
      Category 1    0.224       81.000
      Category 2    0.435      157.000
      Category 3    0.222       80.000
      Category 4    0.105       38.000
      Category 5    0.014        5.000



THE MODEL ESTIMATION TERMINATED NORMALLY



MODEL FIT INFORMATION

Number of Free Parameters                       15

Chi-Square Test of Model Fit

          Value                              0.000*
          Degrees of Freedom                     0
          P-Value                           0.0000

*   The chi-square value for MLM, MLMV, MLR, ULSMV, WLSM and WLSMV cannot be used
    for chi-square difference testing in the regular way.  MLM, MLR and WLSM
    chi-square difference testing is described on the Mplus website.  MLMV, WLSMV,
    and ULSMV difference testing is done using the DIFFTEST option.

RMSEA (Root Mean Square Error Of Approximation)

          Estimate                           0.000
          90 Percent C.I.                    0.000  0.000
          Probability RMSEA <= .05           0.000

CFI/TLI

          CFI                                1.000
          TLI                                1.000

Chi-Square Test of Model Fit for the Baseline Model

          Value                            138.791
          Degrees of Freedom                     3
          P-Value                           0.0000

WRMR (Weighted Root Mean Square Residual)

          Value                              0.000



MODEL RESULTS

                                                    Two-Tailed
                    Estimate       S.E.  Est./S.E.    P-Value

 F8       BY
    N116               1.000      0.000    999.000    999.000
    N32                0.397      0.116      3.417      0.001
    N69                0.882      0.265      3.330      0.001

 Thresholds
    N116$1            -1.222      0.087    -13.985      0.000
    N116$2            -0.329      0.067     -4.886      0.000
    N116$3             0.694      0.072      9.632      0.000
    N116$4             1.422      0.097     14.665      0.000
    N32$1             -0.992      0.079    -12.519      0.000
    N32$2              0.066      0.066      1.000      0.317
    N32$3              1.087      0.082     13.212      0.000
    N32$4              1.646      0.111     14.788      0.000
    N69$1             -0.757      0.073    -10.331      0.000
    N69$2              0.410      0.068      6.035      0.000
    N69$3              1.179      0.086     13.767      0.000
    N69$4              2.201      0.174     12.655      0.000

 Variances
    F8                 0.504      0.157      3.205      0.001


STANDARDIZED MODEL RESULTS


STDYX Standardization

                                                    Two-Tailed
                    Estimate       S.E.  Est./S.E.    P-Value

 F8       BY
    N116               0.710      0.111      6.409      0.000
    N32                0.282      0.064      4.425      0.000
    N69                0.626      0.100      6.294      0.000

 Thresholds
    N116$1            -1.222      0.087    -13.985      0.000
    N116$2            -0.329      0.067     -4.886      0.000
    N116$3             0.694      0.072      9.632      0.000
    N116$4             1.422      0.097     14.665      0.000
    N32$1             -0.992      0.079    -12.519      0.000
    N32$2              0.066      0.066      1.000      0.317
    N32$3              1.087      0.082     13.212      0.000
    N32$4              1.646      0.111     14.788      0.000
    N69$1             -0.757      0.073    -10.331      0.000
    N69$2              0.410      0.068      6.035      0.000
    N69$3              1.179      0.086     13.767      0.000
    N69$4              2.201      0.174     12.655      0.000

 Variances
    F8                 1.000      0.000    999.000    999.000


R-SQUARE

    Observed                                        Two-Tailed   Residual
    Variable        Estimate       S.E.  Est./S.E.    P-Value    Variance

    N116               0.504      0.157      3.205      0.001      0.496
    N32                0.079      0.036      2.212      0.027      0.921
    N69                0.392      0.125      3.147      0.002      0.608


QUALITY OF NUMERICAL RESULTS

     Condition Number for the Information Matrix              0.847E-02
       (ratio of smallest to largest eigenvalue)


MODEL MODIFICATION INDICES

NOTE:  Modification indices for direct effects of observed dependent variables
regressed on covariates and residual covariances among observed dependent
variables may not be included.  To include these, request MODINDICES (ALL).

Minimum M.I. value for printing the modification index     4.000

                            M.I.     E.P.C.  Std E.P.C.  StdYX E.P.C.

No modification indices above the minimum value.



     Beginning Time:  16:58:37
        Ending Time:  16:58:37
       Elapsed Time:  00:00:00



MUTHEN & MUTHEN
3463 Stoner Ave.
Los Angeles, CA  90066

Tel: (310) 391-9971
Fax: (310) 391-8971
Web: www.StatModel.com
Support: Support@StatModel.com

Copyright (c) 1998-2011 Muthen & Muthen
