Mplus VERSION 6.11 (Mac)
MUTHEN & MUTHEN
12/02/2011   4:44 PM

INPUT INSTRUCTIONS

  TITLE:

  DATA:
  FILE IS  "ARI Data 2009_Neuroticism CFA sample.txt";
  Variable:
  Names are
  respid
  n40
  n57
  n28
  n25
  n53
  n113
  n44
  n83
  n51
  n127
  n61
  n32
  n156
  n63
  n118
  n147
  n46
  n71
  n49
  n84
  n104
  n141
  n128
  n43
  n119
  n30
  n38
  n11
  n16
  n93
  n102
  n112
  n136
  n22
  n131
  n135
  n8
  n24
  n54
  n89
  n158
  n140
  n96
  n31
  n111
  n10
  n152
  n68
  n77
  n149
  n100
  n29
  n125
  n9
  n14
  n121
  n13
  n91
  n122
  n105
  n115
  n17
  n80
  n23
  n148
  n67
  n5
  n109
  n34
  n4
  n120
  n60
  n124
  n18
  n137
  n2
  n65
  n151
  n117
  n1
  n37
  n154
  n87
  n45
  n86
  n130
  n110
  n85
  n143
  n56
  n36
  n66
  n134
  n50
  n114
  n47
  n52
  n98
  n15
  n58
  n70
  n59
  n75
  n116
  n35
  n88
  n79
  n69
  n82
  n144
  n157
  n55
  n138
  n73
  n33
  n90
  n107
  n81
  Filter
  filter_
  ;

  USEVARIABLES ARE
          N71
          N147
          N79
          N113
          N70
          N73
          N144
          N112
          N100
          N143
          N77
          N31
          N22
          N15
          N154
          N84
          N2
          N34
          N85
          N135
          N149
          N49
          N33
          N130;

  MISSING ARE ALL (-99);
  categorical are all;

  Model:

  irritab by
          N71
          N147
          N79
          N113
          N70
          N73
          N144
          N112
          N100
          N143
          N77
          N31
          N22
          N15
          N154
          N84
          N2
          N34
          N85
          N135
          N149
          N49
          N33
          N130;


  Analysis:
  ESTIMATOR IS WLSMV;

  OUTPUT: STDYX MODINDICES(4);



*** WARNING
  Data set contains cases with missing on all variables.
  These cases were not included in the analysis.
  Number of cases with missing on all variables:  2
   1 WARNING(S) FOUND IN THE INPUT INSTRUCTIONS




SUMMARY OF ANALYSIS

Number of groups                                                 1
Number of observations                                         361

Number of dependent variables                                   24
Number of independent variables                                  0
Number of continuous latent variables                            1

Observed dependent variables

  Binary and ordered categorical (ordinal)
   N71         N147        N79         N113        N70         N73
   N144        N112        N100        N143        N77         N31
   N22         N15         N154        N84         N2          N34
   N85         N135        N149        N49         N33         N130

Continuous latent variables
   IRRITAB


Estimator                                                    WLSMV
Maximum number of iterations                                  1000
Convergence criterion                                    0.500D-04
Maximum number of steepest descent iterations                   20
Maximum number of iterations for H1                           2000
Convergence criterion for H1                             0.100D-03
Parameterization                                             DELTA

Input data file(s)
  ARI Data 2009_Neuroticism CFA sample.txt

Input data format  FREE


SUMMARY OF DATA

     Number of missing data patterns             1


COVARIANCE COVERAGE OF DATA

Minimum covariance coverage value   0.100


     PROPORTION OF DATA PRESENT


           Covariance Coverage
              N71           N147          N79           N113          N70
              ________      ________      ________      ________      ________
 N71            1.000
 N147           1.000         1.000
 N79            1.000         1.000         1.000
 N113           1.000         1.000         1.000         1.000
 N70            1.000         1.000         1.000         1.000         1.000
 N73            1.000         1.000         1.000         1.000         1.000
 N144           1.000         1.000         1.000         1.000         1.000
 N112           1.000         1.000         1.000         1.000         1.000
 N100           1.000         1.000         1.000         1.000         1.000
 N143           1.000         1.000         1.000         1.000         1.000
 N77            1.000         1.000         1.000         1.000         1.000
 N31            1.000         1.000         1.000         1.000         1.000
 N22            1.000         1.000         1.000         1.000         1.000
 N15            1.000         1.000         1.000         1.000         1.000
 N154           1.000         1.000         1.000         1.000         1.000
 N84            1.000         1.000         1.000         1.000         1.000
 N2             1.000         1.000         1.000         1.000         1.000
 N34            1.000         1.000         1.000         1.000         1.000
 N85            1.000         1.000         1.000         1.000         1.000
 N135           1.000         1.000         1.000         1.000         1.000
 N149           1.000         1.000         1.000         1.000         1.000
 N49            1.000         1.000         1.000         1.000         1.000
 N33            1.000         1.000         1.000         1.000         1.000
 N130           1.000         1.000         1.000         1.000         1.000


           Covariance Coverage
              N73           N144          N112          N100          N143
              ________      ________      ________      ________      ________
 N73            1.000
 N144           1.000         1.000
 N112           1.000         1.000         1.000
 N100           1.000         1.000         1.000         1.000
 N143           1.000         1.000         1.000         1.000         1.000
 N77            1.000         1.000         1.000         1.000         1.000
 N31            1.000         1.000         1.000         1.000         1.000
 N22            1.000         1.000         1.000         1.000         1.000
 N15            1.000         1.000         1.000         1.000         1.000
 N154           1.000         1.000         1.000         1.000         1.000
 N84            1.000         1.000         1.000         1.000         1.000
 N2             1.000         1.000         1.000         1.000         1.000
 N34            1.000         1.000         1.000         1.000         1.000
 N85            1.000         1.000         1.000         1.000         1.000
 N135           1.000         1.000         1.000         1.000         1.000
 N149           1.000         1.000         1.000         1.000         1.000
 N49            1.000         1.000         1.000         1.000         1.000
 N33            1.000         1.000         1.000         1.000         1.000
 N130           1.000         1.000         1.000         1.000         1.000


           Covariance Coverage
              N77           N31           N22           N15           N154
              ________      ________      ________      ________      ________
 N77            1.000
 N31            1.000         1.000
 N22            1.000         1.000         1.000
 N15            1.000         1.000         1.000         1.000
 N154           1.000         1.000         1.000         1.000         1.000
 N84            1.000         1.000         1.000         1.000         1.000
 N2             1.000         1.000         1.000         1.000         1.000
 N34            1.000         1.000         1.000         1.000         1.000
 N85            1.000         1.000         1.000         1.000         1.000
 N135           1.000         1.000         1.000         1.000         1.000
 N149           1.000         1.000         1.000         1.000         1.000
 N49            1.000         1.000         1.000         1.000         1.000
 N33            1.000         1.000         1.000         1.000         1.000
 N130           1.000         1.000         1.000         1.000         1.000


           Covariance Coverage
              N84           N2            N34           N85           N135
              ________      ________      ________      ________      ________
 N84            1.000
 N2             1.000         1.000
 N34            1.000         1.000         1.000
 N85            1.000         1.000         1.000         1.000
 N135           1.000         1.000         1.000         1.000         1.000
 N149           1.000         1.000         1.000         1.000         1.000
 N49            1.000         1.000         1.000         1.000         1.000
 N33            1.000         1.000         1.000         1.000         1.000
 N130           1.000         1.000         1.000         1.000         1.000


           Covariance Coverage
              N149          N49           N33           N130
              ________      ________      ________      ________
 N149           1.000
 N49            1.000         1.000
 N33            1.000         1.000         1.000
 N130           1.000         1.000         1.000         1.000


UNIVARIATE PROPORTIONS AND COUNTS FOR CATEGORICAL VARIABLES

    N71
      Category 1    0.227       82.000
      Category 2    0.407      147.000
      Category 3    0.233       84.000
      Category 4    0.086       31.000
      Category 5    0.047       17.000
    N147
      Category 1    0.202       73.000
      Category 2    0.410      148.000
      Category 3    0.280      101.000
      Category 4    0.083       30.000
      Category 5    0.025        9.000
    N79
      Category 1    0.285      103.000
      Category 2    0.352      127.000
      Category 3    0.194       70.000
      Category 4    0.127       46.000
      Category 5    0.042       15.000
    N113
      Category 1    0.352      127.000
      Category 2    0.357      129.000
      Category 3    0.219       79.000
      Category 4    0.064       23.000
      Category 5    0.008        3.000
    N70
      Category 1    0.064       23.000
      Category 2    0.161       58.000
      Category 3    0.310      112.000
      Category 4    0.266       96.000
      Category 5    0.199       72.000
    N73
      Category 1    0.191       69.000
      Category 2    0.440      159.000
      Category 3    0.260       94.000
      Category 4    0.080       29.000
      Category 5    0.028       10.000
    N144
      Category 1    0.274       99.000
      Category 2    0.283      102.000
      Category 3    0.269       97.000
      Category 4    0.100       36.000
      Category 5    0.075       27.000
    N112
      Category 1    0.158       57.000
      Category 2    0.388      140.000
      Category 3    0.258       93.000
      Category 4    0.136       49.000
      Category 5    0.061       22.000
    N100
      Category 1    0.244       88.000
      Category 2    0.332      120.000
      Category 3    0.249       90.000
      Category 4    0.114       41.000
      Category 5    0.061       22.000
    N143
      Category 1    0.072       26.000
      Category 2    0.238       86.000
      Category 3    0.341      123.000
      Category 4    0.241       87.000
      Category 5    0.108       39.000
    N77
      Category 1    0.119       43.000
      Category 2    0.407      147.000
      Category 3    0.291      105.000
      Category 4    0.136       49.000
      Category 5    0.047       17.000
    N31
      Category 1    0.274       99.000
      Category 2    0.521      188.000
      Category 3    0.147       53.000
      Category 4    0.047       17.000
      Category 5    0.011        4.000
    N22
      Category 1    0.186       67.000
      Category 2    0.454      164.000
      Category 3    0.247       89.000
      Category 4    0.094       34.000
      Category 5    0.019        7.000
    N15
      Category 1    0.036       13.000
      Category 2    0.133       48.000
      Category 3    0.316      114.000
      Category 4    0.277      100.000
      Category 5    0.238       86.000
    N154
      Category 1    0.028       10.000
      Category 2    0.091       33.000
      Category 3    0.283      102.000
      Category 4    0.396      143.000
      Category 5    0.202       73.000
    N84
      Category 1    0.186       67.000
      Category 2    0.393      142.000
      Category 3    0.258       93.000
      Category 4    0.108       39.000
      Category 5    0.055       20.000
    N2
      Category 1    0.263       95.000
      Category 2    0.360      130.000
      Category 3    0.213       77.000
      Category 4    0.100       36.000
      Category 5    0.064       23.000
    N34
      Category 1    0.055       20.000
      Category 2    0.260       94.000
      Category 3    0.404      146.000
      Category 4    0.183       66.000
      Category 5    0.097       35.000
    N85
      Category 1    0.066       24.000
      Category 2    0.241       87.000
      Category 3    0.391      141.000
      Category 4    0.230       83.000
      Category 5    0.072       26.000
    N135
      Category 1    0.066       24.000
      Category 2    0.238       86.000
      Category 3    0.413      149.000
      Category 4    0.194       70.000
      Category 5    0.089       32.000
    N149
      Category 1    0.155       56.000
      Category 2    0.374      135.000
      Category 3    0.280      101.000
      Category 4    0.139       50.000
      Category 5    0.053       19.000
    N49
      Category 1    0.114       41.000
      Category 2    0.349      126.000
      Category 3    0.368      133.000
      Category 4    0.100       36.000
      Category 5    0.069       25.000
    N33
      Category 1    0.083       30.000
      Category 2    0.338      122.000
      Category 3    0.421      152.000
      Category 4    0.125       45.000
      Category 5    0.033       12.000
    N130
      Category 1    0.058       21.000
      Category 2    0.271       98.000
      Category 3    0.374      135.000
      Category 4    0.205       74.000
      Category 5    0.091       33.000



THE MODEL ESTIMATION TERMINATED NORMALLY



MODEL FIT INFORMATION

Number of Free Parameters                      120

Chi-Square Test of Model Fit

          Value                            827.529*
          Degrees of Freedom                   252
          P-Value                           0.0000

*   The chi-square value for MLM, MLMV, MLR, ULSMV, WLSM and WLSMV cannot be used
    for chi-square difference testing in the regular way.  MLM, MLR and WLSM
    chi-square difference testing is described on the Mplus website.  MLMV, WLSMV,
    and ULSMV difference testing is done using the DIFFTEST option.

RMSEA (Root Mean Square Error Of Approximation)

          Estimate                           0.080
          90 Percent C.I.                    0.074  0.086
          Probability RMSEA <= .05           0.000

CFI/TLI

          CFI                                0.899
          TLI                                0.890

Chi-Square Test of Model Fit for the Baseline Model

          Value                           5989.562
          Degrees of Freedom                   276
          P-Value                           0.0000

WRMR (Weighted Root Mean Square Residual)

          Value                              1.456



MODEL RESULTS

                                                    Two-Tailed
                    Estimate       S.E.  Est./S.E.    P-Value

 IRRITAB  BY
    N71                1.000      0.000    999.000    999.000
    N147               0.845      0.038     22.271      0.000
    N79                0.952      0.034     27.897      0.000
    N113               0.734      0.043     16.946      0.000
    N70               -0.658      0.048    -13.790      0.000
    N73                0.850      0.041     20.621      0.000
    N144               0.731      0.044     16.752      0.000
    N112               0.577      0.049     11.672      0.000
    N100               0.835      0.043     19.493      0.000
    N143              -0.563      0.051    -10.992      0.000
    N77                0.775      0.046     16.915      0.000
    N31                0.772      0.047     16.381      0.000
    N22                0.589      0.052     11.251      0.000
    N15               -0.647      0.043    -15.183      0.000
    N154              -0.575      0.054    -10.616      0.000
    N84                0.832      0.041     20.155      0.000
    N2                 0.648      0.047     13.655      0.000
    N34               -0.582      0.047    -12.339      0.000
    N85                0.384      0.052      7.331      0.000
    N135               0.553      0.048     11.538      0.000
    N149               0.817      0.040     20.499      0.000
    N49                0.559      0.049     11.391      0.000
    N33                0.479      0.050      9.483      0.000
    N130              -0.453      0.057     -7.967      0.000

 Thresholds
    N71$1             -0.748      0.073    -10.231      0.000
    N71$2              0.343      0.067      5.095      0.000
    N71$3              1.112      0.083     13.376      0.000
    N71$4              1.674      0.113     14.758      0.000
    N147$1            -0.834      0.075    -11.115      0.000
    N147$2             0.285      0.067      4.258      0.000
    N147$3             1.237      0.088     14.054      0.000
    N147$4             1.961      0.141     13.935      0.000
    N79$1             -0.567      0.070     -8.105      0.000
    N79$2              0.351      0.067      5.200      0.000
    N79$3              0.958      0.078     12.247      0.000
    N79$4              1.733      0.118     14.664      0.000
    N113$1            -0.380      0.068     -5.617      0.000
    N113$2             0.551      0.070      7.900      0.000
    N113$3             1.461      0.099     14.735      0.000
    N113$4             2.395      0.211     11.361      0.000
    N70$1             -1.524      0.103    -14.804      0.000
    N70$2             -0.757      0.073    -10.331      0.000
    N70$3              0.087      0.066      1.316      0.188
    N70$4              0.844      0.075     11.211      0.000
    N73$1             -0.874      0.076    -11.499      0.000
    N73$2              0.336      0.067      4.991      0.000
    N73$3              1.237      0.088     14.054      0.000
    N73$4              1.916      0.136     14.123      0.000
    N144$1            -0.600      0.070     -8.515      0.000
    N144$2             0.143      0.066      2.157      0.031
    N144$3             0.936      0.078     12.063      0.000
    N144$4             1.441      0.098     14.702      0.000
    N112$1            -1.003      0.080    -12.608      0.000
    N112$2             0.115      0.066      1.736      0.082
    N112$3             0.854      0.075     11.308      0.000
    N112$4             1.547      0.104     14.815      0.000
    N100$1            -0.694      0.072     -9.632      0.000
    N100$2             0.192      0.066      2.893      0.004
    N100$3             0.936      0.078     12.063      0.000
    N100$4             1.547      0.104     14.815      0.000
    N143$1            -1.461      0.099    -14.735      0.000
    N143$2            -0.495      0.069     -7.177      0.000
    N143$3             0.388      0.068      5.722      0.000
    N143$4             1.237      0.088     14.054      0.000
    N77$1             -1.179      0.086    -13.767      0.000
    N77$2              0.066      0.066      1.000      0.317
    N77$3              0.905      0.077     11.783      0.000
    N77$4              1.674      0.113     14.758      0.000
    N31$1             -0.600      0.070     -8.515      0.000
    N31$2              0.824      0.075     11.018      0.000
    N31$3              1.570      0.106     14.820      0.000
    N31$4              2.288      0.189     12.101      0.000
    N22$1             -0.894      0.077    -11.689      0.000
    N22$2              0.358      0.068      5.304      0.000
    N22$3              1.208      0.087     13.914      0.000
    N22$4              2.067      0.154     13.429      0.000
    N15$1             -1.799      0.124    -14.510      0.000
    N15$2             -0.958      0.078    -12.247      0.000
    N15$3             -0.038      0.066     -0.579      0.563
    N15$4              0.712      0.072      9.832      0.000
    N154$1            -1.916      0.136    -14.123      0.000
    N154$2            -1.179      0.086    -13.767      0.000
    N154$3            -0.249      0.067     -3.733      0.000
    N154$4             0.834      0.075     11.115      0.000
    N84$1             -0.894      0.077    -11.689      0.000
    N84$2              0.199      0.066      2.998      0.003
    N84$3              0.980      0.079     12.429      0.000
    N84$4              1.595      0.108     14.818      0.000
    N2$1              -0.634      0.071     -8.923      0.000
    N2$2               0.314      0.067      4.677      0.000
    N2$3               0.980      0.079     12.429      0.000
    N2$4               1.524      0.103     14.804      0.000
    N34$1             -1.595      0.108    -14.818      0.000
    N34$2             -0.480      0.069     -6.970      0.000
    N34$3              0.583      0.070      8.311      0.000
    N34$4              1.299      0.091     14.312      0.000
    N85$1             -1.503      0.102    -14.786      0.000
    N85$2             -0.503      0.069     -7.281      0.000
    N85$3              0.519      0.069      7.487      0.000
    N85$4              1.461      0.099     14.735      0.000
    N135$1            -1.503      0.102    -14.786      0.000
    N135$2            -0.511      0.069     -7.384      0.000
    N135$3             0.575      0.070      8.208      0.000
    N135$4             1.349      0.093     14.481      0.000
    N149$1            -1.015      0.080    -12.697      0.000
    N149$2             0.073      0.066      1.105      0.269
    N149$3             0.874      0.076     11.499      0.000
    N149$4             1.620      0.109     14.807      0.000
    N49$1             -1.208      0.087    -13.914      0.000
    N49$2             -0.094      0.066     -1.421      0.155
    N49$3              0.958      0.078     12.247      0.000
    N49$4              1.481      0.100     14.763      0.000
    N33$1             -1.385      0.095    -14.580      0.000
    N33$2             -0.199      0.066     -2.998      0.003
    N33$3              1.003      0.080     12.608      0.000
    N33$4              1.835      0.127     14.406      0.000
    N130$1            -1.570      0.106    -14.820      0.000
    N130$2            -0.441      0.068     -6.451      0.000
    N130$3             0.535      0.070      7.694      0.000
    N130$4             1.332      0.092     14.427      0.000

 Variances
    IRRITAB            0.643      0.035     18.364      0.000


STANDARDIZED MODEL RESULTS


STDYX Standardization

                                                    Two-Tailed
                    Estimate       S.E.  Est./S.E.    P-Value

 IRRITAB  BY
    N71                0.802      0.022     36.729      0.000
    N147               0.678      0.029     23.621      0.000
    N79                0.764      0.024     32.158      0.000
    N113               0.588      0.035     16.630      0.000
    N70               -0.527      0.037    -14.169      0.000
    N73                0.682      0.029     23.189      0.000
    N144               0.586      0.034     17.213      0.000
    N112               0.463      0.040     11.571      0.000
    N100               0.670      0.032     21.230      0.000
    N143              -0.451      0.041    -10.895      0.000
    N77                0.622      0.033     18.625      0.000
    N31                0.619      0.035     17.801      0.000
    N22                0.473      0.040     11.759      0.000
    N15               -0.518      0.036    -14.498      0.000
    N154              -0.461      0.043    -10.843      0.000
    N84                0.667      0.031     21.804      0.000
    N2                 0.519      0.037     13.959      0.000
    N34               -0.466      0.038    -12.161      0.000
    N85                0.308      0.042      7.335      0.000
    N135               0.443      0.039     11.518      0.000
    N149               0.655      0.029     22.416      0.000
    N49                0.448      0.039     11.404      0.000
    N33                0.384      0.041      9.470      0.000
    N130              -0.363      0.046     -7.962      0.000

 Thresholds
    N71$1             -0.748      0.073    -10.231      0.000
    N71$2              0.343      0.067      5.095      0.000
    N71$3              1.112      0.083     13.376      0.000
    N71$4              1.674      0.113     14.758      0.000
    N147$1            -0.834      0.075    -11.115      0.000
    N147$2             0.285      0.067      4.258      0.000
    N147$3             1.237      0.088     14.054      0.000
    N147$4             1.961      0.141     13.935      0.000
    N79$1             -0.567      0.070     -8.105      0.000
    N79$2              0.351      0.067      5.200      0.000
    N79$3              0.958      0.078     12.247      0.000
    N79$4              1.733      0.118     14.664      0.000
    N113$1            -0.380      0.068     -5.617      0.000
    N113$2             0.551      0.070      7.900      0.000
    N113$3             1.461      0.099     14.735      0.000
    N113$4             2.395      0.211     11.361      0.000
    N70$1             -1.524      0.103    -14.804      0.000
    N70$2             -0.757      0.073    -10.331      0.000
    N70$3              0.087      0.066      1.316      0.188
    N70$4              0.844      0.075     11.211      0.000
    N73$1             -0.874      0.076    -11.499      0.000
    N73$2              0.336      0.067      4.991      0.000
    N73$3              1.237      0.088     14.054      0.000
    N73$4              1.916      0.136     14.123      0.000
    N144$1            -0.600      0.070     -8.515      0.000
    N144$2             0.143      0.066      2.157      0.031
    N144$3             0.936      0.078     12.063      0.000
    N144$4             1.441      0.098     14.702      0.000
    N112$1            -1.003      0.080    -12.608      0.000
    N112$2             0.115      0.066      1.736      0.082
    N112$3             0.854      0.075     11.308      0.000
    N112$4             1.547      0.104     14.815      0.000
    N100$1            -0.694      0.072     -9.632      0.000
    N100$2             0.192      0.066      2.893      0.004
    N100$3             0.936      0.078     12.063      0.000
    N100$4             1.547      0.104     14.815      0.000
    N143$1            -1.461      0.099    -14.735      0.000
    N143$2            -0.495      0.069     -7.177      0.000
    N143$3             0.388      0.068      5.722      0.000
    N143$4             1.237      0.088     14.054      0.000
    N77$1             -1.179      0.086    -13.767      0.000
    N77$2              0.066      0.066      1.000      0.317
    N77$3              0.905      0.077     11.783      0.000
    N77$4              1.674      0.113     14.758      0.000
    N31$1             -0.600      0.070     -8.515      0.000
    N31$2              0.824      0.075     11.018      0.000
    N31$3              1.570      0.106     14.820      0.000
    N31$4              2.288      0.189     12.101      0.000
    N22$1             -0.894      0.077    -11.689      0.000
    N22$2              0.358      0.068      5.304      0.000
    N22$3              1.208      0.087     13.914      0.000
    N22$4              2.067      0.154     13.429      0.000
    N15$1             -1.799      0.124    -14.510      0.000
    N15$2             -0.958      0.078    -12.247      0.000
    N15$3             -0.038      0.066     -0.579      0.563
    N15$4              0.712      0.072      9.832      0.000
    N154$1            -1.916      0.136    -14.123      0.000
    N154$2            -1.179      0.086    -13.767      0.000
    N154$3            -0.249      0.067     -3.733      0.000
    N154$4             0.834      0.075     11.115      0.000
    N84$1             -0.894      0.077    -11.689      0.000
    N84$2              0.199      0.066      2.998      0.003
    N84$3              0.980      0.079     12.429      0.000
    N84$4              1.595      0.108     14.818      0.000
    N2$1              -0.634      0.071     -8.923      0.000
    N2$2               0.314      0.067      4.677      0.000
    N2$3               0.980      0.079     12.429      0.000
    N2$4               1.524      0.103     14.804      0.000
    N34$1             -1.595      0.108    -14.818      0.000
    N34$2             -0.480      0.069     -6.970      0.000
    N34$3              0.583      0.070      8.311      0.000
    N34$4              1.299      0.091     14.312      0.000
    N85$1             -1.503      0.102    -14.786      0.000
    N85$2             -0.503      0.069     -7.281      0.000
    N85$3              0.519      0.069      7.487      0.000
    N85$4              1.461      0.099     14.735      0.000
    N135$1            -1.503      0.102    -14.786      0.000
    N135$2            -0.511      0.069     -7.384      0.000
    N135$3             0.575      0.070      8.208      0.000
    N135$4             1.349      0.093     14.481      0.000
    N149$1            -1.015      0.080    -12.697      0.000
    N149$2             0.073      0.066      1.105      0.269
    N149$3             0.874      0.076     11.499      0.000
    N149$4             1.620      0.109     14.807      0.000
    N49$1             -1.208      0.087    -13.914      0.000
    N49$2             -0.094      0.066     -1.421      0.155
    N49$3              0.958      0.078     12.247      0.000
    N49$4              1.481      0.100     14.763      0.000
    N33$1             -1.385      0.095    -14.580      0.000
    N33$2             -0.199      0.066     -2.998      0.003
    N33$3              1.003      0.080     12.608      0.000
    N33$4              1.835      0.127     14.406      0.000
    N130$1            -1.570      0.106    -14.820      0.000
    N130$2            -0.441      0.068     -6.451      0.000
    N130$3             0.535      0.070      7.694      0.000
    N130$4             1.332      0.092     14.427      0.000

 Variances
    IRRITAB            1.000      0.000    999.000    999.000


R-SQUARE

    Observed                                        Two-Tailed   Residual
    Variable        Estimate       S.E.  Est./S.E.    P-Value    Variance

    N71                0.643      0.035     18.364      0.000      0.357
    N147               0.459      0.039     11.810      0.000      0.541
    N79                0.583      0.036     16.079      0.000      0.417
    N113               0.346      0.042      8.315      0.000      0.654
    N70                0.278      0.039      7.085      0.000      0.722
    N73                0.465      0.040     11.594      0.000      0.535
    N144               0.344      0.040      8.606      0.000      0.656
    N112               0.214      0.037      5.785      0.000      0.786
    N100               0.449      0.042     10.615      0.000      0.551
    N143               0.203      0.037      5.447      0.000      0.797
    N77                0.387      0.042      9.313      0.000      0.613
    N31                0.384      0.043      8.901      0.000      0.616
    N22                0.223      0.038      5.879      0.000      0.777
    N15                0.269      0.037      7.249      0.000      0.731
    N154               0.213      0.039      5.422      0.000      0.787
    N84                0.445      0.041     10.902      0.000      0.555
    N2                 0.270      0.039      6.979      0.000      0.730
    N34                0.218      0.036      6.081      0.000      0.782
    N85                0.095      0.026      3.667      0.000      0.905
    N135               0.197      0.034      5.759      0.000      0.803
    N149               0.430      0.038     11.208      0.000      0.570
    N49                0.201      0.035      5.702      0.000      0.799
    N33                0.147      0.031      4.735      0.000      0.853
    N130               0.132      0.033      3.981      0.000      0.868


QUALITY OF NUMERICAL RESULTS

     Condition Number for the Information Matrix              0.788E-03
       (ratio of smallest to largest eigenvalue)


MODEL MODIFICATION INDICES

NOTE:  Modification indices for direct effects of observed dependent variables
regressed on covariates and residual covariances among observed dependent
variables may not be included.  To include these, request MODINDICES (ALL).

Minimum M.I. value for printing the modification index     4.000

                            M.I.     E.P.C.  Std E.P.C.  StdYX E.P.C.

No modification indices above the minimum value.



     Beginning Time:  16:44:41
        Ending Time:  16:44:42
       Elapsed Time:  00:00:01



MUTHEN & MUTHEN
3463 Stoner Ave.
Los Angeles, CA  90066

Tel: (310) 391-9971
Fax: (310) 391-8971
Web: www.StatModel.com
Support: Support@StatModel.com

Copyright (c) 1998-2011 Muthen & Muthen
