Mplus VERSION 6.11 (Mac)
MUTHEN & MUTHEN
12/02/2011   4:54 PM

INPUT INSTRUCTIONS

  TITLE:

  DATA:
  FILE IS  "ARI Data 2009_Neuroticism CFA sample.txt";
  Variable:
  Names are
  respid
  n40
  n57
  n28
  n25
  n53
  n113
  n44
  n83
  n51
  n127
  n61
  n32
  n156
  n63
  n118
  n147
  n46
  n71
  n49
  n84
  n104
  n141
  n128
  n43
  n119
  n30
  n38
  n11
  n16
  n93
  n102
  n112
  n136
  n22
  n131
  n135
  n8
  n24
  n54
  n89
  n158
  n140
  n96
  n31
  n111
  n10
  n152
  n68
  n77
  n149
  n100
  n29
  n125
  n9
  n14
  n121
  n13
  n91
  n122
  n105
  n115
  n17
  n80
  n23
  n148
  n67
  n5
  n109
  n34
  n4
  n120
  n60
  n124
  n18
  n137
  n2
  n65
  n151
  n117
  n1
  n37
  n154
  n87
  n45
  n86
  n130
  n110
  n85
  n143
  n56
  n36
  n66
  n134
  n50
  n114
  n47
  n52
  n98
  n15
  n58
  n70
  n59
  n75
  n116
  n35
  n88
  n79
  n69
  n82
  n144
  n157
  n55
  n138
  n73
  n33
  n90
  n107
  n81
  Filter
  filter_
  ;

  USEVARIABLES ARE
          N47
          N120
          N131
          N81
          N96
          N114
          N24
          N46
          N17
          N107
          N102
          N9;

  MISSING ARE ALL (-99);
  categorical are all;

  Model:



  Sentim by
          N47
          N120
          N131
          N81
          N96
          N114
          N24
          N46
          N17
          N107
          N102
          N9;




  Analysis:
  ESTIMATOR IS WLSMV;

  OUTPUT: STDYX MODINDICES(4);



*** WARNING
  Data set contains cases with missing on all variables.
  These cases were not included in the analysis.
  Number of cases with missing on all variables:  2
   1 WARNING(S) FOUND IN THE INPUT INSTRUCTIONS




SUMMARY OF ANALYSIS

Number of groups                                                 1
Number of observations                                         361

Number of dependent variables                                   12
Number of independent variables                                  0
Number of continuous latent variables                            1

Observed dependent variables

  Binary and ordered categorical (ordinal)
   N47         N120        N131        N81         N96         N114
   N24         N46         N17         N107        N102        N9

Continuous latent variables
   SENTIM


Estimator                                                    WLSMV
Maximum number of iterations                                  1000
Convergence criterion                                    0.500D-04
Maximum number of steepest descent iterations                   20
Maximum number of iterations for H1                           2000
Convergence criterion for H1                             0.100D-03
Parameterization                                             DELTA

Input data file(s)
  ARI Data 2009_Neuroticism CFA sample.txt

Input data format  FREE


SUMMARY OF DATA

     Number of missing data patterns             1


COVARIANCE COVERAGE OF DATA

Minimum covariance coverage value   0.100


     PROPORTION OF DATA PRESENT


           Covariance Coverage
              N47           N120          N131          N81           N96
              ________      ________      ________      ________      ________
 N47            1.000
 N120           1.000         1.000
 N131           1.000         1.000         1.000
 N81            1.000         1.000         1.000         1.000
 N96            1.000         1.000         1.000         1.000         1.000
 N114           1.000         1.000         1.000         1.000         1.000
 N24            1.000         1.000         1.000         1.000         1.000
 N46            1.000         1.000         1.000         1.000         1.000
 N17            1.000         1.000         1.000         1.000         1.000
 N107           1.000         1.000         1.000         1.000         1.000
 N102           1.000         1.000         1.000         1.000         1.000
 N9             1.000         1.000         1.000         1.000         1.000


           Covariance Coverage
              N114          N24           N46           N17           N107
              ________      ________      ________      ________      ________
 N114           1.000
 N24            1.000         1.000
 N46            1.000         1.000         1.000
 N17            1.000         1.000         1.000         1.000
 N107           1.000         1.000         1.000         1.000         1.000
 N102           1.000         1.000         1.000         1.000         1.000
 N9             1.000         1.000         1.000         1.000         1.000


           Covariance Coverage
              N102          N9
              ________      ________
 N102           1.000
 N9             1.000         1.000


UNIVARIATE PROPORTIONS AND COUNTS FOR CATEGORICAL VARIABLES

    N47
      Category 1    0.310      112.000
      Category 2    0.269       97.000
      Category 3    0.227       82.000
      Category 4    0.119       43.000
      Category 5    0.075       27.000
    N120
      Category 1    0.324      117.000
      Category 2    0.316      114.000
      Category 3    0.222       80.000
      Category 4    0.080       29.000
      Category 5    0.058       21.000
    N131
      Category 1    0.188       68.000
      Category 2    0.263       95.000
      Category 3    0.175       63.000
      Category 4    0.172       62.000
      Category 5    0.202       73.000
    N81
      Category 1    0.158       57.000
      Category 2    0.363      131.000
      Category 3    0.274       99.000
      Category 4    0.147       53.000
      Category 5    0.058       21.000
    N96
      Category 1    0.161       58.000
      Category 2    0.349      126.000
      Category 3    0.260       94.000
      Category 4    0.141       51.000
      Category 5    0.089       32.000
    N114
      Category 1    0.147       53.000
      Category 2    0.385      139.000
      Category 3    0.313      113.000
      Category 4    0.105       38.000
      Category 5    0.050       18.000
    N24
      Category 1    0.108       39.000
      Category 2    0.313      113.000
      Category 3    0.305      110.000
      Category 4    0.180       65.000
      Category 5    0.094       34.000
    N46
      Category 1    0.163       59.000
      Category 2    0.332      120.000
      Category 3    0.327      118.000
      Category 4    0.108       39.000
      Category 5    0.069       25.000
    N17
      Category 1    0.075       27.000
      Category 2    0.199       72.000
      Category 3    0.343      124.000
      Category 4    0.274       99.000
      Category 5    0.108       39.000
    N107
      Category 1    0.011        4.000
      Category 2    0.119       43.000
      Category 3    0.346      125.000
      Category 4    0.399      144.000
      Category 5    0.125       45.000
    N102
      Category 1    0.075       27.000
      Category 2    0.219       79.000
      Category 3    0.402      145.000
      Category 4    0.213       77.000
      Category 5    0.091       33.000
    N9
      Category 1    0.191       69.000
      Category 2    0.385      139.000
      Category 3    0.269       97.000
      Category 4    0.102       37.000
      Category 5    0.053       19.000



THE MODEL ESTIMATION TERMINATED NORMALLY



MODEL FIT INFORMATION

Number of Free Parameters                       60

Chi-Square Test of Model Fit

          Value                            640.961*
          Degrees of Freedom                    54
          P-Value                           0.0000

*   The chi-square value for MLM, MLMV, MLR, ULSMV, WLSM and WLSMV cannot be used
    for chi-square difference testing in the regular way.  MLM, MLR and WLSM
    chi-square difference testing is described on the Mplus website.  MLMV, WLSMV,
    and ULSMV difference testing is done using the DIFFTEST option.

RMSEA (Root Mean Square Error Of Approximation)

          Estimate                           0.174
          90 Percent C.I.                    0.162  0.186
          Probability RMSEA <= .05           0.000

CFI/TLI

          CFI                                0.771
          TLI                                0.720

Chi-Square Test of Model Fit for the Baseline Model

          Value                           2625.423
          Degrees of Freedom                    66
          P-Value                           0.0000

WRMR (Weighted Root Mean Square Residual)

          Value                              2.166



MODEL RESULTS

                                                    Two-Tailed
                    Estimate       S.E.  Est./S.E.    P-Value

 SENTIM   BY
    N47                1.000      0.000    999.000    999.000
    N120               0.955      0.039     24.357      0.000
    N131              -0.529      0.054     -9.832      0.000
    N81                0.701      0.048     14.542      0.000
    N96                0.896      0.042     21.577      0.000
    N114               0.530      0.057      9.355      0.000
    N24                0.797      0.038     20.799      0.000
    N46                0.818      0.044     18.596      0.000
    N17                0.230      0.062      3.725      0.000
    N107              -0.547      0.051    -10.634      0.000
    N102               0.527      0.053      9.913      0.000
    N9                 0.623      0.048     12.845      0.000

 Thresholds
    N47$1             -0.495      0.069     -7.177      0.000
    N47$2              0.199      0.066      2.998      0.003
    N47$3              0.864      0.076     11.403      0.000
    N47$4              1.441      0.098     14.702      0.000
    N120$1            -0.456      0.069     -6.659      0.000
    N120$2             0.358      0.068      5.304      0.000
    N120$3             1.087      0.082     13.212      0.000
    N120$4             1.570      0.106     14.820      0.000
    N131$1            -0.884      0.076    -11.594      0.000
    N131$2            -0.122      0.066     -1.842      0.066
    N131$3             0.321      0.067      4.781      0.000
    N131$4             0.834      0.075     11.115      0.000
    N81$1             -1.003      0.080    -12.608      0.000
    N81$2              0.052      0.066      0.789      0.430
    N81$3              0.824      0.075     11.018      0.000
    N81$4              1.570      0.106     14.820      0.000
    N96$1             -0.992      0.079    -12.519      0.000
    N96$2              0.024      0.066      0.368      0.713
    N96$3              0.739      0.073     10.132      0.000
    N96$4              1.349      0.093     14.481      0.000
    N114$1            -1.050      0.081    -12.958      0.000
    N114$2             0.080      0.066      1.210      0.226
    N114$3             1.015      0.080     12.697      0.000
    N114$4             1.646      0.111     14.788      0.000
    N24$1             -1.237      0.088    -14.054      0.000
    N24$2             -0.199      0.066     -2.998      0.003
    N24$3              0.600      0.070      8.515      0.000
    N24$4              1.315      0.092     14.371      0.000
    N46$1             -0.980      0.079    -12.429      0.000
    N46$2             -0.010      0.066     -0.158      0.875
    N46$3              0.926      0.077     11.970      0.000
    N46$4              1.481      0.100     14.763      0.000
    N17$1             -1.441      0.098    -14.702      0.000
    N17$2             -0.600      0.070     -8.515      0.000
    N17$3              0.300      0.067      4.467      0.000
    N17$4              1.237      0.088     14.054      0.000
    N107$1            -2.288      0.189    -12.101      0.000
    N107$2            -1.125      0.084    -13.457      0.000
    N107$3            -0.059      0.066     -0.895      0.371
    N107$4             1.152      0.085     13.614      0.000
    N102$1            -1.441      0.098    -14.702      0.000
    N102$2            -0.543      0.070     -7.797      0.000
    N102$3             0.511      0.069      7.384      0.000
    N102$4             1.332      0.092     14.427      0.000
    N9$1              -0.874      0.076    -11.499      0.000
    N9$2               0.192      0.066      2.893      0.004
    N9$3               1.015      0.080     12.697      0.000
    N9$4               1.620      0.109     14.807      0.000

 Variances
    SENTIM             0.650      0.037     17.457      0.000


STANDARDIZED MODEL RESULTS


STDYX Standardization

                                                    Two-Tailed
                    Estimate       S.E.  Est./S.E.    P-Value

 SENTIM   BY
    N47                0.806      0.023     34.914      0.000
    N120               0.770      0.026     29.515      0.000
    N131              -0.426      0.044     -9.647      0.000
    N81                0.565      0.037     15.432      0.000
    N96                0.723      0.028     25.617      0.000
    N114               0.427      0.044      9.625      0.000
    N24                0.643      0.031     20.479      0.000
    N46                0.659      0.030     22.104      0.000
    N17                0.185      0.050      3.720      0.000
    N107              -0.441      0.041    -10.827      0.000
    N102               0.424      0.043      9.888      0.000
    N9                 0.502      0.038     13.079      0.000

 Thresholds
    N47$1             -0.495      0.069     -7.177      0.000
    N47$2              0.199      0.066      2.998      0.003
    N47$3              0.864      0.076     11.403      0.000
    N47$4              1.441      0.098     14.702      0.000
    N120$1            -0.456      0.069     -6.659      0.000
    N120$2             0.358      0.068      5.304      0.000
    N120$3             1.087      0.082     13.212      0.000
    N120$4             1.570      0.106     14.820      0.000
    N131$1            -0.884      0.076    -11.594      0.000
    N131$2            -0.122      0.066     -1.842      0.066
    N131$3             0.321      0.067      4.781      0.000
    N131$4             0.834      0.075     11.115      0.000
    N81$1             -1.003      0.080    -12.608      0.000
    N81$2              0.052      0.066      0.789      0.430
    N81$3              0.824      0.075     11.018      0.000
    N81$4              1.570      0.106     14.820      0.000
    N96$1             -0.992      0.079    -12.519      0.000
    N96$2              0.024      0.066      0.368      0.713
    N96$3              0.739      0.073     10.132      0.000
    N96$4              1.349      0.093     14.481      0.000
    N114$1            -1.050      0.081    -12.958      0.000
    N114$2             0.080      0.066      1.210      0.226
    N114$3             1.015      0.080     12.697      0.000
    N114$4             1.646      0.111     14.788      0.000
    N24$1             -1.237      0.088    -14.054      0.000
    N24$2             -0.199      0.066     -2.998      0.003
    N24$3              0.600      0.070      8.515      0.000
    N24$4              1.315      0.092     14.371      0.000
    N46$1             -0.980      0.079    -12.429      0.000
    N46$2             -0.010      0.066     -0.158      0.875
    N46$3              0.926      0.077     11.970      0.000
    N46$4              1.481      0.100     14.763      0.000
    N17$1             -1.441      0.098    -14.702      0.000
    N17$2             -0.600      0.070     -8.515      0.000
    N17$3              0.300      0.067      4.467      0.000
    N17$4              1.237      0.088     14.054      0.000
    N107$1            -2.288      0.189    -12.101      0.000
    N107$2            -1.125      0.084    -13.457      0.000
    N107$3            -0.059      0.066     -0.895      0.371
    N107$4             1.152      0.085     13.614      0.000
    N102$1            -1.441      0.098    -14.702      0.000
    N102$2            -0.543      0.070     -7.797      0.000
    N102$3             0.511      0.069      7.384      0.000
    N102$4             1.332      0.092     14.427      0.000
    N9$1              -0.874      0.076    -11.499      0.000
    N9$2               0.192      0.066      2.893      0.004
    N9$3               1.015      0.080     12.697      0.000
    N9$4               1.620      0.109     14.807      0.000

 Variances
    SENTIM             1.000      0.000    999.000    999.000


R-SQUARE

    Observed                                        Two-Tailed   Residual
    Variable        Estimate       S.E.  Est./S.E.    P-Value    Variance

    N47                0.650      0.037     17.457      0.000      0.350
    N120               0.593      0.040     14.758      0.000      0.407
    N131               0.182      0.038      4.824      0.000      0.818
    N81                0.320      0.041      7.716      0.000      0.680
    N96                0.522      0.041     12.809      0.000      0.478
    N114               0.182      0.038      4.813      0.000      0.818
    N24                0.413      0.040     10.239      0.000      0.587
    N46                0.435      0.039     11.052      0.000      0.565
    N17                0.034      0.018      1.860      0.063      0.966
    N107               0.194      0.036      5.414      0.000      0.806
    N102               0.180      0.036      4.944      0.000      0.820
    N9                 0.252      0.039      6.539      0.000      0.748


QUALITY OF NUMERICAL RESULTS

     Condition Number for the Information Matrix              0.306E-02
       (ratio of smallest to largest eigenvalue)


MODEL MODIFICATION INDICES

NOTE:  Modification indices for direct effects of observed dependent variables
regressed on covariates and residual covariances among observed dependent
variables may not be included.  To include these, request MODINDICES (ALL).

Minimum M.I. value for printing the modification index     4.000

                            M.I.     E.P.C.  Std E.P.C.  StdYX E.P.C.

No modification indices above the minimum value.



     Beginning Time:  16:54:42
        Ending Time:  16:54:42
       Elapsed Time:  00:00:00



MUTHEN & MUTHEN
3463 Stoner Ave.
Los Angeles, CA  90066

Tel: (310) 391-9971
Fax: (310) 391-8971
Web: www.StatModel.com
Support: Support@StatModel.com

Copyright (c) 1998-2011 Muthen & Muthen
