Mplus VERSION 6.11 (Mac)
MUTHEN & MUTHEN
12/02/2011   4:56 PM

INPUT INSTRUCTIONS

  TITLE:

  DATA:
  FILE IS  "ARI Data 2009_Neuroticism CFA sample.txt";
  Variable:
  Names are
  respid
  n40
  n57
  n28
  n25
  n53
  n113
  n44
  n83
  n51
  n127
  n61
  n32
  n156
  n63
  n118
  n147
  n46
  n71
  n49
  n84
  n104
  n141
  n128
  n43
  n119
  n30
  n38
  n11
  n16
  n93
  n102
  n112
  n136
  n22
  n131
  n135
  n8
  n24
  n54
  n89
  n158
  n140
  n96
  n31
  n111
  n10
  n152
  n68
  n77
  n149
  n100
  n29
  n125
  n9
  n14
  n121
  n13
  n91
  n122
  n105
  n115
  n17
  n80
  n23
  n148
  n67
  n5
  n109
  n34
  n4
  n120
  n60
  n124
  n18
  n137
  n2
  n65
  n151
  n117
  n1
  n37
  n154
  n87
  n45
  n86
  n130
  n110
  n85
  n143
  n56
  n36
  n66
  n134
  n50
  n114
  n47
  n52
  n98
  n15
  n58
  n70
  n59
  n75
  n116
  n35
  n88
  n79
  n69
  n82
  n144
  n157
  n55
  n138
  n73
  n33
  n90
  n107
  n81
  Filter
  filter_
  ;

  USEVARIABLES ARE
          N5
          N148
          N118
          N53
          N90;

  MISSING ARE ALL (-99);
  categorical are all;

  Model:



  F7        by
          N5
          N148
          N118
          N53
          N90;




  Analysis:
  ESTIMATOR IS WLSMV;

  OUTPUT: STDYX MODINDICES(4);



*** WARNING
  Data set contains cases with missing on all variables.
  These cases were not included in the analysis.
  Number of cases with missing on all variables:  2
   1 WARNING(S) FOUND IN THE INPUT INSTRUCTIONS




SUMMARY OF ANALYSIS

Number of groups                                                 1
Number of observations                                         361

Number of dependent variables                                    5
Number of independent variables                                  0
Number of continuous latent variables                            1

Observed dependent variables

  Binary and ordered categorical (ordinal)
   N5          N148        N118        N53         N90

Continuous latent variables
   F7


Estimator                                                    WLSMV
Maximum number of iterations                                  1000
Convergence criterion                                    0.500D-04
Maximum number of steepest descent iterations                   20
Maximum number of iterations for H1                           2000
Convergence criterion for H1                             0.100D-03
Parameterization                                             DELTA

Input data file(s)
  ARI Data 2009_Neuroticism CFA sample.txt

Input data format  FREE


SUMMARY OF DATA

     Number of missing data patterns             1


COVARIANCE COVERAGE OF DATA

Minimum covariance coverage value   0.100


     PROPORTION OF DATA PRESENT


           Covariance Coverage
              N5            N148          N118          N53           N90
              ________      ________      ________      ________      ________
 N5             1.000
 N148           1.000         1.000
 N118           1.000         1.000         1.000
 N53            1.000         1.000         1.000         1.000
 N90            1.000         1.000         1.000         1.000         1.000


UNIVARIATE PROPORTIONS AND COUNTS FOR CATEGORICAL VARIABLES

    N5
      Category 1    0.039       14.000
      Category 2    0.161       58.000
      Category 3    0.377      136.000
      Category 4    0.324      117.000
      Category 5    0.100       36.000
    N148
      Category 1    0.075       27.000
      Category 2    0.230       83.000
      Category 3    0.371      134.000
      Category 4    0.211       76.000
      Category 5    0.114       41.000
    N118
      Category 1    0.136       49.000
      Category 2    0.321      116.000
      Category 3    0.396      143.000
      Category 4    0.122       44.000
      Category 5    0.025        9.000
    N53
      Category 1    0.122       44.000
      Category 2    0.305      110.000
      Category 3    0.360      130.000
      Category 4    0.158       57.000
      Category 5    0.055       20.000
    N90
      Category 1    0.377      136.000
      Category 2    0.321      116.000
      Category 3    0.175       63.000
      Category 4    0.078       28.000
      Category 5    0.050       18.000



THE MODEL ESTIMATION TERMINATED NORMALLY



MODEL FIT INFORMATION

Number of Free Parameters                       25

Chi-Square Test of Model Fit

          Value                             46.338*
          Degrees of Freedom                     5
          P-Value                           0.0000

*   The chi-square value for MLM, MLMV, MLR, ULSMV, WLSM and WLSMV cannot be used
    for chi-square difference testing in the regular way.  MLM, MLR and WLSM
    chi-square difference testing is described on the Mplus website.  MLMV, WLSMV,
    and ULSMV difference testing is done using the DIFFTEST option.

RMSEA (Root Mean Square Error Of Approximation)

          Estimate                           0.151
          90 Percent C.I.                    0.113  0.193
          Probability RMSEA <= .05           0.000

CFI/TLI

          CFI                                0.548
          TLI                                0.095

Chi-Square Test of Model Fit for the Baseline Model

          Value                            101.386
          Degrees of Freedom                    10
          P-Value                           0.0000

WRMR (Weighted Root Mean Square Residual)

          Value                              1.159



MODEL RESULTS

                                                    Two-Tailed
                    Estimate       S.E.  Est./S.E.    P-Value

 F7       BY
    N5                 1.000      0.000    999.000    999.000
    N148              -1.563      0.443     -3.528      0.000
    N118               0.465      0.206      2.263      0.024
    N53                1.297      0.357      3.637      0.000
    N90               -0.277      0.224     -1.235      0.217

 Thresholds
    N5$1              -1.765      0.121    -14.596      0.000
    N5$2              -0.844      0.075    -11.211      0.000
    N5$3               0.192      0.066      2.893      0.004
    N5$4               1.283      0.090     14.251      0.000
    N148$1            -1.441      0.098    -14.702      0.000
    N148$2            -0.511      0.069     -7.384      0.000
    N148$3             0.456      0.069      6.659      0.000
    N148$4             1.208      0.087     13.914      0.000
    N118$1            -1.100      0.083    -13.294      0.000
    N118$2            -0.108      0.066     -1.631      0.103
    N118$3             1.050      0.081     12.958      0.000
    N118$4             1.961      0.141     13.935      0.000
    N53$1             -1.166      0.085    -13.691      0.000
    N53$2             -0.185      0.066     -2.788      0.005
    N53$3              0.795      0.074     10.725      0.000
    N53$4              1.595      0.108     14.818      0.000
    N90$1             -0.314      0.067     -4.677      0.000
    N90$2              0.519      0.069      7.487      0.000
    N90$3              1.139      0.084     13.536      0.000
    N90$4              1.646      0.111     14.788      0.000

 Variances
    F7                 0.130      0.054      2.422      0.015


STANDARDIZED MODEL RESULTS


STDYX Standardization

                                                    Two-Tailed
                    Estimate       S.E.  Est./S.E.    P-Value

 F7       BY
    N5                 0.360      0.074      4.845      0.000
    N148              -0.563      0.091     -6.192      0.000
    N118               0.168      0.072      2.326      0.020
    N53                0.467      0.086      5.451      0.000
    N90               -0.100      0.076     -1.315      0.189

 Thresholds
    N5$1              -1.765      0.121    -14.596      0.000
    N5$2              -0.844      0.075    -11.211      0.000
    N5$3               0.192      0.066      2.893      0.004
    N5$4               1.283      0.090     14.251      0.000
    N148$1            -1.441      0.098    -14.702      0.000
    N148$2            -0.511      0.069     -7.384      0.000
    N148$3             0.456      0.069      6.659      0.000
    N148$4             1.208      0.087     13.914      0.000
    N118$1            -1.100      0.083    -13.294      0.000
    N118$2            -0.108      0.066     -1.631      0.103
    N118$3             1.050      0.081     12.958      0.000
    N118$4             1.961      0.141     13.935      0.000
    N53$1             -1.166      0.085    -13.691      0.000
    N53$2             -0.185      0.066     -2.788      0.005
    N53$3              0.795      0.074     10.725      0.000
    N53$4              1.595      0.108     14.818      0.000
    N90$1             -0.314      0.067     -4.677      0.000
    N90$2              0.519      0.069      7.487      0.000
    N90$3              1.139      0.084     13.536      0.000
    N90$4              1.646      0.111     14.788      0.000

 Variances
    F7                 1.000      0.000    999.000    999.000


R-SQUARE

    Observed                                        Two-Tailed   Residual
    Variable        Estimate       S.E.  Est./S.E.    P-Value    Variance

    N5                 0.130      0.054      2.422      0.015      0.870
    N148               0.317      0.102      3.096      0.002      0.683
    N118               0.028      0.024      1.163      0.245      0.972
    N53                0.218      0.080      2.726      0.006      0.782
    N90                0.010      0.015      0.657      0.511      0.990


QUALITY OF NUMERICAL RESULTS

     Condition Number for the Information Matrix              0.852E-03
       (ratio of smallest to largest eigenvalue)


MODEL MODIFICATION INDICES

NOTE:  Modification indices for direct effects of observed dependent variables
regressed on covariates and residual covariances among observed dependent
variables may not be included.  To include these, request MODINDICES (ALL).

Minimum M.I. value for printing the modification index     4.000

                            M.I.     E.P.C.  Std E.P.C.  StdYX E.P.C.

No modification indices above the minimum value.



     Beginning Time:  16:56:30
        Ending Time:  16:56:30
       Elapsed Time:  00:00:00



MUTHEN & MUTHEN
3463 Stoner Ave.
Los Angeles, CA  90066

Tel: (310) 391-9971
Fax: (310) 391-8971
Web: www.StatModel.com
Support: Support@StatModel.com

Copyright (c) 1998-2011 Muthen & Muthen
