Mplus VERSION 6.11 (Mac)
MUTHEN & MUTHEN
12/02/2011   4:49 PM

INPUT INSTRUCTIONS

  TITLE:

  DATA:
  FILE IS  "ARI Data 2009_Neuroticism CFA sample.txt";
  Variable:
  Names are
  respid
  n40
  n57
  n28
  n25
  n53
  n113
  n44
  n83
  n51
  n127
  n61
  n32
  n156
  n63
  n118
  n147
  n46
  n71
  n49
  n84
  n104
  n141
  n128
  n43
  n119
  n30
  n38
  n11
  n16
  n93
  n102
  n112
  n136
  n22
  n131
  n135
  n8
  n24
  n54
  n89
  n158
  n140
  n96
  n31
  n111
  n10
  n152
  n68
  n77
  n149
  n100
  n29
  n125
  n9
  n14
  n121
  n13
  n91
  n122
  n105
  n115
  n17
  n80
  n23
  n148
  n67
  n5
  n109
  n34
  n4
  n120
  n60
  n124
  n18
  n137
  n2
  n65
  n151
  n117
  n1
  n37
  n154
  n87
  n45
  n86
  n130
  n110
  n85
  n143
  n56
  n36
  n66
  n134
  n50
  n114
  n47
  n52
  n98
  n15
  n58
  n70
  n59
  n75
  n116
  n35
  n88
  n79
  n69
  n82
  n144
  n157
  n55
  n138
  n73
  n33
  n90
  n107
  n81
  Filter
  filter_
  ;

  USEVARIABLES ARE
  N140
          N138
          N137
          N38
          N45
          N54
          N105
          N8
          N136
          N109
          N40
          N1
          N44
          N35
          N63
          N134
          N13
          N43;

  MISSING ARE ALL (-99);
  categorical are all;

  Model:



  assured by
          N140
          N138
          N137
          N38
          N45
          N54
          N105
          N8
          N136
          N109
          N40
          N1
          N44
          N35
          N63
          N134
          N13
          N43;



  Analysis:
  ESTIMATOR IS WLSMV;

  OUTPUT: STDYX MODINDICES(4);



*** WARNING
  Data set contains cases with missing on all variables.
  These cases were not included in the analysis.
  Number of cases with missing on all variables:  2
   1 WARNING(S) FOUND IN THE INPUT INSTRUCTIONS




SUMMARY OF ANALYSIS

Number of groups                                                 1
Number of observations                                         361

Number of dependent variables                                   18
Number of independent variables                                  0
Number of continuous latent variables                            1

Observed dependent variables

  Binary and ordered categorical (ordinal)
   N140        N138        N137        N38         N45         N54
   N105        N8          N136        N109        N40         N1
   N44         N35         N63         N134        N13         N43

Continuous latent variables
   ASSURED


Estimator                                                    WLSMV
Maximum number of iterations                                  1000
Convergence criterion                                    0.500D-04
Maximum number of steepest descent iterations                   20
Maximum number of iterations for H1                           2000
Convergence criterion for H1                             0.100D-03
Parameterization                                             DELTA

Input data file(s)
  ARI Data 2009_Neuroticism CFA sample.txt

Input data format  FREE


SUMMARY OF DATA

     Number of missing data patterns             1


COVARIANCE COVERAGE OF DATA

Minimum covariance coverage value   0.100


     PROPORTION OF DATA PRESENT


           Covariance Coverage
              N140          N138          N137          N38           N45
              ________      ________      ________      ________      ________
 N140           1.000
 N138           1.000         1.000
 N137           1.000         1.000         1.000
 N38            1.000         1.000         1.000         1.000
 N45            1.000         1.000         1.000         1.000         1.000
 N54            1.000         1.000         1.000         1.000         1.000
 N105           1.000         1.000         1.000         1.000         1.000
 N8             1.000         1.000         1.000         1.000         1.000
 N136           1.000         1.000         1.000         1.000         1.000
 N109           1.000         1.000         1.000         1.000         1.000
 N40            1.000         1.000         1.000         1.000         1.000
 N1             1.000         1.000         1.000         1.000         1.000
 N44            1.000         1.000         1.000         1.000         1.000
 N35            1.000         1.000         1.000         1.000         1.000
 N63            1.000         1.000         1.000         1.000         1.000
 N134           1.000         1.000         1.000         1.000         1.000
 N13            1.000         1.000         1.000         1.000         1.000
 N43            1.000         1.000         1.000         1.000         1.000


           Covariance Coverage
              N54           N105          N8            N136          N109
              ________      ________      ________      ________      ________
 N54            1.000
 N105           1.000         1.000
 N8             1.000         1.000         1.000
 N136           1.000         1.000         1.000         1.000
 N109           1.000         1.000         1.000         1.000         1.000
 N40            1.000         1.000         1.000         1.000         1.000
 N1             1.000         1.000         1.000         1.000         1.000
 N44            1.000         1.000         1.000         1.000         1.000
 N35            1.000         1.000         1.000         1.000         1.000
 N63            1.000         1.000         1.000         1.000         1.000
 N134           1.000         1.000         1.000         1.000         1.000
 N13            1.000         1.000         1.000         1.000         1.000
 N43            1.000         1.000         1.000         1.000         1.000


           Covariance Coverage
              N40           N1            N44           N35           N63
              ________      ________      ________      ________      ________
 N40            1.000
 N1             1.000         1.000
 N44            1.000         1.000         1.000
 N35            1.000         1.000         1.000         1.000
 N63            1.000         1.000         1.000         1.000         1.000
 N134           1.000         1.000         1.000         1.000         1.000
 N13            1.000         1.000         1.000         1.000         1.000
 N43            1.000         1.000         1.000         1.000         1.000


           Covariance Coverage
              N134          N13           N43
              ________      ________      ________
 N134           1.000
 N13            1.000         1.000
 N43            1.000         1.000         1.000


UNIVARIATE PROPORTIONS AND COUNTS FOR CATEGORICAL VARIABLES

    N140
      Category 1    0.022        8.000
      Category 2    0.091       33.000
      Category 3    0.346      125.000
      Category 4    0.388      140.000
      Category 5    0.152       55.000
    N138
      Category 1    0.028       10.000
      Category 2    0.108       39.000
      Category 3    0.363      131.000
      Category 4    0.332      120.000
      Category 5    0.169       61.000
    N137
      Category 1    0.022        8.000
      Category 2    0.105       38.000
      Category 3    0.377      136.000
      Category 4    0.313      113.000
      Category 5    0.183       66.000
    N38
      Category 1    0.039       14.000
      Category 2    0.114       41.000
      Category 3    0.352      127.000
      Category 4    0.366      132.000
      Category 5    0.130       47.000
    N45
      Category 1    0.014        5.000
      Category 2    0.055       20.000
      Category 3    0.247       89.000
      Category 4    0.440      159.000
      Category 5    0.244       88.000
    N54
      Category 1    0.047       17.000
      Category 2    0.169       61.000
      Category 3    0.366      132.000
      Category 4    0.277      100.000
      Category 5    0.141       51.000
    N105
      Category 1    0.011        4.000
      Category 2    0.064       23.000
      Category 3    0.233       84.000
      Category 4    0.463      167.000
      Category 5    0.230       83.000
    N8
      Category 1    0.017        6.000
      Category 2    0.028       10.000
      Category 3    0.216       78.000
      Category 4    0.366      132.000
      Category 5    0.374      135.000
    N136
      Category 1    0.039       14.000
      Category 2    0.133       48.000
      Category 3    0.438      158.000
      Category 4    0.285      103.000
      Category 5    0.105       38.000
    N109
      Category 1    0.014        5.000
      Category 2    0.075       27.000
      Category 3    0.313      113.000
      Category 4    0.438      158.000
      Category 5    0.161       58.000
    N40
      Category 1    0.014        5.000
      Category 2    0.091       33.000
      Category 3    0.302      109.000
      Category 4    0.366      132.000
      Category 5    0.227       82.000
    N1
      Category 1    0.019        7.000
      Category 2    0.064       23.000
      Category 3    0.382      138.000
      Category 4    0.371      134.000
      Category 5    0.163       59.000
    N44
      Category 1    0.033       12.000
      Category 2    0.155       56.000
      Category 3    0.324      117.000
      Category 4    0.363      131.000
      Category 5    0.125       45.000
    N35
      Category 1    0.019        7.000
      Category 2    0.116       42.000
      Category 3    0.313      113.000
      Category 4    0.371      134.000
      Category 5    0.180       65.000
    N63
      Category 1    0.055       20.000
      Category 2    0.127       46.000
      Category 3    0.285      103.000
      Category 4    0.346      125.000
      Category 5    0.186       67.000
    N134
      Category 1    0.011        4.000
      Category 2    0.136       49.000
      Category 3    0.332      120.000
      Category 4    0.341      123.000
      Category 5    0.180       65.000
    N13
      Category 1    0.053       19.000
      Category 2    0.235       85.000
      Category 3    0.393      142.000
      Category 4    0.224       81.000
      Category 5    0.094       34.000
    N43
      Category 1    0.039       14.000
      Category 2    0.161       58.000
      Category 3    0.371      134.000
      Category 4    0.321      116.000
      Category 5    0.108       39.000



THE MODEL ESTIMATION TERMINATED NORMALLY



MODEL FIT INFORMATION

Number of Free Parameters                       90

Chi-Square Test of Model Fit

          Value                            440.860*
          Degrees of Freedom                   135
          P-Value                           0.0000

*   The chi-square value for MLM, MLMV, MLR, ULSMV, WLSM and WLSMV cannot be used
    for chi-square difference testing in the regular way.  MLM, MLR and WLSM
    chi-square difference testing is described on the Mplus website.  MLMV, WLSMV,
    and ULSMV difference testing is done using the DIFFTEST option.

RMSEA (Root Mean Square Error Of Approximation)

          Estimate                           0.079
          90 Percent C.I.                    0.071  0.088
          Probability RMSEA <= .05           0.000

CFI/TLI

          CFI                                0.919
          TLI                                0.908

Chi-Square Test of Model Fit for the Baseline Model

          Value                           3910.822
          Degrees of Freedom                   153
          P-Value                           0.0000

WRMR (Weighted Root Mean Square Residual)

          Value                              1.246



MODEL RESULTS

                                                    Two-Tailed
                    Estimate       S.E.  Est./S.E.    P-Value

 ASSURED  BY
    N140               1.000      0.000    999.000    999.000
    N138               0.931      0.037     25.349      0.000
    N137               0.927      0.032     28.607      0.000
    N38                0.786      0.040     19.422      0.000
    N45                0.759      0.045     17.038      0.000
    N54                0.787      0.035     22.442      0.000
    N105               0.821      0.037     22.220      0.000
    N8                 0.681      0.052     12.976      0.000
    N136               0.575      0.049     11.857      0.000
    N109               0.823      0.040     20.615      0.000
    N40                0.548      0.055     10.048      0.000
    N1                 0.753      0.045     16.670      0.000
    N44                0.703      0.047     14.932      0.000
    N35                0.559      0.050     11.234      0.000
    N63                0.395      0.057      6.921      0.000
    N134               0.564      0.054     10.401      0.000
    N13                0.548      0.054     10.169      0.000
    N43                0.275      0.059      4.659      0.000

 Thresholds
    N140$1            -2.011      0.147    -13.707      0.000
    N140$2            -1.208      0.087    -13.914      0.000
    N140$3            -0.101      0.066     -1.526      0.127
    N140$4             1.026      0.080     12.784      0.000
    N138$1            -1.916      0.136    -14.123      0.000
    N138$2            -1.100      0.083    -13.294      0.000
    N138$3            -0.003      0.066     -0.053      0.958
    N138$4             0.958      0.078     12.247      0.000
    N137$1            -2.011      0.147    -13.707      0.000
    N137$2            -1.139      0.084    -13.536      0.000
    N137$3             0.010      0.066      0.158      0.875
    N137$4             0.905      0.077     11.783      0.000
    N38$1             -1.765      0.121    -14.596      0.000
    N38$2             -1.026      0.080    -12.784      0.000
    N38$3              0.010      0.066      0.158      0.875
    N38$4              1.125      0.084     13.457      0.000
    N45$1             -2.201      0.174    -12.655      0.000
    N45$2             -1.481      0.100    -14.763      0.000
    N45$3             -0.480      0.069     -6.970      0.000
    N45$4              0.694      0.072      9.632      0.000
    N54$1             -1.674      0.113    -14.758      0.000
    N54$2             -0.786      0.074    -10.627      0.000
    N54$3              0.206      0.066      3.103      0.002
    N54$4              1.075      0.082     13.128      0.000
    N105$1            -2.288      0.189    -12.101      0.000
    N105$2            -1.441      0.098    -14.702      0.000
    N105$3            -0.503      0.069     -7.281      0.000
    N105$4             0.739      0.073     10.132      0.000
    N8$1              -2.129      0.163    -13.086      0.000
    N8$2              -1.703      0.116    -14.718      0.000
    N8$3              -0.642      0.071     -9.025      0.000
    N8$4               0.321      0.067      4.781      0.000
    N136$1            -1.765      0.121    -14.596      0.000
    N136$2            -0.947      0.078    -12.155      0.000
    N136$3             0.278      0.067      4.153      0.000
    N136$4             1.252      0.089     14.121      0.000
    N109$1            -2.201      0.174    -12.655      0.000
    N109$2            -1.349      0.093    -14.481      0.000
    N109$3            -0.249      0.067     -3.733      0.000
    N109$4             0.992      0.079     12.519      0.000
    N40$1             -2.201      0.174    -12.655      0.000
    N40$2             -1.252      0.089    -14.121      0.000
    N40$3             -0.235      0.067     -3.523      0.000
    N40$4              0.748      0.073     10.231      0.000
    N1$1              -2.067      0.154    -13.429      0.000
    N1$2              -1.385      0.095    -14.580      0.000
    N1$3              -0.087      0.066     -1.316      0.188
    N1$4               0.980      0.079     12.429      0.000
    N44$1             -1.835      0.127    -14.406      0.000
    N44$2             -0.884      0.076    -11.594      0.000
    N44$3              0.031      0.066      0.474      0.636
    N44$4              1.152      0.085     13.614      0.000
    N35$1             -2.067      0.154    -13.429      0.000
    N35$2             -1.100      0.083    -13.294      0.000
    N35$3             -0.129      0.066     -1.947      0.052
    N35$4              0.915      0.077     11.877      0.000
    N63$1             -1.595      0.108    -14.818      0.000
    N63$2             -0.905      0.077    -11.783      0.000
    N63$3             -0.080      0.066     -1.210      0.226
    N63$4              0.894      0.077     11.689      0.000
    N134$1            -2.288      0.189    -12.101      0.000
    N134$2            -1.050      0.081    -12.958      0.000
    N134$3            -0.052      0.066     -0.789      0.430
    N134$4             0.915      0.077     11.877      0.000
    N13$1             -1.620      0.109    -14.807      0.000
    N13$2             -0.559      0.070     -8.003      0.000
    N13$3              0.472      0.069      6.866      0.000
    N13$4              1.315      0.092     14.371      0.000
    N43$1             -1.765      0.121    -14.596      0.000
    N43$2             -0.844      0.075    -11.211      0.000
    N43$3              0.178      0.066      2.683      0.007
    N43$4              1.237      0.088     14.054      0.000

 Variances
    ASSURED            0.617      0.036     17.182      0.000


STANDARDIZED MODEL RESULTS


STDYX Standardization

                                                    Two-Tailed
                    Estimate       S.E.  Est./S.E.    P-Value

 ASSURED  BY
    N140               0.786      0.023     34.364      0.000
    N138               0.732      0.026     28.275      0.000
    N137               0.728      0.024     29.896      0.000
    N38                0.618      0.031     20.234      0.000
    N45                0.596      0.035     17.119      0.000
    N54                0.618      0.030     20.780      0.000
    N105               0.645      0.031     21.098      0.000
    N8                 0.535      0.040     13.231      0.000
    N136               0.452      0.039     11.570      0.000
    N109               0.646      0.030     21.210      0.000
    N40                0.431      0.042     10.270      0.000
    N1                 0.592      0.033     17.884      0.000
    N44                0.553      0.036     15.443      0.000
    N35                0.439      0.039     11.182      0.000
    N63                0.311      0.045      6.913      0.000
    N134               0.443      0.042     10.567      0.000
    N13                0.431      0.042     10.267      0.000
    N43                0.216      0.047      4.646      0.000

 Thresholds
    N140$1            -2.011      0.147    -13.707      0.000
    N140$2            -1.208      0.087    -13.914      0.000
    N140$3            -0.101      0.066     -1.526      0.127
    N140$4             1.026      0.080     12.784      0.000
    N138$1            -1.916      0.136    -14.123      0.000
    N138$2            -1.100      0.083    -13.294      0.000
    N138$3            -0.003      0.066     -0.053      0.958
    N138$4             0.958      0.078     12.247      0.000
    N137$1            -2.011      0.147    -13.707      0.000
    N137$2            -1.139      0.084    -13.536      0.000
    N137$3             0.010      0.066      0.158      0.875
    N137$4             0.905      0.077     11.783      0.000
    N38$1             -1.765      0.121    -14.596      0.000
    N38$2             -1.026      0.080    -12.784      0.000
    N38$3              0.010      0.066      0.158      0.875
    N38$4              1.125      0.084     13.457      0.000
    N45$1             -2.201      0.174    -12.655      0.000
    N45$2             -1.481      0.100    -14.763      0.000
    N45$3             -0.480      0.069     -6.970      0.000
    N45$4              0.694      0.072      9.632      0.000
    N54$1             -1.674      0.113    -14.758      0.000
    N54$2             -0.786      0.074    -10.627      0.000
    N54$3              0.206      0.066      3.103      0.002
    N54$4              1.075      0.082     13.128      0.000
    N105$1            -2.288      0.189    -12.101      0.000
    N105$2            -1.441      0.098    -14.702      0.000
    N105$3            -0.503      0.069     -7.281      0.000
    N105$4             0.739      0.073     10.132      0.000
    N8$1              -2.129      0.163    -13.086      0.000
    N8$2              -1.703      0.116    -14.718      0.000
    N8$3              -0.642      0.071     -9.025      0.000
    N8$4               0.321      0.067      4.781      0.000
    N136$1            -1.765      0.121    -14.596      0.000
    N136$2            -0.947      0.078    -12.155      0.000
    N136$3             0.278      0.067      4.153      0.000
    N136$4             1.252      0.089     14.121      0.000
    N109$1            -2.201      0.174    -12.655      0.000
    N109$2            -1.349      0.093    -14.481      0.000
    N109$3            -0.249      0.067     -3.733      0.000
    N109$4             0.992      0.079     12.519      0.000
    N40$1             -2.201      0.174    -12.655      0.000
    N40$2             -1.252      0.089    -14.121      0.000
    N40$3             -0.235      0.067     -3.523      0.000
    N40$4              0.748      0.073     10.231      0.000
    N1$1              -2.067      0.154    -13.429      0.000
    N1$2              -1.385      0.095    -14.580      0.000
    N1$3              -0.087      0.066     -1.316      0.188
    N1$4               0.980      0.079     12.429      0.000
    N44$1             -1.835      0.127    -14.406      0.000
    N44$2             -0.884      0.076    -11.594      0.000
    N44$3              0.031      0.066      0.474      0.636
    N44$4              1.152      0.085     13.614      0.000
    N35$1             -2.067      0.154    -13.429      0.000
    N35$2             -1.100      0.083    -13.294      0.000
    N35$3             -0.129      0.066     -1.947      0.052
    N35$4              0.915      0.077     11.877      0.000
    N63$1             -1.595      0.108    -14.818      0.000
    N63$2             -0.905      0.077    -11.783      0.000
    N63$3             -0.080      0.066     -1.210      0.226
    N63$4              0.894      0.077     11.689      0.000
    N134$1            -2.288      0.189    -12.101      0.000
    N134$2            -1.050      0.081    -12.958      0.000
    N134$3            -0.052      0.066     -0.789      0.430
    N134$4             0.915      0.077     11.877      0.000
    N13$1             -1.620      0.109    -14.807      0.000
    N13$2             -0.559      0.070     -8.003      0.000
    N13$3              0.472      0.069      6.866      0.000
    N13$4              1.315      0.092     14.371      0.000
    N43$1             -1.765      0.121    -14.596      0.000
    N43$2             -0.844      0.075    -11.211      0.000
    N43$3              0.178      0.066      2.683      0.007
    N43$4              1.237      0.088     14.054      0.000

 Variances
    ASSURED            1.000      0.000    999.000    999.000


R-SQUARE

    Observed                                        Two-Tailed   Residual
    Variable        Estimate       S.E.  Est./S.E.    P-Value    Variance

    N140               0.617      0.036     17.182      0.000      0.383
    N138               0.535      0.038     14.137      0.000      0.465
    N137               0.530      0.035     14.948      0.000      0.470
    N38                0.382      0.038     10.117      0.000      0.618
    N45                0.355      0.042      8.559      0.000      0.645
    N54                0.383      0.037     10.390      0.000      0.617
    N105               0.416      0.039     10.549      0.000      0.584
    N8                 0.286      0.043      6.615      0.000      0.714
    N136               0.204      0.035      5.785      0.000      0.796
    N109               0.418      0.039     10.605      0.000      0.582
    N40                0.186      0.036      5.135      0.000      0.814
    N1                 0.350      0.039      8.942      0.000      0.650
    N44                0.305      0.040      7.721      0.000      0.695
    N35                0.193      0.034      5.591      0.000      0.807
    N63                0.096      0.028      3.457      0.001      0.904
    N134               0.196      0.037      5.283      0.000      0.804
    N13                0.186      0.036      5.133      0.000      0.814
    N43                0.047      0.020      2.323      0.020      0.953


QUALITY OF NUMERICAL RESULTS

     Condition Number for the Information Matrix              0.134E-02
       (ratio of smallest to largest eigenvalue)


MODEL MODIFICATION INDICES

NOTE:  Modification indices for direct effects of observed dependent variables
regressed on covariates and residual covariances among observed dependent
variables may not be included.  To include these, request MODINDICES (ALL).

Minimum M.I. value for printing the modification index     4.000

                            M.I.     E.P.C.  Std E.P.C.  StdYX E.P.C.

No modification indices above the minimum value.



     Beginning Time:  16:49:36
        Ending Time:  16:49:36
       Elapsed Time:  00:00:00



MUTHEN & MUTHEN
3463 Stoner Ave.
Los Angeles, CA  90066

Tel: (310) 391-9971
Fax: (310) 391-8971
Web: www.StatModel.com
Support: Support@StatModel.com

Copyright (c) 1998-2011 Muthen & Muthen
