Mplus VERSION 6.11 (Mac)
MUTHEN & MUTHEN
12/02/2011   4:51 PM

INPUT INSTRUCTIONS

  TITLE:

  DATA:
  FILE IS  "ARI Data 2009_Neuroticism CFA sample.txt";
  Variable:
  Names are
  respid
  n40
  n57
  n28
  n25
  n53
  n113
  n44
  n83
  n51
  n127
  n61
  n32
  n156
  n63
  n118
  n147
  n46
  n71
  n49
  n84
  n104
  n141
  n128
  n43
  n119
  n30
  n38
  n11
  n16
  n93
  n102
  n112
  n136
  n22
  n131
  n135
  n8
  n24
  n54
  n89
  n158
  n140
  n96
  n31
  n111
  n10
  n152
  n68
  n77
  n149
  n100
  n29
  n125
  n9
  n14
  n121
  n13
  n91
  n122
  n105
  n115
  n17
  n80
  n23
  n148
  n67
  n5
  n109
  n34
  n4
  n120
  n60
  n124
  n18
  n137
  n2
  n65
  n151
  n117
  n1
  n37
  n154
  n87
  n45
  n86
  n130
  n110
  n85
  n143
  n56
  n36
  n66
  n134
  n50
  n114
  n47
  n52
  n98
  n15
  n58
  n70
  n59
  n75
  n116
  n35
  n88
  n79
  n69
  n82
  n144
  n157
  n55
  n138
  n73
  n33
  n90
  n107
  n81
  Filter
  filter_
  ;

  USEVARIABLES ARE
          N61
          N87
          N16
          N117
          N111
          N86;

  MISSING ARE ALL (-99);
  categorical are all;

  Model:

  lethargia        by
          N61
          N87
          N16
          N117
          N111
          N86;



  Analysis:
  ESTIMATOR IS WLSMV;

  OUTPUT: STDYX MODINDICES(4);



*** WARNING
  Variable name contains more than 8 characters.
  Only the first 8 characters will be printed in the output.
  Variable: LETHARGIA
*** WARNING
  Data set contains cases with missing on all variables.
  These cases were not included in the analysis.
  Number of cases with missing on all variables:  2
   2 WARNING(S) FOUND IN THE INPUT INSTRUCTIONS




SUMMARY OF ANALYSIS

Number of groups                                                 1
Number of observations                                         361

Number of dependent variables                                    6
Number of independent variables                                  0
Number of continuous latent variables                            1

Observed dependent variables

  Binary and ordered categorical (ordinal)
   N61         N87         N16         N117        N111        N86

Continuous latent variables
   LETHARGI


Estimator                                                    WLSMV
Maximum number of iterations                                  1000
Convergence criterion                                    0.500D-04
Maximum number of steepest descent iterations                   20
Maximum number of iterations for H1                           2000
Convergence criterion for H1                             0.100D-03
Parameterization                                             DELTA

Input data file(s)
  ARI Data 2009_Neuroticism CFA sample.txt

Input data format  FREE


SUMMARY OF DATA

     Number of missing data patterns             1


COVARIANCE COVERAGE OF DATA

Minimum covariance coverage value   0.100


     PROPORTION OF DATA PRESENT


           Covariance Coverage
              N61           N87           N16           N117          N111
              ________      ________      ________      ________      ________
 N61            1.000
 N87            1.000         1.000
 N16            1.000         1.000         1.000
 N117           1.000         1.000         1.000         1.000
 N111           1.000         1.000         1.000         1.000         1.000
 N86            1.000         1.000         1.000         1.000         1.000


           Covariance Coverage
              N86
              ________
 N86            1.000


UNIVARIATE PROPORTIONS AND COUNTS FOR CATEGORICAL VARIABLES

    N61
      Category 1    0.108       39.000
      Category 2    0.324      117.000
      Category 3    0.393      142.000
      Category 4    0.122       44.000
      Category 5    0.053       19.000
    N87
      Category 1    0.235       85.000
      Category 2    0.335      121.000
      Category 3    0.249       90.000
      Category 4    0.105       38.000
      Category 5    0.075       27.000
    N16
      Category 1    0.155       56.000
      Category 2    0.346      125.000
      Category 3    0.399      144.000
      Category 4    0.061       22.000
      Category 5    0.039       14.000
    N117
      Category 1    0.108       39.000
      Category 2    0.247       89.000
      Category 3    0.277      100.000
      Category 4    0.205       74.000
      Category 5    0.163       59.000
    N111
      Category 1    0.274       99.000
      Category 2    0.432      156.000
      Category 3    0.211       76.000
      Category 4    0.066       24.000
      Category 5    0.017        6.000
    N86
      Category 1    0.299      108.000
      Category 2    0.474      171.000
      Category 3    0.155       56.000
      Category 4    0.053       19.000
      Category 5    0.019        7.000



THE MODEL ESTIMATION TERMINATED NORMALLY



MODEL FIT INFORMATION

Number of Free Parameters                       30

Chi-Square Test of Model Fit

          Value                             34.036*
          Degrees of Freedom                     9
          P-Value                           0.0001

*   The chi-square value for MLM, MLMV, MLR, ULSMV, WLSM and WLSMV cannot be used
    for chi-square difference testing in the regular way.  MLM, MLR and WLSM
    chi-square difference testing is described on the Mplus website.  MLMV, WLSMV,
    and ULSMV difference testing is done using the DIFFTEST option.

RMSEA (Root Mean Square Error Of Approximation)

          Estimate                           0.088
          90 Percent C.I.                    0.058  0.120
          Probability RMSEA <= .05           0.022

CFI/TLI

          CFI                                0.959
          TLI                                0.932

Chi-Square Test of Model Fit for the Baseline Model

          Value                            625.610
          Degrees of Freedom                    15
          P-Value                           0.0000

WRMR (Weighted Root Mean Square Residual)

          Value                              0.748



MODEL RESULTS

                                                    Two-Tailed
                    Estimate       S.E.  Est./S.E.    P-Value

 LETHARGI BY
    N61                1.000      0.000    999.000    999.000
    N87                0.953      0.099      9.591      0.000
    N16                0.541      0.102      5.332      0.000
    N117              -0.183      0.092     -1.986      0.047
    N111               1.175      0.111     10.578      0.000
    N86                1.208      0.125      9.635      0.000

 Thresholds
    N61$1             -1.237      0.088    -14.054      0.000
    N61$2             -0.171      0.066     -2.578      0.010
    N61$3              0.936      0.078     12.063      0.000
    N61$4              1.620      0.109     14.807      0.000
    N87$1             -0.721      0.073     -9.932      0.000
    N87$2              0.178      0.066      2.683      0.007
    N87$3              0.915      0.077     11.877      0.000
    N87$4              1.441      0.098     14.702      0.000
    N16$1             -1.015      0.080    -12.697      0.000
    N16$2              0.003      0.066      0.053      0.958
    N16$3              1.283      0.090     14.251      0.000
    N16$4              1.765      0.121     14.596      0.000
    N117$1            -1.237      0.088    -14.054      0.000
    N117$2            -0.373      0.068     -5.513      0.000
    N117$3             0.336      0.067      4.991      0.000
    N117$4             0.980      0.079     12.429      0.000
    N111$1            -0.600      0.070     -8.515      0.000
    N111$2             0.543      0.070      7.797      0.000
    N111$3             1.385      0.095     14.580      0.000
    N111$4             2.129      0.163     13.086      0.000
    N86$1             -0.527      0.069     -7.591      0.000
    N86$2              0.748      0.073     10.231      0.000
    N86$3              1.461      0.099     14.735      0.000
    N86$4              2.067      0.154     13.429      0.000

 Variances
    LETHARGIA          0.362      0.054      6.687      0.000


STANDARDIZED MODEL RESULTS


STDYX Standardization

                                                    Two-Tailed
                    Estimate       S.E.  Est./S.E.    P-Value

 LETHARGI BY
    N61                0.601      0.045     13.373      0.000
    N87                0.573      0.041     13.832      0.000
    N16                0.325      0.054      6.025      0.000
    N117              -0.110      0.054     -2.031      0.042
    N111               0.707      0.041     17.036      0.000
    N86                0.727      0.043     16.898      0.000

 Thresholds
    N61$1             -1.237      0.088    -14.054      0.000
    N61$2             -0.171      0.066     -2.578      0.010
    N61$3              0.936      0.078     12.063      0.000
    N61$4              1.620      0.109     14.807      0.000
    N87$1             -0.721      0.073     -9.932      0.000
    N87$2              0.178      0.066      2.683      0.007
    N87$3              0.915      0.077     11.877      0.000
    N87$4              1.441      0.098     14.702      0.000
    N16$1             -1.015      0.080    -12.697      0.000
    N16$2              0.003      0.066      0.053      0.958
    N16$3              1.283      0.090     14.251      0.000
    N16$4              1.765      0.121     14.596      0.000
    N117$1            -1.237      0.088    -14.054      0.000
    N117$2            -0.373      0.068     -5.513      0.000
    N117$3             0.336      0.067      4.991      0.000
    N117$4             0.980      0.079     12.429      0.000
    N111$1            -0.600      0.070     -8.515      0.000
    N111$2             0.543      0.070      7.797      0.000
    N111$3             1.385      0.095     14.580      0.000
    N111$4             2.129      0.163     13.086      0.000
    N86$1             -0.527      0.069     -7.591      0.000
    N86$2              0.748      0.073     10.231      0.000
    N86$3              1.461      0.099     14.735      0.000
    N86$4              2.067      0.154     13.429      0.000

 Variances
    LETHARGIA          1.000      0.000    999.000    999.000


R-SQUARE

    Observed                                        Two-Tailed   Residual
    Variable        Estimate       S.E.  Est./S.E.    P-Value    Variance

    N61                0.362      0.054      6.687      0.000      0.638
    N87                0.329      0.047      6.916      0.000      0.671
    N16                0.106      0.035      3.012      0.003      0.894
    N117               0.012      0.012      1.015      0.310      0.988
    N111               0.499      0.059      8.518      0.000      0.501
    N86                0.528      0.062      8.449      0.000      0.472


QUALITY OF NUMERICAL RESULTS

     Condition Number for the Information Matrix              0.661E-02
       (ratio of smallest to largest eigenvalue)


MODEL MODIFICATION INDICES

NOTE:  Modification indices for direct effects of observed dependent variables
regressed on covariates and residual covariances among observed dependent
variables may not be included.  To include these, request MODINDICES (ALL).

Minimum M.I. value for printing the modification index     4.000

                            M.I.     E.P.C.  Std E.P.C.  StdYX E.P.C.

No modification indices above the minimum value.



     Beginning Time:  16:51:28
        Ending Time:  16:51:29
       Elapsed Time:  00:00:01



MUTHEN & MUTHEN
3463 Stoner Ave.
Los Angeles, CA  90066

Tel: (310) 391-9971
Fax: (310) 391-8971
Web: www.StatModel.com
Support: Support@StatModel.com

Copyright (c) 1998-2011 Muthen & Muthen
