Mplus VERSION 7.1
MUTHEN & MUTHEN
06/02/2015   2:00 PM

INPUT INSTRUCTIONS

  TITLE:

  DATA:
  FILE IS  "extraversion CFA Sample.txt";
  Variable:
  Names are
  respid
  e174
  e327
  e276
  e197
  e58
  e294
  e4
  e166
  e316
  e131
  e228
  e98
  e290
  e288
  e196
  e32
  e123
  e102
  e125
  e112
  e103
  e60
  e306
  e182
  e235
  e40
  e95
  e19
  e242
  e259
  e231
  e164
  e341
  e245
  e28
  e217
  e280
  e238
  e229
  e56
  e311
  e80
  e257
  e49
  e130
  e304
  e255
  e286
  e329
  e24
  e335
  e83
  e208
  e260
  e315
  e29
  e277
  e31
  e139
  e220
  e142
  e34
  e84
  e216
  e124
  e274
  e219
  e57
  e30
  e158
  e99
  e214
  e207
  e132
  e232
  e241
  e55
  e322
  e118
  e233
  e191
  Filter
  filter_
  ;

  USEVARIABLES ARE
  e280
  e103
  e60
  e4
  e214
  ;

  categorical are all;
  MISSING ARE ALL (-99);

  Model:
  sensat  BY
  e280
  e103
  e60
  e4
  e214
  ;

  savedata:
  file is e2.txt;
  save = fscores;

  Analysis:
  ESTIMATOR IS WLSMV;

  OUTPUT: STDYX MODINDICES(1);



*** WARNING
  Data set contains cases with missing on all variables.
  These cases were not included in the analysis.
  Number of cases with missing on all variables:  2
   1 WARNING(S) FOUND IN THE INPUT INSTRUCTIONS




SUMMARY OF ANALYSIS

Number of groups                                                 1
Number of observations                                         361

Number of dependent variables                                    5
Number of independent variables                                  0
Number of continuous latent variables                            1

Observed dependent variables

  Binary and ordered categorical (ordinal)
   E280        E103        E60         E4          E214

Continuous latent variables
   SENSAT


Estimator                                                    WLSMV
Maximum number of iterations                                  1000
Convergence criterion                                    0.500D-04
Maximum number of steepest descent iterations                   20
Maximum number of iterations for H1                           2000
Convergence criterion for H1                             0.100D-03
Parameterization                                             DELTA

Input data file(s)
  extraversion CFA Sample.txt

Input data format  FREE


SUMMARY OF DATA

     Number of missing data patterns             1


COVARIANCE COVERAGE OF DATA

Minimum covariance coverage value   0.100


     PROPORTION OF DATA PRESENT


           Covariance Coverage
              E280          E103          E60           E4            E214
              ________      ________      ________      ________      ________
 E280           1.000
 E103           1.000         1.000
 E60            1.000         1.000         1.000
 E4             1.000         1.000         1.000         1.000
 E214           1.000         1.000         1.000         1.000         1.000


UNIVARIATE PROPORTIONS AND COUNTS FOR CATEGORICAL VARIABLES

    E280
      Category 1    0.211       76.000
      Category 2    0.424      153.000
      Category 3    0.230       83.000
      Category 4    0.083       30.000
      Category 5    0.053       19.000
    E103
      Category 1    0.235       85.000
      Category 2    0.324      117.000
      Category 3    0.277      100.000
      Category 4    0.100       36.000
      Category 5    0.064       23.000
    E60
      Category 1    0.069       25.000
      Category 2    0.186       67.000
      Category 3    0.338      122.000
      Category 4    0.277      100.000
      Category 5    0.130       47.000
    E4
      Category 1    0.155       56.000
      Category 2    0.233       84.000
      Category 3    0.316      114.000
      Category 4    0.186       67.000
      Category 5    0.111       40.000
    E214
      Category 1    0.033       12.000
      Category 2    0.144       52.000
      Category 3    0.277      100.000
      Category 4    0.302      109.000
      Category 5    0.244       88.000



THE MODEL ESTIMATION TERMINATED NORMALLY



MODEL FIT INFORMATION

Number of Free Parameters                       25

Chi-Square Test of Model Fit

          Value                             40.618*
          Degrees of Freedom                     5
          P-Value                           0.0000

*   The chi-square value for MLM, MLMV, MLR, ULSMV, WLSM and WLSMV cannot be used
    for chi-square difference testing in the regular way.  MLM, MLR and WLSM
    chi-square difference testing is described on the Mplus website.  MLMV, WLSMV,
    and ULSMV difference testing is done using the DIFFTEST option.

RMSEA (Root Mean Square Error Of Approximation)

          Estimate                           0.140
          90 Percent C.I.                    0.102  0.182
          Probability RMSEA <= .05           0.000

CFI/TLI

          CFI                                0.957
          TLI                                0.915

Chi-Square Test of Model Fit for the Baseline Model

          Value                            844.891
          Degrees of Freedom                    10
          P-Value                           0.0000

WRMR (Weighted Root Mean Square Residual)

          Value                              0.853



MODEL RESULTS

                                                    Two-Tailed
                    Estimate       S.E.  Est./S.E.    P-Value

 SENSAT   BY
    E280               1.000      0.000    999.000    999.000
    E103               0.933      0.053     17.541      0.000
    E60               -0.835      0.052    -16.198      0.000
    E4                 0.769      0.052     14.805      0.000
    E214               0.389      0.068      5.708      0.000

 Thresholds
    E280$1            -0.805      0.074    -10.823      0.000
    E280$2             0.343      0.067      5.095      0.000
    E280$3             1.100      0.083     13.294      0.000
    E280$4             1.620      0.109     14.807      0.000
    E103$1            -0.721      0.073     -9.932      0.000
    E103$2             0.150      0.066      2.262      0.024
    E103$3             0.980      0.079     12.429      0.000
    E103$4             1.524      0.103     14.804      0.000
    E60$1             -1.481      0.100    -14.763      0.000
    E60$2             -0.659      0.071     -9.228      0.000
    E60$3              0.235      0.067      3.523      0.000
    E60$4              1.125      0.084     13.457      0.000
    E4$1              -1.015      0.080    -12.697      0.000
    E4$2              -0.285      0.067     -4.258      0.000
    E4$3               0.535      0.070      7.694      0.000
    E4$4               1.222      0.087     13.985      0.000
    E214$1            -1.835      0.127    -14.406      0.000
    E214$2            -0.926      0.077    -11.970      0.000
    E214$3            -0.115      0.066     -1.736      0.082
    E214$4             0.694      0.072      9.632      0.000

 Variances
    SENSAT             0.637      0.048     13.254      0.000


STANDARDIZED MODEL RESULTS


STDYX Standardization

                                                    Two-Tailed
                    Estimate       S.E.  Est./S.E.    P-Value

 SENSAT   BY
    E280               0.798      0.030     26.507      0.000
    E103               0.745      0.031     24.295      0.000
    E60               -0.666      0.034    -19.556      0.000
    E4                 0.614      0.038     16.220      0.000
    E214               0.311      0.052      5.919      0.000

 Thresholds
    E280$1            -0.805      0.074    -10.823      0.000
    E280$2             0.343      0.067      5.095      0.000
    E280$3             1.100      0.083     13.294      0.000
    E280$4             1.620      0.109     14.807      0.000
    E103$1            -0.721      0.073     -9.932      0.000
    E103$2             0.150      0.066      2.262      0.024
    E103$3             0.980      0.079     12.429      0.000
    E103$4             1.524      0.103     14.804      0.000
    E60$1             -1.481      0.100    -14.763      0.000
    E60$2             -0.659      0.071     -9.228      0.000
    E60$3              0.235      0.067      3.523      0.000
    E60$4              1.125      0.084     13.457      0.000
    E4$1              -1.015      0.080    -12.697      0.000
    E4$2              -0.285      0.067     -4.258      0.000
    E4$3               0.535      0.070      7.694      0.000
    E4$4               1.222      0.087     13.985      0.000
    E214$1            -1.835      0.127    -14.406      0.000
    E214$2            -0.926      0.077    -11.970      0.000
    E214$3            -0.115      0.066     -1.736      0.082
    E214$4             0.694      0.072      9.632      0.000

 Variances
    SENSAT             1.000      0.000    999.000    999.000


R-SQUARE

    Observed                                        Two-Tailed   Residual
    Variable        Estimate       S.E.  Est./S.E.    P-Value    Variance

    E280               0.637      0.048     13.254      0.000      0.363
    E103               0.554      0.046     12.148      0.000      0.446
    E60                0.444      0.045      9.778      0.000      0.556
    E4                 0.377      0.046      8.110      0.000      0.623
    E214               0.096      0.033      2.960      0.003      0.904


QUALITY OF NUMERICAL RESULTS

     Condition Number for the Information Matrix              0.164E-01
       (ratio of smallest to largest eigenvalue)


MODEL MODIFICATION INDICES

NOTE:  Modification indices for direct effects of observed dependent variables
regressed on covariates and residual covariances among observed dependent
variables may not be included.  To include these, request MODINDICES (ALL).

Minimum M.I. value for printing the modification index     1.000

                                   M.I.     E.P.C.  Std E.P.C.  StdYX E.P.C.

No modification indices above the minimum value.



SAMPLE STATISTICS FOR ESTIMATED FACTOR SCORES


     SAMPLE STATISTICS


           Means
              SENSAT
              ________
 1              0.005


           Covariances
              SENSAT
              ________
 SENSAT         0.485


           Correlations
              SENSAT
              ________
 SENSAT         1.000


SAVEDATA INFORMATION


  Save file
    e2.txt

  Order and format of variables

    E280           F10.3
    E103           F10.3
    E60            F10.3
    E4             F10.3
    E214           F10.3
    SENSAT         F10.3

  Save file format
    6F10.3

  Save file record length    10000


DIAGRAM INFORMATION

  Use View Diagram under the Diagram menu in the Mplus Editor to view the diagram.
  If running Mplus from the Mplus Diagrammer, the diagram opens automatically.

  Diagram output
    f:\ipip paper\sample_usa\cfa\extraversion\5 items\extraversion cfa sample - sensation seeking_5

     Beginning Time:  14:00:54
        Ending Time:  14:00:54
       Elapsed Time:  00:00:00



MUTHEN & MUTHEN
3463 Stoner Ave.
Los Angeles, CA  90066

Tel: (310) 391-9971
Fax: (310) 391-8971
Web: www.StatModel.com
Support: Support@StatModel.com

Copyright (c) 1998-2013 Muthen & Muthen
