Mplus VERSION 5.2
MUTHEN & MUTHEN
06/26/2012  11:35 AM

INPUT INSTRUCTIONS


  DATA:
   FILE IS  "ITS_TQIPIP.txt";

  VARIABLE:
   NAMES ARE
  id
  sex
  age
  A1_1
  A1_2
  A1_3
  A1_4
  A1_5
  A2_1
  A2_2
  A2_3
  A2_4
  A2_5
  A3_1
  A3_2
  A3_3
  A3_4
  A3_5
  A4_1
  A4_2
  A4_3
  A4_4
  A4_5
  A5_1
  A5_2
  A5_3
  A5_4
  A5_5
  A6_1
  A6_2
  A6_3
  A6_4
  A6_5
  A7_1
  A7_2
  A7_3
  A7_4
  A7_5
  A8_1
  A8_2
  A8_3
  A8_4
  A8_5
  C1_1
  C1_2
  C1_3
  C1_4
  C1_5
  C2_1
  C2_2
  C2_3
  C2_4
  C2_5
  C3_1
  C3_2
  C3_3
  C3_4
  C3_5
  C4_1
  C4_2
  C4_3
  C4_4
  C4_5
  C5_1
  C5_2
  C5_3
  C5_4
  C5_5
  C6_1
  C6_2
  C6_3
  C6_4
  C6_5
  C7_1
  C7_2
  C7_3
  C7_4
  C7_5
  C8_1
  C8_2
  C8_3
  C8_4
  C8_5
  C9_1
  C9_2
  C9_3
  C9_4
  C9_5
  E1_1
  E1_2
  E1_3
  E1_4
  E1_5
  E2_1
  E2_2
  E2_3
  E2_4
  E2_5
  E3_1
  E3_2
  E3_3
  E3_4
  E3_5
  E4_1
  E4_2
  E4_3
  E4_4
  E4_5
  E5_1
  E5_2
  E5_3
  E5_4
  E5_5
  E6_1
  E6_2
  E6_3
  E6_4
  E6_5
  E7_1
  E7_2
  E7_3
  E7_4
  E7_5
  E8_1
  E8_2
  E8_3
  E8_4
  E8_5
  E9_1
  E9_2
  E9_3
  N1_1
  N1_2
  N1_3
  N1_4
  N1_5
  N2_1
  N2_2
  N2_3
  N2_4
  N2_5
  N3_1
  N3_2
  N3_3
  N3_4
  N3_5
  N4_1
  N4_2
  N4_3
  N4_4
  N4_5
  N5_1
  N5_2
  N5_3
  N5_4
  N5_5
  N6_1
  N6_2
  N6_3
  N6_4
  N6_5
  N7_1
  N7_2
  N7_3
  O1_1
  O1_2
  O1_3
  O1_4
  O1_5
  O2_1
  O2_2
  O2_3
  O2_4
  O2_5
  O3_1
  O3_2
  O3_3
  O3_4
  O3_5
  O4_1
  O4_2
  O4_3
  O4_4
  O4_5
  O5_1
  O5_2
  O5_3
  O5_4
  O5_5
  O6_1
  O6_2
  O6_3
  O6_4
  O6_5
  O7_1
  O7_2
  O7_3
  O7_4
  O7_5
  O8_1
  O8_2
  O8_3
  O8_4
  O9_1
  O9_2
  O9_4
  dataset;


   USEVARIABLES ARE
  N2_1
  N2_2
  N2_3
  N2_4
  N2_5
  ;

  Grouping is Dataset (0 = German 1 = US);

  MISSING ARE ALL (-99);

  MODEL:

  N2 by  N2_1
  N2_2
  N2_3
  N2_4
  N2_5;
  [N2@0];

  Model German:
  ;

  Model US:
  ;



  [N2_1 N2_2 N2_3 N2_4 N2_5];

  ANALYSIS:
   ESTIMATOR IS ML;
   Iterations are 10000;

   OUTPUT: STDYX MODINDICES(4);



INPUT READING TERMINATED NORMALLY




SUMMARY OF ANALYSIS

Number of groups                                                 2
Number of observations
   Group GERMAN                                                387
   Group US                                                    722

Number of dependent variables                                    5
Number of independent variables                                  0
Number of continuous latent variables                            1

Observed dependent variables

  Continuous
   N2_1        N2_2        N2_3        N2_4        N2_5

Continuous latent variables
   N2

Variables with special functions

  Grouping variable     DATASET

Estimator                                                       ML
Information matrix                                        OBSERVED
Maximum number of iterations                                 10000
Convergence criterion                                    0.500D-04
Maximum number of steepest descent iterations                   20
Maximum number of iterations for H1                           2000
Convergence criterion for H1                             0.100D-03

Input data file(s)
  ITS_TQIPIP.txt

Input data format  FREE


SUMMARY OF DATA

   Group GERMAN
     Number of missing data patterns             1

   Group US
     Number of missing data patterns             1


COVARIANCE COVERAGE OF DATA

Minimum covariance coverage value   0.100


     PROPORTION OF DATA PRESENT FOR GERMAN


           Covariance Coverage
              N2_1          N2_2          N2_3          N2_4          N2_5
              ________      ________      ________      ________      ________
 N2_1           1.000
 N2_2           1.000         1.000
 N2_3           1.000         1.000         1.000
 N2_4           1.000         1.000         1.000         1.000
 N2_5           1.000         1.000         1.000         1.000         1.000


     PROPORTION OF DATA PRESENT FOR US


           Covariance Coverage
              N2_1          N2_2          N2_3          N2_4          N2_5
              ________      ________      ________      ________      ________
 N2_1           1.000
 N2_2           1.000         1.000
 N2_3           1.000         1.000         1.000
 N2_4           1.000         1.000         1.000         1.000
 N2_5           1.000         1.000         1.000         1.000         1.000



THE MODEL ESTIMATION TERMINATED NORMALLY



TESTS OF MODEL FIT

Chi-Square Test of Model Fit

          Value                             80.123
          Degrees of Freedom                    14
          P-Value                           0.0000

Chi-Square Contributions From Each Group

          GERMAN                            46.554
          US                                33.569

Chi-Square Test of Model Fit for the Baseline Model

          Value                           1892.935
          Degrees of Freedom                    20
          P-Value                           0.0000

CFI/TLI

          CFI                                0.965
          TLI                                0.950

Loglikelihood

          H0 Value                       -7250.946
          H1 Value                       -7210.885

Information Criteria

          Number of Free Parameters             26
          Akaike (AIC)                   14553.892
          Bayesian (BIC)                 14684.184
          Sample-Size Adjusted BIC       14601.601
            (n* = (n + 2) / 24)

RMSEA (Root Mean Square Error Of Approximation)

          Estimate                           0.092
          90 Percent C.I.                    0.073  0.112

SRMR (Standardized Root Mean Square Residual)

          Value                              0.052



MODEL RESULTS

                                                    Two-Tailed
                    Estimate       S.E.  Est./S.E.    P-Value

Group GERMAN

 N2       BY
    N2_1               1.000      0.000    999.000    999.000
    N2_2               0.839      0.040     21.077      0.000
    N2_3               0.781      0.042     18.616      0.000
    N2_4               1.033      0.043     23.842      0.000
    N2_5               0.811      0.038     21.209      0.000

 Means
    N2                 0.000      0.000    999.000    999.000

 Intercepts
    N2_1               2.488      0.056     44.506      0.000
    N2_2               1.928      0.051     38.016      0.000
    N2_3               2.300      0.058     39.634      0.000
    N2_4               2.364      0.057     41.120      0.000
    N2_5               1.902      0.047     40.494      0.000

 Variances
    N2                 0.763      0.074     10.378      0.000

 Residual Variances
    N2_1               0.447      0.042     10.532      0.000
    N2_2               0.458      0.041     11.290      0.000
    N2_3               0.837      0.066     12.721      0.000
    N2_4               0.466      0.045     10.453      0.000
    N2_5               0.352      0.033     10.624      0.000

Group US

 N2       BY
    N2_1               1.000      0.000    999.000    999.000
    N2_2               0.839      0.040     21.077      0.000
    N2_3               0.781      0.042     18.616      0.000
    N2_4               1.033      0.043     23.842      0.000
    N2_5               0.811      0.038     21.209      0.000

 Means
    N2                 0.000      0.000    999.000    999.000

 Intercepts
    N2_1               2.316      0.038     60.760      0.000
    N2_2               1.729      0.038     46.089      0.000
    N2_3               1.819      0.037     48.786      0.000
    N2_4               2.528      0.043     59.296      0.000
    N2_5               2.850      0.041     69.022      0.000

 Variances
    N2                 0.635      0.052     12.249      0.000

 Residual Variances
    N2_1               0.414      0.033     12.457      0.000
    N2_2               0.569      0.036     15.868      0.000
    N2_3               0.615      0.038     16.394      0.000
    N2_4               0.635      0.043     14.638      0.000
    N2_5               0.814      0.047     17.167      0.000


STANDARDIZED MODEL RESULTS


STDYX Standardization

                                                    Two-Tailed
                    Estimate       S.E.  Est./S.E.    P-Value

Group GERMAN

 N2       BY
    N2_1               0.794      0.020     38.876      0.000
    N2_2               0.734      0.025     28.888      0.000
    N2_3               0.598      0.029     20.796      0.000
    N2_4               0.797      0.021     38.200      0.000
    N2_5               0.767      0.025     30.243      0.000

 Means
    N2                 0.000      0.000    999.000    999.000

 Intercepts
    N2_1               2.262      0.092     24.459      0.000
    N2_2               1.932      0.080     24.025      0.000
    N2_3               2.015      0.081     24.771      0.000
    N2_4               2.090      0.087     23.978      0.000
    N2_5               2.058      0.084     24.443      0.000

 Variances
    N2                 1.000      0.000    999.000    999.000

 Residual Variances
    N2_1               0.369      0.032     11.385      0.000
    N2_2               0.461      0.037     12.333      0.000
    N2_3               0.642      0.034     18.682      0.000
    N2_4               0.364      0.033     10.938      0.000
    N2_5               0.412      0.039     10.604      0.000

Group US

 N2       BY
    N2_1               0.778      0.020     38.514      0.000
    N2_2               0.663      0.022     30.194      0.000
    N2_3               0.622      0.024     25.477      0.000
    N2_4               0.718      0.021     34.226      0.000
    N2_5               0.582      0.022     26.350      0.000

 Means
    N2                 0.000      0.000    999.000    999.000

 Intercepts
    N2_1               2.261      0.067     33.700      0.000
    N2_2               1.715      0.056     30.384      0.000
    N2_3               1.816      0.059     30.985      0.000
    N2_4               2.207      0.065     33.817      0.000
    N2_5               2.569      0.074     34.793      0.000

 Variances
    N2                 1.000      0.000    999.000    999.000

 Residual Variances
    N2_1               0.395      0.031     12.547      0.000
    N2_2               0.560      0.029     19.219      0.000
    N2_3               0.613      0.030     20.214      0.000
    N2_4               0.484      0.030     16.040      0.000
    N2_5               0.661      0.026     25.667      0.000


R-SQUARE

Group GERMAN

    Observed                                        Two-Tailed
    Variable        Estimate       S.E.  Est./S.E.    P-Value

    N2_1               0.631      0.032     19.438      0.000
    N2_2               0.539      0.037     14.444      0.000
    N2_3               0.358      0.034     10.398      0.000
    N2_4               0.636      0.033     19.100      0.000
    N2_5               0.588      0.039     15.122      0.000

Group US

    Observed                                        Two-Tailed
    Variable        Estimate       S.E.  Est./S.E.    P-Value

    N2_1               0.605      0.031     19.257      0.000
    N2_2               0.440      0.029     15.097      0.000
    N2_3               0.387      0.030     12.738      0.000
    N2_4               0.516      0.030     17.113      0.000
    N2_5               0.339      0.026     13.175      0.000


QUALITY OF NUMERICAL RESULTS

     Condition Number for the Information Matrix              0.590E-01
       (ratio of smallest to largest eigenvalue)


MODEL MODIFICATION INDICES

NOTE:  Modification indices for direct effects of observed dependent variables
regressed on covariates may not be included.  To include these, request
MODINDICES (ALL).

Minimum M.I. value for printing the modification index     4.000

                            M.I.     E.P.C.  Std E.P.C.  StdYX E.P.C.
Group GERMAN


BY Statements

N2       BY N2_1            8.416    -0.201     -0.175       -0.159
N2       BY N2_5           12.478     0.102      0.089        0.096

WITH Statements

N2_2     WITH N2_1         14.940    -0.127     -0.127       -0.280
N2_3     WITH N2_2         31.505     0.208      0.208        0.335
N2_5     WITH N2_1          8.303     0.088      0.088        0.222

Group US


BY Statements

N2       BY N2_1            8.413     0.201      0.160        0.156
N2       BY N2_5           12.488    -0.136     -0.108       -0.098

WITH Statements

N2_3     WITH N2_2         14.178     0.103      0.103        0.174
N2_4     WITH N2_1         10.882     0.108      0.108        0.212
N2_5     WITH N2_2         11.031    -0.101     -0.101       -0.149



     Beginning Time:  11:35:17
        Ending Time:  11:35:18
       Elapsed Time:  00:00:01



MUTHEN & MUTHEN
3463 Stoner Ave.
Los Angeles, CA  90066

Tel: (310) 391-9971
Fax: (310) 391-8971
Web: www.StatModel.com
Support: Support@StatModel.com

Copyright (c) 1998-2008 Muthen & Muthen
