Mplus VERSION 7.1
MUTHEN & MUTHEN
06/18/2015   4:41 PM

INPUT INSTRUCTIONS


  DATA:
   FILE IS  "ITS_TQIPIP.txt";

  VARIABLE:
   NAMES ARE
  id
  sex
  age
  A1_1
  A1_2
  A1_3
  A1_4
  A1_5
  A2_1
  A2_2
  A2_3
  A2_4
  A2_5
  A3_1
  A3_2
  A3_3
  A3_4
  A3_5
  A4_1
  A4_2
  A4_3
  A4_4
  A4_5
  A5_1
  A5_2
  A5_3
  A5_4
  A5_5
  A6_1
  A6_2
  A6_3
  A6_4
  A6_5
  A7_1
  A7_2
  A7_3
  A7_4
  A7_5
  A8_1
  A8_2
  A8_3
  A8_4
  A8_5
  C1_1
  C1_2
  C1_3
  C1_4
  C1_5
  C2_1
  C2_2
  C2_3
  C2_4
  C2_5
  C3_1
  C3_2
  C3_3
  C3_4
  C3_5
  C4_1
  C4_2
  C4_3
  C4_4
  C4_5
  C5_1
  C5_2
  C5_3
  C5_4
  C5_5
  C6_1
  C6_2
  C6_3
  C6_4
  C6_5
  C7_1
  C7_2
  C7_3
  C7_4
  C7_5
  C8_1
  C8_2
  C8_3
  C8_4
  C8_5
  C9_1
  C9_2
  C9_3
  C9_4
  C9_5
  E1_1
  E1_2
  E1_3
  E1_4
  E1_5
  E2_1
  E2_2
  E2_3
  E2_4
  E2_5
  E3_1
  E3_2
  E3_3
  E3_4
  E3_5
  E4_1
  E4_2
  E4_3
  E4_4
  E4_5
  E5_1
  E5_2
  E5_3
  E5_4
  E5_5
  E6_1
  E6_2
  E6_3
  E6_4
  E6_5
  E7_1
  E7_2
  E7_3
  E7_4
  E7_5
  E8_1
  E8_2
  E8_3
  E8_4
  E8_5
  E9_1
  E9_2
  E9_3
  N1_1
  N1_2
  N1_3
  N1_4
  N1_5
  N2_1
  N2_2
  N2_3
  N2_4
  N2_5
  N3_1
  N3_2
  N3_3
  N3_4
  N3_5
  N4_1
  N4_2
  N4_3
  N4_4
  N4_5
  N5_1
  N5_2
  N5_3
  N5_4
  N5_5
  N6_1
  N6_2
  N6_3
  N6_4
  N6_5
  N7_1
  N7_2
  N7_3
  O1_1
  O1_2
  O1_3
  O1_4
  O1_5
  O2_1
  O2_2
  O2_3
  O2_4
  O2_5
  O3_1
  O3_2
  O3_3
  O3_4
  O3_5
  O4_1
  O4_2
  O4_3
  O4_4
  O4_5
  O5_1
  O5_2
  O5_3
  O5_4
  O5_5
  O6_1
  O6_2
  O6_3
  O6_4
  O6_5
  O7_1
  O7_2
  O7_3
  O7_4
  O7_5
  O8_1
  O8_2
  O8_3
  O8_4
  O9_1
  O9_2
  O9_4
  dataset;


   USEVARIABLES ARE
  C6_1
  C6_2
  C6_3
  C6_4
  C6_5
  ;

  Grouping is Dataset (0 = German 1 = US);

  MISSING ARE ALL (-99);

  MODEL:

  C6 by  C6_1
  C6_2
  C6_3
  C6_4
  C6_5;
  [C6@0];

  Model German:
  ;

  Model US:
  ;



  [C6_1
  C6_2
  C6_3
  C6_4
  C6_5];

  ANALYSIS:
   ESTIMATOR IS ML;
   Iterations are 10000;

   OUTPUT: STDYX MODINDICES(4);



INPUT READING TERMINATED NORMALLY




SUMMARY OF ANALYSIS

Number of groups                                                 2
Number of observations
   Group GERMAN                                                387
   Group US                                                    722
   Total sample size                                          1109

Number of dependent variables                                    5
Number of independent variables                                  0
Number of continuous latent variables                            1

Observed dependent variables

  Continuous
   C6_1        C6_2        C6_3        C6_4        C6_5

Continuous latent variables
   C6

Variables with special functions

  Grouping variable     DATASET

Estimator                                                       ML
Information matrix                                        OBSERVED
Maximum number of iterations                                 10000
Convergence criterion                                    0.500D-04
Maximum number of steepest descent iterations                   20
Maximum number of iterations for H1                           2000
Convergence criterion for H1                             0.100D-03

Input data file(s)
  ITS_TQIPIP.txt

Input data format  FREE


SUMMARY OF DATA

   Group GERMAN
     Number of missing data patterns             1

   Group US
     Number of missing data patterns             1


COVARIANCE COVERAGE OF DATA

Minimum covariance coverage value   0.100


     PROPORTION OF DATA PRESENT FOR GERMAN


           Covariance Coverage
              C6_1          C6_2          C6_3          C6_4          C6_5
              ________      ________      ________      ________      ________
 C6_1           1.000
 C6_2           1.000         1.000
 C6_3           1.000         1.000         1.000
 C6_4           1.000         1.000         1.000         1.000
 C6_5           1.000         1.000         1.000         1.000         1.000


     PROPORTION OF DATA PRESENT FOR US


           Covariance Coverage
              C6_1          C6_2          C6_3          C6_4          C6_5
              ________      ________      ________      ________      ________
 C6_1           1.000
 C6_2           1.000         1.000
 C6_3           1.000         1.000         1.000
 C6_4           1.000         1.000         1.000         1.000
 C6_5           1.000         1.000         1.000         1.000         1.000



THE MODEL ESTIMATION TERMINATED NORMALLY



MODEL FIT INFORMATION

Number of Free Parameters                       26

Loglikelihood

          H0 Value                       -6823.794
          H1 Value                       -6810.482

Information Criteria

          Akaike (AIC)                   13699.589
          Bayesian (BIC)                 13829.880
          Sample-Size Adjusted BIC       13747.298
            (n* = (n + 2) / 24)

Chi-Square Test of Model Fit

          Value                             26.625
          Degrees of Freedom                    14
          P-Value                           0.0215

Chi-Square Contribution From Each Group

          GERMAN                            14.383
          US                                12.242

RMSEA (Root Mean Square Error Of Approximation)

          Estimate                           0.040
          90 Percent C.I.                    0.015  0.063
          Probability RMSEA <= .05           0.729

CFI/TLI

          CFI                                0.983
          TLI                                0.975

Chi-Square Test of Model Fit for the Baseline Model

          Value                            741.775
          Degrees of Freedom                    20
          P-Value                           0.0000

SRMR (Standardized Root Mean Square Residual)

          Value                              0.036



MODEL RESULTS

                                                    Two-Tailed
                    Estimate       S.E.  Est./S.E.    P-Value

Group GERMAN

 C6       BY
    C6_1               1.000      0.000    999.000    999.000
    C6_2               0.898      0.088     10.232      0.000
    C6_3               1.411      0.116     12.143      0.000
    C6_4               0.908      0.093      9.778      0.000
    C6_5               1.154      0.107     10.823      0.000

 Means
    C6                 0.000      0.000    999.000    999.000

 Intercepts
    C6_1               3.468      0.045     77.498      0.000
    C6_2               3.791      0.036    104.555      0.000
    C6_3               3.680      0.038     95.922      0.000
    C6_4               3.615      0.041     88.993      0.000
    C6_5               3.475      0.043     80.060      0.000

 Variances
    C6                 0.161      0.027      5.991      0.000

 Residual Variances
    C6_1               0.614      0.048     12.747      0.000
    C6_2               0.379      0.031     12.232      0.000
    C6_3               0.248      0.032      7.734      0.000
    C6_4               0.506      0.041     12.452      0.000
    C6_5               0.515      0.043     11.972      0.000

Group US

 C6       BY
    C6_1               1.000      0.000    999.000    999.000
    C6_2               0.898      0.088     10.232      0.000
    C6_3               1.411      0.116     12.143      0.000
    C6_4               0.908      0.093      9.778      0.000
    C6_5               1.154      0.107     10.823      0.000

 Means
    C6                 0.000      0.000    999.000    999.000

 Intercepts
    C6_1               3.440      0.036     96.118      0.000
    C6_2               3.744      0.034    111.567      0.000
    C6_3               3.773      0.033    114.930      0.000
    C6_4               3.256      0.037     89.176      0.000
    C6_5               3.378      0.035     96.087      0.000

 Variances
    C6                 0.214      0.032      6.668      0.000

 Residual Variances
    C6_1               0.711      0.042     16.789      0.000
    C6_2               0.640      0.037     17.129      0.000
    C6_3               0.352      0.035      9.947      0.000
    C6_4               0.786      0.045     17.436      0.000
    C6_5               0.607      0.040     15.297      0.000


STANDARDIZED MODEL RESULTS


STDYX Standardization

                                                    Two-Tailed
                    Estimate       S.E.  Est./S.E.    P-Value

Group GERMAN

 C6       BY
    C6_1               0.456      0.035     13.097      0.000
    C6_2               0.506      0.037     13.638      0.000
    C6_3               0.751      0.034     21.812      0.000
    C6_4               0.456      0.039     11.754      0.000
    C6_5               0.543      0.034     15.813      0.000

 Means
    C6                 0.000      0.000    999.000    999.000

 Intercepts
    C6_1               3.939      0.142     27.704      0.000
    C6_2               5.315      0.185     28.774      0.000
    C6_3               4.876      0.178     27.418      0.000
    C6_4               4.524      0.158     28.605      0.000
    C6_5               4.070      0.147     27.628      0.000

 Variances
    C6                 1.000      0.000    999.000    999.000

 Residual Variances
    C6_1               0.792      0.032     24.931      0.000
    C6_2               0.744      0.037     19.848      0.000
    C6_3               0.436      0.052      8.439      0.000
    C6_4               0.792      0.035     22.359      0.000
    C6_5               0.705      0.037     18.938      0.000

Group US

 C6       BY
    C6_1               0.481      0.032     14.990      0.000
    C6_2               0.461      0.031     14.865      0.000
    C6_3               0.740      0.030     24.845      0.000
    C6_4               0.428      0.032     13.472      0.000
    C6_5               0.565      0.031     18.028      0.000

 Means
    C6                 0.000      0.000    999.000    999.000

 Intercepts
    C6_1               3.577      0.098     36.488      0.000
    C6_2               4.152      0.112     37.054      0.000
    C6_3               4.277      0.116     36.761      0.000
    C6_4               3.319      0.094     35.457      0.000
    C6_5               3.576      0.097     36.699      0.000

 Variances
    C6                 1.000      0.000    999.000    999.000

 Residual Variances
    C6_1               0.769      0.031     24.890      0.000
    C6_2               0.787      0.029     27.541      0.000
    C6_3               0.452      0.044     10.244      0.000
    C6_4               0.817      0.027     29.994      0.000
    C6_5               0.680      0.035     19.180      0.000


R-SQUARE

Group GERMAN

    Observed                                        Two-Tailed
    Variable        Estimate       S.E.  Est./S.E.    P-Value

    C6_1               0.208      0.032      6.548      0.000
    C6_2               0.256      0.037      6.819      0.000
    C6_3               0.564      0.052     10.906      0.000
    C6_4               0.208      0.035      5.877      0.000
    C6_5               0.295      0.037      7.906      0.000

Group US

    Observed                                        Two-Tailed
    Variable        Estimate       S.E.  Est./S.E.    P-Value

    C6_1               0.231      0.031      7.495      0.000
    C6_2               0.213      0.029      7.433      0.000
    C6_3               0.548      0.044     12.422      0.000
    C6_4               0.183      0.027      6.736      0.000
    C6_5               0.320      0.035      9.014      0.000


QUALITY OF NUMERICAL RESULTS

     Condition Number for the Information Matrix              0.605E-02
       (ratio of smallest to largest eigenvalue)


MODEL MODIFICATION INDICES

NOTE:  Modification indices for direct effects of observed dependent variables
regressed on covariates may not be included.  To include these, request
MODINDICES (ALL).

Minimum M.I. value for printing the modification index     4.000

                                   M.I.     E.P.C.  Std E.P.C.  StdYX E.P.C.
Group GERMAN


BY Statements

C6       BY C6_4                   4.209     0.192      0.077        0.097

WITH Statements

C6_4     WITH C6_1                 4.045     0.064      0.064        0.114
C6_5     WITH C6_1                 5.300    -0.077     -0.077       -0.136

Group US


BY Statements

C6       BY C6_4                   4.208    -0.117     -0.054       -0.055

WITH Statements

C6_4     WITH C6_3                 7.324    -0.085     -0.085       -0.161
C6_5     WITH C6_1                 4.323    -0.064     -0.064       -0.098
C6_5     WITH C6_4                 4.324     0.065      0.065        0.094



DIAGRAM INFORMATION

  Use View Diagram under the Diagram menu in the Mplus Editor to view the diagram.
  If running Mplus from the Mplus Diagrammer, the diagram opens automatically.

  Diagram output
    f:\ipip paper\messinvarianz\c\c6\c6 faktorielle invarianz.dgm

     Beginning Time:  16:41:05
        Ending Time:  16:41:06
       Elapsed Time:  00:00:01



MUTHEN & MUTHEN
3463 Stoner Ave.
Los Angeles, CA  90066

Tel: (310) 391-9971
Fax: (310) 391-8971
Web: www.StatModel.com
Support: Support@StatModel.com

Copyright (c) 1998-2013 Muthen & Muthen
