Mplus VERSION 7.1
MUTHEN & MUTHEN
06/18/2015   4:35 PM

INPUT INSTRUCTIONS


  DATA:
   FILE IS  "ITS_TQIPIP.txt";

  VARIABLE:
   NAMES ARE
  id
  sex
  age
  A1_1
  A1_2
  A1_3
  A1_4
  A1_5
  A2_1
  A2_2
  A2_3
  A2_4
  A2_5
  A3_1
  A3_2
  A3_3
  A3_4
  A3_5
  A4_1
  A4_2
  A4_3
  A4_4
  A4_5
  A5_1
  A5_2
  A5_3
  A5_4
  A5_5
  A6_1
  A6_2
  A6_3
  A6_4
  A6_5
  A7_1
  A7_2
  A7_3
  A7_4
  A7_5
  A8_1
  A8_2
  A8_3
  A8_4
  A8_5
  C1_1
  C1_2
  C1_3
  C1_4
  C1_5
  C2_1
  C2_2
  C2_3
  C2_4
  C2_5
  C3_1
  C3_2
  C3_3
  C3_4
  C3_5
  C4_1
  C4_2
  C4_3
  C4_4
  C4_5
  C5_1
  C5_2
  C5_3
  C5_4
  C5_5
  C6_1
  C6_2
  C6_3
  C6_4
  C6_5
  C7_1
  C7_2
  C7_3
  C7_4
  C7_5
  C8_1
  C8_2
  C8_3
  C8_4
  C8_5
  C9_1
  C9_2
  C9_3
  C9_4
  C9_5
  E1_1
  E1_2
  E1_3
  E1_4
  E1_5
  E2_1
  E2_2
  E2_3
  E2_4
  E2_5
  E3_1
  E3_2
  E3_3
  E3_4
  E3_5
  E4_1
  E4_2
  E4_3
  E4_4
  E4_5
  E5_1
  E5_2
  E5_3
  E5_4
  E5_5
  E6_1
  E6_2
  E6_3
  E6_4
  E6_5
  E7_1
  E7_2
  E7_3
  E7_4
  E7_5
  E8_1
  E8_2
  E8_3
  E8_4
  E8_5
  E9_1
  E9_2
  E9_3
  N1_1
  N1_2
  N1_3
  N1_4
  N1_5
  N2_1
  N2_2
  N2_3
  N2_4
  N2_5
  N3_1
  N3_2
  N3_3
  N3_4
  N3_5
  N4_1
  N4_2
  N4_3
  N4_4
  N4_5
  N5_1
  N5_2
  N5_3
  N5_4
  N5_5
  N6_1
  N6_2
  N6_3
  N6_4
  N6_5
  N7_1
  N7_2
  N7_3
  O1_1
  O1_2
  O1_3
  O1_4
  O1_5
  O2_1
  O2_2
  O2_3
  O2_4
  O2_5
  O3_1
  O3_2
  O3_3
  O3_4
  O3_5
  O4_1
  O4_2
  O4_3
  O4_4
  O4_5
  O5_1
  O5_2
  O5_3
  O5_4
  O5_5
  O6_1
  O6_2
  O6_3
  O6_4
  O6_5
  O7_1
  O7_2
  O7_3
  O7_4
  O7_5
  O8_1
  O8_2
  O8_3
  O8_4
  O9_1
  O9_2
  O9_4
  dataset;


   USEVARIABLES ARE
  A7_1
  A7_2
  A7_3
  A7_4
  A7_5
  ;

  Grouping is Dataset (0 = German 1 = US);

  MISSING ARE ALL (-99);

  MODEL:

  A7 by  A7_1
  A7_2
  A7_3
  A7_4
  A7_5;
  [A7@0];

  Model German:
  ;

  Model US:
  ;



  [A7_1
  A7_2
  A7_3
  A7_4
  A7_5];

  ANALYSIS:
   ESTIMATOR IS ML;
   Iterations are 10000;

   OUTPUT: STDYX MODINDICES(4);



INPUT READING TERMINATED NORMALLY




SUMMARY OF ANALYSIS

Number of groups                                                 2
Number of observations
   Group GERMAN                                                387
   Group US                                                    722
   Total sample size                                          1109

Number of dependent variables                                    5
Number of independent variables                                  0
Number of continuous latent variables                            1

Observed dependent variables

  Continuous
   A7_1        A7_2        A7_3        A7_4        A7_5

Continuous latent variables
   A7

Variables with special functions

  Grouping variable     DATASET

Estimator                                                       ML
Information matrix                                        OBSERVED
Maximum number of iterations                                 10000
Convergence criterion                                    0.500D-04
Maximum number of steepest descent iterations                   20
Maximum number of iterations for H1                           2000
Convergence criterion for H1                             0.100D-03

Input data file(s)
  ITS_TQIPIP.txt

Input data format  FREE


SUMMARY OF DATA

   Group GERMAN
     Number of missing data patterns             1

   Group US
     Number of missing data patterns             1


COVARIANCE COVERAGE OF DATA

Minimum covariance coverage value   0.100


     PROPORTION OF DATA PRESENT FOR GERMAN


           Covariance Coverage
              A7_1          A7_2          A7_3          A7_4          A7_5
              ________      ________      ________      ________      ________
 A7_1           1.000
 A7_2           1.000         1.000
 A7_3           1.000         1.000         1.000
 A7_4           1.000         1.000         1.000         1.000
 A7_5           1.000         1.000         1.000         1.000         1.000


     PROPORTION OF DATA PRESENT FOR US


           Covariance Coverage
              A7_1          A7_2          A7_3          A7_4          A7_5
              ________      ________      ________      ________      ________
 A7_1           1.000
 A7_2           1.000         1.000
 A7_3           1.000         1.000         1.000
 A7_4           1.000         1.000         1.000         1.000
 A7_5           1.000         1.000         1.000         1.000         1.000



THE MODEL ESTIMATION TERMINATED NORMALLY



MODEL FIT INFORMATION

Number of Free Parameters                       26

Loglikelihood

          H0 Value                       -7535.969
          H1 Value                       -7507.206

Information Criteria

          Akaike (AIC)                   15123.939
          Bayesian (BIC)                 15254.230
          Sample-Size Adjusted BIC       15171.648
            (n* = (n + 2) / 24)

Chi-Square Test of Model Fit

          Value                             57.527
          Degrees of Freedom                    14
          P-Value                           0.0000

Chi-Square Contribution From Each Group

          GERMAN                            31.968
          US                                25.559

RMSEA (Root Mean Square Error Of Approximation)

          Estimate                           0.075
          90 Percent C.I.                    0.055  0.095
          Probability RMSEA <= .05           0.019

CFI/TLI

          CFI                                0.945
          TLI                                0.921

Chi-Square Test of Model Fit for the Baseline Model

          Value                            806.364
          Degrees of Freedom                    20
          P-Value                           0.0000

SRMR (Standardized Root Mean Square Residual)

          Value                              0.050



MODEL RESULTS

                                                    Two-Tailed
                    Estimate       S.E.  Est./S.E.    P-Value

Group GERMAN

 A7       BY
    A7_1               1.000      0.000    999.000    999.000
    A7_2              -0.367      0.054     -6.840      0.000
    A7_3               1.045      0.074     14.185      0.000
    A7_4               1.037      0.081     12.807      0.000
    A7_5               0.818      0.067     12.185      0.000

 Means
    A7                 0.000      0.000    999.000    999.000

 Intercepts
    A7_1               2.672      0.053     50.300      0.000
    A7_2               3.398      0.045     76.353      0.000
    A7_3               2.080      0.048     43.164      0.000
    A7_4               2.442      0.051     47.439      0.000
    A7_5               2.512      0.050     50.007      0.000

 Variances
    A7                 0.410      0.056      7.355      0.000

 Residual Variances
    A7_1               0.682      0.060     11.281      0.000
    A7_2               0.711      0.052     13.614      0.000
    A7_3               0.451      0.048      9.490      0.000
    A7_4               0.585      0.057     10.225      0.000
    A7_5               0.702      0.058     12.088      0.000

Group US

 A7       BY
    A7_1               1.000      0.000    999.000    999.000
    A7_2              -0.367      0.054     -6.840      0.000
    A7_3               1.045      0.074     14.185      0.000
    A7_4               1.037      0.081     12.807      0.000
    A7_5               0.818      0.067     12.185      0.000

 Means
    A7                 0.000      0.000    999.000    999.000

 Intercepts
    A7_1               2.360      0.040     59.491      0.000
    A7_2               3.848      0.035    108.774      0.000
    A7_3               2.091      0.037     57.055      0.000
    A7_4               2.607      0.042     62.364      0.000
    A7_5               2.416      0.038     63.396      0.000

 Variances
    A7                 0.402      0.049      8.189      0.000

 Residual Variances
    A7_1               0.734      0.050     14.589      0.000
    A7_2               0.849      0.046     18.300      0.000
    A7_3               0.531      0.042     12.600      0.000
    A7_4               0.829      0.055     15.157      0.000
    A7_5               0.779      0.048     16.396      0.000


STANDARDIZED MODEL RESULTS


STDYX Standardization

                                                    Two-Tailed
                    Estimate       S.E.  Est./S.E.    P-Value

Group GERMAN

 A7       BY
    A7_1               0.612      0.034     18.192      0.000
    A7_2              -0.268      0.037     -7.325      0.000
    A7_3               0.705      0.033     21.468      0.000
    A7_4               0.655      0.036     18.200      0.000
    A7_5               0.530      0.036     14.623      0.000

 Means
    A7                 0.000      0.000    999.000    999.000

 Intercepts
    A7_1               2.557      0.100     25.459      0.000
    A7_2               3.881      0.148     26.138      0.000
    A7_3               2.194      0.091     24.186      0.000
    A7_4               2.411      0.095     25.455      0.000
    A7_5               2.542      0.099     25.768      0.000

 Variances
    A7                 1.000      0.000    999.000    999.000

 Residual Variances
    A7_1               0.625      0.041     15.154      0.000
    A7_2               0.928      0.020     47.229      0.000
    A7_3               0.502      0.046     10.834      0.000
    A7_4               0.570      0.047     12.081      0.000
    A7_5               0.719      0.038     18.753      0.000

Group US

 A7       BY
    A7_1               0.595      0.031     19.465      0.000
    A7_2              -0.245      0.035     -7.029      0.000
    A7_3               0.673      0.029     23.075      0.000
    A7_4               0.585      0.029     20.277      0.000
    A7_5               0.506      0.031     16.331      0.000

 Means
    A7                 0.000      0.000    999.000    999.000

 Intercepts
    A7_1               2.214      0.067     33.046      0.000
    A7_2               4.048      0.110     36.831      0.000
    A7_3               2.123      0.066     32.338      0.000
    A7_4               2.321      0.070     33.078      0.000
    A7_5               2.359      0.071     33.456      0.000

 Variances
    A7                 1.000      0.000    999.000    999.000

 Residual Variances
    A7_1               0.646      0.036     17.783      0.000
    A7_2               0.940      0.017     55.138      0.000
    A7_3               0.548      0.039     13.963      0.000
    A7_4               0.657      0.034     19.445      0.000
    A7_5               0.744      0.031     23.685      0.000


R-SQUARE

Group GERMAN

    Observed                                        Two-Tailed
    Variable        Estimate       S.E.  Est./S.E.    P-Value

    A7_1               0.375      0.041      9.096      0.000
    A7_2               0.072      0.020      3.663      0.000
    A7_3               0.498      0.046     10.734      0.000
    A7_4               0.430      0.047      9.100      0.000
    A7_5               0.281      0.038      7.311      0.000

Group US

    Observed                                        Two-Tailed
    Variable        Estimate       S.E.  Est./S.E.    P-Value

    A7_1               0.354      0.036      9.732      0.000
    A7_2               0.060      0.017      3.514      0.000
    A7_3               0.452      0.039     11.537      0.000
    A7_4               0.343      0.034     10.139      0.000
    A7_5               0.256      0.031      8.165      0.000


QUALITY OF NUMERICAL RESULTS

     Condition Number for the Information Matrix              0.206E-01
       (ratio of smallest to largest eigenvalue)


MODEL MODIFICATION INDICES

NOTE:  Modification indices for direct effects of observed dependent variables
regressed on covariates may not be included.  To include these, request
MODINDICES (ALL).

Minimum M.I. value for printing the modification index     4.000

                                   M.I.     E.P.C.  Std E.P.C.  StdYX E.P.C.
Group GERMAN


BY Statements

A7       BY A7_2                  10.028     0.195      0.125        0.142

WITH Statements

A7_4     WITH A7_1                 7.681    -0.131     -0.131       -0.207
A7_5     WITH A7_2                 9.797     0.122      0.122        0.172
A7_5     WITH A7_3                 6.649    -0.106     -0.106       -0.188
A7_5     WITH A7_4                 8.412     0.125      0.125        0.195

Group US


BY Statements

A7       BY A7_2                  10.026    -0.134     -0.085       -0.090

WITH Statements

A7_2     WITH A7_1                18.081    -0.144     -0.144       -0.183
A7_4     WITH A7_1                 8.388    -0.124     -0.124       -0.159



DIAGRAM INFORMATION

  Use View Diagram under the Diagram menu in the Mplus Editor to view the diagram.
  If running Mplus from the Mplus Diagrammer, the diagram opens automatically.

  Diagram output
    f:\ipip paper\messinvarianz\a\a7\a7 faktorielle invarianz.dgm

     Beginning Time:  16:35:52
        Ending Time:  16:35:52
       Elapsed Time:  00:00:00



MUTHEN & MUTHEN
3463 Stoner Ave.
Los Angeles, CA  90066

Tel: (310) 391-9971
Fax: (310) 391-8971
Web: www.StatModel.com
Support: Support@StatModel.com

Copyright (c) 1998-2013 Muthen & Muthen
