Mplus VERSION 7.1
MUTHEN & MUTHEN
06/18/2015   4:35 PM

INPUT INSTRUCTIONS


  DATA:
   FILE IS  "ITS_TQIPIP.txt";

  VARIABLE:
   NAMES ARE
  id
  sex
  age
  A1_1
  A1_2
  A1_3
  A1_4
  A1_5
  A2_1
  A2_2
  A2_3
  A2_4
  A2_5
  A3_1
  A3_2
  A3_3
  A3_4
  A3_5
  A4_1
  A4_2
  A4_3
  A4_4
  A4_5
  A5_1
  A5_2
  A5_3
  A5_4
  A5_5
  A6_1
  A6_2
  A6_3
  A6_4
  A6_5
  A7_1
  A7_2
  A7_3
  A7_4
  A7_5
  A8_1
  A8_2
  A8_3
  A8_4
  A8_5
  C1_1
  C1_2
  C1_3
  C1_4
  C1_5
  C2_1
  C2_2
  C2_3
  C2_4
  C2_5
  C3_1
  C3_2
  C3_3
  C3_4
  C3_5
  C4_1
  C4_2
  C4_3
  C4_4
  C4_5
  C5_1
  C5_2
  C5_3
  C5_4
  C5_5
  C6_1
  C6_2
  C6_3
  C6_4
  C6_5
  C7_1
  C7_2
  C7_3
  C7_4
  C7_5
  C8_1
  C8_2
  C8_3
  C8_4
  C8_5
  C9_1
  C9_2
  C9_3
  C9_4
  C9_5
  E1_1
  E1_2
  E1_3
  E1_4
  E1_5
  E2_1
  E2_2
  E2_3
  E2_4
  E2_5
  E3_1
  E3_2
  E3_3
  E3_4
  E3_5
  E4_1
  E4_2
  E4_3
  E4_4
  E4_5
  E5_1
  E5_2
  E5_3
  E5_4
  E5_5
  E6_1
  E6_2
  E6_3
  E6_4
  E6_5
  E7_1
  E7_2
  E7_3
  E7_4
  E7_5
  E8_1
  E8_2
  E8_3
  E8_4
  E8_5
  E9_1
  E9_2
  E9_3
  N1_1
  N1_2
  N1_3
  N1_4
  N1_5
  N2_1
  N2_2
  N2_3
  N2_4
  N2_5
  N3_1
  N3_2
  N3_3
  N3_4
  N3_5
  N4_1
  N4_2
  N4_3
  N4_4
  N4_5
  N5_1
  N5_2
  N5_3
  N5_4
  N5_5
  N6_1
  N6_2
  N6_3
  N6_4
  N6_5
  N7_1
  N7_2
  N7_3
  O1_1
  O1_2
  O1_3
  O1_4
  O1_5
  O2_1
  O2_2
  O2_3
  O2_4
  O2_5
  O3_1
  O3_2
  O3_3
  O3_4
  O3_5
  O4_1
  O4_2
  O4_3
  O4_4
  O4_5
  O5_1
  O5_2
  O5_3
  O5_4
  O5_5
  O6_1
  O6_2
  O6_3
  O6_4
  O6_5
  O7_1
  O7_2
  O7_3
  O7_4
  O7_5
  O8_1
  O8_2
  O8_3
  O8_4
  O9_1
  O9_2
  O9_4
  dataset;

   USEVARIABLES ARE
  A7_1
  A7_2
  A7_3
  A7_4
  A7_5;

  Grouping is Dataset (0 = German 1 = US);

  MISSING ARE ALL (-99);

  MODEL:

  A7 by  A7_1
  A7_2
  A7_3
  A7_4
  A7_5;
  [A7@0];

  Model German:
  ;

  Model US:
  ;

  A7 by
  A7_2
  A7_3
  A7_4
  A7_5;

  [A7_1
  A7_2
  A7_3
  A7_4
  A7_5];

  ANALYSIS:
   ESTIMATOR IS ML;
   Iterations are 10000;

   OUTPUT: STDYX MODINDICES(4);



INPUT READING TERMINATED NORMALLY




SUMMARY OF ANALYSIS

Number of groups                                                 2
Number of observations
   Group GERMAN                                                387
   Group US                                                    722
   Total sample size                                          1109

Number of dependent variables                                    5
Number of independent variables                                  0
Number of continuous latent variables                            1

Observed dependent variables

  Continuous
   A7_1        A7_2        A7_3        A7_4        A7_5

Continuous latent variables
   A7

Variables with special functions

  Grouping variable     DATASET

Estimator                                                       ML
Information matrix                                        OBSERVED
Maximum number of iterations                                 10000
Convergence criterion                                    0.500D-04
Maximum number of steepest descent iterations                   20
Maximum number of iterations for H1                           2000
Convergence criterion for H1                             0.100D-03

Input data file(s)
  ITS_TQIPIP.txt

Input data format  FREE


SUMMARY OF DATA

   Group GERMAN
     Number of missing data patterns             1

   Group US
     Number of missing data patterns             1


COVARIANCE COVERAGE OF DATA

Minimum covariance coverage value   0.100


     PROPORTION OF DATA PRESENT FOR GERMAN


           Covariance Coverage
              A7_1          A7_2          A7_3          A7_4          A7_5
              ________      ________      ________      ________      ________
 A7_1           1.000
 A7_2           1.000         1.000
 A7_3           1.000         1.000         1.000
 A7_4           1.000         1.000         1.000         1.000
 A7_5           1.000         1.000         1.000         1.000         1.000


     PROPORTION OF DATA PRESENT FOR US


           Covariance Coverage
              A7_1          A7_2          A7_3          A7_4          A7_5
              ________      ________      ________      ________      ________
 A7_1           1.000
 A7_2           1.000         1.000
 A7_3           1.000         1.000         1.000
 A7_4           1.000         1.000         1.000         1.000
 A7_5           1.000         1.000         1.000         1.000         1.000



THE MODEL ESTIMATION TERMINATED NORMALLY



MODEL FIT INFORMATION

Number of Free Parameters                       30

Loglikelihood

          H0 Value                       -7529.045
          H1 Value                       -7507.206

Information Criteria

          Akaike (AIC)                   15118.089
          Bayesian (BIC)                 15268.426
          Sample-Size Adjusted BIC       15173.138
            (n* = (n + 2) / 24)

Chi-Square Test of Model Fit

          Value                             43.678
          Degrees of Freedom                    10
          P-Value                           0.0000

Chi-Square Contribution From Each Group

          GERMAN                            24.152
          US                                19.525

RMSEA (Root Mean Square Error Of Approximation)

          Estimate                           0.078
          90 Percent C.I.                    0.055  0.102
          Probability RMSEA <= .05           0.023

CFI/TLI

          CFI                                0.957
          TLI                                0.914

Chi-Square Test of Model Fit for the Baseline Model

          Value                            806.364
          Degrees of Freedom                    20
          P-Value                           0.0000

SRMR (Standardized Root Mean Square Residual)

          Value                              0.031



MODEL RESULTS

                                                    Two-Tailed
                    Estimate       S.E.  Est./S.E.    P-Value

Group GERMAN

 A7       BY
    A7_1               1.000      0.000    999.000    999.000
    A7_2              -0.196      0.085     -2.292      0.022
    A7_3               1.086      0.122      8.935      0.000
    A7_4               1.212      0.149      8.123      0.000
    A7_5               0.919      0.118      7.756      0.000

 Means
    A7                 0.000      0.000    999.000    999.000

 Intercepts
    A7_1               2.672      0.053     50.855      0.000
    A7_2               3.398      0.043     78.486      0.000
    A7_3               2.080      0.048     43.243      0.000
    A7_4               2.442      0.053     46.363      0.000
    A7_5               2.512      0.051     49.685      0.000

 Variances
    A7                 0.363      0.069      5.223      0.000

 Residual Variances
    A7_1               0.705      0.064     11.059      0.000
    A7_2               0.711      0.052     13.812      0.000
    A7_3               0.467      0.052      9.048      0.000
    A7_4               0.541      0.063      8.603      0.000
    A7_5               0.683      0.059     11.488      0.000

Group US

 A7       BY
    A7_1               1.000      0.000    999.000    999.000
    A7_2              -0.481      0.067     -7.177      0.000
    A7_3               0.993      0.091     10.868      0.000
    A7_4               0.905      0.094      9.646      0.000
    A7_5               0.751      0.080      9.409      0.000

 Means
    A7                 0.000      0.000    999.000    999.000

 Intercepts
    A7_1               2.360      0.040     59.132      0.000
    A7_2               3.848      0.036    107.223      0.000
    A7_3               2.091      0.037     56.992      0.000
    A7_4               2.607      0.041     63.288      0.000
    A7_5               2.416      0.038     63.624      0.000

 Variances
    A7                 0.445      0.061      7.292      0.000

 Residual Variances
    A7_1               0.705      0.053     13.296      0.000
    A7_2               0.827      0.046     17.912      0.000
    A7_3               0.534      0.045     11.901      0.000
    A7_4               0.860      0.056     15.279      0.000
    A7_5               0.789      0.049     16.262      0.000


STANDARDIZED MODEL RESULTS


STDYX Standardization

                                                    Two-Tailed
                    Estimate       S.E.  Est./S.E.    P-Value

Group GERMAN

 A7       BY
    A7_1               0.583      0.046     12.738      0.000
    A7_2              -0.139      0.058     -2.373      0.018
    A7_3               0.692      0.041     16.739      0.000
    A7_4               0.704      0.042     16.970      0.000
    A7_5               0.556      0.046     11.975      0.000

 Means
    A7                 0.000      0.000    999.000    999.000

 Intercepts
    A7_1               2.585      0.106     24.403      0.000
    A7_2               3.990      0.152     26.222      0.000
    A7_3               2.198      0.094     23.396      0.000
    A7_4               2.357      0.099     23.855      0.000
    A7_5               2.526      0.104     24.273      0.000

 Variances
    A7                 1.000      0.000    999.000    999.000

 Residual Variances
    A7_1               0.660      0.053     12.383      0.000
    A7_2               0.981      0.016     60.572      0.000
    A7_3               0.522      0.057      9.133      0.000
    A7_4               0.504      0.058      8.615      0.000
    A7_5               0.690      0.052     13.350      0.000

Group US

 A7       BY
    A7_1               0.622      0.035     17.790      0.000
    A7_2              -0.333      0.041     -8.043      0.000
    A7_3               0.671      0.034     19.933      0.000
    A7_4               0.546      0.036     15.081      0.000
    A7_5               0.491      0.037     13.131      0.000

 Means
    A7                 0.000      0.000    999.000    999.000

 Intercepts
    A7_1               2.201      0.069     31.966      0.000
    A7_2               3.990      0.111     35.817      0.000
    A7_3               2.121      0.067     31.616      0.000
    A7_4               2.355      0.072     32.578      0.000
    A7_5               2.368      0.073     32.624      0.000

 Variances
    A7                 1.000      0.000    999.000    999.000

 Residual Variances
    A7_1               0.613      0.043     14.099      0.000
    A7_2               0.889      0.028     32.264      0.000
    A7_3               0.549      0.045     12.137      0.000
    A7_4               0.702      0.039     17.778      0.000
    A7_5               0.759      0.037     20.634      0.000


R-SQUARE

Group GERMAN

    Observed                                        Two-Tailed
    Variable        Estimate       S.E.  Est./S.E.    P-Value

    A7_1               0.340      0.053      6.369      0.000
    A7_2               0.019      0.016      1.186      0.235
    A7_3               0.478      0.057      8.369      0.000
    A7_4               0.496      0.058      8.485      0.000
    A7_5               0.310      0.052      5.987      0.000

Group US

    Observed                                        Two-Tailed
    Variable        Estimate       S.E.  Est./S.E.    P-Value

    A7_1               0.387      0.043      8.895      0.000
    A7_2               0.111      0.028      4.022      0.000
    A7_3               0.451      0.045      9.967      0.000
    A7_4               0.298      0.039      7.540      0.000
    A7_5               0.241      0.037      6.565      0.000


QUALITY OF NUMERICAL RESULTS

     Condition Number for the Information Matrix              0.759E-02
       (ratio of smallest to largest eigenvalue)


MODEL MODIFICATION INDICES

NOTE:  Modification indices for direct effects of observed dependent variables
regressed on covariates may not be included.  To include these, request
MODINDICES (ALL).

Minimum M.I. value for printing the modification index     4.000

                                   M.I.     E.P.C.  Std E.P.C.  StdYX E.P.C.
Group GERMAN


WITH Statements

A7_3     WITH A7_1                 5.288     0.119      0.119        0.207
A7_4     WITH A7_1                14.227    -0.217     -0.217       -0.352
A7_4     WITH A7_2                 4.049    -0.079     -0.079       -0.127
A7_5     WITH A7_2                 7.583     0.107      0.107        0.153
A7_5     WITH A7_3                10.755    -0.156     -0.156       -0.277
A7_5     WITH A7_4                 5.440     0.124      0.124        0.204

Group US


WITH Statements

A7_2     WITH A7_1                12.698    -0.128     -0.128       -0.168
A7_4     WITH A7_1                 8.915    -0.140     -0.140       -0.180
A7_5     WITH A7_2                 4.289     0.070      0.070        0.087



DIAGRAM INFORMATION

  Use View Diagram under the Diagram menu in the Mplus Editor to view the diagram.
  If running Mplus from the Mplus Diagrammer, the diagram opens automatically.

  Diagram output
    f:\ipip paper\messinvarianz\a\a7\a7 konfigurale invarianz.dgm

     Beginning Time:  16:35:36
        Ending Time:  16:35:36
       Elapsed Time:  00:00:00



MUTHEN & MUTHEN
3463 Stoner Ave.
Los Angeles, CA  90066

Tel: (310) 391-9971
Fax: (310) 391-8971
Web: www.StatModel.com
Support: Support@StatModel.com

Copyright (c) 1998-2013 Muthen & Muthen
