Mplus VERSION 7.1
MUTHEN & MUTHEN
09/18/2015   1:38 PM

INPUT INSTRUCTIONS


  DATA:
   FILE IS  "factorscores_combined.txt";

  VARIABLE:
   NAMES ARE
  VPN
  A1
  A2
  A3
  A4
  A5
  A6
  A7
  A8
  C1
  C2
  C3
  C4
  C5
  C6
  C7
  C8
  C9
  E1
  E2
  E3
  E4
  E5
  E6
  E7
  E8
  E9
  N1
  N2
  N3
  N4
  N5
  N6
  N7
  O1
  O2
  O3
  O4
  O5
  O6
  O7
  O8
  O9
  Dataset
  ;


   USEVARIABLES ARE
  A1
  A2
  A3
  A6
  A7
  A8
  ;

  Grouping is Dataset (0 = US 1 = German);

  MISSING ARE ALL (-99);

  MODEL:

  A by  A1
  A2
  A3
  A6
  A7
  A8;


  Model German:
  ;

  Model US:
  ;





  ANALYSIS:
   ESTIMATOR IS ML;
   Iterations are 10000;

   OUTPUT: STDYX MODINDICES(4);



INPUT READING TERMINATED NORMALLY




SUMMARY OF ANALYSIS

Number of groups                                                 2
Number of observations
   Group US                                                    387
   Group GERMAN                                                361
   Total sample size                                           748

Number of dependent variables                                    6
Number of independent variables                                  0
Number of continuous latent variables                            1

Observed dependent variables

  Continuous
   A1          A2          A3          A6          A7          A8

Continuous latent variables
   A

Variables with special functions

  Grouping variable     DATASET

Estimator                                                       ML
Information matrix                                        OBSERVED
Maximum number of iterations                                 10000
Convergence criterion                                    0.500D-04
Maximum number of steepest descent iterations                   20
Maximum number of iterations for H1                           2000
Convergence criterion for H1                             0.100D-03

Input data file(s)
  factorscores_combined.txt

Input data format  FREE


SUMMARY OF DATA

   Group US
     Number of missing data patterns             1

   Group GERMAN
     Number of missing data patterns             1


COVARIANCE COVERAGE OF DATA

Minimum covariance coverage value   0.100


     PROPORTION OF DATA PRESENT FOR US


           Covariance Coverage
              A1            A2            A3            A6            A7
              ________      ________      ________      ________      ________
 A1             1.000
 A2             1.000         1.000
 A3             1.000         1.000         1.000
 A6             1.000         1.000         1.000         1.000
 A7             1.000         1.000         1.000         1.000         1.000
 A8             1.000         1.000         1.000         1.000         1.000


           Covariance Coverage
              A8
              ________
 A8             1.000


     PROPORTION OF DATA PRESENT FOR GERMAN


           Covariance Coverage
              A1            A2            A3            A6            A7
              ________      ________      ________      ________      ________
 A1             1.000
 A2             1.000         1.000
 A3             1.000         1.000         1.000
 A6             1.000         1.000         1.000         1.000
 A7             1.000         1.000         1.000         1.000         1.000
 A8             1.000         1.000         1.000         1.000         1.000


           Covariance Coverage
              A8
              ________
 A8             1.000



THE MODEL ESTIMATION TERMINATED NORMALLY



MODEL FIT INFORMATION

Number of Free Parameters                       26

Loglikelihood

          H0 Value                       -3312.369
          H1 Value                       -3200.138

Information Criteria

          Akaike (AIC)                    6676.738
          Bayesian (BIC)                  6796.790
          Sample-Size Adjusted BIC        6714.230
            (n* = (n + 2) / 24)

Chi-Square Test of Model Fit

          Value                            224.461
          Degrees of Freedom                    28
          P-Value                           0.0000

Chi-Square Contribution From Each Group

          US                                63.676
          GERMAN                           160.785

RMSEA (Root Mean Square Error Of Approximation)

          Estimate                           0.137
          90 Percent C.I.                    0.121  0.154
          Probability RMSEA <= .05           0.000

CFI/TLI

          CFI                                0.824
          TLI                                0.811

Chi-Square Test of Model Fit for the Baseline Model

          Value                           1143.443
          Degrees of Freedom                    30
          P-Value                           0.0000

SRMR (Standardized Root Mean Square Residual)

          Value                              0.086



MODEL RESULTS

                                                    Two-Tailed
                    Estimate       S.E.  Est./S.E.    P-Value

Group US

 A        BY
    A1                 1.000      0.000    999.000    999.000
    A2                -1.606      0.119    -13.526      0.000
    A3                -1.270      0.114    -11.153      0.000
    A6                 0.598      0.100      5.988      0.000
    A7                -1.323      0.108    -12.212      0.000
    A8                 0.649      0.066      9.848      0.000

 Means
    A                  0.000      0.000    999.000    999.000

 Intercepts
    A1                -0.011      0.023     -0.482      0.630
    A2                 0.018      0.029      0.632      0.528
    A3                 0.003      0.026      0.132      0.895
    A6                -0.005      0.026     -0.191      0.848
    A7                 0.004      0.025      0.173      0.863
    A8                -0.002      0.017     -0.107      0.915

 Variances
    A                  0.085      0.013      6.615      0.000

 Residual Variances
    A1                 0.178      0.014     12.296      0.000
    A2                 0.144      0.017      8.713      0.000
    A3                 0.203      0.018     11.420      0.000
    A6                 0.455      0.033     13.719      0.000
    A7                 0.138      0.014     10.083      0.000
    A8                 0.130      0.010     13.066      0.000

Group GERMAN

 A        BY
    A1                 1.000      0.000    999.000    999.000
    A2                -1.606      0.119    -13.526      0.000
    A3                -1.270      0.114    -11.153      0.000
    A6                 0.598      0.100      5.988      0.000
    A7                -1.323      0.108    -12.212      0.000
    A8                 0.649      0.066      9.848      0.000

 Means
    A                  0.003      0.024      0.120      0.905

 Intercepts
    A1                -0.011      0.023     -0.482      0.630
    A2                 0.018      0.029      0.632      0.528
    A3                 0.003      0.026      0.132      0.895
    A6                -0.005      0.026     -0.191      0.848
    A7                 0.004      0.025      0.173      0.863
    A8                -0.002      0.017     -0.107      0.915

 Variances
    A                  0.086      0.013      6.354      0.000

 Residual Variances
    A1                 0.250      0.020     12.463      0.000
    A2                 0.066      0.013      5.150      0.000
    A3                 0.272      0.022     12.119      0.000
    A6                 0.464      0.035     13.214      0.000
    A7                 0.181      0.017     10.840      0.000
    A8                 0.158      0.012     12.771      0.000


STANDARDIZED MODEL RESULTS


STDYX Standardization

                                                    Two-Tailed
                    Estimate       S.E.  Est./S.E.    P-Value

Group US

 A        BY
    A1                 0.569      0.035     16.304      0.000
    A2                -0.777      0.028    -27.512      0.000
    A3                -0.635      0.034    -18.922      0.000
    A6                 0.251      0.039      6.368      0.000
    A7                -0.720      0.030    -23.772      0.000
    A8                 0.465      0.037     12.653      0.000

 Means
    A                  0.000      0.000    999.000    999.000

 Intercepts
    A1                -0.021      0.044     -0.482      0.630
    A2                 0.030      0.047      0.632      0.528
    A3                 0.006      0.045      0.132      0.895
    A6                -0.007      0.038     -0.191      0.848
    A7                 0.008      0.047      0.173      0.863
    A8                -0.004      0.042     -0.107      0.915

 Variances
    A                  1.000      0.000    999.000    999.000

 Residual Variances
    A1                 0.676      0.040     17.026      0.000
    A2                 0.396      0.044      9.036      0.000
    A3                 0.597      0.043     14.004      0.000
    A6                 0.937      0.020     47.527      0.000
    A7                 0.481      0.044     11.020      0.000
    A8                 0.784      0.034     22.896      0.000

Group GERMAN

 A        BY
    A1                 0.505      0.035     14.437      0.000
    A2                -0.878      0.025    -34.761      0.000
    A3                -0.580      0.033    -17.657      0.000
    A6                 0.249      0.040      6.172      0.000
    A7                -0.673      0.031    -21.747      0.000
    A8                 0.431      0.037     11.606      0.000

 Means
    A                  0.010      0.081      0.120      0.905

 Intercepts
    A1                -0.019      0.039     -0.482      0.630
    A2                 0.034      0.053      0.632      0.528
    A3                 0.005      0.041      0.132      0.895
    A6                -0.007      0.038     -0.191      0.848
    A7                 0.008      0.043      0.173      0.863
    A8                -0.004      0.039     -0.107      0.915

 Variances
    A                  1.000      0.000    999.000    999.000

 Residual Variances
    A1                 0.745      0.035     21.041      0.000
    A2                 0.230      0.044      5.186      0.000
    A3                 0.663      0.038     17.379      0.000
    A6                 0.938      0.020     46.742      0.000
    A7                 0.546      0.042     13.101      0.000
    A8                 0.814      0.032     25.405      0.000


R-SQUARE

Group US

    Observed                                        Two-Tailed
    Variable        Estimate       S.E.  Est./S.E.    P-Value

    A1                 0.324      0.040      8.152      0.000
    A2                 0.604      0.044     13.756      0.000
    A3                 0.403      0.043      9.461      0.000
    A6                 0.063      0.020      3.184      0.001
    A7                 0.519      0.044     11.886      0.000
    A8                 0.216      0.034      6.327      0.000

Group GERMAN

    Observed                                        Two-Tailed
    Variable        Estimate       S.E.  Est./S.E.    P-Value

    A1                 0.255      0.035      7.219      0.000
    A2                 0.770      0.044     17.380      0.000
    A3                 0.337      0.038      8.829      0.000
    A6                 0.062      0.020      3.086      0.002
    A7                 0.454      0.042     10.874      0.000
    A8                 0.186      0.032      5.803      0.000


QUALITY OF NUMERICAL RESULTS

     Condition Number for the Information Matrix              0.165E-02
       (ratio of smallest to largest eigenvalue)


MODEL MODIFICATION INDICES

NOTE:  Modification indices for direct effects of observed dependent variables
regressed on covariates may not be included.  To include these, request
MODINDICES (ALL).

Minimum M.I. value for printing the modification index     4.000

                                   M.I.     E.P.C.  Std E.P.C.  StdYX E.P.C.
Group US


WITH Statements

A2       WITH A1                  13.408    -0.044     -0.044       -0.275
A3       WITH A1                  18.117     0.049      0.049        0.260
A6       WITH A1                   4.975     0.034      0.034        0.121
A6       WITH A3                   7.642     0.047      0.047        0.154
A7       WITH A1                   7.015     0.028      0.028        0.178
A7       WITH A3                  29.575     0.066      0.066        0.393
A8       WITH A6                   6.059     0.032      0.032        0.130
A8       WITH A7                   6.496     0.021      0.021        0.161

Group GERMAN


WITH Statements

A3       WITH A1                  31.139     0.085      0.085        0.326
A6       WITH A1                  50.048     0.132      0.132        0.387
A6       WITH A3                  20.568     0.090      0.090        0.253
A7       WITH A3                  28.566     0.078      0.078        0.351
A7       WITH A6                   8.830     0.050      0.050        0.172
A8       WITH A1                  43.701     0.074      0.074        0.370
A8       WITH A3                  10.308     0.038      0.038        0.184
A8       WITH A6                  23.359     0.071      0.071        0.262



DIAGRAM INFORMATION

  Use View Diagram under the Diagram menu in the Mplus Editor to view the diagram.
  If running Mplus from the Mplus Diagrammer, the diagram opens automatically.

  Diagram output
    f:\ipip paper\messinvarianz\domänen mit esem\a starke faktorielle invarianz.dgm

     Beginning Time:  13:38:36
        Ending Time:  13:38:36
       Elapsed Time:  00:00:00



MUTHEN & MUTHEN
3463 Stoner Ave.
Los Angeles, CA  90066

Tel: (310) 391-9971
Fax: (310) 391-8971
Web: www.StatModel.com
Support: Support@StatModel.com

Copyright (c) 1998-2013 Muthen & Muthen
