Mplus VERSION 7.1
MUTHEN & MUTHEN
09/18/2015   1:59 PM

INPUT INSTRUCTIONS


  DATA:
   FILE IS  "factorscores_combined.txt";

  VARIABLE:
   NAMES ARE
  VPN
  A1
  A2
  A3
  A4
  A5
  A6
  A7
  A8
  C1
  C2
  C3
  C4
  C5
  C6
  C7
  C8
  C9
  E1
  E2
  E3
  E4
  E5
  E6
  E7
  E8
  E9
  N1
  N2
  N3
  N4
  N5
  N6
  N7
  O1
  O2
  O3
  O4
  O5
  O6
  O7
  O8
  O9
  Dataset
  ;


   USEVARIABLES ARE
  C1
  C2
  C3
  C4
  C5
  C6
  C7
  C8
  C9
  ;

  Grouping is Dataset (0 = US 1 = German);

  MISSING ARE ALL (-99);

  MODEL:

  C by  C1
  C2
  C3
  C4
  C5
  C6
  C7
  C8
  C9;
  [C@0];

  Model German:
  ;

  Model US:
  ;

  C by
  C1
  C2
  C3
  C4
  C5
  C6
  C7
  C8
  C9;

  [C1
  C2
  C3
  C4
  C5
  C6
  C7
  C8
  C9];

  ANALYSIS:
   ESTIMATOR IS ML;
   Iterations are 10000;

   OUTPUT: STDYX MODINDICES(4);



INPUT READING TERMINATED NORMALLY




SUMMARY OF ANALYSIS

Number of groups                                                 2
Number of observations
   Group US                                                    387
   Group GERMAN                                                361
   Total sample size                                           748

Number of dependent variables                                    9
Number of independent variables                                  0
Number of continuous latent variables                            1

Observed dependent variables

  Continuous
   C1          C2          C3          C4          C5          C6
   C7          C8          C9

Continuous latent variables
   C

Variables with special functions

  Grouping variable     DATASET

Estimator                                                       ML
Information matrix                                        OBSERVED
Maximum number of iterations                                 10000
Convergence criterion                                    0.500D-04
Maximum number of steepest descent iterations                   20
Maximum number of iterations for H1                           2000
Convergence criterion for H1                             0.100D-03

Input data file(s)
  factorscores_combined.txt

Input data format  FREE


SUMMARY OF DATA

   Group US
     Number of missing data patterns             1

   Group GERMAN
     Number of missing data patterns             1


COVARIANCE COVERAGE OF DATA

Minimum covariance coverage value   0.100


     PROPORTION OF DATA PRESENT FOR US


           Covariance Coverage
              C1            C2            C3            C4            C5
              ________      ________      ________      ________      ________
 C1             1.000
 C2             1.000         1.000
 C3             1.000         1.000         1.000
 C4             1.000         1.000         1.000         1.000
 C5             1.000         1.000         1.000         1.000         1.000
 C6             1.000         1.000         1.000         1.000         1.000
 C7             1.000         1.000         1.000         1.000         1.000
 C8             1.000         1.000         1.000         1.000         1.000
 C9             1.000         1.000         1.000         1.000         1.000


           Covariance Coverage
              C6            C7            C8            C9
              ________      ________      ________      ________
 C6             1.000
 C7             1.000         1.000
 C8             1.000         1.000         1.000
 C9             1.000         1.000         1.000         1.000


     PROPORTION OF DATA PRESENT FOR GERMAN


           Covariance Coverage
              C1            C2            C3            C4            C5
              ________      ________      ________      ________      ________
 C1             1.000
 C2             1.000         1.000
 C3             1.000         1.000         1.000
 C4             1.000         1.000         1.000         1.000
 C5             1.000         1.000         1.000         1.000         1.000
 C6             1.000         1.000         1.000         1.000         1.000
 C7             1.000         1.000         1.000         1.000         1.000
 C8             1.000         1.000         1.000         1.000         1.000
 C9             1.000         1.000         1.000         1.000         1.000


           Covariance Coverage
              C6            C7            C8            C9
              ________      ________      ________      ________
 C6             1.000
 C7             1.000         1.000
 C8             1.000         1.000         1.000
 C9             1.000         1.000         1.000         1.000



THE MODEL ESTIMATION TERMINATED NORMALLY

     THE STANDARD ERRORS OF THE MODEL PARAMETER ESTIMATES COULD NOT BE
     COMPUTED.  THE MODEL MAY NOT BE IDENTIFIED.  CHECK YOUR MODEL.
     PROBLEM INVOLVING PARAMETER 28.

     THE CONDITION NUMBER IS      -0.717D-08.



MODEL RESULTS

                    Estimate

Group US

 C        BY
    C1                 0.301
    C2                -0.509
    C3                -0.117
    C4                 0.463
    C5                 0.817
    C6                 0.224
    C7                -0.201
    C8                 0.347
    C9                 0.342

 Means
    C                  0.000

 Intercepts
    C1                 0.000
    C2                 0.009
    C3                -0.001
    C4                 0.000
    C5                -0.002
    C6                -0.001
    C7                 0.005
    C8                 0.000
    C9                -0.001

 Variances
    C                  0.610

 Residual Variances
    C1                 0.650
    C2                 0.410
    C3                 0.190
    C4                 0.431
    C5                 0.141
    C6                 0.125
    C7                 0.279
    C8                 0.302
    C9                 0.102

Group GERMAN

 C        BY
    C1                 1.000
    C2                -1.991
    C3                -0.562
    C4                 2.112
    C5                 2.455
    C6                 0.869
    C7                -1.105
    C8                 1.076
    C9                 0.905

 Means
    C                  0.000

 Intercepts
    C1                -0.007
    C2                 0.031
    C3                 0.000
    C4                 0.000
    C5                -0.005
    C6                -0.002
    C7                 0.004
    C8                 0.002
    C9                 0.000

 Variances
    C                  0.058

 Residual Variances
    C1                 0.609
    C2                 0.431
    C3                 0.164
    C4                 0.258
    C5                 0.099
    C6                 0.060
    C7                 0.344
    C8                 0.284
    C9                 0.102


STANDARDIZED MODEL RESULTS

                      StdYX
                    Estimate

Group US

 C        BY
    C1                 0.280
    C2                -0.527
    C3                -0.205
    C4                 0.483
    C5                 0.862
    C6                 0.444
    C7                -0.285
    C8                 0.442
    C9                 0.642

 Means
    C                  0.000

 Intercepts
    C1                 0.000
    C2                 0.011
    C3                -0.002
    C4                 0.000
    C5                -0.003
    C6                -0.004
    C7                 0.008
    C8                 0.000
    C9                -0.002

 Variances
    C                  1.000

 Residual Variances
    C1                 0.921
    C2                 0.722
    C3                 0.958
    C4                 0.767
    C5                 0.257
    C6                 0.802
    C7                 0.919
    C8                 0.805
    C9                 0.588

Group GERMAN

 C        BY
    C1                 0.294
    C2                -0.589
    C3                -0.316
    C4                 0.707
    C5                 0.883
    C6                 0.649
    C7                -0.412
    C8                 0.437
    C9                 0.563

 Means
    C                  0.000

 Intercepts
    C1                -0.008
    C2                 0.038
    C3                 0.000
    C4                -0.001
    C5                -0.007
    C6                -0.005
    C7                 0.007
    C8                 0.004
    C9                -0.001

 Variances
    C                  1.000

 Residual Variances
    C1                 0.913
    C2                 0.653
    C3                 0.900
    C4                 0.501
    C5                 0.221
    C6                 0.579
    C7                 0.830
    C8                 0.809
    C9                 0.683


MODEL COMMAND WITH FINAL ESTIMATES USED AS STARTING VALUES

     c BY c1;
     c BY c2;
     c BY c3;
     c BY c4;
     c BY c5;
     c BY c6;
     c BY c7;
     c BY c8;
     c BY c9;

  MODEL US:

     c BY c1*0.30137;
     c BY c2*-0.50859;
     c BY c3*-0.11668;
     c BY c4*0.46297;
     c BY c5*0.81727;
     c BY c6*0.22443;
     c BY c7*-0.20113;
     c BY c8*0.34670;
     c BY c9*0.34233;

     [ c1*0.00021 ];
     [ c2*0.00863 ];
     [ c3*-0.00070 ];
     [ c4*-0.00033 ];
     [ c5*-0.00212 ];
     [ c6*-0.00149 ];
     [ c7*0.00455 ];
     [ c8*0.00004 ];
     [ c9*-0.00085 ];
     [ c@0 ];

     c1*0.65027;
     c2*0.40964;
     c3*0.18987;
     c4*0.43066;
     c5*0.14109;
     c6*0.12489;
     c7*0.27858;
     c8*0.30195;
     c9*0.10195;
     c*0.61044;

  MODEL GERMAN:

     c BY c1@1;
     c BY c2*-1.99139;
     c BY c3*-0.56173;
     c BY c4*2.11167;
     c BY c5*2.45480;
     c BY c6*0.86926;
     c BY c7*-1.10524;
     c BY c8*1.07617;
     c BY c9*0.90530;

     [ c1*-0.00677 ];
     [ c2*0.03109 ];
     [ c3*-0.00001 ];
     [ c4*-0.00049 ];
     [ c5*-0.00474 ];
     [ c6*-0.00170 ];
     [ c7*0.00427 ];
     [ c8*0.00244 ];
     [ c9*-0.00032 ];
     [ c@0 ];

     c1*0.60936;
     c2*0.43116;
     c3*0.16434;
     c4*0.25831;
     c5*0.09883;
     c6*0.06005;
     c7*0.34444;
     c8*0.28354;
     c9*0.10212;
     c*0.05781;



TECHNICAL 1 OUTPUT


     PARAMETER SPECIFICATION FOR US


           NU
              C1            C2            C3            C4            C5
              ________      ________      ________      ________      ________
      1           1             2             3             4             5


           NU
              C6            C7            C8            C9
              ________      ________      ________      ________
      1           6             7             8             9


           LAMBDA
              C
              ________
 C1                10
 C2                11
 C3                12
 C4                13
 C5                14
 C6                15
 C7                16
 C8                17
 C9                18


           THETA
              C1            C2            C3            C4            C5
              ________      ________      ________      ________      ________
 C1                19
 C2                 0            20
 C3                 0             0            21
 C4                 0             0             0            22
 C5                 0             0             0             0            23
 C6                 0             0             0             0             0
 C7                 0             0             0             0             0
 C8                 0             0             0             0             0
 C9                 0             0             0             0             0


           THETA
              C6            C7            C8            C9
              ________      ________      ________      ________
 C6                24
 C7                 0            25
 C8                 0             0            26
 C9                 0             0             0            27


           ALPHA
              C
              ________
      1           0


           BETA
              C
              ________
 C                  0


           PSI
              C
              ________
 C                 28


     PARAMETER SPECIFICATION FOR GERMAN


           NU
              C1            C2            C3            C4            C5
              ________      ________      ________      ________      ________
      1          29            30            31            32            33


           NU
              C6            C7            C8            C9
              ________      ________      ________      ________
      1          34            35            36            37


           LAMBDA
              C
              ________
 C1                 0
 C2                38
 C3                39
 C4                40
 C5                41
 C6                42
 C7                43
 C8                44
 C9                45


           THETA
              C1            C2            C3            C4            C5
              ________      ________      ________      ________      ________
 C1                46
 C2                 0            47
 C3                 0             0            48
 C4                 0             0             0            49
 C5                 0             0             0             0            50
 C6                 0             0             0             0             0
 C7                 0             0             0             0             0
 C8                 0             0             0             0             0
 C9                 0             0             0             0             0


           THETA
              C6            C7            C8            C9
              ________      ________      ________      ________
 C6                51
 C7                 0            52
 C8                 0             0            53
 C9                 0             0             0            54


           ALPHA
              C
              ________
      1           0


           BETA
              C
              ________
 C                  0


           PSI
              C
              ________
 C                 55


     STARTING VALUES FOR US


           NU
              C1            C2            C3            C4            C5
              ________      ________      ________      ________      ________
      1         0.000         0.009        -0.001         0.000        -0.002


           NU
              C6            C7            C8            C9
              ________      ________      ________      ________
      1        -0.001         0.005         0.000        -0.001


           LAMBDA
              C
              ________
 C1             0.470
 C2            -0.202
 C3             0.012
 C4             0.351
 C5             0.581
 C6             0.080
 C7             0.031
 C8             0.308
 C9             0.243


           THETA
              C1            C2            C3            C4            C5
              ________      ________      ________      ________      ________
 C1             0.354
 C2             0.000         0.285
 C3             0.000         0.000         0.099
 C4             0.000         0.000         0.000         0.281
 C5             0.000         0.000         0.000         0.000         0.275
 C6             0.000         0.000         0.000         0.000         0.000
 C7             0.000         0.000         0.000         0.000         0.000
 C8             0.000         0.000         0.000         0.000         0.000
 C9             0.000         0.000         0.000         0.000         0.000


           THETA
              C6            C7            C8            C9
              ________      ________      ________      ________
 C6             0.078
 C7             0.000         0.152
 C8             0.000         0.000         0.188
 C9             0.000         0.000         0.000         0.087


           ALPHA
              C
              ________
      1         0.000


           BETA
              C
              ________
 C              0.000


           PSI
              C
              ________
 C              0.050


     STARTING VALUES FOR GERMAN


           NU
              C1            C2            C3            C4            C5
              ________      ________      ________      ________      ________
      1         0.000         0.009        -0.001         0.000        -0.002


           NU
              C6            C7            C8            C9
              ________      ________      ________      ________
      1        -0.001         0.005         0.000        -0.001


           LAMBDA
              C
              ________
 C1             1.000
 C2            -0.607
 C3             0.046
 C4             0.948
 C5             1.005
 C6             0.381
 C7            -0.162
 C8             0.825
 C9             0.359


           THETA
              C1            C2            C3            C4            C5
              ________      ________      ________      ________      ________
 C1             0.354
 C2             0.000         0.285
 C3             0.000         0.000         0.099
 C4             0.000         0.000         0.000         0.281
 C5             0.000         0.000         0.000         0.000         0.275
 C6             0.000         0.000         0.000         0.000         0.000
 C7             0.000         0.000         0.000         0.000         0.000
 C8             0.000         0.000         0.000         0.000         0.000
 C9             0.000         0.000         0.000         0.000         0.000


           THETA
              C6            C7            C8            C9
              ________      ________      ________      ________
 C6             0.078
 C7             0.000         0.152
 C8             0.000         0.000         0.188
 C9             0.000         0.000         0.000         0.087


           ALPHA
              C
              ________
      1         0.000


           BETA
              C
              ________
 C              0.000


           PSI
              C
              ________
 C              0.050


DIAGRAM INFORMATION

  Use View Diagram under the Diagram menu in the Mplus Editor to view the diagram.
  If running Mplus from the Mplus Diagrammer, the diagram opens automatically.

  Diagram output
    f:\ipip paper\messinvarianz\domänen mit esem\c konfigurale invarianz.dgm

     Beginning Time:  13:59:57
        Ending Time:  13:59:58
       Elapsed Time:  00:00:01



MUTHEN & MUTHEN
3463 Stoner Ave.
Los Angeles, CA  90066

Tel: (310) 391-9971
Fax: (310) 391-8971
Web: www.StatModel.com
Support: Support@StatModel.com

Copyright (c) 1998-2013 Muthen & Muthen
