Mplus VERSION 7.1
MUTHEN & MUTHEN
09/18/2015   2:01 PM

INPUT INSTRUCTIONS


  DATA:
   FILE IS  "factorscores_combined.txt";

  VARIABLE:
   NAMES ARE
  VPN
  A1
  A2
  A3
  A4
  A5
  A6
  A7
  A8
  C1
  C2
  C3
  C4
  C5
  C6
  C7
  C8
  C9
  E1
  E2
  E3
  E4
  E5
  E6
  E7
  E8
  E9
  N1
  N2
  N3
  N4
  N5
  N6
  N7
  O1
  O2
  O3
  O4
  O5
  O6
  O7
  O8
  O9
  Dataset
  ;


   USEVARIABLES ARE
  C1
  C2
  C3
  C4
  C5
  C6
  C7
  C8
  C9
  ;

  Grouping is Dataset (0 = US 1 = German);

  MISSING ARE ALL (-99);

  MODEL:

  C by C1
  C2
  C3
  C4
  C5
  C6
  C7
  C8
  C9;


  Model German:
  ;

  Model US:
  ;





  ANALYSIS:
   ESTIMATOR IS ML;
   Iterations are 10000;

   OUTPUT: STDYX MODINDICES(4);



INPUT READING TERMINATED NORMALLY




SUMMARY OF ANALYSIS

Number of groups                                                 2
Number of observations
   Group US                                                    387
   Group GERMAN                                                361
   Total sample size                                           748

Number of dependent variables                                    9
Number of independent variables                                  0
Number of continuous latent variables                            1

Observed dependent variables

  Continuous
   C1          C2          C3          C4          C5          C6
   C7          C8          C9

Continuous latent variables
   C

Variables with special functions

  Grouping variable     DATASET

Estimator                                                       ML
Information matrix                                        OBSERVED
Maximum number of iterations                                 10000
Convergence criterion                                    0.500D-04
Maximum number of steepest descent iterations                   20
Maximum number of iterations for H1                           2000
Convergence criterion for H1                             0.100D-03

Input data file(s)
  factorscores_combined.txt

Input data format  FREE


SUMMARY OF DATA

   Group US
     Number of missing data patterns             1

   Group GERMAN
     Number of missing data patterns             1


COVARIANCE COVERAGE OF DATA

Minimum covariance coverage value   0.100


     PROPORTION OF DATA PRESENT FOR US


           Covariance Coverage
              C1            C2            C3            C4            C5
              ________      ________      ________      ________      ________
 C1             1.000
 C2             1.000         1.000
 C3             1.000         1.000         1.000
 C4             1.000         1.000         1.000         1.000
 C5             1.000         1.000         1.000         1.000         1.000
 C6             1.000         1.000         1.000         1.000         1.000
 C7             1.000         1.000         1.000         1.000         1.000
 C8             1.000         1.000         1.000         1.000         1.000
 C9             1.000         1.000         1.000         1.000         1.000


           Covariance Coverage
              C6            C7            C8            C9
              ________      ________      ________      ________
 C6             1.000
 C7             1.000         1.000
 C8             1.000         1.000         1.000
 C9             1.000         1.000         1.000         1.000


     PROPORTION OF DATA PRESENT FOR GERMAN


           Covariance Coverage
              C1            C2            C3            C4            C5
              ________      ________      ________      ________      ________
 C1             1.000
 C2             1.000         1.000
 C3             1.000         1.000         1.000
 C4             1.000         1.000         1.000         1.000
 C5             1.000         1.000         1.000         1.000         1.000
 C6             1.000         1.000         1.000         1.000         1.000
 C7             1.000         1.000         1.000         1.000         1.000
 C8             1.000         1.000         1.000         1.000         1.000
 C9             1.000         1.000         1.000         1.000         1.000


           Covariance Coverage
              C6            C7            C8            C9
              ________      ________      ________      ________
 C6             1.000
 C7             1.000         1.000
 C8             1.000         1.000         1.000
 C9             1.000         1.000         1.000         1.000



THE MODEL ESTIMATION TERMINATED NORMALLY



MODEL FIT INFORMATION

Number of Free Parameters                       38

Loglikelihood

          H0 Value                       -5269.411
          H1 Value                       -4973.790

Information Criteria

          Akaike (AIC)                   10614.822
          Bayesian (BIC)                 10790.283
          Sample-Size Adjusted BIC       10669.619
            (n* = (n + 2) / 24)

Chi-Square Test of Model Fit

          Value                            591.243
          Degrees of Freedom                    70
          P-Value                           0.0000

Chi-Square Contribution From Each Group

          US                               337.577
          GERMAN                           253.666

RMSEA (Root Mean Square Error Of Approximation)

          Estimate                           0.141
          90 Percent C.I.                    0.131  0.152
          Probability RMSEA <= .05           0.000

CFI/TLI

          CFI                                0.706
          TLI                                0.697

Chi-Square Test of Model Fit for the Baseline Model

          Value                           1843.078
          Degrees of Freedom                    72
          P-Value                           0.0000

SRMR (Standardized Root Mean Square Residual)

          Value                              0.100



MODEL RESULTS

                                                    Two-Tailed
                    Estimate       S.E.  Est./S.E.    P-Value

Group US

 C        BY
    C1                 1.000      0.000    999.000    999.000
    C2                -1.940      0.292     -6.640      0.000
    C3                -0.536      0.109     -4.927      0.000
    C4                 1.947      0.287      6.775      0.000
    C5                 2.545      0.354      7.196      0.000
    C6                 0.865      0.130      6.629      0.000
    C7                -0.945      0.168     -5.622      0.000
    C8                 1.076      0.174      6.172      0.000
    C9                 1.025      0.152      6.759      0.000

 Means
    C                  0.000      0.000    999.000    999.000

 Intercepts
    C1                -0.002      0.032     -0.078      0.937
    C2                 0.017      0.033      0.529      0.597
    C3                -0.001      0.017     -0.048      0.962
    C4                 0.001      0.032      0.045      0.964
    C5                -0.001      0.035     -0.031      0.975
    C6                -0.001      0.015     -0.048      0.962
    C7                 0.004      0.023      0.165      0.869
    C8                 0.002      0.024      0.090      0.928
    C9                 0.000      0.017      0.014      0.989

 Variances
    C                  0.052      0.015      3.481      0.000

 Residual Variances
    C1                 0.656      0.048     13.658      0.000
    C2                 0.390      0.032     12.236      0.000
    C3                 0.184      0.014     13.572      0.000
    C4                 0.408      0.033     12.379      0.000
    C5                 0.197      0.025      7.778      0.000
    C6                 0.117      0.009     12.643      0.000
    C7                 0.268      0.020     13.260      0.000
    C8                 0.317      0.024     13.120      0.000
    C9                 0.108      0.009     12.030      0.000

Group GERMAN

 C        BY
    C1                 1.000      0.000    999.000    999.000
    C2                -1.940      0.292     -6.640      0.000
    C3                -0.536      0.109     -4.927      0.000
    C4                 1.947      0.287      6.775      0.000
    C5                 2.545      0.354      7.196      0.000
    C6                 0.865      0.130      6.629      0.000
    C7                -0.945      0.168     -5.622      0.000
    C8                 1.076      0.174      6.172      0.000
    C9                 1.025      0.152      6.759      0.000

 Means
    C                 -0.002      0.019     -0.088      0.930

 Intercepts
    C1                -0.002      0.032     -0.078      0.937
    C2                 0.017      0.033      0.529      0.597
    C3                -0.001      0.017     -0.048      0.962
    C4                 0.001      0.032      0.045      0.964
    C5                -0.001      0.035     -0.031      0.975
    C6                -0.001      0.015     -0.048      0.962
    C7                 0.004      0.023      0.165      0.869
    C8                 0.002      0.024      0.090      0.928
    C9                 0.000      0.017      0.014      0.989

 Variances
    C                  0.057      0.016      3.500      0.000

 Residual Variances
    C1                 0.608      0.046     13.262      0.000
    C2                 0.428      0.035     12.348      0.000
    C3                 0.165      0.013     13.221      0.000
    C4                 0.271      0.024     11.175      0.000
    C5                 0.089      0.016      5.468      0.000
    C6                 0.061      0.005     11.700      0.000
    C7                 0.350      0.027     13.076      0.000
    C8                 0.283      0.022     13.007      0.000
    C9                 0.102      0.008     12.346      0.000


STANDARDIZED MODEL RESULTS


STDYX Standardization

                                                    Two-Tailed
                    Estimate       S.E.  Est./S.E.    P-Value

Group US

 C        BY
    C1                 0.270      0.038      7.179      0.000
    C2                -0.577      0.033    -17.638      0.000
    C3                -0.273      0.038     -7.174      0.000
    C4                 0.569      0.031     18.389      0.000
    C5                 0.794      0.029     27.654      0.000
    C6                 0.498      0.032     15.383      0.000
    C7                -0.383      0.039     -9.861      0.000
    C8                 0.398      0.037     10.716      0.000
    C9                 0.579      0.034     16.793      0.000

 Means
    C                  0.000      0.000    999.000    999.000

 Intercepts
    C1                -0.003      0.037     -0.078      0.937
    C2                 0.023      0.043      0.529      0.597
    C3                -0.002      0.037     -0.048      0.962
    C4                 0.002      0.041      0.045      0.964
    C5                -0.001      0.047     -0.031      0.975
    C6                -0.002      0.038     -0.048      0.962
    C7                 0.007      0.041      0.165      0.869
    C8                 0.004      0.039      0.090      0.928
    C9                 0.001      0.043      0.014      0.989

 Variances
    C                  1.000      0.000    999.000    999.000

 Residual Variances
    C1                 0.927      0.020     45.608      0.000
    C2                 0.667      0.038     17.683      0.000
    C3                 0.926      0.021     44.577      0.000
    C4                 0.676      0.035     19.181      0.000
    C5                 0.370      0.046      8.123      0.000
    C6                 0.752      0.032     23.287      0.000
    C7                 0.853      0.030     28.630      0.000
    C8                 0.841      0.030     28.408      0.000
    C9                 0.665      0.040     16.649      0.000

Group GERMAN

 C        BY
    C1                 0.292      0.040      7.311      0.000
    C2                -0.577      0.034    -17.136      0.000
    C3                -0.299      0.042     -7.173      0.000
    C4                 0.665      0.033     20.009      0.000
    C5                 0.898      0.020     44.774      0.000
    C6                 0.639      0.034     18.961      0.000
    C7                -0.355      0.039     -9.164      0.000
    C8                 0.434      0.038     11.474      0.000
    C9                 0.607      0.031     19.754      0.000

 Means
    C                 -0.007      0.078     -0.088      0.930

 Intercepts
    C1                -0.003      0.039     -0.078      0.937
    C2                 0.022      0.041      0.529      0.597
    C3                -0.002      0.039     -0.048      0.962
    C4                 0.002      0.046      0.045      0.964
    C5                -0.002      0.051     -0.031      0.975
    C6                -0.002      0.047     -0.048      0.962
    C7                 0.006      0.036      0.165      0.869
    C8                 0.004      0.041      0.090      0.928
    C9                 0.001      0.043      0.014      0.989

 Variances
    C                  1.000      0.000    999.000    999.000

 Residual Variances
    C1                 0.915      0.023     39.241      0.000
    C2                 0.668      0.039     17.210      0.000
    C3                 0.910      0.025     36.431      0.000
    C4                 0.558      0.044     12.632      0.000
    C5                 0.194      0.036      5.404      0.000
    C6                 0.592      0.043     13.756      0.000
    C7                 0.874      0.028     31.684      0.000
    C8                 0.812      0.033     24.729      0.000
    C9                 0.631      0.037     16.903      0.000


R-SQUARE

Group US

    Observed                                        Two-Tailed
    Variable        Estimate       S.E.  Est./S.E.    P-Value

    C1                 0.073      0.020      3.590      0.000
    C2                 0.333      0.038      8.819      0.000
    C3                 0.074      0.021      3.587      0.000
    C4                 0.324      0.035      9.194      0.000
    C5                 0.630      0.046     13.827      0.000
    C6                 0.248      0.032      7.692      0.000
    C7                 0.147      0.030      4.930      0.000
    C8                 0.159      0.030      5.358      0.000
    C9                 0.335      0.040      8.397      0.000

Group GERMAN

    Observed                                        Two-Tailed
    Variable        Estimate       S.E.  Est./S.E.    P-Value

    C1                 0.085      0.023      3.655      0.000
    C2                 0.332      0.039      8.568      0.000
    C3                 0.090      0.025      3.587      0.000
    C4                 0.442      0.044     10.005      0.000
    C5                 0.806      0.036     22.387      0.000
    C6                 0.408      0.043      9.481      0.000
    C7                 0.126      0.028      4.582      0.000
    C8                 0.188      0.033      5.737      0.000
    C9                 0.369      0.037      9.877      0.000


QUALITY OF NUMERICAL RESULTS

     Condition Number for the Information Matrix              0.700E-04
       (ratio of smallest to largest eigenvalue)


MODEL MODIFICATION INDICES

NOTE:  Modification indices for direct effects of observed dependent variables
regressed on covariates may not be included.  To include these, request
MODINDICES (ALL).

Minimum M.I. value for printing the modification index     4.000

                                   M.I.     E.P.C.  Std E.P.C.  StdYX E.P.C.
Group US


BY Statements

C        BY C4                     5.336    -0.321     -0.073       -0.094
C        BY C9                     6.283     0.169      0.038        0.096

WITH Statements

C3       WITH C1                  33.849     0.105      0.105        0.301
C3       WITH C2                  25.547     0.074      0.074        0.276
C4       WITH C2                   8.603     0.069      0.069        0.172
C5       WITH C1                   6.656     0.061      0.061        0.171
C5       WITH C3                  25.667     0.064      0.064        0.335
C6       WITH C3                  20.989    -0.036     -0.036       -0.245
C6       WITH C4                  47.968     0.086      0.086        0.393
C6       WITH C5                   8.463    -0.032     -0.032       -0.209
C7       WITH C1                  10.469     0.071      0.071        0.169
C7       WITH C2                  12.189     0.063      0.063        0.194
C7       WITH C3                  61.433     0.091      0.091        0.411
C7       WITH C5                  21.358     0.073      0.073        0.317
C7       WITH C6                  13.666    -0.035     -0.035       -0.200
C8       WITH C2                  20.761     0.089      0.089        0.254
C8       WITH C3                   9.388     0.039      0.039        0.161
C8       WITH C5                  68.734     0.142      0.142        0.569
C8       WITH C6                  13.791    -0.039     -0.039       -0.201
C8       WITH C7                  25.838     0.079      0.079        0.270
C9       WITH C2                   7.257    -0.033     -0.033       -0.159
C9       WITH C4                  12.057    -0.043     -0.043       -0.204
C9       WITH C5                  20.412     0.051      0.051        0.351
C9       WITH C6                  14.139    -0.024     -0.024       -0.215

Group GERMAN


BY Statements

C        BY C4                     5.336     0.195      0.046        0.067
C        BY C9                     6.283    -0.137     -0.033       -0.081

WITH Statements

C3       WITH C1                  30.154     0.093      0.093        0.293
C3       WITH C2                  13.911     0.055      0.055        0.205
C4       WITH C2                  26.844     0.105      0.105        0.307
C5       WITH C2                  35.130    -0.107     -0.107       -0.549
C5       WITH C4                   7.248    -0.044     -0.044       -0.282
C6       WITH C2                  12.757     0.034      0.034        0.209
C6       WITH C3                   4.395    -0.012     -0.012       -0.117
C6       WITH C4                  42.873     0.052      0.052        0.401
C6       WITH C5                   7.724    -0.021     -0.021       -0.281
C7       WITH C1                  16.600     0.101      0.101        0.218
C7       WITH C3                  50.171     0.091      0.091        0.379
C7       WITH C4                   5.554    -0.041     -0.041       -0.133
C8       WITH C3                  27.209     0.061      0.061        0.281
C8       WITH C7                  20.793     0.078      0.078        0.246



DIAGRAM INFORMATION

  Use View Diagram under the Diagram menu in the Mplus Editor to view the diagram.
  If running Mplus from the Mplus Diagrammer, the diagram opens automatically.

  Diagram output
    f:\ipip paper\messinvarianz\domänen mit esem\c starke faktorielle invarianz.dgm

     Beginning Time:  14:01:10
        Ending Time:  14:01:11
       Elapsed Time:  00:00:01



MUTHEN & MUTHEN
3463 Stoner Ave.
Los Angeles, CA  90066

Tel: (310) 391-9971
Fax: (310) 391-8971
Web: www.StatModel.com
Support: Support@StatModel.com

Copyright (c) 1998-2013 Muthen & Muthen
