Mplus VERSION 7.1
MUTHEN & MUTHEN
09/18/2015   2:08 PM

INPUT INSTRUCTIONS


  DATA:
   FILE IS  "factorscores_combined.txt";

  VARIABLE:
   NAMES ARE
  VPN
  A1
  A2
  A3
  A4
  A5
  A6
  A7
  A8
  C1
  C2
  C3
  C4
  C5
  C6
  C7
  C8
  C9
  E1
  E2
  E3
  E4
  E5
  E6
  E7
  E8
  E9
  N1
  N2
  N3
  N4
  N5
  N6
  N7
  O1
  O2
  O3
  O4
  O5
  O6
  O7
  O8
  O9
  Dataset
  ;


   USEVARIABLES ARE
  N1
  N2
  N3
  N4
  N5
  N6
  N7
  ;

  Grouping is Dataset (0 = US 1 = German);

  MISSING ARE ALL (-99);

  MODEL:

  N by N1
  N2
  N3
  N4
  N5
  N6
  N7;
  [N@0];

  Model German:
  ;

  Model US:
  ;



  [N1
  N2
  N3
  N4
  N5
  N6
  N7];

  ANALYSIS:
   ESTIMATOR IS ML;
   Iterations are 10000;

   OUTPUT: STDYX MODINDICES(4);



INPUT READING TERMINATED NORMALLY




SUMMARY OF ANALYSIS

Number of groups                                                 2
Number of observations
   Group US                                                    387
   Group GERMAN                                                361
   Total sample size                                           748

Number of dependent variables                                    7
Number of independent variables                                  0
Number of continuous latent variables                            1

Observed dependent variables

  Continuous
   N1          N2          N3          N4          N5          N6
   N7

Continuous latent variables
   N

Variables with special functions

  Grouping variable     DATASET

Estimator                                                       ML
Information matrix                                        OBSERVED
Maximum number of iterations                                 10000
Convergence criterion                                    0.500D-04
Maximum number of steepest descent iterations                   20
Maximum number of iterations for H1                           2000
Convergence criterion for H1                             0.100D-03

Input data file(s)
  factorscores_combined.txt

Input data format  FREE


SUMMARY OF DATA

   Group US
     Number of missing data patterns             1

   Group GERMAN
     Number of missing data patterns             1


COVARIANCE COVERAGE OF DATA

Minimum covariance coverage value   0.100


     PROPORTION OF DATA PRESENT FOR US


           Covariance Coverage
              N1            N2            N3            N4            N5
              ________      ________      ________      ________      ________
 N1             1.000
 N2             1.000         1.000
 N3             1.000         1.000         1.000
 N4             1.000         1.000         1.000         1.000
 N5             1.000         1.000         1.000         1.000         1.000
 N6             1.000         1.000         1.000         1.000         1.000
 N7             1.000         1.000         1.000         1.000         1.000


           Covariance Coverage
              N6            N7
              ________      ________
 N6             1.000
 N7             1.000         1.000


     PROPORTION OF DATA PRESENT FOR GERMAN


           Covariance Coverage
              N1            N2            N3            N4            N5
              ________      ________      ________      ________      ________
 N1             1.000
 N2             1.000         1.000
 N3             1.000         1.000         1.000
 N4             1.000         1.000         1.000         1.000
 N5             1.000         1.000         1.000         1.000         1.000
 N6             1.000         1.000         1.000         1.000         1.000
 N7             1.000         1.000         1.000         1.000         1.000


           Covariance Coverage
              N6            N7
              ________      ________
 N6             1.000
 N7             1.000         1.000



THE MODEL ESTIMATION TERMINATED NORMALLY



MODEL FIT INFORMATION

Number of Free Parameters                       36

Loglikelihood

          H0 Value                       -4070.449
          H1 Value                       -3986.661

Information Criteria

          Akaike (AIC)                    8212.898
          Bayesian (BIC)                  8379.125
          Sample-Size Adjusted BIC        8264.811
            (n* = (n + 2) / 24)

Chi-Square Test of Model Fit

          Value                            167.577
          Degrees of Freedom                    34
          P-Value                           0.0000

Chi-Square Contribution From Each Group

          US                                84.626
          GERMAN                            82.951

RMSEA (Root Mean Square Error Of Approximation)

          Estimate                           0.102
          90 Percent C.I.                    0.087  0.118
          Probability RMSEA <= .05           0.000

CFI/TLI

          CFI                                0.917
          TLI                                0.897

Chi-Square Test of Model Fit for the Baseline Model

          Value                           1648.640
          Degrees of Freedom                    42
          P-Value                           0.0000

SRMR (Standardized Root Mean Square Residual)

          Value                              0.051



MODEL RESULTS

                                                    Two-Tailed
                    Estimate       S.E.  Est./S.E.    P-Value

Group US

 N        BY
    N1                 1.000      0.000    999.000    999.000
    N2                 1.377      0.120     11.514      0.000
    N3                 1.483      0.122     12.130      0.000
    N4                -0.915      0.098     -9.345      0.000
    N5                 0.932      0.083     11.212      0.000
    N6                 1.118      0.104     10.724      0.000
    N7                 0.811      0.073     11.110      0.000

 Means
    N                  0.000      0.000    999.000    999.000

 Intercepts
    N1                 0.006      0.040      0.144      0.886
    N2                 0.014      0.036      0.387      0.699
    N3                 0.001      0.030      0.020      0.984
    N4                -0.003      0.033     -0.077      0.938
    N5                 0.003      0.024      0.110      0.912
    N6                 0.002      0.032      0.054      0.957
    N7                 0.002      0.020      0.099      0.921

 Variances
    N                  0.115      0.020      5.804      0.000

 Residual Variances
    N1                 0.513      0.038     13.432      0.000
    N2                 0.281      0.023     12.070      0.000
    N3                 0.101      0.012      8.115      0.000
    N4                 0.324      0.024     13.249      0.000
    N5                 0.127      0.010     12.178      0.000
    N6                 0.241      0.019     12.634      0.000
    N7                 0.072      0.006     11.536      0.000

Group GERMAN

 N        BY
    N1                 1.000      0.000    999.000    999.000
    N2                 1.377      0.120     11.514      0.000
    N3                 1.483      0.122     12.130      0.000
    N4                -0.915      0.098     -9.345      0.000
    N5                 0.932      0.083     11.212      0.000
    N6                 1.118      0.104     10.724      0.000
    N7                 0.811      0.073     11.110      0.000

 Means
    N                  0.000      0.000    999.000    999.000

 Intercepts
    N1                 0.002      0.037      0.064      0.949
    N2                 0.011      0.033      0.323      0.746
    N3                 0.000      0.035     -0.007      0.994
    N4                 0.001      0.037      0.025      0.980
    N5                 0.003      0.026      0.118      0.906
    N6                 0.007      0.037      0.192      0.848
    N7                 0.001      0.028      0.043      0.966

 Variances
    N                  0.124      0.021      5.835      0.000

 Residual Variances
    N1                 0.369      0.029     12.635      0.000
    N2                 0.165      0.017      9.996      0.000
    N3                 0.167      0.018      9.523      0.000
    N4                 0.398      0.031     12.819      0.000
    N5                 0.133      0.012     11.247      0.000
    N6                 0.329      0.027     12.136      0.000
    N7                 0.193      0.016     12.335      0.000


STANDARDIZED MODEL RESULTS


STDYX Standardization

                                                    Two-Tailed
                    Estimate       S.E.  Est./S.E.    P-Value

Group US

 N        BY
    N1                 0.427      0.034     12.743      0.000
    N2                 0.660      0.029     22.881      0.000
    N3                 0.845      0.022     39.305      0.000
    N4                -0.478      0.036    -13.467      0.000
    N5                 0.662      0.028     23.486      0.000
    N6                 0.611      0.031     19.744      0.000
    N7                 0.715      0.027     26.387      0.000

 Means
    N                  0.000      0.000    999.000    999.000

 Intercepts
    N1                 0.007      0.051      0.144      0.886
    N2                 0.020      0.051      0.387      0.699
    N3                 0.001      0.051      0.020      0.984
    N4                -0.004      0.051     -0.077      0.938
    N5                 0.006      0.051      0.110      0.912
    N6                 0.003      0.051      0.054      0.957
    N7                 0.005      0.051      0.099      0.921

 Variances
    N                  1.000      0.000    999.000    999.000

 Residual Variances
    N1                 0.817      0.029     28.498      0.000
    N2                 0.564      0.038     14.803      0.000
    N3                 0.285      0.036      7.843      0.000
    N4                 0.771      0.034     22.695      0.000
    N5                 0.561      0.037     15.025      0.000
    N6                 0.627      0.038     16.601      0.000
    N7                 0.489      0.039     12.613      0.000

Group GERMAN

 N        BY
    N1                 0.502      0.037     13.662      0.000
    N2                 0.767      0.025     30.479      0.000
    N3                 0.788      0.024     33.340      0.000
    N4                -0.455      0.035    -12.995      0.000
    N5                 0.669      0.031     21.826      0.000
    N6                 0.566      0.033     17.018      0.000
    N7                 0.546      0.032     17.283      0.000

 Means
    N                  0.000      0.000    999.000    999.000

 Intercepts
    N1                 0.003      0.053      0.064      0.949
    N2                 0.017      0.053      0.323      0.746
    N3                 0.000      0.053     -0.007      0.994
    N4                 0.001      0.053      0.025      0.980
    N5                 0.006      0.053      0.118      0.906
    N6                 0.010      0.053      0.192      0.848
    N7                 0.002      0.053      0.043      0.966

 Variances
    N                  1.000      0.000    999.000    999.000

 Residual Variances
    N1                 0.748      0.037     20.285      0.000
    N2                 0.412      0.039     10.684      0.000
    N3                 0.380      0.037     10.201      0.000
    N4                 0.793      0.032     24.830      0.000
    N5                 0.552      0.041     13.439      0.000
    N6                 0.679      0.038     18.012      0.000
    N7                 0.702      0.034     20.385      0.000


R-SQUARE

Group US

    Observed                                        Two-Tailed
    Variable        Estimate       S.E.  Est./S.E.    P-Value

    N1                 0.183      0.029      6.372      0.000
    N2                 0.436      0.038     11.441      0.000
    N3                 0.715      0.036     19.652      0.000
    N4                 0.229      0.034      6.733      0.000
    N5                 0.439      0.037     11.743      0.000
    N6                 0.373      0.038      9.872      0.000
    N7                 0.511      0.039     13.193      0.000

Group GERMAN

    Observed                                        Two-Tailed
    Variable        Estimate       S.E.  Est./S.E.    P-Value

    N1                 0.252      0.037      6.831      0.000
    N2                 0.588      0.039     15.240      0.000
    N3                 0.620      0.037     16.670      0.000
    N4                 0.207      0.032      6.497      0.000
    N5                 0.448      0.041     10.913      0.000
    N6                 0.321      0.038      8.509      0.000
    N7                 0.298      0.034      8.641      0.000


QUALITY OF NUMERICAL RESULTS

     Condition Number for the Information Matrix              0.760E-03
       (ratio of smallest to largest eigenvalue)


MODEL MODIFICATION INDICES

NOTE:  Modification indices for direct effects of observed dependent variables
regressed on covariates may not be included.  To include these, request
MODINDICES (ALL).

Minimum M.I. value for printing the modification index     4.000

                                   M.I.     E.P.C.  Std E.P.C.  StdYX E.P.C.
Group US


WITH Statements

N2       WITH N1                   9.177    -0.064     -0.064       -0.168
N3       WITH N2                  23.836     0.065      0.065        0.386
N4       WITH N2                  10.925     0.056      0.056        0.185
N5       WITH N1                   4.122    -0.029     -0.029       -0.113
N5       WITH N2                   9.181     0.034      0.034        0.181
N5       WITH N3                   6.505    -0.023     -0.023       -0.203
N5       WITH N4                   7.307    -0.031     -0.031       -0.152
N6       WITH N1                  11.140     0.064      0.064        0.182
N6       WITH N2                  16.818    -0.062     -0.062       -0.239
N6       WITH N5                   6.342    -0.026     -0.026       -0.147
N7       WITH N3                   5.921    -0.018     -0.018       -0.211

Group GERMAN


WITH Statements

N4       WITH N3                   7.239     0.045      0.045        0.176
N5       WITH N2                  17.392     0.045      0.045        0.302
N5       WITH N3                   7.550    -0.031     -0.031       -0.207
N5       WITH N4                   5.529    -0.032     -0.032       -0.138
N6       WITH N2                  19.208    -0.068     -0.068       -0.292
N6       WITH N3                  12.153     0.056      0.056        0.240
N6       WITH N4                   8.528    -0.060     -0.060       -0.165
N6       WITH N5                  10.612    -0.041     -0.041       -0.198
N7       WITH N4                   5.104     0.035      0.035        0.127
N7       WITH N6                  10.237     0.046      0.046        0.184



DIAGRAM INFORMATION

  Use View Diagram under the Diagram menu in the Mplus Editor to view the diagram.
  If running Mplus from the Mplus Diagrammer, the diagram opens automatically.

  Diagram output
    f:\ipip paper\messinvarianz\domänen mit esem\n faktorielle invarianz.dgm

     Beginning Time:  14:08:36
        Ending Time:  14:08:36
       Elapsed Time:  00:00:00



MUTHEN & MUTHEN
3463 Stoner Ave.
Los Angeles, CA  90066

Tel: (310) 391-9971
Fax: (310) 391-8971
Web: www.StatModel.com
Support: Support@StatModel.com

Copyright (c) 1998-2013 Muthen & Muthen
