Mplus VERSION 7.1
MUTHEN & MUTHEN
09/18/2015   2:14 PM

INPUT INSTRUCTIONS


  DATA:
   FILE IS  "factorscores_combined.txt";

  VARIABLE:
   NAMES ARE
  VPN
  A1
  A2
  A3
  A4
  A5
  A6
  A7
  A8
  C1
  C2
  C3
  C4
  C5
  C6
  C7
  C8
  C9
  E1
  E2
  E3
  E4
  E5
  E6
  E7
  E8
  E9
  N1
  N2
  N3
  N4
  N5
  N6
  N7
  O1
  O2
  O3
  O4
  O5
  O6
  O7
  O8
  O9
  Dataset
  ;


   USEVARIABLES ARE
  O1
  O2
  O3
  O4
  O5
  O6
  O7
  O9
  ;

  Grouping is Dataset (0 = US 1 = German);

  MISSING ARE ALL (-99);

  MODEL:

  O by
  O1
  O2
  O3
  O4
  O5
  O6
  O7
  O9;


  Model German:
  ;

  Model US:
  ;





  ANALYSIS:
   ESTIMATOR IS ML;
   Iterations are 10000;

   OUTPUT: STDYX MODINDICES(4);



INPUT READING TERMINATED NORMALLY




SUMMARY OF ANALYSIS

Number of groups                                                 2
Number of observations
   Group US                                                    387
   Group GERMAN                                                361
   Total sample size                                           748

Number of dependent variables                                    8
Number of independent variables                                  0
Number of continuous latent variables                            1

Observed dependent variables

  Continuous
   O1          O2          O3          O4          O5          O6
   O7          O9

Continuous latent variables
   O

Variables with special functions

  Grouping variable     DATASET

Estimator                                                       ML
Information matrix                                        OBSERVED
Maximum number of iterations                                 10000
Convergence criterion                                    0.500D-04
Maximum number of steepest descent iterations                   20
Maximum number of iterations for H1                           2000
Convergence criterion for H1                             0.100D-03

Input data file(s)
  factorscores_combined.txt

Input data format  FREE


SUMMARY OF DATA

   Group US
     Number of missing data patterns             1

   Group GERMAN
     Number of missing data patterns             1


COVARIANCE COVERAGE OF DATA

Minimum covariance coverage value   0.100


     PROPORTION OF DATA PRESENT FOR US


           Covariance Coverage
              O1            O2            O3            O4            O5
              ________      ________      ________      ________      ________
 O1             1.000
 O2             1.000         1.000
 O3             1.000         1.000         1.000
 O4             1.000         1.000         1.000         1.000
 O5             1.000         1.000         1.000         1.000         1.000
 O6             1.000         1.000         1.000         1.000         1.000
 O7             1.000         1.000         1.000         1.000         1.000
 O9             1.000         1.000         1.000         1.000         1.000


           Covariance Coverage
              O6            O7            O9
              ________      ________      ________
 O6             1.000
 O7             1.000         1.000
 O9             1.000         1.000         1.000


     PROPORTION OF DATA PRESENT FOR GERMAN


           Covariance Coverage
              O1            O2            O3            O4            O5
              ________      ________      ________      ________      ________
 O1             1.000
 O2             1.000         1.000
 O3             1.000         1.000         1.000
 O4             1.000         1.000         1.000         1.000
 O5             1.000         1.000         1.000         1.000         1.000
 O6             1.000         1.000         1.000         1.000         1.000
 O7             1.000         1.000         1.000         1.000         1.000
 O9             1.000         1.000         1.000         1.000         1.000


           Covariance Coverage
              O6            O7            O9
              ________      ________      ________
 O6             1.000
 O7             1.000         1.000
 O9             1.000         1.000         1.000



THE MODEL ESTIMATION TERMINATED NORMALLY



MODEL FIT INFORMATION

Number of Free Parameters                       34

Loglikelihood

          H0 Value                       -5473.425
          H1 Value                       -5372.867

Information Criteria

          Akaike (AIC)                   11014.851
          Bayesian (BIC)                 11171.843
          Sample-Size Adjusted BIC       11063.880
            (n* = (n + 2) / 24)

Chi-Square Test of Model Fit

          Value                            201.117
          Degrees of Freedom                    54
          P-Value                           0.0000

Chi-Square Contribution From Each Group

          US                                81.662
          GERMAN                           119.455

RMSEA (Root Mean Square Error Of Approximation)

          Estimate                           0.085
          90 Percent C.I.                    0.073  0.098
          Probability RMSEA <= .05           0.000

CFI/TLI

          CFI                                0.922
          TLI                                0.920

Chi-Square Test of Model Fit for the Baseline Model

          Value                           1953.313
          Degrees of Freedom                    56
          P-Value                           0.0000

SRMR (Standardized Root Mean Square Residual)

          Value                              0.052



MODEL RESULTS

                                                    Two-Tailed
                    Estimate       S.E.  Est./S.E.    P-Value

Group US

 O        BY
    O1                 1.000      0.000    999.000    999.000
    O2                 1.367      0.111     12.340      0.000
    O3                 1.279      0.088     14.516      0.000
    O4                 1.400      0.125     11.190      0.000
    O5                 1.418      0.112     12.604      0.000
    O6                 1.539      0.104     14.813      0.000
    O7                 2.015      0.132     15.299      0.000
    O9                 1.364      0.111     12.230      0.000

 Means
    O                  0.000      0.000    999.000    999.000

 Intercepts
    O1                -0.001      0.022     -0.046      0.964
    O2                -0.045      0.031     -1.434      0.152
    O3                -0.004      0.026     -0.161      0.872
    O4                -0.016      0.034     -0.453      0.650
    O5                -0.006      0.031     -0.187      0.852
    O6                -0.005      0.029     -0.160      0.873
    O7                -0.019      0.035     -0.525      0.599
    O9                -0.013      0.032     -0.391      0.696

 Variances
    O                  0.087      0.012      7.246      0.000

 Residual Variances
    O1                 0.225      0.017     12.921      0.000
    O2                 0.459      0.035     12.980      0.000
    O3                 0.272      0.022     12.571      0.000
    O4                 0.510      0.040     12.891      0.000
    O5                 0.330      0.026     12.477      0.000
    O6                 0.245      0.021     11.699      0.000
    O7                 0.198      0.021      9.236      0.000
    O9                 0.584      0.044     13.244      0.000

Group GERMAN

 O        BY
    O1                 1.000      0.000    999.000    999.000
    O2                 1.367      0.111     12.340      0.000
    O3                 1.279      0.088     14.516      0.000
    O4                 1.400      0.125     11.190      0.000
    O5                 1.418      0.112     12.604      0.000
    O6                 1.539      0.104     14.813      0.000
    O7                 2.015      0.132     15.299      0.000
    O9                 1.364      0.111     12.230      0.000

 Means
    O                  0.003      0.024      0.108      0.914

 Intercepts
    O1                -0.001      0.022     -0.046      0.964
    O2                -0.045      0.031     -1.434      0.152
    O3                -0.004      0.026     -0.161      0.872
    O4                -0.016      0.034     -0.453      0.650
    O5                -0.006      0.031     -0.187      0.852
    O6                -0.005      0.029     -0.160      0.873
    O7                -0.019      0.035     -0.525      0.599
    O9                -0.013      0.032     -0.391      0.696

 Variances
    O                  0.102      0.014      7.306      0.000

 Residual Variances
    O1                 0.156      0.013     12.176      0.000
    O2                 0.308      0.025     12.307      0.000
    O3                 0.124      0.011     10.899      0.000
    O4                 0.541      0.042     12.832      0.000
    O5                 0.377      0.030     12.514      0.000
    O6                 0.175      0.016     11.038      0.000
    O7                 0.197      0.020      9.654      0.000
    O9                 0.315      0.026     12.292      0.000


STANDARDIZED MODEL RESULTS


STDYX Standardization

                                                    Two-Tailed
                    Estimate       S.E.  Est./S.E.    P-Value

Group US

 O        BY
    O1                 0.527      0.031     17.120      0.000
    O2                 0.511      0.032     16.120      0.000
    O3                 0.585      0.029     20.423      0.000
    O4                 0.500      0.035     14.260      0.000
    O5                 0.588      0.032     18.359      0.000
    O6                 0.675      0.027     24.661      0.000
    O7                 0.800      0.023     34.234      0.000
    O9                 0.465      0.031     15.210      0.000

 Means
    O                  0.000      0.000    999.000    999.000

 Intercepts
    O1                -0.002      0.040     -0.046      0.964
    O2                -0.057      0.040     -1.431      0.152
    O3                -0.006      0.040     -0.161      0.872
    O4                -0.019      0.042     -0.453      0.651
    O5                -0.008      0.043     -0.187      0.852
    O6                -0.007      0.044     -0.160      0.873
    O7                -0.025      0.048     -0.525      0.599
    O9                -0.015      0.037     -0.391      0.696

 Variances
    O                  1.000      0.000    999.000    999.000

 Residual Variances
    O1                 0.722      0.033     22.205      0.000
    O2                 0.739      0.032     22.864      0.000
    O3                 0.658      0.034     19.605      0.000
    O4                 0.750      0.035     21.411      0.000
    O5                 0.654      0.038     17.385      0.000
    O6                 0.545      0.037     14.748      0.000
    O7                 0.360      0.037      9.627      0.000
    O9                 0.784      0.028     27.580      0.000

Group GERMAN

 O        BY
    O1                 0.629      0.032     19.512      0.000
    O2                 0.619      0.032     19.401      0.000
    O3                 0.757      0.025     29.725      0.000
    O4                 0.520      0.033     15.597      0.000
    O5                 0.594      0.031     19.061      0.000
    O6                 0.762      0.024     31.293      0.000
    O7                 0.823      0.021     39.954      0.000
    O9                 0.613      0.033     18.386      0.000

 Means
    O                  0.008      0.076      0.108      0.914

 Intercepts
    O1                -0.002      0.044     -0.046      0.964
    O2                -0.063      0.044     -1.433      0.152
    O3                -0.008      0.048     -0.161      0.872
    O4                -0.018      0.040     -0.453      0.650
    O5                -0.008      0.040     -0.187      0.852
    O6                -0.007      0.046     -0.160      0.873
    O7                -0.024      0.045     -0.525      0.599
    O9                -0.018      0.045     -0.391      0.696

 Variances
    O                  1.000      0.000    999.000    999.000

 Residual Variances
    O1                 0.605      0.041     14.931      0.000
    O2                 0.617      0.039     15.626      0.000
    O3                 0.427      0.039     11.060      0.000
    O4                 0.730      0.035     21.064      0.000
    O5                 0.647      0.037     17.479      0.000
    O6                 0.420      0.037     11.318      0.000
    O7                 0.322      0.034      9.485      0.000
    O9                 0.624      0.041     15.253      0.000


R-SQUARE

Group US

    Observed                                        Two-Tailed
    Variable        Estimate       S.E.  Est./S.E.    P-Value

    O1                 0.278      0.033      8.560      0.000
    O2                 0.261      0.032      8.060      0.000
    O3                 0.342      0.034     10.211      0.000
    O4                 0.250      0.035      7.130      0.000
    O5                 0.346      0.038      9.179      0.000
    O6                 0.455      0.037     12.331      0.000
    O7                 0.640      0.037     17.117      0.000
    O9                 0.216      0.028      7.605      0.000

Group GERMAN

    Observed                                        Two-Tailed
    Variable        Estimate       S.E.  Est./S.E.    P-Value

    O1                 0.395      0.041      9.756      0.000
    O2                 0.383      0.039      9.700      0.000
    O3                 0.573      0.039     14.862      0.000
    O4                 0.270      0.035      7.798      0.000
    O5                 0.353      0.037      9.530      0.000
    O6                 0.580      0.037     15.647      0.000
    O7                 0.678      0.034     19.977      0.000
    O9                 0.376      0.041      9.193      0.000


QUALITY OF NUMERICAL RESULTS

     Condition Number for the Information Matrix              0.998E-03
       (ratio of smallest to largest eigenvalue)


MODEL MODIFICATION INDICES

NOTE:  Modification indices for direct effects of observed dependent variables
regressed on covariates may not be included.  To include these, request
MODINDICES (ALL).

Minimum M.I. value for printing the modification index     4.000

                                   M.I.     E.P.C.  Std E.P.C.  StdYX E.P.C.
Group US


WITH Statements

O4       WITH O1                   6.597    -0.048     -0.048       -0.141
O5       WITH O1                   4.916    -0.034     -0.034       -0.125
O5       WITH O4                  25.121     0.115      0.115        0.280
O6       WITH O1                  15.928     0.055      0.055        0.234
O6       WITH O2                   8.840    -0.058     -0.058       -0.173
O6       WITH O3                   7.556     0.043      0.043        0.165
O6       WITH O4                   4.776    -0.045     -0.045       -0.127
O7       WITH O1                   5.112    -0.032     -0.032       -0.153
O7       WITH O2                   5.530     0.048      0.048        0.158
O7       WITH O4                   6.557     0.055      0.055        0.172
O9       WITH O5                   4.007    -0.049     -0.049       -0.111

Group GERMAN


WITH Statements

O3       WITH O1                  18.548     0.037      0.037        0.268
O3       WITH O2                   9.106    -0.037     -0.037       -0.187
O4       WITH O1                   5.819    -0.040     -0.040       -0.137
O4       WITH O2                   9.394    -0.071     -0.071       -0.173
O5       WITH O4                  29.223     0.137      0.137        0.304
O7       WITH O1                   4.573    -0.025     -0.025       -0.145
O7       WITH O2                  27.172     0.086      0.086        0.351
O7       WITH O3                   5.039    -0.027     -0.027       -0.172
O9       WITH O2                  11.244    -0.060     -0.060       -0.194
O9       WITH O3                  10.893     0.041      0.041        0.205
O9       WITH O5                   7.462    -0.054     -0.054       -0.157



DIAGRAM INFORMATION

  Use View Diagram under the Diagram menu in the Mplus Editor to view the diagram.
  If running Mplus from the Mplus Diagrammer, the diagram opens automatically.

  Diagram output
    f:\ipip paper\messinvarianz\domänen mit esem\o starke faktorielle invarianz.dgm

     Beginning Time:  14:14:43
        Ending Time:  14:14:43
       Elapsed Time:  00:00:00



MUTHEN & MUTHEN
3463 Stoner Ave.
Los Angeles, CA  90066

Tel: (310) 391-9971
Fax: (310) 391-8971
Web: www.StatModel.com
Support: Support@StatModel.com

Copyright (c) 1998-2013 Muthen & Muthen
