Mplus VERSION 5.2
MUTHEN & MUTHEN
07/04/2012   3:40 PM

INPUT INSTRUCTIONS


  DATA:
   FILE IS  "ITS_TQIPIP.txt";

  VARIABLE:
   NAMES ARE
  id
  sex
  age
  A1_1
  A1_2
  A1_3
  A1_4
  A1_5
  A2_1
  A2_2
  A2_3
  A2_4
  A2_5
  A3_1
  A3_2
  A3_3
  A3_4
  A3_5
  A4_1
  A4_2
  A4_3
  A4_4
  A4_5
  A5_1
  A5_2
  A5_3
  A5_4
  A5_5
  A6_1
  A6_2
  A6_3
  A6_4
  A6_5
  A7_1
  A7_2
  A7_3
  A7_4
  A7_5
  A8_1
  A8_2
  A8_3
  A8_4
  A8_5
  C1_1
  C1_2
  C1_3
  C1_4
  C1_5
  C2_1
  C2_2
  C2_3
  C2_4
  C2_5
  C3_1
  C3_2
  C3_3
  C3_4
  C3_5
  C4_1
  C4_2
  C4_3
  C4_4
  C4_5
  C5_1
  C5_2
  C5_3
  C5_4
  C5_5
  C6_1
  C6_2
  C6_3
  C6_4
  C6_5
  C7_1
  C7_2
  C7_3
  C7_4
  C7_5
  C8_1
  C8_2
  C8_3
  C8_4
  C8_5
  C9_1
  C9_2
  C9_3
  C9_4
  C9_5
  E1_1
  E1_2
  E1_3
  E1_4
  E1_5
  E2_1
  E2_2
  E2_3
  E2_4
  E2_5
  E3_1
  E3_2
  E3_3
  E3_4
  E3_5
  E4_1
  E4_2
  E4_3
  E4_4
  E4_5
  E5_1
  E5_2
  E5_3
  E5_4
  E5_5
  E6_1
  E6_2
  E6_3
  E6_4
  E6_5
  E7_1
  E7_2
  E7_3
  E7_4
  E7_5
  E8_1
  E8_2
  E8_3
  E8_4
  E8_5
  E9_1
  E9_2
  E9_3
  N1_1
  N1_2
  N1_3
  N1_4
  N1_5
  N2_1
  N2_2
  N2_3
  N2_4
  N2_5
  N3_1
  N3_2
  N3_3
  N3_4
  N3_5
  N4_1
  N4_2
  N4_3
  N4_4
  N4_5
  N5_1
  N5_2
  N5_3
  N5_4
  N5_5
  N6_1
  N6_2
  N6_3
  N6_4
  N6_5
  N7_1
  N7_2
  N7_3
  O1_1
  O1_2
  O1_3
  O1_4
  O1_5
  O2_1
  O2_2
  O2_3
  O2_4
  O2_5
  O3_1
  O3_2
  O3_3
  O3_4
  O3_5
  O4_1
  O4_2
  O4_3
  O4_4
  O4_5
  O5_1
  O5_2
  O5_3
  O5_4
  O5_5
  O6_1
  O6_2
  O6_3
  O6_4
  O6_5
  O7_1
  O7_2
  O7_3
  O7_4
  O7_5
  O8_1
  O8_2
  O8_3
  O8_4
  O9_1
  O9_2
  O9_4
  dataset;

   USEVARIABLES ARE
  C9_1
  C9_2
  C9_3
  C9_4
  C9_5;

  Grouping is Dataset (0 = German 1 = US);

  MISSING ARE ALL (-99);

  MODEL:

  C9 by  C9_1
  C9_2
  C9_3
  C9_4
  C9_5;
  [C9@0];

  Model German:
  ;

  Model US:
  ;

  C9 by
  C9_2
  C9_3
  C9_4
  C9_5;

  [C9_1
  C9_2
  C9_3
  C9_4
  C9_5];

  ANALYSIS:
   ESTIMATOR IS ML;
   Iterations are 10000;

   OUTPUT: STDYX MODINDICES(4);



INPUT READING TERMINATED NORMALLY




SUMMARY OF ANALYSIS

Number of groups                                                 2
Number of observations
   Group GERMAN                                                387
   Group US                                                    722

Number of dependent variables                                    5
Number of independent variables                                  0
Number of continuous latent variables                            1

Observed dependent variables

  Continuous
   C9_1        C9_2        C9_3        C9_4        C9_5

Continuous latent variables
   C9

Variables with special functions

  Grouping variable     DATASET

Estimator                                                       ML
Information matrix                                        OBSERVED
Maximum number of iterations                                 10000
Convergence criterion                                    0.500D-04
Maximum number of steepest descent iterations                   20
Maximum number of iterations for H1                           2000
Convergence criterion for H1                             0.100D-03

Input data file(s)
  ITS_TQIPIP.txt

Input data format  FREE


SUMMARY OF DATA

   Group GERMAN
     Number of missing data patterns             1

   Group US
     Number of missing data patterns             1


COVARIANCE COVERAGE OF DATA

Minimum covariance coverage value   0.100


     PROPORTION OF DATA PRESENT FOR GERMAN


           Covariance Coverage
              C9_1          C9_2          C9_3          C9_4          C9_5
              ________      ________      ________      ________      ________
 C9_1           1.000
 C9_2           1.000         1.000
 C9_3           1.000         1.000         1.000
 C9_4           1.000         1.000         1.000         1.000
 C9_5           1.000         1.000         1.000         1.000         1.000


     PROPORTION OF DATA PRESENT FOR US


           Covariance Coverage
              C9_1          C9_2          C9_3          C9_4          C9_5
              ________      ________      ________      ________      ________
 C9_1           1.000
 C9_2           1.000         1.000
 C9_3           1.000         1.000         1.000
 C9_4           1.000         1.000         1.000         1.000
 C9_5           1.000         1.000         1.000         1.000         1.000



THE MODEL ESTIMATION TERMINATED NORMALLY



TESTS OF MODEL FIT

Chi-Square Test of Model Fit

          Value                             45.470
          Degrees of Freedom                    10
          P-Value                           0.0000

Chi-Square Contributions From Each Group

          GERMAN                            17.723
          US                                27.748

Chi-Square Test of Model Fit for the Baseline Model

          Value                            748.975
          Degrees of Freedom                    20
          P-Value                           0.0000

CFI/TLI

          CFI                                0.951
          TLI                                0.903

Loglikelihood

          H0 Value                       -7073.717
          H1 Value                       -7050.982

Information Criteria

          Number of Free Parameters             30
          Akaike (AIC)                   14207.435
          Bayesian (BIC)                 14357.771
          Sample-Size Adjusted BIC       14262.484
            (n* = (n + 2) / 24)

RMSEA (Root Mean Square Error Of Approximation)

          Estimate                           0.080
          90 Percent C.I.                    0.057  0.104

SRMR (Standardized Root Mean Square Residual)

          Value                              0.031



MODEL RESULTS

                                                    Two-Tailed
                    Estimate       S.E.  Est./S.E.    P-Value

Group GERMAN

 C9       BY
    C9_1               1.000      0.000    999.000    999.000
    C9_2               1.731      0.266      6.499      0.000
    C9_3               1.304      0.198      6.599      0.000
    C9_4               1.604      0.231      6.947      0.000
    C9_5              -0.660      0.161     -4.094      0.000

 Means
    C9                 0.000      0.000    999.000    999.000

 Intercepts
    C9_1               3.452      0.044     78.471      0.000
    C9_2               3.230      0.046     70.038      0.000
    C9_3               3.318      0.041     80.265      0.000
    C9_4               3.447      0.042     82.154      0.000
    C9_5               2.597      0.046     56.978      0.000

 Variances
    C9                 0.138      0.037      3.747      0.000

 Residual Variances
    C9_1               0.611      0.048     12.711      0.000
    C9_2               0.411      0.047      8.796      0.000
    C9_3               0.427      0.039     10.999      0.000
    C9_4               0.327      0.039      8.360      0.000
    C9_5               0.744      0.055     13.504      0.000

Group US

 C9       BY
    C9_1               1.000      0.000    999.000    999.000
    C9_2               1.158      0.146      7.933      0.000
    C9_3               1.147      0.150      7.641      0.000
    C9_4               1.214      0.134      9.093      0.000
    C9_5              -0.921      0.116     -7.944      0.000

 Means
    C9                 0.000      0.000    999.000    999.000

 Intercepts
    C9_1               3.506      0.036     98.039      0.000
    C9_2               2.907      0.034     84.381      0.000
    C9_3               2.990      0.041     73.582      0.000
    C9_4               3.240      0.035     93.074      0.000
    C9_5               2.245      0.033     67.682      0.000

 Variances
    C9                 0.214      0.040      5.374      0.000

 Residual Variances
    C9_1               0.709      0.045     15.801      0.000
    C9_2               0.570      0.042     13.569      0.000
    C9_3               0.910      0.058     15.661      0.000
    C9_4               0.559      0.043     13.082      0.000
    C9_5               0.613      0.038     16.074      0.000


STANDARDIZED MODEL RESULTS


STDYX Standardization

                                                    Two-Tailed
                    Estimate       S.E.  Est./S.E.    P-Value

Group GERMAN

 C9       BY
    C9_1               0.429      0.051      8.331      0.000
    C9_2               0.708      0.040     17.658      0.000
    C9_3               0.595      0.045     13.341      0.000
    C9_4               0.721      0.040     17.979      0.000
    C9_5              -0.273      0.056     -4.893      0.000

 Means
    C9                 0.000      0.000    999.000    999.000

 Intercepts
    C9_1               3.989      0.152     26.222      0.000
    C9_2               3.560      0.138     25.856      0.000
    C9_3               4.080      0.155     26.287      0.000
    C9_4               4.176      0.158     26.351      0.000
    C9_5               2.896      0.116     25.000      0.000

 Variances
    C9                 1.000      0.000    999.000    999.000

 Residual Variances
    C9_1               0.816      0.044     18.504      0.000
    C9_2               0.499      0.057      8.793      0.000
    C9_3               0.646      0.053     12.164      0.000
    C9_4               0.480      0.058      8.300      0.000
    C9_5               0.925      0.031     30.329      0.000

Group US

 C9       BY
    C9_1               0.482      0.040     12.039      0.000
    C9_2               0.579      0.039     15.020      0.000
    C9_3               0.486      0.040     12.111      0.000
    C9_4               0.601      0.038     15.871      0.000
    C9_5              -0.478      0.039    -12.178      0.000

 Means
    C9                 0.000      0.000    999.000    999.000

 Intercepts
    C9_1               3.649      0.103     35.431      0.000
    C9_2               3.140      0.091     34.649      0.000
    C9_3               2.738      0.081     33.763      0.000
    C9_4               3.464      0.098     35.181      0.000
    C9_5               2.519      0.076     33.135      0.000

 Variances
    C9                 1.000      0.000    999.000    999.000

 Residual Variances
    C9_1               0.768      0.039     19.918      0.000
    C9_2               0.665      0.045     14.876      0.000
    C9_3               0.763      0.039     19.546      0.000
    C9_4               0.639      0.046     14.037      0.000
    C9_5               0.771      0.038     20.556      0.000


R-SQUARE

Group GERMAN

    Observed                                        Two-Tailed
    Variable        Estimate       S.E.  Est./S.E.    P-Value

    C9_1               0.184      0.044      4.165      0.000
    C9_2               0.501      0.057      8.829      0.000
    C9_3               0.354      0.053      6.671      0.000
    C9_4               0.520      0.058      8.989      0.000
    C9_5               0.075      0.031      2.447      0.014

Group US

    Observed                                        Two-Tailed
    Variable        Estimate       S.E.  Est./S.E.    P-Value

    C9_1               0.232      0.039      6.020      0.000
    C9_2               0.335      0.045      7.510      0.000
    C9_3               0.237      0.039      6.055      0.000
    C9_4               0.361      0.046      7.936      0.000
    C9_5               0.229      0.038      6.089      0.000


QUALITY OF NUMERICAL RESULTS

     Condition Number for the Information Matrix              0.120E-02
       (ratio of smallest to largest eigenvalue)


MODEL MODIFICATION INDICES

NOTE:  Modification indices for direct effects of observed dependent variables
regressed on covariates may not be included.  To include these, request
MODINDICES (ALL).

Minimum M.I. value for printing the modification index     4.000

                            M.I.     E.P.C.  Std E.P.C.  StdYX E.P.C.
Group GERMAN


WITH Statements

C9_2     WITH C9_1         12.758    -0.131     -0.131       -0.262
C9_4     WITH C9_2          7.390     0.158      0.158        0.430
C9_4     WITH C9_3          6.061    -0.100     -0.100       -0.268
C9_5     WITH C9_4          4.889     0.074      0.074        0.149

Group US


WITH Statements

C9_2     WITH C9_1         15.140    -0.132     -0.132       -0.208
C9_3     WITH C9_2         19.848     0.172      0.172        0.239
C9_4     WITH C9_1         10.473     0.113      0.113        0.180
C9_4     WITH C9_3         10.220    -0.127     -0.127       -0.179



     Beginning Time:  15:40:19
        Ending Time:  15:40:19
       Elapsed Time:  00:00:00



MUTHEN & MUTHEN
3463 Stoner Ave.
Los Angeles, CA  90066

Tel: (310) 391-9971
Fax: (310) 391-8971
Web: www.StatModel.com
Support: Support@StatModel.com

Copyright (c) 1998-2008 Muthen & Muthen
