Mplus VERSION 5.2
MUTHEN & MUTHEN
07/04/2012   4:39 PM

INPUT INSTRUCTIONS


  DATA:
   FILE IS  "ITS_TQIPIP.txt";

  VARIABLE:
   NAMES ARE
  id
  sex
  age
  A1_1
  A1_2
  A1_3
  A1_4
  A1_5
  A2_1
  A2_2
  A2_3
  A2_4
  A2_5
  A3_1
  A3_2
  A3_3
  A3_4
  A3_5
  A4_1
  A4_2
  A4_3
  A4_4
  A4_5
  A5_1
  A5_2
  A5_3
  A5_4
  A5_5
  A6_1
  A6_2
  A6_3
  A6_4
  A6_5
  A7_1
  A7_2
  A7_3
  A7_4
  A7_5
  A8_1
  A8_2
  A8_3
  A8_4
  A8_5
  C1_1
  C1_2
  C1_3
  C1_4
  C1_5
  C2_1
  C2_2
  C2_3
  C2_4
  C2_5
  C3_1
  C3_2
  C3_3
  C3_4
  C3_5
  C4_1
  C4_2
  C4_3
  C4_4
  C4_5
  C5_1
  C5_2
  C5_3
  C5_4
  C5_5
  C6_1
  C6_2
  C6_3
  C6_4
  C6_5
  C7_1
  C7_2
  C7_3
  C7_4
  C7_5
  C8_1
  C8_2
  C8_3
  C8_4
  C8_5
  C9_1
  C9_2
  C9_3
  C9_4
  C9_5
  E1_1
  E1_2
  E1_3
  E1_4
  E1_5
  E2_1
  E2_2
  E2_3
  E2_4
  E2_5
  E3_1
  E3_2
  E3_3
  E3_4
  E3_5
  E4_1
  E4_2
  E4_3
  E4_4
  E4_5
  E5_1
  E5_2
  E5_3
  E5_4
  E5_5
  E6_1
  E6_2
  E6_3
  E6_4
  E6_5
  E7_1
  E7_2
  E7_3
  E7_4
  E7_5
  E8_1
  E8_2
  E8_3
  E8_4
  E8_5
  E9_1
  E9_2
  E9_3
  N1_1
  N1_2
  N1_3
  N1_4
  N1_5
  N2_1
  N2_2
  N2_3
  N2_4
  N2_5
  N3_1
  N3_2
  N3_3
  N3_4
  N3_5
  N4_1
  N4_2
  N4_3
  N4_4
  N4_5
  N5_1
  N5_2
  N5_3
  N5_4
  N5_5
  N6_1
  N6_2
  N6_3
  N6_4
  N6_5
  N7_1
  N7_2
  N7_3
  O1_1
  O1_2
  O1_3
  O1_4
  O1_5
  O2_1
  O2_2
  O2_3
  O2_4
  O2_5
  O3_1
  O3_2
  O3_3
  O3_4
  O3_5
  O4_1
  O4_2
  O4_3
  O4_4
  O4_5
  O5_1
  O5_2
  O5_3
  O5_4
  O5_5
  O6_1
  O6_2
  O6_3
  O6_4
  O6_5
  O7_1
  O7_2
  O7_3
  O7_4
  O7_5
  O8_1
  O8_2
  O8_3
  O8_4
  O9_1
  O9_2
  O9_4
  dataset;


   USEVARIABLES ARE
  E1_1
  E1_2
  E1_3
  E1_4
  E1_5
  ;

  Grouping is Dataset (0 = German 1 = US);

  MISSING ARE ALL (-99);

  MODEL:

  E1 by  E1_1
  E1_2
  E1_3
  E1_4
  E1_5;
  [E1@0];

  Model German:
  ;

  Model US:
  ;



  [E1_1
  E1_2
  E1_3
  E1_4
  E1_5];

  ANALYSIS:
   ESTIMATOR IS ML;
   Iterations are 10000;

   OUTPUT: STDYX MODINDICES(4);



INPUT READING TERMINATED NORMALLY




SUMMARY OF ANALYSIS

Number of groups                                                 2
Number of observations
   Group GERMAN                                                387
   Group US                                                    722

Number of dependent variables                                    5
Number of independent variables                                  0
Number of continuous latent variables                            1

Observed dependent variables

  Continuous
   E1_1        E1_2        E1_3        E1_4        E1_5

Continuous latent variables
   E1

Variables with special functions

  Grouping variable     DATASET

Estimator                                                       ML
Information matrix                                        OBSERVED
Maximum number of iterations                                 10000
Convergence criterion                                    0.500D-04
Maximum number of steepest descent iterations                   20
Maximum number of iterations for H1                           2000
Convergence criterion for H1                             0.100D-03

Input data file(s)
  ITS_TQIPIP.txt

Input data format  FREE


SUMMARY OF DATA

   Group GERMAN
     Number of missing data patterns             1

   Group US
     Number of missing data patterns             1


COVARIANCE COVERAGE OF DATA

Minimum covariance coverage value   0.100


     PROPORTION OF DATA PRESENT FOR GERMAN


           Covariance Coverage
              E1_1          E1_2          E1_3          E1_4          E1_5
              ________      ________      ________      ________      ________
 E1_1           1.000
 E1_2           1.000         1.000
 E1_3           1.000         1.000         1.000
 E1_4           1.000         1.000         1.000         1.000
 E1_5           1.000         1.000         1.000         1.000         1.000


     PROPORTION OF DATA PRESENT FOR US


           Covariance Coverage
              E1_1          E1_2          E1_3          E1_4          E1_5
              ________      ________      ________      ________      ________
 E1_1           1.000
 E1_2           1.000         1.000
 E1_3           1.000         1.000         1.000
 E1_4           1.000         1.000         1.000         1.000
 E1_5           1.000         1.000         1.000         1.000         1.000



THE MODEL ESTIMATION TERMINATED NORMALLY



TESTS OF MODEL FIT

Chi-Square Test of Model Fit

          Value                             26.008
          Degrees of Freedom                    14
          P-Value                           0.0258

Chi-Square Contributions From Each Group

          GERMAN                             8.576
          US                                17.432

Chi-Square Test of Model Fit for the Baseline Model

          Value                            962.192
          Degrees of Freedom                    20
          P-Value                           0.0000

CFI/TLI

          CFI                                0.987
          TLI                                0.982

Loglikelihood

          H0 Value                       -7476.213
          H1 Value                       -7463.209

Information Criteria

          Number of Free Parameters             26
          Akaike (AIC)                   15004.427
          Bayesian (BIC)                 15134.718
          Sample-Size Adjusted BIC       15052.136
            (n* = (n + 2) / 24)

RMSEA (Root Mean Square Error Of Approximation)

          Estimate                           0.039
          90 Percent C.I.                    0.013  0.063

SRMR (Standardized Root Mean Square Residual)

          Value                              0.035



MODEL RESULTS

                                                    Two-Tailed
                    Estimate       S.E.  Est./S.E.    P-Value

Group GERMAN

 E1       BY
    E1_1               1.000      0.000    999.000    999.000
    E1_2              -0.970      0.057    -16.877      0.000
    E1_3               0.530      0.047     11.346      0.000
    E1_4              -0.799      0.049    -16.217      0.000
    E1_5               0.457      0.053      8.605      0.000

 Means
    E1                 0.000      0.000    999.000    999.000

 Intercepts
    E1_1               3.041      0.049     62.526      0.000
    E1_2               3.532      0.046     77.389      0.000
    E1_3               2.827      0.051     55.582      0.000
    E1_4               3.755      0.045     83.740      0.000
    E1_5               2.351      0.057     41.250      0.000

 Variances
    E1                 0.454      0.055      8.222      0.000

 Residual Variances
    E1_1               0.462      0.048      9.539      0.000
    E1_2               0.379      0.042      9.112      0.000
    E1_3               0.873      0.065     13.352      0.000
    E1_4               0.488      0.042     11.603      0.000
    E1_5               1.163      0.086     13.557      0.000

Group US

 E1       BY
    E1_1               1.000      0.000    999.000    999.000
    E1_2              -0.970      0.057    -16.877      0.000
    E1_3               0.530      0.047     11.346      0.000
    E1_4              -0.799      0.049    -16.217      0.000
    E1_5               0.457      0.053      8.605      0.000

 Means
    E1                 0.000      0.000    999.000    999.000

 Intercepts
    E1_1               3.163      0.043     74.253      0.000
    E1_2               3.429      0.038     90.552      0.000
    E1_3               2.810      0.037     75.860      0.000
    E1_4               3.759      0.035    107.716      0.000
    E1_5               2.493      0.042     59.877      0.000

 Variances
    E1                 0.619      0.062     10.032      0.000

 Residual Variances
    E1_1               0.691      0.050     13.799      0.000
    E1_2               0.453      0.039     11.602      0.000
    E1_3               0.817      0.046     17.719      0.000
    E1_4               0.484      0.034     14.201      0.000
    E1_5               1.122      0.061     18.418      0.000


STANDARDIZED MODEL RESULTS


STDYX Standardization

                                                    Two-Tailed
                    Estimate       S.E.  Est./S.E.    P-Value

Group GERMAN

 E1       BY
    E1_1               0.704      0.033     21.578      0.000
    E1_2              -0.728      0.031    -23.391      0.000
    E1_3               0.357      0.032     11.177      0.000
    E1_4              -0.610      0.030    -20.122      0.000
    E1_5               0.275      0.032      8.529      0.000

 Means
    E1                 0.000      0.000    999.000    999.000

 Intercepts
    E1_1               3.178      0.117     27.073      0.000
    E1_2               3.934      0.143     27.517      0.000
    E1_3               2.825      0.109     25.950      0.000
    E1_4               4.257      0.153     27.907      0.000
    E1_5               2.097      0.088     23.744      0.000

 Variances
    E1                 1.000      0.000    999.000    999.000

 Residual Variances
    E1_1               0.504      0.046     10.981      0.000
    E1_2               0.470      0.045     10.389      0.000
    E1_3               0.873      0.023     38.263      0.000
    E1_4               0.628      0.037     16.959      0.000
    E1_5               0.925      0.018     52.292      0.000

Group US

 E1       BY
    E1_1               0.687      0.025     27.243      0.000
    E1_2              -0.750      0.024    -30.685      0.000
    E1_3               0.419      0.033     12.810      0.000
    E1_4              -0.670      0.027    -25.221      0.000
    E1_5               0.322      0.034      9.563      0.000

 Means
    E1                 0.000      0.000    999.000    999.000

 Intercepts
    E1_1               2.763      0.080     34.489      0.000
    E1_2               3.370      0.094     35.711      0.000
    E1_3               2.823      0.081     34.856      0.000
    E1_4               4.009      0.107     37.343      0.000
    E1_5               2.228      0.069     32.340      0.000

 Variances
    E1                 1.000      0.000    999.000    999.000

 Residual Variances
    E1_1               0.528      0.035     15.207      0.000
    E1_2               0.437      0.037     11.926      0.000
    E1_3               0.824      0.027     30.050      0.000
    E1_4               0.550      0.036     15.441      0.000
    E1_5               0.897      0.022     41.469      0.000


R-SQUARE

Group GERMAN

    Observed                                        Two-Tailed
    Variable        Estimate       S.E.  Est./S.E.    P-Value

    E1_1               0.496      0.046     10.789      0.000
    E1_2               0.530      0.045     11.696      0.000
    E1_3               0.127      0.023      5.589      0.000
    E1_4               0.372      0.037     10.061      0.000
    E1_5               0.075      0.018      4.265      0.000

Group US

    Observed                                        Two-Tailed
    Variable        Estimate       S.E.  Est./S.E.    P-Value

    E1_1               0.472      0.035     13.622      0.000
    E1_2               0.563      0.037     15.343      0.000
    E1_3               0.176      0.027      6.405      0.000
    E1_4               0.450      0.036     12.611      0.000
    E1_5               0.103      0.022      4.781      0.000


QUALITY OF NUMERICAL RESULTS

     Condition Number for the Information Matrix              0.194E-01
       (ratio of smallest to largest eigenvalue)


MODEL MODIFICATION INDICES

NOTE:  Modification indices for direct effects of observed dependent variables
regressed on covariates may not be included.  To include these, request
MODINDICES (ALL).

Minimum M.I. value for printing the modification index     4.000

                            M.I.     E.P.C.  Std E.P.C.  StdYX E.P.C.
Group GERMAN


BY Statements

E1       BY E1_4            4.031     0.127      0.086        0.097

WITH Statements

E1_4     WITH E1_3          4.030     0.076      0.076        0.116

Group US


BY Statements

E1       BY E1_4            4.030    -0.054     -0.042       -0.045

WITH Statements

E1_3     WITH E1_1         12.681     0.125      0.125        0.167
E1_3     WITH E1_2          7.109     0.084      0.084        0.139
E1_4     WITH E1_2          8.208     0.106      0.106        0.227



     Beginning Time:  16:39:40
        Ending Time:  16:39:40
       Elapsed Time:  00:00:00



MUTHEN & MUTHEN
3463 Stoner Ave.
Los Angeles, CA  90066

Tel: (310) 391-9971
Fax: (310) 391-8971
Web: www.StatModel.com
Support: Support@StatModel.com

Copyright (c) 1998-2008 Muthen & Muthen
