Mplus VERSION 5.2
MUTHEN & MUTHEN
07/04/2012   4:38 PM

INPUT INSTRUCTIONS


  DATA:
   FILE IS  "ITS_TQIPIP.txt";

  VARIABLE:
   NAMES ARE
  id
  sex
  age
  A1_1
  A1_2
  A1_3
  A1_4
  A1_5
  A2_1
  A2_2
  A2_3
  A2_4
  A2_5
  A3_1
  A3_2
  A3_3
  A3_4
  A3_5
  A4_1
  A4_2
  A4_3
  A4_4
  A4_5
  A5_1
  A5_2
  A5_3
  A5_4
  A5_5
  A6_1
  A6_2
  A6_3
  A6_4
  A6_5
  A7_1
  A7_2
  A7_3
  A7_4
  A7_5
  A8_1
  A8_2
  A8_3
  A8_4
  A8_5
  C1_1
  C1_2
  C1_3
  C1_4
  C1_5
  C2_1
  C2_2
  C2_3
  C2_4
  C2_5
  C3_1
  C3_2
  C3_3
  C3_4
  C3_5
  C4_1
  C4_2
  C4_3
  C4_4
  C4_5
  C5_1
  C5_2
  C5_3
  C5_4
  C5_5
  C6_1
  C6_2
  C6_3
  C6_4
  C6_5
  C7_1
  C7_2
  C7_3
  C7_4
  C7_5
  C8_1
  C8_2
  C8_3
  C8_4
  C8_5
  C9_1
  C9_2
  C9_3
  C9_4
  C9_5
  E1_1
  E1_2
  E1_3
  E1_4
  E1_5
  E2_1
  E2_2
  E2_3
  E2_4
  E2_5
  E3_1
  E3_2
  E3_3
  E3_4
  E3_5
  E4_1
  E4_2
  E4_3
  E4_4
  E4_5
  E5_1
  E5_2
  E5_3
  E5_4
  E5_5
  E6_1
  E6_2
  E6_3
  E6_4
  E6_5
  E7_1
  E7_2
  E7_3
  E7_4
  E7_5
  E8_1
  E8_2
  E8_3
  E8_4
  E8_5
  E9_1
  E9_2
  E9_3
  N1_1
  N1_2
  N1_3
  N1_4
  N1_5
  N2_1
  N2_2
  N2_3
  N2_4
  N2_5
  N3_1
  N3_2
  N3_3
  N3_4
  N3_5
  N4_1
  N4_2
  N4_3
  N4_4
  N4_5
  N5_1
  N5_2
  N5_3
  N5_4
  N5_5
  N6_1
  N6_2
  N6_3
  N6_4
  N6_5
  N7_1
  N7_2
  N7_3
  O1_1
  O1_2
  O1_3
  O1_4
  O1_5
  O2_1
  O2_2
  O2_3
  O2_4
  O2_5
  O3_1
  O3_2
  O3_3
  O3_4
  O3_5
  O4_1
  O4_2
  O4_3
  O4_4
  O4_5
  O5_1
  O5_2
  O5_3
  O5_4
  O5_5
  O6_1
  O6_2
  O6_3
  O6_4
  O6_5
  O7_1
  O7_2
  O7_3
  O7_4
  O7_5
  O8_1
  O8_2
  O8_3
  O8_4
  O9_1
  O9_2
  O9_4
  dataset;

   USEVARIABLES ARE
  E1_1
  E1_2
  E1_3
  E1_4
  E1_5;

  Grouping is Dataset (0 = German 1 = US);

  MISSING ARE ALL (-99);

  MODEL:

  E1 by  E1_1
  E1_2
  E1_3
  E1_4
  E1_5;
  [E1@0];

  Model German:
  ;

  Model US:
  ;

  E1 by
  E1_2
  E1_3
  E1_4
  E1_5;

  [E1_1
  E1_2
  E1_3
  E1_4
  E1_5];

  ANALYSIS:
   ESTIMATOR IS ML;
   Iterations are 10000;

   OUTPUT: STDYX MODINDICES(4);



INPUT READING TERMINATED NORMALLY




SUMMARY OF ANALYSIS

Number of groups                                                 2
Number of observations
   Group GERMAN                                                387
   Group US                                                    722

Number of dependent variables                                    5
Number of independent variables                                  0
Number of continuous latent variables                            1

Observed dependent variables

  Continuous
   E1_1        E1_2        E1_3        E1_4        E1_5

Continuous latent variables
   E1

Variables with special functions

  Grouping variable     DATASET

Estimator                                                       ML
Information matrix                                        OBSERVED
Maximum number of iterations                                 10000
Convergence criterion                                    0.500D-04
Maximum number of steepest descent iterations                   20
Maximum number of iterations for H1                           2000
Convergence criterion for H1                             0.100D-03

Input data file(s)
  ITS_TQIPIP.txt

Input data format  FREE


SUMMARY OF DATA

   Group GERMAN
     Number of missing data patterns             1

   Group US
     Number of missing data patterns             1


COVARIANCE COVERAGE OF DATA

Minimum covariance coverage value   0.100


     PROPORTION OF DATA PRESENT FOR GERMAN


           Covariance Coverage
              E1_1          E1_2          E1_3          E1_4          E1_5
              ________      ________      ________      ________      ________
 E1_1           1.000
 E1_2           1.000         1.000
 E1_3           1.000         1.000         1.000
 E1_4           1.000         1.000         1.000         1.000
 E1_5           1.000         1.000         1.000         1.000         1.000


     PROPORTION OF DATA PRESENT FOR US


           Covariance Coverage
              E1_1          E1_2          E1_3          E1_4          E1_5
              ________      ________      ________      ________      ________
 E1_1           1.000
 E1_2           1.000         1.000
 E1_3           1.000         1.000         1.000
 E1_4           1.000         1.000         1.000         1.000
 E1_5           1.000         1.000         1.000         1.000         1.000



THE MODEL ESTIMATION TERMINATED NORMALLY



TESTS OF MODEL FIT

Chi-Square Test of Model Fit

          Value                             20.130
          Degrees of Freedom                    10
          P-Value                           0.0280

Chi-Square Contributions From Each Group

          GERMAN                             4.453
          US                                15.677

Chi-Square Test of Model Fit for the Baseline Model

          Value                            962.192
          Degrees of Freedom                    20
          P-Value                           0.0000

CFI/TLI

          CFI                                0.989
          TLI                                0.978

Loglikelihood

          H0 Value                       -7473.274
          H1 Value                       -7463.209

Information Criteria

          Number of Free Parameters             30
          Akaike (AIC)                   15006.549
          Bayesian (BIC)                 15156.885
          Sample-Size Adjusted BIC       15061.598
            (n* = (n + 2) / 24)

RMSEA (Root Mean Square Error Of Approximation)

          Estimate                           0.043
          90 Percent C.I.                    0.014  0.070

SRMR (Standardized Root Mean Square Residual)

          Value                              0.020



MODEL RESULTS

                                                    Two-Tailed
                    Estimate       S.E.  Est./S.E.    P-Value

Group GERMAN

 E1       BY
    E1_1               1.000      0.000    999.000    999.000
    E1_2              -0.904      0.098     -9.263      0.000
    E1_3               0.461      0.082      5.652      0.000
    E1_4              -0.655      0.077     -8.465      0.000
    E1_5               0.501      0.095      5.287      0.000

 Means
    E1                 0.000      0.000    999.000    999.000

 Intercepts
    E1_1               3.041      0.050     61.410      0.000
    E1_2               3.532      0.046     77.101      0.000
    E1_3               2.827      0.050     56.017      0.000
    E1_4               3.755      0.044     86.266      0.000
    E1_5               2.351      0.058     40.851      0.000

 Variances
    E1                 0.523      0.078      6.671      0.000

 Residual Variances
    E1_1               0.426      0.058      7.356      0.000
    E1_2               0.385      0.049      7.876      0.000
    E1_3               0.874      0.066     13.305      0.000
    E1_4               0.509      0.043     11.776      0.000
    E1_5               1.151      0.086     13.379      0.000

Group US

 E1       BY
    E1_1               1.000      0.000    999.000    999.000
    E1_2              -0.999      0.072    -13.945      0.000
    E1_3               0.564      0.058      9.782      0.000
    E1_4              -0.869      0.064    -13.614      0.000
    E1_5               0.443      0.065      6.866      0.000

 Means
    E1                 0.000      0.000    999.000    999.000

 Intercepts
    E1_1               3.163      0.042     75.029      0.000
    E1_2               3.429      0.038     90.720      0.000
    E1_3               2.810      0.037     75.563      0.000
    E1_4               3.759      0.035    106.282      0.000
    E1_5               2.493      0.041     60.184      0.000

 Variances
    E1                 0.577      0.066      8.681      0.000

 Residual Variances
    E1_1               0.707      0.051     13.825      0.000
    E1_2               0.456      0.040     11.304      0.000
    E1_3               0.816      0.046     17.600      0.000
    E1_4               0.467      0.035     13.353      0.000
    E1_5               1.126      0.061     18.420      0.000


STANDARDIZED MODEL RESULTS


STDYX Standardization

                                                    Two-Tailed
                    Estimate       S.E.  Est./S.E.    P-Value

Group GERMAN

 E1       BY
    E1_1               0.742      0.042     17.779      0.000
    E1_2              -0.725      0.042    -17.347      0.000
    E1_3               0.336      0.054      6.269      0.000
    E1_4              -0.553      0.045    -12.223      0.000
    E1_5               0.320      0.054      5.936      0.000

 Means
    E1                 0.000      0.000    999.000    999.000

 Intercepts
    E1_1               3.122      0.123     25.339      0.000
    E1_2               3.919      0.150     26.168      0.000
    E1_3               2.848      0.114     24.916      0.000
    E1_4               4.385      0.166     26.477      0.000
    E1_5               2.077      0.090     22.995      0.000

 Variances
    E1                 1.000      0.000    999.000    999.000

 Residual Variances
    E1_1               0.449      0.062      7.252      0.000
    E1_2               0.474      0.061      7.811      0.000
    E1_3               0.887      0.036     24.634      0.000
    E1_4               0.694      0.050     13.860      0.000
    E1_5               0.898      0.035     26.004      0.000

Group US

 E1       BY
    E1_1               0.670      0.029     23.176      0.000
    E1_2              -0.747      0.027    -27.992      0.000
    E1_3               0.428      0.037     11.696      0.000
    E1_4              -0.695      0.028    -25.117      0.000
    E1_5               0.302      0.039      7.701      0.000

 Means
    E1                 0.000      0.000    999.000    999.000

 Intercepts
    E1_1               2.792      0.082     33.900      0.000
    E1_2               3.376      0.096     35.049      0.000
    E1_3               2.812      0.083     33.948      0.000
    E1_4               3.955      0.111     35.781      0.000
    E1_5               2.240      0.070     32.130      0.000

 Variances
    E1                 1.000      0.000    999.000    999.000

 Residual Variances
    E1_1               0.551      0.039     14.212      0.000
    E1_2               0.442      0.040     11.078      0.000
    E1_3               0.817      0.031     26.045      0.000
    E1_4               0.518      0.038     13.471      0.000
    E1_5               0.909      0.024     38.245      0.000


R-SQUARE

Group GERMAN

    Observed                                        Two-Tailed
    Variable        Estimate       S.E.  Est./S.E.    P-Value

    E1_1               0.551      0.062      8.889      0.000
    E1_2               0.526      0.061      8.673      0.000
    E1_3               0.113      0.036      3.134      0.002
    E1_4               0.306      0.050      6.111      0.000
    E1_5               0.102      0.035      2.968      0.003

Group US

    Observed                                        Two-Tailed
    Variable        Estimate       S.E.  Est./S.E.    P-Value

    E1_1               0.449      0.039     11.588      0.000
    E1_2               0.558      0.040     13.996      0.000
    E1_3               0.183      0.031      5.848      0.000
    E1_4               0.482      0.038     12.559      0.000
    E1_5               0.091      0.024      3.850      0.000


QUALITY OF NUMERICAL RESULTS

     Condition Number for the Information Matrix              0.942E-02
       (ratio of smallest to largest eigenvalue)


MODEL MODIFICATION INDICES

NOTE:  Modification indices for direct effects of observed dependent variables
regressed on covariates may not be included.  To include these, request
MODINDICES (ALL).

Minimum M.I. value for printing the modification index     4.000

                            M.I.     E.P.C.  Std E.P.C.  StdYX E.P.C.
Group GERMAN


No modification indices above the minimum value.

Group US


WITH Statements

E1_3     WITH E1_1         13.688     0.132      0.132        0.174
E1_3     WITH E1_2          7.707     0.092      0.092        0.150
E1_4     WITH E1_2          6.004     0.116      0.116        0.251



     Beginning Time:  16:38:32
        Ending Time:  16:38:32
       Elapsed Time:  00:00:00



MUTHEN & MUTHEN
3463 Stoner Ave.
Los Angeles, CA  90066

Tel: (310) 391-9971
Fax: (310) 391-8971
Web: www.StatModel.com
Support: Support@StatModel.com

Copyright (c) 1998-2008 Muthen & Muthen
