Mplus VERSION 7.31 (Mac)
MUTHEN & MUTHEN
06/04/2015   2:48 PM

INPUT INSTRUCTIONS

  TITLE:

  DATA:
  FILE IS  "factorscores_CFA.txt";
  Variable:
  Names are
  VPN
  A1
  A2
  A3
  A4
  A5
  A6
  A7
  A8
  C1
  C2
  C3
  C4
  C5
  C6
  C7
  C8
  C9
  E1
  E2
  E3
  E4
  E5
  E6
  E7
  E8
  E9
  N1
  N2
  N3
  N4
  N5
  N6
  N7
  O1
  O2
  O3
  O4
  O5
  O6
  O7
  O8
  O9
  ;

  USEVARIABLES ARE
  A1
  A2
  A3
  A4
  A5
  A6
  A7
  A8
  C1
  C2
  C3
  C4
  C5
  C6
  C7
  C8
  C9
  E1
  E2
  E3
  E4
  E5
  E6
  E7
  E8
  E9
  N1
  N2
  N3
  N4
  N5
  N6
  N7
  O1
  O2
  O3
  O4
  O5
  O6
  O7
  O8
  O9
  ;

  MISSING ARE ALL (-99);

  Model:

  agree by
  A1
  A2
  A3
  A4
  A5
  A6
  A7
  A8
  ;

  consc by
  C1
  C2
  C3
  C4
  C5
  C6
  C7
  C8
  C9
  ;

  extra by
  E1
  E2
  E3
  E4
  E5
  E6
  E7
  E8
  E9;

  neuro by
  N1
  N2
  N3
  N4
  N5
  N6
  N7
  ;

  open by
  O1
  O2
  O3
  O4
  O5
  O6
  O7
  O8
  O9
  ;



  Analysis:
  ESTIMATOR IS ML;
  iterations = 10000;

  OUTPUT: STDYX MODINDICES(4);



INPUT READING TERMINATED NORMALLY




SUMMARY OF ANALYSIS

Number of groups                                                 1
Number of observations                                         361

Number of dependent variables                                   42
Number of independent variables                                  0
Number of continuous latent variables                            5

Observed dependent variables

  Continuous
   A1          A2          A3          A4          A5          A6
   A7          A8          C1          C2          C3          C4
   C5          C6          C7          C8          C9          E1
   E2          E3          E4          E5          E6          E7
   E8          E9          N1          N2          N3          N4
   N5          N6          N7          O1          O2          O3
   O4          O5          O6          O7          O8          O9

Continuous latent variables
   AGREE       CONSC       EXTRA       NEURO       OPEN


Estimator                                                       ML
Information matrix                                        OBSERVED
Maximum number of iterations                                 10000
Convergence criterion                                    0.500D-04
Maximum number of steepest descent iterations                   20
Maximum number of iterations for H1                           2000
Convergence criterion for H1                             0.100D-03

Input data file(s)
  factorscores_CFA.txt

Input data format  FREE


SUMMARY OF DATA

     Number of missing data patterns             1


COVARIANCE COVERAGE OF DATA

Minimum covariance coverage value   0.100


     PROPORTION OF DATA PRESENT


           Covariance Coverage
              A1            A2            A3            A4            A5
              ________      ________      ________      ________      ________
 A1             1.000
 A2             1.000         1.000
 A3             1.000         1.000         1.000
 A4             1.000         1.000         1.000         1.000
 A5             1.000         1.000         1.000         1.000         1.000
 A6             1.000         1.000         1.000         1.000         1.000
 A7             1.000         1.000         1.000         1.000         1.000
 A8             1.000         1.000         1.000         1.000         1.000
 C1             1.000         1.000         1.000         1.000         1.000
 C2             1.000         1.000         1.000         1.000         1.000
 C3             1.000         1.000         1.000         1.000         1.000
 C4             1.000         1.000         1.000         1.000         1.000
 C5             1.000         1.000         1.000         1.000         1.000
 C6             1.000         1.000         1.000         1.000         1.000
 C7             1.000         1.000         1.000         1.000         1.000
 C8             1.000         1.000         1.000         1.000         1.000
 C9             1.000         1.000         1.000         1.000         1.000
 E1             1.000         1.000         1.000         1.000         1.000
 E2             1.000         1.000         1.000         1.000         1.000
 E3             1.000         1.000         1.000         1.000         1.000
 E4             1.000         1.000         1.000         1.000         1.000
 E5             1.000         1.000         1.000         1.000         1.000
 E6             1.000         1.000         1.000         1.000         1.000
 E7             1.000         1.000         1.000         1.000         1.000
 E8             1.000         1.000         1.000         1.000         1.000
 E9             1.000         1.000         1.000         1.000         1.000
 N1             1.000         1.000         1.000         1.000         1.000
 N2             1.000         1.000         1.000         1.000         1.000
 N3             1.000         1.000         1.000         1.000         1.000
 N4             1.000         1.000         1.000         1.000         1.000
 N5             1.000         1.000         1.000         1.000         1.000
 N6             1.000         1.000         1.000         1.000         1.000
 N7             1.000         1.000         1.000         1.000         1.000
 O1             1.000         1.000         1.000         1.000         1.000
 O2             1.000         1.000         1.000         1.000         1.000
 O3             1.000         1.000         1.000         1.000         1.000
 O4             1.000         1.000         1.000         1.000         1.000
 O5             1.000         1.000         1.000         1.000         1.000
 O6             1.000         1.000         1.000         1.000         1.000
 O7             1.000         1.000         1.000         1.000         1.000
 O8             1.000         1.000         1.000         1.000         1.000
 O9             1.000         1.000         1.000         1.000         1.000


           Covariance Coverage
              A6            A7            A8            C1            C2
              ________      ________      ________      ________      ________
 A6             1.000
 A7             1.000         1.000
 A8             1.000         1.000         1.000
 C1             1.000         1.000         1.000         1.000
 C2             1.000         1.000         1.000         1.000         1.000
 C3             1.000         1.000         1.000         1.000         1.000
 C4             1.000         1.000         1.000         1.000         1.000
 C5             1.000         1.000         1.000         1.000         1.000
 C6             1.000         1.000         1.000         1.000         1.000
 C7             1.000         1.000         1.000         1.000         1.000
 C8             1.000         1.000         1.000         1.000         1.000
 C9             1.000         1.000         1.000         1.000         1.000
 E1             1.000         1.000         1.000         1.000         1.000
 E2             1.000         1.000         1.000         1.000         1.000
 E3             1.000         1.000         1.000         1.000         1.000
 E4             1.000         1.000         1.000         1.000         1.000
 E5             1.000         1.000         1.000         1.000         1.000
 E6             1.000         1.000         1.000         1.000         1.000
 E7             1.000         1.000         1.000         1.000         1.000
 E8             1.000         1.000         1.000         1.000         1.000
 E9             1.000         1.000         1.000         1.000         1.000
 N1             1.000         1.000         1.000         1.000         1.000
 N2             1.000         1.000         1.000         1.000         1.000
 N3             1.000         1.000         1.000         1.000         1.000
 N4             1.000         1.000         1.000         1.000         1.000
 N5             1.000         1.000         1.000         1.000         1.000
 N6             1.000         1.000         1.000         1.000         1.000
 N7             1.000         1.000         1.000         1.000         1.000
 O1             1.000         1.000         1.000         1.000         1.000
 O2             1.000         1.000         1.000         1.000         1.000
 O3             1.000         1.000         1.000         1.000         1.000
 O4             1.000         1.000         1.000         1.000         1.000
 O5             1.000         1.000         1.000         1.000         1.000
 O6             1.000         1.000         1.000         1.000         1.000
 O7             1.000         1.000         1.000         1.000         1.000
 O8             1.000         1.000         1.000         1.000         1.000
 O9             1.000         1.000         1.000         1.000         1.000


           Covariance Coverage
              C3            C4            C5            C6            C7
              ________      ________      ________      ________      ________
 C3             1.000
 C4             1.000         1.000
 C5             1.000         1.000         1.000
 C6             1.000         1.000         1.000         1.000
 C7             1.000         1.000         1.000         1.000         1.000
 C8             1.000         1.000         1.000         1.000         1.000
 C9             1.000         1.000         1.000         1.000         1.000
 E1             1.000         1.000         1.000         1.000         1.000
 E2             1.000         1.000         1.000         1.000         1.000
 E3             1.000         1.000         1.000         1.000         1.000
 E4             1.000         1.000         1.000         1.000         1.000
 E5             1.000         1.000         1.000         1.000         1.000
 E6             1.000         1.000         1.000         1.000         1.000
 E7             1.000         1.000         1.000         1.000         1.000
 E8             1.000         1.000         1.000         1.000         1.000
 E9             1.000         1.000         1.000         1.000         1.000
 N1             1.000         1.000         1.000         1.000         1.000
 N2             1.000         1.000         1.000         1.000         1.000
 N3             1.000         1.000         1.000         1.000         1.000
 N4             1.000         1.000         1.000         1.000         1.000
 N5             1.000         1.000         1.000         1.000         1.000
 N6             1.000         1.000         1.000         1.000         1.000
 N7             1.000         1.000         1.000         1.000         1.000
 O1             1.000         1.000         1.000         1.000         1.000
 O2             1.000         1.000         1.000         1.000         1.000
 O3             1.000         1.000         1.000         1.000         1.000
 O4             1.000         1.000         1.000         1.000         1.000
 O5             1.000         1.000         1.000         1.000         1.000
 O6             1.000         1.000         1.000         1.000         1.000
 O7             1.000         1.000         1.000         1.000         1.000
 O8             1.000         1.000         1.000         1.000         1.000
 O9             1.000         1.000         1.000         1.000         1.000


           Covariance Coverage
              C8            C9            E1            E2            E3
              ________      ________      ________      ________      ________
 C8             1.000
 C9             1.000         1.000
 E1             1.000         1.000         1.000
 E2             1.000         1.000         1.000         1.000
 E3             1.000         1.000         1.000         1.000         1.000
 E4             1.000         1.000         1.000         1.000         1.000
 E5             1.000         1.000         1.000         1.000         1.000
 E6             1.000         1.000         1.000         1.000         1.000
 E7             1.000         1.000         1.000         1.000         1.000
 E8             1.000         1.000         1.000         1.000         1.000
 E9             1.000         1.000         1.000         1.000         1.000
 N1             1.000         1.000         1.000         1.000         1.000
 N2             1.000         1.000         1.000         1.000         1.000
 N3             1.000         1.000         1.000         1.000         1.000
 N4             1.000         1.000         1.000         1.000         1.000
 N5             1.000         1.000         1.000         1.000         1.000
 N6             1.000         1.000         1.000         1.000         1.000
 N7             1.000         1.000         1.000         1.000         1.000
 O1             1.000         1.000         1.000         1.000         1.000
 O2             1.000         1.000         1.000         1.000         1.000
 O3             1.000         1.000         1.000         1.000         1.000
 O4             1.000         1.000         1.000         1.000         1.000
 O5             1.000         1.000         1.000         1.000         1.000
 O6             1.000         1.000         1.000         1.000         1.000
 O7             1.000         1.000         1.000         1.000         1.000
 O8             1.000         1.000         1.000         1.000         1.000
 O9             1.000         1.000         1.000         1.000         1.000


           Covariance Coverage
              E4            E5            E6            E7            E8
              ________      ________      ________      ________      ________
 E4             1.000
 E5             1.000         1.000
 E6             1.000         1.000         1.000
 E7             1.000         1.000         1.000         1.000
 E8             1.000         1.000         1.000         1.000         1.000
 E9             1.000         1.000         1.000         1.000         1.000
 N1             1.000         1.000         1.000         1.000         1.000
 N2             1.000         1.000         1.000         1.000         1.000
 N3             1.000         1.000         1.000         1.000         1.000
 N4             1.000         1.000         1.000         1.000         1.000
 N5             1.000         1.000         1.000         1.000         1.000
 N6             1.000         1.000         1.000         1.000         1.000
 N7             1.000         1.000         1.000         1.000         1.000
 O1             1.000         1.000         1.000         1.000         1.000
 O2             1.000         1.000         1.000         1.000         1.000
 O3             1.000         1.000         1.000         1.000         1.000
 O4             1.000         1.000         1.000         1.000         1.000
 O5             1.000         1.000         1.000         1.000         1.000
 O6             1.000         1.000         1.000         1.000         1.000
 O7             1.000         1.000         1.000         1.000         1.000
 O8             1.000         1.000         1.000         1.000         1.000
 O9             1.000         1.000         1.000         1.000         1.000


           Covariance Coverage
              E9            N1            N2            N3            N4
              ________      ________      ________      ________      ________
 E9             1.000
 N1             1.000         1.000
 N2             1.000         1.000         1.000
 N3             1.000         1.000         1.000         1.000
 N4             1.000         1.000         1.000         1.000         1.000
 N5             1.000         1.000         1.000         1.000         1.000
 N6             1.000         1.000         1.000         1.000         1.000
 N7             1.000         1.000         1.000         1.000         1.000
 O1             1.000         1.000         1.000         1.000         1.000
 O2             1.000         1.000         1.000         1.000         1.000
 O3             1.000         1.000         1.000         1.000         1.000
 O4             1.000         1.000         1.000         1.000         1.000
 O5             1.000         1.000         1.000         1.000         1.000
 O6             1.000         1.000         1.000         1.000         1.000
 O7             1.000         1.000         1.000         1.000         1.000
 O8             1.000         1.000         1.000         1.000         1.000
 O9             1.000         1.000         1.000         1.000         1.000


           Covariance Coverage
              N5            N6            N7            O1            O2
              ________      ________      ________      ________      ________
 N5             1.000
 N6             1.000         1.000
 N7             1.000         1.000         1.000
 O1             1.000         1.000         1.000         1.000
 O2             1.000         1.000         1.000         1.000         1.000
 O3             1.000         1.000         1.000         1.000         1.000
 O4             1.000         1.000         1.000         1.000         1.000
 O5             1.000         1.000         1.000         1.000         1.000
 O6             1.000         1.000         1.000         1.000         1.000
 O7             1.000         1.000         1.000         1.000         1.000
 O8             1.000         1.000         1.000         1.000         1.000
 O9             1.000         1.000         1.000         1.000         1.000


           Covariance Coverage
              O3            O4            O5            O6            O7
              ________      ________      ________      ________      ________
 O3             1.000
 O4             1.000         1.000
 O5             1.000         1.000         1.000
 O6             1.000         1.000         1.000         1.000
 O7             1.000         1.000         1.000         1.000         1.000
 O8             1.000         1.000         1.000         1.000         1.000
 O9             1.000         1.000         1.000         1.000         1.000


           Covariance Coverage
              O8            O9
              ________      ________
 O8             1.000
 O9             1.000         1.000



THE MODEL ESTIMATION TERMINATED NORMALLY



MODEL FIT INFORMATION

Number of Free Parameters                      136

Loglikelihood

          H0 Value                      -11894.388
          H1 Value                       -9284.659

Information Criteria

          Akaike (AIC)                   24060.775
          Bayesian (BIC)                 24589.663
          Sample-Size Adjusted BIC       24158.199
            (n* = (n + 2) / 24)

Chi-Square Test of Model Fit

          Value                           5219.458
          Degrees of Freedom                   809
          P-Value                           0.0000

RMSEA (Root Mean Square Error Of Approximation)

          Estimate                           0.123
          90 Percent C.I.                    0.120  0.126
          Probability RMSEA <= .05           0.000

CFI/TLI

          CFI                                0.488
          TLI                                0.455

Chi-Square Test of Model Fit for the Baseline Model

          Value                           9470.446
          Degrees of Freedom                   861
          P-Value                           0.0000

SRMR (Standardized Root Mean Square Residual)

          Value                              0.156



MODEL RESULTS

                                                    Two-Tailed
                    Estimate       S.E.  Est./S.E.    P-Value

 AGREE    BY
    A1                 1.000      0.000    999.000    999.000
    A2                -1.417      0.146     -9.672      0.000
    A3                -1.047      0.145     -7.216      0.000
    A4                -0.267      0.075     -3.544      0.000
    A5                -0.513      0.096     -5.327      0.000
    A6                 0.599      0.129      4.651      0.000
    A7                -1.160      0.134     -8.661      0.000
    A8                 0.631      0.086      7.303      0.000

 CONSC    BY
    C1                 1.000      0.000    999.000    999.000
    C2                -2.289      0.479     -4.779      0.000
    C3                -0.623      0.164     -3.802      0.000
    C4                 2.069      0.423      4.889      0.000
    C5                 2.607      0.512      5.095      0.000
    C6                 0.901      0.187      4.815      0.000
    C7                -1.143      0.273     -4.196      0.000
    C8                 1.126      0.254      4.439      0.000
    C9                 0.966      0.205      4.721      0.000

 EXTRA    BY
    E1                 1.000      0.000    999.000    999.000
    E2                -0.351      0.101     -3.463      0.001
    E3                 0.575      0.098      5.899      0.000
    E4                -1.207      0.103    -11.691      0.000
    E5                -0.648      0.075     -8.687      0.000
    E6                -1.139      0.102    -11.178      0.000
    E7                -0.905      0.096     -9.473      0.000
    E8                -1.166      0.084    -13.888      0.000
    E9                -1.054      0.099    -10.594      0.000

 NEURO    BY
    N1                 1.000      0.000    999.000    999.000
    N2                 1.301      0.139      9.340      0.000
    N3                 1.231      0.138      8.925      0.000
    N4                -0.886      0.128     -6.904      0.000
    N5                 1.034      0.111      9.324      0.000
    N6                 0.947      0.131      7.255      0.000
    N7                 0.826      0.104      7.981      0.000

 OPEN     BY
    O1                 1.000      0.000    999.000    999.000
    O2                 1.394      0.137     10.199      0.000
    O3                 1.283      0.107     12.008      0.000
    O4                 1.151      0.153      7.526      0.000
    O5                 1.333      0.143      9.349      0.000
    O6                 1.484      0.129     11.544      0.000
    O7                 2.012      0.164     12.296      0.000
    O8                 0.615      0.122      5.049      0.000
    O9                 1.395      0.137     10.200      0.000

 CONSC    WITH
    AGREE              0.033      0.008      3.902      0.000

 EXTRA    WITH
    AGREE             -0.027      0.009     -2.841      0.004
    CONSC             -0.037      0.010     -3.858      0.000

 NEURO    WITH
    AGREE             -0.067      0.012     -5.447      0.000
    CONSC             -0.043      0.011     -4.005      0.000
    EXTRA              0.064      0.012      5.405      0.000

 OPEN     WITH
    AGREE              0.046      0.009      5.028      0.000
    CONSC              0.048      0.011      4.313      0.000
    EXTRA             -0.078      0.011     -7.158      0.000
    NEURO             -0.043      0.009     -4.638      0.000

 Intercepts
    A1                -0.005      0.031     -0.174      0.862
    A2                 0.013      0.028      0.454      0.650
    A3                 0.001      0.033      0.018      0.986
    A4                 0.000      0.021     -0.004      0.997
    A5                 0.001      0.025      0.020      0.984
    A6                -0.004      0.037     -0.113      0.910
    A7                 0.003      0.030      0.091      0.928
    A8                -0.002      0.024     -0.084      0.933
    C1                -0.007      0.043     -0.157      0.875
    C2                 0.031      0.043      0.727      0.467
    C3                 0.000      0.022     -0.001      1.000
    C4                 0.000      0.038     -0.013      0.990
    C5                -0.005      0.035     -0.135      0.893
    C6                -0.002      0.017     -0.101      0.920
    C7                 0.004      0.034      0.126      0.900
    C8                 0.002      0.031      0.078      0.938
    C9                 0.000      0.020     -0.016      0.988
    E1                 0.003      0.028      0.094      0.925
    E2                 0.005      0.037      0.136      0.892
    E3                -0.001      0.036     -0.026      0.979
    E4                -0.014      0.036     -0.387      0.698
    E5                 0.000      0.027     -0.005      0.996
    E6                -0.003      0.039     -0.079      0.937
    E7                -0.013      0.035     -0.365      0.715
    E8                -0.003      0.032     -0.104      0.917
    E9                -0.003      0.036     -0.090      0.929
    N1                 0.002      0.037      0.064      0.949
    N2                 0.011      0.033      0.331      0.740
    N3                 0.000      0.034     -0.008      0.994
    N4                 0.001      0.037      0.025      0.980
    N5                 0.003      0.026      0.115      0.909
    N6                 0.007      0.037      0.189      0.850
    N7                 0.001      0.029      0.042      0.967
    O1                 0.002      0.027      0.073      0.942
    O2                -0.029      0.037     -0.798      0.425
    O3                -0.002      0.029     -0.053      0.958
    O4                -0.004      0.044     -0.084      0.933
    O5                -0.003      0.040     -0.081      0.935
    O6                -0.001      0.034     -0.038      0.970
    O7                -0.019      0.041     -0.474      0.636
    O8                 0.000      0.036     -0.005      0.996
    O9                -0.008      0.038     -0.207      0.836

 Variances
    AGREE              0.106      0.021      5.071      0.000
    CONSC              0.052      0.021      2.516      0.012
    EXTRA              0.157      0.020      7.743      0.000
    NEURO              0.137      0.028      4.987      0.000
    OPEN               0.105      0.017      6.292      0.000

 Residual Variances
    A1                 0.240      0.020     11.809      0.000
    A2                 0.070      0.012      5.931      0.000
    A3                 0.286      0.024     12.135      0.000
    A4                 0.148      0.011     13.273      0.000
    A5                 0.204      0.016     13.019      0.000
    A6                 0.468      0.036     13.163      0.000
    A7                 0.184      0.016     11.258      0.000
    A8                 0.158      0.013     12.602      0.000
    C1                 0.615      0.046     13.256      0.000
    C2                 0.388      0.033     11.918      0.000
    C3                 0.162      0.012     13.125      0.000
    C4                 0.294      0.025     11.844      0.000
    C5                 0.094      0.014      6.611      0.000
    C6                 0.062      0.005     11.947      0.000
    C7                 0.347      0.027     13.036      0.000
    C8                 0.285      0.022     12.998      0.000
    C9                 0.101      0.008     12.544      0.000
    E1                 0.122      0.012     10.150      0.000
    E2                 0.466      0.035     13.323      0.000
    E3                 0.422      0.032     13.064      0.000
    E4                 0.238      0.022     10.619      0.000
    E5                 0.199      0.016     12.545      0.000
    E6                 0.338      0.029     11.819      0.000
    E7                 0.309      0.025     12.469      0.000
    E8                 0.163      0.016     10.274      0.000
    E9                 0.295      0.025     11.923      0.000
    N1                 0.355      0.028     12.446      0.000
    N2                 0.149      0.015      9.689      0.000
    N3                 0.217      0.020     10.717      0.000
    N4                 0.389      0.031     12.728      0.000
    N5                 0.105      0.011      9.726      0.000
    N6                 0.375      0.030     12.423      0.000
    N7                 0.200      0.016     12.222      0.000
    O1                 0.163      0.013     12.302      0.000
    O2                 0.287      0.023     12.211      0.000
    O3                 0.121      0.011     10.995      0.000
    O4                 0.560      0.043     13.033      0.000
    O5                 0.384      0.030     12.668      0.000
    O6                 0.189      0.016     11.472      0.000
    O7                 0.185      0.019      9.663      0.000
    O8                 0.430      0.032     13.280      0.000
    O9                 0.313      0.025     12.342      0.000


STANDARDIZED MODEL RESULTS


STDYX Standardization

                                                    Two-Tailed
                    Estimate       S.E.  Est./S.E.    P-Value

 AGREE    BY
    A1                 0.554      0.044     12.482      0.000
    A2                -0.867      0.025    -34.332      0.000
    A3                -0.538      0.044    -12.202      0.000
    A4                -0.220      0.056     -3.929      0.000
    A5                -0.347      0.052     -6.657      0.000
    A6                 0.275      0.055      4.993      0.000
    A7                -0.662      0.036    -18.352      0.000
    A8                 0.459      0.048      9.612      0.000

 CONSC    BY
    C1                 0.279      0.053      5.304      0.000
    C2                -0.642      0.036    -18.005      0.000
    C3                -0.332      0.052     -6.431      0.000
    C4                 0.656      0.035     18.988      0.000
    C5                 0.889      0.019     46.478      0.000
    C6                 0.638      0.036     17.726      0.000
    C7                -0.405      0.048     -8.426      0.000
    C8                 0.434      0.046      9.329      0.000
    C9                 0.569      0.039     14.456      0.000

 EXTRA    BY
    E1                 0.750      0.030     25.216      0.000
    E2                -0.200      0.056     -3.588      0.000
    E3                 0.331      0.053      6.296      0.000
    E4                -0.700      0.034    -20.544      0.000
    E5                -0.499      0.045    -11.108      0.000
    E6                -0.613      0.039    -15.858      0.000
    E7                -0.542      0.042    -12.928      0.000
    E8                -0.753      0.029    -25.929      0.000
    E9                -0.610      0.039    -15.796      0.000

 NEURO    BY
    N1                 0.529      0.043     12.245      0.000
    N2                 0.781      0.027     28.745      0.000
    N3                 0.700      0.034     20.737      0.000
    N4                -0.466      0.046    -10.073      0.000
    N5                 0.764      0.029     26.109      0.000
    N6                 0.498      0.046     10.847      0.000
    N7                 0.566      0.041     13.725      0.000

 OPEN     BY
    O1                 0.626      0.036     17.550      0.000
    O2                 0.645      0.034     18.733      0.000
    O3                 0.766      0.026     29.627      0.000
    O4                 0.446      0.045      9.827      0.000
    O5                 0.572      0.039     14.790      0.000
    O6                 0.742      0.027     27.088      0.000
    O7                 0.835      0.021     40.501      0.000
    O8                 0.291      0.051      5.656      0.000
    O9                 0.628      0.035     17.743      0.000

 CONSC    WITH
    AGREE              0.444      0.053      8.377      0.000

 EXTRA    WITH
    AGREE             -0.207      0.064     -3.221      0.001
    CONSC             -0.412      0.055     -7.524      0.000

 NEURO    WITH
    AGREE             -0.557      0.049    -11.299      0.000
    CONSC             -0.506      0.053     -9.555      0.000
    EXTRA              0.432      0.056      7.709      0.000

 OPEN     WITH
    AGREE              0.438      0.055      7.992      0.000
    CONSC              0.647      0.039     16.762      0.000
    EXTRA             -0.606      0.044    -13.719      0.000
    NEURO             -0.355      0.056     -6.347      0.000

 Intercepts
    A1                -0.009      0.053     -0.174      0.862
    A2                 0.024      0.053      0.454      0.650
    A3                 0.001      0.053      0.018      0.986
    A4                 0.000      0.053     -0.004      0.997
    A5                 0.001      0.053      0.020      0.984
    A6                -0.006      0.053     -0.113      0.910
    A7                 0.005      0.053      0.091      0.928
    A8                -0.004      0.053     -0.084      0.933
    C1                -0.008      0.053     -0.157      0.875
    C2                 0.038      0.053      0.727      0.468
    C3                 0.000      0.053     -0.001      1.000
    C4                -0.001      0.053     -0.013      0.990
    C5                -0.007      0.053     -0.135      0.893
    C6                -0.005      0.053     -0.101      0.920
    C7                 0.007      0.053      0.126      0.900
    C8                 0.004      0.053      0.078      0.938
    C9                -0.001      0.053     -0.016      0.988
    E1                 0.005      0.053      0.094      0.925
    E2                 0.007      0.053      0.136      0.892
    E3                -0.001      0.053     -0.026      0.979
    E4                -0.020      0.053     -0.387      0.698
    E5                 0.000      0.053     -0.005      0.996
    E6                -0.004      0.053     -0.079      0.937
    E7                -0.019      0.053     -0.365      0.715
    E8                -0.005      0.053     -0.104      0.917
    E9                -0.005      0.053     -0.090      0.929
    N1                 0.003      0.053      0.064      0.949
    N2                 0.017      0.053      0.331      0.740
    N3                 0.000      0.053     -0.008      0.994
    N4                 0.001      0.053      0.025      0.980
    N5                 0.006      0.053      0.115      0.909
    N6                 0.010      0.053      0.189      0.850
    N7                 0.002      0.053      0.042      0.967
    O1                 0.004      0.053      0.073      0.942
    O2                -0.042      0.053     -0.798      0.425
    O3                -0.003      0.053     -0.053      0.958
    O4                -0.004      0.053     -0.084      0.933
    O5                -0.004      0.053     -0.081      0.935
    O6                -0.002      0.053     -0.038      0.970
    O7                -0.025      0.053     -0.474      0.636
    O8                 0.000      0.053     -0.005      0.996
    O9                -0.011      0.053     -0.207      0.836

 Variances
    AGREE              1.000      0.000    999.000    999.000
    CONSC              1.000      0.000    999.000    999.000
    EXTRA              1.000      0.000    999.000    999.000
    NEURO              1.000      0.000    999.000    999.000
    OPEN               1.000      0.000    999.000    999.000

 Residual Variances
    A1                 0.693      0.049     14.099      0.000
    A2                 0.248      0.044      5.660      0.000
    A3                 0.711      0.047     14.979      0.000
    A4                 0.951      0.025     38.519      0.000
    A5                 0.879      0.036     24.283      0.000
    A6                 0.925      0.030     30.627      0.000
    A7                 0.562      0.048     11.784      0.000
    A8                 0.789      0.044     17.980      0.000
    C1                 0.922      0.029     31.409      0.000
    C2                 0.588      0.046     12.838      0.000
    C3                 0.890      0.034     25.933      0.000
    C4                 0.569      0.045     12.535      0.000
    C5                 0.210      0.034      6.191      0.000
    C6                 0.594      0.046     12.943      0.000
    C7                 0.836      0.039     21.529      0.000
    C8                 0.812      0.040     20.156      0.000
    C9                 0.676      0.045     15.062      0.000
    E1                 0.437      0.045      9.806      0.000
    E2                 0.960      0.022     43.233      0.000
    E3                 0.890      0.035     25.516      0.000
    E4                 0.510      0.048     10.685      0.000
    E5                 0.751      0.045     16.721      0.000
    E6                 0.624      0.047     13.144      0.000
    E7                 0.706      0.045     15.524      0.000
    E8                 0.433      0.044      9.892      0.000
    E9                 0.628      0.047     13.348      0.000
    N1                 0.721      0.046     15.787      0.000
    N2                 0.390      0.042      9.176      0.000
    N3                 0.510      0.047     10.785      0.000
    N4                 0.783      0.043     18.132      0.000
    N5                 0.417      0.045      9.328      0.000
    N6                 0.752      0.046     16.477      0.000
    N7                 0.680      0.047     14.588      0.000
    O1                 0.608      0.045     13.589      0.000
    O2                 0.584      0.044     13.161      0.000
    O3                 0.413      0.040     10.403      0.000
    O4                 0.801      0.040     19.804      0.000
    O5                 0.673      0.044     15.226      0.000
    O6                 0.450      0.041     11.075      0.000
    O7                 0.303      0.034      8.807      0.000
    O8                 0.915      0.030     30.610      0.000
    O9                 0.605      0.044     13.612      0.000


R-SQUARE

    Observed                                        Two-Tailed
    Variable        Estimate       S.E.  Est./S.E.    P-Value

    A1                 0.307      0.049      6.241      0.000
    A2                 0.752      0.044     17.166      0.000
    A3                 0.289      0.047      6.101      0.000
    A4                 0.049      0.025      1.964      0.049
    A5                 0.121      0.036      3.329      0.001
    A6                 0.075      0.030      2.497      0.013
    A7                 0.438      0.048      9.176      0.000
    A8                 0.211      0.044      4.806      0.000
    C1                 0.078      0.029      2.652      0.008
    C2                 0.412      0.046      9.003      0.000
    C3                 0.110      0.034      3.215      0.001
    C4                 0.431      0.045      9.494      0.000
    C5                 0.790      0.034     23.239      0.000
    C6                 0.406      0.046      8.863      0.000
    C7                 0.164      0.039      4.213      0.000
    C8                 0.188      0.040      4.665      0.000
    C9                 0.324      0.045      7.228      0.000
    E1                 0.563      0.045     12.608      0.000
    E2                 0.040      0.022      1.794      0.073
    E3                 0.110      0.035      3.148      0.002
    E4                 0.490      0.048     10.272      0.000
    E5                 0.249      0.045      5.554      0.000
    E6                 0.376      0.047      7.929      0.000
    E7                 0.294      0.045      6.464      0.000
    E8                 0.567      0.044     12.965      0.000
    E9                 0.372      0.047      7.898      0.000
    N1                 0.279      0.046      6.123      0.000
    N2                 0.610      0.042     14.372      0.000
    N3                 0.490      0.047     10.368      0.000
    N4                 0.217      0.043      5.037      0.000
    N5                 0.583      0.045     13.055      0.000
    N6                 0.248      0.046      5.424      0.000
    N7                 0.320      0.047      6.862      0.000
    O1                 0.392      0.045      8.775      0.000
    O2                 0.416      0.044      9.366      0.000
    O3                 0.587      0.040     14.813      0.000
    O4                 0.199      0.040      4.914      0.000
    O5                 0.327      0.044      7.395      0.000
    O6                 0.550      0.041     13.544      0.000
    O7                 0.697      0.034     20.251      0.000
    O8                 0.085      0.030      2.828      0.005
    O9                 0.395      0.044      8.872      0.000


QUALITY OF NUMERICAL RESULTS

     Condition Number for the Information Matrix              0.480E-05
       (ratio of smallest to largest eigenvalue)


MODEL MODIFICATION INDICES

NOTE:  Modification indices for direct effects of observed dependent variables
regressed on covariates may not be included.  To include these, request
MODINDICES (ALL).

Minimum M.I. value for printing the modification index     4.000

                                   M.I.     E.P.C.  Std E.P.C.  StdYX E.P.C.

BY Statements

AGREE    BY C1                   101.372    -1.613     -0.526       -0.644
AGREE    BY C2                    37.570    -0.823     -0.268       -0.330
AGREE    BY C3                    57.707    -0.628     -0.205       -0.479
AGREE    BY C4                    21.162    -0.540     -0.176       -0.245
AGREE    BY C7                     6.368    -0.307     -0.100       -0.155
AGREE    BY E2                    96.255    -1.214     -0.396       -0.568
AGREE    BY E4                    75.794     0.844      0.275        0.403
AGREE    BY E5                    51.788    -0.598     -0.195       -0.379
AGREE    BY E6                    23.651    -0.541     -0.176       -0.240
AGREE    BY E9                     5.387     0.241      0.079        0.115
AGREE    BY N1                    80.173    -1.255     -0.409       -0.583
AGREE    BY N3                    22.587     0.559      0.182        0.280
AGREE    BY N5                     8.787    -0.258     -0.084       -0.168
AGREE    BY N6                    38.857     0.893      0.291        0.412
AGREE    BY O1                    59.104    -0.651     -0.212       -0.410
AGREE    BY O2                    11.704     0.387      0.126        0.180
AGREE    BY O6                    14.064    -0.358     -0.117       -0.180
AGREE    BY O7                    19.459     0.458      0.149        0.191
CONSC    BY A1                    33.357     0.850      0.194        0.329
CONSC    BY A3                    54.694     1.183      0.270        0.425
CONSC    BY E2                    53.957    -1.398     -0.319       -0.458
CONSC    BY E3                    24.260     0.899      0.205        0.298
CONSC    BY E4                    80.425     1.345      0.307        0.449
CONSC    BY E6                    35.371    -1.021     -0.233       -0.316
CONSC    BY E9                    13.945     0.598      0.136        0.199
CONSC    BY N3                    51.789     1.116      0.254        0.390
CONSC    BY N4                    30.328     1.055      0.240        0.341
CONSC    BY N5                    77.386    -1.008     -0.230       -0.458
CONSC    BY N6                    22.974     0.906      0.207        0.293
CONSC    BY N7                     7.300     0.379      0.086        0.159
CONSC    BY O1                    12.953    -0.531     -0.121       -0.234
CONSC    BY O4                     5.687    -0.633     -0.144       -0.173
CONSC    BY O5                     8.654    -0.659     -0.150       -0.199
CONSC    BY O7                     4.339     0.382      0.087        0.112
CONSC    BY O8                     9.689    -0.715     -0.163       -0.238
CONSC    BY O9                    19.564     0.907      0.207        0.287
EXTRA    BY A1                    71.490    -0.641     -0.254       -0.432
EXTRA    BY A3                    71.524    -0.697     -0.276       -0.435
EXTRA    BY A5                     5.865    -0.164     -0.065       -0.135
EXTRA    BY A6                    43.274    -0.669     -0.265       -0.373
EXTRA    BY A7                    17.018    -0.285     -0.113       -0.197
EXTRA    BY A8                    33.056    -0.347     -0.138       -0.307
EXTRA    BY C1                    18.334    -0.547     -0.217       -0.266
EXTRA    BY C2                    13.441     0.393      0.156        0.192
EXTRA    BY C3                    27.156    -0.343     -0.136       -0.319
EXTRA    BY C4                    18.605     0.404      0.160        0.223
EXTRA    BY C5                     6.731    -0.195     -0.077       -0.116
EXTRA    BY C6                    11.865     0.147      0.058        0.181
EXTRA    BY C7                    18.244    -0.414     -0.164       -0.255
EXTRA    BY C8                     5.227    -0.201     -0.080       -0.135
EXTRA    BY C9                     4.145    -0.109     -0.043       -0.112
EXTRA    BY N1                    10.609    -0.330     -0.131       -0.187
EXTRA    BY N2                    26.188     0.388      0.154        0.249
EXTRA    BY N3                     6.622    -0.218     -0.086       -0.133
EXTRA    BY N4                    44.399    -0.700     -0.277       -0.394
EXTRA    BY N6                    12.694    -0.369     -0.146       -0.207
EXTRA    BY N7                    18.501    -0.330     -0.131       -0.242
EXTRA    BY O1                    12.391    -0.287     -0.114       -0.220
EXTRA    BY O2                    12.496    -0.385     -0.153       -0.218
EXTRA    BY O3                     6.339    -0.189     -0.075       -0.138
EXTRA    BY O4                    17.484     0.614      0.244        0.291
EXTRA    BY O6                    21.235     0.425      0.169        0.260
EXTRA    BY O8                    51.059    -0.909     -0.360       -0.526
NEURO    BY A3                    11.577    -0.380     -0.141       -0.222
NEURO    BY A4                    40.973     0.490      0.182        0.460
NEURO    BY A5                    73.911     0.781      0.290        0.601
NEURO    BY A8                     4.139     0.165      0.061        0.137
NEURO    BY C1                    21.135     0.676      0.251        0.307
NEURO    BY C2                   105.862     1.269      0.471        0.579
NEURO    BY C3                    77.751     0.669      0.248        0.580
NEURO    BY C4                    43.475     0.711      0.264        0.367
NEURO    BY C5                     4.305     0.181      0.067        0.100
NEURO    BY C6                    22.469     0.232      0.086        0.268
NEURO    BY C7                    21.190     0.513      0.190        0.295
NEURO    BY C8                    11.477     0.343      0.127        0.215
NEURO    BY C9                     4.720    -0.134     -0.050       -0.128
NEURO    BY E2                    27.115     0.626      0.232        0.333
NEURO    BY E4                    73.636    -0.811     -0.301       -0.440
NEURO    BY E5                    16.610     0.329      0.122        0.237
NEURO    BY E6                    72.789     0.924      0.343        0.465
NEURO    BY E8                     8.281     0.235      0.087        0.142
NEURO    BY E9                    35.968    -0.606     -0.225       -0.328
NEURO    BY O2                     5.213    -0.216     -0.080       -0.114
NEURO    BY O4                    15.923     0.510      0.189        0.226
NEURO    BY O6                    18.776     0.346      0.128        0.198
NEURO    BY O7                     5.520    -0.204     -0.076       -0.097
NEURO    BY O9                     4.367    -0.206     -0.076       -0.106
OPEN     BY A1                   112.873     1.079      0.350        0.594
OPEN     BY A3                    77.966     0.975      0.316        0.498
OPEN     BY A5                     4.801     0.198      0.064        0.133
OPEN     BY A6                    22.492     0.644      0.209        0.293
OPEN     BY A7                    10.843     0.306      0.099        0.174
OPEN     BY A8                    29.697     0.439      0.142        0.318
OPEN     BY C1                     6.042     0.473      0.153        0.188
OPEN     BY C3                    23.073     0.476      0.154        0.361
OPEN     BY C4                    14.589    -0.544     -0.176       -0.245
OPEN     BY C6                     7.535     0.178      0.058        0.179
OPEN     BY C7                    27.374     0.764      0.248        0.384
OPEN     BY C8                     7.941     0.374      0.121        0.205
OPEN     BY E1                    15.098     0.366      0.119        0.224
OPEN     BY E2                    15.013    -0.614     -0.199       -0.286
OPEN     BY E3                    67.182     1.246      0.404        0.587
OPEN     BY E4                    59.777     0.974      0.316        0.462
OPEN     BY E5                    12.620     0.379      0.123        0.239
OPEN     BY E6                    14.082    -0.539     -0.175       -0.237
OPEN     BY E7                     8.126     0.383      0.124        0.188
OPEN     BY N3                    40.871     0.621      0.201        0.309
OPEN     BY N4                    77.191     1.058      0.343        0.486
OPEN     BY N5                    13.726    -0.265     -0.086       -0.171
OPEN     BY N6                    14.439     0.452      0.146        0.207
OPEN     BY N7                     6.452     0.224      0.072        0.134

WITH Statements

A3       WITH A1                  29.165     0.082      0.082        0.313
A3       WITH A2                  13.334     0.048      0.048        0.337
A4       WITH A1                  22.266     0.049      0.049        0.260
A4       WITH A3                  16.994     0.047      0.047        0.227
A5       WITH A1                  13.187     0.045      0.045        0.203
A5       WITH A4                  10.511     0.030      0.030        0.174
A6       WITH A1                  52.920     0.135      0.135        0.403
A6       WITH A3                  15.275     0.079      0.079        0.216
A6       WITH A4                  55.283     0.104      0.104        0.396
A6       WITH A5                  20.456     0.075      0.075        0.243
A7       WITH A3                  32.357     0.080      0.080        0.348
A7       WITH A5                   4.034    -0.023     -0.023       -0.117
A7       WITH A6                   6.522     0.043      0.043        0.147
A8       WITH A1                  42.560     0.072      0.072        0.371
A8       WITH A3                   6.929     0.032      0.032        0.149
A8       WITH A4                  18.699     0.036      0.036        0.234
A8       WITH A5                   9.740     0.031      0.031        0.171
A8       WITH A6                  24.836     0.074      0.074        0.271
C1       WITH A1                   9.749     0.066      0.066        0.171
C1       WITH A2                   8.807     0.044      0.044        0.211
C1       WITH A3                  96.789     0.225      0.225        0.537
C1       WITH A6                   4.325     0.059      0.059        0.111
C1       WITH A7                  20.449     0.085      0.085        0.254
C1       WITH A8                  11.097     0.056      0.056        0.180
C2       WITH A2                   7.283     0.033      0.033        0.200
C2       WITH A4                  25.616     0.067      0.067        0.279
C2       WITH A5                  12.416     0.055      0.055        0.195
C2       WITH A6                   5.073     0.053      0.053        0.124
C2       WITH A7                   4.218    -0.032     -0.032       -0.120
C2       WITH C1                   4.583     0.058      0.058        0.119
C3       WITH A1                  23.974     0.053      0.053        0.268
C3       WITH A3                  25.819     0.060      0.060        0.278
C3       WITH A4                  17.491     0.035      0.035        0.223
C3       WITH A5                  28.732     0.052      0.052        0.287
C3       WITH A6                  18.571     0.063      0.063        0.230
C3       WITH A7                  28.515     0.052      0.052        0.301
C3       WITH A8                  14.739     0.033      0.033        0.208
C3       WITH C1                  30.722     0.093      0.093        0.296
C3       WITH C2                   9.940     0.044      0.044        0.176
C4       WITH A4                  16.181     0.046      0.046        0.222
C4       WITH A5                   4.612     0.029      0.029        0.119
C4       WITH C1                   6.182     0.059      0.059        0.139
C4       WITH C2                  32.931     0.116      0.116        0.343
C5       WITH C1                   7.523     0.049      0.049        0.204
C5       WITH C2                   5.192    -0.039     -0.039       -0.203
C5       WITH C3                   8.976     0.028      0.028        0.225
C6       WITH A4                  12.193     0.018      0.018        0.192
C6       WITH A5                   4.452     0.013      0.013        0.117
C6       WITH A7                  10.707    -0.020     -0.020       -0.191
C6       WITH C2                  23.859     0.045      0.045        0.289
C6       WITH C4                  48.272     0.056      0.056        0.414
C7       WITH A1                  12.444     0.056      0.056        0.194
C7       WITH A3                   4.952     0.039      0.039        0.122
C7       WITH A6                   6.403     0.055      0.055        0.135
C7       WITH A7                   7.198     0.038      0.038        0.152
C7       WITH A8                  25.831     0.065      0.065        0.276
C7       WITH C1                  15.623     0.098      0.098        0.212
C7       WITH C3                  48.180     0.089      0.089        0.373
C7       WITH C4                   6.322    -0.045     -0.045       -0.142
C8       WITH A1                   8.875     0.043      0.043        0.164
C8       WITH A3                   5.568     0.037      0.037        0.130
C8       WITH A4                   7.338     0.030      0.030        0.145
C8       WITH A6                   4.918     0.043      0.043        0.119
C8       WITH C2                   6.975     0.050      0.050        0.149
C8       WITH C3                  29.830     0.063      0.063        0.294
C8       WITH C4                   4.075     0.033      0.033        0.114
C8       WITH C5                   4.806     0.028      0.028        0.170
C8       WITH C7                  20.994     0.078      0.078        0.248
E1       WITH C3                   4.934     0.018      0.018        0.130
E2       WITH A2                   8.600     0.038      0.038        0.208
E2       WITH A3                  10.579     0.065      0.065        0.177
E2       WITH A5                   8.246    -0.047     -0.047       -0.153
E2       WITH A7                  29.292     0.089      0.089        0.304
E2       WITH C1                  39.510     0.178      0.178        0.333
E2       WITH C3                  68.236     0.121      0.121        0.439
E2       WITH C4                   8.263    -0.059     -0.059       -0.159
E2       WITH C6                  27.295    -0.049     -0.049       -0.287
E2       WITH C7                  21.603     0.100      0.100        0.248
E3       WITH A3                   7.174     0.051      0.051        0.147
E3       WITH A7                   4.275     0.032      0.032        0.117
E3       WITH C3                  12.518     0.050      0.050        0.189
E3       WITH C4                   7.525     0.054      0.054        0.152
E3       WITH C6                   7.254     0.024      0.024        0.149
E3       WITH C7                   4.646     0.044      0.044        0.116
E3       WITH E1                  32.097     0.077      0.077        0.340
E4       WITH C1                  11.735    -0.074     -0.074       -0.194
E4       WITH C2                  14.265    -0.068     -0.068       -0.222
E4       WITH E1                  17.983     0.050      0.050        0.294
E4       WITH E2                  15.297    -0.075     -0.075       -0.225
E5       WITH A1                   6.008     0.030      0.030        0.137
E5       WITH A3                  77.328     0.117      0.117        0.489
E5       WITH A7                  30.768     0.061      0.061        0.318
E5       WITH A8                   4.280     0.020      0.020        0.114
E5       WITH C1                 155.181     0.236      0.236        0.674
E5       WITH C2                   8.002     0.044      0.044        0.159
E5       WITH C3                  29.747     0.053      0.053        0.296
E5       WITH C4                   5.626     0.032      0.032        0.134
E5       WITH C7                   9.090     0.043      0.043        0.164
E5       WITH E2                  34.686     0.097      0.097        0.320
E5       WITH E3                  21.386     0.073      0.073        0.253
E5       WITH E4                  12.111    -0.045     -0.045       -0.208
E6       WITH A5                  67.094     0.119      0.119        0.455
E6       WITH A6                   9.112     0.066      0.066        0.167
E6       WITH A8                  10.041     0.041      0.041        0.178
E6       WITH C1                   5.670     0.060      0.060        0.131
E6       WITH C2                  11.266     0.070      0.070        0.192
E6       WITH C3                  28.890     0.070      0.070        0.297
E6       WITH C7                   8.132     0.054      0.054        0.158
E6       WITH C8                   8.700     0.051      0.051        0.164
E6       WITH E1                  12.659    -0.047     -0.047       -0.231
E6       WITH E4                   5.896    -0.043     -0.043       -0.151
E6       WITH E5                   7.224     0.040      0.040        0.154
E7       WITH A1                   5.305     0.035      0.035        0.129
E7       WITH A2                   4.753     0.024      0.024        0.160
E7       WITH C3                  13.438     0.045      0.045        0.200
E7       WITH E2                   9.080     0.063      0.063        0.165
E7       WITH E3                  14.558     0.076      0.076        0.210
E8       WITH A1                  13.183     0.043      0.043        0.218
E8       WITH A4                  16.931     0.037      0.037        0.240
E8       WITH A5                  16.921     0.044      0.044        0.241
E8       WITH A6                  22.376     0.076      0.076        0.276
E8       WITH C9                   4.871    -0.017     -0.017       -0.132
E8       WITH E1                  13.499    -0.039     -0.039       -0.273
E8       WITH E3                  16.630    -0.064     -0.064       -0.246
E8       WITH E6                   5.859     0.037      0.037        0.158
E9       WITH A1                   7.303    -0.041     -0.041       -0.154
E9       WITH A5                  13.113    -0.049     -0.049       -0.201
E9       WITH C3                   6.614    -0.031     -0.031       -0.142
E9       WITH C6                   8.027    -0.022     -0.022       -0.162
E9       WITH C9                  10.182     0.031      0.031        0.180
E9       WITH E4                  16.289     0.066      0.066        0.250
E9       WITH E8                  16.315    -0.058     -0.058       -0.263
N1       WITH A2                  20.900     0.053      0.053        0.335
N1       WITH A3                   8.341     0.051      0.051        0.161
N1       WITH A4                  13.195    -0.045     -0.045       -0.197
N1       WITH A5                  13.788     0.055      0.055        0.203
N1       WITH C1                  44.749     0.170      0.170        0.364
N1       WITH C3                  24.806     0.065      0.065        0.272
N1       WITH C5                   4.047     0.026      0.026        0.144
N1       WITH C6                   4.724    -0.018     -0.018       -0.123
N1       WITH C7                   5.650     0.046      0.046        0.130
N1       WITH E2                  19.633     0.098      0.098        0.241
N1       WITH E5                  31.024     0.082      0.082        0.309
N1       WITH E6                   6.402     0.050      0.050        0.143
N2       WITH A5                   9.109    -0.032     -0.032       -0.182
N2       WITH A6                  12.799    -0.057     -0.057       -0.215
N2       WITH C6                   6.169     0.015      0.015        0.154
N2       WITH E3                   6.155     0.037      0.037        0.149
N2       WITH E4                  10.155    -0.038     -0.038       -0.204
N2       WITH E6                   8.410    -0.041     -0.041       -0.181
N2       WITH N1                   6.421    -0.038     -0.038       -0.167
N3       WITH A1                  19.338     0.059      0.059        0.258
N3       WITH A2                   8.996    -0.029     -0.029       -0.232
N3       WITH A3                  11.882     0.050      0.050        0.202
N3       WITH A4                  30.539     0.056      0.056        0.314
N3       WITH A5                  16.447     0.049      0.049        0.232
N3       WITH A8                   9.792     0.033      0.033        0.181
N3       WITH C3                  29.438     0.058      0.058        0.309
N3       WITH C4                   7.048     0.040      0.040        0.157
N3       WITH C5                   4.922     0.024      0.024        0.167
N3       WITH C6                  10.257     0.022      0.022        0.189
N3       WITH C7                   9.779     0.049      0.049        0.179
N3       WITH C8                  16.211     0.057      0.057        0.231
N3       WITH E2                   4.274    -0.037     -0.037       -0.117
N3       WITH N2                   5.310     0.031      0.031        0.173
N4       WITH A1                  19.738     0.075      0.075        0.247
N4       WITH A2                   4.566     0.026      0.026        0.155
N4       WITH A3                  57.791     0.141      0.141        0.421
N4       WITH A7                  15.487     0.060      0.060        0.225
N4       WITH A8                  19.792     0.060      0.060        0.244
N4       WITH C1                  23.077     0.127      0.127        0.259
N4       WITH C3                  37.220     0.083      0.083        0.330
N4       WITH C7                  21.691     0.093      0.093        0.253
N4       WITH C8                  10.971     0.060      0.060        0.180
N4       WITH C9                   6.235     0.027      0.027        0.138
N4       WITH E2                  32.916     0.131      0.131        0.309
N4       WITH E3                  31.274     0.123      0.123        0.303
N4       WITH E5                  38.661     0.095      0.095        0.342
N4       WITH E6                   6.945    -0.054     -0.054       -0.148
N5       WITH A2                  12.268     0.024      0.024        0.282
N5       WITH A3                   5.975    -0.026     -0.026       -0.148
N5       WITH A6                  10.923     0.043      0.043        0.195
N5       WITH A8                   4.607     0.017      0.017        0.129
N5       WITH C2                  30.037     0.068      0.068        0.336
N5       WITH C5                   5.774    -0.019     -0.019       -0.188
N5       WITH E2                   7.318     0.035      0.035        0.159
N5       WITH E4                  10.374    -0.032     -0.032       -0.204
N5       WITH E6                   5.102     0.026      0.026        0.139
N5       WITH E9                   6.112    -0.027     -0.027       -0.152
N5       WITH N3                   6.084    -0.027     -0.027       -0.179
N6       WITH A1                  10.662     0.055      0.055        0.182
N6       WITH A2                  21.699    -0.055     -0.055       -0.340
N6       WITH A4                  12.398     0.045      0.045        0.191
N6       WITH A5                  94.574     0.147      0.147        0.530
N6       WITH A8                   7.387     0.036      0.036        0.150
N6       WITH C3                   9.088     0.040      0.040        0.164
N6       WITH C4                   5.957     0.046      0.046        0.138
N6       WITH C5                   9.542     0.041      0.041        0.220
N6       WITH C8                   4.830     0.039      0.039        0.120
N6       WITH E2                  24.595    -0.112     -0.112       -0.268
N6       WITH E4                  15.950     0.069      0.069        0.231
N6       WITH E5                   6.017    -0.037     -0.037       -0.135
N6       WITH E6                  22.671     0.095      0.095        0.268
N6       WITH E7                   4.502    -0.040     -0.040       -0.118
N6       WITH N3                  38.985     0.107      0.107        0.375
N6       WITH N4                  12.086    -0.074     -0.074       -0.193
N6       WITH N5                   7.512    -0.035     -0.035       -0.174
N7       WITH A1                   5.830     0.030      0.030        0.136
N7       WITH A2                   8.240    -0.025     -0.025       -0.212
N7       WITH A3                  29.302     0.073      0.073        0.304
N7       WITH A4                  53.720     0.069      0.069        0.401
N7       WITH A5                  22.989     0.053      0.053        0.264
N7       WITH A6                  32.779     0.096      0.096        0.314
N7       WITH A7                   7.047     0.029      0.029        0.154
N7       WITH A8                   4.380     0.021      0.021        0.116
N7       WITH C1                   5.058     0.043      0.043        0.123
N7       WITH C3                  25.045     0.049      0.049        0.275
N7       WITH C4                   5.040     0.031      0.031        0.128
N7       WITH E6                   5.195     0.034      0.034        0.130
N7       WITH N3                  14.502     0.049      0.049        0.234
N7       WITH N4                   5.122     0.036      0.036        0.128
N7       WITH N6                  21.485     0.072      0.072        0.263
O1       WITH A2                  11.782     0.027      0.027        0.252
O1       WITH A3                  11.311     0.041      0.041        0.189
O1       WITH A4                  12.479    -0.030     -0.030       -0.193
O1       WITH A5                   7.588    -0.028     -0.028       -0.151
O1       WITH A7                  28.130     0.053      0.053        0.307
O1       WITH C1                  24.923     0.086      0.086        0.273
O1       WITH C3                  34.865     0.053      0.053        0.324
O1       WITH C4                   5.449    -0.029     -0.029       -0.133
O1       WITH C6                   7.617    -0.016     -0.016       -0.156
O1       WITH E2                  93.622     0.145      0.145        0.528
O1       WITH E3                  11.928     0.050      0.050        0.190
O1       WITH E4                  13.564    -0.042     -0.042       -0.215
O1       WITH E5                  37.866     0.062      0.062        0.343
O1       WITH E7                  23.254     0.061      0.061        0.270
O1       WITH E8                   6.779    -0.026     -0.026       -0.157
O1       WITH E9                   5.426     0.029      0.029        0.132
O1       WITH N1                  12.534     0.048      0.048        0.198
O1       WITH N4                  39.145     0.087      0.087        0.347
O1       WITH N6                  25.923    -0.070     -0.070       -0.284
O1       WITH N7                   5.707    -0.024     -0.024       -0.135
O2       WITH A2                  16.494    -0.043     -0.043       -0.300
O2       WITH C2                  14.759    -0.073     -0.073       -0.219
O2       WITH C3                   4.679     0.026      0.026        0.119
O2       WITH C5                  10.041     0.038      0.038        0.229
O2       WITH C6                   5.305    -0.017     -0.017       -0.131
O2       WITH C9                   9.264    -0.029     -0.029       -0.171
O2       WITH E4                   8.563     0.045      0.045        0.172
O2       WITH E5                   9.210    -0.041     -0.041       -0.170
O2       WITH E8                  19.003     0.057      0.057        0.263
O2       WITH N5                   5.941    -0.026     -0.026       -0.149
O2       WITH N7                  13.348     0.049      0.049        0.207
O3       WITH A1                  17.777     0.042      0.042        0.248
O3       WITH C5                   8.608    -0.024     -0.024       -0.222
O3       WITH C9                   9.639     0.020      0.020        0.182
O3       WITH E5                   8.729     0.027      0.027        0.172
O3       WITH E7                   5.969     0.028      0.028        0.143
O3       WITH N4                  11.630     0.043      0.043        0.198
O3       WITH N5                   8.099     0.020      0.020        0.181
O3       WITH N6                   8.582    -0.036     -0.036       -0.171
O3       WITH O1                  21.552     0.040      0.040        0.284
O3       WITH O2                  19.977    -0.051     -0.051       -0.275
O4       WITH A5                   4.255     0.038      0.038        0.111
O4       WITH A7                   6.173    -0.045     -0.045       -0.141
O4       WITH C2                   7.396     0.070      0.070        0.151
O4       WITH C8                   7.026    -0.057     -0.057       -0.143
O4       WITH C9                  11.091     0.043      0.043        0.183
O4       WITH E2                   4.467    -0.058     -0.058       -0.113
O4       WITH E3                   6.204     0.065      0.065        0.134
O4       WITH E6                   7.478     0.066      0.066        0.152
O4       WITH O2                   8.629    -0.066     -0.066       -0.164
O5       WITH A3                   4.519    -0.039     -0.039       -0.118
O5       WITH A7                   7.070    -0.041     -0.041       -0.153
O5       WITH C7                   5.031     0.045      0.045        0.122
O5       WITH E5                   4.894    -0.034     -0.034       -0.122
O5       WITH E8                   4.652     0.032      0.032        0.129
O5       WITH N5                   7.442     0.033      0.033        0.164
O5       WITH N7                   5.992    -0.038     -0.038       -0.137
O5       WITH O4                  33.649     0.148      0.148        0.319
O6       WITH A3                   8.929     0.040      0.040        0.173
O6       WITH C1                  17.948     0.082      0.082        0.239
O6       WITH C2                   6.055     0.039      0.039        0.144
O6       WITH C3                  10.939     0.033      0.033        0.187
O6       WITH C4                   9.854     0.044      0.044        0.185
O6       WITH C6                  22.676     0.030      0.030        0.279
O6       WITH C7                   4.275     0.030      0.030        0.118
O6       WITH C9                   6.122    -0.020     -0.020       -0.143
O6       WITH E1                   5.757     0.023      0.023        0.149
O6       WITH E3                  22.701     0.076      0.076        0.270
O6       WITH E5                  38.548     0.069      0.069        0.357
O6       WITH E9                   7.075    -0.037     -0.037       -0.156
O6       WITH N3                  11.278     0.041      0.041        0.203
O6       WITH N4                  10.330     0.050      0.050        0.184
O6       WITH N7                   5.869     0.027      0.027        0.141
O7       WITH A3                   8.392    -0.041     -0.041       -0.180
O7       WITH C1                  12.128    -0.071     -0.071       -0.210
O7       WITH C3                   9.923    -0.033     -0.033       -0.191
O7       WITH C7                   5.040    -0.035     -0.035       -0.136
O7       WITH C9                  10.330    -0.027     -0.027       -0.199
O7       WITH E2                  15.562    -0.070     -0.070       -0.238
O7       WITH E4                  20.077     0.061      0.061        0.290
O7       WITH E5                  15.555    -0.047     -0.047       -0.243
O7       WITH N1                   7.099    -0.042     -0.042       -0.165
O7       WITH N5                   4.517    -0.020     -0.020       -0.143
O7       WITH O2                  12.474     0.054      0.054        0.237
O7       WITH O3                  11.487    -0.038     -0.038       -0.252
O7       WITH O6                   4.659     0.029      0.029        0.156
O8       WITH A1                   6.628     0.045      0.045        0.141
O8       WITH A5                  82.883     0.144      0.144        0.486
O8       WITH A6                  45.332     0.161      0.161        0.358
O8       WITH A7                   8.630    -0.046     -0.046       -0.165
O8       WITH A8                   5.870     0.034      0.034        0.131
O8       WITH C4                   8.313    -0.057     -0.057       -0.159
O8       WITH E1                   8.544    -0.039     -0.039       -0.170
O8       WITH E2                   9.667    -0.074     -0.074       -0.165
O8       WITH E3                  22.034    -0.107     -0.107       -0.250
O8       WITH E5                   5.229    -0.036     -0.036       -0.124
O8       WITH E6                  53.784     0.154      0.154        0.405
O8       WITH E7                   4.905    -0.044     -0.044       -0.121
O8       WITH E8                   6.189     0.038      0.038        0.145
O8       WITH N2                  29.436    -0.082     -0.082       -0.325
O8       WITH N4                  13.877    -0.082     -0.082       -0.201
O8       WITH N6                  33.196     0.125      0.125        0.312
O8       WITH N7                   6.248     0.040      0.040        0.137
O8       WITH O1                   4.615    -0.031     -0.031       -0.118
O9       WITH A3                   6.391     0.043      0.043        0.142
O9       WITH A5                  15.336    -0.055     -0.055       -0.215
O9       WITH C7                   5.054    -0.041     -0.041       -0.124
O9       WITH C8                   5.808    -0.040     -0.040       -0.133
O9       WITH C9                  28.594     0.053      0.053        0.299
O9       WITH E3                  12.368     0.070      0.070        0.193
O9       WITH E4                   4.419     0.034      0.034        0.123
O9       WITH E5                  15.282     0.054      0.054        0.218
O9       WITH E6                  11.272    -0.062     -0.062       -0.191
O9       WITH E8                  10.443    -0.044     -0.044       -0.194
O9       WITH N4                  21.138     0.089      0.089        0.255
O9       WITH O2                  18.088    -0.074     -0.074       -0.245
O9       WITH O3                   9.222     0.036      0.036        0.186
O9       WITH O5                   6.173    -0.049     -0.049       -0.141
O9       WITH O7                   4.315    -0.033     -0.033       -0.138
O9       WITH O8                   7.490    -0.055     -0.055       -0.151


     Beginning Time:  14:48:16
        Ending Time:  14:48:18
       Elapsed Time:  00:00:02



MUTHEN & MUTHEN
3463 Stoner Ave.
Los Angeles, CA  90066

Tel: (310) 391-9971
Fax: (310) 391-8971
Web: www.StatModel.com
Support: Support@StatModel.com

Copyright (c) 1998-2015 Muthen & Muthen
