Mplus VERSION 7.1
MUTHEN & MUTHEN
09/29/2015   2:54 PM

INPUT INSTRUCTIONS

  TITLE:

  DATA:
  FILE IS  "factorscores_CFA.txt";
  Variable:
  Names are
  VPN
  A1
  A2
  A3
  A4
  A5
  A6
  A7
  A8
  C1
  C2
  C3
  C4
  C5
  C6
  C7
  C8
  C9
  E1
  E2
  E3
  E4
  E5
  E6
  E7
  E8
  E9
  N1
  N2
  N3
  N4
  N5
  N6
  N7
  O1
  O2
  O3
  O4
  O5
  O6
  O7
  O8
  O9
  ;

  USEVARIABLES ARE
  A1
  A2
  A3
  A4
  A5
  A6
  A7
  A8
  C1
  C2
  C3
  C4
  C5
  C6
  C7
  C8
  C9
  E1
  E2
  E3
  E4
  E5
  E6
  E7
  E8
  E9
  N1
  N2
  N3
  N4
  N5
  N6
  N7
  O1
  O2
  O3
  O4
  O5
  O6
  O7
  O8
  O9
  ;

  MISSING ARE ALL (-99);

  Model:

  agree by
  A1
  A2
  A3
  A4
  A5
  A6
  A7
  A8
  ;

  consc by
  C1
  C2
  C3
  C4
  C5
  C6
  C7
  C8
  C9
  ;

  extra by
  E1
  E2
  E3
  E4
  E5
  E6
  E7
  E8
  E9;

  neuro by
  N1
  N2
  N3
  N4
  N5
  N6
  N7
  ;

  open by
  O1
  O2
  O3
  O4
  O5
  O6
  O7
  O8
  O9
  ;

  E5 WITH C1 ;
  N6 WITH A5;

  Analysis:
  ESTIMATOR IS ML;
  iterations = 10000;

  OUTPUT: STDYX MODINDICES(4);



INPUT READING TERMINATED NORMALLY




SUMMARY OF ANALYSIS

Number of groups                                                 1
Number of observations                                         361

Number of dependent variables                                   42
Number of independent variables                                  0
Number of continuous latent variables                            5

Observed dependent variables

  Continuous
   A1          A2          A3          A4          A5          A6
   A7          A8          C1          C2          C3          C4
   C5          C6          C7          C8          C9          E1
   E2          E3          E4          E5          E6          E7
   E8          E9          N1          N2          N3          N4
   N5          N6          N7          O1          O2          O3
   O4          O5          O6          O7          O8          O9

Continuous latent variables
   AGREE       CONSC       EXTRA       NEURO       OPEN


Estimator                                                       ML
Information matrix                                        OBSERVED
Maximum number of iterations                                 10000
Convergence criterion                                    0.500D-04
Maximum number of steepest descent iterations                   20
Maximum number of iterations for H1                           2000
Convergence criterion for H1                             0.100D-03

Input data file(s)
  factorscores_CFA.txt

Input data format  FREE


SUMMARY OF DATA

     Number of missing data patterns             1


COVARIANCE COVERAGE OF DATA

Minimum covariance coverage value   0.100


     PROPORTION OF DATA PRESENT


           Covariance Coverage
              A1            A2            A3            A4            A5
              ________      ________      ________      ________      ________
 A1             1.000
 A2             1.000         1.000
 A3             1.000         1.000         1.000
 A4             1.000         1.000         1.000         1.000
 A5             1.000         1.000         1.000         1.000         1.000
 A6             1.000         1.000         1.000         1.000         1.000
 A7             1.000         1.000         1.000         1.000         1.000
 A8             1.000         1.000         1.000         1.000         1.000
 C1             1.000         1.000         1.000         1.000         1.000
 C2             1.000         1.000         1.000         1.000         1.000
 C3             1.000         1.000         1.000         1.000         1.000
 C4             1.000         1.000         1.000         1.000         1.000
 C5             1.000         1.000         1.000         1.000         1.000
 C6             1.000         1.000         1.000         1.000         1.000
 C7             1.000         1.000         1.000         1.000         1.000
 C8             1.000         1.000         1.000         1.000         1.000
 C9             1.000         1.000         1.000         1.000         1.000
 E1             1.000         1.000         1.000         1.000         1.000
 E2             1.000         1.000         1.000         1.000         1.000
 E3             1.000         1.000         1.000         1.000         1.000
 E4             1.000         1.000         1.000         1.000         1.000
 E5             1.000         1.000         1.000         1.000         1.000
 E6             1.000         1.000         1.000         1.000         1.000
 E7             1.000         1.000         1.000         1.000         1.000
 E8             1.000         1.000         1.000         1.000         1.000
 E9             1.000         1.000         1.000         1.000         1.000
 N1             1.000         1.000         1.000         1.000         1.000
 N2             1.000         1.000         1.000         1.000         1.000
 N3             1.000         1.000         1.000         1.000         1.000
 N4             1.000         1.000         1.000         1.000         1.000
 N5             1.000         1.000         1.000         1.000         1.000
 N6             1.000         1.000         1.000         1.000         1.000
 N7             1.000         1.000         1.000         1.000         1.000
 O1             1.000         1.000         1.000         1.000         1.000
 O2             1.000         1.000         1.000         1.000         1.000
 O3             1.000         1.000         1.000         1.000         1.000
 O4             1.000         1.000         1.000         1.000         1.000
 O5             1.000         1.000         1.000         1.000         1.000
 O6             1.000         1.000         1.000         1.000         1.000
 O7             1.000         1.000         1.000         1.000         1.000
 O8             1.000         1.000         1.000         1.000         1.000
 O9             1.000         1.000         1.000         1.000         1.000


           Covariance Coverage
              A6            A7            A8            C1            C2
              ________      ________      ________      ________      ________
 A6             1.000
 A7             1.000         1.000
 A8             1.000         1.000         1.000
 C1             1.000         1.000         1.000         1.000
 C2             1.000         1.000         1.000         1.000         1.000
 C3             1.000         1.000         1.000         1.000         1.000
 C4             1.000         1.000         1.000         1.000         1.000
 C5             1.000         1.000         1.000         1.000         1.000
 C6             1.000         1.000         1.000         1.000         1.000
 C7             1.000         1.000         1.000         1.000         1.000
 C8             1.000         1.000         1.000         1.000         1.000
 C9             1.000         1.000         1.000         1.000         1.000
 E1             1.000         1.000         1.000         1.000         1.000
 E2             1.000         1.000         1.000         1.000         1.000
 E3             1.000         1.000         1.000         1.000         1.000
 E4             1.000         1.000         1.000         1.000         1.000
 E5             1.000         1.000         1.000         1.000         1.000
 E6             1.000         1.000         1.000         1.000         1.000
 E7             1.000         1.000         1.000         1.000         1.000
 E8             1.000         1.000         1.000         1.000         1.000
 E9             1.000         1.000         1.000         1.000         1.000
 N1             1.000         1.000         1.000         1.000         1.000
 N2             1.000         1.000         1.000         1.000         1.000
 N3             1.000         1.000         1.000         1.000         1.000
 N4             1.000         1.000         1.000         1.000         1.000
 N5             1.000         1.000         1.000         1.000         1.000
 N6             1.000         1.000         1.000         1.000         1.000
 N7             1.000         1.000         1.000         1.000         1.000
 O1             1.000         1.000         1.000         1.000         1.000
 O2             1.000         1.000         1.000         1.000         1.000
 O3             1.000         1.000         1.000         1.000         1.000
 O4             1.000         1.000         1.000         1.000         1.000
 O5             1.000         1.000         1.000         1.000         1.000
 O6             1.000         1.000         1.000         1.000         1.000
 O7             1.000         1.000         1.000         1.000         1.000
 O8             1.000         1.000         1.000         1.000         1.000
 O9             1.000         1.000         1.000         1.000         1.000


           Covariance Coverage
              C3            C4            C5            C6            C7
              ________      ________      ________      ________      ________
 C3             1.000
 C4             1.000         1.000
 C5             1.000         1.000         1.000
 C6             1.000         1.000         1.000         1.000
 C7             1.000         1.000         1.000         1.000         1.000
 C8             1.000         1.000         1.000         1.000         1.000
 C9             1.000         1.000         1.000         1.000         1.000
 E1             1.000         1.000         1.000         1.000         1.000
 E2             1.000         1.000         1.000         1.000         1.000
 E3             1.000         1.000         1.000         1.000         1.000
 E4             1.000         1.000         1.000         1.000         1.000
 E5             1.000         1.000         1.000         1.000         1.000
 E6             1.000         1.000         1.000         1.000         1.000
 E7             1.000         1.000         1.000         1.000         1.000
 E8             1.000         1.000         1.000         1.000         1.000
 E9             1.000         1.000         1.000         1.000         1.000
 N1             1.000         1.000         1.000         1.000         1.000
 N2             1.000         1.000         1.000         1.000         1.000
 N3             1.000         1.000         1.000         1.000         1.000
 N4             1.000         1.000         1.000         1.000         1.000
 N5             1.000         1.000         1.000         1.000         1.000
 N6             1.000         1.000         1.000         1.000         1.000
 N7             1.000         1.000         1.000         1.000         1.000
 O1             1.000         1.000         1.000         1.000         1.000
 O2             1.000         1.000         1.000         1.000         1.000
 O3             1.000         1.000         1.000         1.000         1.000
 O4             1.000         1.000         1.000         1.000         1.000
 O5             1.000         1.000         1.000         1.000         1.000
 O6             1.000         1.000         1.000         1.000         1.000
 O7             1.000         1.000         1.000         1.000         1.000
 O8             1.000         1.000         1.000         1.000         1.000
 O9             1.000         1.000         1.000         1.000         1.000


           Covariance Coverage
              C8            C9            E1            E2            E3
              ________      ________      ________      ________      ________
 C8             1.000
 C9             1.000         1.000
 E1             1.000         1.000         1.000
 E2             1.000         1.000         1.000         1.000
 E3             1.000         1.000         1.000         1.000         1.000
 E4             1.000         1.000         1.000         1.000         1.000
 E5             1.000         1.000         1.000         1.000         1.000
 E6             1.000         1.000         1.000         1.000         1.000
 E7             1.000         1.000         1.000         1.000         1.000
 E8             1.000         1.000         1.000         1.000         1.000
 E9             1.000         1.000         1.000         1.000         1.000
 N1             1.000         1.000         1.000         1.000         1.000
 N2             1.000         1.000         1.000         1.000         1.000
 N3             1.000         1.000         1.000         1.000         1.000
 N4             1.000         1.000         1.000         1.000         1.000
 N5             1.000         1.000         1.000         1.000         1.000
 N6             1.000         1.000         1.000         1.000         1.000
 N7             1.000         1.000         1.000         1.000         1.000
 O1             1.000         1.000         1.000         1.000         1.000
 O2             1.000         1.000         1.000         1.000         1.000
 O3             1.000         1.000         1.000         1.000         1.000
 O4             1.000         1.000         1.000         1.000         1.000
 O5             1.000         1.000         1.000         1.000         1.000
 O6             1.000         1.000         1.000         1.000         1.000
 O7             1.000         1.000         1.000         1.000         1.000
 O8             1.000         1.000         1.000         1.000         1.000
 O9             1.000         1.000         1.000         1.000         1.000


           Covariance Coverage
              E4            E5            E6            E7            E8
              ________      ________      ________      ________      ________
 E4             1.000
 E5             1.000         1.000
 E6             1.000         1.000         1.000
 E7             1.000         1.000         1.000         1.000
 E8             1.000         1.000         1.000         1.000         1.000
 E9             1.000         1.000         1.000         1.000         1.000
 N1             1.000         1.000         1.000         1.000         1.000
 N2             1.000         1.000         1.000         1.000         1.000
 N3             1.000         1.000         1.000         1.000         1.000
 N4             1.000         1.000         1.000         1.000         1.000
 N5             1.000         1.000         1.000         1.000         1.000
 N6             1.000         1.000         1.000         1.000         1.000
 N7             1.000         1.000         1.000         1.000         1.000
 O1             1.000         1.000         1.000         1.000         1.000
 O2             1.000         1.000         1.000         1.000         1.000
 O3             1.000         1.000         1.000         1.000         1.000
 O4             1.000         1.000         1.000         1.000         1.000
 O5             1.000         1.000         1.000         1.000         1.000
 O6             1.000         1.000         1.000         1.000         1.000
 O7             1.000         1.000         1.000         1.000         1.000
 O8             1.000         1.000         1.000         1.000         1.000
 O9             1.000         1.000         1.000         1.000         1.000


           Covariance Coverage
              E9            N1            N2            N3            N4
              ________      ________      ________      ________      ________
 E9             1.000
 N1             1.000         1.000
 N2             1.000         1.000         1.000
 N3             1.000         1.000         1.000         1.000
 N4             1.000         1.000         1.000         1.000         1.000
 N5             1.000         1.000         1.000         1.000         1.000
 N6             1.000         1.000         1.000         1.000         1.000
 N7             1.000         1.000         1.000         1.000         1.000
 O1             1.000         1.000         1.000         1.000         1.000
 O2             1.000         1.000         1.000         1.000         1.000
 O3             1.000         1.000         1.000         1.000         1.000
 O4             1.000         1.000         1.000         1.000         1.000
 O5             1.000         1.000         1.000         1.000         1.000
 O6             1.000         1.000         1.000         1.000         1.000
 O7             1.000         1.000         1.000         1.000         1.000
 O8             1.000         1.000         1.000         1.000         1.000
 O9             1.000         1.000         1.000         1.000         1.000


           Covariance Coverage
              N5            N6            N7            O1            O2
              ________      ________      ________      ________      ________
 N5             1.000
 N6             1.000         1.000
 N7             1.000         1.000         1.000
 O1             1.000         1.000         1.000         1.000
 O2             1.000         1.000         1.000         1.000         1.000
 O3             1.000         1.000         1.000         1.000         1.000
 O4             1.000         1.000         1.000         1.000         1.000
 O5             1.000         1.000         1.000         1.000         1.000
 O6             1.000         1.000         1.000         1.000         1.000
 O7             1.000         1.000         1.000         1.000         1.000
 O8             1.000         1.000         1.000         1.000         1.000
 O9             1.000         1.000         1.000         1.000         1.000


           Covariance Coverage
              O3            O4            O5            O6            O7
              ________      ________      ________      ________      ________
 O3             1.000
 O4             1.000         1.000
 O5             1.000         1.000         1.000
 O6             1.000         1.000         1.000         1.000
 O7             1.000         1.000         1.000         1.000         1.000
 O8             1.000         1.000         1.000         1.000         1.000
 O9             1.000         1.000         1.000         1.000         1.000


           Covariance Coverage
              O8            O9
              ________      ________
 O8             1.000
 O9             1.000         1.000



THE MODEL ESTIMATION TERMINATED NORMALLY



MODEL FIT INFORMATION

Number of Free Parameters                      138

Loglikelihood

          H0 Value                      -11723.386
          H1 Value                       -9284.659

Information Criteria

          Akaike (AIC)                   23722.773
          Bayesian (BIC)                 24259.438
          Sample-Size Adjusted BIC       23821.629
            (n* = (n + 2) / 24)

Chi-Square Test of Model Fit

          Value                           4877.456
          Degrees of Freedom                   807
          P-Value                           0.0000

RMSEA (Root Mean Square Error Of Approximation)

          Estimate                           0.118
          90 Percent C.I.                    0.115  0.121
          Probability RMSEA <= .05           0.000

CFI/TLI

          CFI                                0.527
          TLI                                0.496

Chi-Square Test of Model Fit for the Baseline Model

          Value                           9470.446
          Degrees of Freedom                   861
          P-Value                           0.0000

SRMR (Standardized Root Mean Square Residual)

          Value                              0.153



MODEL RESULTS

                                                    Two-Tailed
                    Estimate       S.E.  Est./S.E.    P-Value

 AGREE    BY
    A1                 1.000      0.000    999.000    999.000
    A2                -1.459      0.149     -9.815      0.000
    A3                -1.067      0.144     -7.433      0.000
    A4                -0.259      0.074     -3.479      0.001
    A5                -0.678      0.097     -6.964      0.000
    A6                 0.591      0.130      4.565      0.000
    A7                -1.155      0.132     -8.735      0.000
    A8                 0.634      0.087      7.260      0.000

 CONSC    BY
    C1                 1.000      0.000    999.000    999.000
    C2                -3.067      0.671     -4.572      0.000
    C3                -0.854      0.228     -3.747      0.000
    C4                 2.737      0.593      4.617      0.000
    C5                 3.463      0.717      4.831      0.000
    C6                 1.194      0.262      4.552      0.000
    C7                -1.543      0.380     -4.060      0.000
    C8                 1.482      0.351      4.227      0.000
    C9                 1.277      0.285      4.475      0.000

 EXTRA    BY
    E1                 1.000      0.000    999.000    999.000
    E2                -0.311      0.101     -3.073      0.002
    E3                 0.576      0.098      5.877      0.000
    E4                -1.233      0.105    -11.720      0.000
    E5                -0.501      0.060     -8.408      0.000
    E6                -1.120      0.102    -10.955      0.000
    E7                -0.916      0.096     -9.535      0.000
    E8                -1.160      0.084    -13.762      0.000
    E9                -1.064      0.100    -10.611      0.000

 NEURO    BY
    N1                 1.000      0.000    999.000    999.000
    N2                 1.342      0.146      9.202      0.000
    N3                 1.218      0.141      8.667      0.000
    N4                -0.898      0.132     -6.813      0.000
    N5                 1.060      0.115      9.199      0.000
    N6                 0.691      0.112      6.193      0.000
    N7                 0.810      0.105      7.710      0.000

 OPEN     BY
    O1                 1.000      0.000    999.000    999.000
    O2                 1.390      0.136     10.207      0.000
    O3                 1.280      0.106     12.029      0.000
    O4                 1.150      0.153      7.541      0.000
    O5                 1.331      0.142      9.365      0.000
    O6                 1.480      0.128     11.559      0.000
    O7                 2.009      0.163     12.320      0.000
    O8                 0.610      0.121      5.024      0.000
    O9                 1.392      0.136     10.215      0.000

 CONSC    WITH
    AGREE              0.025      0.007      3.791      0.000

 EXTRA    WITH
    AGREE             -0.031      0.009     -3.343      0.001
    CONSC             -0.028      0.008     -3.625      0.000

 NEURO    WITH
    AGREE             -0.067      0.012     -5.469      0.000
    CONSC             -0.033      0.009     -3.873      0.000
    EXTRA              0.070      0.012      5.786      0.000

 OPEN     WITH
    AGREE              0.045      0.009      5.046      0.000
    CONSC              0.036      0.009      4.153      0.000
    EXTRA             -0.079      0.011     -7.215      0.000
    NEURO             -0.045      0.009     -4.800      0.000

 E5       WITH
    C1                 0.246      0.023     10.495      0.000

 N6       WITH
    A5                 0.167      0.018      9.179      0.000

 Intercepts
    A1                -0.005      0.031     -0.174      0.862
    A2                 0.013      0.028      0.454      0.650
    A3                 0.001      0.033      0.018      0.986
    A4                 0.000      0.021     -0.004      0.997
    A5                 0.001      0.026      0.019      0.985
    A6                -0.004      0.037     -0.113      0.910
    A7                 0.003      0.030      0.091      0.928
    A8                -0.002      0.024     -0.084      0.933
    C1                -0.007      0.042     -0.159      0.873
    C2                 0.031      0.043      0.727      0.467
    C3                 0.000      0.022     -0.001      1.000
    C4                 0.000      0.038     -0.013      0.990
    C5                -0.005      0.035     -0.135      0.893
    C6                -0.002      0.017     -0.101      0.920
    C7                 0.004      0.034      0.126      0.900
    C8                 0.002      0.031      0.078      0.938
    C9                 0.000      0.020     -0.016      0.988
    E1                 0.003      0.028      0.094      0.925
    E2                 0.005      0.037      0.136      0.892
    E3                -0.001      0.036     -0.026      0.979
    E4                -0.014      0.036     -0.387      0.698
    E5                 0.000      0.026     -0.005      0.996
    E6                -0.003      0.039     -0.079      0.937
    E7                -0.013      0.035     -0.365      0.715
    E8                -0.003      0.032     -0.104      0.917
    E9                -0.003      0.036     -0.090      0.929
    N1                 0.002      0.037      0.064      0.949
    N2                 0.011      0.033      0.331      0.740
    N3                 0.000      0.034     -0.008      0.994
    N4                 0.001      0.037      0.025      0.980
    N5                 0.003      0.026      0.115      0.909
    N6                 0.007      0.036      0.197      0.844
    N7                 0.001      0.029      0.042      0.967
    O1                 0.002      0.027      0.073      0.942
    O2                -0.029      0.037     -0.798      0.425
    O3                -0.002      0.029     -0.053      0.958
    O4                -0.004      0.044     -0.084      0.933
    O5                -0.003      0.040     -0.081      0.935
    O6                -0.001      0.034     -0.038      0.970
    O7                -0.019      0.041     -0.474      0.636
    O8                 0.000      0.036     -0.005      0.996
    O9                -0.008      0.038     -0.207      0.836

 Variances
    AGREE              0.104      0.020      5.085      0.000
    CONSC              0.029      0.012      2.381      0.017
    EXTRA              0.156      0.020      7.680      0.000
    NEURO              0.133      0.027      4.882      0.000
    OPEN               0.105      0.017      6.307      0.000

 Residual Variances
    A1                 0.242      0.020     12.071      0.000
    A2                 0.063      0.011      5.605      0.000
    A3                 0.285      0.023     12.316      0.000
    A4                 0.149      0.011     13.309      0.000
    A5                 0.205      0.016     12.908      0.000
    A6                 0.470      0.036     13.218      0.000
    A7                 0.188      0.016     11.571      0.000
    A8                 0.159      0.012     12.727      0.000
    C1                 0.622      0.047     13.268      0.000
    C2                 0.384      0.032     11.866      0.000
    C3                 0.161      0.012     13.092      0.000
    C4                 0.296      0.025     11.874      0.000
    C5                 0.095      0.014      6.590      0.000
    C6                 0.062      0.005     11.973      0.000
    C7                 0.345      0.027     13.017      0.000
    C8                 0.286      0.022     13.003      0.000
    C9                 0.102      0.008     12.566      0.000
    E1                 0.123      0.012     10.107      0.000
    E2                 0.470      0.035     13.351      0.000
    E3                 0.422      0.032     13.061      0.000
    E4                 0.230      0.022     10.363      0.000
    E5                 0.207      0.016     12.723      0.000
    E6                 0.346      0.029     11.868      0.000
    E7                 0.307      0.025     12.450      0.000
    E8                 0.167      0.016     10.344      0.000
    E9                 0.293      0.025     11.923      0.000
    N1                 0.359      0.029     12.481      0.000
    N2                 0.142      0.015      9.341      0.000
    N3                 0.228      0.021     11.024      0.000
    N4                 0.390      0.031     12.734      0.000
    N5                 0.103      0.011      9.581      0.000
    N6                 0.397      0.032     12.603      0.000
    N7                 0.206      0.017     12.368      0.000
    O1                 0.162      0.013     12.292      0.000
    O2                 0.287      0.024     12.208      0.000
    O3                 0.122      0.011     10.990      0.000
    O4                 0.560      0.043     13.030      0.000
    O5                 0.384      0.030     12.664      0.000
    O6                 0.189      0.017     11.472      0.000
    O7                 0.185      0.019      9.632      0.000
    O8                 0.430      0.032     13.283      0.000
    O9                 0.313      0.025     12.338      0.000


STANDARDIZED MODEL RESULTS


STDYX Standardization

                                                    Two-Tailed
                    Estimate       S.E.  Est./S.E.    P-Value

 AGREE    BY
    A1                 0.547      0.044     12.555      0.000
    A2                -0.882      0.023    -37.651      0.000
    A3                -0.542      0.043    -12.658      0.000
    A4                -0.211      0.055     -3.812      0.000
    A5                -0.434      0.042    -10.358      0.000
    A6                 0.268      0.054      4.939      0.000
    A7                -0.651      0.036    -18.092      0.000
    A8                 0.456      0.047      9.688      0.000

 CONSC    BY
    C1                 0.212      0.044      4.821      0.000
    C2                -0.647      0.035    -18.290      0.000
    C3                -0.343      0.051     -6.664      0.000
    C4                 0.653      0.035     18.794      0.000
    C5                 0.888      0.019     46.012      0.000
    C6                 0.636      0.036     17.645      0.000
    C7                -0.411      0.048     -8.587      0.000
    C8                 0.429      0.047      9.189      0.000
    C9                 0.566      0.040     14.331      0.000

 EXTRA    BY
    E1                 0.747      0.030     24.763      0.000
    E2                -0.176      0.056     -3.151      0.002
    E3                 0.330      0.053      6.262      0.000
    E4                -0.713      0.033    -21.306      0.000
    E5                -0.399      0.042     -9.548      0.000
    E6                -0.601      0.040    -15.157      0.000
    E7                -0.547      0.042    -13.118      0.000
    E8                -0.747      0.030    -25.224      0.000
    E9                -0.614      0.038    -16.039      0.000

 NEURO    BY
    N1                 0.519      0.044     11.884      0.000
    N2                 0.792      0.027     29.632      0.000
    N3                 0.681      0.035     19.563      0.000
    N4                -0.464      0.046    -10.000      0.000
    N5                 0.769      0.029     26.570      0.000
    N6                 0.371      0.049      7.638      0.000
    N7                 0.545      0.042     12.904      0.000

 OPEN     BY
    O1                 0.628      0.036     17.622      0.000
    O2                 0.644      0.034     18.695      0.000
    O3                 0.766      0.026     29.528      0.000
    O4                 0.447      0.045      9.847      0.000
    O5                 0.572      0.039     14.803      0.000
    O6                 0.741      0.027     27.027      0.000
    O7                 0.835      0.021     40.484      0.000
    O8                 0.289      0.051      5.618      0.000
    O9                 0.628      0.035     17.744      0.000

 CONSC    WITH
    AGREE              0.460      0.052      8.909      0.000

 EXTRA    WITH
    AGREE             -0.242      0.062     -3.905      0.000
    CONSC             -0.419      0.055     -7.599      0.000

 NEURO    WITH
    AGREE             -0.570      0.047    -12.012      0.000
    CONSC             -0.530      0.052    -10.213      0.000
    EXTRA              0.486      0.054      9.079      0.000

 OPEN     WITH
    AGREE              0.427      0.054      7.901      0.000
    CONSC              0.641      0.039     16.448      0.000
    EXTRA             -0.615      0.044    -13.971      0.000
    NEURO             -0.376      0.055     -6.831      0.000

 E5       WITH
    C1                 0.686      0.029     23.737      0.000

 N6       WITH
    A5                 0.585      0.037     15.797      0.000

 Intercepts
    A1                -0.009      0.053     -0.174      0.862
    A2                 0.024      0.053      0.454      0.650
    A3                 0.001      0.053      0.018      0.986
    A4                 0.000      0.053     -0.004      0.997
    A5                 0.001      0.053      0.019      0.985
    A6                -0.006      0.053     -0.113      0.910
    A7                 0.005      0.053      0.091      0.928
    A8                -0.004      0.053     -0.084      0.933
    C1                -0.008      0.053     -0.159      0.873
    C2                 0.038      0.053      0.727      0.468
    C3                 0.000      0.053     -0.001      1.000
    C4                -0.001      0.053     -0.013      0.990
    C5                -0.007      0.053     -0.135      0.893
    C6                -0.005      0.053     -0.101      0.920
    C7                 0.007      0.053      0.126      0.900
    C8                 0.004      0.053      0.078      0.938
    C9                -0.001      0.053     -0.016      0.988
    E1                 0.005      0.053      0.094      0.925
    E2                 0.007      0.053      0.136      0.892
    E3                -0.001      0.053     -0.026      0.979
    E4                -0.020      0.053     -0.387      0.698
    E5                 0.000      0.053     -0.005      0.996
    E6                -0.004      0.053     -0.079      0.937
    E7                -0.019      0.053     -0.365      0.715
    E8                -0.005      0.053     -0.104      0.917
    E9                -0.005      0.053     -0.090      0.929
    N1                 0.003      0.053      0.064      0.949
    N2                 0.017      0.053      0.331      0.740
    N3                 0.000      0.053     -0.008      0.994
    N4                 0.001      0.053      0.025      0.980
    N5                 0.006      0.053      0.115      0.909
    N6                 0.010      0.053      0.197      0.844
    N7                 0.002      0.053      0.042      0.967
    O1                 0.004      0.053      0.073      0.942
    O2                -0.042      0.053     -0.798      0.425
    O3                -0.003      0.053     -0.053      0.958
    O4                -0.004      0.053     -0.084      0.933
    O5                -0.004      0.053     -0.081      0.935
    O6                -0.002      0.053     -0.038      0.970
    O7                -0.025      0.053     -0.474      0.636
    O8                 0.000      0.053     -0.005      0.996
    O9                -0.011      0.053     -0.207      0.836

 Variances
    AGREE              1.000      0.000    999.000    999.000
    CONSC              1.000      0.000    999.000    999.000
    EXTRA              1.000      0.000    999.000    999.000
    NEURO              1.000      0.000    999.000    999.000
    OPEN               1.000      0.000    999.000    999.000

 Residual Variances
    A1                 0.700      0.048     14.677      0.000
    A2                 0.221      0.041      5.352      0.000
    A3                 0.707      0.046     15.243      0.000
    A4                 0.955      0.023     40.835      0.000
    A5                 0.811      0.036     22.274      0.000
    A6                 0.928      0.029     31.976      0.000
    A7                 0.576      0.047     12.283      0.000
    A8                 0.792      0.043     18.450      0.000
    C1                 0.955      0.019     50.984      0.000
    C2                 0.581      0.046     12.699      0.000
    C3                 0.883      0.035     25.029      0.000
    C4                 0.573      0.045     12.616      0.000
    C5                 0.212      0.034      6.176      0.000
    C6                 0.596      0.046     13.003      0.000
    C7                 0.831      0.039     21.178      0.000
    C8                 0.816      0.040     20.348      0.000
    C9                 0.679      0.045     15.165      0.000
    E1                 0.441      0.045      9.788      0.000
    E2                 0.969      0.020     49.149      0.000
    E3                 0.891      0.035     25.557      0.000
    E4                 0.492      0.048     10.313      0.000
    E5                 0.841      0.033     25.181      0.000
    E6                 0.639      0.048     13.412      0.000
    E7                 0.701      0.046     15.390      0.000
    E8                 0.442      0.044     10.009      0.000
    E9                 0.624      0.047     13.285      0.000
    N1                 0.730      0.045     16.076      0.000
    N2                 0.373      0.042      8.816      0.000
    N3                 0.536      0.047     11.302      0.000
    N4                 0.785      0.043     18.220      0.000
    N5                 0.408      0.045      9.163      0.000
    N6                 0.862      0.036     23.946      0.000
    N7                 0.703      0.046     15.270      0.000
    O1                 0.606      0.045     13.553      0.000
    O2                 0.585      0.044     13.165      0.000
    O3                 0.413      0.040     10.403      0.000
    O4                 0.801      0.041     19.768      0.000
    O5                 0.673      0.044     15.210      0.000
    O6                 0.451      0.041     11.079      0.000
    O7                 0.303      0.034      8.782      0.000
    O8                 0.916      0.030     30.809      0.000
    O9                 0.605      0.044     13.605      0.000


R-SQUARE

    Observed                                        Two-Tailed
    Variable        Estimate       S.E.  Est./S.E.    P-Value

    A1                 0.300      0.048      6.277      0.000
    A2                 0.779      0.041     18.826      0.000
    A3                 0.293      0.046      6.329      0.000
    A4                 0.045      0.023      1.906      0.057
    A5                 0.189      0.036      5.179      0.000
    A6                 0.072      0.029      2.469      0.014
    A7                 0.424      0.047      9.046      0.000
    A8                 0.208      0.043      4.844      0.000
    C1                 0.045      0.019      2.410      0.016
    C2                 0.419      0.046      9.145      0.000
    C3                 0.117      0.035      3.332      0.001
    C4                 0.427      0.045      9.397      0.000
    C5                 0.788      0.034     23.006      0.000
    C6                 0.404      0.046      8.822      0.000
    C7                 0.169      0.039      4.293      0.000
    C8                 0.184      0.040      4.594      0.000
    C9                 0.321      0.045      7.166      0.000
    E1                 0.559      0.045     12.382      0.000
    E2                 0.031      0.020      1.576      0.115
    E3                 0.109      0.035      3.131      0.002
    E4                 0.508      0.048     10.653      0.000
    E5                 0.159      0.033      4.774      0.000
    E6                 0.361      0.048      7.578      0.000
    E7                 0.299      0.046      6.559      0.000
    E8                 0.558      0.044     12.612      0.000
    E9                 0.376      0.047      8.020      0.000
    N1                 0.270      0.045      5.942      0.000
    N2                 0.627      0.042     14.816      0.000
    N3                 0.464      0.047      9.781      0.000
    N4                 0.215      0.043      5.000      0.000
    N5                 0.592      0.045     13.285      0.000
    N6                 0.138      0.036      3.819      0.000
    N7                 0.297      0.046      6.452      0.000
    O1                 0.394      0.045      8.811      0.000
    O2                 0.415      0.044      9.347      0.000
    O3                 0.587      0.040     14.764      0.000
    O4                 0.199      0.041      4.923      0.000
    O5                 0.327      0.044      7.401      0.000
    O6                 0.549      0.041     13.514      0.000
    O7                 0.697      0.034     20.242      0.000
    O8                 0.084      0.030      2.809      0.005
    O9                 0.395      0.044      8.872      0.000


QUALITY OF NUMERICAL RESULTS

     Condition Number for the Information Matrix              0.166E-05
       (ratio of smallest to largest eigenvalue)


MODEL MODIFICATION INDICES

NOTE:  Modification indices for direct effects of observed dependent variables
regressed on covariates may not be included.  To include these, request
MODINDICES (ALL).

Minimum M.I. value for printing the modification index     4.000

                                   M.I.     E.P.C.  Std E.P.C.  StdYX E.P.C.

BY Statements

AGREE    BY C1                    32.857    -0.693     -0.223       -0.277
AGREE    BY C2                    34.696    -0.800     -0.258       -0.317
AGREE    BY C3                    53.662    -0.612     -0.197       -0.462
AGREE    BY C4                    20.985    -0.548     -0.176       -0.245
AGREE    BY C5                     4.080    -0.194     -0.062       -0.093
AGREE    BY C7                     5.736    -0.295     -0.095       -0.147
AGREE    BY E2                    97.626    -1.246     -0.401       -0.576
AGREE    BY E4                    65.762     0.792      0.255        0.373
AGREE    BY E6                    27.870    -0.602     -0.194       -0.263
AGREE    BY E7                     5.721    -0.253     -0.082       -0.123
AGREE    BY N1                    78.678    -1.267     -0.408       -0.582
AGREE    BY N3                    23.361     0.585      0.188        0.289
AGREE    BY N4                     4.571    -0.315     -0.101       -0.144
AGREE    BY N5                     7.099    -0.236     -0.076       -0.151
AGREE    BY N6                    20.067     0.620      0.200        0.294
AGREE    BY O1                    59.951    -0.653     -0.210       -0.406
AGREE    BY O2                    12.683     0.401      0.129        0.184
AGREE    BY O6                    13.038    -0.344     -0.111       -0.171
AGREE    BY O7                    19.567     0.457      0.147        0.188
CONSC    BY A1                    31.953     1.116      0.191        0.325
CONSC    BY A3                    53.645     1.564      0.268        0.422
CONSC    BY A5                     5.008    -0.334     -0.057       -0.114
CONSC    BY E1                     4.730     0.326      0.056        0.106
CONSC    BY E2                    54.362    -1.879     -0.322       -0.463
CONSC    BY E3                    23.368     1.178      0.202        0.293
CONSC    BY E4                    81.265     1.792      0.307        0.450
CONSC    BY E6                    36.092    -1.389     -0.238       -0.324
CONSC    BY E9                    13.226     0.777      0.133        0.194
CONSC    BY N3                    50.860     1.529      0.262        0.402
CONSC    BY N4                    26.776     1.350      0.232        0.328
CONSC    BY N5                    72.858    -1.336     -0.229       -0.456
CONSC    BY N6                    14.216     0.815      0.140        0.206
CONSC    BY N7                     7.051     0.513      0.088        0.162
CONSC    BY O1                    15.007    -0.753     -0.129       -0.249
CONSC    BY O4                     5.575    -0.826     -0.142       -0.169
CONSC    BY O5                     8.040    -0.836     -0.143       -0.190
CONSC    BY O7                     5.395     0.561      0.096        0.123
CONSC    BY O8                     8.514    -0.884     -0.152       -0.221
CONSC    BY O9                    18.245     1.153      0.198        0.275
EXTRA    BY A1                    70.323    -0.644     -0.254       -0.432
EXTRA    BY A3                    64.189    -0.665     -0.263       -0.414
EXTRA    BY A5                     5.786    -0.141     -0.056       -0.111
EXTRA    BY A6                    42.571    -0.673     -0.266       -0.374
EXTRA    BY A7                    13.798    -0.259     -0.102       -0.179
EXTRA    BY A8                    31.760    -0.344     -0.136       -0.304
EXTRA    BY C1                    11.408    -0.415     -0.164       -0.203
EXTRA    BY C2                    16.372     0.435      0.172        0.211
EXTRA    BY C3                    23.499    -0.320     -0.127       -0.296
EXTRA    BY C4                    20.084     0.423      0.167        0.233
EXTRA    BY C5                     6.513    -0.193     -0.076       -0.114
EXTRA    BY C6                    11.240     0.144      0.057        0.176
EXTRA    BY C7                    15.844    -0.387     -0.153       -0.237
EXTRA    BY C8                     5.016    -0.199     -0.079       -0.133
EXTRA    BY C9                     4.810    -0.118     -0.047       -0.121
EXTRA    BY N1                     9.985    -0.337     -0.133       -0.190
EXTRA    BY N2                    17.948     0.338      0.133        0.216
EXTRA    BY N3                     8.322    -0.260     -0.103       -0.158
EXTRA    BY N4                    41.232    -0.707     -0.279       -0.396
EXTRA    BY N7                    18.853    -0.354     -0.140       -0.258
EXTRA    BY O1                    10.030    -0.262     -0.103       -0.200
EXTRA    BY O2                    13.437    -0.405     -0.160       -0.228
EXTRA    BY O3                     6.763    -0.199     -0.078       -0.145
EXTRA    BY O4                    17.418     0.622      0.246        0.294
EXTRA    BY O6                    24.652     0.465      0.184        0.283
EXTRA    BY O8                    51.734    -0.928     -0.367       -0.535
NEURO    BY A3                    13.931    -0.424     -0.155       -0.244
NEURO    BY A4                    38.576     0.488      0.178        0.451
NEURO    BY A5                    27.597     0.467      0.170        0.339
NEURO    BY C1                     5.591     0.277      0.101        0.125
NEURO    BY C2                   105.815     1.318      0.480        0.591
NEURO    BY C3                    70.269     0.660      0.240        0.563
NEURO    BY C4                    45.470     0.760      0.277        0.386
NEURO    BY C5                     5.852     0.220      0.080        0.120
NEURO    BY C6                    24.036     0.251      0.091        0.284
NEURO    BY C7                    19.552     0.512      0.187        0.290
NEURO    BY C8                    10.867     0.348      0.127        0.214
NEURO    BY C9                     4.143    -0.131     -0.048       -0.123
NEURO    BY E2                    31.888     0.723      0.264        0.378
NEURO    BY E4                    71.172    -0.841     -0.306       -0.448
NEURO    BY E6                    74.457     1.002      0.365        0.496
NEURO    BY E7                     6.695     0.279      0.102        0.153
NEURO    BY E8                    11.729     0.299      0.109        0.177
NEURO    BY E9                    30.388    -0.591     -0.215       -0.314
NEURO    BY O2                     6.677    -0.252     -0.092       -0.131
NEURO    BY O4                    16.250     0.531      0.193        0.231
NEURO    BY O6                    18.893     0.358      0.130        0.201
NEURO    BY O7                     5.872    -0.217     -0.079       -0.101
OPEN     BY A1                   112.644     1.064      0.345        0.587
OPEN     BY A3                    73.931     0.932      0.303        0.477
OPEN     BY A5                     4.062     0.151      0.049        0.097
OPEN     BY A6                    22.969     0.644      0.209        0.294
OPEN     BY A7                     8.107     0.261      0.085        0.148
OPEN     BY A8                    30.203     0.438      0.142        0.317
OPEN     BY C3                    24.589     0.485      0.157        0.369
OPEN     BY C4                    12.824    -0.505     -0.164       -0.228
OPEN     BY C6                     8.086     0.182      0.059        0.184
OPEN     BY C7                    27.667     0.758      0.246        0.382
OPEN     BY C8                     8.648     0.387      0.126        0.212
OPEN     BY E1                    17.271     0.397      0.129        0.244
OPEN     BY E2                    12.285    -0.562     -0.183       -0.262
OPEN     BY E3                    70.251     1.287      0.418        0.607
OPEN     BY E4                    55.385     0.939      0.305        0.446
OPEN     BY E5                    21.007     0.396      0.129        0.259
OPEN     BY E6                    13.466    -0.536     -0.174       -0.237
OPEN     BY E7                     7.290     0.366      0.119        0.179
OPEN     BY N3                    42.162     0.648      0.210        0.323
OPEN     BY N4                    75.077     1.056      0.343        0.486
OPEN     BY N5                     9.387    -0.222     -0.072       -0.144
OPEN     BY N7                     6.902     0.237      0.077        0.142

WITH Statements

A3       WITH A1                  27.953     0.080      0.080        0.304
A3       WITH A2                   8.990     0.038      0.038        0.285
A4       WITH A1                  20.244     0.047      0.047        0.247
A4       WITH A3                  17.711     0.047      0.047        0.230
A5       WITH A1                   6.438     0.026      0.026        0.117
A5       WITH A3                   4.679     0.024      0.024        0.100
A6       WITH A1                  53.436     0.136      0.136        0.402
A6       WITH A3                  14.665     0.077      0.077        0.210
A6       WITH A4                  53.458     0.103      0.103        0.389
A6       WITH A5                  21.486     0.064      0.064        0.206
A7       WITH A3                  31.727     0.078      0.078        0.338
A7       WITH A5                   6.804    -0.025     -0.025       -0.126
A7       WITH A6                   5.203     0.038      0.038        0.129
A8       WITH A1                  42.862     0.072      0.072        0.368
A8       WITH A3                   6.841     0.031      0.031        0.147
A8       WITH A4                  17.494     0.035      0.035        0.226
A8       WITH A5                   4.423     0.017      0.017        0.095
A8       WITH A6                  25.358     0.074      0.074        0.273
C1       WITH A2                   6.916     0.028      0.028        0.142
C1       WITH A3                  26.145     0.086      0.086        0.205
C1       WITH A4                   4.737     0.026      0.026        0.085
C1       WITH A6                   5.465     0.049      0.049        0.092
C1       WITH A8                   4.242     0.026      0.026        0.082
C2       WITH A2                   6.989     0.031      0.031        0.202
C2       WITH A4                  26.276     0.068      0.068        0.282
C2       WITH A6                   4.934     0.052      0.052        0.123
C2       WITH A7                   4.405    -0.033     -0.033       -0.122
C3       WITH A1                  22.888     0.052      0.052        0.261
C3       WITH A3                  26.321     0.060      0.060        0.280
C3       WITH A4                  18.248     0.035      0.035        0.227
C3       WITH A5                   8.282     0.023      0.023        0.127
C3       WITH A6                  18.097     0.062      0.062        0.227
C3       WITH A7                  28.882     0.052      0.052        0.300
C3       WITH A8                  14.144     0.032      0.032        0.203
C3       WITH C1                   4.324     0.026      0.026        0.082
C3       WITH C2                   8.700     0.041      0.041        0.165
C4       WITH A4                  16.568     0.047      0.047        0.225
C4       WITH C2                  33.638     0.117      0.117        0.346
C5       WITH C1                  10.056     0.042      0.042        0.174
C5       WITH C3                  12.776     0.033      0.033        0.268
C6       WITH A4                  11.758     0.018      0.018        0.188
C6       WITH A5                   8.412     0.015      0.015        0.132
C6       WITH A7                  10.575    -0.020     -0.020       -0.188
C6       WITH C2                  24.835     0.046      0.046        0.295
C6       WITH C4                  49.119     0.056      0.056        0.417
C7       WITH A1                  12.286     0.056      0.056        0.192
C7       WITH A3                   4.596     0.037      0.037        0.118
C7       WITH A6                   6.386     0.054      0.054        0.135
C7       WITH A7                   6.578     0.037      0.037        0.144
C7       WITH A8                  25.686     0.064      0.064        0.275
C7       WITH C1                   5.052     0.041      0.041        0.089
C7       WITH C3                  46.972     0.087      0.087        0.369
C7       WITH C4                   5.922    -0.044     -0.044       -0.137
C8       WITH A1                   8.582     0.042      0.042        0.161
C8       WITH A3                   6.520     0.040      0.040        0.140
C8       WITH A4                   7.469     0.030      0.030        0.146
C8       WITH A6                   4.752     0.043      0.043        0.117
C8       WITH C2                   6.935     0.049      0.049        0.149
C8       WITH C3                  30.743     0.064      0.064        0.299
C8       WITH C4                   4.531     0.035      0.035        0.120
C8       WITH C5                   5.990     0.031      0.031        0.188
C8       WITH C7                  21.206     0.078      0.078        0.250
E2       WITH A2                   7.325     0.034      0.034        0.198
E2       WITH A3                  11.761     0.068      0.068        0.186
E2       WITH A7                  30.037     0.091      0.091        0.305
E2       WITH C1                   8.116     0.060      0.060        0.111
E2       WITH C3                  68.766     0.121      0.121        0.441
E2       WITH C4                   7.539    -0.056     -0.056       -0.151
E2       WITH C6                  26.078    -0.048     -0.048       -0.280
E2       WITH C7                  21.616     0.100      0.100        0.248
E3       WITH A3                   6.350     0.048      0.048        0.138
E3       WITH C3                  11.562     0.047      0.047        0.182
E3       WITH C4                   7.858     0.055      0.055        0.155
E3       WITH C6                   7.989     0.025      0.025        0.156
E3       WITH C7                   4.071     0.041      0.041        0.108
E3       WITH E1                  32.171     0.077      0.077        0.339
E4       WITH C2                  11.155    -0.059     -0.059       -0.198
E4       WITH E1                  22.391     0.056      0.056        0.330
E4       WITH E2                  12.644    -0.067     -0.067       -0.205
E4       WITH E3                   4.614     0.039      0.039        0.125
E5       WITH A3                  12.712     0.035      0.035        0.144
E5       WITH A7                  13.401     0.030      0.030        0.152
E5       WITH C3                   8.502     0.021      0.021        0.116
E5       WITH C9                   4.264     0.012      0.012        0.084
E5       WITH E2                   6.118     0.031      0.031        0.098
E5       WITH E3                  19.097     0.052      0.052        0.175
E5       WITH E4                   6.626    -0.025     -0.025       -0.113
E6       WITH A4                   4.262     0.026      0.026        0.113
E6       WITH A5                  29.006     0.066      0.066        0.246
E6       WITH A6                   9.672     0.069      0.069        0.171
E6       WITH A8                  10.668     0.043      0.043        0.182
E6       WITH C2                  11.483     0.071      0.071        0.194
E6       WITH C3                  31.514     0.073      0.073        0.310
E6       WITH C5                   5.401     0.030      0.030        0.168
E6       WITH C7                   9.167     0.058      0.058        0.168
E6       WITH C8                   9.166     0.053      0.053        0.168
E6       WITH E1                  15.488    -0.052     -0.052       -0.253
E6       WITH E4                   5.761    -0.042     -0.042       -0.149
E7       WITH A1                   5.747     0.037      0.037        0.134
E7       WITH A2                   4.337     0.022      0.022        0.157
E7       WITH C1                   5.923    -0.043     -0.043       -0.098
E7       WITH C3                  15.205     0.047      0.047        0.213
E7       WITH E2                  10.842     0.068      0.068        0.180
E7       WITH E3                  14.831     0.076      0.076        0.212
E7       WITH E5                   8.863     0.031      0.031        0.123
E8       WITH A1                  14.135     0.045      0.045        0.224
E8       WITH A3                   4.856     0.029      0.029        0.131
E8       WITH A4                  18.428     0.039      0.039        0.249
E8       WITH A5                  14.417     0.034      0.034        0.183
E8       WITH A6                  23.632     0.079      0.079        0.282
E8       WITH C3                   6.201     0.024      0.024        0.145
E8       WITH C7                   4.918     0.031      0.031        0.130
E8       WITH C9                   5.018    -0.017     -0.017       -0.133
E8       WITH E1                  15.627    -0.041     -0.041       -0.288
E8       WITH E3                  16.832    -0.065     -0.065       -0.245
E8       WITH E6                   8.441     0.045      0.045        0.186
E9       WITH A1                   6.924    -0.040     -0.040       -0.149
E9       WITH A5                   7.788    -0.031     -0.031       -0.128
E9       WITH C3                   4.973    -0.027     -0.027       -0.123
E9       WITH C6                   8.370    -0.022     -0.022       -0.165
E9       WITH C9                   9.576     0.030      0.030        0.175
E9       WITH E4                  13.941     0.061      0.061        0.234
E9       WITH E5                   4.235    -0.021     -0.021       -0.086
E9       WITH E8                  15.436    -0.056     -0.056       -0.254
N1       WITH A2                  19.032     0.049      0.049        0.329
N1       WITH A3                   8.468     0.052      0.052        0.162
N1       WITH A4                  11.066    -0.042     -0.042       -0.180
N1       WITH A5                   8.596     0.036      0.036        0.133
N1       WITH C1                  13.910     0.071      0.071        0.149
N1       WITH C3                  27.114     0.068      0.068        0.284
N1       WITH C5                   5.961     0.032      0.032        0.174
N1       WITH C7                   5.786     0.046      0.046        0.132
N1       WITH E2                  19.075     0.097      0.097        0.237
N1       WITH E6                   9.798     0.062      0.062        0.176
N2       WITH A6                   9.928    -0.049     -0.049       -0.191
N2       WITH C1                   7.469    -0.036     -0.036       -0.122
N2       WITH C6                   6.877     0.015      0.015        0.165
N2       WITH E3                   6.658     0.038      0.038        0.157
N2       WITH E4                   9.070    -0.036     -0.036       -0.197
N2       WITH E5                   4.329     0.016      0.016        0.094
N2       WITH E6                   6.920    -0.037     -0.037       -0.165
N2       WITH N1                   6.422    -0.038     -0.038       -0.169
N3       WITH A1                  20.086     0.061      0.061        0.260
N3       WITH A2                   8.282    -0.027     -0.027       -0.227
N3       WITH A3                  12.961     0.053      0.053        0.209
N3       WITH A4                  32.918     0.060      0.060        0.323
N3       WITH A5                   4.396     0.021      0.021        0.099
N3       WITH A6                   4.283     0.038      0.038        0.117
N3       WITH A8                  10.418     0.035      0.035        0.185
N3       WITH C3                  34.243     0.063      0.063        0.331
N3       WITH C4                   7.918     0.043      0.043        0.165
N3       WITH C5                   5.800     0.026      0.026        0.179
N3       WITH C6                  10.784     0.023      0.023        0.192
N3       WITH C7                  10.569     0.052      0.052        0.185
N3       WITH C8                  17.108     0.060      0.060        0.235
N3       WITH E2                   4.455    -0.039     -0.039       -0.119
N3       WITH E6                   4.331     0.034      0.034        0.122
N3       WITH N2                   7.665     0.037      0.037        0.208
N4       WITH A1                  18.587     0.073      0.073        0.239
N4       WITH A3                  54.417     0.136      0.136        0.408
N4       WITH A7                  13.923     0.057      0.057        0.211
N4       WITH A8                  19.114     0.059      0.059        0.239
N4       WITH C3                  34.703     0.080      0.080        0.319
N4       WITH C7                  20.614     0.090      0.090        0.247
N4       WITH C8                  11.121     0.061      0.061        0.181
N4       WITH C9                   7.216     0.029      0.029        0.148
N4       WITH E2                  35.977     0.138      0.138        0.323
N4       WITH E3                  30.366     0.121      0.121        0.298
N4       WITH E5                  20.653     0.052      0.052        0.182
N4       WITH E6                   6.791    -0.053     -0.053       -0.146
N5       WITH A2                   7.777     0.019      0.019        0.234
N5       WITH A3                   5.557    -0.025     -0.025       -0.144
N5       WITH A6                  15.005     0.051      0.051        0.230
N5       WITH A8                   6.843     0.020      0.020        0.157
N5       WITH C2                  30.633     0.068      0.068        0.341
N5       WITH C5                   4.854    -0.017     -0.017       -0.173
N5       WITH E2                   5.328     0.030      0.030        0.137
N5       WITH E4                   9.040    -0.030     -0.030       -0.192
N5       WITH E6                   7.617     0.032      0.032        0.170
N5       WITH E9                   6.773    -0.028     -0.028       -0.161
N6       WITH A2                  11.017    -0.034     -0.034       -0.215
N6       WITH A4                   9.296     0.033      0.033        0.134
N6       WITH C4                   6.403     0.040      0.040        0.115
N6       WITH C5                   8.232     0.032      0.032        0.165
N6       WITH C8                   5.034     0.033      0.033        0.099
N6       WITH E2                   5.695    -0.045     -0.045       -0.104
N6       WITH E3                   5.291     0.041      0.041        0.101
N6       WITH E4                  12.143     0.050      0.050        0.164
N6       WITH E5                   5.804    -0.023     -0.023       -0.079
N6       WITH N3                  18.863     0.062      0.062        0.208
N6       WITH N4                   7.984    -0.050     -0.050       -0.127
N6       WITH N5                   6.687    -0.027     -0.027       -0.133
N7       WITH A1                   6.121     0.031      0.031        0.138
N7       WITH A2                   8.390    -0.025     -0.025       -0.219
N7       WITH A3                  30.076     0.074      0.074        0.307
N7       WITH A4                  56.278     0.072      0.072        0.409
N7       WITH A5                  10.497     0.030      0.030        0.147
N7       WITH A6                  33.666     0.099      0.099        0.317
N7       WITH A7                   7.156     0.030      0.030        0.153
N7       WITH A8                   4.682     0.022      0.022        0.120
N7       WITH C1                   7.148     0.038      0.038        0.107
N7       WITH C3                  28.632     0.053      0.053        0.293
N7       WITH C4                   5.626     0.033      0.033        0.135
N7       WITH C7                   4.189     0.030      0.030        0.112
N7       WITH E6                   7.911     0.042      0.042        0.159
N7       WITH E8                   4.032     0.022      0.022        0.120
N7       WITH N3                  19.918     0.058      0.058        0.269
N7       WITH N6                   5.285     0.030      0.030        0.105
O1       WITH A2                   9.412     0.023      0.023        0.232
O1       WITH A3                  10.625     0.039      0.039        0.183
O1       WITH A4                  12.226    -0.030     -0.030       -0.191
O1       WITH A7                  26.376     0.051      0.051        0.295
O1       WITH C2                   4.644    -0.031     -0.031       -0.122
O1       WITH C3                  33.976     0.052      0.052        0.320
O1       WITH C4                   4.599    -0.027     -0.027       -0.122
O1       WITH C6                   6.664    -0.015     -0.015       -0.146
O1       WITH E2                  94.568     0.147      0.147        0.531
O1       WITH E3                  11.160     0.048      0.048        0.183
O1       WITH E4                  12.684    -0.040     -0.040       -0.209
O1       WITH E5                  17.894     0.032      0.032        0.172
O1       WITH E7                  24.684     0.062      0.062        0.279
O1       WITH E8                   4.906    -0.022     -0.022       -0.133
O1       WITH E9                   6.377     0.031      0.031        0.144
O1       WITH N1                  11.444     0.046      0.046        0.189
O1       WITH N4                  40.562     0.089      0.089        0.354
O1       WITH N6                  12.067    -0.040     -0.040       -0.157
O1       WITH N7                   6.154    -0.025     -0.025       -0.139
O2       WITH A2                  15.921    -0.041     -0.041       -0.303
O2       WITH C2                  14.214    -0.071     -0.071       -0.215
O2       WITH C3                   4.892     0.026      0.026        0.122
O2       WITH C5                   8.525     0.035      0.035        0.210
O2       WITH C6                   5.563    -0.018     -0.018       -0.134
O2       WITH C9                   9.635    -0.030     -0.030       -0.174
O2       WITH E4                   8.325     0.044      0.044        0.170
O2       WITH E5                   6.034    -0.024     -0.024       -0.100
O2       WITH E8                  18.186     0.056      0.056        0.256
O2       WITH N5                   4.707    -0.023     -0.023       -0.133
O2       WITH N7                  13.604     0.051      0.051        0.208
O3       WITH A1                  18.755     0.044      0.044        0.254
O3       WITH A8                   4.411     0.017      0.017        0.122
O3       WITH C5                   7.135    -0.022     -0.022       -0.201
O3       WITH C9                   9.896     0.020      0.020        0.184
O3       WITH E5                   9.397     0.021      0.021        0.130
O3       WITH E7                   5.649     0.027      0.027        0.139
O3       WITH N4                  11.842     0.043      0.043        0.200
O3       WITH N5                   7.739     0.020      0.020        0.178
O3       WITH N6                   8.548    -0.030     -0.030       -0.138
O3       WITH O1                  21.343     0.040      0.040        0.283
O3       WITH O2                  19.664    -0.051     -0.051       -0.273
O4       WITH A7                   6.213    -0.045     -0.045       -0.140
O4       WITH C2                   7.465     0.070      0.070        0.152
O4       WITH C8                   7.048    -0.057     -0.057       -0.143
O4       WITH C9                  10.973     0.043      0.043        0.182
O4       WITH E2                   4.803    -0.060     -0.060       -0.117
O4       WITH E3                   6.223     0.065      0.065        0.134
O4       WITH E6                   6.879     0.064      0.064        0.146
O4       WITH O2                   8.675    -0.066     -0.066       -0.165
O5       WITH A3                   4.680    -0.040     -0.040       -0.120
O5       WITH A7                   7.373    -0.042     -0.042       -0.155
O5       WITH C7                   5.103     0.045      0.045        0.123
O5       WITH E8                   4.194     0.031      0.031        0.122
O5       WITH N5                   7.562     0.033      0.033        0.167
O5       WITH N7                   5.584    -0.037     -0.037       -0.132
O5       WITH O4                  33.546     0.148      0.148        0.319
O6       WITH A3                   9.152     0.041      0.041        0.175
O6       WITH C2                   5.529     0.037      0.037        0.138
O6       WITH C3                  10.607     0.032      0.032        0.185
O6       WITH C4                  10.701     0.046      0.046        0.192
O6       WITH C6                  24.001     0.031      0.031        0.287
O6       WITH C7                   4.052     0.029      0.029        0.115
O6       WITH C9                   5.618    -0.019     -0.019       -0.137
O6       WITH E1                   4.467     0.020      0.020        0.131
O6       WITH E3                  21.771     0.075      0.075        0.265
O6       WITH E5                  14.820     0.032      0.032        0.162
O6       WITH E9                   6.189    -0.034     -0.034       -0.146
O6       WITH N3                  11.581     0.042      0.042        0.204
O6       WITH N4                  10.110     0.050      0.050        0.182
O6       WITH N7                   6.224     0.029      0.029        0.145
O7       WITH A3                   8.060    -0.040     -0.040       -0.176
O7       WITH C3                   9.784    -0.033     -0.033       -0.190
O7       WITH C7                   4.778    -0.034     -0.034       -0.133
O7       WITH C9                  10.952    -0.028     -0.028       -0.205
O7       WITH E2                  16.382    -0.072     -0.072       -0.244
O7       WITH E4                  19.094     0.059      0.059        0.284
O7       WITH E5                   6.065    -0.022     -0.022       -0.111
O7       WITH N1                   6.938    -0.042     -0.042       -0.163
O7       WITH N5                   4.486    -0.020     -0.020       -0.143
O7       WITH O2                  12.602     0.055      0.055        0.238
O7       WITH O3                  11.440    -0.038     -0.038       -0.253
O7       WITH O6                   4.729     0.029      0.029        0.157
O8       WITH A1                   6.848     0.046      0.046        0.143
O8       WITH A5                  55.301     0.097      0.097        0.328
O8       WITH A6                  45.547     0.161      0.161        0.359
O8       WITH A7                   8.686    -0.047     -0.047       -0.164
O8       WITH A8                   6.052     0.035      0.035        0.132
O8       WITH C1                   4.120     0.041      0.041        0.079
O8       WITH C4                   8.704    -0.058     -0.058       -0.163
O8       WITH E1                   8.804    -0.040     -0.040       -0.172
O8       WITH E2                   8.885    -0.071     -0.071       -0.158
O8       WITH E3                  22.118    -0.107     -0.107       -0.251
O8       WITH E5                   6.469    -0.030     -0.030       -0.101
O8       WITH E6                  53.697     0.156      0.156        0.403
O8       WITH E7                   4.981    -0.044     -0.044       -0.122
O8       WITH E8                   6.506     0.040      0.040        0.148
O8       WITH N2                  22.606    -0.071     -0.071       -0.288
O8       WITH N4                  16.069    -0.089     -0.089       -0.216
O8       WITH N7                   7.975     0.046      0.046        0.154
O8       WITH O1                   4.542    -0.031     -0.031       -0.117
O9       WITH A3                   6.735     0.043      0.043        0.146
O9       WITH A5                  11.866    -0.040     -0.040       -0.156
O9       WITH C7                   5.180    -0.041     -0.041       -0.125
O9       WITH C8                   5.512    -0.039     -0.039       -0.130
O9       WITH C9                  29.183     0.054      0.054        0.302
O9       WITH E3                  12.219     0.070      0.070        0.192
O9       WITH E4                   4.723     0.034      0.034        0.128
O9       WITH E5                   9.993     0.033      0.033        0.129
O9       WITH E6                  10.888    -0.062     -0.062       -0.187
O9       WITH E8                   9.976    -0.043     -0.043       -0.189
O9       WITH N4                  22.025     0.091      0.091        0.261
O9       WITH O2                  18.029    -0.073     -0.073       -0.245
O9       WITH O3                   9.286     0.036      0.036        0.187
O9       WITH O5                   6.231    -0.049     -0.049       -0.141
O9       WITH O7                   4.408    -0.034     -0.034       -0.140
O9       WITH O8                   7.329    -0.055     -0.055       -0.149


DIAGRAM INFORMATION

  Use View Diagram under the Diagram menu in the Mplus Editor to view the diagram.
  If running Mplus from the Mplus Diagrammer, the diagram opens automatically.

  Diagram output
    f:\ipip paper\sample_usa\cfa\gesamtmodell\faktorscores\b5 with correlated residuals mod 2.dgm

     Beginning Time:  14:54:18
        Ending Time:  14:54:19
       Elapsed Time:  00:00:01



MUTHEN & MUTHEN
3463 Stoner Ave.
Los Angeles, CA  90066

Tel: (310) 391-9971
Fax: (310) 391-8971
Web: www.StatModel.com
Support: Support@StatModel.com

Copyright (c) 1998-2013 Muthen & Muthen
