Mplus VERSION 7.1
MUTHEN & MUTHEN
09/29/2015   3:07 PM

INPUT INSTRUCTIONS

  TITLE:

  DATA:
  FILE IS  "factorscores_CFA.txt";
  Variable:
  Names are
  VPN
  A1
  A2
  A3
  A4
  A5
  A6
  A7
  A8
  C1
  C2
  C3
  C4
  C5
  C6
  C7
  C8
  C9
  E1
  E2
  E3
  E4
  E5
  E6
  E7
  E8
  E9
  N1
  N2
  N3
  N4
  N5
  N6
  N7
  O1
  O2
  O3
  O4
  O5
  O6
  O7
  O8
  O9
  ;

  USEVARIABLES ARE
  A1
  A2
  A3
  A4
  A5
  A6
  A7
  A8
  C1
  C2
  C3
  C4
  C5
  C6
  C7
  C8
  C9
  E1
  E2
  E3
  E4
  E5
  E6
  E7
  E8
  E9
  N1
  N2
  N3
  N4
  N5
  N6
  N7
  O1
  O2
  O3
  O4
  O5
  O6
  O7
  O8
  O9
  ;

  MISSING ARE ALL (-99);

  Model:

  agree by
  A1
  A2
  A3
  A4
  A5
  A6
  A7
  A8
  ;

  consc by
  C1
  C2
  C3
  C4
  C5
  C6
  C7
  C8
  C9
  ;

  extra by
  E1
  E2
  E3
  E4
  E5
  E6
  E7
  E8
  E9;

  neuro by
  N1
  N2
  N3
  N4
  N5
  N6
  N7
  ;

  open by
  O1
  O2
  O3
  O4
  O5
  O6
  O7
  O8
  O9
  ;

  A1 WITH A6;
  A3 WITH N4;
  A4 WITH A6;
  A4 WITH N7;
  A5 WITH N6;
  A5 WITH O8;
  C1 WITH E5;
  C2 WITH N5;
  C3 WITH E2;
  C3 WITH E6;
  C3 WITH N3;
  C3 WITH O1;
  C4 WITH C6;
  C9 WITH O9;
  E1 WITH E3;
  E2 WITH O1;
  E6 WITH O8;
  O5 WITH O4;

  Analysis:
  ESTIMATOR IS ML;
  iterations = 10000;

  OUTPUT: STDYX MODINDICES(4);



INPUT READING TERMINATED NORMALLY




SUMMARY OF ANALYSIS

Number of groups                                                 1
Number of observations                                         361

Number of dependent variables                                   42
Number of independent variables                                  0
Number of continuous latent variables                            5

Observed dependent variables

  Continuous
   A1          A2          A3          A4          A5          A6
   A7          A8          C1          C2          C3          C4
   C5          C6          C7          C8          C9          E1
   E2          E3          E4          E5          E6          E7
   E8          E9          N1          N2          N3          N4
   N5          N6          N7          O1          O2          O3
   O4          O5          O6          O7          O8          O9

Continuous latent variables
   AGREE       CONSC       EXTRA       NEURO       OPEN


Estimator                                                       ML
Information matrix                                        OBSERVED
Maximum number of iterations                                 10000
Convergence criterion                                    0.500D-04
Maximum number of steepest descent iterations                   20
Maximum number of iterations for H1                           2000
Convergence criterion for H1                             0.100D-03

Input data file(s)
  factorscores_CFA.txt

Input data format  FREE


SUMMARY OF DATA

     Number of missing data patterns             1


COVARIANCE COVERAGE OF DATA

Minimum covariance coverage value   0.100


     PROPORTION OF DATA PRESENT


           Covariance Coverage
              A1            A2            A3            A4            A5
              ________      ________      ________      ________      ________
 A1             1.000
 A2             1.000         1.000
 A3             1.000         1.000         1.000
 A4             1.000         1.000         1.000         1.000
 A5             1.000         1.000         1.000         1.000         1.000
 A6             1.000         1.000         1.000         1.000         1.000
 A7             1.000         1.000         1.000         1.000         1.000
 A8             1.000         1.000         1.000         1.000         1.000
 C1             1.000         1.000         1.000         1.000         1.000
 C2             1.000         1.000         1.000         1.000         1.000
 C3             1.000         1.000         1.000         1.000         1.000
 C4             1.000         1.000         1.000         1.000         1.000
 C5             1.000         1.000         1.000         1.000         1.000
 C6             1.000         1.000         1.000         1.000         1.000
 C7             1.000         1.000         1.000         1.000         1.000
 C8             1.000         1.000         1.000         1.000         1.000
 C9             1.000         1.000         1.000         1.000         1.000
 E1             1.000         1.000         1.000         1.000         1.000
 E2             1.000         1.000         1.000         1.000         1.000
 E3             1.000         1.000         1.000         1.000         1.000
 E4             1.000         1.000         1.000         1.000         1.000
 E5             1.000         1.000         1.000         1.000         1.000
 E6             1.000         1.000         1.000         1.000         1.000
 E7             1.000         1.000         1.000         1.000         1.000
 E8             1.000         1.000         1.000         1.000         1.000
 E9             1.000         1.000         1.000         1.000         1.000
 N1             1.000         1.000         1.000         1.000         1.000
 N2             1.000         1.000         1.000         1.000         1.000
 N3             1.000         1.000         1.000         1.000         1.000
 N4             1.000         1.000         1.000         1.000         1.000
 N5             1.000         1.000         1.000         1.000         1.000
 N6             1.000         1.000         1.000         1.000         1.000
 N7             1.000         1.000         1.000         1.000         1.000
 O1             1.000         1.000         1.000         1.000         1.000
 O2             1.000         1.000         1.000         1.000         1.000
 O3             1.000         1.000         1.000         1.000         1.000
 O4             1.000         1.000         1.000         1.000         1.000
 O5             1.000         1.000         1.000         1.000         1.000
 O6             1.000         1.000         1.000         1.000         1.000
 O7             1.000         1.000         1.000         1.000         1.000
 O8             1.000         1.000         1.000         1.000         1.000
 O9             1.000         1.000         1.000         1.000         1.000


           Covariance Coverage
              A6            A7            A8            C1            C2
              ________      ________      ________      ________      ________
 A6             1.000
 A7             1.000         1.000
 A8             1.000         1.000         1.000
 C1             1.000         1.000         1.000         1.000
 C2             1.000         1.000         1.000         1.000         1.000
 C3             1.000         1.000         1.000         1.000         1.000
 C4             1.000         1.000         1.000         1.000         1.000
 C5             1.000         1.000         1.000         1.000         1.000
 C6             1.000         1.000         1.000         1.000         1.000
 C7             1.000         1.000         1.000         1.000         1.000
 C8             1.000         1.000         1.000         1.000         1.000
 C9             1.000         1.000         1.000         1.000         1.000
 E1             1.000         1.000         1.000         1.000         1.000
 E2             1.000         1.000         1.000         1.000         1.000
 E3             1.000         1.000         1.000         1.000         1.000
 E4             1.000         1.000         1.000         1.000         1.000
 E5             1.000         1.000         1.000         1.000         1.000
 E6             1.000         1.000         1.000         1.000         1.000
 E7             1.000         1.000         1.000         1.000         1.000
 E8             1.000         1.000         1.000         1.000         1.000
 E9             1.000         1.000         1.000         1.000         1.000
 N1             1.000         1.000         1.000         1.000         1.000
 N2             1.000         1.000         1.000         1.000         1.000
 N3             1.000         1.000         1.000         1.000         1.000
 N4             1.000         1.000         1.000         1.000         1.000
 N5             1.000         1.000         1.000         1.000         1.000
 N6             1.000         1.000         1.000         1.000         1.000
 N7             1.000         1.000         1.000         1.000         1.000
 O1             1.000         1.000         1.000         1.000         1.000
 O2             1.000         1.000         1.000         1.000         1.000
 O3             1.000         1.000         1.000         1.000         1.000
 O4             1.000         1.000         1.000         1.000         1.000
 O5             1.000         1.000         1.000         1.000         1.000
 O6             1.000         1.000         1.000         1.000         1.000
 O7             1.000         1.000         1.000         1.000         1.000
 O8             1.000         1.000         1.000         1.000         1.000
 O9             1.000         1.000         1.000         1.000         1.000


           Covariance Coverage
              C3            C4            C5            C6            C7
              ________      ________      ________      ________      ________
 C3             1.000
 C4             1.000         1.000
 C5             1.000         1.000         1.000
 C6             1.000         1.000         1.000         1.000
 C7             1.000         1.000         1.000         1.000         1.000
 C8             1.000         1.000         1.000         1.000         1.000
 C9             1.000         1.000         1.000         1.000         1.000
 E1             1.000         1.000         1.000         1.000         1.000
 E2             1.000         1.000         1.000         1.000         1.000
 E3             1.000         1.000         1.000         1.000         1.000
 E4             1.000         1.000         1.000         1.000         1.000
 E5             1.000         1.000         1.000         1.000         1.000
 E6             1.000         1.000         1.000         1.000         1.000
 E7             1.000         1.000         1.000         1.000         1.000
 E8             1.000         1.000         1.000         1.000         1.000
 E9             1.000         1.000         1.000         1.000         1.000
 N1             1.000         1.000         1.000         1.000         1.000
 N2             1.000         1.000         1.000         1.000         1.000
 N3             1.000         1.000         1.000         1.000         1.000
 N4             1.000         1.000         1.000         1.000         1.000
 N5             1.000         1.000         1.000         1.000         1.000
 N6             1.000         1.000         1.000         1.000         1.000
 N7             1.000         1.000         1.000         1.000         1.000
 O1             1.000         1.000         1.000         1.000         1.000
 O2             1.000         1.000         1.000         1.000         1.000
 O3             1.000         1.000         1.000         1.000         1.000
 O4             1.000         1.000         1.000         1.000         1.000
 O5             1.000         1.000         1.000         1.000         1.000
 O6             1.000         1.000         1.000         1.000         1.000
 O7             1.000         1.000         1.000         1.000         1.000
 O8             1.000         1.000         1.000         1.000         1.000
 O9             1.000         1.000         1.000         1.000         1.000


           Covariance Coverage
              C8            C9            E1            E2            E3
              ________      ________      ________      ________      ________
 C8             1.000
 C9             1.000         1.000
 E1             1.000         1.000         1.000
 E2             1.000         1.000         1.000         1.000
 E3             1.000         1.000         1.000         1.000         1.000
 E4             1.000         1.000         1.000         1.000         1.000
 E5             1.000         1.000         1.000         1.000         1.000
 E6             1.000         1.000         1.000         1.000         1.000
 E7             1.000         1.000         1.000         1.000         1.000
 E8             1.000         1.000         1.000         1.000         1.000
 E9             1.000         1.000         1.000         1.000         1.000
 N1             1.000         1.000         1.000         1.000         1.000
 N2             1.000         1.000         1.000         1.000         1.000
 N3             1.000         1.000         1.000         1.000         1.000
 N4             1.000         1.000         1.000         1.000         1.000
 N5             1.000         1.000         1.000         1.000         1.000
 N6             1.000         1.000         1.000         1.000         1.000
 N7             1.000         1.000         1.000         1.000         1.000
 O1             1.000         1.000         1.000         1.000         1.000
 O2             1.000         1.000         1.000         1.000         1.000
 O3             1.000         1.000         1.000         1.000         1.000
 O4             1.000         1.000         1.000         1.000         1.000
 O5             1.000         1.000         1.000         1.000         1.000
 O6             1.000         1.000         1.000         1.000         1.000
 O7             1.000         1.000         1.000         1.000         1.000
 O8             1.000         1.000         1.000         1.000         1.000
 O9             1.000         1.000         1.000         1.000         1.000


           Covariance Coverage
              E4            E5            E6            E7            E8
              ________      ________      ________      ________      ________
 E4             1.000
 E5             1.000         1.000
 E6             1.000         1.000         1.000
 E7             1.000         1.000         1.000         1.000
 E8             1.000         1.000         1.000         1.000         1.000
 E9             1.000         1.000         1.000         1.000         1.000
 N1             1.000         1.000         1.000         1.000         1.000
 N2             1.000         1.000         1.000         1.000         1.000
 N3             1.000         1.000         1.000         1.000         1.000
 N4             1.000         1.000         1.000         1.000         1.000
 N5             1.000         1.000         1.000         1.000         1.000
 N6             1.000         1.000         1.000         1.000         1.000
 N7             1.000         1.000         1.000         1.000         1.000
 O1             1.000         1.000         1.000         1.000         1.000
 O2             1.000         1.000         1.000         1.000         1.000
 O3             1.000         1.000         1.000         1.000         1.000
 O4             1.000         1.000         1.000         1.000         1.000
 O5             1.000         1.000         1.000         1.000         1.000
 O6             1.000         1.000         1.000         1.000         1.000
 O7             1.000         1.000         1.000         1.000         1.000
 O8             1.000         1.000         1.000         1.000         1.000
 O9             1.000         1.000         1.000         1.000         1.000


           Covariance Coverage
              E9            N1            N2            N3            N4
              ________      ________      ________      ________      ________
 E9             1.000
 N1             1.000         1.000
 N2             1.000         1.000         1.000
 N3             1.000         1.000         1.000         1.000
 N4             1.000         1.000         1.000         1.000         1.000
 N5             1.000         1.000         1.000         1.000         1.000
 N6             1.000         1.000         1.000         1.000         1.000
 N7             1.000         1.000         1.000         1.000         1.000
 O1             1.000         1.000         1.000         1.000         1.000
 O2             1.000         1.000         1.000         1.000         1.000
 O3             1.000         1.000         1.000         1.000         1.000
 O4             1.000         1.000         1.000         1.000         1.000
 O5             1.000         1.000         1.000         1.000         1.000
 O6             1.000         1.000         1.000         1.000         1.000
 O7             1.000         1.000         1.000         1.000         1.000
 O8             1.000         1.000         1.000         1.000         1.000
 O9             1.000         1.000         1.000         1.000         1.000


           Covariance Coverage
              N5            N6            N7            O1            O2
              ________      ________      ________      ________      ________
 N5             1.000
 N6             1.000         1.000
 N7             1.000         1.000         1.000
 O1             1.000         1.000         1.000         1.000
 O2             1.000         1.000         1.000         1.000         1.000
 O3             1.000         1.000         1.000         1.000         1.000
 O4             1.000         1.000         1.000         1.000         1.000
 O5             1.000         1.000         1.000         1.000         1.000
 O6             1.000         1.000         1.000         1.000         1.000
 O7             1.000         1.000         1.000         1.000         1.000
 O8             1.000         1.000         1.000         1.000         1.000
 O9             1.000         1.000         1.000         1.000         1.000


           Covariance Coverage
              O3            O4            O5            O6            O7
              ________      ________      ________      ________      ________
 O3             1.000
 O4             1.000         1.000
 O5             1.000         1.000         1.000
 O6             1.000         1.000         1.000         1.000
 O7             1.000         1.000         1.000         1.000         1.000
 O8             1.000         1.000         1.000         1.000         1.000
 O9             1.000         1.000         1.000         1.000         1.000


           Covariance Coverage
              O8            O9
              ________      ________
 O8             1.000
 O9             1.000         1.000



THE MODEL ESTIMATION TERMINATED NORMALLY



MODEL FIT INFORMATION

Number of Free Parameters                      154

Loglikelihood

          H0 Value                      -11317.175
          H1 Value                       -9284.659

Information Criteria

          Akaike (AIC)                   22942.349
          Bayesian (BIC)                 23541.236
          Sample-Size Adjusted BIC       23052.667
            (n* = (n + 2) / 24)

Chi-Square Test of Model Fit

          Value                           4065.032
          Degrees of Freedom                   791
          P-Value                           0.0000

RMSEA (Root Mean Square Error Of Approximation)

          Estimate                           0.107
          90 Percent C.I.                    0.104  0.110
          Probability RMSEA <= .05           0.000

CFI/TLI

          CFI                                0.620
          TLI                                0.586

Chi-Square Test of Model Fit for the Baseline Model

          Value                           9470.446
          Degrees of Freedom                   861
          P-Value                           0.0000

SRMR (Standardized Root Mean Square Residual)

          Value                              0.146



MODEL RESULTS

                                                    Two-Tailed
                    Estimate       S.E.  Est./S.E.    P-Value

 AGREE    BY
    A1                 1.000      0.000    999.000    999.000
    A2                -1.439      0.145     -9.898      0.000
    A3                -1.069      0.140     -7.650      0.000
    A4                -0.246      0.071     -3.450      0.001
    A5                -0.739      0.099     -7.505      0.000
    A6                 0.553      0.116      4.777      0.000
    A7                -1.175      0.135     -8.699      0.000
    A8                 0.637      0.089      7.184      0.000

 CONSC    BY
    C1                 1.000      0.000    999.000    999.000
    C2                -2.063      0.417     -4.947      0.000
    C3                -0.434      0.128     -3.383      0.001
    C4                 2.105      0.395      5.325      0.000
    C5                 2.880      0.505      5.706      0.000
    C6                 0.914      0.175      5.231      0.000
    C7                -1.170      0.264     -4.439      0.000
    C8                 1.250      0.259      4.829      0.000
    C9                 0.973      0.191      5.093      0.000

 EXTRA    BY
    E1                 1.000      0.000    999.000    999.000
    E2                -0.162      0.093     -1.751      0.080
    E3                 0.436      0.100      4.372      0.000
    E4                -1.360      0.119    -11.449      0.000
    E5                -0.582      0.068     -8.569      0.000
    E6                -0.962      0.105     -9.169      0.000
    E7                -0.981      0.105     -9.390      0.000
    E8                -1.158      0.094    -12.372      0.000
    E9                -1.146      0.110    -10.370      0.000

 NEURO    BY
    N1                 1.000      0.000    999.000    999.000
    N2                 1.296      0.143      9.066      0.000
    N3                 1.024      0.126      8.099      0.000
    N4                -0.802      0.121     -6.627      0.000
    N5                 0.834      0.104      7.990      0.000
    N6                 0.589      0.108      5.455      0.000
    N7                 0.666      0.093      7.155      0.000

 OPEN     BY
    O1                 1.000      0.000    999.000    999.000
    O2                 1.282      0.116     11.013      0.000
    O3                 1.184      0.088     13.476      0.000
    O4                 1.005      0.134      7.479      0.000
    O5                 1.195      0.122      9.757      0.000
    O6                 1.360      0.107     12.682      0.000
    O7                 1.883      0.132     14.228      0.000
    O8                 0.558      0.102      5.483      0.000
    O9                 1.280      0.116     11.084      0.000

 CONSC    WITH
    AGREE              0.030      0.007      4.127      0.000

 EXTRA    WITH
    AGREE             -0.033      0.009     -3.691      0.000
    CONSC             -0.042      0.010     -4.370      0.000

 NEURO    WITH
    AGREE             -0.074      0.013     -5.548      0.000
    CONSC             -0.044      0.010     -4.313      0.000
    EXTRA              0.076      0.012      6.127      0.000

 OPEN     WITH
    AGREE              0.052      0.010      5.365      0.000
    CONSC              0.049      0.010      4.805      0.000
    EXTRA             -0.088      0.011     -7.756      0.000
    NEURO             -0.056      0.011     -5.239      0.000

 A1       WITH
    A6                 0.113      0.020      5.693      0.000

 A3       WITH
    N4                 0.135      0.020      6.771      0.000

 A4       WITH
    A6                 0.055      0.013      4.207      0.000
    N7                 0.066      0.011      6.265      0.000

 A5       WITH
    N6                 0.151      0.017      8.767      0.000
    O8                 0.082      0.014      6.009      0.000

 C1       WITH
    E5                 0.243      0.023     10.537      0.000

 C2       WITH
    N5                 0.099      0.017      5.770      0.000

 C3       WITH
    E2                 0.137      0.016      8.772      0.000
    E6                 0.061      0.011      5.359      0.000
    N3                 0.067      0.011      6.262      0.000
    O1                 0.058      0.009      6.559      0.000

 C4       WITH
    C6                 0.056      0.009      6.035      0.000

 C9       WITH
    O9                 0.056      0.011      5.286      0.000

 E1       WITH
    E3                 0.089      0.016      5.528      0.000

 E2       WITH
    O1                 0.151      0.017      8.716      0.000

 E6       WITH
    O8                 0.129      0.022      5.952      0.000

 O5       WITH
    O4                 0.149      0.028      5.427      0.000

 Intercepts
    A1                -0.005      0.031     -0.174      0.862
    A2                 0.013      0.028      0.454      0.650
    A3                 0.001      0.033      0.018      0.986
    A4                 0.000      0.020     -0.004      0.997
    A5                 0.001      0.026      0.019      0.985
    A6                -0.004      0.037     -0.115      0.909
    A7                 0.003      0.030      0.091      0.928
    A8                -0.002      0.024     -0.084      0.933
    C1                -0.007      0.043     -0.159      0.874
    C2                 0.031      0.040      0.775      0.439
    C3                 0.000      0.022     -0.001      0.999
    C4                 0.000      0.038     -0.013      0.990
    C5                -0.005      0.035     -0.135      0.893
    C6                -0.002      0.017     -0.101      0.920
    C7                 0.004      0.034      0.126      0.900
    C8                 0.002      0.031      0.078      0.938
    C9                 0.000      0.020     -0.016      0.987
    E1                 0.003      0.028      0.094      0.925
    E2                 0.005      0.036      0.137      0.891
    E3                -0.001      0.036     -0.026      0.979
    E4                -0.014      0.036     -0.387      0.698
    E5                 0.000      0.026     -0.005      0.996
    E6                -0.003      0.037     -0.082      0.934
    E7                -0.013      0.035     -0.365      0.715
    E8                -0.003      0.032     -0.104      0.917
    E9                -0.003      0.036     -0.090      0.929
    N1                 0.002      0.037      0.064      0.949
    N2                 0.011      0.033      0.331      0.740
    N3                 0.000      0.033     -0.008      0.994
    N4                 0.001      0.036      0.025      0.980
    N5                 0.003      0.024      0.124      0.901
    N6                 0.007      0.036      0.196      0.845
    N7                 0.001      0.028      0.043      0.966
    O1                 0.002      0.028      0.071      0.943
    O2                -0.029      0.037     -0.798      0.425
    O3                -0.002      0.029     -0.053      0.958
    O4                -0.004      0.044     -0.084      0.933
    O5                -0.003      0.040     -0.081      0.935
    O6                -0.001      0.034     -0.038      0.970
    O7                -0.019      0.041     -0.474      0.636
    O8                 0.000      0.035     -0.005      0.996
    O9                -0.008      0.038     -0.207      0.836

 Variances
    AGREE              0.102      0.020      5.073      0.000
    CONSC              0.044      0.016      2.815      0.005
    EXTRA              0.139      0.020      7.031      0.000
    NEURO              0.140      0.028      4.934      0.000
    OPEN               0.123      0.017      7.201      0.000

 Residual Variances
    A1                 0.244      0.020     12.197      0.000
    A2                 0.072      0.011      6.524      0.000
    A3                 0.282      0.023     12.235      0.000
    A4                 0.141      0.010     13.771      0.000
    A5                 0.186      0.014     13.508      0.000
    A6                 0.460      0.034     13.617      0.000
    A7                 0.186      0.016     11.542      0.000
    A8                 0.159      0.012     12.732      0.000
    C1                 0.614      0.046     13.256      0.000
    C2                 0.395      0.035     11.371      0.000
    C3                 0.163      0.012     13.855      0.000
    C4                 0.321      0.027     12.124      0.000
    C5                 0.083      0.016      5.084      0.000
    C6                 0.067      0.005     12.332      0.000
    C7                 0.355      0.027     13.094      0.000
    C8                 0.282      0.022     12.974      0.000
    C9                 0.103      0.008     12.521      0.000
    E1                 0.140      0.013     10.541      0.000
    E2                 0.476      0.036     13.343      0.000
    E3                 0.447      0.034     13.217      0.000
    E4                 0.209      0.021      9.810      0.000
    E5                 0.202      0.016     12.576      0.000
    E6                 0.373      0.031     12.218      0.000
    E7                 0.304      0.025     12.378      0.000
    E8                 0.190      0.018     10.745      0.000
    E9                 0.287      0.024     11.842      0.000
    N1                 0.352      0.029     12.179      0.000
    N2                 0.146      0.016      8.897      0.000
    N3                 0.248      0.022     11.101      0.000
    N4                 0.387      0.031     12.580      0.000
    N5                 0.118      0.012      9.543      0.000
    N6                 0.417      0.033     12.673      0.000
    N7                 0.215      0.017     12.349      0.000
    O1                 0.161      0.013     12.231      0.000
    O2                 0.289      0.024     12.299      0.000
    O3                 0.122      0.011     11.124      0.000
    O4                 0.576      0.044     13.104      0.000
    O5                 0.396      0.031     12.785      0.000
    O6                 0.194      0.017     11.640      0.000
    O7                 0.175      0.018      9.578      0.000
    O8                 0.407      0.029     13.971      0.000
    O9                 0.315      0.025     12.424      0.000


STANDARDIZED MODEL RESULTS


STDYX Standardization

                                                    Two-Tailed
                    Estimate       S.E.  Est./S.E.    P-Value

 AGREE    BY
    A1                 0.543      0.043     12.525      0.000
    A2                -0.863      0.024    -36.046      0.000
    A3                -0.541      0.042    -12.946      0.000
    A4                -0.204      0.054     -3.751      0.000
    A5                -0.480      0.040    -11.979      0.000
    A6                 0.252      0.055      4.586      0.000
    A7                -0.657      0.036    -18.465      0.000
    A8                 0.454      0.047      9.624      0.000

 CONSC    BY
    C1                 0.258      0.044      5.810      0.000
    C2                -0.567      0.049    -11.486      0.000
    C3                -0.220      0.051     -4.296      0.000
    C4                 0.614      0.037     16.416      0.000
    C5                 0.902      0.021     42.676      0.000
    C6                 0.594      0.038     15.537      0.000
    C7                -0.381      0.049     -7.777      0.000
    C8                 0.442      0.046      9.601      0.000
    C9                 0.535      0.042     12.696      0.000

 EXTRA    BY
    E1                 0.706      0.034     20.934      0.000
    E2                -0.087      0.050     -1.751      0.080
    E3                 0.236      0.057      4.168      0.000
    E4                -0.743      0.032    -23.486      0.000
    E5                -0.434      0.042    -10.348      0.000
    E6                -0.506      0.046    -11.102      0.000
    E7                -0.553      0.041    -13.330      0.000
    E8                -0.704      0.033    -21.146      0.000
    E9                -0.624      0.038    -16.569      0.000

 NEURO    BY
    N1                 0.533      0.044     12.037      0.000
    N2                 0.785      0.029     27.213      0.000
    N3                 0.609      0.041     14.718      0.000
    N4                -0.434      0.048     -8.993      0.000
    N5                 0.672      0.045     14.800      0.000
    N6                 0.323      0.052      6.267      0.000
    N7                 0.473      0.048      9.934      0.000

 OPEN     BY
    O1                 0.658      0.031     21.407      0.000
    O2                 0.641      0.034     18.593      0.000
    O3                 0.764      0.026     29.590      0.000
    O4                 0.421      0.046      9.082      0.000
    O5                 0.554      0.039     14.037      0.000
    O6                 0.734      0.028     26.497      0.000
    O7                 0.844      0.020     43.138      0.000
    O8                 0.293      0.049      6.031      0.000
    O9                 0.624      0.035     17.812      0.000

 CONSC    WITH
    AGREE              0.452      0.053      8.491      0.000

 EXTRA    WITH
    AGREE             -0.277      0.062     -4.472      0.000
    CONSC             -0.531      0.051    -10.519      0.000

 NEURO    WITH
    AGREE             -0.617      0.048    -12.918      0.000
    CONSC             -0.561      0.055    -10.132      0.000
    EXTRA              0.548      0.052     10.561      0.000

 OPEN     WITH
    AGREE              0.463      0.052      8.885      0.000
    CONSC              0.673      0.038     17.921      0.000
    EXTRA             -0.673      0.040    -16.771      0.000
    NEURO             -0.430      0.054     -7.951      0.000

 A1       WITH
    A6                 0.338      0.050      6.788      0.000

 A3       WITH
    N4                 0.410      0.048      8.592      0.000

 A4       WITH
    A6                 0.214      0.050      4.322      0.000
    N7                 0.378      0.049      7.640      0.000

 A5       WITH
    N6                 0.542      0.040     13.508      0.000
    O8                 0.300      0.046      6.445      0.000

 C1       WITH
    E5                 0.690      0.029     24.002      0.000

 C2       WITH
    N5                 0.459      0.055      8.278      0.000

 C3       WITH
    E2                 0.493      0.038     13.113      0.000
    E6                 0.247      0.043      5.746      0.000
    N3                 0.333      0.044      7.515      0.000
    O1                 0.358      0.044      8.069      0.000

 C4       WITH
    C6                 0.380      0.048      7.867      0.000

 C9       WITH
    O9                 0.311      0.051      6.109      0.000

 E1       WITH
    E3                 0.356      0.052      6.866      0.000

 E2       WITH
    O1                 0.544      0.040     13.637      0.000

 E6       WITH
    O8                 0.330      0.049      6.805      0.000

 O5       WITH
    O4                 0.313      0.049      6.393      0.000

 Intercepts
    A1                -0.009      0.053     -0.174      0.862
    A2                 0.024      0.053      0.454      0.650
    A3                 0.001      0.053      0.018      0.986
    A4                 0.000      0.053     -0.004      0.997
    A5                 0.001      0.053      0.019      0.985
    A6                -0.006      0.053     -0.115      0.909
    A7                 0.005      0.053      0.091      0.928
    A8                -0.004      0.053     -0.084      0.933
    C1                -0.008      0.053     -0.159      0.874
    C2                 0.041      0.053      0.774      0.439
    C3                 0.000      0.053     -0.001      0.999
    C4                -0.001      0.053     -0.013      0.990
    C5                -0.007      0.053     -0.135      0.893
    C6                -0.005      0.053     -0.101      0.920
    C7                 0.007      0.053      0.126      0.900
    C8                 0.004      0.053      0.078      0.938
    C9                -0.001      0.053     -0.016      0.987
    E1                 0.005      0.053      0.094      0.925
    E2                 0.007      0.053      0.137      0.891
    E3                -0.001      0.053     -0.026      0.979
    E4                -0.020      0.053     -0.387      0.698
    E5                 0.000      0.053     -0.005      0.996
    E6                -0.004      0.053     -0.082      0.934
    E7                -0.019      0.053     -0.365      0.715
    E8                -0.005      0.053     -0.104      0.917
    E9                -0.005      0.053     -0.090      0.929
    N1                 0.003      0.053      0.064      0.949
    N2                 0.017      0.053      0.331      0.740
    N3                 0.000      0.053     -0.008      0.994
    N4                 0.001      0.053      0.025      0.980
    N5                 0.007      0.053      0.124      0.901
    N6                 0.010      0.053      0.196      0.845
    N7                 0.002      0.053      0.043      0.966
    O1                 0.004      0.053      0.071      0.943
    O2                -0.042      0.053     -0.798      0.425
    O3                -0.003      0.053     -0.053      0.958
    O4                -0.004      0.053     -0.084      0.933
    O5                -0.004      0.053     -0.081      0.935
    O6                -0.002      0.053     -0.038      0.970
    O7                -0.025      0.053     -0.474      0.636
    O8                 0.000      0.053     -0.005      0.996
    O9                -0.011      0.053     -0.207      0.836

 Variances
    AGREE              1.000      0.000    999.000    999.000
    CONSC              1.000      0.000    999.000    999.000
    EXTRA              1.000      0.000    999.000    999.000
    NEURO              1.000      0.000    999.000    999.000
    OPEN               1.000      0.000    999.000    999.000

 Residual Variances
    A1                 0.705      0.047     14.997      0.000
    A2                 0.255      0.041      6.177      0.000
    A3                 0.707      0.045     15.648      0.000
    A4                 0.958      0.022     43.076      0.000
    A5                 0.770      0.038     20.033      0.000
    A6                 0.936      0.028     33.804      0.000
    A7                 0.569      0.047     12.176      0.000
    A8                 0.794      0.043     18.528      0.000
    C1                 0.933      0.023     40.644      0.000
    C2                 0.679      0.056     12.127      0.000
    C3                 0.952      0.023     42.285      0.000
    C4                 0.623      0.046     13.556      0.000
    C5                 0.186      0.038      4.870      0.000
    C6                 0.647      0.045     14.212      0.000
    C7                 0.855      0.037     22.956      0.000
    C8                 0.804      0.041     19.729      0.000
    C9                 0.713      0.045     15.795      0.000
    E1                 0.502      0.048     10.555      0.000
    E2                 0.992      0.009    113.808      0.000
    E3                 0.944      0.027     35.322      0.000
    E4                 0.449      0.047      9.552      0.000
    E5                 0.811      0.036     22.260      0.000
    E6                 0.743      0.046     16.090      0.000
    E7                 0.694      0.046     15.114      0.000
    E8                 0.505      0.047     10.778      0.000
    E9                 0.611      0.047     13.019      0.000
    N1                 0.716      0.047     15.162      0.000
    N2                 0.384      0.045      8.476      0.000
    N3                 0.629      0.050     12.471      0.000
    N4                 0.812      0.042     19.372      0.000
    N5                 0.548      0.061      8.967      0.000
    N6                 0.896      0.033     26.886      0.000
    N7                 0.776      0.045     17.216      0.000
    O1                 0.567      0.040     14.034      0.000
    O2                 0.589      0.044     13.338      0.000
    O3                 0.416      0.039     10.533      0.000
    O4                 0.823      0.039     21.102      0.000
    O5                 0.693      0.044     15.857      0.000
    O6                 0.461      0.041     11.309      0.000
    O7                 0.287      0.033      8.684      0.000
    O8                 0.914      0.028     32.158      0.000
    O9                 0.610      0.044     13.940      0.000


R-SQUARE

    Observed                                        Two-Tailed
    Variable        Estimate       S.E.  Est./S.E.    P-Value

    A1                 0.295      0.047      6.262      0.000
    A2                 0.745      0.041     18.023      0.000
    A3                 0.293      0.045      6.473      0.000
    A4                 0.042      0.022      1.875      0.061
    A5                 0.230      0.038      5.989      0.000
    A6                 0.064      0.028      2.293      0.022
    A7                 0.431      0.047      9.233      0.000
    A8                 0.206      0.043      4.812      0.000
    C1                 0.067      0.023      2.905      0.004
    C2                 0.321      0.056      5.743      0.000
    C3                 0.048      0.023      2.148      0.032
    C4                 0.377      0.046      8.208      0.000
    C5                 0.814      0.038     21.338      0.000
    C6                 0.353      0.045      7.768      0.000
    C7                 0.145      0.037      3.888      0.000
    C8                 0.196      0.041      4.800      0.000
    C9                 0.287      0.045      6.348      0.000
    E1                 0.498      0.048     10.467      0.000
    E2                 0.008      0.009      0.875      0.381
    E3                 0.056      0.027      2.084      0.037
    E4                 0.551      0.047     11.743      0.000
    E5                 0.189      0.036      5.174      0.000
    E6                 0.257      0.046      5.551      0.000
    E7                 0.306      0.046      6.665      0.000
    E8                 0.495      0.047     10.573      0.000
    E9                 0.389      0.047      8.285      0.000
    N1                 0.284      0.047      6.019      0.000
    N2                 0.616      0.045     13.606      0.000
    N3                 0.371      0.050      7.359      0.000
    N4                 0.188      0.042      4.497      0.000
    N5                 0.452      0.061      7.400      0.000
    N6                 0.104      0.033      3.133      0.002
    N7                 0.224      0.045      4.967      0.000
    O1                 0.433      0.040     10.703      0.000
    O2                 0.411      0.044      9.296      0.000
    O3                 0.584      0.039     14.795      0.000
    O4                 0.177      0.039      4.541      0.000
    O5                 0.307      0.044      7.019      0.000
    O6                 0.539      0.041     13.248      0.000
    O7                 0.713      0.033     21.569      0.000
    O8                 0.086      0.028      3.015      0.003
    O9                 0.390      0.044      8.906      0.000


QUALITY OF NUMERICAL RESULTS

     Condition Number for the Information Matrix              0.462E-05
       (ratio of smallest to largest eigenvalue)


MODEL MODIFICATION INDICES

NOTE:  Modification indices for direct effects of observed dependent variables
regressed on covariates may not be included.  To include these, request
MODINDICES (ALL).

Minimum M.I. value for printing the modification index     4.000

                                   M.I.     E.P.C.  Std E.P.C.  StdYX E.P.C.

BY Statements

AGREE    BY C1                    33.806    -0.706     -0.226       -0.278
AGREE    BY C2                    43.529    -0.839     -0.268       -0.351
AGREE    BY C3                    10.869    -0.216     -0.069       -0.167
AGREE    BY C4                    20.598    -0.507     -0.162       -0.226
AGREE    BY C5                     6.007    -0.257     -0.082       -0.123
AGREE    BY C6                     8.435     0.148      0.047        0.146
AGREE    BY C7                     7.565    -0.345     -0.110       -0.171
AGREE    BY E2                    20.922    -0.473     -0.151       -0.218
AGREE    BY E4                    63.190     0.790      0.252        0.369
AGREE    BY E5                     4.356    -0.139     -0.044       -0.089
AGREE    BY E6                    24.759    -0.543     -0.173       -0.245
AGREE    BY E7                     8.578    -0.319     -0.102       -0.154
AGREE    BY N1                    78.157    -1.375     -0.439       -0.626
AGREE    BY N2                     6.080     0.306      0.098        0.158
AGREE    BY N3                    19.393     0.552      0.176        0.280
AGREE    BY N6                    13.951     0.572      0.183        0.268
AGREE    BY N7                     4.296    -0.240     -0.077       -0.146
AGREE    BY O1                    10.131    -0.238     -0.076       -0.143
AGREE    BY O2                     8.125     0.334      0.107        0.152
AGREE    BY O6                    17.832    -0.419     -0.134       -0.206
AGREE    BY O7                    11.252     0.353      0.113        0.144
AGREE    BY O8                    12.577     0.441      0.141        0.211
CONSC    BY A1                    32.400     0.852      0.179        0.303
CONSC    BY A3                    34.607     0.951      0.199        0.316
CONSC    BY E2                    24.483    -0.976     -0.205       -0.295
CONSC    BY E3                    12.054     0.731      0.153        0.223
CONSC    BY E4                    59.878     1.390      0.291        0.426
CONSC    BY E6                    20.528    -0.901     -0.189       -0.267
CONSC    BY E7                     6.945    -0.512     -0.107       -0.162
CONSC    BY E8                     6.967    -0.436     -0.091       -0.149
CONSC    BY E9                     6.463     0.492      0.103        0.150
CONSC    BY N2                     4.219     0.351      0.074        0.119
CONSC    BY N3                    33.415     1.049      0.220        0.350
CONSC    BY N4                     8.145     0.582      0.122        0.176
CONSC    BY N5                    84.053    -1.207     -0.253       -0.545
CONSC    BY N6                     7.166     0.507      0.106        0.156
CONSC    BY O5                     4.022    -0.484     -0.101       -0.134
CONSC    BY O9                    11.266     0.772      0.162        0.225
EXTRA    BY A1                    43.513    -0.510     -0.190       -0.323
EXTRA    BY A3                    40.589    -0.534     -0.199       -0.316
EXTRA    BY A6                    14.791    -0.385     -0.143       -0.205
EXTRA    BY A7                    16.192    -0.304     -0.113       -0.198
EXTRA    BY A8                    30.962    -0.367     -0.137       -0.306
EXTRA    BY C1                     7.408    -0.379     -0.141       -0.174
EXTRA    BY C2                    28.146     0.618      0.230        0.302
EXTRA    BY C3                     4.041    -0.135     -0.050       -0.122
EXTRA    BY C4                    12.019     0.357      0.133        0.186
EXTRA    BY C7                    15.894    -0.460     -0.171       -0.266
EXTRA    BY C9                     7.358    -0.167     -0.062       -0.163
EXTRA    BY N1                    14.276    -0.457     -0.170       -0.243
EXTRA    BY N2                    10.161     0.303      0.113        0.183
EXTRA    BY N4                    19.535    -0.509     -0.190       -0.275
EXTRA    BY N7                    12.625    -0.307     -0.115       -0.218
EXTRA    BY O2                    12.678    -0.457     -0.170       -0.243
EXTRA    BY O3                     8.633    -0.260     -0.097       -0.179
EXTRA    BY O4                    14.016     0.615      0.229        0.274
EXTRA    BY O6                    19.659     0.483      0.180        0.278
EXTRA    BY O8                    24.220    -0.662     -0.247       -0.370
NEURO    BY A3                    13.803    -0.428     -0.160       -0.253
NEURO    BY A4                    27.284     0.400      0.150        0.390
NEURO    BY A5                    33.160     0.495      0.185        0.376
NEURO    BY C1                     7.665     0.327      0.122        0.151
NEURO    BY C2                   109.856     1.360      0.509        0.667
NEURO    BY C3                    27.413     0.347      0.130        0.314
NEURO    BY C4                    19.098     0.463      0.173        0.241
NEURO    BY C5                    14.594     0.385      0.144        0.215
NEURO    BY C7                    20.299     0.535      0.200        0.310
NEURO    BY C8                     8.612     0.312      0.117        0.197
NEURO    BY C9                     6.491    -0.160     -0.060       -0.157
NEURO    BY E3                     6.665     0.316      0.118        0.172
NEURO    BY E4                    66.958    -0.846     -0.316       -0.463
NEURO    BY E6                    48.881     0.787      0.294        0.416
NEURO    BY E7                    12.705     0.401      0.150        0.227
NEURO    BY E8                    11.915     0.329      0.123        0.200
NEURO    BY E9                    23.355    -0.541     -0.202       -0.295
NEURO    BY O2                     5.072    -0.224     -0.084       -0.120
NEURO    BY O4                    13.161     0.463      0.173        0.207
NEURO    BY O6                    24.316     0.416      0.155        0.240
NEURO    BY O8                    21.143    -0.473     -0.177       -0.265
OPEN     BY A1                    86.796     0.827      0.290        0.492
OPEN     BY A3                    30.561     0.528      0.185        0.293
OPEN     BY A5                     8.007     0.197      0.069        0.140
OPEN     BY A7                     9.863     0.274      0.096        0.168
OPEN     BY A8                    27.972     0.401      0.140        0.313
OPEN     BY C2                     8.609    -0.420     -0.147       -0.193
OPEN     BY C3                     5.304     0.177      0.062        0.150
OPEN     BY C4                    20.957    -0.584     -0.205       -0.285
OPEN     BY C6                    24.970     0.289      0.101        0.314
OPEN     BY C7                    18.965     0.618      0.217        0.336
OPEN     BY C8                     5.913     0.311      0.109        0.184
OPEN     BY E2                    17.665    -0.581     -0.203       -0.294
OPEN     BY E3                    41.821     0.964      0.338        0.490
OPEN     BY E4                    35.864     0.766      0.268        0.392
OPEN     BY E5                    12.000     0.297      0.104        0.208
OPEN     BY E6                    10.881    -0.465     -0.163       -0.230
OPEN     BY N3                    21.494     0.433      0.152        0.241
OPEN     BY N4                    35.982     0.651      0.228        0.330
OPEN     BY N5                     9.482    -0.204     -0.071       -0.154

WITH Statements

A3       WITH A1                  10.259     0.042      0.042        0.159
A4       WITH A1                  16.619     0.039      0.039        0.207
A4       WITH A3                   4.323     0.019      0.019        0.095
A6       WITH A2                   7.162    -0.034     -0.034       -0.186
A6       WITH A3                   4.078     0.034      0.034        0.094
A6       WITH A5                   4.436     0.024      0.024        0.083
A7       WITH A3                  15.935     0.052      0.052        0.225
A7       WITH A5                   5.093    -0.020     -0.020       -0.107
A8       WITH A1                  27.430     0.054      0.054        0.274
A8       WITH A4                   9.186     0.022      0.022        0.148
A8       WITH A5                   4.198     0.016      0.016        0.091
A8       WITH A6                   6.194     0.033      0.033        0.123
C1       WITH A2                   6.874     0.028      0.028        0.134
C1       WITH A3                  27.943     0.082      0.082        0.196
C2       WITH A4                  10.994     0.035      0.035        0.147
C3       WITH A1                   4.319     0.016      0.016        0.080
C3       WITH A6                   5.988     0.025      0.025        0.090
C3       WITH A7                   4.538     0.016      0.016        0.091
C3       WITH C2                   5.363     0.022      0.022        0.088
C4       WITH A4                   5.965     0.023      0.023        0.109
C4       WITH C2                  19.740     0.074      0.074        0.209
C5       WITH C1                   6.318     0.035      0.035        0.157
C5       WITH C4                  17.139     0.059      0.059        0.361
C6       WITH A5                   8.402     0.013      0.013        0.116
C6       WITH A7                  10.723    -0.019     -0.019       -0.171
C6       WITH A8                   4.945     0.012      0.012        0.112
C7       WITH A1                   6.876     0.039      0.039        0.134
C7       WITH A7                   7.264     0.039      0.039        0.152
C7       WITH A8                  25.851     0.065      0.065        0.275
C7       WITH C1                   4.604     0.040      0.040        0.085
C7       WITH C3                  11.142     0.033      0.033        0.136
C7       WITH C4                  10.452    -0.055     -0.055       -0.163
C8       WITH A1                   5.224     0.031      0.031        0.117
C8       WITH C2                   5.504     0.039      0.039        0.118
C8       WITH C3                  11.751     0.030      0.030        0.141
C8       WITH C7                  19.262     0.075      0.075        0.238
C9       WITH C4                   4.816     0.020      0.020        0.108
E2       WITH A7                   5.862     0.031      0.031        0.104
E2       WITH C1                   6.822     0.042      0.042        0.078
E2       WITH C6                  12.453    -0.024     -0.024       -0.134
E2       WITH C7                   9.951     0.053      0.053        0.129
E3       WITH A6                   7.150    -0.055     -0.055       -0.120
E3       WITH C4                   5.453     0.041      0.041        0.108
E4       WITH A6                   5.795     0.039      0.039        0.127
E4       WITH C2                   9.740    -0.048     -0.048       -0.168
E4       WITH E1                  18.841     0.048      0.048        0.281
E5       WITH A5                   6.737     0.016      0.016        0.083
E5       WITH A7                  13.161     0.029      0.029        0.152
E5       WITH E3                  13.260     0.041      0.041        0.136
E5       WITH E4                  15.134    -0.037     -0.037       -0.179
E6       WITH A5                  22.684     0.056      0.056        0.213
E6       WITH A8                   9.388     0.037      0.037        0.150
E6       WITH C7                   7.126     0.047      0.047        0.130
E6       WITH E1                  14.532    -0.044     -0.044       -0.192
E6       WITH E4                   9.933    -0.049     -0.049       -0.176
E6       WITH E5                   5.919     0.025      0.025        0.090
E7       WITH A1                   6.054     0.035      0.035        0.128
E7       WITH C1                   4.382    -0.037     -0.037       -0.085
E7       WITH C3                  11.317     0.031      0.031        0.141
E7       WITH E3                   6.174     0.047      0.047        0.128
E7       WITH E5                   6.609     0.027      0.027        0.107
E8       WITH A1                   6.113     0.029      0.029        0.135
E8       WITH A2                   5.522    -0.021     -0.021       -0.175
E8       WITH A3                   9.168     0.038      0.038        0.164
E8       WITH A4                   7.092     0.022      0.022        0.136
E8       WITH A5                   9.007     0.026      0.026        0.138
E8       WITH A6                  13.572     0.056      0.056        0.191
E8       WITH C3                   9.318     0.024      0.024        0.134
E8       WITH C7                   6.993     0.039      0.039        0.151
E8       WITH E1                  14.991    -0.039     -0.039       -0.240
E8       WITH E3                  20.286    -0.072     -0.072       -0.246
E8       WITH E6                   6.377     0.036      0.036        0.137
E9       WITH A1                   8.684    -0.041     -0.041       -0.156
E9       WITH A2                   4.131     0.021      0.021        0.147
E9       WITH A5                   7.023    -0.027     -0.027       -0.118
E9       WITH C3                  11.602    -0.031     -0.031       -0.145
E9       WITH C6                   7.486    -0.020     -0.020       -0.141
E9       WITH C9                   9.698     0.029      0.029        0.168
E9       WITH E2                   6.349     0.040      0.040        0.108
E9       WITH E3                   9.761    -0.059     -0.059       -0.164
E9       WITH E4                   8.769     0.047      0.047        0.193
E9       WITH E5                   6.919    -0.027     -0.027       -0.112
E9       WITH E8                   8.037    -0.042     -0.042       -0.178
N1       WITH A1                   6.542     0.039      0.039        0.134
N1       WITH A2                  19.700     0.051      0.051        0.318
N1       WITH A3                   8.091     0.047      0.047        0.148
N1       WITH A4                   7.616    -0.030     -0.030       -0.136
N1       WITH A5                   7.815     0.032      0.032        0.123
N1       WITH C1                  12.401     0.066      0.066        0.142
N1       WITH C3                  10.252     0.032      0.032        0.134
N1       WITH C5                   5.514     0.031      0.031        0.183
N1       WITH C6                   5.842    -0.019     -0.019       -0.123
N1       WITH C7                   6.912     0.051      0.051        0.144
N1       WITH E6                   4.582     0.039      0.039        0.106
N2       WITH A6                   9.642    -0.045     -0.045       -0.173
N2       WITH C1                   8.596    -0.040     -0.040       -0.132
N2       WITH C2                   5.555     0.034      0.034        0.141
N2       WITH C6                   7.266     0.015      0.015        0.154
N2       WITH E2                   5.961    -0.030     -0.030       -0.115
N2       WITH E3                   7.633     0.040      0.040        0.157
N2       WITH E4                  11.287    -0.040     -0.040       -0.227
N2       WITH N1                   8.684    -0.046     -0.046       -0.203
N3       WITH A1                  11.014     0.040      0.040        0.162
N3       WITH A2                   8.726    -0.027     -0.027       -0.200
N3       WITH A3                   4.200     0.027      0.027        0.101
N3       WITH A4                  22.270     0.041      0.041        0.218
N3       WITH A5                   5.014     0.020      0.020        0.093
N3       WITH A8                   8.657     0.030      0.030        0.153
N3       WITH C6                   7.234     0.017      0.017        0.128
N3       WITH C8                   7.607     0.038      0.038        0.142
N3       WITH E6                   9.952     0.051      0.051        0.168
N3       WITH E7                   8.956    -0.043     -0.043       -0.157
N3       WITH N2                  14.051     0.049      0.049        0.256
N4       WITH A1                   4.562     0.032      0.032        0.103
N4       WITH A2                   7.801     0.032      0.032        0.194
N4       WITH A7                   6.754     0.037      0.037        0.139
N4       WITH A8                   8.713     0.037      0.037        0.150
N4       WITH C2                   9.307    -0.056     -0.056       -0.142
N4       WITH C7                  13.393     0.068      0.068        0.183
N4       WITH C8                   4.149     0.034      0.034        0.102
N4       WITH E2                   4.283     0.034      0.034        0.079
N4       WITH E3                  18.384     0.083      0.083        0.199
N4       WITH E5                   9.470     0.032      0.032        0.114
N4       WITH E8                   6.715    -0.038     -0.038       -0.138
N5       WITH A3                   9.564    -0.028     -0.028       -0.153
N5       WITH A6                  10.438     0.035      0.035        0.151
N5       WITH A8                   7.492     0.020      0.020        0.143
N5       WITH C4                  12.707    -0.033     -0.033       -0.172
N5       WITH C5                  12.950    -0.028     -0.028       -0.280
N5       WITH C7                   9.353     0.032      0.032        0.158
N5       WITH E6                   5.355     0.023      0.023        0.109
N5       WITH E7                   6.727     0.026      0.026        0.137
N5       WITH E8                   5.167     0.019      0.019        0.126
N5       WITH E9                   7.543    -0.027     -0.027       -0.147
N6       WITH A2                  11.609    -0.037     -0.037       -0.211
N6       WITH A4                  11.406     0.033      0.033        0.135
N6       WITH C2                   7.284     0.045      0.045        0.112
N6       WITH C3                   6.958     0.023      0.023        0.090
N6       WITH C4                   8.971     0.046      0.046        0.124
N6       WITH C5                   9.242     0.036      0.036        0.192
N6       WITH C6                   7.530    -0.019     -0.019       -0.114
N6       WITH C8                   6.496     0.039      0.039        0.114
N6       WITH E4                  12.359     0.051      0.051        0.171
N6       WITH E5                   8.156    -0.027     -0.027       -0.095
N6       WITH N3                   9.768     0.044      0.044        0.136
N6       WITH N4                  12.560    -0.060     -0.060       -0.149
N7       WITH A2                   6.655    -0.021     -0.021       -0.170
N7       WITH A3                  12.399     0.041      0.041        0.168
N7       WITH A5                  12.861     0.029      0.029        0.145
N7       WITH A6                  29.006     0.086      0.086        0.273
N7       WITH A7                   4.802     0.023      0.023        0.116
N7       WITH C3                  17.455     0.030      0.030        0.160
N7       WITH C7                   4.767     0.030      0.030        0.110
N7       WITH N1                   4.022     0.029      0.029        0.105
O1       WITH A2                   5.657     0.016      0.016        0.144
O1       WITH A4                   4.060    -0.013     -0.013       -0.084
O1       WITH A6                   6.712    -0.030     -0.030       -0.109
O1       WITH A7                   4.676     0.018      0.018        0.106
O1       WITH E3                   7.786     0.032      0.032        0.121
O1       WITH E4                  11.093    -0.031     -0.031       -0.170
O1       WITH E5                   9.979     0.020      0.020        0.110
O1       WITH E7                   9.718     0.033      0.033        0.149
O1       WITH E8                   8.169    -0.025     -0.025       -0.143
O1       WITH N4                   8.514     0.032      0.032        0.127
O1       WITH N6                  11.412    -0.034     -0.034       -0.131
O1       WITH N7                   8.718    -0.024     -0.024       -0.129
O2       WITH A2                  16.075    -0.041     -0.041       -0.286
O2       WITH C2                   7.247    -0.046     -0.046       -0.137
O2       WITH C5                   5.285     0.028      0.028        0.179
O2       WITH C7                   4.638     0.038      0.038        0.119
O2       WITH E2                   7.826     0.044      0.044        0.118
O2       WITH E3                   5.074    -0.041     -0.041       -0.115
O2       WITH E4                  10.188     0.047      0.047        0.191
O2       WITH E5                   4.663    -0.021     -0.021       -0.088
O2       WITH E8                  20.847     0.063      0.063        0.268
O2       WITH N7                  13.681     0.048      0.048        0.191
O2       WITH O1                   8.674    -0.031     -0.031       -0.145
O3       WITH A1                  18.643     0.041      0.041        0.235
O3       WITH A8                   5.366     0.019      0.019        0.134
O3       WITH C5                  10.047    -0.026     -0.026       -0.258
O3       WITH C7                   4.495     0.025      0.025        0.121
O3       WITH C9                   9.369     0.019      0.019        0.170
O3       WITH E5                  10.017     0.021      0.021        0.134
O3       WITH E7                   6.196     0.028      0.028        0.146
O3       WITH N4                   9.962     0.037      0.037        0.168
O3       WITH N5                   6.188     0.016      0.016        0.137
O3       WITH N6                   9.688    -0.033     -0.033       -0.148
O3       WITH O1                  21.651     0.034      0.034        0.245
O3       WITH O2                  17.443    -0.048     -0.048       -0.254
O4       WITH C2                   6.113     0.055      0.055        0.115
O4       WITH C8                   6.184    -0.051     -0.051       -0.127
O4       WITH C9                   7.256     0.032      0.032        0.132
O4       WITH E3                   6.341     0.060      0.060        0.118
O4       WITH E8                   7.689    -0.050     -0.050       -0.150
O4       WITH O2                   9.038    -0.064     -0.064       -0.157
O5       WITH C4                   4.238    -0.035     -0.035       -0.098
O5       WITH C7                   5.284     0.044      0.044        0.118
O5       WITH E8                   8.557     0.044      0.044        0.160
O5       WITH N5                   6.586     0.027      0.027        0.126
O5       WITH O2                   6.531     0.046      0.046        0.136
O6       WITH A3                   5.176     0.028      0.028        0.121
O6       WITH C2                   9.288     0.044      0.044        0.159
O6       WITH C3                   5.712     0.018      0.018        0.103
O6       WITH C6                  13.786     0.022      0.022        0.195
O6       WITH C7                   5.443     0.035      0.035        0.132
O6       WITH C9                   4.600    -0.017     -0.017       -0.118
O6       WITH E3                  17.932     0.065      0.065        0.221
O6       WITH E5                  15.047     0.032      0.032        0.163
O6       WITH E9                   8.249    -0.040     -0.040       -0.168
O6       WITH N3                   6.177     0.029      0.029        0.135
O6       WITH N4                   4.292     0.030      0.030        0.109
O6       WITH N7                   8.648     0.032      0.032        0.155
O7       WITH A3                   4.723    -0.028     -0.028       -0.125
O7       WITH E4                  15.800     0.051      0.051        0.266
O7       WITH E5                   6.541    -0.022     -0.022       -0.116
O7       WITH N1                   4.687    -0.033     -0.033       -0.135
O7       WITH O2                  11.835     0.052      0.052        0.230
O7       WITH O3                  14.961    -0.042     -0.042       -0.286
O7       WITH O6                   4.409     0.028      0.028        0.150
O8       WITH A6                  22.394     0.087      0.087        0.201
O8       WITH C4                   6.391    -0.040     -0.040       -0.110
O8       WITH E3                  12.965    -0.067     -0.067       -0.156
O8       WITH E4                   9.127     0.045      0.045        0.156
O8       WITH E5                  11.133    -0.033     -0.033       -0.116
O8       WITH E8                   4.233     0.029      0.029        0.104
O8       WITH N2                  14.834    -0.050     -0.050       -0.207
O8       WITH N4                  14.009    -0.065     -0.065       -0.164
O8       WITH N6                  19.575     0.091      0.091        0.222
O9       WITH A5                   6.047    -0.025     -0.025       -0.103
O9       WITH C8                   4.164    -0.032     -0.032       -0.107
O9       WITH E3                  10.736     0.060      0.060        0.159
O9       WITH E5                   6.157     0.024      0.024        0.096
O9       WITH E6                   5.477    -0.038     -0.038       -0.111
O9       WITH E8                   8.343    -0.039     -0.039       -0.161
O9       WITH N4                  13.023     0.062      0.062        0.176
O9       WITH O2                  11.487    -0.056     -0.056       -0.185
O9       WITH O4                   4.774     0.046      0.046        0.109
O9       WITH O5                   8.320    -0.051     -0.051       -0.146
O9       WITH O6                   6.327     0.035      0.035        0.142


DIAGRAM INFORMATION

  Use View Diagram under the Diagram menu in the Mplus Editor to view the diagram.
  If running Mplus from the Mplus Diagrammer, the diagram opens automatically.

  Diagram output
    f:\ipip paper\sample_usa\cfa\gesamtmodell\faktorscores\b5 with correlated residuals mod 5.dgm

     Beginning Time:  15:07:57
        Ending Time:  15:07:59
       Elapsed Time:  00:00:02



MUTHEN & MUTHEN
3463 Stoner Ave.
Los Angeles, CA  90066

Tel: (310) 391-9971
Fax: (310) 391-8971
Web: www.StatModel.com
Support: Support@StatModel.com

Copyright (c) 1998-2013 Muthen & Muthen
