Mplus VERSION 7.1
MUTHEN & MUTHEN
09/29/2015   2:56 PM

INPUT INSTRUCTIONS

  TITLE:

  DATA:
  FILE IS  "factorscores_CFA.txt";
  Variable:
  Names are
  VPN
  A1
  A2
  A3
  A4
  A5
  A6
  A7
  A8
  C1
  C2
  C3
  C4
  C5
  C6
  C7
  C8
  C9
  E1
  E2
  E3
  E4
  E5
  E6
  E7
  E8
  E9
  N1
  N2
  N3
  N4
  N5
  N6
  N7
  O1
  O2
  O3
  O4
  O5
  O6
  O7
  O8
  O9
  ;

  USEVARIABLES ARE
  A1
  A2
  A3
  A4
  A5
  A6
  A7
  A8
  C1
  C2
  C3
  C4
  C5
  C6
  C7
  C8
  C9
  E1
  E2
  E3
  E4
  E5
  E6
  E7
  E8
  E9
  N1
  N2
  N3
  N4
  N5
  N6
  N7
  O1
  O2
  O3
  O4
  O5
  O6
  O7
  O8
  O9
  ;

  MISSING ARE ALL (-99);

  Model:

  agree by
  A1
  A2
  A3
  A4
  A5
  A6
  A7
  A8
  ;

  consc by
  C1
  C2
  C3
  C4
  C5
  C6
  C7
  C8
  C9
  ;

  extra by
  E1
  E2
  E3
  E4
  E5
  E6
  E7
  E8
  E9;

  neuro by
  N1
  N2
  N3
  N4
  N5
  N6
  N7
  ;

  open by
  O1
  O2
  O3
  O4
  O5
  O6
  O7
  O8
  O9
  ;

  E5 WITH C1;
  N6 WITH A5;
  E2 WITH C3;
  E2 WITH O1;


  Analysis:
  ESTIMATOR IS ML;
  iterations = 10000;

  OUTPUT: STDYX MODINDICES(4);



INPUT READING TERMINATED NORMALLY




SUMMARY OF ANALYSIS

Number of groups                                                 1
Number of observations                                         361

Number of dependent variables                                   42
Number of independent variables                                  0
Number of continuous latent variables                            5

Observed dependent variables

  Continuous
   A1          A2          A3          A4          A5          A6
   A7          A8          C1          C2          C3          C4
   C5          C6          C7          C8          C9          E1
   E2          E3          E4          E5          E6          E7
   E8          E9          N1          N2          N3          N4
   N5          N6          N7          O1          O2          O3
   O4          O5          O6          O7          O8          O9

Continuous latent variables
   AGREE       CONSC       EXTRA       NEURO       OPEN


Estimator                                                       ML
Information matrix                                        OBSERVED
Maximum number of iterations                                 10000
Convergence criterion                                    0.500D-04
Maximum number of steepest descent iterations                   20
Maximum number of iterations for H1                           2000
Convergence criterion for H1                             0.100D-03

Input data file(s)
  factorscores_CFA.txt

Input data format  FREE


SUMMARY OF DATA

     Number of missing data patterns             1


COVARIANCE COVERAGE OF DATA

Minimum covariance coverage value   0.100


     PROPORTION OF DATA PRESENT


           Covariance Coverage
              A1            A2            A3            A4            A5
              ________      ________      ________      ________      ________
 A1             1.000
 A2             1.000         1.000
 A3             1.000         1.000         1.000
 A4             1.000         1.000         1.000         1.000
 A5             1.000         1.000         1.000         1.000         1.000
 A6             1.000         1.000         1.000         1.000         1.000
 A7             1.000         1.000         1.000         1.000         1.000
 A8             1.000         1.000         1.000         1.000         1.000
 C1             1.000         1.000         1.000         1.000         1.000
 C2             1.000         1.000         1.000         1.000         1.000
 C3             1.000         1.000         1.000         1.000         1.000
 C4             1.000         1.000         1.000         1.000         1.000
 C5             1.000         1.000         1.000         1.000         1.000
 C6             1.000         1.000         1.000         1.000         1.000
 C7             1.000         1.000         1.000         1.000         1.000
 C8             1.000         1.000         1.000         1.000         1.000
 C9             1.000         1.000         1.000         1.000         1.000
 E1             1.000         1.000         1.000         1.000         1.000
 E2             1.000         1.000         1.000         1.000         1.000
 E3             1.000         1.000         1.000         1.000         1.000
 E4             1.000         1.000         1.000         1.000         1.000
 E5             1.000         1.000         1.000         1.000         1.000
 E6             1.000         1.000         1.000         1.000         1.000
 E7             1.000         1.000         1.000         1.000         1.000
 E8             1.000         1.000         1.000         1.000         1.000
 E9             1.000         1.000         1.000         1.000         1.000
 N1             1.000         1.000         1.000         1.000         1.000
 N2             1.000         1.000         1.000         1.000         1.000
 N3             1.000         1.000         1.000         1.000         1.000
 N4             1.000         1.000         1.000         1.000         1.000
 N5             1.000         1.000         1.000         1.000         1.000
 N6             1.000         1.000         1.000         1.000         1.000
 N7             1.000         1.000         1.000         1.000         1.000
 O1             1.000         1.000         1.000         1.000         1.000
 O2             1.000         1.000         1.000         1.000         1.000
 O3             1.000         1.000         1.000         1.000         1.000
 O4             1.000         1.000         1.000         1.000         1.000
 O5             1.000         1.000         1.000         1.000         1.000
 O6             1.000         1.000         1.000         1.000         1.000
 O7             1.000         1.000         1.000         1.000         1.000
 O8             1.000         1.000         1.000         1.000         1.000
 O9             1.000         1.000         1.000         1.000         1.000


           Covariance Coverage
              A6            A7            A8            C1            C2
              ________      ________      ________      ________      ________
 A6             1.000
 A7             1.000         1.000
 A8             1.000         1.000         1.000
 C1             1.000         1.000         1.000         1.000
 C2             1.000         1.000         1.000         1.000         1.000
 C3             1.000         1.000         1.000         1.000         1.000
 C4             1.000         1.000         1.000         1.000         1.000
 C5             1.000         1.000         1.000         1.000         1.000
 C6             1.000         1.000         1.000         1.000         1.000
 C7             1.000         1.000         1.000         1.000         1.000
 C8             1.000         1.000         1.000         1.000         1.000
 C9             1.000         1.000         1.000         1.000         1.000
 E1             1.000         1.000         1.000         1.000         1.000
 E2             1.000         1.000         1.000         1.000         1.000
 E3             1.000         1.000         1.000         1.000         1.000
 E4             1.000         1.000         1.000         1.000         1.000
 E5             1.000         1.000         1.000         1.000         1.000
 E6             1.000         1.000         1.000         1.000         1.000
 E7             1.000         1.000         1.000         1.000         1.000
 E8             1.000         1.000         1.000         1.000         1.000
 E9             1.000         1.000         1.000         1.000         1.000
 N1             1.000         1.000         1.000         1.000         1.000
 N2             1.000         1.000         1.000         1.000         1.000
 N3             1.000         1.000         1.000         1.000         1.000
 N4             1.000         1.000         1.000         1.000         1.000
 N5             1.000         1.000         1.000         1.000         1.000
 N6             1.000         1.000         1.000         1.000         1.000
 N7             1.000         1.000         1.000         1.000         1.000
 O1             1.000         1.000         1.000         1.000         1.000
 O2             1.000         1.000         1.000         1.000         1.000
 O3             1.000         1.000         1.000         1.000         1.000
 O4             1.000         1.000         1.000         1.000         1.000
 O5             1.000         1.000         1.000         1.000         1.000
 O6             1.000         1.000         1.000         1.000         1.000
 O7             1.000         1.000         1.000         1.000         1.000
 O8             1.000         1.000         1.000         1.000         1.000
 O9             1.000         1.000         1.000         1.000         1.000


           Covariance Coverage
              C3            C4            C5            C6            C7
              ________      ________      ________      ________      ________
 C3             1.000
 C4             1.000         1.000
 C5             1.000         1.000         1.000
 C6             1.000         1.000         1.000         1.000
 C7             1.000         1.000         1.000         1.000         1.000
 C8             1.000         1.000         1.000         1.000         1.000
 C9             1.000         1.000         1.000         1.000         1.000
 E1             1.000         1.000         1.000         1.000         1.000
 E2             1.000         1.000         1.000         1.000         1.000
 E3             1.000         1.000         1.000         1.000         1.000
 E4             1.000         1.000         1.000         1.000         1.000
 E5             1.000         1.000         1.000         1.000         1.000
 E6             1.000         1.000         1.000         1.000         1.000
 E7             1.000         1.000         1.000         1.000         1.000
 E8             1.000         1.000         1.000         1.000         1.000
 E9             1.000         1.000         1.000         1.000         1.000
 N1             1.000         1.000         1.000         1.000         1.000
 N2             1.000         1.000         1.000         1.000         1.000
 N3             1.000         1.000         1.000         1.000         1.000
 N4             1.000         1.000         1.000         1.000         1.000
 N5             1.000         1.000         1.000         1.000         1.000
 N6             1.000         1.000         1.000         1.000         1.000
 N7             1.000         1.000         1.000         1.000         1.000
 O1             1.000         1.000         1.000         1.000         1.000
 O2             1.000         1.000         1.000         1.000         1.000
 O3             1.000         1.000         1.000         1.000         1.000
 O4             1.000         1.000         1.000         1.000         1.000
 O5             1.000         1.000         1.000         1.000         1.000
 O6             1.000         1.000         1.000         1.000         1.000
 O7             1.000         1.000         1.000         1.000         1.000
 O8             1.000         1.000         1.000         1.000         1.000
 O9             1.000         1.000         1.000         1.000         1.000


           Covariance Coverage
              C8            C9            E1            E2            E3
              ________      ________      ________      ________      ________
 C8             1.000
 C9             1.000         1.000
 E1             1.000         1.000         1.000
 E2             1.000         1.000         1.000         1.000
 E3             1.000         1.000         1.000         1.000         1.000
 E4             1.000         1.000         1.000         1.000         1.000
 E5             1.000         1.000         1.000         1.000         1.000
 E6             1.000         1.000         1.000         1.000         1.000
 E7             1.000         1.000         1.000         1.000         1.000
 E8             1.000         1.000         1.000         1.000         1.000
 E9             1.000         1.000         1.000         1.000         1.000
 N1             1.000         1.000         1.000         1.000         1.000
 N2             1.000         1.000         1.000         1.000         1.000
 N3             1.000         1.000         1.000         1.000         1.000
 N4             1.000         1.000         1.000         1.000         1.000
 N5             1.000         1.000         1.000         1.000         1.000
 N6             1.000         1.000         1.000         1.000         1.000
 N7             1.000         1.000         1.000         1.000         1.000
 O1             1.000         1.000         1.000         1.000         1.000
 O2             1.000         1.000         1.000         1.000         1.000
 O3             1.000         1.000         1.000         1.000         1.000
 O4             1.000         1.000         1.000         1.000         1.000
 O5             1.000         1.000         1.000         1.000         1.000
 O6             1.000         1.000         1.000         1.000         1.000
 O7             1.000         1.000         1.000         1.000         1.000
 O8             1.000         1.000         1.000         1.000         1.000
 O9             1.000         1.000         1.000         1.000         1.000


           Covariance Coverage
              E4            E5            E6            E7            E8
              ________      ________      ________      ________      ________
 E4             1.000
 E5             1.000         1.000
 E6             1.000         1.000         1.000
 E7             1.000         1.000         1.000         1.000
 E8             1.000         1.000         1.000         1.000         1.000
 E9             1.000         1.000         1.000         1.000         1.000
 N1             1.000         1.000         1.000         1.000         1.000
 N2             1.000         1.000         1.000         1.000         1.000
 N3             1.000         1.000         1.000         1.000         1.000
 N4             1.000         1.000         1.000         1.000         1.000
 N5             1.000         1.000         1.000         1.000         1.000
 N6             1.000         1.000         1.000         1.000         1.000
 N7             1.000         1.000         1.000         1.000         1.000
 O1             1.000         1.000         1.000         1.000         1.000
 O2             1.000         1.000         1.000         1.000         1.000
 O3             1.000         1.000         1.000         1.000         1.000
 O4             1.000         1.000         1.000         1.000         1.000
 O5             1.000         1.000         1.000         1.000         1.000
 O6             1.000         1.000         1.000         1.000         1.000
 O7             1.000         1.000         1.000         1.000         1.000
 O8             1.000         1.000         1.000         1.000         1.000
 O9             1.000         1.000         1.000         1.000         1.000


           Covariance Coverage
              E9            N1            N2            N3            N4
              ________      ________      ________      ________      ________
 E9             1.000
 N1             1.000         1.000
 N2             1.000         1.000         1.000
 N3             1.000         1.000         1.000         1.000
 N4             1.000         1.000         1.000         1.000         1.000
 N5             1.000         1.000         1.000         1.000         1.000
 N6             1.000         1.000         1.000         1.000         1.000
 N7             1.000         1.000         1.000         1.000         1.000
 O1             1.000         1.000         1.000         1.000         1.000
 O2             1.000         1.000         1.000         1.000         1.000
 O3             1.000         1.000         1.000         1.000         1.000
 O4             1.000         1.000         1.000         1.000         1.000
 O5             1.000         1.000         1.000         1.000         1.000
 O6             1.000         1.000         1.000         1.000         1.000
 O7             1.000         1.000         1.000         1.000         1.000
 O8             1.000         1.000         1.000         1.000         1.000
 O9             1.000         1.000         1.000         1.000         1.000


           Covariance Coverage
              N5            N6            N7            O1            O2
              ________      ________      ________      ________      ________
 N5             1.000
 N6             1.000         1.000
 N7             1.000         1.000         1.000
 O1             1.000         1.000         1.000         1.000
 O2             1.000         1.000         1.000         1.000         1.000
 O3             1.000         1.000         1.000         1.000         1.000
 O4             1.000         1.000         1.000         1.000         1.000
 O5             1.000         1.000         1.000         1.000         1.000
 O6             1.000         1.000         1.000         1.000         1.000
 O7             1.000         1.000         1.000         1.000         1.000
 O8             1.000         1.000         1.000         1.000         1.000
 O9             1.000         1.000         1.000         1.000         1.000


           Covariance Coverage
              O3            O4            O5            O6            O7
              ________      ________      ________      ________      ________
 O3             1.000
 O4             1.000         1.000
 O5             1.000         1.000         1.000
 O6             1.000         1.000         1.000         1.000
 O7             1.000         1.000         1.000         1.000         1.000
 O8             1.000         1.000         1.000         1.000         1.000
 O9             1.000         1.000         1.000         1.000         1.000


           Covariance Coverage
              O8            O9
              ________      ________
 O8             1.000
 O9             1.000         1.000



THE MODEL ESTIMATION TERMINATED NORMALLY



MODEL FIT INFORMATION

Number of Free Parameters                      140

Loglikelihood

          H0 Value                      -11639.012
          H1 Value                       -9284.659

Information Criteria

          Akaike (AIC)                   23558.023
          Bayesian (BIC)                 24102.466
          Sample-Size Adjusted BIC       23658.312
            (n* = (n + 2) / 24)

Chi-Square Test of Model Fit

          Value                           4708.706
          Degrees of Freedom                   805
          P-Value                           0.0000

RMSEA (Root Mean Square Error Of Approximation)

          Estimate                           0.116
          90 Percent C.I.                    0.113  0.119
          Probability RMSEA <= .05           0.000

CFI/TLI

          CFI                                0.547
          TLI                                0.515

Chi-Square Test of Model Fit for the Baseline Model

          Value                           9470.446
          Degrees of Freedom                   861
          P-Value                           0.0000

SRMR (Standardized Root Mean Square Residual)

          Value                              0.152



MODEL RESULTS

                                                    Two-Tailed
                    Estimate       S.E.  Est./S.E.    P-Value

 AGREE    BY
    A1                 1.000      0.000    999.000    999.000
    A2                -1.452      0.148     -9.816      0.000
    A3                -1.061      0.143     -7.425      0.000
    A4                -0.258      0.074     -3.476      0.001
    A5                -0.672      0.097     -6.948      0.000
    A6                 0.593      0.129      4.596      0.000
    A7                -1.150      0.131     -8.748      0.000
    A8                 0.634      0.087      7.296      0.000

 CONSC    BY
    C1                 1.000      0.000    999.000    999.000
    C2                -2.955      0.626     -4.717      0.000
    C3                -0.577      0.175     -3.305      0.001
    C4                 2.639      0.554      4.762      0.000
    C5                 3.367      0.674      4.995      0.000
    C6                 1.146      0.244      4.692      0.000
    C7                -1.458      0.352     -4.144      0.000
    C8                 1.450      0.333      4.350      0.000
    C9                 1.233      0.268      4.609      0.000

 EXTRA    BY
    E1                 1.000      0.000    999.000    999.000
    E2                -0.150      0.085     -1.766      0.077
    E3                 0.579      0.098      5.909      0.000
    E4                -1.246      0.106    -11.723      0.000
    E5                -0.500      0.060     -8.340      0.000
    E6                -1.111      0.102    -10.861      0.000
    E7                -0.907      0.096     -9.438      0.000
    E8                -1.160      0.084    -13.730      0.000
    E9                -1.067      0.101    -10.590      0.000

 NEURO    BY
    N1                 1.000      0.000    999.000    999.000
    N2                 1.346      0.146      9.197      0.000
    N3                 1.222      0.141      8.668      0.000
    N4                -0.896      0.132     -6.798      0.000
    N5                 1.059      0.115      9.189      0.000
    N6                 0.690      0.112      6.183      0.000
    N7                 0.810      0.105      7.702      0.000

 OPEN     BY
    O1                 1.000      0.000    999.000    999.000
    O2                 1.243      0.114     10.917      0.000
    O3                 1.160      0.086     13.413      0.000
    O4                 1.048      0.132      7.943      0.000
    O5                 1.197      0.120      9.935      0.000
    O6                 1.339      0.105     12.750      0.000
    O7                 1.820      0.130     13.990      0.000
    O8                 0.558      0.107      5.218      0.000
    O9                 1.253      0.115     10.937      0.000

 CONSC    WITH
    AGREE              0.026      0.007      3.841      0.000

 EXTRA    WITH
    AGREE             -0.033      0.009     -3.545      0.000
    CONSC             -0.031      0.008     -3.773      0.000

 NEURO    WITH
    AGREE             -0.067      0.012     -5.469      0.000
    CONSC             -0.034      0.009     -3.940      0.000
    EXTRA              0.072      0.012      5.867      0.000

 OPEN     WITH
    AGREE              0.051      0.010      5.154      0.000
    CONSC              0.041      0.010      4.333      0.000
    EXTRA             -0.087      0.012     -7.496      0.000
    NEURO             -0.048      0.010     -4.818      0.000

 E5       WITH
    C1                 0.246      0.023     10.511      0.000

 N6       WITH
    A5                 0.167      0.018      9.172      0.000

 E2       WITH
    C3                 0.098      0.015      6.639      0.000
    O1                 0.121      0.016      7.680      0.000

 Intercepts
    A1                -0.005      0.031     -0.174      0.862
    A2                 0.013      0.028      0.454      0.650
    A3                 0.001      0.033      0.018      0.986
    A4                 0.000      0.021     -0.004      0.997
    A5                 0.001      0.026      0.019      0.985
    A6                -0.004      0.037     -0.113      0.910
    A7                 0.003      0.030      0.091      0.928
    A8                -0.002      0.024     -0.084      0.933
    C1                -0.007      0.042     -0.160      0.873
    C2                 0.031      0.043      0.727      0.467
    C3                 0.000      0.022     -0.001      0.999
    C4                 0.000      0.038     -0.013      0.990
    C5                -0.005      0.035     -0.135      0.893
    C6                -0.002      0.017     -0.101      0.920
    C7                 0.004      0.034      0.126      0.900
    C8                 0.002      0.031      0.078      0.938
    C9                 0.000      0.020     -0.016      0.988
    E1                 0.003      0.028      0.094      0.925
    E2                 0.005      0.035      0.144      0.886
    E3                -0.001      0.036     -0.026      0.979
    E4                -0.014      0.036     -0.387      0.698
    E5                 0.000      0.026     -0.005      0.996
    E6                -0.003      0.039     -0.079      0.937
    E7                -0.013      0.035     -0.365      0.715
    E8                -0.003      0.032     -0.104      0.917
    E9                -0.003      0.036     -0.090      0.929
    N1                 0.002      0.037      0.064      0.949
    N2                 0.011      0.033      0.331      0.740
    N3                 0.000      0.034     -0.008      0.994
    N4                 0.001      0.037      0.025      0.980
    N5                 0.003      0.026      0.115      0.909
    N6                 0.007      0.036      0.197      0.844
    N7                 0.001      0.029      0.042      0.967
    O1                 0.002      0.028      0.070      0.944
    O2                -0.029      0.037     -0.798      0.425
    O3                -0.002      0.029     -0.053      0.958
    O4                -0.004      0.044     -0.084      0.933
    O5                -0.003      0.040     -0.081      0.935
    O6                -0.001      0.034     -0.038      0.970
    O7                -0.019      0.041     -0.474      0.636
    O8                 0.000      0.036     -0.005      0.996
    O9                -0.008      0.038     -0.207      0.836

 Variances
    AGREE              0.105      0.021      5.099      0.000
    CONSC              0.031      0.013      2.463      0.014
    EXTRA              0.156      0.020      7.650      0.000
    NEURO              0.132      0.027      4.876      0.000
    OPEN               0.129      0.018      7.142      0.000

 Residual Variances
    A1                 0.242      0.020     12.031      0.000
    A2                 0.063      0.011      5.622      0.000
    A3                 0.285      0.023     12.312      0.000
    A4                 0.149      0.011     13.309      0.000
    A5                 0.205      0.016     12.914      0.000
    A6                 0.469      0.036     13.213      0.000
    A7                 0.188      0.016     11.583      0.000
    A8                 0.158      0.012     12.711      0.000
    C1                 0.619      0.047     13.263      0.000
    C2                 0.385      0.032     11.917      0.000
    C3                 0.165      0.013     13.067      0.000
    C4                 0.297      0.025     11.927      0.000
    C5                 0.090      0.014      6.371      0.000
    C6                 0.062      0.005     12.030      0.000
    C7                 0.348      0.027     13.057      0.000
    C8                 0.284      0.022     13.006      0.000
    C9                 0.102      0.008     12.566      0.000
    E1                 0.124      0.012     10.035      0.000
    E2                 0.433      0.030     14.472      0.000
    E3                 0.421      0.032     13.050      0.000
    E4                 0.225      0.022     10.212      0.000
    E5                 0.209      0.016     12.769      0.000
    E6                 0.349      0.029     11.877      0.000
    E7                 0.310      0.025     12.488      0.000
    E8                 0.167      0.016     10.307      0.000
    E9                 0.292      0.025     11.905      0.000
    N1                 0.360      0.029     12.484      0.000
    N2                 0.141      0.015      9.304      0.000
    N3                 0.227      0.021     11.021      0.000
    N4                 0.390      0.031     12.742      0.000
    N5                 0.103      0.011      9.619      0.000
    N6                 0.397      0.032     12.604      0.000
    N7                 0.206      0.017     12.371      0.000
    O1                 0.162      0.013     12.204      0.000
    O2                 0.292      0.024     12.304      0.000
    O3                 0.121      0.011     11.077      0.000
    O4                 0.558      0.043     13.041      0.000
    O5                 0.386      0.030     12.711      0.000
    O6                 0.189      0.016     11.557      0.000
    O7                 0.183      0.019      9.756      0.000
    O8                 0.429      0.032     13.286      0.000
    O9                 0.315      0.025     12.414      0.000


STANDARDIZED MODEL RESULTS


STDYX Standardization

                                                    Two-Tailed
                    Estimate       S.E.  Est./S.E.    P-Value

 AGREE    BY
    A1                 0.549      0.044     12.600      0.000
    A2                -0.882      0.024    -37.507      0.000
    A3                -0.541      0.043    -12.607      0.000
    A4                -0.211      0.055     -3.807      0.000
    A5                -0.433      0.042    -10.303      0.000
    A6                 0.270      0.054      4.973      0.000
    A7                -0.651      0.036    -18.075      0.000
    A8                 0.458      0.047      9.732      0.000

 CONSC    BY
    C1                 0.220      0.044      4.994      0.000
    C2                -0.645      0.035    -18.245      0.000
    C3                -0.245      0.054     -4.562      0.000
    C4                 0.652      0.035     18.776      0.000
    C5                 0.894      0.019     47.396      0.000
    C6                 0.631      0.036     17.424      0.000
    C7                -0.402      0.048     -8.368      0.000
    C8                 0.435      0.046      9.384      0.000
    C9                 0.566      0.040     14.310      0.000

 EXTRA    BY
    E1                 0.747      0.030     24.532      0.000
    E2                -0.090      0.051     -1.768      0.077
    E3                 0.332      0.053      6.296      0.000
    E4                -0.720      0.033    -21.705      0.000
    E5                -0.397      0.042     -9.493      0.000
    E6                -0.596      0.040    -14.870      0.000
    E7                -0.541      0.042    -12.894      0.000
    E8                -0.746      0.030    -24.994      0.000
    E9                -0.615      0.038    -16.082      0.000

 NEURO    BY
    N1                 0.519      0.044     11.864      0.000
    N2                 0.793      0.027     29.819      0.000
    N3                 0.682      0.035     19.654      0.000
    N4                -0.463      0.046     -9.965      0.000
    N5                 0.768      0.029     26.478      0.000
    N6                 0.370      0.049      7.624      0.000
    N7                 0.545      0.042     12.889      0.000

 OPEN     BY
    O1                 0.666      0.030     21.908      0.000
    O2                 0.637      0.035     18.309      0.000
    O3                 0.768      0.026     30.030      0.000
    O4                 0.450      0.045      9.992      0.000
    O5                 0.569      0.039     14.712      0.000
    O6                 0.742      0.027     27.270      0.000
    O7                 0.837      0.020     41.376      0.000
    O8                 0.293      0.051      5.716      0.000
    O9                 0.625      0.035     17.680      0.000

 CONSC    WITH
    AGREE              0.450      0.052      8.668      0.000

 EXTRA    WITH
    AGREE             -0.259      0.061     -4.218      0.000
    CONSC             -0.437      0.054     -8.058      0.000

 NEURO    WITH
    AGREE             -0.569      0.047    -11.995      0.000
    CONSC             -0.522      0.052    -10.016      0.000
    EXTRA              0.498      0.053      9.387      0.000

 OPEN     WITH
    AGREE              0.435      0.053      8.132      0.000
    CONSC              0.650      0.038     17.093      0.000
    EXTRA             -0.612      0.044    -13.920      0.000
    NEURO             -0.369      0.055     -6.690      0.000

 E5       WITH
    C1                 0.686      0.029     23.777      0.000

 N6       WITH
    A5                 0.584      0.037     15.768      0.000

 E2       WITH
    C3                 0.366      0.047      7.833      0.000
    O1                 0.458      0.046      9.967      0.000

 Intercepts
    A1                -0.009      0.053     -0.174      0.862
    A2                 0.024      0.053      0.454      0.650
    A3                 0.001      0.053      0.018      0.986
    A4                 0.000      0.053     -0.004      0.997
    A5                 0.001      0.053      0.019      0.985
    A6                -0.006      0.053     -0.113      0.910
    A7                 0.005      0.053      0.091      0.928
    A8                -0.004      0.053     -0.084      0.933
    C1                -0.008      0.053     -0.160      0.873
    C2                 0.038      0.053      0.727      0.468
    C3                 0.000      0.053     -0.001      0.999
    C4                -0.001      0.053     -0.013      0.990
    C5                -0.007      0.053     -0.135      0.893
    C6                -0.005      0.053     -0.101      0.920
    C7                 0.007      0.053      0.126      0.900
    C8                 0.004      0.053      0.078      0.938
    C9                -0.001      0.053     -0.016      0.988
    E1                 0.005      0.053      0.094      0.925
    E2                 0.008      0.053      0.144      0.886
    E3                -0.001      0.053     -0.026      0.979
    E4                -0.020      0.053     -0.387      0.698
    E5                 0.000      0.053     -0.005      0.996
    E6                -0.004      0.053     -0.079      0.937
    E7                -0.019      0.053     -0.365      0.715
    E8                -0.005      0.053     -0.104      0.917
    E9                -0.005      0.053     -0.090      0.929
    N1                 0.003      0.053      0.064      0.949
    N2                 0.017      0.053      0.331      0.740
    N3                 0.000      0.053     -0.008      0.994
    N4                 0.001      0.053      0.025      0.980
    N5                 0.006      0.053      0.115      0.909
    N6                 0.010      0.053      0.197      0.844
    N7                 0.002      0.053      0.042      0.967
    O1                 0.004      0.053      0.070      0.944
    O2                -0.042      0.053     -0.798      0.425
    O3                -0.003      0.053     -0.053      0.958
    O4                -0.004      0.053     -0.084      0.933
    O5                -0.004      0.053     -0.081      0.935
    O6                -0.002      0.053     -0.038      0.970
    O7                -0.025      0.053     -0.474      0.636
    O8                 0.000      0.053     -0.005      0.996
    O9                -0.011      0.053     -0.207      0.836

 Variances
    AGREE              1.000      0.000    999.000    999.000
    CONSC              1.000      0.000    999.000    999.000
    EXTRA              1.000      0.000    999.000    999.000
    NEURO              1.000      0.000    999.000    999.000
    OPEN               1.000      0.000    999.000    999.000

 Residual Variances
    A1                 0.698      0.048     14.565      0.000
    A2                 0.223      0.041      5.367      0.000
    A3                 0.708      0.046     15.256      0.000
    A4                 0.955      0.023     40.867      0.000
    A5                 0.813      0.036     22.362      0.000
    A6                 0.927      0.029     31.742      0.000
    A7                 0.577      0.047     12.304      0.000
    A8                 0.790      0.043     18.344      0.000
    C1                 0.952      0.019     49.039      0.000
    C2                 0.584      0.046     12.789      0.000
    C3                 0.940      0.026     35.787      0.000
    C4                 0.575      0.045     12.702      0.000
    C5                 0.202      0.034      5.982      0.000
    C6                 0.601      0.046     13.147      0.000
    C7                 0.839      0.039     21.756      0.000
    C8                 0.811      0.040     20.144      0.000
    C9                 0.680      0.045     15.175      0.000
    E1                 0.442      0.045      9.726      0.000
    E2                 0.992      0.009    109.059      0.000
    E3                 0.890      0.035     25.357      0.000
    E4                 0.482      0.048     10.109      0.000
    E5                 0.843      0.033     25.412      0.000
    E6                 0.645      0.048     13.505      0.000
    E7                 0.707      0.045     15.592      0.000
    E8                 0.444      0.044      9.984      0.000
    E9                 0.622      0.047     13.244      0.000
    N1                 0.731      0.045     16.096      0.000
    N2                 0.371      0.042      8.775      0.000
    N3                 0.535      0.047     11.287      0.000
    N4                 0.786      0.043     18.282      0.000
    N5                 0.410      0.045      9.204      0.000
    N6                 0.863      0.036     23.988      0.000
    N7                 0.703      0.046     15.285      0.000
    O1                 0.556      0.041     13.717      0.000
    O2                 0.594      0.044     13.410      0.000
    O3                 0.411      0.039     10.459      0.000
    O4                 0.797      0.041     19.674      0.000
    O5                 0.676      0.044     15.362      0.000
    O6                 0.450      0.040     11.151      0.000
    O7                 0.300      0.034      8.866      0.000
    O8                 0.914      0.030     30.517      0.000
    O9                 0.609      0.044     13.758      0.000


R-SQUARE

    Observed                                        Two-Tailed
    Variable        Estimate       S.E.  Est./S.E.    P-Value

    A1                 0.302      0.048      6.300      0.000
    A2                 0.777      0.041     18.754      0.000
    A3                 0.292      0.046      6.304      0.000
    A4                 0.045      0.023      1.904      0.057
    A5                 0.187      0.036      5.151      0.000
    A6                 0.073      0.029      2.487      0.013
    A7                 0.423      0.047      9.037      0.000
    A8                 0.210      0.043      4.866      0.000
    C1                 0.048      0.019      2.497      0.013
    C2                 0.416      0.046      9.122      0.000
    C3                 0.060      0.026      2.281      0.023
    C4                 0.425      0.045      9.388      0.000
    C5                 0.798      0.034     23.698      0.000
    C6                 0.399      0.046      8.712      0.000
    C7                 0.161      0.039      4.184      0.000
    C8                 0.189      0.040      4.692      0.000
    C9                 0.320      0.045      7.155      0.000
    E1                 0.558      0.045     12.266      0.000
    E2                 0.008      0.009      0.884      0.377
    E3                 0.110      0.035      3.148      0.002
    E4                 0.518      0.048     10.852      0.000
    E5                 0.157      0.033      4.746      0.000
    E6                 0.355      0.048      7.435      0.000
    E7                 0.293      0.045      6.447      0.000
    E8                 0.556      0.044     12.497      0.000
    E9                 0.378      0.047      8.041      0.000
    N1                 0.269      0.045      5.932      0.000
    N2                 0.629      0.042     14.909      0.000
    N3                 0.465      0.047      9.827      0.000
    N4                 0.214      0.043      4.982      0.000
    N5                 0.590      0.045     13.239      0.000
    N6                 0.137      0.036      3.812      0.000
    N7                 0.297      0.046      6.445      0.000
    O1                 0.444      0.041     10.954      0.000
    O2                 0.406      0.044      9.155      0.000
    O3                 0.589      0.039     15.015      0.000
    O4                 0.203      0.041      4.996      0.000
    O5                 0.324      0.044      7.356      0.000
    O6                 0.550      0.040     13.635      0.000
    O7                 0.700      0.034     20.688      0.000
    O8                 0.086      0.030      2.858      0.004
    O9                 0.391      0.044      8.840      0.000


QUALITY OF NUMERICAL RESULTS

     Condition Number for the Information Matrix              0.215E-05
       (ratio of smallest to largest eigenvalue)


MODEL MODIFICATION INDICES

NOTE:  Modification indices for direct effects of observed dependent variables
regressed on covariates may not be included.  To include these, request
MODINDICES (ALL).

Minimum M.I. value for printing the modification index     4.000

                                   M.I.     E.P.C.  Std E.P.C.  StdYX E.P.C.

BY Statements

AGREE    BY C1                    32.174    -0.676     -0.219       -0.271
AGREE    BY C2                    36.596    -0.813     -0.263       -0.323
AGREE    BY C3                    31.318    -0.425     -0.137       -0.329
AGREE    BY C4                    18.764    -0.512     -0.165       -0.230
AGREE    BY C7                     6.451    -0.310     -0.100       -0.156
AGREE    BY E2                    21.261    -0.470     -0.152       -0.230
AGREE    BY E4                    61.908     0.767      0.248        0.363
AGREE    BY E6                    29.761    -0.626     -0.202       -0.275
AGREE    BY E7                     6.411    -0.270     -0.087       -0.132
AGREE    BY N1                    78.645    -1.261     -0.408       -0.581
AGREE    BY N3                    23.582     0.585      0.189        0.290
AGREE    BY N4                     4.286    -0.303     -0.098       -0.139
AGREE    BY N5                     7.122    -0.235     -0.076       -0.151
AGREE    BY N6                    19.949     0.616      0.199        0.293
AGREE    BY O1                    27.980    -0.399     -0.129       -0.239
AGREE    BY O2                    12.303     0.397      0.128        0.183
AGREE    BY O6                    14.331    -0.359     -0.116       -0.179
AGREE    BY O7                    17.177     0.424      0.137        0.175
CONSC    BY A1                    32.882     1.082      0.192        0.326
CONSC    BY A3                    54.566     1.510      0.268        0.422
CONSC    BY A5                     4.829    -0.314     -0.056       -0.111
CONSC    BY E1                     6.425     0.372      0.066        0.125
CONSC    BY E2                    26.674    -1.110     -0.197       -0.298
CONSC    BY E3                    25.600     1.204      0.214        0.310
CONSC    BY E4                    77.666     1.705      0.303        0.443
CONSC    BY E5                     4.023     0.320      0.057        0.114
CONSC    BY E6                    36.314    -1.366     -0.242       -0.329
CONSC    BY E9                    11.998     0.723      0.128        0.187
CONSC    BY N3                    51.065     1.464      0.260        0.399
CONSC    BY N4                    28.526     1.334      0.237        0.336
CONSC    BY N5                    72.179    -1.271     -0.226       -0.449
CONSC    BY N6                    14.084     0.776      0.138        0.203
CONSC    BY N7                     7.338     0.500      0.089        0.164
CONSC    BY O4                     6.667    -0.879     -0.156       -0.187
CONSC    BY O5                     8.537    -0.841     -0.149       -0.198
CONSC    BY O8                     9.331    -0.902     -0.160       -0.234
CONSC    BY O9                    17.830     1.112      0.197        0.274
EXTRA    BY A1                    70.136    -0.647     -0.255       -0.434
EXTRA    BY A3                    63.969    -0.670     -0.264       -0.416
EXTRA    BY A5                     5.816    -0.143     -0.056       -0.112
EXTRA    BY A6                    42.449    -0.677     -0.267       -0.376
EXTRA    BY A7                    13.261    -0.256     -0.101       -0.177
EXTRA    BY A8                    31.215    -0.343     -0.136       -0.303
EXTRA    BY C1                     9.696    -0.385     -0.152       -0.189
EXTRA    BY C2                    16.002     0.436      0.172        0.212
EXTRA    BY C3                    11.383    -0.223     -0.088       -0.210
EXTRA    BY C4                    21.327     0.443      0.175        0.243
EXTRA    BY C6                    11.305     0.147      0.058        0.180
EXTRA    BY C7                    14.517    -0.377     -0.149       -0.231
EXTRA    BY C8                     4.255    -0.185     -0.073       -0.123
EXTRA    BY C9                     4.409    -0.115     -0.045       -0.117
EXTRA    BY N1                     9.291    -0.329     -0.130       -0.185
EXTRA    BY N2                    18.079     0.343      0.135        0.219
EXTRA    BY N3                     8.935    -0.273     -0.108       -0.165
EXTRA    BY N4                    39.843    -0.703     -0.278       -0.394
EXTRA    BY N7                    19.097    -0.360     -0.142       -0.262
EXTRA    BY O2                    15.177    -0.430     -0.170       -0.242
EXTRA    BY O3                     7.393    -0.205     -0.081       -0.149
EXTRA    BY O4                    16.955     0.609      0.240        0.287
EXTRA    BY O6                    23.183     0.446      0.176        0.272
EXTRA    BY O8                    51.765    -0.923     -0.364       -0.532
NEURO    BY A3                    13.624    -0.420     -0.153       -0.241
NEURO    BY A4                    38.411     0.487      0.177        0.449
NEURO    BY A5                    27.802     0.469      0.171        0.340
NEURO    BY C1                     5.500     0.272      0.099        0.123
NEURO    BY C2                   106.750     1.314      0.478        0.588
NEURO    BY C3                    78.193     0.641      0.233        0.558
NEURO    BY C4                    42.525     0.729      0.265        0.369
NEURO    BY C5                     5.174     0.206      0.075        0.112
NEURO    BY C6                    21.729     0.237      0.086        0.268
NEURO    BY C7                    20.684     0.524      0.191        0.296
NEURO    BY C8                    10.797     0.344      0.125        0.211
NEURO    BY C9                     4.571    -0.136     -0.050       -0.128
NEURO    BY E4                    67.389    -0.824     -0.300       -0.439
NEURO    BY E6                    77.026     1.034      0.376        0.511
NEURO    BY E7                     7.378     0.297      0.108        0.163
NEURO    BY E8                    14.111     0.332      0.121        0.197
NEURO    BY E9                    28.557    -0.579     -0.211       -0.308
NEURO    BY O2                     7.491    -0.267     -0.097       -0.139
NEURO    BY O4                    16.142     0.526      0.191        0.229
NEURO    BY O6                    17.867     0.345      0.126        0.194
NEURO    BY O7                     6.434    -0.223     -0.081       -0.104
OPEN     BY A1                   113.046     0.966      0.347        0.589
OPEN     BY A3                    72.132     0.836      0.300        0.473
OPEN     BY A5                     4.826     0.149      0.054        0.107
OPEN     BY A6                    22.140     0.573      0.206        0.289
OPEN     BY A7                     7.715     0.231      0.083        0.145
OPEN     BY A8                    30.102     0.396      0.142        0.318
OPEN     BY C3                    20.393     0.380      0.136        0.326
OPEN     BY C4                    11.549    -0.438     -0.157       -0.219
OPEN     BY C6                    10.231     0.187      0.067        0.209
OPEN     BY C7                    24.367     0.651      0.234        0.363
OPEN     BY C8                     8.076     0.340      0.122        0.206
OPEN     BY E1                    17.911     0.362      0.130        0.246
OPEN     BY E2                    18.307    -0.537     -0.193       -0.292
OPEN     BY E3                    72.477     1.171      0.421        0.611
OPEN     BY E4                    52.657     0.818      0.294        0.430
OPEN     BY E5                    21.711     0.362      0.130        0.261
OPEN     BY E6                    11.805    -0.452     -0.162       -0.220
OPEN     BY E7                     7.603     0.336      0.121        0.182
OPEN     BY N3                    43.230     0.588      0.211        0.324
OPEN     BY N4                    71.714     0.927      0.333        0.472
OPEN     BY N5                    10.385    -0.210     -0.075       -0.150
OPEN     BY N7                     6.348     0.204      0.073        0.135

WITH Statements

A3       WITH A1                  28.249     0.080      0.080        0.305
A3       WITH A2                   9.475     0.039      0.039        0.292
A4       WITH A1                  20.408     0.047      0.047        0.248
A4       WITH A3                  17.745     0.048      0.048        0.231
A5       WITH A1                   6.514     0.026      0.026        0.118
A5       WITH A3                   4.844     0.025      0.025        0.102
A6       WITH A1                  53.188     0.135      0.135        0.401
A6       WITH A3                  14.796     0.077      0.077        0.211
A6       WITH A4                  53.616     0.103      0.103        0.389
A6       WITH A5                  21.512     0.064      0.064        0.206
A7       WITH A3                  31.954     0.079      0.079        0.339
A7       WITH A5                   6.551    -0.024     -0.024       -0.123
A7       WITH A6                   5.337     0.039      0.039        0.131
A8       WITH A1                  42.474     0.072      0.072        0.367
A8       WITH A3                   6.933     0.031      0.031        0.148
A8       WITH A4                  17.596     0.035      0.035        0.227
A8       WITH A5                   4.449     0.017      0.017        0.096
A8       WITH A6                  25.159     0.074      0.074        0.272
C1       WITH A2                   6.781     0.028      0.028        0.140
C1       WITH A3                  25.444     0.085      0.085        0.202
C1       WITH A4                   4.619     0.025      0.025        0.084
C1       WITH A6                   5.290     0.048      0.048        0.090
C1       WITH A8                   4.136     0.025      0.025        0.081
C2       WITH A2                   7.125     0.032      0.032        0.203
C2       WITH A4                  26.685     0.068      0.068        0.284
C2       WITH A6                   5.336     0.054      0.054        0.127
C3       WITH A1                  20.644     0.045      0.045        0.226
C3       WITH A3                  11.496     0.036      0.036        0.168
C3       WITH A4                  17.263     0.031      0.031        0.201
C3       WITH A5                  15.637     0.029      0.029        0.159
C3       WITH A6                  13.512     0.050      0.050        0.178
C3       WITH A7                  15.046     0.035      0.035        0.197
C3       WITH A8                  12.975     0.029      0.029        0.177
C3       WITH C2                  14.606     0.049      0.049        0.194
C4       WITH A4                  15.986     0.046      0.046        0.220
C4       WITH C2                  32.325     0.115      0.115        0.339
C5       WITH C1                   8.353     0.038      0.038        0.163
C5       WITH C3                   6.927     0.022      0.022        0.181
C6       WITH A4                  11.267     0.018      0.018        0.184
C6       WITH A5                   8.158     0.015      0.015        0.130
C6       WITH A7                  11.121    -0.021     -0.021       -0.192
C6       WITH C2                  22.912     0.044      0.044        0.283
C6       WITH C4                  50.101     0.057      0.057        0.419
C7       WITH A1                  12.164     0.055      0.055        0.191
C7       WITH A3                   4.626     0.037      0.037        0.118
C7       WITH A6                   6.494     0.055      0.055        0.136
C7       WITH A7                   6.890     0.038      0.038        0.147
C7       WITH A8                  25.675     0.064      0.064        0.275
C7       WITH C1                   4.822     0.040      0.040        0.087
C7       WITH C3                  27.776     0.062      0.062        0.258
C7       WITH C4                   6.763    -0.047     -0.047       -0.146
C8       WITH A1                   8.172     0.041      0.041        0.157
C8       WITH A3                   6.094     0.039      0.039        0.136
C8       WITH A4                   7.335     0.030      0.030        0.145
C8       WITH A6                   4.547     0.042      0.042        0.114
C8       WITH C2                   7.371     0.051      0.051        0.153
C8       WITH C3                  25.862     0.054      0.054        0.249
C8       WITH C4                   4.168     0.034      0.034        0.115
C8       WITH C5                   4.252     0.026      0.026        0.163
C8       WITH C7                  20.757     0.078      0.078        0.247
E2       WITH A5                   7.935    -0.030     -0.030       -0.101
E2       WITH A7                   5.366     0.030      0.030        0.105
E2       WITH C1                   6.066     0.041      0.041        0.079
E2       WITH C2                   4.635    -0.040     -0.040       -0.097
E2       WITH C4                  10.906    -0.053     -0.053       -0.149
E2       WITH C6                  22.801    -0.035     -0.035       -0.214
E2       WITH C7                   6.691     0.044      0.044        0.113
E3       WITH A3                   6.308     0.048      0.048        0.137
E3       WITH C3                  11.797     0.044      0.044        0.167
E3       WITH C4                   7.665     0.054      0.054        0.153
E3       WITH C6                   7.935     0.025      0.025        0.155
E3       WITH E1                  31.676     0.077      0.077        0.337
E3       WITH E2                   4.275    -0.038     -0.038       -0.090
E4       WITH C2                  11.303    -0.059     -0.059       -0.200
E4       WITH E1                  25.712     0.059      0.059        0.357
E4       WITH E3                   5.282     0.042      0.042        0.135
E5       WITH A3                  13.115     0.036      0.036        0.147
E5       WITH A7                  14.016     0.031      0.031        0.155
E5       WITH C3                   7.473     0.018      0.018        0.099
E5       WITH C9                   4.118     0.012      0.012        0.082
E5       WITH E3                  19.103     0.052      0.052        0.175
E5       WITH E4                   6.495    -0.024     -0.024       -0.113
E6       WITH A4                   4.283     0.026      0.026        0.114
E6       WITH A5                  29.207     0.066      0.066        0.247
E6       WITH A6                   9.944     0.070      0.070        0.173
E6       WITH A8                  10.993     0.043      0.043        0.185
E6       WITH C2                  12.092     0.073      0.073        0.198
E6       WITH C3                  39.950     0.076      0.076        0.317
E6       WITH C5                   4.842     0.029      0.029        0.161
E6       WITH C7                  10.400     0.062      0.062        0.178
E6       WITH C8                   9.283     0.053      0.053        0.169
E6       WITH E1                  16.650    -0.054     -0.054       -0.261
E6       WITH E4                   5.950    -0.043     -0.043       -0.152
E7       WITH A1                   6.007     0.037      0.037        0.137
E7       WITH A2                   4.709     0.023      0.023        0.163
E7       WITH A7                   4.201     0.028      0.028        0.117
E7       WITH C1                   5.926    -0.043     -0.043       -0.098
E7       WITH C3                  14.592     0.043      0.043        0.190
E7       WITH E3                  14.531     0.076      0.076        0.210
E7       WITH E5                   9.683     0.033      0.033        0.128
E8       WITH A1                  14.472     0.046      0.046        0.227
E8       WITH A3                   5.387     0.030      0.030        0.138
E8       WITH A4                  18.455     0.039      0.039        0.249
E8       WITH A5                  14.628     0.034      0.034        0.184
E8       WITH A6                  23.955     0.080      0.080        0.284
E8       WITH C3                   7.466     0.024      0.024        0.145
E8       WITH C7                   5.831     0.034      0.034        0.141
E8       WITH C9                   5.105    -0.017     -0.017       -0.134
E8       WITH E1                  16.092    -0.042     -0.042       -0.292
E8       WITH E3                  16.480    -0.064     -0.064       -0.243
E8       WITH E6                   9.414     0.047      0.047        0.196
E9       WITH A1                   6.873    -0.039     -0.039       -0.149
E9       WITH A5                   7.746    -0.031     -0.031       -0.128
E9       WITH C3                   9.419    -0.034     -0.034       -0.155
E9       WITH C6                   8.514    -0.022     -0.022       -0.167
E9       WITH C9                   9.607     0.030      0.030        0.175
E9       WITH E2                   5.707     0.039      0.039        0.109
E9       WITH E4                  12.932     0.058      0.058        0.227
E9       WITH E8                  15.471    -0.056     -0.056       -0.254
N1       WITH A2                  19.149     0.050      0.050        0.329
N1       WITH A3                   8.462     0.052      0.052        0.162
N1       WITH A4                  10.985    -0.042     -0.042       -0.180
N1       WITH A5                   8.665     0.036      0.036        0.133
N1       WITH C1                  13.623     0.070      0.070        0.148
N1       WITH C3                  15.865     0.048      0.048        0.197
N1       WITH C5                   4.681     0.028      0.028        0.157
N1       WITH C6                   4.364    -0.018     -0.018       -0.117
N1       WITH C7                   6.056     0.048      0.048        0.134
N1       WITH E6                  10.425     0.064      0.064        0.182
N2       WITH A6                   9.855    -0.049     -0.049       -0.191
N2       WITH C1                   7.444    -0.036     -0.036       -0.122
N2       WITH C6                   6.705     0.015      0.015        0.163
N2       WITH E3                   6.332     0.037      0.037        0.153
N2       WITH E4                   9.104    -0.035     -0.035       -0.198
N2       WITH E5                   4.188     0.016      0.016        0.092
N2       WITH E6                   6.956    -0.037     -0.037       -0.166
N2       WITH N1                   6.582    -0.039     -0.039       -0.172
N3       WITH A1                  19.972     0.061      0.061        0.259
N3       WITH A2                   8.163    -0.027     -0.027       -0.225
N3       WITH A3                  12.925     0.053      0.053        0.208
N3       WITH A4                  33.035     0.060      0.060        0.324
N3       WITH A5                   4.391     0.021      0.021        0.099
N3       WITH A6                   4.346     0.038      0.038        0.118
N3       WITH A8                  10.396     0.035      0.035        0.185
N3       WITH C3                  37.931     0.061      0.061        0.317
N3       WITH C4                   7.394     0.041      0.041        0.160
N3       WITH C5                   4.945     0.024      0.024        0.168
N3       WITH C6                  10.156     0.022      0.022        0.186
N3       WITH C7                  10.416     0.052      0.052        0.183
N3       WITH C8                  16.642     0.059      0.059        0.232
N3       WITH E2                  11.608    -0.049     -0.049       -0.157
N3       WITH E6                   4.321     0.034      0.034        0.122
N3       WITH N2                   7.147     0.036      0.036        0.202
N4       WITH A1                  18.617     0.073      0.073        0.239
N4       WITH A2                   4.111     0.024      0.024        0.151
N4       WITH A3                  54.643     0.136      0.136        0.409
N4       WITH A7                  14.047     0.058      0.058        0.212
N4       WITH A8                  19.042     0.059      0.059        0.239
N4       WITH C3                  14.792     0.048      0.048        0.189
N4       WITH C7                  20.465     0.090      0.090        0.245
N4       WITH C8                  10.564     0.059      0.059        0.177
N4       WITH C9                   6.707     0.028      0.028        0.143
N4       WITH E2                   7.038     0.048      0.048        0.117
N4       WITH E3                  30.180     0.121      0.121        0.297
N4       WITH E5                  21.625     0.053      0.053        0.187
N4       WITH E6                   6.100    -0.051     -0.051       -0.138
N5       WITH A2                   8.094     0.019      0.019        0.238
N5       WITH A3                   5.523    -0.025     -0.025       -0.143
N5       WITH A6                  15.081     0.051      0.051        0.230
N5       WITH A8                   6.764     0.020      0.020        0.156
N5       WITH C2                  30.636     0.068      0.068        0.341
N5       WITH C5                   4.808    -0.017     -0.017       -0.175
N5       WITH E4                   8.792    -0.029     -0.029       -0.190
N5       WITH E6                   8.080     0.033      0.033        0.175
N5       WITH E9                   6.414    -0.027     -0.027       -0.156
N6       WITH A2                  11.340    -0.034     -0.034       -0.218
N6       WITH A4                   9.307     0.033      0.033        0.134
N6       WITH C4                   6.238     0.039      0.039        0.114
N6       WITH C5                   8.240     0.032      0.032        0.168
N6       WITH C6                   4.025    -0.014     -0.014       -0.091
N6       WITH C8                   4.903     0.033      0.033        0.098
N6       WITH E3                   5.291     0.041      0.041        0.101
N6       WITH E4                  11.949     0.049      0.049        0.164
N6       WITH E5                   5.891    -0.023     -0.023       -0.079
N6       WITH N3                  18.876     0.062      0.062        0.208
N6       WITH N4                   8.123    -0.050     -0.050       -0.128
N6       WITH N5                   6.534    -0.027     -0.027       -0.131
N7       WITH A1                   6.069     0.031      0.031        0.138
N7       WITH A2                   8.205    -0.025     -0.025       -0.216
N7       WITH A3                  29.946     0.074      0.074        0.306
N7       WITH A4                  56.351     0.072      0.072        0.409
N7       WITH A5                  10.480     0.030      0.030        0.147
N7       WITH A6                  33.816     0.099      0.099        0.317
N7       WITH A7                   7.173     0.030      0.030        0.153
N7       WITH A8                   4.681     0.022      0.022        0.120
N7       WITH C1                   6.949     0.038      0.038        0.106
N7       WITH C3                  21.637     0.043      0.043        0.231
N7       WITH C4                   5.160     0.032      0.032        0.129
N7       WITH C7                   4.264     0.030      0.030        0.113
N7       WITH E6                   8.101     0.043      0.043        0.161
N7       WITH E8                   4.170     0.023      0.023        0.122
N7       WITH N3                  19.869     0.058      0.058        0.269
N7       WITH N6                   5.320     0.030      0.030        0.105
O1       WITH A4                   7.599    -0.021     -0.021       -0.134
O1       WITH A7                  10.990     0.029      0.029        0.169
O1       WITH C3                  34.989     0.053      0.053        0.326
O1       WITH E3                  11.646     0.043      0.043        0.166
O1       WITH E4                   7.387    -0.027     -0.027       -0.143
O1       WITH E5                  13.637     0.024      0.024        0.133
O1       WITH E7                  19.611     0.049      0.049        0.220
O1       WITH N1                   4.920     0.027      0.027        0.110
O1       WITH N2                   4.511     0.018      0.018        0.118
O1       WITH N4                  14.829     0.048      0.048        0.190
O1       WITH N6                   5.643    -0.024     -0.024       -0.095
O1       WITH N7                   5.523    -0.021     -0.021       -0.117
O2       WITH A2                  15.160    -0.040     -0.040       -0.294
O2       WITH C2                  14.287    -0.072     -0.072       -0.215
O2       WITH C5                   7.785     0.033      0.033        0.204
O2       WITH C6                   6.412    -0.019     -0.019       -0.143
O2       WITH C9                   9.161    -0.029     -0.029       -0.169
O2       WITH E2                   7.710     0.044      0.044        0.125
O2       WITH E4                   8.470     0.044      0.044        0.172
O2       WITH E5                   5.549    -0.024     -0.024       -0.096
O2       WITH E8                  17.899     0.056      0.056        0.253
O2       WITH N5                   4.294    -0.022     -0.022       -0.126
O2       WITH N7                  13.804     0.051      0.051        0.209
O3       WITH A1                  18.295     0.043      0.043        0.250
O3       WITH A8                   4.251     0.016      0.016        0.119
O3       WITH C5                   7.619    -0.022     -0.022       -0.211
O3       WITH C9                  10.809     0.021      0.021        0.192
O3       WITH E5                   9.190     0.020      0.020        0.129
O3       WITH E7                   5.590     0.027      0.027        0.138
O3       WITH N4                  13.068     0.045      0.045        0.209
O3       WITH N5                   8.208     0.020      0.020        0.182
O3       WITH N6                   9.201    -0.031     -0.031       -0.143
O3       WITH O1                  18.490     0.033      0.033        0.237
O3       WITH O2                  17.360    -0.048     -0.048       -0.254
O4       WITH A7                   5.987    -0.045     -0.045       -0.137
O4       WITH C2                   7.018     0.068      0.068        0.147
O4       WITH C8                   7.090    -0.057     -0.057       -0.144
O4       WITH C9                  11.433     0.044      0.044        0.185
O4       WITH E3                   5.905     0.063      0.063        0.131
O4       WITH E6                   6.492     0.062      0.062        0.141
O4       WITH O2                   8.310    -0.065     -0.065       -0.160
O5       WITH A3                   4.133    -0.037     -0.037       -0.113
O5       WITH A7                   6.851    -0.040     -0.040       -0.149
O5       WITH C7                   5.566     0.047      0.047        0.129
O5       WITH E8                   4.201     0.031      0.031        0.121
O5       WITH N5                   7.739     0.034      0.034        0.168
O5       WITH N7                   5.350    -0.036     -0.036       -0.129
O5       WITH O4                  33.163     0.147      0.147        0.316
O6       WITH A3                  10.013     0.042      0.042        0.183
O6       WITH C2                   4.982     0.035      0.035        0.131
O6       WITH C3                   9.018     0.027      0.027        0.155
O6       WITH C4                   9.058     0.042      0.042        0.176
O6       WITH C6                  20.852     0.029      0.029        0.266
O6       WITH C7                   4.761     0.032      0.032        0.124
O6       WITH C9                   5.203    -0.018     -0.018       -0.131
O6       WITH E1                   4.049     0.019      0.019        0.124
O6       WITH E3                  20.448     0.072      0.072        0.256
O6       WITH E5                  14.565     0.032      0.032        0.160
O6       WITH E9                   5.428    -0.032     -0.032       -0.137
O6       WITH N3                  10.305     0.040      0.040        0.192
O6       WITH N4                  11.199     0.052      0.052        0.191
O6       WITH N7                   6.338     0.029      0.029        0.146
O7       WITH A3                   7.005    -0.037     -0.037       -0.163
O7       WITH C3                   6.300    -0.024     -0.024       -0.139
O7       WITH C9                   9.546    -0.026     -0.026       -0.190
O7       WITH E4                  18.140     0.056      0.056        0.277
O7       WITH E5                   6.424    -0.022     -0.022       -0.114
O7       WITH E6                   4.891    -0.035     -0.035       -0.138
O7       WITH N1                   6.327    -0.040     -0.040       -0.155
O7       WITH O2                  14.263     0.058      0.058        0.250
O7       WITH O3                  12.630    -0.039     -0.039       -0.261
O7       WITH O6                   4.177     0.027      0.027        0.145
O8       WITH A1                   6.559     0.045      0.045        0.140
O8       WITH A5                  54.799     0.097      0.097        0.326
O8       WITH A6                  45.585     0.161      0.161        0.359
O8       WITH A7                   8.401    -0.046     -0.046       -0.162
O8       WITH A8                   5.880     0.034      0.034        0.131
O8       WITH C1                   4.378     0.042      0.042        0.082
O8       WITH C4                   9.013    -0.059     -0.059       -0.166
O8       WITH E1                   8.679    -0.039     -0.039       -0.171
O8       WITH E2                   4.160    -0.038     -0.038       -0.089
O8       WITH E3                  22.465    -0.108     -0.108       -0.253
O8       WITH E5                   6.644    -0.030     -0.030       -0.102
O8       WITH E6                  53.020     0.155      0.155        0.400
O8       WITH E7                   4.942    -0.044     -0.044       -0.121
O8       WITH E8                   6.348     0.039      0.039        0.146
O8       WITH N2                  22.791    -0.071     -0.071       -0.289
O8       WITH N4                  16.038    -0.088     -0.088       -0.216
O8       WITH N7                   8.106     0.046      0.046        0.155
O9       WITH A3                   7.295     0.045      0.045        0.151
O9       WITH A5                  12.409    -0.041     -0.041       -0.160
O9       WITH C7                   4.639    -0.039     -0.039       -0.118
O9       WITH C8                   5.619    -0.039     -0.039       -0.131
O9       WITH C9                  29.769     0.055      0.055        0.305
O9       WITH E3                  11.745     0.068      0.068        0.188
O9       WITH E4                   4.822     0.034      0.034        0.129
O9       WITH E5                   9.835     0.033      0.033        0.127
O9       WITH E6                  11.257    -0.063     -0.063       -0.190
O9       WITH E8                   9.829    -0.043     -0.043       -0.187
O9       WITH N4                  23.243     0.094      0.094        0.267
O9       WITH O2                  15.577    -0.069     -0.069       -0.226
O9       WITH O3                   9.418     0.036      0.036        0.186
O9       WITH O5                   5.559    -0.046     -0.046       -0.133
O9       WITH O8                   7.472    -0.055     -0.055       -0.150


DIAGRAM INFORMATION

  Use View Diagram under the Diagram menu in the Mplus Editor to view the diagram.
  If running Mplus from the Mplus Diagrammer, the diagram opens automatically.

  Diagram output
    f:\ipip paper\sample_usa\cfa\gesamtmodell\faktorscores\b5 with correlated residuals mod 3.dgm

     Beginning Time:  14:56:13
        Ending Time:  14:56:15
       Elapsed Time:  00:00:02



MUTHEN & MUTHEN
3463 Stoner Ave.
Los Angeles, CA  90066

Tel: (310) 391-9971
Fax: (310) 391-8971
Web: www.StatModel.com
Support: Support@StatModel.com

Copyright (c) 1998-2013 Muthen & Muthen
