Mplus VERSION 7.31 (Mac)
MUTHEN & MUTHEN
06/04/2015   2:53 PM

INPUT INSTRUCTIONS

  TITLE:

  DATA:
  FILE IS  "factorscores_CFA.txt";
  Variable:
  Names are
  VPN
  A1
  A2
  A3
  A4
  A5
  A6
  A7
  A8
  C1
  C2
  C3
  C4
  C5
  C6
  C7
  C8
  C9
  E1
  E2
  E3
  E4
  E5
  E6
  E7
  E8
  E9
  N1
  N2
  N3
  N4
  N5
  N6
  N7
  O1
  O2
  O3
  O4
  O5
  O6
  O7
  O8
  O9
  ;

  USEVARIABLES ARE
  A1
  A2
  A3
  A4
  A5
  A6
  A7
  A8
  C1
  C2
  C3
  C4
  C5
  C6
  C7
  C8
  C9
  E1
  E2
  E3
  E4
  E5
  E6
  E7
  E8
  E9
  N1
  N2
  N3
  N4
  N5
  N6
  N7
  O1
  O2
  O3
  O4
  O5
  O6
  O7
  O8
  O9
  ;

  MISSING ARE ALL (-99);

  Model:

  agree by
  A1
  A2
  A3
  A4
  A5
  A6
  A7
  A8
  ;

  consc by
  C1
  C2
  C3
  C4
  C5
  C6
  C7
  C8
  C9
  ;

  extra by
  E1
  E2
  E3
  E4
  E5
  E6
  E7
  E8
  E9;

  neuro by
  N1
  N2
  N3
  N4
  N5
  N6
  N7
  ;

  open by
  O1
  O2
  O3
  O4
  O5
  O6
  O7
  O8
  O9
  ;

  alpha by
  A1*
  A2
  A3
  A4
  A5
  A6
  A7
  A8
  C1
  C2
  C3
  C4
  C5
  C6
  C7
  C8
  C9
  N1
  N2
  N3
  N4
  N5
  N6
  N7;

  alpha@1;

  beta by
  E1*
  E2
  E3
  E4
  E5
  E6
  E7
  E8
  E9
  O1
  O2
  O3
  O4
  O5
  O6
  O7
  O8
  O9;
  beta@1;

  alpha with agree@0;
  alpha with consc@0;
  alpha with extra@0;
  alpha with neuro@0;
  alpha with open@0;

  beta with agree@0;
  beta with consc@0;
  beta with extra@0;
  beta with neuro@0;
  beta with open@0;


  Analysis:
  ESTIMATOR IS ML;
  iterations = 10000;

  OUTPUT: STDYX MODINDICES(4);



INPUT READING TERMINATED NORMALLY




SUMMARY OF ANALYSIS

Number of groups                                                 1
Number of observations                                         361

Number of dependent variables                                   42
Number of independent variables                                  0
Number of continuous latent variables                            7

Observed dependent variables

  Continuous
   A1          A2          A3          A4          A5          A6
   A7          A8          C1          C2          C3          C4
   C5          C6          C7          C8          C9          E1
   E2          E3          E4          E5          E6          E7
   E8          E9          N1          N2          N3          N4
   N5          N6          N7          O1          O2          O3
   O4          O5          O6          O7          O8          O9

Continuous latent variables
   AGREE       CONSC       EXTRA       NEURO       OPEN        ALPHA
   BETA


Estimator                                                       ML
Information matrix                                        OBSERVED
Maximum number of iterations                                 10000
Convergence criterion                                    0.500D-04
Maximum number of steepest descent iterations                   20
Maximum number of iterations for H1                           2000
Convergence criterion for H1                             0.100D-03

Input data file(s)
  factorscores_CFA.txt

Input data format  FREE


SUMMARY OF DATA

     Number of missing data patterns             1


COVARIANCE COVERAGE OF DATA

Minimum covariance coverage value   0.100


     PROPORTION OF DATA PRESENT


           Covariance Coverage
              A1            A2            A3            A4            A5
              ________      ________      ________      ________      ________
 A1             1.000
 A2             1.000         1.000
 A3             1.000         1.000         1.000
 A4             1.000         1.000         1.000         1.000
 A5             1.000         1.000         1.000         1.000         1.000
 A6             1.000         1.000         1.000         1.000         1.000
 A7             1.000         1.000         1.000         1.000         1.000
 A8             1.000         1.000         1.000         1.000         1.000
 C1             1.000         1.000         1.000         1.000         1.000
 C2             1.000         1.000         1.000         1.000         1.000
 C3             1.000         1.000         1.000         1.000         1.000
 C4             1.000         1.000         1.000         1.000         1.000
 C5             1.000         1.000         1.000         1.000         1.000
 C6             1.000         1.000         1.000         1.000         1.000
 C7             1.000         1.000         1.000         1.000         1.000
 C8             1.000         1.000         1.000         1.000         1.000
 C9             1.000         1.000         1.000         1.000         1.000
 E1             1.000         1.000         1.000         1.000         1.000
 E2             1.000         1.000         1.000         1.000         1.000
 E3             1.000         1.000         1.000         1.000         1.000
 E4             1.000         1.000         1.000         1.000         1.000
 E5             1.000         1.000         1.000         1.000         1.000
 E6             1.000         1.000         1.000         1.000         1.000
 E7             1.000         1.000         1.000         1.000         1.000
 E8             1.000         1.000         1.000         1.000         1.000
 E9             1.000         1.000         1.000         1.000         1.000
 N1             1.000         1.000         1.000         1.000         1.000
 N2             1.000         1.000         1.000         1.000         1.000
 N3             1.000         1.000         1.000         1.000         1.000
 N4             1.000         1.000         1.000         1.000         1.000
 N5             1.000         1.000         1.000         1.000         1.000
 N6             1.000         1.000         1.000         1.000         1.000
 N7             1.000         1.000         1.000         1.000         1.000
 O1             1.000         1.000         1.000         1.000         1.000
 O2             1.000         1.000         1.000         1.000         1.000
 O3             1.000         1.000         1.000         1.000         1.000
 O4             1.000         1.000         1.000         1.000         1.000
 O5             1.000         1.000         1.000         1.000         1.000
 O6             1.000         1.000         1.000         1.000         1.000
 O7             1.000         1.000         1.000         1.000         1.000
 O8             1.000         1.000         1.000         1.000         1.000
 O9             1.000         1.000         1.000         1.000         1.000


           Covariance Coverage
              A6            A7            A8            C1            C2
              ________      ________      ________      ________      ________
 A6             1.000
 A7             1.000         1.000
 A8             1.000         1.000         1.000
 C1             1.000         1.000         1.000         1.000
 C2             1.000         1.000         1.000         1.000         1.000
 C3             1.000         1.000         1.000         1.000         1.000
 C4             1.000         1.000         1.000         1.000         1.000
 C5             1.000         1.000         1.000         1.000         1.000
 C6             1.000         1.000         1.000         1.000         1.000
 C7             1.000         1.000         1.000         1.000         1.000
 C8             1.000         1.000         1.000         1.000         1.000
 C9             1.000         1.000         1.000         1.000         1.000
 E1             1.000         1.000         1.000         1.000         1.000
 E2             1.000         1.000         1.000         1.000         1.000
 E3             1.000         1.000         1.000         1.000         1.000
 E4             1.000         1.000         1.000         1.000         1.000
 E5             1.000         1.000         1.000         1.000         1.000
 E6             1.000         1.000         1.000         1.000         1.000
 E7             1.000         1.000         1.000         1.000         1.000
 E8             1.000         1.000         1.000         1.000         1.000
 E9             1.000         1.000         1.000         1.000         1.000
 N1             1.000         1.000         1.000         1.000         1.000
 N2             1.000         1.000         1.000         1.000         1.000
 N3             1.000         1.000         1.000         1.000         1.000
 N4             1.000         1.000         1.000         1.000         1.000
 N5             1.000         1.000         1.000         1.000         1.000
 N6             1.000         1.000         1.000         1.000         1.000
 N7             1.000         1.000         1.000         1.000         1.000
 O1             1.000         1.000         1.000         1.000         1.000
 O2             1.000         1.000         1.000         1.000         1.000
 O3             1.000         1.000         1.000         1.000         1.000
 O4             1.000         1.000         1.000         1.000         1.000
 O5             1.000         1.000         1.000         1.000         1.000
 O6             1.000         1.000         1.000         1.000         1.000
 O7             1.000         1.000         1.000         1.000         1.000
 O8             1.000         1.000         1.000         1.000         1.000
 O9             1.000         1.000         1.000         1.000         1.000


           Covariance Coverage
              C3            C4            C5            C6            C7
              ________      ________      ________      ________      ________
 C3             1.000
 C4             1.000         1.000
 C5             1.000         1.000         1.000
 C6             1.000         1.000         1.000         1.000
 C7             1.000         1.000         1.000         1.000         1.000
 C8             1.000         1.000         1.000         1.000         1.000
 C9             1.000         1.000         1.000         1.000         1.000
 E1             1.000         1.000         1.000         1.000         1.000
 E2             1.000         1.000         1.000         1.000         1.000
 E3             1.000         1.000         1.000         1.000         1.000
 E4             1.000         1.000         1.000         1.000         1.000
 E5             1.000         1.000         1.000         1.000         1.000
 E6             1.000         1.000         1.000         1.000         1.000
 E7             1.000         1.000         1.000         1.000         1.000
 E8             1.000         1.000         1.000         1.000         1.000
 E9             1.000         1.000         1.000         1.000         1.000
 N1             1.000         1.000         1.000         1.000         1.000
 N2             1.000         1.000         1.000         1.000         1.000
 N3             1.000         1.000         1.000         1.000         1.000
 N4             1.000         1.000         1.000         1.000         1.000
 N5             1.000         1.000         1.000         1.000         1.000
 N6             1.000         1.000         1.000         1.000         1.000
 N7             1.000         1.000         1.000         1.000         1.000
 O1             1.000         1.000         1.000         1.000         1.000
 O2             1.000         1.000         1.000         1.000         1.000
 O3             1.000         1.000         1.000         1.000         1.000
 O4             1.000         1.000         1.000         1.000         1.000
 O5             1.000         1.000         1.000         1.000         1.000
 O6             1.000         1.000         1.000         1.000         1.000
 O7             1.000         1.000         1.000         1.000         1.000
 O8             1.000         1.000         1.000         1.000         1.000
 O9             1.000         1.000         1.000         1.000         1.000


           Covariance Coverage
              C8            C9            E1            E2            E3
              ________      ________      ________      ________      ________
 C8             1.000
 C9             1.000         1.000
 E1             1.000         1.000         1.000
 E2             1.000         1.000         1.000         1.000
 E3             1.000         1.000         1.000         1.000         1.000
 E4             1.000         1.000         1.000         1.000         1.000
 E5             1.000         1.000         1.000         1.000         1.000
 E6             1.000         1.000         1.000         1.000         1.000
 E7             1.000         1.000         1.000         1.000         1.000
 E8             1.000         1.000         1.000         1.000         1.000
 E9             1.000         1.000         1.000         1.000         1.000
 N1             1.000         1.000         1.000         1.000         1.000
 N2             1.000         1.000         1.000         1.000         1.000
 N3             1.000         1.000         1.000         1.000         1.000
 N4             1.000         1.000         1.000         1.000         1.000
 N5             1.000         1.000         1.000         1.000         1.000
 N6             1.000         1.000         1.000         1.000         1.000
 N7             1.000         1.000         1.000         1.000         1.000
 O1             1.000         1.000         1.000         1.000         1.000
 O2             1.000         1.000         1.000         1.000         1.000
 O3             1.000         1.000         1.000         1.000         1.000
 O4             1.000         1.000         1.000         1.000         1.000
 O5             1.000         1.000         1.000         1.000         1.000
 O6             1.000         1.000         1.000         1.000         1.000
 O7             1.000         1.000         1.000         1.000         1.000
 O8             1.000         1.000         1.000         1.000         1.000
 O9             1.000         1.000         1.000         1.000         1.000


           Covariance Coverage
              E4            E5            E6            E7            E8
              ________      ________      ________      ________      ________
 E4             1.000
 E5             1.000         1.000
 E6             1.000         1.000         1.000
 E7             1.000         1.000         1.000         1.000
 E8             1.000         1.000         1.000         1.000         1.000
 E9             1.000         1.000         1.000         1.000         1.000
 N1             1.000         1.000         1.000         1.000         1.000
 N2             1.000         1.000         1.000         1.000         1.000
 N3             1.000         1.000         1.000         1.000         1.000
 N4             1.000         1.000         1.000         1.000         1.000
 N5             1.000         1.000         1.000         1.000         1.000
 N6             1.000         1.000         1.000         1.000         1.000
 N7             1.000         1.000         1.000         1.000         1.000
 O1             1.000         1.000         1.000         1.000         1.000
 O2             1.000         1.000         1.000         1.000         1.000
 O3             1.000         1.000         1.000         1.000         1.000
 O4             1.000         1.000         1.000         1.000         1.000
 O5             1.000         1.000         1.000         1.000         1.000
 O6             1.000         1.000         1.000         1.000         1.000
 O7             1.000         1.000         1.000         1.000         1.000
 O8             1.000         1.000         1.000         1.000         1.000
 O9             1.000         1.000         1.000         1.000         1.000


           Covariance Coverage
              E9            N1            N2            N3            N4
              ________      ________      ________      ________      ________
 E9             1.000
 N1             1.000         1.000
 N2             1.000         1.000         1.000
 N3             1.000         1.000         1.000         1.000
 N4             1.000         1.000         1.000         1.000         1.000
 N5             1.000         1.000         1.000         1.000         1.000
 N6             1.000         1.000         1.000         1.000         1.000
 N7             1.000         1.000         1.000         1.000         1.000
 O1             1.000         1.000         1.000         1.000         1.000
 O2             1.000         1.000         1.000         1.000         1.000
 O3             1.000         1.000         1.000         1.000         1.000
 O4             1.000         1.000         1.000         1.000         1.000
 O5             1.000         1.000         1.000         1.000         1.000
 O6             1.000         1.000         1.000         1.000         1.000
 O7             1.000         1.000         1.000         1.000         1.000
 O8             1.000         1.000         1.000         1.000         1.000
 O9             1.000         1.000         1.000         1.000         1.000


           Covariance Coverage
              N5            N6            N7            O1            O2
              ________      ________      ________      ________      ________
 N5             1.000
 N6             1.000         1.000
 N7             1.000         1.000         1.000
 O1             1.000         1.000         1.000         1.000
 O2             1.000         1.000         1.000         1.000         1.000
 O3             1.000         1.000         1.000         1.000         1.000
 O4             1.000         1.000         1.000         1.000         1.000
 O5             1.000         1.000         1.000         1.000         1.000
 O6             1.000         1.000         1.000         1.000         1.000
 O7             1.000         1.000         1.000         1.000         1.000
 O8             1.000         1.000         1.000         1.000         1.000
 O9             1.000         1.000         1.000         1.000         1.000


           Covariance Coverage
              O3            O4            O5            O6            O7
              ________      ________      ________      ________      ________
 O3             1.000
 O4             1.000         1.000
 O5             1.000         1.000         1.000
 O6             1.000         1.000         1.000         1.000
 O7             1.000         1.000         1.000         1.000         1.000
 O8             1.000         1.000         1.000         1.000         1.000
 O9             1.000         1.000         1.000         1.000         1.000


           Covariance Coverage
              O8            O9
              ________      ________
 O8             1.000
 O9             1.000         1.000



THE MODEL ESTIMATION TERMINATED NORMALLY

     WARNING:  THE LATENT VARIABLE COVARIANCE MATRIX (PSI) IS NOT POSITIVE
     DEFINITE.  THIS COULD INDICATE A NEGATIVE VARIANCE/RESIDUAL VARIANCE FOR A
     LATENT VARIABLE, A CORRELATION GREATER OR EQUAL TO ONE BETWEEN TWO LATENT
     VARIABLES, OR A LINEAR DEPENDENCY AMONG MORE THAN TWO LATENT VARIABLES.
     CHECK THE TECH4 OUTPUT FOR MORE INFORMATION.
     PROBLEM INVOLVING VARIABLE NEURO.




MODEL FIT INFORMATION

Number of Free Parameters                      179

Loglikelihood

          H0 Value                      -11192.535
          H1 Value                       -9284.659

Information Criteria

          Akaike (AIC)                   22743.070
          Bayesian (BIC)                 23439.179
          Sample-Size Adjusted BIC       22871.296
            (n* = (n + 2) / 24)

Chi-Square Test of Model Fit

          Value                           3815.753
          Degrees of Freedom                   766
          P-Value                           0.0000

RMSEA (Root Mean Square Error Of Approximation)

          Estimate                           0.105
          90 Percent C.I.                    0.102  0.108
          Probability RMSEA <= .05           0.000

CFI/TLI

          CFI                                0.646
          TLI                                0.602

Chi-Square Test of Model Fit for the Baseline Model

          Value                           9470.446
          Degrees of Freedom                   861
          P-Value                           0.0000

SRMR (Standardized Root Mean Square Residual)

          Value                              0.121



MODEL RESULTS

                                                    Two-Tailed
                    Estimate       S.E.  Est./S.E.    P-Value

 AGREE    BY
    A1                 1.000      0.000    999.000    999.000
    A2                -0.648      0.059    -10.962      0.000
    A3                -0.196      0.071     -2.758      0.006
    A4                 0.095      0.046      2.071      0.038
    A5                 0.024      0.056      0.422      0.673
    A6                 0.793      0.083      9.511      0.000
    A7                -0.458      0.063     -7.239      0.000
    A8                 0.585      0.053     11.145      0.000

 CONSC    BY
    C1                 1.000      0.000    999.000    999.000
    C2                -1.568      0.237     -6.617      0.000
    C3                -0.324      0.084     -3.878      0.000
    C4                 1.546      0.216      7.170      0.000
    C5                 1.892      0.247      7.646      0.000
    C6                 0.645      0.094      6.850      0.000
    C7                -0.716      0.146     -4.914      0.000
    C8                 0.877      0.141      6.218      0.000
    C9                 0.707      0.106      6.644      0.000

 EXTRA    BY
    E1                 1.000      0.000    999.000    999.000
    E2                -0.292      0.163     -1.790      0.073
    E3                 0.137      0.139      0.986      0.324
    E4                -1.855      0.190     -9.761      0.000
    E5                -1.120      0.143     -7.825      0.000
    E6                -0.828      0.146     -5.686      0.000
    E7                -1.048      0.142     -7.395      0.000
    E8                -1.251      0.110    -11.344      0.000
    E9                -1.394      0.154     -9.022      0.000

 NEURO    BY
    N1                 1.000      0.000    999.000    999.000
    N2                 2.488      0.601      4.140      0.000
    N3                 2.049      0.513      3.991      0.000
    N4                -3.293      0.815     -4.042      0.000
    N5                 1.940      0.464      4.179      0.000
    N6                 1.741      0.478      3.639      0.000
    N7                 1.132      0.304      3.721      0.000

 OPEN     BY
    O1                 1.000      0.000    999.000    999.000
    O2                 1.384      0.134     10.317      0.000
    O3                 1.299      0.104     12.485      0.000
    O4                 1.053      0.148      7.111      0.000
    O5                 1.277      0.138      9.276      0.000
    O6                 1.428      0.123     11.584      0.000
    O7                 1.919      0.154     12.458      0.000
    O8                 0.720      0.138      5.237      0.000
    O9                 1.380      0.133     10.405      0.000

 ALPHA    BY
    A1                -0.083      0.029     -2.826      0.005
    A2                 0.328      0.027     12.352      0.000
    A3                 0.410      0.033     12.279      0.000
    A4                 0.171      0.021      8.001      0.000
    A5                 0.262      0.026     10.182      0.000
    A6                 0.044      0.038      1.145      0.252
    A7                 0.357      0.029     12.272      0.000
    A8                -0.039      0.024     -1.624      0.104
    C1                 0.369      0.043      8.539      0.000
    C2                 0.341      0.043      7.909      0.000
    C3                 0.314      0.021     15.047      0.000
    C4                -0.021      0.039     -0.533      0.594
    C5                -0.128      0.034     -3.741      0.000
    C6                -0.037      0.018     -2.109      0.035
    C7                 0.292      0.035      8.439      0.000
    C8                 0.069      0.032      2.129      0.033
    C9                -0.054      0.021     -2.543      0.011
    N1                 0.431      0.036     11.841      0.000
    N2                 0.326      0.035      9.292      0.000
    N3                 0.406      0.037     10.965      0.000
    N4                -0.067      0.042     -1.593      0.111
    N5                 0.294      0.028     10.582      0.000
    N6                 0.305      0.042      7.249      0.000
    N7                 0.336      0.029     11.668      0.000

 BETA     BY
    E1                -0.327      0.027    -12.092      0.000
    E2                 0.097      0.049      1.963      0.050
    E3                -0.379      0.043     -8.839      0.000
    E4                 0.184      0.040      4.646      0.000
    E5                 0.061      0.038      1.596      0.110
    E6                 0.469      0.044     10.773      0.000
    E7                 0.178      0.050      3.543      0.000
    E8                 0.366      0.032     11.330      0.000
    E9                 0.213      0.040      5.400      0.000
    O1                -0.062      0.040     -1.534      0.125
    O2                 0.013      0.040      0.326      0.745
    O3                -0.072      0.034     -2.128      0.033
    O4                -0.169      0.052     -3.275      0.001
    O5                -0.049      0.047     -1.040      0.298
    O6                -0.216      0.042     -5.124      0.000
    O7                -0.155      0.047     -3.307      0.001
    O8                 0.261      0.040      6.611      0.000
    O9                -0.208      0.045     -4.592      0.000

 ALPHA    WITH
    AGREE              0.000      0.000    999.000    999.000
    CONSC              0.000      0.000    999.000    999.000
    EXTRA              0.000      0.000    999.000    999.000
    NEURO              0.000      0.000    999.000    999.000
    OPEN               0.000      0.000    999.000    999.000

 BETA     WITH
    AGREE              0.000      0.000    999.000    999.000
    CONSC              0.000      0.000    999.000    999.000
    EXTRA              0.000      0.000    999.000    999.000
    NEURO              0.000      0.000    999.000    999.000
    OPEN               0.000      0.000    999.000    999.000
    ALPHA              0.133      0.075      1.765      0.078

 CONSC    WITH
    AGREE              0.072      0.013      5.416      0.000

 EXTRA    WITH
    AGREE             -0.075      0.013     -5.724      0.000
    CONSC             -0.064      0.012     -5.419      0.000

 NEURO    WITH
    AGREE             -0.020      0.009     -2.365      0.018
    CONSC             -0.028      0.008     -3.435      0.001
    EXTRA              0.041      0.011      3.696      0.000

 OPEN     WITH
    AGREE              0.122      0.015      8.088      0.000
    CONSC              0.067      0.012      5.655      0.000
    EXTRA             -0.083      0.012     -6.792      0.000
    NEURO             -0.032      0.009     -3.440      0.001

 Intercepts
    A1                -0.005      0.031     -0.172      0.863
    A2                 0.013      0.029      0.439      0.660
    A3                 0.001      0.034      0.018      0.986
    A4                 0.000      0.021     -0.004      0.997
    A5                 0.001      0.025      0.020      0.984
    A6                -0.004      0.037     -0.113      0.910
    A7                 0.003      0.031      0.089      0.929
    A8                -0.002      0.024     -0.084      0.933
    C1                -0.007      0.042     -0.161      0.872
    C2                 0.031      0.044      0.705      0.481
    C3                 0.000      0.023     -0.001      1.000
    C4                 0.000      0.038     -0.013      0.990
    C5                -0.005      0.036     -0.132      0.895
    C6                -0.002      0.017     -0.100      0.921
    C7                 0.004      0.035      0.124      0.902
    C8                 0.002      0.031      0.079      0.937
    C9                 0.000      0.021     -0.016      0.988
    E1                 0.003      0.028      0.094      0.925
    E2                 0.005      0.037      0.136      0.891
    E3                -0.001      0.036     -0.026      0.979
    E4                -0.014      0.036     -0.388      0.698
    E5                 0.000      0.027     -0.005      0.996
    E6                -0.003      0.039     -0.080      0.937
    E7                -0.013      0.035     -0.365      0.715
    E8                -0.003      0.032     -0.104      0.917
    E9                -0.003      0.036     -0.090      0.928
    N1                 0.002      0.038      0.063      0.950
    N2                 0.011      0.034      0.316      0.752
    N3                 0.000      0.036     -0.007      0.994
    N4                 0.001      0.037      0.024      0.980
    N5                 0.003      0.028      0.109      0.913
    N6                 0.007      0.038      0.185      0.854
    N7                 0.001      0.029      0.040      0.968
    O1                 0.002      0.027      0.073      0.942
    O2                -0.029      0.037     -0.799      0.424
    O3                -0.002      0.029     -0.052      0.958
    O4                -0.004      0.044     -0.083      0.933
    O5                -0.003      0.040     -0.081      0.935
    O6                -0.001      0.035     -0.037      0.970
    O7                -0.019      0.041     -0.469      0.639
    O8                 0.000      0.036     -0.005      0.996
    O9                -0.008      0.038     -0.205      0.838

 Variances
    AGREE              0.226      0.027      8.385      0.000
    CONSC              0.100      0.026      3.855      0.000
    EXTRA              0.062      0.017      3.631      0.000
    NEURO              0.022      0.011      2.018      0.044
    OPEN               0.107      0.017      6.350      0.000
    ALPHA              1.000      0.000    999.000    999.000
    BETA               1.000      0.000    999.000    999.000

 Residual Variances
    A1                 0.120      0.015      8.288      0.000
    A2                 0.100      0.011      9.486      0.000
    A3                 0.233      0.021     11.349      0.000
    A4                 0.123      0.010     12.739      0.000
    A5                 0.163      0.013     12.185      0.000
    A6                 0.359      0.029     12.230      0.000
    A7                 0.166      0.014     11.542      0.000
    A8                 0.123      0.010     11.753      0.000
    C1                 0.403      0.035     11.552      0.000
    C2                 0.340      0.029     11.680      0.000
    C3                 0.081      0.007     11.113      0.000
    C4                 0.280      0.024     11.681      0.000
    C5                 0.092      0.013      6.901      0.000
    C6                 0.063      0.005     12.109      0.000
    C7                 0.294      0.023     12.746      0.000
    C8                 0.264      0.021     12.818      0.000
    C9                 0.100      0.008     12.517      0.000
    E1                 0.109      0.011     10.064      0.000
    E2                 0.470      0.035     13.326      0.000
    E3                 0.329      0.032     10.214      0.000
    E4                 0.218      0.020     11.075      0.000
    E5                 0.183      0.014     13.226      0.000
    E6                 0.277      0.028      9.732      0.000
    E7                 0.337      0.026     13.061      0.000
    E8                 0.143      0.014     10.139      0.000
    E9                 0.302      0.024     12.695      0.000
    N1                 0.305      0.025     12.233      0.000
    N2                 0.175      0.016     11.163      0.000
    N3                 0.206      0.018     11.276      0.000
    N4                 0.259      0.024     10.760      0.000
    N5                 0.108      0.010     10.810      0.000
    N6                 0.363      0.029     12.592      0.000
    N7                 0.170      0.014     12.148      0.000
    O1                 0.159      0.013     12.356      0.000
    O2                 0.285      0.023     12.608      0.000
    O3                 0.112      0.010     11.227      0.000
    O4                 0.559      0.043     12.975      0.000
    O5                 0.396      0.031     12.863      0.000
    O6                 0.168      0.016     10.709      0.000
    O7                 0.204      0.020     10.178      0.000
    O8                 0.338      0.028     11.978      0.000
    O9                 0.282      0.024     11.857      0.000


STANDARDIZED MODEL RESULTS


STDYX Standardization

                                                    Two-Tailed
                    Estimate       S.E.  Est./S.E.    P-Value

 AGREE    BY
    A1                 0.800      0.028     28.923      0.000
    A2                -0.561      0.039    -14.335      0.000
    A3                -0.145      0.051     -2.828      0.005
    A4                 0.115      0.055      2.089      0.037
    A5                 0.023      0.055      0.423      0.672
    A6                 0.532      0.044     12.090      0.000
    A7                -0.373      0.046     -8.069      0.000
    A8                 0.619      0.038     16.164      0.000

 CONSC    BY
    C1                 0.395      0.048      8.293      0.000
    C2                -0.591      0.036    -16.229      0.000
    C3                -0.235      0.046     -5.126      0.000
    C4                 0.678      0.033     20.505      0.000
    C5                 0.876      0.019     45.521      0.000
    C6                 0.627      0.036     17.373      0.000
    C7                -0.344      0.047     -7.319      0.000
    C8                 0.471      0.045     10.436      0.000
    C9                 0.572      0.039     14.642      0.000

 EXTRA    BY
    E1                 0.472      0.057      8.289      0.000
    E2                -0.104      0.062     -1.670      0.095
    E3                 0.050      0.053      0.937      0.349
    E4                -0.677      0.044    -15.223      0.000
    E5                -0.542      0.042    -12.764      0.000
    E6                -0.281      0.069     -4.087      0.000
    E7                -0.394      0.064     -6.179      0.000
    E8                -0.509      0.058     -8.744      0.000
    E9                -0.507      0.050    -10.118      0.000

 NEURO    BY
    N1                 0.209      0.050      4.204      0.000
    N2                 0.575      0.038     15.020      0.000
    N3                 0.450      0.044     10.311      0.000
    N4                -0.693      0.034    -20.159      0.000
    N5                 0.550      0.039     13.966      0.000
    N6                 0.360      0.052      6.976      0.000
    N7                 0.304      0.045      6.714      0.000

 OPEN     BY
    O1                 0.629      0.035     17.846      0.000
    O2                 0.646      0.033     19.393      0.000
    O3                 0.778      0.024     32.186      0.000
    O4                 0.410      0.048      8.596      0.000
    O5                 0.552      0.039     14.063      0.000
    O6                 0.710      0.034     20.708      0.000
    O7                 0.796      0.026     30.572      0.000
    O8                 0.346      0.056      6.153      0.000
    O9                 0.621      0.038     16.262      0.000

 ALPHA    BY
    A1                -0.140      0.048     -2.882      0.004
    A2                 0.597      0.038     15.850      0.000
    A3                 0.641      0.038     16.831      0.000
    A4                 0.436      0.048      9.097      0.000
    A5                 0.543      0.043     12.596      0.000
    A6                 0.062      0.054      1.144      0.252
    A7                 0.611      0.037     16.528      0.000
    A8                -0.086      0.052     -1.639      0.101
    C1                 0.462      0.048      9.594      0.000
    C2                 0.407      0.045      8.965      0.000
    C3                 0.719      0.029     24.465      0.000
    C4                -0.029      0.054     -0.534      0.593
    C5                -0.188      0.048     -3.877      0.000
    C6                -0.114      0.053     -2.143      0.032
    C7                 0.445      0.045      9.902      0.000
    C8                 0.118      0.055      2.132      0.033
    C9                -0.137      0.053     -2.596      0.009
    N1                 0.602      0.037     16.069      0.000
    N2                 0.502      0.043     11.593      0.000
    N3                 0.595      0.040     14.775      0.000
    N4                -0.095      0.058     -1.618      0.106
    N5                 0.557      0.041     13.707      0.000
    N6                 0.421      0.051      8.309      0.000
    N7                 0.601      0.038     16.021      0.000

 BETA     BY
    E1                -0.620      0.046    -13.595      0.000
    E2                 0.139      0.070      1.977      0.048
    E3                -0.551      0.054    -10.293      0.000
    E4                 0.269      0.058      4.663      0.000
    E5                 0.119      0.075      1.597      0.110
    E6                 0.639      0.051     12.478      0.000
    E7                 0.269      0.075      3.590      0.000
    E8                 0.598      0.049     12.261      0.000
    E9                 0.312      0.056      5.545      0.000
    O1                -0.120      0.077     -1.543      0.123
    O2                 0.019      0.057      0.326      0.745
    O3                -0.131      0.061     -2.144      0.032
    O4                -0.201      0.060     -3.349      0.001
    O5                -0.064      0.062     -1.043      0.297
    O6                -0.328      0.062     -5.262      0.000
    O7                -0.196      0.059     -3.351      0.001
    O8                 0.384      0.054      7.070      0.000
    O9                -0.285      0.060     -4.724      0.000

 ALPHA    WITH
    AGREE              0.000      0.000    999.000    999.000
    CONSC              0.000      0.000    999.000    999.000
    EXTRA              0.000      0.000    999.000    999.000
    NEURO              0.000      0.000    999.000    999.000
    OPEN               0.000      0.000    999.000    999.000

 BETA     WITH
    AGREE              0.000      0.000    999.000    999.000
    CONSC              0.000      0.000    999.000    999.000
    EXTRA              0.000      0.000    999.000    999.000
    NEURO              0.000      0.000    999.000    999.000
    OPEN               0.000      0.000    999.000    999.000
    ALPHA              0.133      0.075      1.765      0.078

 CONSC    WITH
    AGREE              0.480      0.053      9.051      0.000

 EXTRA    WITH
    AGREE             -0.633      0.072     -8.847      0.000
    CONSC             -0.815      0.072    -11.264      0.000

 NEURO    WITH
    AGREE             -0.283      0.075     -3.788      0.000
    CONSC             -0.596      0.056    -10.661      0.000
    EXTRA              1.089      0.060     18.110      0.000

 OPEN     WITH
    AGREE              0.787      0.039     20.375      0.000
    CONSC              0.647      0.041     15.919      0.000
    EXTRA             -1.017      0.055    -18.461      0.000
    NEURO             -0.647      0.054    -11.960      0.000

 Intercepts
    A1                -0.009      0.053     -0.172      0.863
    A2                 0.023      0.053      0.439      0.660
    A3                 0.001      0.053      0.018      0.986
    A4                 0.000      0.053     -0.004      0.997
    A5                 0.001      0.053      0.020      0.984
    A6                -0.006      0.053     -0.113      0.910
    A7                 0.005      0.053      0.089      0.929
    A8                -0.004      0.053     -0.084      0.933
    C1                -0.008      0.053     -0.161      0.872
    C2                 0.037      0.053      0.705      0.481
    C3                 0.000      0.053     -0.001      1.000
    C4                -0.001      0.053     -0.013      0.990
    C5                -0.007      0.053     -0.132      0.895
    C6                -0.005      0.053     -0.100      0.921
    C7                 0.007      0.053      0.124      0.902
    C8                 0.004      0.053      0.079      0.937
    C9                -0.001      0.053     -0.016      0.988
    E1                 0.005      0.053      0.094      0.925
    E2                 0.007      0.053      0.136      0.891
    E3                -0.001      0.053     -0.026      0.979
    E4                -0.020      0.053     -0.388      0.698
    E5                 0.000      0.053     -0.005      0.996
    E6                -0.004      0.053     -0.080      0.937
    E7                -0.019      0.053     -0.365      0.715
    E8                -0.005      0.053     -0.104      0.917
    E9                -0.005      0.053     -0.090      0.928
    N1                 0.003      0.053      0.063      0.950
    N2                 0.017      0.053      0.316      0.752
    N3                 0.000      0.053     -0.007      0.994
    N4                 0.001      0.053      0.024      0.980
    N5                 0.006      0.053      0.109      0.913
    N6                 0.010      0.053      0.185      0.854
    N7                 0.002      0.053      0.040      0.968
    O1                 0.004      0.053      0.073      0.942
    O2                -0.042      0.053     -0.799      0.425
    O3                -0.003      0.053     -0.052      0.958
    O4                -0.004      0.053     -0.083      0.933
    O5                -0.004      0.053     -0.081      0.935
    O6                -0.002      0.053     -0.037      0.970
    O7                -0.025      0.053     -0.469      0.639
    O8                 0.000      0.053     -0.005      0.996
    O9                -0.011      0.053     -0.205      0.838

 Variances
    AGREE              1.000      0.000    999.000    999.000
    CONSC              1.000      0.000    999.000    999.000
    EXTRA              1.000      0.000    999.000    999.000
    NEURO              1.000      0.000    999.000    999.000
    OPEN               1.000      0.000    999.000    999.000
    ALPHA              1.000      0.000    999.000    999.000
    BETA               1.000      0.000    999.000    999.000

 Residual Variances
    A1                 0.340      0.044      7.755      0.000
    A2                 0.329      0.039      8.527      0.000
    A3                 0.568      0.049     11.622      0.000
    A4                 0.796      0.042     18.981      0.000
    A5                 0.704      0.047     15.022      0.000
    A6                 0.713      0.047     15.316      0.000
    A7                 0.487      0.044     11.025      0.000
    A8                 0.610      0.048     12.720      0.000
    C1                 0.631      0.047     13.536      0.000
    C2                 0.485      0.044     11.139      0.000
    C3                 0.428      0.042     10.221      0.000
    C4                 0.539      0.045     11.977      0.000
    C5                 0.198      0.031      6.336      0.000
    C6                 0.593      0.046     12.879      0.000
    C7                 0.683      0.047     14.654      0.000
    C8                 0.765      0.042     18.262      0.000
    C9                 0.654      0.046     14.233      0.000
    E1                 0.392      0.041      9.464      0.000
    E2                 0.970      0.020     49.205      0.000
    E3                 0.694      0.060     11.518      0.000
    E4                 0.469      0.045     10.366      0.000
    E5                 0.692      0.042     16.534      0.000
    E6                 0.513      0.051     10.140      0.000
    E7                 0.772      0.041     18.672      0.000
    E8                 0.383      0.040      9.508      0.000
    E9                 0.646      0.045     14.356      0.000
    N1                 0.594      0.046     12.904      0.000
    N2                 0.417      0.043      9.783      0.000
    N3                 0.443      0.045      9.931      0.000
    N4                 0.511      0.048     10.717      0.000
    N5                 0.387      0.041      9.513      0.000
    N6                 0.693      0.049     14.162      0.000
    N7                 0.547      0.046     11.816      0.000
    O1                 0.590      0.045     13.199      0.000
    O2                 0.582      0.043     13.589      0.000
    O3                 0.377      0.037     10.245      0.000
    O4                 0.792      0.042     18.667      0.000
    O5                 0.692      0.044     15.831      0.000
    O6                 0.388      0.039      9.869      0.000
    O7                 0.328      0.036      9.216      0.000
    O8                 0.732      0.047     15.419      0.000
    O9                 0.533      0.045     11.958      0.000


R-SQUARE

    Observed                                        Two-Tailed
    Variable        Estimate       S.E.  Est./S.E.    P-Value

    A1                 0.660      0.044     15.053      0.000
    A2                 0.671      0.039     17.363      0.000
    A3                 0.432      0.049      8.838      0.000
    A4                 0.204      0.042      4.851      0.000
    A5                 0.296      0.047      6.311      0.000
    A6                 0.287      0.047      6.162      0.000
    A7                 0.513      0.044     11.610      0.000
    A8                 0.390      0.048      8.148      0.000
    C1                 0.369      0.047      7.931      0.000
    C2                 0.515      0.044     11.844      0.000
    C3                 0.572      0.042     13.679      0.000
    C4                 0.461      0.045     10.227      0.000
    C5                 0.802      0.031     25.658      0.000
    C6                 0.407      0.046      8.822      0.000
    C7                 0.317      0.047      6.791      0.000
    C8                 0.235      0.042      5.624      0.000
    C9                 0.346      0.046      7.516      0.000
    E1                 0.608      0.041     14.669      0.000
    E2                 0.030      0.020      1.528      0.126
    E3                 0.306      0.060      5.076      0.000
    E4                 0.531      0.045     11.727      0.000
    E5                 0.308      0.042      7.366      0.000
    E6                 0.487      0.051      9.633      0.000
    E7                 0.228      0.041      5.517      0.000
    E8                 0.617      0.040     15.322      0.000
    E9                 0.354      0.045      7.883      0.000
    N1                 0.406      0.046      8.816      0.000
    N2                 0.583      0.043     13.683      0.000
    N3                 0.557      0.045     12.489      0.000
    N4                 0.489      0.048     10.255      0.000
    N5                 0.613      0.041     15.053      0.000
    N6                 0.307      0.049      6.284      0.000
    N7                 0.453      0.046      9.803      0.000
    O1                 0.410      0.045      9.179      0.000
    O2                 0.418      0.043      9.758      0.000
    O3                 0.623      0.037     16.902      0.000
    O4                 0.208      0.042      4.914      0.000
    O5                 0.308      0.044      7.061      0.000
    O6                 0.612      0.039     15.562      0.000
    O7                 0.672      0.036     18.866      0.000
    O8                 0.268      0.047      5.636      0.000
    O9                 0.467      0.045     10.470      0.000


QUALITY OF NUMERICAL RESULTS

     Condition Number for the Information Matrix              0.446E-06
       (ratio of smallest to largest eigenvalue)


MODEL MODIFICATION INDICES

NOTE:  Modification indices for direct effects of observed dependent variables
regressed on covariates may not be included.  To include these, request
MODINDICES (ALL).

Minimum M.I. value for printing the modification index     4.000

                                   M.I.     E.P.C.  Std E.P.C.  StdYX E.P.C.

BY Statements

AGREE    BY C1                    21.552    -0.463     -0.221       -0.276
AGREE    BY C3                     5.149     0.110      0.052        0.120
AGREE    BY C4                     9.098    -0.247     -0.118       -0.163
AGREE    BY C6                    11.191     0.127      0.060        0.186
AGREE    BY C7                    11.768     0.278      0.132        0.202
AGREE    BY C8                     6.183     0.190      0.090        0.153
AGREE    BY E2                    39.424    -0.650     -0.309       -0.444
AGREE    BY E4                    11.652     0.302      0.144        0.211
AGREE    BY E5                    23.331    -0.347     -0.165       -0.321
AGREE    BY E6                     5.577     0.206      0.098        0.133
AGREE    BY E8                    11.056     0.216      0.103        0.168
AGREE    BY E9                     9.771    -0.277     -0.132       -0.193
AGREE    BY N1                    45.511    -0.510     -0.243       -0.339
AGREE    BY N2                     4.071    -0.125     -0.060       -0.092
AGREE    BY N3                    42.232     0.418      0.199        0.292
AGREE    BY N4                    10.694     0.288      0.137        0.192
AGREE    BY N5                     8.527    -0.143     -0.068       -0.129
AGREE    BY N6                    51.189     0.574      0.273        0.378
AGREE    BY N7                     5.308     0.131      0.062        0.111
AGREE    BY O1                    62.642    -0.754     -0.359       -0.691
AGREE    BY O7                     4.185     0.245      0.117        0.148
AGREE    BY O8                    17.095     0.594      0.283        0.416
AGREE    BY O9                     6.041    -0.316     -0.151       -0.207
CONSC    BY A1                     8.423     0.307      0.097        0.163
CONSC    BY A3                    44.800     0.748      0.236        0.369
CONSC    BY A5                    18.977    -0.396     -0.125       -0.260
CONSC    BY A6                     4.324    -0.284     -0.090       -0.126
CONSC    BY E2                    29.090    -0.988     -0.312       -0.448
CONSC    BY E3                     6.787     0.439      0.138        0.201
CONSC    BY N3                    53.221     0.861      0.272        0.399
CONSC    BY N5                    75.187    -0.781     -0.246       -0.466
CONSC    BY N6                    32.273     0.837      0.264        0.365
CONSC    BY N7                     4.827     0.228      0.072        0.129
CONSC    BY O4                     5.305    -0.439     -0.139       -0.165
CONSC    BY O5                     8.803    -0.483     -0.152       -0.201
CONSC    BY O8                     7.139    -0.419     -0.132       -0.195
CONSC    BY O9                    15.410     0.555      0.175        0.241
EXTRA    BY A1                    25.146    -0.603     -0.150       -0.252
EXTRA    BY A3                    75.585    -1.098     -0.273       -0.427
EXTRA    BY A4                    21.169     0.402      0.100        0.255
EXTRA    BY A5                    42.795     0.671      0.167        0.347
EXTRA    BY C1                     4.702    -0.422     -0.105       -0.131
EXTRA    BY C2                    50.819     1.290      0.321        0.384
EXTRA    BY C4                    36.069     0.976      0.243        0.337
EXTRA    BY C7                     4.293    -0.333     -0.083       -0.126
EXTRA    BY N1                    15.474     0.754      0.188        0.262
EXTRA    BY N3                    37.560    -1.009     -0.251       -0.368
EXTRA    BY N4                    11.254    -0.754     -0.188       -0.264
EXTRA    BY N5                    12.245     0.443      0.110        0.208
EXTRA    BY N6                     4.910    -0.458     -0.114       -0.157
EXTRA    BY N7                     4.272    -0.298     -0.074       -0.133
EXTRA    BY O1                     7.579    -0.429     -0.107       -0.205
EXTRA    BY O4                    12.656     1.012      0.252        0.300
EXTRA    BY O5                     8.758     0.718      0.179        0.236
NEURO    BY A1                    17.990    -0.849     -0.127       -0.214
NEURO    BY A3                    73.387    -1.802     -0.270       -0.422
NEURO    BY A4                    27.542     0.770      0.115        0.294
NEURO    BY A5                    48.776     1.198      0.180        0.373
NEURO    BY A7                    17.393    -0.752     -0.113       -0.193
NEURO    BY C1                    21.730    -1.599     -0.240       -0.300
NEURO    BY C2                    67.852     2.622      0.393        0.469
NEURO    BY C4                    32.841     1.655      0.248        0.344
NEURO    BY C6                    20.857     0.610      0.091        0.282
NEURO    BY C9                    15.546    -0.654     -0.098       -0.251
NEURO    BY E2                    42.313    -3.266     -0.490       -0.703
NEURO    BY E4                    14.604     2.163      0.324        0.476
NEURO    BY E7                     7.342    -1.234     -0.185       -0.280
NEURO    BY E8                     6.437     0.831      0.125        0.204
NEURO    BY E9                     7.112    -1.254     -0.188       -0.275
NEURO    BY O1                    43.924    -1.568     -0.235       -0.452
NEURO    BY O4                    24.493     2.126      0.319        0.379
NEURO    BY O5                    14.460     1.398      0.210        0.277
NEURO    BY O7                     7.259     0.799      0.120        0.152
NEURO    BY O8                     8.733     1.064      0.160        0.235
NEURO    BY O9                    21.119    -1.461     -0.219       -0.301
OPEN     BY A1                    24.909     0.865      0.283        0.476
OPEN     BY A3                    48.750     1.140      0.373        0.582
OPEN     BY A4                    39.300    -0.719     -0.235       -0.598
OPEN     BY A5                    25.182    -0.671     -0.219       -0.456
OPEN     BY A7                     8.192     0.403      0.132        0.226
OPEN     BY C2                    24.043    -0.733     -0.240       -0.286
OPEN     BY C3                     7.390     0.210      0.069        0.158
OPEN     BY C4                    33.149    -0.786     -0.257       -0.357
OPEN     BY C7                    14.701     0.508      0.166        0.253
OPEN     BY E2                     8.438    -0.638     -0.209       -0.300
OPEN     BY E3                    17.790     0.899      0.294        0.427
OPEN     BY E5                    15.487    -0.654     -0.214       -0.416
OPEN     BY E6                    22.550     0.916      0.299        0.408
OPEN     BY E7                    13.783     0.726      0.237        0.359
OPEN     BY E8                     4.255     0.292      0.096        0.156
OPEN     BY E9                     9.344    -0.601     -0.197       -0.287
OPEN     BY N1                    37.056    -0.875     -0.286       -0.400
OPEN     BY N3                    43.275     0.811      0.265        0.389
OPEN     BY N4                    17.277     0.706      0.231        0.324
OPEN     BY N5                     7.448    -0.258     -0.084       -0.160
OPEN     BY N6                    40.276     0.976      0.319        0.441
ALPHA    BY E1                     8.212     0.062      0.062        0.118
ALPHA    BY E2                    69.971     0.328      0.328        0.471
ALPHA    BY E3                    29.909     0.189      0.189        0.275
ALPHA    BY E4                    29.925    -0.155     -0.155       -0.227
ALPHA    BY E5                    94.887     0.243      0.243        0.472
ALPHA    BY E6                    58.475     0.254      0.254        0.346
ALPHA    BY E7                     6.848     0.088      0.088        0.133
ALPHA    BY E8                     5.229     0.057      0.057        0.093
ALPHA    BY E9                    14.247    -0.122     -0.122       -0.179
ALPHA    BY O1                    25.978     0.120      0.120        0.231
ALPHA    BY O2                     4.983    -0.070     -0.070       -0.100
ALPHA    BY O6                    28.755     0.140      0.140        0.213
ALPHA    BY O7                    23.194    -0.140     -0.140       -0.177
BETA     BY A5                    22.786     0.113      0.113        0.235
BETA     BY A6                    19.251     0.156      0.156        0.220
BETA     BY A8                     4.397     0.045      0.045        0.099
BETA     BY C3                     4.723     0.039      0.039        0.089
BETA     BY C4                    10.457    -0.102     -0.102       -0.142
BETA     BY C6                    22.304    -0.069     -0.069       -0.214
BETA     BY N2                    45.105    -0.181     -0.181       -0.280
BETA     BY N3                    12.502    -0.099     -0.099       -0.145
BETA     BY N4                    25.808    -0.181     -0.181       -0.254
BETA     BY N6                     7.369     0.096      0.096        0.132

ON/BY Statements

AGREE    ON BETA     /
BETA     BY AGREE                 36.759     0.207      0.434        0.434
CONSC    ON BETA     /
BETA     BY CONSC                 35.306    -0.113     -0.357       -0.357
EXTRA    ON ALPHA    /
ALPHA    BY EXTRA                  9.284    -0.044     -0.176       -0.176
NEURO    ON BETA     /
BETA     BY NEURO                  5.215    -0.027     -0.181       -0.181
ALPHA    ON AGREE    /
AGREE    BY ALPHA                  6.226     0.461      0.220        0.220
ALPHA    ON CONSC    /
CONSC    BY ALPHA                 22.512     1.436      0.453        0.453
ALPHA    ON EXTRA    /
EXTRA    BY ALPHA                 13.096    -0.980     -0.244       -0.244
ALPHA    ON NEURO    /
NEURO    BY ALPHA                 20.066    -2.246     -0.337       -0.337
ALPHA    ON OPEN     /
OPEN     BY ALPHA                 12.606     0.737      0.241        0.241
BETA     ON AGREE    /
AGREE    BY BETA                  15.304     0.773      0.368        0.368
BETA     ON CONSC    /
CONSC    BY BETA                  24.447    -1.628     -0.514       -0.514
BETA     ON OPEN     /
OPEN     BY BETA                   5.384     1.144      0.374        0.374

WITH Statements

A2       WITH A1                  11.987     0.035      0.035        0.318
A3       WITH A1                   5.310     0.026      0.026        0.158
A3       WITH A2                  14.736     0.039      0.039        0.253
A5       WITH A3                   9.283    -0.034     -0.034       -0.174
A6       WITH A4                  26.991     0.061      0.061        0.291
A7       WITH A3                  13.001     0.043      0.043        0.216
A7       WITH A5                  27.780    -0.051     -0.051       -0.307
C1       WITH A2                   7.235     0.034      0.034        0.172
C1       WITH A3                  74.215     0.154      0.154        0.503
C1       WITH A4                   5.970    -0.031     -0.031       -0.138
C1       WITH A5                   4.465    -0.031     -0.031       -0.121
C1       WITH A7                   7.592     0.042      0.042        0.163
C2       WITH A1                   4.580    -0.028     -0.028       -0.141
C2       WITH A2                   5.836     0.028      0.028        0.154
C2       WITH A3                   8.373    -0.047     -0.047       -0.169
C2       WITH A4                  15.689     0.046      0.046        0.224
C2       WITH A7                  13.277    -0.051     -0.051       -0.216
C3       WITH A2                   7.299    -0.016     -0.016       -0.182
C3       WITH A3                   4.628    -0.018     -0.018       -0.132
C3       WITH C1                  15.228    -0.043     -0.043       -0.236
C3       WITH C2                   8.131    -0.029     -0.029       -0.175
C4       WITH A4                  14.582     0.040      0.040        0.215
C4       WITH A7                   4.245    -0.026     -0.026       -0.121
C4       WITH C2                  25.523     0.094      0.094        0.305
C4       WITH C3                  10.886    -0.030     -0.030       -0.199
C5       WITH A3                   7.019    -0.028     -0.028       -0.192
C5       WITH C2                   8.430    -0.045     -0.045       -0.254
C5       WITH C3                   4.734     0.015      0.015        0.174
C6       WITH A4                   6.944     0.013      0.013        0.147
C6       WITH A7                  18.384    -0.025     -0.025       -0.249
C6       WITH C2                  20.899     0.039      0.039        0.271
C6       WITH C3                  15.614    -0.017     -0.017       -0.235
C6       WITH C4                  48.151     0.055      0.055        0.414
C7       WITH A3                   4.765    -0.032     -0.032       -0.124
C7       WITH A4                   5.139    -0.024     -0.024       -0.125
C7       WITH A5                   7.838    -0.034     -0.034       -0.155
C7       WITH A8                   8.495     0.031      0.031        0.165
C7       WITH C2                   5.048    -0.041     -0.041       -0.129
C7       WITH C3                   6.983     0.024      0.024        0.156
C7       WITH C4                  20.921    -0.075     -0.075       -0.262
C8       WITH A2                   4.451    -0.021     -0.021       -0.130
C8       WITH A8                   4.818    -0.022     -0.022       -0.124
C8       WITH C1                   5.629    -0.044     -0.044       -0.135
C8       WITH C3                   9.067     0.026      0.026        0.176
C8       WITH C7                   8.661     0.045      0.045        0.162
C9       WITH A5                   4.779    -0.016     -0.016       -0.122
E2       WITH A2                   4.440     0.027      0.027        0.126
E2       WITH A3                   6.221     0.045      0.045        0.137
E2       WITH A4                   5.238    -0.030     -0.030       -0.123
E2       WITH A5                  23.834    -0.073     -0.073       -0.264
E2       WITH A7                  20.337     0.071      0.071        0.252
E2       WITH C1                  10.149     0.076      0.076        0.176
E2       WITH C2                  15.311    -0.087     -0.087       -0.217
E2       WITH C3                  25.959     0.057      0.057        0.289
E2       WITH C4                  21.727    -0.094     -0.094       -0.259
E2       WITH C6                  34.017    -0.055     -0.055       -0.319
E2       WITH C7                   4.928     0.045      0.045        0.120
E3       WITH A4                   4.098    -0.022     -0.022       -0.112
E3       WITH A6                   5.366    -0.045     -0.045       -0.130
E3       WITH E1                   4.145     0.025      0.025        0.135
E4       WITH A3                   8.386    -0.035     -0.035       -0.156
E4       WITH A6                   4.592     0.032      0.032        0.114
E4       WITH A8                   5.748     0.021      0.021        0.130
E4       WITH C1                   6.521    -0.041     -0.041       -0.138
E4       WITH C3                   4.346     0.016      0.016        0.117
E4       WITH C9                   4.873     0.017      0.017        0.116
E4       WITH E1                   5.672     0.023      0.023        0.147
E4       WITH E2                   8.031    -0.047     -0.047       -0.148
E5       WITH A3                  21.778     0.052      0.052        0.251
E5       WITH A4                   8.182    -0.022     -0.022       -0.150
E5       WITH A7                  14.713     0.037      0.037        0.210
E5       WITH C1                  73.868     0.126      0.126        0.464
E5       WITH E2                  41.112     0.097      0.097        0.332
E5       WITH E3                  12.792     0.049      0.049        0.201
E5       WITH E4                  31.159    -0.065     -0.065       -0.325
E6       WITH A1                   7.337    -0.034     -0.034       -0.184
E6       WITH A5                  19.128     0.054      0.054        0.256
E6       WITH E3                  14.145     0.072      0.072        0.237
E6       WITH E5                  33.039     0.075      0.075        0.334
E7       WITH A7                   4.188     0.027      0.027        0.115
E7       WITH C1                  10.533    -0.066     -0.066       -0.180
E7       WITH C3                   9.343     0.029      0.029        0.174
E7       WITH E2                  11.823     0.073      0.073        0.183
E7       WITH E3                  15.439     0.073      0.073        0.219
E7       WITH E6                   4.903     0.040      0.040        0.131
E8       WITH A6                   5.227     0.031      0.031        0.138
E9       WITH A1                   4.857    -0.027     -0.027       -0.140
E9       WITH A5                   4.300    -0.025     -0.025       -0.113
E9       WITH A8                  10.468     0.035      0.035        0.180
E9       WITH C6                   9.818    -0.024     -0.024       -0.172
E9       WITH C9                  11.643     0.032      0.032        0.185
E9       WITH E2                   4.320     0.042      0.042        0.111
E9       WITH E4                  13.388     0.053      0.053        0.205
E9       WITH E5                   4.603    -0.027     -0.027       -0.116
E9       WITH E8                  12.718    -0.046     -0.046       -0.222
N1       WITH A2                  13.363     0.040      0.040        0.231
N1       WITH A4                  25.091    -0.054     -0.054       -0.280
N1       WITH A5                  19.250     0.055      0.055        0.248
N1       WITH A6                  16.374    -0.076     -0.076       -0.229
N1       WITH A8                   4.692    -0.024     -0.024       -0.125
N1       WITH C1                  11.559     0.069      0.069        0.196
N1       WITH E2                   4.354     0.043      0.043        0.114
N1       WITH E5                  10.633     0.041      0.041        0.175
N2       WITH A5                   9.169    -0.030     -0.030       -0.177
N2       WITH A6                  18.889    -0.064     -0.064       -0.255
N2       WITH C6                   7.870     0.017      0.017        0.164
N2       WITH E3                   8.370     0.041      0.041        0.172
N2       WITH E4                  14.745    -0.044     -0.044       -0.227
N2       WITH E7                   7.000     0.037      0.037        0.153
N3       WITH A2                  16.463    -0.038     -0.038       -0.263
N3       WITH A4                   4.819     0.020      0.020        0.126
N3       WITH A6                   8.056    -0.045     -0.045       -0.165
N3       WITH C1                   7.758    -0.047     -0.047       -0.165
N3       WITH C3                  10.878     0.026      0.026        0.204
N3       WITH C4                   6.222     0.035      0.035        0.147
N3       WITH C5                   4.412     0.021      0.021        0.154
N3       WITH C6                  15.080     0.026      0.026        0.226
N3       WITH C8                   7.782     0.037      0.037        0.160
N3       WITH E2                   9.531    -0.054     -0.054       -0.173
N3       WITH N2                  12.019     0.041      0.041        0.218
N4       WITH A3                   4.904     0.032      0.032        0.131
N4       WITH A5                  17.460    -0.050     -0.050       -0.242
N4       WITH A6                   4.490    -0.038     -0.038       -0.124
N4       WITH C2                   4.827    -0.039     -0.039       -0.130
N4       WITH C5                   6.656    -0.030     -0.030       -0.194
N4       WITH C6                   5.863     0.018      0.018        0.141
N4       WITH C7                   4.193     0.032      0.032        0.118
N4       WITH C8                   4.873     0.033      0.033        0.126
N4       WITH E2                  10.037     0.064      0.064        0.183
N4       WITH E6                   4.407    -0.036     -0.036       -0.133
N4       WITH N1                   9.939    -0.052     -0.052       -0.185
N4       WITH N2                   9.722     0.044      0.044        0.205
N5       WITH A1                   5.228    -0.018     -0.018       -0.158
N5       WITH A2                   9.550     0.021      0.021        0.203
N5       WITH A3                   7.795    -0.027     -0.027       -0.168
N5       WITH A6                   5.891     0.028      0.028        0.144
N5       WITH A8                   6.269     0.017      0.017        0.151
N5       WITH C2                  31.984     0.065      0.065        0.340
N5       WITH C5                   6.774    -0.020     -0.020       -0.195
N5       WITH E2                   7.878     0.036      0.036        0.161
N5       WITH E3                   5.514     0.026      0.026        0.140
N5       WITH E7                  10.097     0.035      0.035        0.185
N5       WITH N2                   5.220     0.021      0.021        0.150
N5       WITH N3                   5.065    -0.021     -0.021       -0.143
N6       WITH A2                  27.022    -0.061     -0.061       -0.321
N6       WITH A3                  20.840    -0.075     -0.075       -0.258
N6       WITH A5                  60.671     0.105      0.105        0.432
N6       WITH A6                   4.080    -0.041     -0.041       -0.112
N6       WITH A7                   7.099    -0.038     -0.038       -0.153
N6       WITH C1                  10.539    -0.070     -0.070       -0.183
N6       WITH C3                   4.705     0.022      0.022        0.127
N6       WITH C4                   4.834     0.040      0.040        0.124
N6       WITH C5                   7.982     0.036      0.036        0.199
N6       WITH E2                  29.210    -0.120     -0.120       -0.291
N6       WITH E3                  16.075     0.077      0.077        0.223
N6       WITH E4                  21.413     0.070      0.070        0.248
N6       WITH E5                   6.906    -0.036     -0.036       -0.140
N6       WITH E6                  14.335     0.070      0.070        0.220
N6       WITH N3                  29.027     0.085      0.085        0.312
N6       WITH N4                  16.424    -0.072     -0.072       -0.236
N6       WITH N5                   9.232    -0.036     -0.036       -0.180
N7       WITH A2                  14.787    -0.032     -0.032       -0.244
N7       WITH A4                  32.332     0.046      0.046        0.320
N7       WITH A5                   7.361     0.026      0.026        0.154
N7       WITH A6                  10.441     0.045      0.045        0.184
N7       WITH C1                   5.116    -0.034     -0.034       -0.131
N7       WITH E2                   4.023    -0.031     -0.031       -0.110
N7       WITH E5                   9.789    -0.030     -0.030       -0.169
N7       WITH N1                   8.374    -0.038     -0.038       -0.167
N7       WITH N5                   5.802    -0.020     -0.020       -0.147
N7       WITH N6                  13.745     0.052      0.052        0.209
O1       WITH A2                   8.517     0.023      0.023        0.180
O1       WITH A3                   6.912     0.029      0.029        0.149
O1       WITH A4                  22.712    -0.037     -0.037       -0.263
O1       WITH A5                  13.309    -0.033     -0.033       -0.203
O1       WITH A6                   7.503    -0.037     -0.037       -0.154
O1       WITH A7                  20.772     0.043      0.043        0.262
O1       WITH C1                   6.327     0.036      0.036        0.142
O1       WITH C2                  12.824    -0.047     -0.047       -0.204
O1       WITH C3                  11.659     0.023      0.023        0.199
O1       WITH C4                  12.221    -0.042     -0.042       -0.199
O1       WITH C6                   9.605    -0.017     -0.017       -0.174
O1       WITH E2                  90.896     0.142      0.142        0.519
O1       WITH E3                   7.459     0.035      0.035        0.154
O1       WITH E4                  15.261    -0.039     -0.039       -0.211
O1       WITH E5                  31.894     0.052      0.052        0.303
O1       WITH E7                  22.064     0.060      0.060        0.258
O1       WITH E9                   6.018     0.030      0.030        0.135
O1       WITH N2                  11.399     0.033      0.033        0.197
O1       WITH N3                   4.461    -0.022     -0.022       -0.121
O1       WITH N4                   8.087     0.034      0.034        0.166
O1       WITH N5                   5.522     0.018      0.018        0.138
O1       WITH N6                  27.683    -0.070     -0.070       -0.291
O1       WITH N7                  18.263    -0.040     -0.040       -0.241
O2       WITH A2                  15.981    -0.041     -0.041       -0.246
O2       WITH C2                  10.743    -0.058     -0.058       -0.186
O2       WITH C3                  12.252     0.031      0.031        0.203
O2       WITH C5                  11.811     0.039      0.039        0.243
O2       WITH C9                  11.886    -0.032     -0.032       -0.191
O2       WITH E1                   6.844     0.029      0.029        0.163
O2       WITH E4                   5.343     0.032      0.032        0.127
O2       WITH E5                  11.717    -0.042     -0.042       -0.185
O2       WITH E8                   8.691     0.037      0.037        0.183
O2       WITH N5                  13.254    -0.037     -0.037       -0.213
O2       WITH N7                  11.097     0.041      0.041        0.186
O3       WITH A1                  15.684     0.032      0.032        0.271
O3       WITH C5                   9.701    -0.024     -0.024       -0.232
O3       WITH C9                   5.635     0.015      0.015        0.138
O3       WITH E4                   5.195    -0.021     -0.021       -0.132
O3       WITH E5                   4.656     0.018      0.018        0.123
O3       WITH N4                   8.184     0.030      0.030        0.175
O3       WITH N5                   6.525     0.017      0.017        0.157
O3       WITH N6                  11.516    -0.039     -0.039       -0.195
O3       WITH N7                   4.625    -0.017     -0.017       -0.126
O3       WITH O1                  14.980     0.031      0.031        0.232
O3       WITH O2                  22.218    -0.050     -0.050       -0.281
O4       WITH A2                   4.022     0.029      0.029        0.122
O4       WITH A5                   8.364     0.048      0.048        0.158
O4       WITH A7                   5.950    -0.042     -0.042       -0.138
O4       WITH C1                   5.017    -0.059     -0.059       -0.125
O4       WITH C2                   5.847     0.059      0.059        0.136
O4       WITH C8                   7.098    -0.056     -0.056       -0.145
O4       WITH C9                  10.896     0.043      0.043        0.181
O4       WITH E2                   5.720    -0.066     -0.066       -0.128
O4       WITH E6                  17.250     0.096      0.096        0.244
O4       WITH N4                   4.788    -0.048     -0.048       -0.125
O4       WITH N6                   5.124     0.056      0.056        0.123
O5       WITH A3                   5.205    -0.039     -0.039       -0.127
O5       WITH A7                   7.255    -0.039     -0.039       -0.153
O5       WITH C7                   7.202     0.050      0.050        0.147
O5       WITH E5                   4.025    -0.029     -0.029       -0.106
O5       WITH E8                   4.408     0.031      0.031        0.129
O5       WITH N5                   6.895     0.032      0.032        0.152
O5       WITH O4                  39.187     0.161      0.161        0.342
O6       WITH C6                  13.465     0.022      0.022        0.219
O6       WITH C9                  11.208    -0.026     -0.026       -0.198
O6       WITH E3                   6.404     0.036      0.036        0.153
O6       WITH E4                  14.529    -0.042     -0.042       -0.221
O6       WITH E5                  20.007     0.045      0.045        0.256
O6       WITH E6                  14.307     0.052      0.052        0.244
O6       WITH E9                  13.005    -0.048     -0.048       -0.212
O6       WITH N3                   6.896     0.030      0.030        0.161
O7       WITH A3                   5.931    -0.032     -0.032       -0.147
O7       WITH A8                   4.172    -0.020     -0.020       -0.126
O7       WITH C1                   4.566    -0.037     -0.037       -0.129
O7       WITH C9                  12.819    -0.030     -0.030       -0.213
O7       WITH E2                  20.440    -0.082     -0.082       -0.265
O7       WITH E4                   9.661     0.039      0.039        0.184
O7       WITH E5                  24.511    -0.056     -0.056       -0.288
O7       WITH N3                   4.084     0.025      0.025        0.124
O7       WITH O2                  21.278     0.069      0.069        0.284
O7       WITH O3                   9.347    -0.032     -0.032       -0.209
O7       WITH O6                   4.264     0.027      0.027        0.146
O8       WITH A5                  65.767     0.104      0.104        0.442
O8       WITH A6                  19.362     0.084      0.084        0.242
O8       WITH A7                  18.406    -0.057     -0.057       -0.242
O8       WITH C9                   4.127    -0.020     -0.020       -0.111
O8       WITH E2                  16.169    -0.086     -0.086       -0.215
O8       WITH E6                  21.287     0.085      0.085        0.279
O8       WITH E7                   8.223    -0.053     -0.053       -0.156
O8       WITH N2                  21.718    -0.066     -0.066       -0.270
O8       WITH N4                   4.976    -0.039     -0.039       -0.131
O8       WITH N6                  14.173     0.072      0.072        0.205
O8       WITH O1                   6.139    -0.032     -0.032       -0.136
O8       WITH O4                   4.718     0.051      0.051        0.117
O9       WITH A3                   6.400     0.037      0.037        0.146
O9       WITH A5                  10.105    -0.039     -0.039       -0.180
O9       WITH C7                   6.428    -0.041     -0.041       -0.143
O9       WITH C8                   7.619    -0.042     -0.042       -0.155
O9       WITH C9                  26.256     0.049      0.049        0.290
O9       WITH E5                   7.685     0.034      0.034        0.151
O9       WITH N4                   6.819     0.042      0.042        0.155
O9       WITH N5                   5.072     0.024      0.024        0.135
O9       WITH O2                  15.181    -0.063     -0.063       -0.223
O9       WITH O5                   5.775    -0.046     -0.046       -0.137
O9       WITH O7                   8.318    -0.045     -0.045       -0.186
ALPHA    WITH AGREE               36.759    -1.531     -3.218       -3.218
ALPHA    WITH CONSC               35.305     0.836      2.648        2.648
ALPHA    WITH EXTRA                9.284    -0.043     -0.173       -0.173
ALPHA    WITH NEURO                5.215     0.201      1.341        1.341
BETA     WITH AGREE               36.759     0.203      0.427        0.427
BETA     WITH CONSC               35.306    -0.111     -0.351       -0.351
BETA     WITH EXTRA                9.284     0.325      1.306        1.306
BETA     WITH NEURO                5.215    -0.027     -0.178       -0.178


     Beginning Time:  14:53:10
        Ending Time:  14:53:12
       Elapsed Time:  00:00:02



MUTHEN & MUTHEN
3463 Stoner Ave.
Los Angeles, CA  90066

Tel: (310) 391-9971
Fax: (310) 391-8971
Web: www.StatModel.com
Support: Support@StatModel.com

Copyright (c) 1998-2015 Muthen & Muthen
