Mplus VERSION 7.1
MUTHEN & MUTHEN
09/29/2015   2:59 PM

INPUT INSTRUCTIONS

  TITLE:

  DATA:
  FILE IS  "factorscores_CFA.txt";
  Variable:
  Names are
  VPN
  A1
  A2
  A3
  A4
  A5
  A6
  A7
  A8
  C1
  C2
  C3
  C4
  C5
  C6
  C7
  C8
  C9
  E1
  E2
  E3
  E4
  E5
  E6
  E7
  E8
  E9
  N1
  N2
  N3
  N4
  N5
  N6
  N7
  O1
  O2
  O3
  O4
  O5
  O6
  O7
  O8
  O9
  ;

  USEVARIABLES ARE
  A1
  A2
  A3
  A4
  A5
  A6
  A7
  A8
  C1
  C2
  C3
  C4
  C5
  C6
  C7
  C8
  C9
  E1
  E2
  E3
  E4
  E5
  E6
  E7
  E8
  E9
  N1
  N2
  N3
  N4
  N5
  N6
  N7
  O1
  O2
  O3
  O4
  O5
  O6
  O7
  O8
  O9
  ;

  MISSING ARE ALL (-99);

  Model:

  agree by
  A1
  A2
  A3
  A4
  A5
  A6
  A7
  A8
  ;

  consc by
  C1
  C2
  C3
  C4
  C5
  C6
  C7
  C8
  C9
  ;

  extra by
  E1
  E2
  E3
  E4
  E5
  E6
  E7
  E8
  E9;

  neuro by
  N1
  N2
  N3
  N4
  N5
  N6
  N7
  ;

  open by
  O1
  O2
  O3
  O4
  O5
  O6
  O7
  O8
  O9
  ;

  E5 WITH C1;
  N6 WITH A5;
  E2 WITH C3;
  E2 WITH O1;
  A6 WITH A1;
  A6 WITH A4;
  C6 WITH C4;
  N4 WITH A3;
  N7 WITH A4;
  O8 WITH A5;
  O8 WITH E6;


  Analysis:
  ESTIMATOR IS ML;
  iterations = 10000;

  OUTPUT: STDYX MODINDICES(4);



INPUT READING TERMINATED NORMALLY




SUMMARY OF ANALYSIS

Number of groups                                                 1
Number of observations                                         361

Number of dependent variables                                   42
Number of independent variables                                  0
Number of continuous latent variables                            5

Observed dependent variables

  Continuous
   A1          A2          A3          A4          A5          A6
   A7          A8          C1          C2          C3          C4
   C5          C6          C7          C8          C9          E1
   E2          E3          E4          E5          E6          E7
   E8          E9          N1          N2          N3          N4
   N5          N6          N7          O1          O2          O3
   O4          O5          O6          O7          O8          O9

Continuous latent variables
   AGREE       CONSC       EXTRA       NEURO       OPEN


Estimator                                                       ML
Information matrix                                        OBSERVED
Maximum number of iterations                                 10000
Convergence criterion                                    0.500D-04
Maximum number of steepest descent iterations                   20
Maximum number of iterations for H1                           2000
Convergence criterion for H1                             0.100D-03

Input data file(s)
  factorscores_CFA.txt

Input data format  FREE


SUMMARY OF DATA

     Number of missing data patterns             1


COVARIANCE COVERAGE OF DATA

Minimum covariance coverage value   0.100


     PROPORTION OF DATA PRESENT


           Covariance Coverage
              A1            A2            A3            A4            A5
              ________      ________      ________      ________      ________
 A1             1.000
 A2             1.000         1.000
 A3             1.000         1.000         1.000
 A4             1.000         1.000         1.000         1.000
 A5             1.000         1.000         1.000         1.000         1.000
 A6             1.000         1.000         1.000         1.000         1.000
 A7             1.000         1.000         1.000         1.000         1.000
 A8             1.000         1.000         1.000         1.000         1.000
 C1             1.000         1.000         1.000         1.000         1.000
 C2             1.000         1.000         1.000         1.000         1.000
 C3             1.000         1.000         1.000         1.000         1.000
 C4             1.000         1.000         1.000         1.000         1.000
 C5             1.000         1.000         1.000         1.000         1.000
 C6             1.000         1.000         1.000         1.000         1.000
 C7             1.000         1.000         1.000         1.000         1.000
 C8             1.000         1.000         1.000         1.000         1.000
 C9             1.000         1.000         1.000         1.000         1.000
 E1             1.000         1.000         1.000         1.000         1.000
 E2             1.000         1.000         1.000         1.000         1.000
 E3             1.000         1.000         1.000         1.000         1.000
 E4             1.000         1.000         1.000         1.000         1.000
 E5             1.000         1.000         1.000         1.000         1.000
 E6             1.000         1.000         1.000         1.000         1.000
 E7             1.000         1.000         1.000         1.000         1.000
 E8             1.000         1.000         1.000         1.000         1.000
 E9             1.000         1.000         1.000         1.000         1.000
 N1             1.000         1.000         1.000         1.000         1.000
 N2             1.000         1.000         1.000         1.000         1.000
 N3             1.000         1.000         1.000         1.000         1.000
 N4             1.000         1.000         1.000         1.000         1.000
 N5             1.000         1.000         1.000         1.000         1.000
 N6             1.000         1.000         1.000         1.000         1.000
 N7             1.000         1.000         1.000         1.000         1.000
 O1             1.000         1.000         1.000         1.000         1.000
 O2             1.000         1.000         1.000         1.000         1.000
 O3             1.000         1.000         1.000         1.000         1.000
 O4             1.000         1.000         1.000         1.000         1.000
 O5             1.000         1.000         1.000         1.000         1.000
 O6             1.000         1.000         1.000         1.000         1.000
 O7             1.000         1.000         1.000         1.000         1.000
 O8             1.000         1.000         1.000         1.000         1.000
 O9             1.000         1.000         1.000         1.000         1.000


           Covariance Coverage
              A6            A7            A8            C1            C2
              ________      ________      ________      ________      ________
 A6             1.000
 A7             1.000         1.000
 A8             1.000         1.000         1.000
 C1             1.000         1.000         1.000         1.000
 C2             1.000         1.000         1.000         1.000         1.000
 C3             1.000         1.000         1.000         1.000         1.000
 C4             1.000         1.000         1.000         1.000         1.000
 C5             1.000         1.000         1.000         1.000         1.000
 C6             1.000         1.000         1.000         1.000         1.000
 C7             1.000         1.000         1.000         1.000         1.000
 C8             1.000         1.000         1.000         1.000         1.000
 C9             1.000         1.000         1.000         1.000         1.000
 E1             1.000         1.000         1.000         1.000         1.000
 E2             1.000         1.000         1.000         1.000         1.000
 E3             1.000         1.000         1.000         1.000         1.000
 E4             1.000         1.000         1.000         1.000         1.000
 E5             1.000         1.000         1.000         1.000         1.000
 E6             1.000         1.000         1.000         1.000         1.000
 E7             1.000         1.000         1.000         1.000         1.000
 E8             1.000         1.000         1.000         1.000         1.000
 E9             1.000         1.000         1.000         1.000         1.000
 N1             1.000         1.000         1.000         1.000         1.000
 N2             1.000         1.000         1.000         1.000         1.000
 N3             1.000         1.000         1.000         1.000         1.000
 N4             1.000         1.000         1.000         1.000         1.000
 N5             1.000         1.000         1.000         1.000         1.000
 N6             1.000         1.000         1.000         1.000         1.000
 N7             1.000         1.000         1.000         1.000         1.000
 O1             1.000         1.000         1.000         1.000         1.000
 O2             1.000         1.000         1.000         1.000         1.000
 O3             1.000         1.000         1.000         1.000         1.000
 O4             1.000         1.000         1.000         1.000         1.000
 O5             1.000         1.000         1.000         1.000         1.000
 O6             1.000         1.000         1.000         1.000         1.000
 O7             1.000         1.000         1.000         1.000         1.000
 O8             1.000         1.000         1.000         1.000         1.000
 O9             1.000         1.000         1.000         1.000         1.000


           Covariance Coverage
              C3            C4            C5            C6            C7
              ________      ________      ________      ________      ________
 C3             1.000
 C4             1.000         1.000
 C5             1.000         1.000         1.000
 C6             1.000         1.000         1.000         1.000
 C7             1.000         1.000         1.000         1.000         1.000
 C8             1.000         1.000         1.000         1.000         1.000
 C9             1.000         1.000         1.000         1.000         1.000
 E1             1.000         1.000         1.000         1.000         1.000
 E2             1.000         1.000         1.000         1.000         1.000
 E3             1.000         1.000         1.000         1.000         1.000
 E4             1.000         1.000         1.000         1.000         1.000
 E5             1.000         1.000         1.000         1.000         1.000
 E6             1.000         1.000         1.000         1.000         1.000
 E7             1.000         1.000         1.000         1.000         1.000
 E8             1.000         1.000         1.000         1.000         1.000
 E9             1.000         1.000         1.000         1.000         1.000
 N1             1.000         1.000         1.000         1.000         1.000
 N2             1.000         1.000         1.000         1.000         1.000
 N3             1.000         1.000         1.000         1.000         1.000
 N4             1.000         1.000         1.000         1.000         1.000
 N5             1.000         1.000         1.000         1.000         1.000
 N6             1.000         1.000         1.000         1.000         1.000
 N7             1.000         1.000         1.000         1.000         1.000
 O1             1.000         1.000         1.000         1.000         1.000
 O2             1.000         1.000         1.000         1.000         1.000
 O3             1.000         1.000         1.000         1.000         1.000
 O4             1.000         1.000         1.000         1.000         1.000
 O5             1.000         1.000         1.000         1.000         1.000
 O6             1.000         1.000         1.000         1.000         1.000
 O7             1.000         1.000         1.000         1.000         1.000
 O8             1.000         1.000         1.000         1.000         1.000
 O9             1.000         1.000         1.000         1.000         1.000


           Covariance Coverage
              C8            C9            E1            E2            E3
              ________      ________      ________      ________      ________
 C8             1.000
 C9             1.000         1.000
 E1             1.000         1.000         1.000
 E2             1.000         1.000         1.000         1.000
 E3             1.000         1.000         1.000         1.000         1.000
 E4             1.000         1.000         1.000         1.000         1.000
 E5             1.000         1.000         1.000         1.000         1.000
 E6             1.000         1.000         1.000         1.000         1.000
 E7             1.000         1.000         1.000         1.000         1.000
 E8             1.000         1.000         1.000         1.000         1.000
 E9             1.000         1.000         1.000         1.000         1.000
 N1             1.000         1.000         1.000         1.000         1.000
 N2             1.000         1.000         1.000         1.000         1.000
 N3             1.000         1.000         1.000         1.000         1.000
 N4             1.000         1.000         1.000         1.000         1.000
 N5             1.000         1.000         1.000         1.000         1.000
 N6             1.000         1.000         1.000         1.000         1.000
 N7             1.000         1.000         1.000         1.000         1.000
 O1             1.000         1.000         1.000         1.000         1.000
 O2             1.000         1.000         1.000         1.000         1.000
 O3             1.000         1.000         1.000         1.000         1.000
 O4             1.000         1.000         1.000         1.000         1.000
 O5             1.000         1.000         1.000         1.000         1.000
 O6             1.000         1.000         1.000         1.000         1.000
 O7             1.000         1.000         1.000         1.000         1.000
 O8             1.000         1.000         1.000         1.000         1.000
 O9             1.000         1.000         1.000         1.000         1.000


           Covariance Coverage
              E4            E5            E6            E7            E8
              ________      ________      ________      ________      ________
 E4             1.000
 E5             1.000         1.000
 E6             1.000         1.000         1.000
 E7             1.000         1.000         1.000         1.000
 E8             1.000         1.000         1.000         1.000         1.000
 E9             1.000         1.000         1.000         1.000         1.000
 N1             1.000         1.000         1.000         1.000         1.000
 N2             1.000         1.000         1.000         1.000         1.000
 N3             1.000         1.000         1.000         1.000         1.000
 N4             1.000         1.000         1.000         1.000         1.000
 N5             1.000         1.000         1.000         1.000         1.000
 N6             1.000         1.000         1.000         1.000         1.000
 N7             1.000         1.000         1.000         1.000         1.000
 O1             1.000         1.000         1.000         1.000         1.000
 O2             1.000         1.000         1.000         1.000         1.000
 O3             1.000         1.000         1.000         1.000         1.000
 O4             1.000         1.000         1.000         1.000         1.000
 O5             1.000         1.000         1.000         1.000         1.000
 O6             1.000         1.000         1.000         1.000         1.000
 O7             1.000         1.000         1.000         1.000         1.000
 O8             1.000         1.000         1.000         1.000         1.000
 O9             1.000         1.000         1.000         1.000         1.000


           Covariance Coverage
              E9            N1            N2            N3            N4
              ________      ________      ________      ________      ________
 E9             1.000
 N1             1.000         1.000
 N2             1.000         1.000         1.000
 N3             1.000         1.000         1.000         1.000
 N4             1.000         1.000         1.000         1.000         1.000
 N5             1.000         1.000         1.000         1.000         1.000
 N6             1.000         1.000         1.000         1.000         1.000
 N7             1.000         1.000         1.000         1.000         1.000
 O1             1.000         1.000         1.000         1.000         1.000
 O2             1.000         1.000         1.000         1.000         1.000
 O3             1.000         1.000         1.000         1.000         1.000
 O4             1.000         1.000         1.000         1.000         1.000
 O5             1.000         1.000         1.000         1.000         1.000
 O6             1.000         1.000         1.000         1.000         1.000
 O7             1.000         1.000         1.000         1.000         1.000
 O8             1.000         1.000         1.000         1.000         1.000
 O9             1.000         1.000         1.000         1.000         1.000


           Covariance Coverage
              N5            N6            N7            O1            O2
              ________      ________      ________      ________      ________
 N5             1.000
 N6             1.000         1.000
 N7             1.000         1.000         1.000
 O1             1.000         1.000         1.000         1.000
 O2             1.000         1.000         1.000         1.000         1.000
 O3             1.000         1.000         1.000         1.000         1.000
 O4             1.000         1.000         1.000         1.000         1.000
 O5             1.000         1.000         1.000         1.000         1.000
 O6             1.000         1.000         1.000         1.000         1.000
 O7             1.000         1.000         1.000         1.000         1.000
 O8             1.000         1.000         1.000         1.000         1.000
 O9             1.000         1.000         1.000         1.000         1.000


           Covariance Coverage
              O3            O4            O5            O6            O7
              ________      ________      ________      ________      ________
 O3             1.000
 O4             1.000         1.000
 O5             1.000         1.000         1.000
 O6             1.000         1.000         1.000         1.000
 O7             1.000         1.000         1.000         1.000         1.000
 O8             1.000         1.000         1.000         1.000         1.000
 O9             1.000         1.000         1.000         1.000         1.000


           Covariance Coverage
              O8            O9
              ________      ________
 O8             1.000
 O9             1.000         1.000



THE MODEL ESTIMATION TERMINATED NORMALLY



MODEL FIT INFORMATION

Number of Free Parameters                      147

Loglikelihood

          H0 Value                      -11462.919
          H1 Value                       -9284.659

Information Criteria

          Akaike (AIC)                   23219.837
          Bayesian (BIC)                 23791.503
          Sample-Size Adjusted BIC       23325.141
            (n* = (n + 2) / 24)

Chi-Square Test of Model Fit

          Value                           4356.520
          Degrees of Freedom                   798
          P-Value                           0.0000

RMSEA (Root Mean Square Error Of Approximation)

          Estimate                           0.111
          90 Percent C.I.                    0.108  0.114
          Probability RMSEA <= .05           0.000

CFI/TLI

          CFI                                0.587
          TLI                                0.554

Chi-Square Test of Model Fit for the Baseline Model

          Value                           9470.446
          Degrees of Freedom                   861
          P-Value                           0.0000

SRMR (Standardized Root Mean Square Residual)

          Value                              0.148



MODEL RESULTS

                                                    Two-Tailed
                    Estimate       S.E.  Est./S.E.    P-Value

 AGREE    BY
    A1                 1.000      0.000    999.000    999.000
    A2                -1.450      0.147     -9.874      0.000
    A3                -1.078      0.141     -7.658      0.000
    A4                -0.260      0.072     -3.593      0.000
    A5                -0.768      0.102     -7.542      0.000
    A6                 0.546      0.117      4.686      0.000
    A7                -1.178      0.136     -8.660      0.000
    A8                 0.638      0.089      7.141      0.000

 CONSC    BY
    C1                 1.000      0.000    999.000    999.000
    C2                -2.933      0.610     -4.809      0.000
    C3                -0.569      0.171     -3.336      0.001
    C4                 2.363      0.487      4.850      0.000
    C5                 3.227      0.627      5.144      0.000
    C6                 1.020      0.214      4.760      0.000
    C7                -1.383      0.330     -4.185      0.000
    C8                 1.357      0.307      4.418      0.000
    C9                 1.179      0.251      4.697      0.000

 EXTRA    BY
    E1                 1.000      0.000    999.000    999.000
    E2                -0.146      0.087     -1.672      0.095
    E3                 0.553      0.101      5.504      0.000
    E4                -1.278      0.110    -11.573      0.000
    E5                -0.527      0.063     -8.405      0.000
    E6                -0.990      0.103     -9.640      0.000
    E7                -0.935      0.099     -9.448      0.000
    E8                -1.168      0.087    -13.367      0.000
    E9                -1.090      0.104    -10.477      0.000

 NEURO    BY
    N1                 1.000      0.000    999.000    999.000
    N2                 1.279      0.136      9.409      0.000
    N3                 1.152      0.131      8.782      0.000
    N4                -0.786      0.117     -6.706      0.000
    N5                 1.025      0.109      9.440      0.000
    N6                 0.616      0.106      5.785      0.000
    N7                 0.684      0.092      7.410      0.000

 OPEN     BY
    O1                 1.000      0.000    999.000    999.000
    O2                 1.247      0.114     10.913      0.000
    O3                 1.162      0.087     13.375      0.000
    O4                 1.044      0.132      7.896      0.000
    O5                 1.198      0.121      9.913      0.000
    O6                 1.336      0.105     12.682      0.000
    O7                 1.826      0.131     13.961      0.000
    O8                 0.523      0.099      5.268      0.000
    O9                 1.261      0.115     10.965      0.000

 CONSC    WITH
    AGREE              0.027      0.007      3.938      0.000

 EXTRA    WITH
    AGREE             -0.032      0.009     -3.552      0.000
    CONSC             -0.034      0.009     -3.951      0.000

 NEURO    WITH
    AGREE             -0.074      0.013     -5.672      0.000
    CONSC             -0.040      0.010     -4.116      0.000
    EXTRA              0.072      0.012      5.892      0.000

 OPEN     WITH
    AGREE              0.051      0.010      5.246      0.000
    CONSC              0.044      0.010      4.428      0.000
    EXTRA             -0.087      0.012     -7.564      0.000
    NEURO             -0.052      0.010     -4.968      0.000

 E5       WITH
    C1                 0.246      0.023     10.524      0.000

 N6       WITH
    A5                 0.150      0.017      8.763      0.000

 E2       WITH
    C3                 0.098      0.015      6.677      0.000
    O1                 0.120      0.016      7.611      0.000

 A6       WITH
    A1                 0.113      0.020      5.695      0.000
    A4                 0.057      0.013      4.325      0.000

 C6       WITH
    C4                 0.057      0.009      6.102      0.000

 N4       WITH
    A3                 0.137      0.020      6.860      0.000

 N7       WITH
    A4                 0.062      0.010      5.999      0.000

 O8       WITH
    A5                 0.081      0.014      5.789      0.000
    E6                 0.127      0.023      5.611      0.000

 Intercepts
    A1                -0.005      0.031     -0.174      0.862
    A2                 0.013      0.028      0.454      0.650
    A3                 0.001      0.033      0.018      0.986
    A4                 0.000      0.020     -0.004      0.997
    A5                 0.001      0.026      0.019      0.985
    A6                -0.004      0.037     -0.115      0.909
    A7                 0.003      0.030      0.091      0.928
    A8                -0.002      0.024     -0.084      0.933
    C1                -0.007      0.043     -0.159      0.874
    C2                 0.031      0.043      0.727      0.467
    C3                 0.000      0.022     -0.001      0.999
    C4                 0.000      0.038     -0.013      0.990
    C5                -0.005      0.035     -0.135      0.893
    C6                -0.002      0.017     -0.101      0.920
    C7                 0.004      0.034      0.126      0.900
    C8                 0.002      0.031      0.078      0.938
    C9                 0.000      0.020     -0.016      0.988
    E1                 0.003      0.028      0.094      0.925
    E2                 0.005      0.035      0.144      0.885
    E3                -0.001      0.036     -0.026      0.979
    E4                -0.014      0.036     -0.387      0.698
    E5                 0.000      0.026     -0.005      0.996
    E6                -0.003      0.038     -0.082      0.935
    E7                -0.013      0.035     -0.365      0.715
    E8                -0.003      0.032     -0.104      0.917
    E9                -0.003      0.036     -0.090      0.929
    N1                 0.002      0.037      0.064      0.949
    N2                 0.011      0.033      0.331      0.740
    N3                 0.000      0.034     -0.008      0.994
    N4                 0.001      0.036      0.025      0.980
    N5                 0.003      0.026      0.115      0.909
    N6                 0.007      0.036      0.197      0.844
    N7                 0.001      0.028      0.043      0.966
    O1                 0.002      0.028      0.070      0.944
    O2                -0.029      0.037     -0.798      0.425
    O3                -0.002      0.029     -0.053      0.958
    O4                -0.004      0.044     -0.084      0.933
    O5                -0.003      0.040     -0.081      0.935
    O6                -0.001      0.034     -0.038      0.970
    O7                -0.019      0.041     -0.474      0.636
    O8                 0.000      0.035     -0.005      0.996
    O9                -0.008      0.038     -0.207      0.836

 Variances
    AGREE              0.101      0.020      5.044      0.000
    CONSC              0.035      0.014      2.527      0.012
    EXTRA              0.150      0.020      7.430      0.000
    NEURO              0.142      0.028      5.064      0.000
    OPEN               0.129      0.018      7.116      0.000

 Residual Variances
    A1                 0.245      0.020     12.236      0.000
    A2                 0.072      0.011      6.486      0.000
    A3                 0.282      0.023     12.253      0.000
    A4                 0.141      0.010     13.756      0.000
    A5                 0.188      0.014     13.357      0.000
    A6                 0.460      0.034     13.648      0.000
    A7                 0.187      0.016     11.595      0.000
    A8                 0.159      0.013     12.747      0.000
    C1                 0.619      0.047     13.255      0.000
    C2                 0.364      0.032     11.244      0.000
    C3                 0.164      0.013     13.012      0.000
    C4                 0.323      0.027     12.080      0.000
    C5                 0.088      0.017      5.320      0.000
    C6                 0.068      0.005     12.382      0.000
    C7                 0.349      0.027     13.033      0.000
    C8                 0.287      0.022     12.984      0.000
    C9                 0.102      0.008     12.479      0.000
    E1                 0.129      0.013     10.144      0.000
    E2                 0.432      0.030     14.477      0.000
    E3                 0.428      0.033     13.082      0.000
    E4                 0.221      0.022     10.073      0.000
    E5                 0.206      0.016     12.700      0.000
    E6                 0.362      0.030     11.907      0.000
    E7                 0.306      0.025     12.427      0.000
    E8                 0.172      0.017     10.285      0.000
    E9                 0.291      0.025     11.864      0.000
    N1                 0.350      0.028     12.331      0.000
    N2                 0.148      0.016      9.508      0.000
    N3                 0.236      0.021     11.135      0.000
    N4                 0.390      0.031     12.718      0.000
    N5                 0.102      0.011      9.528      0.000
    N6                 0.406      0.032     12.619      0.000
    N7                 0.209      0.017     12.338      0.000
    O1                 0.161      0.013     12.211      0.000
    O2                 0.291      0.024     12.303      0.000
    O3                 0.121      0.011     11.079      0.000
    O4                 0.559      0.043     13.048      0.000
    O5                 0.386      0.030     12.716      0.000
    O6                 0.191      0.016     11.592      0.000
    O7                 0.182      0.019      9.730      0.000
    O8                 0.405      0.029     13.966      0.000
    O9                 0.313      0.025     12.403      0.000


STANDARDIZED MODEL RESULTS


STDYX Standardization

                                                    Two-Tailed
                    Estimate       S.E.  Est./S.E.    P-Value

 AGREE    BY
    A1                 0.539      0.043     12.425      0.000
    A2                -0.864      0.024    -36.331      0.000
    A3                -0.542      0.042    -13.047      0.000
    A4                -0.215      0.054     -3.944      0.000
    A5                -0.490      0.040    -12.340      0.000
    A6                 0.248      0.055      4.493      0.000
    A7                -0.655      0.036    -18.393      0.000
    A8                 0.452      0.047      9.570      0.000

 CONSC    BY
    C1                 0.230      0.045      5.149      0.000
    C2                -0.670      0.035    -19.043      0.000
    C3                -0.252      0.055     -4.625      0.000
    C4                 0.611      0.038     16.134      0.000
    C5                 0.896      0.022     41.554      0.000
    C6                 0.588      0.039     15.247      0.000
    C7                -0.399      0.048     -8.231      0.000
    C8                 0.426      0.047      9.033      0.000
    C9                 0.567      0.040     14.192      0.000

 EXTRA    BY
    E1                 0.734      0.032     23.156      0.000
    E2                -0.086      0.051     -1.672      0.095
    E3                 0.312      0.054      5.796      0.000
    E4                -0.725      0.033    -22.040      0.000
    E5                -0.410      0.042     -9.786      0.000
    E6                -0.538      0.045    -11.967      0.000
    E7                -0.548      0.042    -13.151      0.000
    E8                -0.738      0.031    -23.945      0.000
    E9                -0.617      0.038    -16.169      0.000

 NEURO    BY
    N1                 0.538      0.043     12.504      0.000
    N2                 0.782      0.028     28.354      0.000
    N3                 0.667      0.036     18.580      0.000
    N4                -0.429      0.048     -9.016      0.000
    N5                 0.771      0.029     26.643      0.000
    N6                 0.343      0.051      6.732      0.000
    N7                 0.492      0.047     10.551      0.000

 OPEN     BY
    O1                 0.666      0.031     21.804      0.000
    O2                 0.638      0.035     18.381      0.000
    O3                 0.768      0.026     30.016      0.000
    O4                 0.448      0.045      9.914      0.000
    O5                 0.569      0.039     14.694      0.000
    O6                 0.739      0.027     26.954      0.000
    O7                 0.838      0.020     41.666      0.000
    O8                 0.283      0.049      5.759      0.000
    O9                 0.628      0.035     17.861      0.000

 CONSC    WITH
    AGREE              0.462      0.053      8.745      0.000

 EXTRA    WITH
    AGREE             -0.261      0.062     -4.227      0.000
    CONSC             -0.477      0.053     -9.040      0.000

 NEURO    WITH
    AGREE             -0.619      0.046    -13.371      0.000
    CONSC             -0.564      0.054    -10.473      0.000
    EXTRA              0.495      0.054      9.203      0.000

 OPEN     WITH
    AGREE              0.445      0.053      8.422      0.000
    CONSC              0.656      0.038     17.177      0.000
    EXTRA             -0.629      0.043    -14.617      0.000
    NEURO             -0.382      0.055     -6.961      0.000

 E5       WITH
    C1                 0.688      0.029     23.897      0.000

 N6       WITH
    A5                 0.545      0.040     13.624      0.000

 E2       WITH
    C3                 0.369      0.047      7.901      0.000
    O1                 0.453      0.046      9.801      0.000

 A6       WITH
    A1                 0.338      0.050      6.778      0.000
    A4                 0.222      0.050      4.466      0.000

 C6       WITH
    C4                 0.386      0.048      8.018      0.000

 N4       WITH
    A3                 0.414      0.047      8.757      0.000

 N7       WITH
    A4                 0.361      0.050      7.182      0.000

 O8       WITH
    A5                 0.292      0.047      6.176      0.000
    E6                 0.331      0.051      6.435      0.000

 Intercepts
    A1                -0.009      0.053     -0.174      0.862
    A2                 0.024      0.053      0.454      0.650
    A3                 0.001      0.053      0.018      0.986
    A4                 0.000      0.053     -0.004      0.997
    A5                 0.001      0.053      0.019      0.985
    A6                -0.006      0.053     -0.115      0.909
    A7                 0.005      0.053      0.091      0.928
    A8                -0.004      0.053     -0.084      0.933
    C1                -0.008      0.053     -0.159      0.874
    C2                 0.038      0.053      0.727      0.468
    C3                 0.000      0.053     -0.001      0.999
    C4                -0.001      0.053     -0.013      0.990
    C5                -0.007      0.053     -0.135      0.893
    C6                -0.005      0.053     -0.101      0.920
    C7                 0.007      0.053      0.126      0.900
    C8                 0.004      0.053      0.078      0.938
    C9                -0.001      0.053     -0.016      0.988
    E1                 0.005      0.053      0.094      0.925
    E2                 0.008      0.053      0.144      0.885
    E3                -0.001      0.053     -0.026      0.979
    E4                -0.020      0.053     -0.387      0.698
    E5                 0.000      0.053     -0.005      0.996
    E6                -0.004      0.053     -0.082      0.935
    E7                -0.019      0.053     -0.365      0.715
    E8                -0.005      0.053     -0.104      0.917
    E9                -0.005      0.053     -0.090      0.929
    N1                 0.003      0.053      0.064      0.949
    N2                 0.017      0.053      0.331      0.740
    N3                 0.000      0.053     -0.008      0.994
    N4                 0.001      0.053      0.025      0.980
    N5                 0.006      0.053      0.115      0.909
    N6                 0.010      0.053      0.197      0.844
    N7                 0.002      0.053      0.043      0.966
    O1                 0.004      0.053      0.070      0.944
    O2                -0.042      0.053     -0.798      0.425
    O3                -0.003      0.053     -0.053      0.958
    O4                -0.004      0.053     -0.084      0.933
    O5                -0.004      0.053     -0.081      0.935
    O6                -0.002      0.053     -0.038      0.970
    O7                -0.025      0.053     -0.474      0.636
    O8                 0.000      0.053     -0.005      0.996
    O9                -0.011      0.053     -0.207      0.836

 Variances
    AGREE              1.000      0.000    999.000    999.000
    CONSC              1.000      0.000    999.000    999.000
    EXTRA              1.000      0.000    999.000    999.000
    NEURO              1.000      0.000    999.000    999.000
    OPEN               1.000      0.000    999.000    999.000

 Residual Variances
    A1                 0.709      0.047     15.140      0.000
    A2                 0.253      0.041      6.142      0.000
    A3                 0.706      0.045     15.690      0.000
    A4                 0.954      0.023     40.878      0.000
    A5                 0.760      0.039     19.508      0.000
    A6                 0.939      0.027     34.386      0.000
    A7                 0.572      0.047     12.267      0.000
    A8                 0.796      0.043     18.640      0.000
    C1                 0.947      0.020     46.211      0.000
    C2                 0.551      0.047     11.665      0.000
    C3                 0.936      0.028     33.979      0.000
    C4                 0.627      0.046     13.548      0.000
    C5                 0.197      0.039      5.084      0.000
    C6                 0.654      0.045     14.410      0.000
    C7                 0.841      0.039     21.779      0.000
    C8                 0.819      0.040     20.416      0.000
    C9                 0.679      0.045     15.012      0.000
    E1                 0.462      0.046      9.930      0.000
    E2                 0.993      0.009    112.544      0.000
    E3                 0.903      0.034     26.917      0.000
    E4                 0.474      0.048      9.929      0.000
    E5                 0.831      0.034     24.144      0.000
    E6                 0.711      0.048     14.689      0.000
    E7                 0.700      0.046     15.316      0.000
    E8                 0.456      0.045     10.028      0.000
    E9                 0.619      0.047     13.150      0.000
    N1                 0.711      0.046     15.351      0.000
    N2                 0.389      0.043      9.019      0.000
    N3                 0.555      0.048     11.580      0.000
    N4                 0.816      0.041     20.006      0.000
    N5                 0.406      0.045      9.107      0.000
    N6                 0.883      0.035     25.297      0.000
    N7                 0.758      0.046     16.535      0.000
    O1                 0.557      0.041     13.690      0.000
    O2                 0.593      0.044     13.393      0.000
    O3                 0.411      0.039     10.462      0.000
    O4                 0.800      0.040     19.792      0.000
    O5                 0.677      0.044     15.384      0.000
    O6                 0.454      0.040     11.216      0.000
    O7                 0.298      0.034      8.838      0.000
    O8                 0.920      0.028     33.116      0.000
    O9                 0.605      0.044     13.692      0.000


R-SQUARE

    Observed                                        Two-Tailed
    Variable        Estimate       S.E.  Est./S.E.    P-Value

    A1                 0.291      0.047      6.213      0.000
    A2                 0.747      0.041     18.166      0.000
    A3                 0.294      0.045      6.524      0.000
    A4                 0.046      0.023      1.972      0.049
    A5                 0.240      0.039      6.170      0.000
    A6                 0.061      0.027      2.247      0.025
    A7                 0.428      0.047      9.197      0.000
    A8                 0.204      0.043      4.785      0.000
    C1                 0.053      0.020      2.574      0.010
    C2                 0.449      0.047      9.522      0.000
    C3                 0.064      0.028      2.313      0.021
    C4                 0.373      0.046      8.067      0.000
    C5                 0.803      0.039     20.777      0.000
    C6                 0.346      0.045      7.624      0.000
    C7                 0.159      0.039      4.116      0.000
    C8                 0.181      0.040      4.517      0.000
    C9                 0.321      0.045      7.096      0.000
    E1                 0.538      0.046     11.578      0.000
    E2                 0.007      0.009      0.836      0.403
    E3                 0.097      0.034      2.898      0.004
    E4                 0.526      0.048     11.020      0.000
    E5                 0.169      0.034      4.893      0.000
    E6                 0.289      0.048      5.983      0.000
    E7                 0.300      0.046      6.575      0.000
    E8                 0.544      0.045     11.973      0.000
    E9                 0.381      0.047      8.085      0.000
    N1                 0.289      0.046      6.252      0.000
    N2                 0.611      0.043     14.177      0.000
    N3                 0.445      0.048      9.290      0.000
    N4                 0.184      0.041      4.508      0.000
    N5                 0.594      0.045     13.322      0.000
    N6                 0.117      0.035      3.366      0.001
    N7                 0.242      0.046      5.275      0.000
    O1                 0.443      0.041     10.902      0.000
    O2                 0.407      0.044      9.190      0.000
    O3                 0.589      0.039     15.008      0.000
    O4                 0.200      0.040      4.957      0.000
    O5                 0.323      0.044      7.347      0.000
    O6                 0.546      0.040     13.477      0.000
    O7                 0.702      0.034     20.833      0.000
    O8                 0.080      0.028      2.880      0.004
    O9                 0.395      0.044      8.931      0.000


QUALITY OF NUMERICAL RESULTS

     Condition Number for the Information Matrix              0.260E-05
       (ratio of smallest to largest eigenvalue)


MODEL MODIFICATION INDICES

NOTE:  Modification indices for direct effects of observed dependent variables
regressed on covariates may not be included.  To include these, request
MODINDICES (ALL).

Minimum M.I. value for printing the modification index     4.000

                                   M.I.     E.P.C.  Std E.P.C.  StdYX E.P.C.

BY Statements

AGREE    BY C1                    34.357    -0.723     -0.229       -0.284
AGREE    BY C2                    37.813    -0.844     -0.268       -0.330
AGREE    BY C3                    34.976    -0.464     -0.147       -0.351
AGREE    BY C4                    22.363    -0.537     -0.170       -0.237
AGREE    BY C5                     8.548    -0.303     -0.096       -0.144
AGREE    BY C6                     7.823     0.144      0.046        0.142
AGREE    BY C7                     6.290    -0.317     -0.101       -0.156
AGREE    BY E2                    18.919    -0.454     -0.144       -0.218
AGREE    BY E4                    66.028     0.810      0.257        0.376
AGREE    BY E6                    40.567    -0.716     -0.227       -0.318
AGREE    BY E7                     6.686    -0.281     -0.089       -0.135
AGREE    BY N1                    75.556    -1.343     -0.426       -0.608
AGREE    BY N2                     4.700     0.260      0.082        0.134
AGREE    BY N3                    24.636     0.665      0.211        0.324
AGREE    BY N6                    15.884     0.606      0.192        0.283
AGREE    BY O1                    28.069    -0.412     -0.131       -0.243
AGREE    BY O2                    10.140     0.371      0.118        0.168
AGREE    BY O6                    15.406    -0.384     -0.122       -0.188
AGREE    BY O7                    15.928     0.419      0.133        0.170
AGREE    BY O8                    16.795     0.508      0.161        0.243
CONSC    BY A1                    30.565     0.944      0.175        0.298
CONSC    BY A3                    33.877     1.070      0.199        0.315
CONSC    BY E1                     7.718     0.410      0.076        0.144
CONSC    BY E2                    23.802    -1.032     -0.192       -0.291
CONSC    BY E3                    22.948     1.135      0.211        0.306
CONSC    BY E4                    77.316     1.688      0.314        0.459
CONSC    BY E6                    26.490    -1.104     -0.205       -0.287
CONSC    BY E8                     6.050    -0.421     -0.078       -0.127
CONSC    BY E9                    12.015     0.717      0.133        0.194
CONSC    BY N3                    49.177     1.463      0.272        0.417
CONSC    BY N4                     9.281     0.703      0.131        0.189
CONSC    BY N5                    71.361    -1.282     -0.238       -0.474
CONSC    BY N6                     7.784     0.593      0.110        0.162
CONSC    BY O2                     4.246     0.506      0.094        0.134
CONSC    BY O4                     7.426    -0.898     -0.167       -0.199
CONSC    BY O5                     8.890    -0.830     -0.154       -0.204
CONSC    BY O9                    16.560     1.034      0.192        0.267
EXTRA    BY A1                    40.212    -0.468     -0.182       -0.308
EXTRA    BY A3                    38.207    -0.491     -0.191       -0.302
EXTRA    BY A6                    17.625    -0.400     -0.155       -0.221
EXTRA    BY A7                    15.375    -0.282     -0.110       -0.192
EXTRA    BY A8                    31.248    -0.352     -0.137       -0.305
EXTRA    BY C1                     8.993    -0.387     -0.150       -0.186
EXTRA    BY C2                    12.245     0.397      0.154        0.190
EXTRA    BY C3                    14.060    -0.260     -0.101       -0.240
EXTRA    BY C4                    10.279     0.301      0.117        0.162
EXTRA    BY C7                    17.055    -0.432     -0.167       -0.260
EXTRA    BY N1                    10.677    -0.356     -0.138       -0.197
EXTRA    BY N2                    18.981     0.362      0.141        0.228
EXTRA    BY N3                     6.690    -0.243     -0.094       -0.145
EXTRA    BY N4                    15.587    -0.412     -0.160       -0.231
EXTRA    BY N7                    12.289    -0.273     -0.106       -0.202
EXTRA    BY O2                    15.039    -0.446     -0.173       -0.247
EXTRA    BY O3                     8.255    -0.226     -0.088       -0.162
EXTRA    BY O4                    17.429     0.644      0.250        0.299
EXTRA    BY O6                    21.945     0.454      0.176        0.272
EXTRA    BY O8                    32.428    -0.690     -0.267       -0.403
NEURO    BY A3                    11.996    -0.391     -0.148       -0.234
NEURO    BY A4                    33.799     0.438      0.165        0.429
NEURO    BY A5                    39.893     0.538      0.203        0.408
NEURO    BY C1                     8.921     0.347      0.131        0.162
NEURO    BY C2                   101.173     1.280      0.483        0.595
NEURO    BY C3                    80.344     0.654      0.247        0.589
NEURO    BY C4                    22.860     0.502      0.189        0.264
NEURO    BY C5                    25.016     0.487      0.184        0.275
NEURO    BY C7                    20.273     0.526      0.199        0.308
NEURO    BY C8                    12.696     0.379      0.143        0.241
NEURO    BY E4                    69.286    -0.805     -0.304       -0.444
NEURO    BY E6                    84.212     0.988      0.373        0.522
NEURO    BY E7                     9.144     0.318      0.120        0.181
NEURO    BY E8                    14.463     0.327      0.124        0.201
NEURO    BY E9                    28.061    -0.553     -0.209       -0.305
NEURO    BY O1                     5.609     0.151      0.057        0.106
NEURO    BY O2                     7.224    -0.255     -0.096       -0.137
NEURO    BY O4                    16.484     0.517      0.195        0.233
NEURO    BY O6                    20.252     0.359      0.135        0.209
NEURO    BY O7                     5.952    -0.209     -0.079       -0.101
NEURO    BY O8                    25.507    -0.497     -0.187       -0.283
OPEN     BY A1                    87.148     0.800      0.287        0.487
OPEN     BY A3                    27.956     0.485      0.174        0.275
OPEN     BY A5                     9.701     0.210      0.075        0.151
OPEN     BY A7                     9.127     0.254      0.091        0.159
OPEN     BY A8                    29.852     0.400      0.143        0.320
OPEN     BY C3                    20.815     0.388      0.139        0.332
OPEN     BY C4                    17.495    -0.505     -0.181       -0.252
OPEN     BY C6                    25.539     0.277      0.099        0.309
OPEN     BY C7                    24.162     0.658      0.236        0.366
OPEN     BY C8                     8.748     0.360      0.129        0.218
OPEN     BY E1                    19.370     0.392      0.141        0.266
OPEN     BY E2                    18.387    -0.548     -0.196       -0.298
OPEN     BY E3                    70.206     1.189      0.426        0.619
OPEN     BY E4                    49.219     0.812      0.291        0.426
OPEN     BY E5                    17.860     0.333      0.119        0.239
OPEN     BY E6                     5.792    -0.318     -0.114       -0.160
OPEN     BY E7                     5.694     0.297      0.107        0.161
OPEN     BY N3                    39.888     0.579      0.208        0.319
OPEN     BY N4                    37.996     0.629      0.226        0.326
OPEN     BY N5                     9.950    -0.209     -0.075       -0.149

WITH Statements

A3       WITH A1                   9.453     0.040      0.040        0.152
A4       WITH A1                  17.902     0.040      0.040        0.217
A6       WITH A2                   7.791    -0.035     -0.035       -0.194
A6       WITH A5                   5.165     0.026      0.026        0.089
A7       WITH A3                  15.937     0.051      0.051        0.224
A7       WITH A5                   4.843    -0.020     -0.020       -0.105
A8       WITH A1                  27.856     0.054      0.054        0.275
A8       WITH A4                   9.997     0.023      0.023        0.155
A8       WITH A5                   4.683     0.017      0.017        0.096
A8       WITH A6                   6.080     0.033      0.033        0.121
C1       WITH A2                   6.195     0.027      0.027        0.127
C1       WITH A3                  28.557     0.083      0.083        0.198
C1       WITH A8                   4.201     0.026      0.026        0.081
C2       WITH A2                   4.667     0.025      0.025        0.157
C2       WITH A4                  21.087     0.052      0.052        0.231
C2       WITH A7                   4.413    -0.032     -0.032       -0.123
C3       WITH A1                  14.153     0.035      0.035        0.174
C3       WITH A4                   4.023     0.013      0.013        0.088
C3       WITH A5                  19.193     0.030      0.030        0.172
C3       WITH A7                  13.409     0.033      0.033        0.187
C3       WITH A8                  13.830     0.030      0.030        0.183
C3       WITH C2                  13.417     0.046      0.046        0.187
C4       WITH A4                   6.812     0.025      0.025        0.117
C4       WITH C2                  13.892     0.068      0.068        0.199
C5       WITH C1                   9.148     0.041      0.041        0.178
C5       WITH C3                  11.275     0.029      0.029        0.241
C5       WITH C4                  16.387     0.055      0.055        0.328
C6       WITH A4                   4.471     0.009      0.009        0.094
C6       WITH A5                   9.412     0.014      0.014        0.123
C6       WITH A7                  11.008    -0.019     -0.019       -0.173
C6       WITH A8                   5.966     0.013      0.013        0.122
C6       WITH C2                   5.751     0.020      0.020        0.127
C7       WITH A1                   7.097     0.040      0.040        0.136
C7       WITH A7                   7.385     0.039      0.039        0.153
C7       WITH A8                  25.064     0.064      0.064        0.271
C7       WITH C1                   4.851     0.040      0.040        0.087
C7       WITH C3                  27.130     0.061      0.061        0.254
C7       WITH C4                   9.365    -0.052     -0.052       -0.154
C8       WITH A1                   6.194     0.034      0.034        0.127
C8       WITH A4                   4.809     0.021      0.021        0.106
C8       WITH C2                   8.792     0.055      0.055        0.169
C8       WITH C3                  26.080     0.054      0.054        0.250
C8       WITH C5                   7.172     0.035      0.035        0.220
C8       WITH C7                  19.481     0.076      0.076        0.239
C9       WITH C4                   6.023     0.023      0.023        0.127
E2       WITH A1                   4.129    -0.027     -0.027       -0.084
E2       WITH A2                   4.746     0.022      0.022        0.123
E2       WITH A5                   8.804    -0.030     -0.030       -0.104
E2       WITH A7                   6.403     0.033      0.033        0.116
E2       WITH C1                   5.720     0.040      0.040        0.077
E2       WITH C2                   4.121    -0.037     -0.037       -0.092
E2       WITH C6                  14.861    -0.027     -0.027       -0.156
E2       WITH C7                   7.483     0.046      0.046        0.120
E3       WITH A1                   5.576     0.039      0.039        0.120
E3       WITH A6                   5.244    -0.049     -0.049       -0.111
E3       WITH C3                  11.236     0.043      0.043        0.163
E3       WITH C4                   4.193     0.038      0.038        0.102
E3       WITH C6                   4.313     0.018      0.018        0.103
E3       WITH E1                  36.719     0.084      0.084        0.359
E3       WITH E2                   4.363    -0.039     -0.039       -0.091
E4       WITH A6                   4.142     0.034      0.034        0.106
E4       WITH C2                   9.720    -0.053     -0.053       -0.187
E4       WITH E1                  22.215     0.056      0.056        0.331
E5       WITH A5                   6.389     0.016      0.016        0.081
E5       WITH A7                  13.669     0.030      0.030        0.154
E5       WITH C3                   7.014     0.018      0.018        0.096
E5       WITH C9                   4.163     0.012      0.012        0.083
E5       WITH E3                  17.545     0.050      0.050        0.167
E5       WITH E4                   8.542    -0.028     -0.028       -0.131
E6       WITH A5                  29.844     0.067      0.067        0.257
E6       WITH A8                  11.941     0.043      0.043        0.179
E6       WITH C2                   9.624     0.060      0.060        0.166
E6       WITH C3                  45.567     0.077      0.077        0.315
E6       WITH C5                   7.431     0.034      0.034        0.191
E6       WITH C7                  12.814     0.066      0.066        0.184
E6       WITH C8                   8.325     0.048      0.048        0.149
E6       WITH E1                  10.667    -0.041     -0.041       -0.192
E6       WITH E4                   7.801    -0.046     -0.046       -0.163
E6       WITH E5                   7.675     0.029      0.029        0.108
E7       WITH A1                   6.619     0.037      0.037        0.134
E7       WITH A2                   4.327     0.022      0.022        0.148
E7       WITH C1                   5.321    -0.041     -0.041       -0.093
E7       WITH C3                  14.336     0.042      0.042        0.188
E7       WITH E3                  12.860     0.072      0.072        0.198
E7       WITH E5                   8.362     0.030      0.030        0.120
E8       WITH A1                   6.424     0.029      0.029        0.140
E8       WITH A2                   6.070    -0.021     -0.021       -0.187
E8       WITH A3                   8.051     0.034      0.034        0.156
E8       WITH A4                   7.996     0.023      0.023        0.148
E8       WITH A5                   9.379     0.026      0.026        0.144
E8       WITH A6                  11.005     0.049      0.049        0.174
E8       WITH C3                   6.976     0.023      0.023        0.140
E8       WITH C7                   5.623     0.034      0.034        0.138
E8       WITH C9                   5.069    -0.018     -0.018       -0.133
E8       WITH E1                  21.829    -0.050     -0.050       -0.333
E8       WITH E3                  20.700    -0.073     -0.073       -0.270
E8       WITH E6                   8.214     0.042      0.042        0.169
E9       WITH A1                   7.766    -0.039     -0.039       -0.147
E9       WITH A2                   5.541     0.025      0.025        0.170
E9       WITH A5                   8.152    -0.030     -0.030       -0.128
E9       WITH C3                   9.393    -0.034     -0.034       -0.155
E9       WITH C6                   6.314    -0.018     -0.018       -0.129
E9       WITH C9                   8.232     0.028      0.028        0.162
E9       WITH E2                   5.891     0.039      0.039        0.111
E9       WITH E4                  11.927     0.056      0.056        0.220
E9       WITH E5                   4.617    -0.022     -0.022       -0.091
E9       WITH E8                  14.069    -0.054     -0.054       -0.242
N1       WITH A1                   5.387     0.035      0.035        0.121
N1       WITH A2                  18.979     0.049      0.049        0.311
N1       WITH A3                   7.442     0.044      0.044        0.142
N1       WITH A4                   9.240    -0.033     -0.033       -0.150
N1       WITH A5                   7.130     0.030      0.030        0.118
N1       WITH C1                  12.326     0.065      0.065        0.141
N1       WITH C3                  15.452     0.047      0.047        0.195
N1       WITH C5                   4.652     0.028      0.028        0.161
N1       WITH C6                   6.458    -0.020     -0.020       -0.129
N1       WITH C7                   5.957     0.047      0.047        0.134
N1       WITH E6                   9.593     0.058      0.058        0.163
N2       WITH A6                  12.734    -0.051     -0.051       -0.195
N2       WITH C1                   8.297    -0.039     -0.039       -0.127
N2       WITH C6                   5.292     0.013      0.013        0.128
N2       WITH E2                   4.108    -0.025     -0.025       -0.099
N2       WITH E3                   7.203     0.041      0.041        0.161
N2       WITH E4                   9.258    -0.036     -0.036       -0.198
N2       WITH N1                   8.528    -0.044     -0.044       -0.194
N3       WITH A1                  20.555     0.059      0.059        0.244
N3       WITH A2                  12.606    -0.034     -0.034       -0.264
N3       WITH A3                   7.256     0.037      0.037        0.145
N3       WITH A4                  26.258     0.048      0.048        0.262
N3       WITH A5                   7.330     0.026      0.026        0.124
N3       WITH A8                  11.949     0.038      0.038        0.197
N3       WITH C3                  37.983     0.062      0.062        0.316
N3       WITH C5                  10.130     0.035      0.035        0.246
N3       WITH C6                   6.577     0.017      0.017        0.134
N3       WITH C7                   9.415     0.050      0.050        0.173
N3       WITH C8                  18.085     0.063      0.063        0.241
N3       WITH E2                  12.926    -0.053     -0.053       -0.165
N3       WITH E6                   5.792     0.038      0.038        0.130
N3       WITH E7                   4.084    -0.031     -0.031       -0.117
N3       WITH N2                  12.777     0.049      0.049        0.260
N4       WITH A1                   5.137     0.033      0.033        0.108
N4       WITH A2                   8.763     0.034      0.034        0.204
N4       WITH A7                   6.558     0.037      0.037        0.136
N4       WITH A8                   9.922     0.040      0.040        0.159
N4       WITH C3                   6.078     0.028      0.028        0.111
N4       WITH C7                  14.899     0.071      0.071        0.193
N4       WITH C8                   5.421     0.039      0.039        0.116
N4       WITH C9                   5.579     0.024      0.024        0.120
N4       WITH E2                   4.803     0.036      0.036        0.089
N4       WITH E3                  23.180     0.098      0.098        0.239
N4       WITH E5                  11.405     0.035      0.035        0.125
N4       WITH E8                   5.302    -0.032     -0.032       -0.124
N4       WITH E9                   4.887     0.038      0.038        0.114
N5       WITH A2                   5.748     0.016      0.016        0.191
N5       WITH A3                   9.806    -0.031     -0.031       -0.180
N5       WITH A4                   5.054     0.015      0.015        0.122
N5       WITH A6                  12.104     0.041      0.041        0.188
N5       WITH A8                   7.521     0.021      0.021        0.165
N5       WITH C2                  31.789     0.068      0.068        0.351
N5       WITH C4                   5.580    -0.024     -0.024       -0.131
N5       WITH C5                   4.459    -0.017     -0.017       -0.174
N5       WITH E4                   6.597    -0.025     -0.025       -0.166
N5       WITH E6                   6.338     0.028      0.028        0.144
N5       WITH E9                   5.447    -0.025     -0.025       -0.145
N6       WITH A2                  12.999    -0.038     -0.038       -0.224
N6       WITH A4                  10.984     0.032      0.032        0.134
N6       WITH C4                   8.843     0.045      0.045        0.123
N6       WITH C5                   8.597     0.034      0.034        0.178
N6       WITH C6                   8.072    -0.019     -0.019       -0.117
N6       WITH C8                   5.330     0.035      0.035        0.103
N6       WITH E4                  11.644     0.049      0.049        0.164
N6       WITH E5                   8.849    -0.028     -0.028       -0.098
N6       WITH N3                  18.988     0.065      0.065        0.209
N6       WITH N4                  11.772    -0.057     -0.057       -0.143
N7       WITH A2                   7.880    -0.023     -0.023       -0.187
N7       WITH A3                  12.281     0.041      0.041        0.168
N7       WITH A5                  12.678     0.029      0.029        0.146
N7       WITH A6                  26.886     0.082      0.082        0.263
N7       WITH A7                   4.813     0.023      0.023        0.117
N7       WITH C1                   4.291     0.028      0.028        0.077
N7       WITH C3                  16.104     0.034      0.034        0.184
N7       WITH C7                   4.015     0.027      0.027        0.102
N7       WITH E6                   8.168     0.038      0.038        0.139
N7       WITH N3                   5.353     0.028      0.028        0.127
O1       WITH A2                   5.176     0.016      0.016        0.145
O1       WITH A7                  11.944     0.031      0.031        0.177
O1       WITH C3                  36.678     0.054      0.054        0.333
O1       WITH E3                  11.824     0.044      0.044        0.168
O1       WITH E4                   8.659    -0.029     -0.029       -0.156
O1       WITH E5                  13.893     0.025      0.025        0.135
O1       WITH E6                   4.549     0.024      0.024        0.100
O1       WITH E7                  19.397     0.049      0.049        0.220
O1       WITH N1                   4.714     0.026      0.026        0.108
O1       WITH N4                  12.230     0.040      0.040        0.159
O1       WITH N6                   7.027    -0.028     -0.028       -0.108
O2       WITH A2                  16.148    -0.041     -0.041       -0.287
O2       WITH C2                  12.715    -0.066     -0.066       -0.204
O2       WITH C5                   5.152     0.027      0.027        0.170
O2       WITH C9                  10.394    -0.031     -0.031       -0.181
O2       WITH E2                   7.203     0.043      0.043        0.121
O2       WITH E4                   8.401     0.044      0.044        0.172
O2       WITH E5                   5.347    -0.023     -0.023       -0.094
O2       WITH E8                  18.619     0.058      0.058        0.258
O2       WITH N7                  13.505     0.047      0.047        0.191
O3       WITH A1                  17.658     0.039      0.039        0.229
O3       WITH A8                   4.441     0.017      0.017        0.122
O3       WITH C5                   7.876    -0.023     -0.023       -0.221
O3       WITH C9                  10.637     0.021      0.021        0.190
O3       WITH E5                   9.218     0.020      0.020        0.129
O3       WITH E7                   5.359     0.026      0.026        0.136
O3       WITH N4                   9.993     0.037      0.037        0.168
O3       WITH N5                   8.460     0.021      0.021        0.186
O3       WITH N6                  11.155    -0.035     -0.035       -0.159
O3       WITH O1                  18.851     0.033      0.033        0.239
O3       WITH O2                  17.621    -0.048     -0.048       -0.256
O4       WITH A7                   6.586    -0.047     -0.047       -0.145
O4       WITH C2                   7.126     0.067      0.067        0.149
O4       WITH C8                   6.748    -0.056     -0.056       -0.140
O4       WITH C9                  11.702     0.045      0.045        0.187
O4       WITH E3                   6.219     0.065      0.065        0.134
O4       WITH E6                   5.849     0.056      0.056        0.125
O4       WITH O2                   8.107    -0.064     -0.064       -0.158
O5       WITH A7                   7.256    -0.041     -0.041       -0.154
O5       WITH C4                   5.093    -0.040     -0.040       -0.114
O5       WITH C7                   5.705     0.048      0.048        0.130
O5       WITH E8                   4.557     0.032      0.032        0.126
O5       WITH N5                   8.194     0.034      0.034        0.173
O5       WITH O4                  33.518     0.148      0.148        0.318
O6       WITH A3                   4.519     0.026      0.026        0.113
O6       WITH C2                   4.429     0.033      0.033        0.124
O6       WITH C3                   9.487     0.028      0.028        0.158
O6       WITH C6                  13.817     0.022      0.022        0.195
O6       WITH C7                   4.231     0.030      0.030        0.116
O6       WITH C9                   4.256    -0.017     -0.017       -0.119
O6       WITH E1                   4.590     0.021      0.021        0.131
O6       WITH E3                  21.273     0.074      0.074        0.260
O6       WITH E5                  14.761     0.032      0.032        0.161
O6       WITH E9                   6.247    -0.035     -0.035       -0.147
O6       WITH N3                  10.435     0.041      0.041        0.192
O6       WITH N4                   4.270     0.030      0.030        0.108
O6       WITH N7                   7.001     0.028      0.028        0.141
O7       WITH A3                   4.565    -0.028     -0.028       -0.122
O7       WITH C3                   5.231    -0.022     -0.022       -0.126
O7       WITH C9                  10.194    -0.027     -0.027       -0.197
O7       WITH E4                  17.129     0.054      0.054        0.271
O7       WITH E5                   6.188    -0.022     -0.022       -0.112
O7       WITH N1                   5.338    -0.036     -0.036       -0.143
O7       WITH O2                  13.742     0.056      0.056        0.245
O7       WITH O3                  13.208    -0.040     -0.040       -0.267
O7       WITH O6                   4.589     0.028      0.028        0.152
O8       WITH A6                  21.036     0.085      0.085        0.196
O8       WITH A7                   4.500    -0.029     -0.029       -0.106
O8       WITH C3                   4.582    -0.024     -0.024       -0.092
O8       WITH C4                   7.996    -0.045     -0.045       -0.124
O8       WITH E1                   8.430    -0.034     -0.034       -0.150
O8       WITH E3                  22.106    -0.092     -0.092       -0.222
O8       WITH E4                   5.245     0.035      0.035        0.118
O8       WITH E5                  12.860    -0.036     -0.036       -0.126
O8       WITH E7                   5.099    -0.039     -0.039       -0.110
O8       WITH N2                  17.994    -0.055     -0.055       -0.226
O8       WITH N4                  14.325    -0.066     -0.066       -0.167
O8       WITH N6                  15.673     0.081      0.081        0.200
O9       WITH A5                   8.568    -0.031     -0.031       -0.129
O9       WITH C7                   4.744    -0.040     -0.040       -0.120
O9       WITH C8                   5.250    -0.038     -0.038       -0.126
O9       WITH C9                  30.038     0.055      0.055        0.307
O9       WITH E3                  12.098     0.070      0.070        0.191
O9       WITH E5                   9.865     0.032      0.032        0.128
O9       WITH E6                   7.834    -0.050     -0.050       -0.147
O9       WITH E8                  10.623    -0.045     -0.045       -0.194
O9       WITH N4                  16.626     0.073      0.073        0.208
O9       WITH O2                  16.391    -0.070     -0.070       -0.232
O9       WITH O3                   8.907     0.035      0.035        0.181
O9       WITH O5                   5.788    -0.047     -0.047       -0.136
O9       WITH O7                   4.820    -0.035     -0.035       -0.145


DIAGRAM INFORMATION

  Use View Diagram under the Diagram menu in the Mplus Editor to view the diagram.
  If running Mplus from the Mplus Diagrammer, the diagram opens automatically.

  Diagram output
    f:\ipip paper\sample_usa\cfa\gesamtmodell\faktorscores\b5 with correlated residuals mod 4.dgm

     Beginning Time:  14:59:08
        Ending Time:  14:59:10
       Elapsed Time:  00:00:02



MUTHEN & MUTHEN
3463 Stoner Ave.
Los Angeles, CA  90066

Tel: (310) 391-9971
Fax: (310) 391-8971
Web: www.StatModel.com
Support: Support@StatModel.com

Copyright (c) 1998-2013 Muthen & Muthen
