Mplus VERSION 5.2
MUTHEN & MUTHEN
07/04/2012   6:08 PM

INPUT INSTRUCTIONS


  DATA:
   FILE IS  "ITS_TQIPIP.txt";

  VARIABLE:
   NAMES ARE
  id
  sex
  age
  A1_1
  A1_2
  A1_3
  A1_4
  A1_5
  A2_1
  A2_2
  A2_3
  A2_4
  A2_5
  A3_1
  A3_2
  A3_3
  A3_4
  A3_5
  A4_1
  A4_2
  A4_3
  A4_4
  A4_5
  A5_1
  A5_2
  A5_3
  A5_4
  A5_5
  A6_1
  A6_2
  A6_3
  A6_4
  A6_5
  A7_1
  A7_2
  A7_3
  A7_4
  A7_5
  A8_1
  A8_2
  A8_3
  A8_4
  A8_5
  C1_1
  C1_2
  C1_3
  C1_4
  C1_5
  C2_1
  C2_2
  C2_3
  C2_4
  C2_5
  C3_1
  C3_2
  C3_3
  C3_4
  C3_5
  C4_1
  C4_2
  C4_3
  C4_4
  C4_5
  C5_1
  C5_2
  C5_3
  C5_4
  C5_5
  C6_1
  C6_2
  C6_3
  C6_4
  C6_5
  C7_1
  C7_2
  C7_3
  C7_4
  C7_5
  C8_1
  C8_2
  C8_3
  C8_4
  C8_5
  C9_1
  C9_2
  C9_3
  C9_4
  C9_5
  E1_1
  E1_2
  E1_3
  E1_4
  E1_5
  E2_1
  E2_2
  E2_3
  E2_4
  E2_5
  E3_1
  E3_2
  E3_3
  E3_4
  E3_5
  E4_1
  E4_2
  E4_3
  E4_4
  E4_5
  E5_1
  E5_2
  E5_3
  E5_4
  E5_5
  E6_1
  E6_2
  E6_3
  E6_4
  E6_5
  E7_1
  E7_2
  E7_3
  E7_4
  E7_5
  E8_1
  E8_2
  E8_3
  E8_4
  E8_5
  E9_1
  E9_2
  E9_3
  N1_1
  N1_2
  N1_3
  N1_4
  N1_5
  N2_1
  N2_2
  N2_3
  N2_4
  N2_5
  N3_1
  N3_2
  N3_3
  N3_4
  N3_5
  N4_1
  N4_2
  N4_3
  N4_4
  N4_5
  N5_1
  N5_2
  N5_3
  N5_4
  N5_5
  N6_1
  N6_2
  N6_3
  N6_4
  N6_5
  N7_1
  N7_2
  N7_3
  O1_1
  O1_2
  O1_3
  O1_4
  O1_5
  O2_1
  O2_2
  O2_3
  O2_4
  O2_5
  O3_1
  O3_2
  O3_3
  O3_4
  O3_5
  O4_1
  O4_2
  O4_3
  O4_4
  O4_5
  O5_1
  O5_2
  O5_3
  O5_4
  O5_5
  O6_1
  O6_2
  O6_3
  O6_4
  O6_5
  O7_1
  O7_2
  O7_3
  O7_4
  O7_5
  O8_1
  O8_2
  O8_3
  O8_4
  O9_1
  O9_2
  O9_4
  dataset;


   USEVARIABLES ARE
  E3_1
  E3_2
  E3_3
  E3_4
  E3_5
  ;

  Grouping is Dataset (0 = German 1 = US);

  MISSING ARE ALL (-99);

  MODEL:

  E3 by  E3_1
  E3_2
  E3_3
  E3_4
  E3_5;
  [E3@0];

  Model German:
  ;

  Model US:
  ;



  [E3_1
  E3_2
  E3_3
  E3_4
  E3_5];

  ANALYSIS:
   ESTIMATOR IS ML;
   Iterations are 10000;

   OUTPUT: STDYX MODINDICES(4);



INPUT READING TERMINATED NORMALLY




SUMMARY OF ANALYSIS

Number of groups                                                 2
Number of observations
   Group GERMAN                                                387
   Group US                                                    722

Number of dependent variables                                    5
Number of independent variables                                  0
Number of continuous latent variables                            1

Observed dependent variables

  Continuous
   E3_1        E3_2        E3_3        E3_4        E3_5

Continuous latent variables
   E3

Variables with special functions

  Grouping variable     DATASET

Estimator                                                       ML
Information matrix                                        OBSERVED
Maximum number of iterations                                 10000
Convergence criterion                                    0.500D-04
Maximum number of steepest descent iterations                   20
Maximum number of iterations for H1                           2000
Convergence criterion for H1                             0.100D-03

Input data file(s)
  ITS_TQIPIP.txt

Input data format  FREE


SUMMARY OF DATA

   Group GERMAN
     Number of missing data patterns             1

   Group US
     Number of missing data patterns             1


COVARIANCE COVERAGE OF DATA

Minimum covariance coverage value   0.100


     PROPORTION OF DATA PRESENT FOR GERMAN


           Covariance Coverage
              E3_1          E3_2          E3_3          E3_4          E3_5
              ________      ________      ________      ________      ________
 E3_1           1.000
 E3_2           1.000         1.000
 E3_3           1.000         1.000         1.000
 E3_4           1.000         1.000         1.000         1.000
 E3_5           1.000         1.000         1.000         1.000         1.000


     PROPORTION OF DATA PRESENT FOR US


           Covariance Coverage
              E3_1          E3_2          E3_3          E3_4          E3_5
              ________      ________      ________      ________      ________
 E3_1           1.000
 E3_2           1.000         1.000
 E3_3           1.000         1.000         1.000
 E3_4           1.000         1.000         1.000         1.000
 E3_5           1.000         1.000         1.000         1.000         1.000



THE MODEL ESTIMATION TERMINATED NORMALLY



TESTS OF MODEL FIT

Chi-Square Test of Model Fit

          Value                             87.022
          Degrees of Freedom                    14
          P-Value                           0.0000

Chi-Square Contributions From Each Group

          GERMAN                            38.189
          US                                48.833

Chi-Square Test of Model Fit for the Baseline Model

          Value                            963.657
          Degrees of Freedom                    20
          P-Value                           0.0000

CFI/TLI

          CFI                                0.923
          TLI                                0.889

Loglikelihood

          H0 Value                       -7464.306
          H1 Value                       -7420.796

Information Criteria

          Number of Free Parameters             26
          Akaike (AIC)                   14980.613
          Bayesian (BIC)                 15110.904
          Sample-Size Adjusted BIC       15028.322
            (n* = (n + 2) / 24)

RMSEA (Root Mean Square Error Of Approximation)

          Estimate                           0.097
          90 Percent C.I.                    0.078  0.117

SRMR (Standardized Root Mean Square Residual)

          Value                              0.052



MODEL RESULTS

                                                    Two-Tailed
                    Estimate       S.E.  Est./S.E.    P-Value

Group GERMAN

 E3       BY
    E3_1               1.000      0.000    999.000    999.000
    E3_2               0.928      0.058     16.020      0.000
    E3_3               0.818      0.055     14.840      0.000
    E3_4               0.422      0.046      9.087      0.000
    E3_5               0.257      0.042      6.041      0.000

 Means
    E3                 0.000      0.000    999.000    999.000

 Intercepts
    E3_1               2.633      0.051     52.042      0.000
    E3_2               3.579      0.046     77.260      0.000
    E3_3               3.633      0.050     73.111      0.000
    E3_4               2.132      0.050     42.324      0.000
    E3_5               2.553      0.048     53.506      0.000

 Variances
    E3                 0.571      0.064      8.892      0.000

 Residual Variances
    E3_1               0.420      0.049      8.574      0.000
    E3_2               0.339      0.042      8.094      0.000
    E3_3               0.573      0.051     11.284      0.000
    E3_4               0.880      0.065     13.499      0.000
    E3_5               0.843      0.061     13.745      0.000

Group US

 E3       BY
    E3_1               1.000      0.000    999.000    999.000
    E3_2               0.928      0.058     16.020      0.000
    E3_3               0.818      0.055     14.840      0.000
    E3_4               0.422      0.046      9.087      0.000
    E3_5               0.257      0.042      6.041      0.000

 Means
    E3                 0.000      0.000    999.000    999.000

 Intercepts
    E3_1               2.594      0.038     68.373      0.000
    E3_2               3.525      0.038     91.696      0.000
    E3_3               3.215      0.039     81.440      0.000
    E3_4               2.359      0.040     58.619      0.000
    E3_5               2.562      0.036     71.230      0.000

 Variances
    E3                 0.612      0.060     10.269      0.000

 Residual Variances
    E3_1               0.427      0.045      9.453      0.000
    E3_2               0.540      0.043     12.551      0.000
    E3_3               0.715      0.046     15.412      0.000
    E3_4               1.060      0.059     18.096      0.000
    E3_5               0.894      0.048     18.754      0.000


STANDARDIZED MODEL RESULTS


STDYX Standardization

                                                    Two-Tailed
                    Estimate       S.E.  Est./S.E.    P-Value

Group GERMAN

 E3       BY
    E3_1               0.759      0.029     25.749      0.000
    E3_2               0.769      0.031     24.456      0.000
    E3_3               0.633      0.033     19.198      0.000
    E3_4               0.322      0.035      9.121      0.000
    E3_5               0.207      0.035      5.961      0.000

 Means
    E3                 0.000      0.000    999.000    999.000

 Intercepts
    E3_1               2.645      0.105     25.144      0.000
    E3_2               3.927      0.143     27.482      0.000
    E3_3               3.716      0.132     28.229      0.000
    E3_4               2.151      0.092     23.511      0.000
    E3_5               2.720      0.108     25.138      0.000

 Variances
    E3                 1.000      0.000    999.000    999.000

 Residual Variances
    E3_1               0.424      0.045      9.469      0.000
    E3_2               0.408      0.048      8.443      0.000
    E3_3               0.600      0.042     14.394      0.000
    E3_4               0.896      0.023     39.458      0.000
    E3_5               0.957      0.014     66.910      0.000

Group US

 E3       BY
    E3_1               0.767      0.028     27.538      0.000
    E3_2               0.703      0.026     27.036      0.000
    E3_3               0.604      0.027     22.138      0.000
    E3_4               0.305      0.034      8.887      0.000
    E3_5               0.208      0.034      6.158      0.000

 Means
    E3                 0.000      0.000    999.000    999.000

 Intercepts
    E3_1               2.545      0.075     33.893      0.000
    E3_2               3.413      0.095     35.922      0.000
    E3_3               3.031      0.085     35.593      0.000
    E3_4               2.182      0.067     32.785      0.000
    E3_5               2.651      0.079     33.739      0.000

 Variances
    E3                 1.000      0.000    999.000    999.000

 Residual Variances
    E3_1               0.411      0.043      9.608      0.000
    E3_2               0.506      0.037     13.860      0.000
    E3_3               0.636      0.033     19.300      0.000
    E3_4               0.907      0.021     43.174      0.000
    E3_5               0.957      0.014     68.315      0.000


R-SQUARE

Group GERMAN

    Observed                                        Two-Tailed
    Variable        Estimate       S.E.  Est./S.E.    P-Value

    E3_1               0.576      0.045     12.874      0.000
    E3_2               0.592      0.048     12.228      0.000
    E3_3               0.400      0.042      9.599      0.000
    E3_4               0.104      0.023      4.561      0.000
    E3_5               0.043      0.014      2.980      0.003

Group US

    Observed                                        Two-Tailed
    Variable        Estimate       S.E.  Est./S.E.    P-Value

    E3_1               0.589      0.043     13.769      0.000
    E3_2               0.494      0.037     13.518      0.000
    E3_3               0.364      0.033     11.069      0.000
    E3_4               0.093      0.021      4.444      0.000
    E3_5               0.043      0.014      3.079      0.002


QUALITY OF NUMERICAL RESULTS

     Condition Number for the Information Matrix              0.233E-01
       (ratio of smallest to largest eigenvalue)


MODEL MODIFICATION INDICES

NOTE:  Modification indices for direct effects of observed dependent variables
regressed on covariates may not be included.  To include these, request
MODINDICES (ALL).

Minimum M.I. value for printing the modification index     4.000

                            M.I.     E.P.C.  Std E.P.C.  StdYX E.P.C.
Group GERMAN


BY Statements

E3       BY E3_4            7.397    -0.156     -0.118       -0.119

WITH Statements

E3_3     WITH E3_1          9.081    -0.135     -0.135       -0.276
E3_3     WITH E3_2         19.796     0.185      0.185        0.419
E3_4     WITH E3_1          9.029     0.119      0.119        0.195
E3_4     WITH E3_2         20.435    -0.164     -0.164       -0.299
E3_5     WITH E3_4          7.084     0.119      0.119        0.138

Group US


BY Statements

E3       BY E3_4            7.403     0.098      0.077        0.071

WITH Statements

E3_3     WITH E3_1          5.534    -0.105     -0.105       -0.189
E3_3     WITH E3_2          9.555     0.130      0.130        0.209
E3_4     WITH E3_1         32.447     0.200      0.200        0.297
E3_4     WITH E3_2         13.233    -0.127     -0.127       -0.168
E3_5     WITH E3_2          4.902    -0.069     -0.069       -0.100
E3_5     WITH E3_4         11.822     0.127      0.127        0.131



     Beginning Time:  18:08:43
        Ending Time:  18:08:43
       Elapsed Time:  00:00:00



MUTHEN & MUTHEN
3463 Stoner Ave.
Los Angeles, CA  90066

Tel: (310) 391-9971
Fax: (310) 391-8971
Web: www.StatModel.com
Support: Support@StatModel.com

Copyright (c) 1998-2008 Muthen & Muthen
