Mplus VERSION 5.2
MUTHEN & MUTHEN
07/04/2012   6:09 PM

INPUT INSTRUCTIONS


  DATA:
   FILE IS  "ITS_TQIPIP.txt";

  VARIABLE:
   NAMES ARE
  id
  sex
  age
  A1_1
  A1_2
  A1_3
  A1_4
  A1_5
  A2_1
  A2_2
  A2_3
  A2_4
  A2_5
  A3_1
  A3_2
  A3_3
  A3_4
  A3_5
  A4_1
  A4_2
  A4_3
  A4_4
  A4_5
  A5_1
  A5_2
  A5_3
  A5_4
  A5_5
  A6_1
  A6_2
  A6_3
  A6_4
  A6_5
  A7_1
  A7_2
  A7_3
  A7_4
  A7_5
  A8_1
  A8_2
  A8_3
  A8_4
  A8_5
  C1_1
  C1_2
  C1_3
  C1_4
  C1_5
  C2_1
  C2_2
  C2_3
  C2_4
  C2_5
  C3_1
  C3_2
  C3_3
  C3_4
  C3_5
  C4_1
  C4_2
  C4_3
  C4_4
  C4_5
  C5_1
  C5_2
  C5_3
  C5_4
  C5_5
  C6_1
  C6_2
  C6_3
  C6_4
  C6_5
  C7_1
  C7_2
  C7_3
  C7_4
  C7_5
  C8_1
  C8_2
  C8_3
  C8_4
  C8_5
  C9_1
  C9_2
  C9_3
  C9_4
  C9_5
  E1_1
  E1_2
  E1_3
  E1_4
  E1_5
  E2_1
  E2_2
  E2_3
  E2_4
  E2_5
  E3_1
  E3_2
  E3_3
  E3_4
  E3_5
  E4_1
  E4_2
  E4_3
  E4_4
  E4_5
  E5_1
  E5_2
  E5_3
  E5_4
  E5_5
  E6_1
  E6_2
  E6_3
  E6_4
  E6_5
  E7_1
  E7_2
  E7_3
  E7_4
  E7_5
  E8_1
  E8_2
  E8_3
  E8_4
  E8_5
  E9_1
  E9_2
  E9_3
  N1_1
  N1_2
  N1_3
  N1_4
  N1_5
  N2_1
  N2_2
  N2_3
  N2_4
  N2_5
  N3_1
  N3_2
  N3_3
  N3_4
  N3_5
  N4_1
  N4_2
  N4_3
  N4_4
  N4_5
  N5_1
  N5_2
  N5_3
  N5_4
  N5_5
  N6_1
  N6_2
  N6_3
  N6_4
  N6_5
  N7_1
  N7_2
  N7_3
  O1_1
  O1_2
  O1_3
  O1_4
  O1_5
  O2_1
  O2_2
  O2_3
  O2_4
  O2_5
  O3_1
  O3_2
  O3_3
  O3_4
  O3_5
  O4_1
  O4_2
  O4_3
  O4_4
  O4_5
  O5_1
  O5_2
  O5_3
  O5_4
  O5_5
  O6_1
  O6_2
  O6_3
  O6_4
  O6_5
  O7_1
  O7_2
  O7_3
  O7_4
  O7_5
  O8_1
  O8_2
  O8_3
  O8_4
  O9_1
  O9_2
  O9_4
  dataset;

   USEVARIABLES ARE
  E3_1
  E3_2
  E3_3
  E3_4
  E3_5;

  Grouping is Dataset (0 = German 1 = US);

  MISSING ARE ALL (-99);

  MODEL:

  E3 by E3_1
  E3_2
  E3_3
  E3_4
  E3_5;


  Model German:
  ;

  Model US:
  ;





  ANALYSIS:
   ESTIMATOR IS ML;
   Iterations are 10000;

   OUTPUT: STDYX MODINDICES(4);



INPUT READING TERMINATED NORMALLY




SUMMARY OF ANALYSIS

Number of groups                                                 2
Number of observations
   Group GERMAN                                                387
   Group US                                                    722

Number of dependent variables                                    5
Number of independent variables                                  0
Number of continuous latent variables                            1

Observed dependent variables

  Continuous
   E3_1        E3_2        E3_3        E3_4        E3_5

Continuous latent variables
   E3

Variables with special functions

  Grouping variable     DATASET

Estimator                                                       ML
Information matrix                                        OBSERVED
Maximum number of iterations                                 10000
Convergence criterion                                    0.500D-04
Maximum number of steepest descent iterations                   20
Maximum number of iterations for H1                           2000
Convergence criterion for H1                             0.100D-03

Input data file(s)
  ITS_TQIPIP.txt

Input data format  FREE


SUMMARY OF DATA

   Group GERMAN
     Number of missing data patterns             1

   Group US
     Number of missing data patterns             1


COVARIANCE COVERAGE OF DATA

Minimum covariance coverage value   0.100


     PROPORTION OF DATA PRESENT FOR GERMAN


           Covariance Coverage
              E3_1          E3_2          E3_3          E3_4          E3_5
              ________      ________      ________      ________      ________
 E3_1           1.000
 E3_2           1.000         1.000
 E3_3           1.000         1.000         1.000
 E3_4           1.000         1.000         1.000         1.000
 E3_5           1.000         1.000         1.000         1.000         1.000


     PROPORTION OF DATA PRESENT FOR US


           Covariance Coverage
              E3_1          E3_2          E3_3          E3_4          E3_5
              ________      ________      ________      ________      ________
 E3_1           1.000
 E3_2           1.000         1.000
 E3_3           1.000         1.000         1.000
 E3_4           1.000         1.000         1.000         1.000
 E3_5           1.000         1.000         1.000         1.000         1.000



THE MODEL ESTIMATION TERMINATED NORMALLY



TESTS OF MODEL FIT

Chi-Square Test of Model Fit

          Value                            153.626
          Degrees of Freedom                    18
          P-Value                           0.0000

Chi-Square Contributions From Each Group

          GERMAN                            77.977
          US                                75.649

Chi-Square Test of Model Fit for the Baseline Model

          Value                            963.657
          Degrees of Freedom                    20
          P-Value                           0.0000

CFI/TLI

          CFI                                0.856
          TLI                                0.840

Loglikelihood

          H0 Value                       -7497.609
          H1 Value                       -7420.796

Information Criteria

          Number of Free Parameters             22
          Akaike (AIC)                   15039.217
          Bayesian (BIC)                 15149.464
          Sample-Size Adjusted BIC       15079.586
            (n* = (n + 2) / 24)

RMSEA (Root Mean Square Error Of Approximation)

          Estimate                           0.117
          90 Percent C.I.                    0.100  0.134

SRMR (Standardized Root Mean Square Residual)

          Value                              0.066



MODEL RESULTS

                                                    Two-Tailed
                    Estimate       S.E.  Est./S.E.    P-Value

Group GERMAN

 E3       BY
    E3_1               1.000      0.000    999.000    999.000
    E3_2               0.933      0.059     15.928      0.000
    E3_3               0.833      0.057     14.586      0.000
    E3_4               0.407      0.047      8.647      0.000
    E3_5               0.255      0.043      5.980      0.000

 Means
    E3                 0.000      0.000    999.000    999.000

 Intercepts
    E3_1               2.680      0.047     57.632      0.000
    E3_2               3.606      0.043     83.347      0.000
    E3_3               3.433      0.044     77.692      0.000
    E3_4               2.298      0.035     65.098      0.000
    E3_5               2.577      0.030     85.242      0.000

 Variances
    E3                 0.564      0.064      8.808      0.000

 Residual Variances
    E3_1               0.423      0.050      8.524      0.000
    E3_2               0.338      0.042      7.981      0.000
    E3_3               0.623      0.057     10.997      0.000
    E3_4               0.908      0.068     13.368      0.000
    E3_5               0.845      0.061     13.743      0.000

Group US

 E3       BY
    E3_1               1.000      0.000    999.000    999.000
    E3_2               0.933      0.059     15.928      0.000
    E3_3               0.833      0.057     14.586      0.000
    E3_4               0.407      0.047      8.647      0.000
    E3_5               0.255      0.043      5.980      0.000

 Means
    E3                -0.111      0.055     -2.021      0.043

 Intercepts
    E3_1               2.680      0.047     57.632      0.000
    E3_2               3.606      0.043     83.347      0.000
    E3_3               3.433      0.044     77.692      0.000
    E3_4               2.298      0.035     65.098      0.000
    E3_5               2.577      0.030     85.242      0.000

 Variances
    E3                 0.605      0.060     10.134      0.000

 Residual Variances
    E3_1               0.432      0.046      9.499      0.000
    E3_2               0.538      0.043     12.492      0.000
    E3_3               0.732      0.048     15.124      0.000
    E3_4               1.076      0.060     18.004      0.000
    E3_5               0.895      0.048     18.753      0.000


STANDARDIZED MODEL RESULTS


STDYX Standardization

                                                    Two-Tailed
                    Estimate       S.E.  Est./S.E.    P-Value

Group GERMAN

 E3       BY
    E3_1               0.756      0.030     25.172      0.000
    E3_2               0.770      0.032     24.254      0.000
    E3_3               0.621      0.034     18.500      0.000
    E3_4               0.305      0.035      8.611      0.000
    E3_5               0.204      0.035      5.895      0.000

 Means
    E3                 0.000      0.000    999.000    999.000

 Intercepts
    E3_1               2.698      0.103     26.164      0.000
    E3_2               3.961      0.142     27.945      0.000
    E3_3               3.410      0.126     26.997      0.000
    E3_4               2.296      0.084     27.269      0.000
    E3_5               2.745      0.101     27.266      0.000

 Variances
    E3                 1.000      0.000    999.000    999.000

 Residual Variances
    E3_1               0.429      0.045      9.444      0.000
    E3_2               0.408      0.049      8.346      0.000
    E3_3               0.614      0.042     14.714      0.000
    E3_4               0.907      0.022     41.882      0.000
    E3_5               0.958      0.014     67.836      0.000

Group US

 E3       BY
    E3_1               0.764      0.028     27.008      0.000
    E3_2               0.703      0.026     27.019      0.000
    E3_3               0.604      0.028     21.921      0.000
    E3_4               0.292      0.035      8.368      0.000
    E3_5               0.205      0.034      6.084      0.000

 Means
    E3                -0.143      0.071     -2.008      0.045

 Intercepts
    E3_1               2.631      0.082     32.176      0.000
    E3_2               3.495      0.099     35.250      0.000
    E3_3               3.199      0.087     36.794      0.000
    E3_4               2.119      0.065     32.513      0.000
    E3_5               2.667      0.076     35.008      0.000

 Variances
    E3                 1.000      0.000    999.000    999.000

 Residual Variances
    E3_1               0.417      0.043      9.652      0.000
    E3_2               0.505      0.037     13.793      0.000
    E3_3               0.635      0.033     19.095      0.000
    E3_4               0.915      0.020     44.922      0.000
    E3_5               0.958      0.014     69.106      0.000


R-SQUARE

Group GERMAN

    Observed                                        Two-Tailed
    Variable        Estimate       S.E.  Est./S.E.    P-Value

    E3_1               0.571      0.045     12.586      0.000
    E3_2               0.592      0.049     12.127      0.000
    E3_3               0.386      0.042      9.250      0.000
    E3_4               0.093      0.022      4.306      0.000
    E3_5               0.042      0.014      2.947      0.003

Group US

    Observed                                        Two-Tailed
    Variable        Estimate       S.E.  Est./S.E.    P-Value

    E3_1               0.583      0.043     13.504      0.000
    E3_2               0.495      0.037     13.510      0.000
    E3_3               0.365      0.033     10.960      0.000
    E3_4               0.085      0.020      4.184      0.000
    E3_5               0.042      0.014      3.042      0.002


QUALITY OF NUMERICAL RESULTS

     Condition Number for the Information Matrix              0.122E-01
       (ratio of smallest to largest eigenvalue)


MODEL MODIFICATION INDICES

NOTE:  Modification indices for direct effects of observed dependent variables
regressed on covariates may not be included.  To include these, request
MODINDICES (ALL).

Minimum M.I. value for printing the modification index     4.000

                            M.I.     E.P.C.  Std E.P.C.  StdYX E.P.C.
Group GERMAN


BY Statements

E3       BY E3_4            5.729    -0.141     -0.106       -0.106

WITH Statements

E3_3     WITH E3_1          9.250    -0.141     -0.141       -0.274
E3_3     WITH E3_2         17.408     0.180      0.180        0.391
E3_4     WITH E3_1         11.361     0.135      0.135        0.218
E3_4     WITH E3_2         16.974    -0.151     -0.151       -0.273
E3_4     WITH E3_3          4.053    -0.086     -0.086       -0.114
E3_5     WITH E3_4          7.478     0.124      0.124        0.142

Means/Intercepts/Thresholds

[ E3_1     ]                5.292    -0.047     -0.047       -0.047
[ E3_3     ]               49.796     0.200      0.200        0.198
[ E3_4     ]               20.046    -0.167     -0.167       -0.166

Group US


BY Statements

E3       BY E3_4            5.732     0.086      0.067        0.062

WITH Statements

E3_3     WITH E3_1          5.927    -0.111     -0.111       -0.197
E3_3     WITH E3_2          7.966     0.121      0.121        0.194
E3_4     WITH E3_1         35.882     0.211      0.211        0.309
E3_4     WITH E3_2         11.461    -0.119     -0.119       -0.157
E3_4     WITH E3_3          4.953    -0.083     -0.083       -0.093
E3_5     WITH E3_2          4.806    -0.069     -0.069       -0.099
E3_5     WITH E3_4         12.142     0.130      0.130        0.132

Means/Intercepts/Thresholds

[ E3_1     ]                5.294     0.077      0.077        0.075
[ E3_3     ]               49.795    -0.201     -0.201       -0.188
[ E3_4     ]               20.045     0.116      0.116        0.107



     Beginning Time:  18:09:06
        Ending Time:  18:09:06
       Elapsed Time:  00:00:00



MUTHEN & MUTHEN
3463 Stoner Ave.
Los Angeles, CA  90066

Tel: (310) 391-9971
Fax: (310) 391-8971
Web: www.StatModel.com
Support: Support@StatModel.com

Copyright (c) 1998-2008 Muthen & Muthen
