Mplus VERSION 7.1
MUTHEN & MUTHEN
04/15/2015  11:39 AM

INPUT INSTRUCTIONS

  TITLE:

  DATA:
  FILE IS  "ARI Data 2009_Conscientiousness CFA Sample.txt";
  Variable:
  Names are
  respid
  con108
  con76
  con77
  con38
  con23
  con85
  con42
  con52
  con110
  con44
  con102
  con56
  con18
  con39
  con33
  con88
  con4
  con83
  con6
  con79
  con109
  con7
  con98
  con74
  con114
  con1
  con19
  con30
  con96
  con103
  con54
  con73
  con26
  con101
  con32
  con50
  con8
  con15
  con93
  con25
  con13
  con5
  con70
  con105
  con2
  con41
  con16
  con67
  con84
  con55
  con10
  con31
  con14
  con68
  con97
  con37
  con87
  con63
  con66
  con86
  con49
  con45
  con91
  con107
  con59
  con11
  con21
  con111
  con34
  con48
  con61
  con29
  con89
  con24
  con100
  con47
  con112
  con82
  con94
  con57
  con90
  con71
  con99
  con28
  con115
  con46
  con36
  con80
  con81
  con72
  con3
  con43
  con116
  con75
  con58
  con64
  con60
  con27
  con113
  con17
  con53
  con35
  con22
  con9
  con104
  con69
  con65
  con95
  con20
  con12
  con51
  con106
  con117
  Filter
  filter_
  ;

  USEVARIABLES ARE
  con20
  con97
  con22
  con45
  con100
  con91
  ;

  MISSING ARE ALL (-99);
  categorical are all;

  Model:
  procras  BY
  con20
  con97
  con22
  con45
  con100
  con91
  ;


  Analysis:
  ESTIMATOR IS WLSMV;

  OUTPUT: STDYX MODINDICES(4);



*** WARNING
  Data set contains cases with missing on all variables.
  These cases were not included in the analysis.
  Number of cases with missing on all variables:  2
   1 WARNING(S) FOUND IN THE INPUT INSTRUCTIONS




SUMMARY OF ANALYSIS

Number of groups                                                 1
Number of observations                                         361

Number of dependent variables                                    6
Number of independent variables                                  0
Number of continuous latent variables                            1

Observed dependent variables

  Binary and ordered categorical (ordinal)
   CON20       CON97       CON22       CON45       CON100      CON91

Continuous latent variables
   PROCRAS


Estimator                                                    WLSMV
Maximum number of iterations                                  1000
Convergence criterion                                    0.500D-04
Maximum number of steepest descent iterations                   20
Maximum number of iterations for H1                           2000
Convergence criterion for H1                             0.100D-03
Parameterization                                             DELTA

Input data file(s)
  ARI Data 2009_Conscientiousness CFA Sample.txt

Input data format  FREE


SUMMARY OF DATA

     Number of missing data patterns             1


COVARIANCE COVERAGE OF DATA

Minimum covariance coverage value   0.100


     PROPORTION OF DATA PRESENT


           Covariance Coverage
              CON20         CON97         CON22         CON45         CON100
              ________      ________      ________      ________      ________
 CON20          1.000
 CON97          1.000         1.000
 CON22          1.000         1.000         1.000
 CON45          1.000         1.000         1.000         1.000
 CON100         1.000         1.000         1.000         1.000         1.000
 CON91          1.000         1.000         1.000         1.000         1.000


           Covariance Coverage
              CON91
              ________
 CON91          1.000


UNIVARIATE PROPORTIONS AND COUNTS FOR CATEGORICAL VARIABLES

    CON20
      Category 1    0.019        7.000
      Category 2    0.122       44.000
      Category 3    0.352      127.000
      Category 4    0.357      129.000
      Category 5    0.150       54.000
    CON97
      Category 1    0.061       22.000
      Category 2    0.247       89.000
      Category 3    0.457      165.000
      Category 4    0.183       66.000
      Category 5    0.053       19.000
    CON22
      Category 1    0.097       35.000
      Category 2    0.224       81.000
      Category 3    0.380      137.000
      Category 4    0.205       74.000
      Category 5    0.094       34.000
    CON45
      Category 1    0.030       11.000
      Category 2    0.158       57.000
      Category 3    0.446      161.000
      Category 4    0.274       99.000
      Category 5    0.091       33.000
    CON100
      Category 1    0.199       72.000
      Category 2    0.474      171.000
      Category 3    0.249       90.000
      Category 4    0.064       23.000
      Category 5    0.014        5.000
    CON91
      Category 1    0.152       55.000
      Category 2    0.432      156.000
      Category 3    0.305      110.000
      Category 4    0.075       27.000
      Category 5    0.036       13.000



THE MODEL ESTIMATION TERMINATED NORMALLY



MODEL FIT INFORMATION

Number of Free Parameters                       30

Chi-Square Test of Model Fit

          Value                             28.489*
          Degrees of Freedom                     9
          P-Value                           0.0008

*   The chi-square value for MLM, MLMV, MLR, ULSMV, WLSM and WLSMV cannot be used
    for chi-square difference testing in the regular way.  MLM, MLR and WLSM
    chi-square difference testing is described on the Mplus website.  MLMV, WLSMV,
    and ULSMV difference testing is done using the DIFFTEST option.

RMSEA (Root Mean Square Error Of Approximation)

          Estimate                           0.077
          90 Percent C.I.                    0.046  0.110
          Probability RMSEA <= .05           0.070

CFI/TLI

          CFI                                0.950
          TLI                                0.916

Chi-Square Test of Model Fit for the Baseline Model

          Value                            403.141
          Degrees of Freedom                    15
          P-Value                           0.0000

WRMR (Weighted Root Mean Square Residual)

          Value                              0.714



MODEL RESULTS

                                                    Two-Tailed
                    Estimate       S.E.  Est./S.E.    P-Value

 PROCRAS  BY
    CON20              1.000      0.000    999.000    999.000
    CON97              1.080      0.150      7.221      0.000
    CON22              1.010      0.145      6.974      0.000
    CON45              1.320      0.162      8.166      0.000
    CON100            -1.132      0.154     -7.362      0.000
    CON91             -0.674      0.130     -5.174      0.000

 Thresholds
    CON20$1           -2.067      0.154    -13.429      0.000
    CON20$2           -1.075      0.082    -13.128      0.000
    CON20$3           -0.017      0.066     -0.263      0.792
    CON20$4            1.038      0.081     12.872      0.000
    CON97$1           -1.547      0.104    -14.815      0.000
    CON97$2           -0.503      0.069     -7.281      0.000
    CON97$3            0.721      0.073      9.932      0.000
    CON97$4            1.620      0.109     14.807      0.000
    CON22$1           -1.299      0.091    -14.312      0.000
    CON22$2           -0.464      0.069     -6.763      0.000
    CON22$3            0.527      0.069      7.591      0.000
    CON22$4            1.315      0.092     14.371      0.000
    CON45$1           -1.874      0.131    -14.278      0.000
    CON45$2           -0.884      0.076    -11.594      0.000
    CON45$3            0.343      0.067      5.095      0.000
    CON45$4            1.332      0.092     14.427      0.000
    CON100$1          -0.844      0.075    -11.211      0.000
    CON100$2           0.449      0.068      6.555      0.000
    CON100$3           1.422      0.097     14.665      0.000
    CON100$4           2.201      0.174     12.655      0.000
    CON91$1           -1.026      0.080    -12.784      0.000
    CON91$2            0.213      0.067      3.208      0.001
    CON91$3            1.222      0.087     13.985      0.000
    CON91$4            1.799      0.124     14.510      0.000

 Variances
    PROCRAS            0.236      0.051      4.613      0.000


STANDARDIZED MODEL RESULTS


STDYX Standardization

                                                    Two-Tailed
                    Estimate       S.E.  Est./S.E.    P-Value

 PROCRAS  BY
    CON20              0.486      0.053      9.226      0.000
    CON97              0.525      0.049     10.690      0.000
    CON22              0.491      0.050      9.743      0.000
    CON45              0.641      0.044     14.733      0.000
    CON100            -0.550      0.044    -12.527      0.000
    CON91             -0.328      0.053     -6.186      0.000

 Thresholds
    CON20$1           -2.067      0.154    -13.429      0.000
    CON20$2           -1.075      0.082    -13.128      0.000
    CON20$3           -0.017      0.066     -0.263      0.792
    CON20$4            1.038      0.081     12.872      0.000
    CON97$1           -1.547      0.104    -14.815      0.000
    CON97$2           -0.503      0.069     -7.281      0.000
    CON97$3            0.721      0.073      9.932      0.000
    CON97$4            1.620      0.109     14.807      0.000
    CON22$1           -1.299      0.091    -14.312      0.000
    CON22$2           -0.464      0.069     -6.763      0.000
    CON22$3            0.527      0.069      7.591      0.000
    CON22$4            1.315      0.092     14.371      0.000
    CON45$1           -1.874      0.131    -14.278      0.000
    CON45$2           -0.884      0.076    -11.594      0.000
    CON45$3            0.343      0.067      5.095      0.000
    CON45$4            1.332      0.092     14.427      0.000
    CON100$1          -0.844      0.075    -11.211      0.000
    CON100$2           0.449      0.068      6.555      0.000
    CON100$3           1.422      0.097     14.665      0.000
    CON100$4           2.201      0.174     12.655      0.000
    CON91$1           -1.026      0.080    -12.784      0.000
    CON91$2            0.213      0.067      3.208      0.001
    CON91$3            1.222      0.087     13.985      0.000
    CON91$4            1.799      0.124     14.510      0.000

 Variances
    PROCRAS            1.000      0.000    999.000    999.000


R-SQUARE

    Observed                                        Two-Tailed   Residual
    Variable        Estimate       S.E.  Est./S.E.    P-Value    Variance

    CON20              0.236      0.051      4.613      0.000      0.764
    CON97              0.275      0.052      5.345      0.000      0.725
    CON22              0.241      0.049      4.872      0.000      0.759
    CON45              0.411      0.056      7.366      0.000      0.589
    CON100             0.302      0.048      6.263      0.000      0.698
    CON91              0.107      0.035      3.093      0.002      0.893


QUALITY OF NUMERICAL RESULTS

     Condition Number for the Information Matrix              0.184E-02
       (ratio of smallest to largest eigenvalue)


MODEL MODIFICATION INDICES

NOTE:  Modification indices for direct effects of observed dependent variables
regressed on covariates and residual covariances among observed dependent
variables may not be included.  To include these, request MODINDICES (ALL).

Minimum M.I. value for printing the modification index     4.000

                                   M.I.     E.P.C.  Std E.P.C.  StdYX E.P.C.

No modification indices above the minimum value.



DIAGRAM INFORMATION

  Use View Diagram under the Diagram menu in the Mplus Editor to view the diagram.
  If running Mplus from the Mplus Diagrammer, the diagram opens automatically.

  Diagram output
    f:\ipip paper\sample_usa\cfa\conscientiousness\cfa conscientiousness - procrastination.dgm

     Beginning Time:  11:39:07
        Ending Time:  11:39:08
       Elapsed Time:  00:00:01



MUTHEN & MUTHEN
3463 Stoner Ave.
Los Angeles, CA  90066

Tel: (310) 391-9971
Fax: (310) 391-8971
Web: www.StatModel.com
Support: Support@StatModel.com

Copyright (c) 1998-2013 Muthen & Muthen
