Mplus VERSION 7.1
MUTHEN & MUTHEN
04/15/2015  11:35 AM

INPUT INSTRUCTIONS

  TITLE:

  DATA:
  FILE IS  "ARI Data 2009_Conscientiousness CFA Sample.txt";
  Variable:
  Names are
  respid
  con108
  con76
  con77
  con38
  con23
  con85
  con42
  con52
  con110
  con44
  con102
  con56
  con18
  con39
  con33
  con88
  con4
  con83
  con6
  con79
  con109
  con7
  con98
  con74
  con114
  con1
  con19
  con30
  con96
  con103
  con54
  con73
  con26
  con101
  con32
  con50
  con8
  con15
  con93
  con25
  con13
  con5
  con70
  con105
  con2
  con41
  con16
  con67
  con84
  con55
  con10
  con31
  con14
  con68
  con97
  con37
  con87
  con63
  con66
  con86
  con49
  con45
  con91
  con107
  con59
  con11
  con21
  con111
  con34
  con48
  con61
  con29
  con89
  con24
  con100
  con47
  con112
  con82
  con94
  con57
  con90
  con71
  con99
  con28
  con115
  con46
  con36
  con80
  con81
  con72
  con3
  con43
  con116
  con75
  con58
  con64
  con60
  con27
  con113
  con17
  con53
  con35
  con22
  con9
  con104
  con69
  con65
  con95
  con20
  con12
  con51
  con106
  con117
  Filter
  filter_
  ;

  USEVARIABLES ARE
  con59
  con79
  con7
  con21
  con67
  con60
  con71
  con101
  con50
  ;

  MISSING ARE ALL (-99);
  categorical are all;

  Model:
  order  BY
  con59
  con79
  con7
  con21
  con67
  con60
  con71
  con101
  con50
  ;


  Analysis:
  ESTIMATOR IS WLSMV;

  OUTPUT: STDYX MODINDICES(4);



*** WARNING
  Data set contains cases with missing on all variables.
  These cases were not included in the analysis.
  Number of cases with missing on all variables:  2
   1 WARNING(S) FOUND IN THE INPUT INSTRUCTIONS




SUMMARY OF ANALYSIS

Number of groups                                                 1
Number of observations                                         361

Number of dependent variables                                    9
Number of independent variables                                  0
Number of continuous latent variables                            1

Observed dependent variables

  Binary and ordered categorical (ordinal)
   CON59       CON79       CON7        CON21       CON67       CON60
   CON71       CON101      CON50

Continuous latent variables
   ORDER


Estimator                                                    WLSMV
Maximum number of iterations                                  1000
Convergence criterion                                    0.500D-04
Maximum number of steepest descent iterations                   20
Maximum number of iterations for H1                           2000
Convergence criterion for H1                             0.100D-03
Parameterization                                             DELTA

Input data file(s)
  ARI Data 2009_Conscientiousness CFA Sample.txt

Input data format  FREE


SUMMARY OF DATA

     Number of missing data patterns             1


COVARIANCE COVERAGE OF DATA

Minimum covariance coverage value   0.100


     PROPORTION OF DATA PRESENT


           Covariance Coverage
              CON59         CON79         CON7          CON21         CON67
              ________      ________      ________      ________      ________
 CON59          1.000
 CON79          1.000         1.000
 CON7           1.000         1.000         1.000
 CON21          1.000         1.000         1.000         1.000
 CON67          1.000         1.000         1.000         1.000         1.000
 CON60          1.000         1.000         1.000         1.000         1.000
 CON71          1.000         1.000         1.000         1.000         1.000
 CON101         1.000         1.000         1.000         1.000         1.000
 CON50          1.000         1.000         1.000         1.000         1.000


           Covariance Coverage
              CON60         CON71         CON101        CON50
              ________      ________      ________      ________
 CON60          1.000
 CON71          1.000         1.000
 CON101         1.000         1.000         1.000
 CON50          1.000         1.000         1.000         1.000


UNIVARIATE PROPORTIONS AND COUNTS FOR CATEGORICAL VARIABLES

    CON59
      Category 1    0.205       74.000
      Category 2    0.216       78.000
      Category 3    0.294      106.000
      Category 4    0.163       59.000
      Category 5    0.122       44.000
    CON79
      Category 1    0.158       57.000
      Category 2    0.313      113.000
      Category 3    0.302      109.000
      Category 4    0.141       51.000
      Category 5    0.086       31.000
    CON7
      Category 1    0.175       63.000
      Category 2    0.357      129.000
      Category 3    0.260       94.000
      Category 4    0.139       50.000
      Category 5    0.069       25.000
    CON21
      Category 1    0.183       66.000
      Category 2    0.449      162.000
      Category 3    0.227       82.000
      Category 4    0.100       36.000
      Category 5    0.042       15.000
    CON67
      Category 1    0.053       19.000
      Category 2    0.130       47.000
      Category 3    0.327      118.000
      Category 4    0.310      112.000
      Category 5    0.180       65.000
    CON60
      Category 1    0.166       60.000
      Category 2    0.302      109.000
      Category 3    0.291      105.000
      Category 4    0.155       56.000
      Category 5    0.086       31.000
    CON71
      Category 1    0.177       64.000
      Category 2    0.440      159.000
      Category 3    0.260       94.000
      Category 4    0.094       34.000
      Category 5    0.028       10.000
    CON101
      Category 1    0.006        2.000
      Category 2    0.028       10.000
      Category 3    0.224       81.000
      Category 4    0.407      147.000
      Category 5    0.335      121.000
    CON50
      Category 1    0.066       24.000
      Category 2    0.252       91.000
      Category 3    0.363      131.000
      Category 4    0.213       77.000
      Category 5    0.105       38.000



THE MODEL ESTIMATION TERMINATED NORMALLY



MODEL FIT INFORMATION

Number of Free Parameters                       45

Chi-Square Test of Model Fit

          Value                            255.748*
          Degrees of Freedom                    27
          P-Value                           0.0000

*   The chi-square value for MLM, MLMV, MLR, ULSMV, WLSM and WLSMV cannot be used
    for chi-square difference testing in the regular way.  MLM, MLR and WLSM
    chi-square difference testing is described on the Mplus website.  MLMV, WLSMV,
    and ULSMV difference testing is done using the DIFFTEST option.

RMSEA (Root Mean Square Error Of Approximation)

          Estimate                           0.153
          90 Percent C.I.                    0.136  0.171
          Probability RMSEA <= .05           0.000

CFI/TLI

          CFI                                0.912
          TLI                                0.882

Chi-Square Test of Model Fit for the Baseline Model

          Value                           2627.497
          Degrees of Freedom                    36
          P-Value                           0.0000

WRMR (Weighted Root Mean Square Residual)

          Value                              1.529



MODEL RESULTS

                                                    Two-Tailed
                    Estimate       S.E.  Est./S.E.    P-Value

 ORDER    BY
    CON59              1.000      0.000    999.000    999.000
    CON79              0.880      0.041     21.302      0.000
    CON7               0.976      0.033     29.544      0.000
    CON21              0.937      0.037     25.155      0.000
    CON67             -0.718      0.041    -17.516      0.000
    CON60              0.769      0.041     18.929      0.000
    CON71              0.777      0.043     17.884      0.000
    CON101            -0.796      0.041    -19.622      0.000
    CON50             -0.614      0.045    -13.617      0.000

 Thresholds
    CON59$1           -0.824      0.075    -11.018      0.000
    CON59$2           -0.199      0.066     -2.998      0.003
    CON59$3            0.567      0.070      8.105      0.000
    CON59$4            1.166      0.085     13.691      0.000
    CON79$1           -1.003      0.080    -12.608      0.000
    CON79$2           -0.073      0.066     -1.105      0.269
    CON79$3            0.748      0.073     10.231      0.000
    CON79$4            1.367      0.094     14.532      0.000
    CON7$1            -0.936      0.078    -12.063      0.000
    CON7$2             0.080      0.066      1.210      0.226
    CON7$3             0.814      0.075     10.920      0.000
    CON7$4             1.481      0.100     14.763      0.000
    CON21$1           -0.905      0.077    -11.783      0.000
    CON21$2            0.336      0.067      4.991      0.000
    CON21$3            1.075      0.082     13.128      0.000
    CON21$4            1.733      0.118     14.664      0.000
    CON67$1           -1.620      0.109    -14.807      0.000
    CON67$2           -0.905      0.077    -11.783      0.000
    CON67$3            0.024      0.066      0.368      0.713
    CON67$4            0.915      0.077     11.877      0.000
    CON60$1           -0.969      0.079    -12.338      0.000
    CON60$2           -0.080      0.066     -1.210      0.226
    CON60$3            0.703      0.072      9.732      0.000
    CON60$4            1.367      0.094     14.532      0.000
    CON71$1           -0.926      0.077    -11.970      0.000
    CON71$2            0.300      0.067      4.467      0.000
    CON71$3            1.166      0.085     13.691      0.000
    CON71$4            1.916      0.136     14.123      0.000
    CON101$1          -2.540      0.247    -10.300      0.000
    CON101$2          -1.835      0.127    -14.406      0.000
    CON101$3          -0.651      0.071     -9.126      0.000
    CON101$4           0.426      0.068      6.243      0.000
    CON50$1           -1.503      0.102    -14.786      0.000
    CON50$2           -0.472      0.069     -6.866      0.000
    CON50$3            0.472      0.069      6.866      0.000
    CON50$4            1.252      0.089     14.121      0.000

 Variances
    ORDER              0.641      0.036     18.015      0.000


STANDARDIZED MODEL RESULTS


STDYX Standardization

                                                    Two-Tailed
                    Estimate       S.E.  Est./S.E.    P-Value

 ORDER    BY
    CON59              0.801      0.022     36.030      0.000
    CON79              0.705      0.030     23.490      0.000
    CON7               0.781      0.022     34.998      0.000
    CON21              0.750      0.026     28.691      0.000
    CON67             -0.575      0.033    -17.402      0.000
    CON60              0.615      0.033     18.633      0.000
    CON71              0.622      0.034     18.170      0.000
    CON101            -0.637      0.031    -20.238      0.000
    CON50             -0.492      0.037    -13.265      0.000

 Thresholds
    CON59$1           -0.824      0.075    -11.018      0.000
    CON59$2           -0.199      0.066     -2.998      0.003
    CON59$3            0.567      0.070      8.105      0.000
    CON59$4            1.166      0.085     13.691      0.000
    CON79$1           -1.003      0.080    -12.608      0.000
    CON79$2           -0.073      0.066     -1.105      0.269
    CON79$3            0.748      0.073     10.231      0.000
    CON79$4            1.367      0.094     14.532      0.000
    CON7$1            -0.936      0.078    -12.063      0.000
    CON7$2             0.080      0.066      1.210      0.226
    CON7$3             0.814      0.075     10.920      0.000
    CON7$4             1.481      0.100     14.763      0.000
    CON21$1           -0.905      0.077    -11.783      0.000
    CON21$2            0.336      0.067      4.991      0.000
    CON21$3            1.075      0.082     13.128      0.000
    CON21$4            1.733      0.118     14.664      0.000
    CON67$1           -1.620      0.109    -14.807      0.000
    CON67$2           -0.905      0.077    -11.783      0.000
    CON67$3            0.024      0.066      0.368      0.713
    CON67$4            0.915      0.077     11.877      0.000
    CON60$1           -0.969      0.079    -12.338      0.000
    CON60$2           -0.080      0.066     -1.210      0.226
    CON60$3            0.703      0.072      9.732      0.000
    CON60$4            1.367      0.094     14.532      0.000
    CON71$1           -0.926      0.077    -11.970      0.000
    CON71$2            0.300      0.067      4.467      0.000
    CON71$3            1.166      0.085     13.691      0.000
    CON71$4            1.916      0.136     14.123      0.000
    CON101$1          -2.540      0.247    -10.300      0.000
    CON101$2          -1.835      0.127    -14.406      0.000
    CON101$3          -0.651      0.071     -9.126      0.000
    CON101$4           0.426      0.068      6.243      0.000
    CON50$1           -1.503      0.102    -14.786      0.000
    CON50$2           -0.472      0.069     -6.866      0.000
    CON50$3            0.472      0.069      6.866      0.000
    CON50$4            1.252      0.089     14.121      0.000

 Variances
    ORDER              1.000      0.000    999.000    999.000


R-SQUARE

    Observed                                        Two-Tailed   Residual
    Variable        Estimate       S.E.  Est./S.E.    P-Value    Variance

    CON59              0.641      0.036     18.015      0.000      0.359
    CON79              0.496      0.042     11.745      0.000      0.504
    CON7               0.610      0.035     17.499      0.000      0.390
    CON21              0.563      0.039     14.345      0.000      0.437
    CON67              0.331      0.038      8.701      0.000      0.669
    CON60              0.379      0.041      9.317      0.000      0.621
    CON71              0.387      0.043      9.085      0.000      0.613
    CON101             0.406      0.040     10.119      0.000      0.594
    CON50              0.242      0.036      6.632      0.000      0.758


QUALITY OF NUMERICAL RESULTS

     Condition Number for the Information Matrix              0.180E-02
       (ratio of smallest to largest eigenvalue)


MODEL MODIFICATION INDICES

NOTE:  Modification indices for direct effects of observed dependent variables
regressed on covariates and residual covariances among observed dependent
variables may not be included.  To include these, request MODINDICES (ALL).

Minimum M.I. value for printing the modification index     4.000

                                   M.I.     E.P.C.  Std E.P.C.  StdYX E.P.C.

No modification indices above the minimum value.



DIAGRAM INFORMATION

  Use View Diagram under the Diagram menu in the Mplus Editor to view the diagram.
  If running Mplus from the Mplus Diagrammer, the diagram opens automatically.

  Diagram output
    f:\ipip paper\sample_usa\cfa\conscientiousness\cfa conscientiousness - lack of tidiness.dgm

     Beginning Time:  11:35:40
        Ending Time:  11:35:41
       Elapsed Time:  00:00:01



MUTHEN & MUTHEN
3463 Stoner Ave.
Los Angeles, CA  90066

Tel: (310) 391-9971
Fax: (310) 391-8971
Web: www.StatModel.com
Support: Support@StatModel.com

Copyright (c) 1998-2013 Muthen & Muthen
