Mplus VERSION 7.1
MUTHEN & MUTHEN
04/15/2015  11:37 AM

INPUT INSTRUCTIONS

  TITLE:

  DATA:
  FILE IS  "ARI Data 2009_Conscientiousness CFA Sample.txt";
  Variable:
  Names are
  respid
  con108
  con76
  con77
  con38
  con23
  con85
  con42
  con52
  con110
  con44
  con102
  con56
  con18
  con39
  con33
  con88
  con4
  con83
  con6
  con79
  con109
  con7
  con98
  con74
  con114
  con1
  con19
  con30
  con96
  con103
  con54
  con73
  con26
  con101
  con32
  con50
  con8
  con15
  con93
  con25
  con13
  con5
  con70
  con105
  con2
  con41
  con16
  con67
  con84
  con55
  con10
  con31
  con14
  con68
  con97
  con37
  con87
  con63
  con66
  con86
  con49
  con45
  con91
  con107
  con59
  con11
  con21
  con111
  con34
  con48
  con61
  con29
  con89
  con24
  con100
  con47
  con112
  con82
  con94
  con57
  con90
  con71
  con99
  con28
  con115
  con46
  con36
  con80
  con81
  con72
  con3
  con43
  con116
  con75
  con58
  con64
  con60
  con27
  con113
  con17
  con53
  con35
  con22
  con9
  con104
  con69
  con65
  con95
  con20
  con12
  con51
  con106
  con117
  Filter
  filter_
  ;

  USEVARIABLES ARE
  con115
  con56
  con5
  con57
  con54
  con65
  con11
  ;

  MISSING ARE ALL (-99);
  categorical are all;

  Model:
  prload  BY
  con115
  con56
  con5
  con57
  con54
  con65
  con11
  ;


  Analysis:
  ESTIMATOR IS WLSMV;

  OUTPUT: STDYX MODINDICES(4);



*** WARNING
  Data set contains cases with missing on all variables.
  These cases were not included in the analysis.
  Number of cases with missing on all variables:  2
   1 WARNING(S) FOUND IN THE INPUT INSTRUCTIONS




SUMMARY OF ANALYSIS

Number of groups                                                 1
Number of observations                                         361

Number of dependent variables                                    7
Number of independent variables                                  0
Number of continuous latent variables                            1

Observed dependent variables

  Binary and ordered categorical (ordinal)
   CON115      CON56       CON5        CON57       CON54       CON65
   CON11

Continuous latent variables
   PRLOAD


Estimator                                                    WLSMV
Maximum number of iterations                                  1000
Convergence criterion                                    0.500D-04
Maximum number of steepest descent iterations                   20
Maximum number of iterations for H1                           2000
Convergence criterion for H1                             0.100D-03
Parameterization                                             DELTA

Input data file(s)
  ARI Data 2009_Conscientiousness CFA Sample.txt

Input data format  FREE


SUMMARY OF DATA

     Number of missing data patterns             1


COVARIANCE COVERAGE OF DATA

Minimum covariance coverage value   0.100


     PROPORTION OF DATA PRESENT


           Covariance Coverage
              CON115        CON56         CON5          CON57         CON54
              ________      ________      ________      ________      ________
 CON115         1.000
 CON56          1.000         1.000
 CON5           1.000         1.000         1.000
 CON57          1.000         1.000         1.000         1.000
 CON54          1.000         1.000         1.000         1.000         1.000
 CON65          1.000         1.000         1.000         1.000         1.000
 CON11          1.000         1.000         1.000         1.000         1.000


           Covariance Coverage
              CON65         CON11
              ________      ________
 CON65          1.000
 CON11          1.000         1.000


UNIVARIATE PROPORTIONS AND COUNTS FOR CATEGORICAL VARIABLES

    CON115
      Category 1    0.055       20.000
      Category 2    0.324      117.000
      Category 3    0.327      118.000
      Category 4    0.188       68.000
      Category 5    0.105       38.000
    CON56
      Category 1    0.197       71.000
      Category 2    0.260       94.000
      Category 3    0.327      118.000
      Category 4    0.158       57.000
      Category 5    0.058       21.000
    CON5
      Category 1    0.019        7.000
      Category 2    0.116       42.000
      Category 3    0.341      123.000
      Category 4    0.319      115.000
      Category 5    0.205       74.000
    CON57
      Category 1    0.039       14.000
      Category 2    0.139       50.000
      Category 3    0.402      145.000
      Category 4    0.252       91.000
      Category 5    0.169       61.000
    CON54
      Category 1    0.186       67.000
      Category 2    0.382      138.000
      Category 3    0.302      109.000
      Category 4    0.100       36.000
      Category 5    0.030       11.000
    CON65
      Category 1    0.033       12.000
      Category 2    0.086       31.000
      Category 3    0.341      123.000
      Category 4    0.296      107.000
      Category 5    0.244       88.000
    CON11
      Category 1    0.006        2.000
      Category 2    0.119       43.000
      Category 3    0.452      163.000
      Category 4    0.341      123.000
      Category 5    0.083       30.000



THE MODEL ESTIMATION TERMINATED NORMALLY



MODEL FIT INFORMATION

Number of Free Parameters                       35

Chi-Square Test of Model Fit

          Value                             84.696*
          Degrees of Freedom                    14
          P-Value                           0.0000

*   The chi-square value for MLM, MLMV, MLR, ULSMV, WLSM and WLSMV cannot be used
    for chi-square difference testing in the regular way.  MLM, MLR and WLSM
    chi-square difference testing is described on the Mplus website.  MLMV, WLSMV,
    and ULSMV difference testing is done using the DIFFTEST option.

RMSEA (Root Mean Square Error Of Approximation)

          Estimate                           0.118
          90 Percent C.I.                    0.095  0.143
          Probability RMSEA <= .05           0.000

CFI/TLI

          CFI                                0.909
          TLI                                0.863

Chi-Square Test of Model Fit for the Baseline Model

          Value                            796.771
          Degrees of Freedom                    21
          P-Value                           0.0000

WRMR (Weighted Root Mean Square Residual)

          Value                              1.125



MODEL RESULTS

                                                    Two-Tailed
                    Estimate       S.E.  Est./S.E.    P-Value

 PRLOAD   BY
    CON115             1.000      0.000    999.000    999.000
    CON56             -0.898      0.079    -11.335      0.000
    CON5               1.223      0.087     14.039      0.000
    CON57              0.937      0.077     12.155      0.000
    CON54             -0.590      0.079     -7.491      0.000
    CON65             -0.025      0.086     -0.292      0.770
    CON11              0.285      0.080      3.546      0.000

 Thresholds
    CON115$1          -1.595      0.108    -14.818      0.000
    CON115$2          -0.307      0.067     -4.572      0.000
    CON115$3           0.543      0.070      7.797      0.000
    CON115$4           1.252      0.089     14.121      0.000
    CON56$1           -0.854      0.075    -11.308      0.000
    CON56$2           -0.108      0.066     -1.631      0.103
    CON56$3            0.786      0.074     10.627      0.000
    CON56$4            1.570      0.106     14.820      0.000
    CON5$1            -2.067      0.154    -13.429      0.000
    CON5$2            -1.100      0.083    -13.294      0.000
    CON5$3            -0.059      0.066     -0.895      0.371
    CON5$4             0.824      0.075     11.018      0.000
    CON57$1           -1.765      0.121    -14.596      0.000
    CON57$2           -0.926      0.077    -11.970      0.000
    CON57$3            0.199      0.066      2.998      0.003
    CON57$4            0.958      0.078     12.247      0.000
    CON54$1           -0.894      0.077    -11.689      0.000
    CON54$2            0.171      0.066      2.578      0.010
    CON54$3            1.125      0.084     13.457      0.000
    CON54$4            1.874      0.131     14.278      0.000
    CON65$1           -1.835      0.127    -14.406      0.000
    CON65$2           -1.179      0.086    -13.767      0.000
    CON65$3           -0.101      0.066     -1.526      0.127
    CON65$4            0.694      0.072      9.632      0.000
    CON11$1           -2.540      0.247    -10.300      0.000
    CON11$2           -1.152      0.085    -13.614      0.000
    CON11$3            0.192      0.066      2.893      0.004
    CON11$4            1.385      0.095     14.580      0.000

 Variances
    PRLOAD             0.432      0.050      8.671      0.000


STANDARDIZED MODEL RESULTS


STDYX Standardization

                                                    Two-Tailed
                    Estimate       S.E.  Est./S.E.    P-Value

 PRLOAD   BY
    CON115             0.657      0.038     17.342      0.000
    CON56             -0.590      0.039    -15.007      0.000
    CON5               0.804      0.031     25.576      0.000
    CON57              0.616      0.034     17.888      0.000
    CON54             -0.388      0.047     -8.222      0.000
    CON65             -0.016      0.056     -0.293      0.770
    CON11              0.187      0.052      3.564      0.000

 Thresholds
    CON115$1          -1.595      0.108    -14.818      0.000
    CON115$2          -0.307      0.067     -4.572      0.000
    CON115$3           0.543      0.070      7.797      0.000
    CON115$4           1.252      0.089     14.121      0.000
    CON56$1           -0.854      0.075    -11.308      0.000
    CON56$2           -0.108      0.066     -1.631      0.103
    CON56$3            0.786      0.074     10.627      0.000
    CON56$4            1.570      0.106     14.820      0.000
    CON5$1            -2.067      0.154    -13.429      0.000
    CON5$2            -1.100      0.083    -13.294      0.000
    CON5$3            -0.059      0.066     -0.895      0.371
    CON5$4             0.824      0.075     11.018      0.000
    CON57$1           -1.765      0.121    -14.596      0.000
    CON57$2           -0.926      0.077    -11.970      0.000
    CON57$3            0.199      0.066      2.998      0.003
    CON57$4            0.958      0.078     12.247      0.000
    CON54$1           -0.894      0.077    -11.689      0.000
    CON54$2            0.171      0.066      2.578      0.010
    CON54$3            1.125      0.084     13.457      0.000
    CON54$4            1.874      0.131     14.278      0.000
    CON65$1           -1.835      0.127    -14.406      0.000
    CON65$2           -1.179      0.086    -13.767      0.000
    CON65$3           -0.101      0.066     -1.526      0.127
    CON65$4            0.694      0.072      9.632      0.000
    CON11$1           -2.540      0.247    -10.300      0.000
    CON11$2           -1.152      0.085    -13.614      0.000
    CON11$3            0.192      0.066      2.893      0.004
    CON11$4            1.385      0.095     14.580      0.000

 Variances
    PRLOAD             1.000      0.000    999.000    999.000


R-SQUARE

    Observed                                        Two-Tailed   Residual
    Variable        Estimate       S.E.  Est./S.E.    P-Value    Variance

    CON115             0.432      0.050      8.671      0.000      0.568
    CON56              0.348      0.046      7.504      0.000      0.652
    CON5               0.647      0.051     12.788      0.000      0.353
    CON57              0.379      0.042      8.944      0.000      0.621
    CON54              0.150      0.037      4.111      0.000      0.850
    CON65              0.000      0.002      0.146      0.884      1.000
    CON11              0.035      0.020      1.782      0.075      0.965


QUALITY OF NUMERICAL RESULTS

     Condition Number for the Information Matrix              0.462E-02
       (ratio of smallest to largest eigenvalue)


MODEL MODIFICATION INDICES

NOTE:  Modification indices for direct effects of observed dependent variables
regressed on covariates and residual covariances among observed dependent
variables may not be included.  To include these, request MODINDICES (ALL).

Minimum M.I. value for printing the modification index     4.000

                                   M.I.     E.P.C.  Std E.P.C.  StdYX E.P.C.

No modification indices above the minimum value.



DIAGRAM INFORMATION

  Use View Diagram under the Diagram menu in the Mplus Editor to view the diagram.
  If running Mplus from the Mplus Diagrammer, the diagram opens automatically.

  Diagram output
    f:\ipip paper\sample_usa\cfa\conscientiousness\cfa conscientiousness - preferred load.dgm

     Beginning Time:  11:37:40
        Ending Time:  11:37:41
       Elapsed Time:  00:00:01



MUTHEN & MUTHEN
3463 Stoner Ave.
Los Angeles, CA  90066

Tel: (310) 391-9971
Fax: (310) 391-8971
Web: www.StatModel.com
Support: Support@StatModel.com

Copyright (c) 1998-2013 Muthen & Muthen
