Mplus VERSION 7.1
MUTHEN & MUTHEN
04/15/2015  11:34 AM

INPUT INSTRUCTIONS

  TITLE:

  DATA:
  FILE IS  "ARI Data 2009_Conscientiousness CFA Sample.txt";
  Variable:
  Names are
  respid
  con108
  con76
  con77
  con38
  con23
  con85
  con42
  con52
  con110
  con44
  con102
  con56
  con18
  con39
  con33
  con88
  con4
  con83
  con6
  con79
  con109
  con7
  con98
  con74
  con114
  con1
  con19
  con30
  con96
  con103
  con54
  con73
  con26
  con101
  con32
  con50
  con8
  con15
  con93
  con25
  con13
  con5
  con70
  con105
  con2
  con41
  con16
  con67
  con84
  con55
  con10
  con31
  con14
  con68
  con97
  con37
  con87
  con63
  con66
  con86
  con49
  con45
  con91
  con107
  con59
  con11
  con21
  con111
  con34
  con48
  con61
  con29
  con89
  con24
  con100
  con47
  con112
  con82
  con94
  con57
  con90
  con71
  con99
  con28
  con115
  con46
  con36
  con80
  con81
  con72
  con3
  con43
  con116
  con75
  con58
  con64
  con60
  con27
  con113
  con17
  con53
  con35
  con22
  con9
  con104
  con69
  con65
  con95
  con20
  con12
  con51
  con106
  con117
  Filter
  filter_
  ;

  USEVARIABLES ARE
  con25
  con31
  con104
  con68
  con73
  con102
  con30
  con15
  con103
  con42
  con18
  con19
  con41
  ;

  MISSING ARE ALL (-99);
  categorical are all;

  Model:
  caution  BY
  con25
  con31
  con104
  con68
  con73
  con102
  con30
  con15
  con103
  con42
  con18
  con19
  con41
  ;


  Analysis:
  ESTIMATOR IS WLSMV;

  OUTPUT: STDYX MODINDICES(4);



*** WARNING
  Data set contains cases with missing on all variables.
  These cases were not included in the analysis.
  Number of cases with missing on all variables:  2
   1 WARNING(S) FOUND IN THE INPUT INSTRUCTIONS




SUMMARY OF ANALYSIS

Number of groups                                                 1
Number of observations                                         361

Number of dependent variables                                   13
Number of independent variables                                  0
Number of continuous latent variables                            1

Observed dependent variables

  Binary and ordered categorical (ordinal)
   CON25       CON31       CON104      CON68       CON73       CON102
   CON30       CON15       CON103      CON42       CON18       CON19
   CON41

Continuous latent variables
   CAUTION


Estimator                                                    WLSMV
Maximum number of iterations                                  1000
Convergence criterion                                    0.500D-04
Maximum number of steepest descent iterations                   20
Maximum number of iterations for H1                           2000
Convergence criterion for H1                             0.100D-03
Parameterization                                             DELTA

Input data file(s)
  ARI Data 2009_Conscientiousness CFA Sample.txt

Input data format  FREE


SUMMARY OF DATA

     Number of missing data patterns             1


COVARIANCE COVERAGE OF DATA

Minimum covariance coverage value   0.100


     PROPORTION OF DATA PRESENT


           Covariance Coverage
              CON25         CON31         CON104        CON68         CON73
              ________      ________      ________      ________      ________
 CON25          1.000
 CON31          1.000         1.000
 CON104         1.000         1.000         1.000
 CON68          1.000         1.000         1.000         1.000
 CON73          1.000         1.000         1.000         1.000         1.000
 CON102         1.000         1.000         1.000         1.000         1.000
 CON30          1.000         1.000         1.000         1.000         1.000
 CON15          1.000         1.000         1.000         1.000         1.000
 CON103         1.000         1.000         1.000         1.000         1.000
 CON42          1.000         1.000         1.000         1.000         1.000
 CON18          1.000         1.000         1.000         1.000         1.000
 CON19          1.000         1.000         1.000         1.000         1.000
 CON41          1.000         1.000         1.000         1.000         1.000


           Covariance Coverage
              CON102        CON30         CON15         CON103        CON42
              ________      ________      ________      ________      ________
 CON102         1.000
 CON30          1.000         1.000
 CON15          1.000         1.000         1.000
 CON103         1.000         1.000         1.000         1.000
 CON42          1.000         1.000         1.000         1.000         1.000
 CON18          1.000         1.000         1.000         1.000         1.000
 CON19          1.000         1.000         1.000         1.000         1.000
 CON41          1.000         1.000         1.000         1.000         1.000


           Covariance Coverage
              CON18         CON19         CON41
              ________      ________      ________
 CON18          1.000
 CON19          1.000         1.000
 CON41          1.000         1.000         1.000


UNIVARIATE PROPORTIONS AND COUNTS FOR CATEGORICAL VARIABLES

    CON25
      Category 1    0.042       15.000
      Category 2    0.094       34.000
      Category 3    0.366      132.000
      Category 4    0.380      137.000
      Category 5    0.119       43.000
    CON31
      Category 1    0.030       11.000
      Category 2    0.111       40.000
      Category 3    0.449      162.000
      Category 4    0.296      107.000
      Category 5    0.114       41.000
    CON104
      Category 1    0.058       21.000
      Category 2    0.139       50.000
      Category 3    0.371      134.000
      Category 4    0.319      115.000
      Category 5    0.114       41.000
    CON68
      Category 1    0.014        5.000
      Category 2    0.058       21.000
      Category 3    0.330      119.000
      Category 4    0.368      133.000
      Category 5    0.230       83.000
    CON73
      Category 1    0.006        2.000
      Category 2    0.064       23.000
      Category 3    0.319      115.000
      Category 4    0.385      139.000
      Category 5    0.227       82.000
    CON102
      Category 1    0.019        7.000
      Category 2    0.130       47.000
      Category 3    0.429      155.000
      Category 4    0.277      100.000
      Category 5    0.144       52.000
    CON30
      Category 1    0.025        9.000
      Category 2    0.089       32.000
      Category 3    0.302      109.000
      Category 4    0.391      141.000
      Category 5    0.194       70.000
    CON15
      Category 1    0.044       16.000
      Category 2    0.202       73.000
      Category 3    0.355      128.000
      Category 4    0.288      104.000
      Category 5    0.111       40.000
    CON103
      Category 1    0.003        1.000
      Category 2    0.036       13.000
      Category 3    0.244       88.000
      Category 4    0.432      156.000
      Category 5    0.285      103.000
    CON42
      Category 1    0.011        4.000
      Category 2    0.036       13.000
      Category 3    0.266       96.000
      Category 4    0.410      148.000
      Category 5    0.277      100.000
    CON18
      Category 1    0.025        9.000
      Category 2    0.050       18.000
      Category 3    0.233       84.000
      Category 4    0.438      158.000
      Category 5    0.255       92.000
    CON19
      Category 1    0.042       15.000
      Category 2    0.141       51.000
      Category 3    0.410      148.000
      Category 4    0.296      107.000
      Category 5    0.111       40.000
    CON41
      Category 1    0.080       29.000
      Category 2    0.177       64.000
      Category 3    0.280      101.000
      Category 4    0.319      115.000
      Category 5    0.144       52.000



THE MODEL ESTIMATION TERMINATED NORMALLY



MODEL FIT INFORMATION

Number of Free Parameters                       65

Chi-Square Test of Model Fit

          Value                            314.088*
          Degrees of Freedom                    65
          P-Value                           0.0000

*   The chi-square value for MLM, MLMV, MLR, ULSMV, WLSM and WLSMV cannot be used
    for chi-square difference testing in the regular way.  MLM, MLR and WLSM
    chi-square difference testing is described on the Mplus website.  MLMV, WLSMV,
    and ULSMV difference testing is done using the DIFFTEST option.

RMSEA (Root Mean Square Error Of Approximation)

          Estimate                           0.103
          90 Percent C.I.                    0.092  0.115
          Probability RMSEA <= .05           0.000

CFI/TLI

          CFI                                0.871
          TLI                                0.845

Chi-Square Test of Model Fit for the Baseline Model

          Value                           2004.351
          Degrees of Freedom                    78
          P-Value                           0.0000

WRMR (Weighted Root Mean Square Residual)

          Value                              1.379



MODEL RESULTS

                                                    Two-Tailed
                    Estimate       S.E.  Est./S.E.    P-Value

 CAUTION  BY
    CON25              1.000      0.000    999.000    999.000
    CON31              0.984      0.109      9.067      0.000
    CON104             0.825      0.104      7.973      0.000
    CON68              1.192      0.117     10.194      0.000
    CON73              1.357      0.115     11.792      0.000
    CON102             0.965      0.103      9.406      0.000
    CON30              0.989      0.103      9.558      0.000
    CON15              0.750      0.103      7.291      0.000
    CON103             1.423      0.118     12.087      0.000
    CON42              1.194      0.102     11.758      0.000
    CON18              0.996      0.103      9.712      0.000
    CON19              0.433      0.104      4.177      0.000
    CON41              0.508      0.092      5.522      0.000

 Thresholds
    CON25$1           -1.733      0.118    -14.664      0.000
    CON25$2           -1.100      0.083    -13.294      0.000
    CON25$3            0.003      0.066      0.053      0.958
    CON25$4            1.179      0.086     13.767      0.000
    CON31$1           -1.874      0.131    -14.278      0.000
    CON31$2           -1.075      0.082    -13.128      0.000
    CON31$3            0.228      0.067      3.418      0.001
    CON31$4            1.208      0.087     13.914      0.000
    CON104$1          -1.570      0.106    -14.820      0.000
    CON104$2          -0.854      0.075    -11.308      0.000
    CON104$3           0.171      0.066      2.578      0.010
    CON104$4           1.208      0.087     13.914      0.000
    CON68$1           -2.201      0.174    -12.655      0.000
    CON68$2           -1.461      0.099    -14.735      0.000
    CON68$3           -0.249      0.067     -3.733      0.000
    CON68$4            0.739      0.073     10.132      0.000
    CON73$1           -2.540      0.247    -10.300      0.000
    CON73$2           -1.481      0.100    -14.763      0.000
    CON73$3           -0.285      0.067     -4.258      0.000
    CON73$4            0.748      0.073     10.231      0.000
    CON102$1          -2.067      0.154    -13.429      0.000
    CON102$2          -1.038      0.081    -12.872      0.000
    CON102$3           0.199      0.066      2.998      0.003
    CON102$4           1.062      0.081     13.043      0.000
    CON30$1           -1.961      0.141    -13.935      0.000
    CON30$2           -1.208      0.087    -13.914      0.000
    CON30$3           -0.213      0.067     -3.208      0.001
    CON30$4            0.864      0.076     11.403      0.000
    CON15$1           -1.703      0.116    -14.718      0.000
    CON15$2           -0.685      0.072     -9.531      0.000
    CON15$3            0.256      0.067      3.838      0.000
    CON15$4            1.222      0.087     13.985      0.000
    CON103$1          -2.774      0.325     -8.538      0.000
    CON103$2          -1.765      0.121    -14.596      0.000
    CON103$3          -0.575      0.070     -8.208      0.000
    CON103$4           0.567      0.070      8.105      0.000
    CON42$1           -2.288      0.189    -12.101      0.000
    CON42$2           -1.674      0.113    -14.758      0.000
    CON42$3           -0.487      0.069     -7.074      0.000
    CON42$4            0.592      0.070      8.413      0.000
    CON18$1           -1.961      0.141    -13.935      0.000
    CON18$2           -1.441      0.098    -14.702      0.000
    CON18$3           -0.503      0.069     -7.281      0.000
    CON18$4            0.659      0.071      9.228      0.000
    CON19$1           -1.733      0.118    -14.664      0.000
    CON19$2           -0.905      0.077    -11.783      0.000
    CON19$3            0.235      0.067      3.523      0.000
    CON19$4            1.222      0.087     13.985      0.000
    CON41$1           -1.403      0.096    -14.624      0.000
    CON41$2           -0.651      0.071     -9.126      0.000
    CON41$3            0.094      0.066      1.421      0.155
    CON41$4            1.062      0.081     13.043      0.000

 Variances
    CAUTION            0.266      0.041      6.509      0.000


STANDARDIZED MODEL RESULTS


STDYX Standardization

                                                    Two-Tailed
                    Estimate       S.E.  Est./S.E.    P-Value

 CAUTION  BY
    CON25              0.515      0.040     13.017      0.000
    CON31              0.507      0.040     12.758      0.000
    CON104             0.425      0.046      9.323      0.000
    CON68              0.614      0.038     16.024      0.000
    CON73              0.699      0.032     21.800      0.000
    CON102             0.497      0.040     12.585      0.000
    CON30              0.510      0.042     12.015      0.000
    CON15              0.386      0.041      9.454      0.000
    CON103             0.733      0.032     23.264      0.000
    CON42              0.615      0.037     16.754      0.000
    CON18              0.513      0.038     13.431      0.000
    CON19              0.223      0.049      4.550      0.000
    CON41              0.262      0.048      5.409      0.000

 Thresholds
    CON25$1           -1.733      0.118    -14.664      0.000
    CON25$2           -1.100      0.083    -13.294      0.000
    CON25$3            0.003      0.066      0.053      0.958
    CON25$4            1.179      0.086     13.767      0.000
    CON31$1           -1.874      0.131    -14.278      0.000
    CON31$2           -1.075      0.082    -13.128      0.000
    CON31$3            0.228      0.067      3.418      0.001
    CON31$4            1.208      0.087     13.914      0.000
    CON104$1          -1.570      0.106    -14.820      0.000
    CON104$2          -0.854      0.075    -11.308      0.000
    CON104$3           0.171      0.066      2.578      0.010
    CON104$4           1.208      0.087     13.914      0.000
    CON68$1           -2.201      0.174    -12.655      0.000
    CON68$2           -1.461      0.099    -14.735      0.000
    CON68$3           -0.249      0.067     -3.733      0.000
    CON68$4            0.739      0.073     10.132      0.000
    CON73$1           -2.540      0.247    -10.300      0.000
    CON73$2           -1.481      0.100    -14.763      0.000
    CON73$3           -0.285      0.067     -4.258      0.000
    CON73$4            0.748      0.073     10.231      0.000
    CON102$1          -2.067      0.154    -13.429      0.000
    CON102$2          -1.038      0.081    -12.872      0.000
    CON102$3           0.199      0.066      2.998      0.003
    CON102$4           1.062      0.081     13.043      0.000
    CON30$1           -1.961      0.141    -13.935      0.000
    CON30$2           -1.208      0.087    -13.914      0.000
    CON30$3           -0.213      0.067     -3.208      0.001
    CON30$4            0.864      0.076     11.403      0.000
    CON15$1           -1.703      0.116    -14.718      0.000
    CON15$2           -0.685      0.072     -9.531      0.000
    CON15$3            0.256      0.067      3.838      0.000
    CON15$4            1.222      0.087     13.985      0.000
    CON103$1          -2.774      0.325     -8.538      0.000
    CON103$2          -1.765      0.121    -14.596      0.000
    CON103$3          -0.575      0.070     -8.208      0.000
    CON103$4           0.567      0.070      8.105      0.000
    CON42$1           -2.288      0.189    -12.101      0.000
    CON42$2           -1.674      0.113    -14.758      0.000
    CON42$3           -0.487      0.069     -7.074      0.000
    CON42$4            0.592      0.070      8.413      0.000
    CON18$1           -1.961      0.141    -13.935      0.000
    CON18$2           -1.441      0.098    -14.702      0.000
    CON18$3           -0.503      0.069     -7.281      0.000
    CON18$4            0.659      0.071      9.228      0.000
    CON19$1           -1.733      0.118    -14.664      0.000
    CON19$2           -0.905      0.077    -11.783      0.000
    CON19$3            0.235      0.067      3.523      0.000
    CON19$4            1.222      0.087     13.985      0.000
    CON41$1           -1.403      0.096    -14.624      0.000
    CON41$2           -0.651      0.071     -9.126      0.000
    CON41$3            0.094      0.066      1.421      0.155
    CON41$4            1.062      0.081     13.043      0.000

 Variances
    CAUTION            1.000      0.000    999.000    999.000


R-SQUARE

    Observed                                        Two-Tailed   Residual
    Variable        Estimate       S.E.  Est./S.E.    P-Value    Variance

    CON25              0.266      0.041      6.509      0.000      0.734
    CON31              0.257      0.040      6.379      0.000      0.743
    CON104             0.181      0.039      4.662      0.000      0.819
    CON68              0.377      0.047      8.012      0.000      0.623
    CON73              0.489      0.045     10.900      0.000      0.511
    CON102             0.247      0.039      6.292      0.000      0.753
    CON30              0.260      0.043      6.007      0.000      0.740
    CON15              0.149      0.032      4.727      0.000      0.851
    CON103             0.537      0.046     11.632      0.000      0.463
    CON42              0.379      0.045      8.377      0.000      0.621
    CON18              0.263      0.039      6.716      0.000      0.737
    CON19              0.050      0.022      2.275      0.023      0.950
    CON41              0.068      0.025      2.705      0.007      0.932


QUALITY OF NUMERICAL RESULTS

     Condition Number for the Information Matrix              0.419E-03
       (ratio of smallest to largest eigenvalue)


MODEL MODIFICATION INDICES

NOTE:  Modification indices for direct effects of observed dependent variables
regressed on covariates and residual covariances among observed dependent
variables may not be included.  To include these, request MODINDICES (ALL).

Minimum M.I. value for printing the modification index     4.000

                                   M.I.     E.P.C.  Std E.P.C.  StdYX E.P.C.

No modification indices above the minimum value.



DIAGRAM INFORMATION

  Use View Diagram under the Diagram menu in the Mplus Editor to view the diagram.
  If running Mplus from the Mplus Diagrammer, the diagram opens automatically.

  Diagram output
    f:\ipip paper\sample_usa\cfa\conscientiousness\cfa conscientiousness - deliberation.dgm

     Beginning Time:  11:34:07
        Ending Time:  11:34:08
       Elapsed Time:  00:00:01



MUTHEN & MUTHEN
3463 Stoner Ave.
Los Angeles, CA  90066

Tel: (310) 391-9971
Fax: (310) 391-8971
Web: www.StatModel.com
Support: Support@StatModel.com

Copyright (c) 1998-2013 Muthen & Muthen
