Mplus VERSION 7.1
MUTHEN & MUTHEN
04/15/2015  11:32 AM

INPUT INSTRUCTIONS

  TITLE:

  DATA:
  FILE IS  "ARI Data 2009_Conscientiousness CFA Sample.txt";
  Variable:
  Names are
  respid
  con108
  con76
  con77
  con38
  con23
  con85
  con42
  con52
  con110
  con44
  con102
  con56
  con18
  con39
  con33
  con88
  con4
  con83
  con6
  con79
  con109
  con7
  con98
  con74
  con114
  con1
  con19
  con30
  con96
  con103
  con54
  con73
  con26
  con101
  con32
  con50
  con8
  con15
  con93
  con25
  con13
  con5
  con70
  con105
  con2
  con41
  con16
  con67
  con84
  con55
  con10
  con31
  con14
  con68
  con97
  con37
  con87
  con63
  con66
  con86
  con49
  con45
  con91
  con107
  con59
  con11
  con21
  con111
  con34
  con48
  con61
  con29
  con89
  con24
  con100
  con47
  con112
  con82
  con94
  con57
  con90
  con71
  con99
  con28
  con115
  con46
  con36
  con80
  con81
  con72
  con3
  con43
  con116
  con75
  con58
  con64
  con60
  con27
  con113
  con17
  con53
  con35
  con22
  con9
  con104
  con69
  con65
  con95
  con20
  con12
  con51
  con106
  con117
  Filter
  filter_
  ;

  USEVARIABLES ARE
  con1
  con114
  con4
  con39
  con23
  con33
  con88
  ;

  MISSING ARE ALL (-99);
  categorical are all;

  Model:
  goal  BY
  con1
  con114
  con4
  con39
  con23
  con33
  con88
  ;


  Analysis:
  ESTIMATOR IS WLSMV;

  OUTPUT: STDYX MODINDICES(4);



*** WARNING
  Data set contains cases with missing on all variables.
  These cases were not included in the analysis.
  Number of cases with missing on all variables:  2
   1 WARNING(S) FOUND IN THE INPUT INSTRUCTIONS




SUMMARY OF ANALYSIS

Number of groups                                                 1
Number of observations                                         361

Number of dependent variables                                    7
Number of independent variables                                  0
Number of continuous latent variables                            1

Observed dependent variables

  Binary and ordered categorical (ordinal)
   CON1        CON114      CON4        CON39       CON23       CON33
   CON88

Continuous latent variables
   GOAL


Estimator                                                    WLSMV
Maximum number of iterations                                  1000
Convergence criterion                                    0.500D-04
Maximum number of steepest descent iterations                   20
Maximum number of iterations for H1                           2000
Convergence criterion for H1                             0.100D-03
Parameterization                                             DELTA

Input data file(s)
  ARI Data 2009_Conscientiousness CFA Sample.txt

Input data format  FREE


SUMMARY OF DATA

     Number of missing data patterns             1


COVARIANCE COVERAGE OF DATA

Minimum covariance coverage value   0.100


     PROPORTION OF DATA PRESENT


           Covariance Coverage
              CON1          CON114        CON4          CON39         CON23
              ________      ________      ________      ________      ________
 CON1           1.000
 CON114         1.000         1.000
 CON4           1.000         1.000         1.000
 CON39          1.000         1.000         1.000         1.000
 CON23          1.000         1.000         1.000         1.000         1.000
 CON33          1.000         1.000         1.000         1.000         1.000
 CON88          1.000         1.000         1.000         1.000         1.000


           Covariance Coverage
              CON33         CON88
              ________      ________
 CON33          1.000
 CON88          1.000         1.000


UNIVARIATE PROPORTIONS AND COUNTS FOR CATEGORICAL VARIABLES

    CON1
      Category 1    0.003        1.000
      Category 2    0.069       25.000
      Category 3    0.316      114.000
      Category 4    0.396      143.000
      Category 5    0.216       78.000
    CON114
      Category 1    0.006        2.000
      Category 2    0.050       18.000
      Category 3    0.163       59.000
      Category 4    0.380      137.000
      Category 5    0.402      145.000
    CON4
      Category 1    0.017        6.000
      Category 2    0.083       30.000
      Category 3    0.260       94.000
      Category 4    0.349      126.000
      Category 5    0.291      105.000
    CON39
      Category 1    0.294      106.000
      Category 2    0.368      133.000
      Category 3    0.233       84.000
      Category 4    0.083       30.000
      Category 5    0.022        8.000
    CON23
      Category 1    0.006        2.000
      Category 2    0.053       19.000
      Category 3    0.255       92.000
      Category 4    0.471      170.000
      Category 5    0.216       78.000
    CON33
      Category 1    0.042       15.000
      Category 2    0.139       50.000
      Category 3    0.399      144.000
      Category 4    0.266       96.000
      Category 5    0.155       56.000
    CON88
      Category 1    0.280      101.000
      Category 2    0.416      150.000
      Category 3    0.211       76.000
      Category 4    0.066       24.000
      Category 5    0.028       10.000



THE MODEL ESTIMATION TERMINATED NORMALLY



MODEL FIT INFORMATION

Number of Free Parameters                       35

Chi-Square Test of Model Fit

          Value                             92.160*
          Degrees of Freedom                    14
          P-Value                           0.0000

*   The chi-square value for MLM, MLMV, MLR, ULSMV, WLSM and WLSMV cannot be used
    for chi-square difference testing in the regular way.  MLM, MLR and WLSM
    chi-square difference testing is described on the Mplus website.  MLMV, WLSMV,
    and ULSMV difference testing is done using the DIFFTEST option.

RMSEA (Root Mean Square Error Of Approximation)

          Estimate                           0.124
          90 Percent C.I.                    0.101  0.149
          Probability RMSEA <= .05           0.000

CFI/TLI

          CFI                                0.965
          TLI                                0.947

Chi-Square Test of Model Fit for the Baseline Model

          Value                           2250.287
          Degrees of Freedom                    21
          P-Value                           0.0000

WRMR (Weighted Root Mean Square Residual)

          Value                              0.977



MODEL RESULTS

                                                    Two-Tailed
                    Estimate       S.E.  Est./S.E.    P-Value

 GOAL     BY
    CON1               1.000      0.000    999.000    999.000
    CON114             1.089      0.053     20.533      0.000
    CON4               0.938      0.053     17.745      0.000
    CON39             -0.879      0.053    -16.640      0.000
    CON23              0.946      0.050     18.828      0.000
    CON33              0.674      0.052     12.886      0.000
    CON88             -0.823      0.056    -14.690      0.000

 Thresholds
    CON1$1            -2.774      0.325     -8.538      0.000
    CON1$2            -1.461      0.099    -14.735      0.000
    CON1$3            -0.285      0.067     -4.258      0.000
    CON1$4             0.786      0.074     10.627      0.000
    CON114$1          -2.540      0.247    -10.300      0.000
    CON114$2          -1.595      0.108    -14.818      0.000
    CON114$3          -0.776      0.074    -10.528      0.000
    CON114$4           0.249      0.067      3.733      0.000
    CON4$1            -2.129      0.163    -13.086      0.000
    CON4$2            -1.283      0.090    -14.251      0.000
    CON4$3            -0.358      0.068     -5.304      0.000
    CON4$4             0.551      0.070      7.900      0.000
    CON39$1           -0.543      0.070     -7.797      0.000
    CON39$2            0.418      0.068      6.139      0.000
    CON39$3            1.252      0.089     14.121      0.000
    CON39$4            2.011      0.147     13.707      0.000
    CON23$1           -2.540      0.247    -10.300      0.000
    CON23$2           -1.570      0.106    -14.820      0.000
    CON23$3           -0.487      0.069     -7.074      0.000
    CON23$4            0.786      0.074     10.627      0.000
    CON33$1           -1.733      0.118    -14.664      0.000
    CON33$2           -0.915      0.077    -11.877      0.000
    CON33$3            0.199      0.066      2.998      0.003
    CON33$4            1.015      0.080     12.697      0.000
    CON88$1           -0.583      0.070     -8.311      0.000
    CON88$2            0.511      0.069      7.384      0.000
    CON88$3            1.315      0.092     14.371      0.000
    CON88$4            1.916      0.136     14.123      0.000

 Variances
    GOAL               0.561      0.041     13.777      0.000


STANDARDIZED MODEL RESULTS


STDYX Standardization

                                                    Two-Tailed
                    Estimate       S.E.  Est./S.E.    P-Value

 GOAL     BY
    CON1               0.749      0.027     27.553      0.000
    CON114             0.816      0.024     33.371      0.000
    CON4               0.702      0.031     22.446      0.000
    CON39             -0.658      0.033    -20.116      0.000
    CON23              0.708      0.030     23.444      0.000
    CON33              0.504      0.037     13.493      0.000
    CON88             -0.617      0.034    -18.103      0.000

 Thresholds
    CON1$1            -2.774      0.325     -8.538      0.000
    CON1$2            -1.461      0.099    -14.735      0.000
    CON1$3            -0.285      0.067     -4.258      0.000
    CON1$4             0.786      0.074     10.627      0.000
    CON114$1          -2.540      0.247    -10.300      0.000
    CON114$2          -1.595      0.108    -14.818      0.000
    CON114$3          -0.776      0.074    -10.528      0.000
    CON114$4           0.249      0.067      3.733      0.000
    CON4$1            -2.129      0.163    -13.086      0.000
    CON4$2            -1.283      0.090    -14.251      0.000
    CON4$3            -0.358      0.068     -5.304      0.000
    CON4$4             0.551      0.070      7.900      0.000
    CON39$1           -0.543      0.070     -7.797      0.000
    CON39$2            0.418      0.068      6.139      0.000
    CON39$3            1.252      0.089     14.121      0.000
    CON39$4            2.011      0.147     13.707      0.000
    CON23$1           -2.540      0.247    -10.300      0.000
    CON23$2           -1.570      0.106    -14.820      0.000
    CON23$3           -0.487      0.069     -7.074      0.000
    CON23$4            0.786      0.074     10.627      0.000
    CON33$1           -1.733      0.118    -14.664      0.000
    CON33$2           -0.915      0.077    -11.877      0.000
    CON33$3            0.199      0.066      2.998      0.003
    CON33$4            1.015      0.080     12.697      0.000
    CON88$1           -0.583      0.070     -8.311      0.000
    CON88$2            0.511      0.069      7.384      0.000
    CON88$3            1.315      0.092     14.371      0.000
    CON88$4            1.916      0.136     14.123      0.000

 Variances
    GOAL               1.000      0.000    999.000    999.000


R-SQUARE

    Observed                                        Two-Tailed   Residual
    Variable        Estimate       S.E.  Est./S.E.    P-Value    Variance

    CON1               0.561      0.041     13.777      0.000      0.439
    CON114             0.665      0.040     16.686      0.000      0.335
    CON4               0.493      0.044     11.223      0.000      0.507
    CON39              0.433      0.043     10.058      0.000      0.567
    CON23              0.501      0.043     11.722      0.000      0.499
    CON33              0.254      0.038      6.747      0.000      0.746
    CON88              0.380      0.042      9.052      0.000      0.620


QUALITY OF NUMERICAL RESULTS

     Condition Number for the Information Matrix              0.145E-02
       (ratio of smallest to largest eigenvalue)


MODEL MODIFICATION INDICES

NOTE:  Modification indices for direct effects of observed dependent variables
regressed on covariates and residual covariances among observed dependent
variables may not be included.  To include these, request MODINDICES (ALL).

Minimum M.I. value for printing the modification index     4.000

                                   M.I.     E.P.C.  Std E.P.C.  StdYX E.P.C.

No modification indices above the minimum value.



DIAGRAM INFORMATION

  Use View Diagram under the Diagram menu in the Mplus Editor to view the diagram.
  If running Mplus from the Mplus Diagrammer, the diagram opens automatically.

  Diagram output
    f:\ipip paper\sample_usa\cfa\conscientiousness\cfa conscientiousness - goal-orientation.dgm

     Beginning Time:  11:32:15
        Ending Time:  11:32:16
       Elapsed Time:  00:00:01



MUTHEN & MUTHEN
3463 Stoner Ave.
Los Angeles, CA  90066

Tel: (310) 391-9971
Fax: (310) 391-8971
Web: www.StatModel.com
Support: Support@StatModel.com

Copyright (c) 1998-2013 Muthen & Muthen
