Mplus VERSION 7.1
MUTHEN & MUTHEN
04/15/2015  11:23 AM

INPUT INSTRUCTIONS

  TITLE:

  DATA:
  FILE IS  "ARI Data 2009_Conscientiousness CFA Sample.txt";
  Variable:
  Names are
  respid
  con108
  con76
  con77
  con38
  con23
  con85
  con42
  con52
  con110
  con44
  con102
  con56
  con18
  con39
  con33
  con88
  con4
  con83
  con6
  con79
  con109
  con7
  con98
  con74
  con114
  con1
  con19
  con30
  con96
  con103
  con54
  con73
  con26
  con101
  con32
  con50
  con8
  con15
  con93
  con25
  con13
  con5
  con70
  con105
  con2
  con41
  con16
  con67
  con84
  con55
  con10
  con31
  con14
  con68
  con97
  con37
  con87
  con63
  con66
  con86
  con49
  con45
  con91
  con107
  con59
  con11
  con21
  con111
  con34
  con48
  con61
  con29
  con89
  con24
  con100
  con47
  con112
  con82
  con94
  con57
  con90
  con71
  con99
  con28
  con115
  con46
  con36
  con80
  con81
  con72
  con3
  con43
  con116
  con75
  con58
  con64
  con60
  con27
  con113
  con17
  con53
  con35
  con22
  con9
  con104
  con69
  con65
  con95
  con20
  con12
  con51
  con106
  con117
  Filter
  filter_
  ;

  USEVARIABLES ARE
  con52
  con77
  con8
  con14
  con66
  con111
  con58
  con116
  ;

  MISSING ARE ALL (-99);
  categorical are all;

  Model:
  perserv  BY
  con52
  con77
  con8
  con14
  con66
  con111
  con58
  con116
  ;


  Analysis:
  ESTIMATOR IS WLSMV;

  OUTPUT: STDYX MODINDICES(4);



*** WARNING
  Data set contains cases with missing on all variables.
  These cases were not included in the analysis.
  Number of cases with missing on all variables:  2
   1 WARNING(S) FOUND IN THE INPUT INSTRUCTIONS




SUMMARY OF ANALYSIS

Number of groups                                                 1
Number of observations                                         361

Number of dependent variables                                    8
Number of independent variables                                  0
Number of continuous latent variables                            1

Observed dependent variables

  Binary and ordered categorical (ordinal)
   CON52       CON77       CON8        CON14       CON66       CON111
   CON58       CON116

Continuous latent variables
   PERSERV


Estimator                                                    WLSMV
Maximum number of iterations                                  1000
Convergence criterion                                    0.500D-04
Maximum number of steepest descent iterations                   20
Maximum number of iterations for H1                           2000
Convergence criterion for H1                             0.100D-03
Parameterization                                             DELTA

Input data file(s)
  ARI Data 2009_Conscientiousness CFA Sample.txt

Input data format  FREE


SUMMARY OF DATA

     Number of missing data patterns             1


COVARIANCE COVERAGE OF DATA

Minimum covariance coverage value   0.100


     PROPORTION OF DATA PRESENT


           Covariance Coverage
              CON52         CON77         CON8          CON14         CON66
              ________      ________      ________      ________      ________
 CON52          1.000
 CON77          1.000         1.000
 CON8           1.000         1.000         1.000
 CON14          1.000         1.000         1.000         1.000
 CON66          1.000         1.000         1.000         1.000         1.000
 CON111         1.000         1.000         1.000         1.000         1.000
 CON58          1.000         1.000         1.000         1.000         1.000
 CON116         1.000         1.000         1.000         1.000         1.000


           Covariance Coverage
              CON111        CON58         CON116
              ________      ________      ________
 CON111         1.000
 CON58          1.000         1.000
 CON116         1.000         1.000         1.000


UNIVARIATE PROPORTIONS AND COUNTS FOR CATEGORICAL VARIABLES

    CON52
      Category 1    0.285      103.000
      Category 2    0.452      163.000
      Category 3    0.194       70.000
      Category 4    0.053       19.000
      Category 5    0.017        6.000
    CON77
      Category 1    0.017        6.000
      Category 2    0.091       33.000
      Category 3    0.249       90.000
      Category 4    0.357      129.000
      Category 5    0.285      103.000
    CON8
      Category 1    0.161       58.000
      Category 2    0.449      162.000
      Category 3    0.291      105.000
      Category 4    0.075       27.000
      Category 5    0.025        9.000
    CON14
      Category 1    0.188       68.000
      Category 2    0.260       94.000
      Category 3    0.321      116.000
      Category 4    0.175       63.000
      Category 5    0.055       20.000
    CON66
      Category 1    0.008        3.000
      Category 2    0.086       31.000
      Category 3    0.321      116.000
      Category 4    0.368      133.000
      Category 5    0.216       78.000
    CON111
      Category 1    0.011        4.000
      Category 2    0.058       21.000
      Category 3    0.222       80.000
      Category 4    0.357      129.000
      Category 5    0.352      127.000
    CON58
      Category 1    0.102       37.000
      Category 2    0.288      104.000
      Category 3    0.341      123.000
      Category 4    0.180       65.000
      Category 5    0.089       32.000
    CON116
      Category 1    0.075       27.000
      Category 2    0.382      138.000
      Category 3    0.330      119.000
      Category 4    0.155       56.000
      Category 5    0.058       21.000



THE MODEL ESTIMATION TERMINATED NORMALLY



MODEL FIT INFORMATION

Number of Free Parameters                       40

Chi-Square Test of Model Fit

          Value                             76.018*
          Degrees of Freedom                    20
          P-Value                           0.0000

*   The chi-square value for MLM, MLMV, MLR, ULSMV, WLSM and WLSMV cannot be used
    for chi-square difference testing in the regular way.  MLM, MLR and WLSM
    chi-square difference testing is described on the Mplus website.  MLMV, WLSMV,
    and ULSMV difference testing is done using the DIFFTEST option.

RMSEA (Root Mean Square Error Of Approximation)

          Estimate                           0.088
          90 Percent C.I.                    0.068  0.110
          Probability RMSEA <= .05           0.002

CFI/TLI

          CFI                                0.927
          TLI                                0.898

Chi-Square Test of Model Fit for the Baseline Model

          Value                            800.547
          Degrees of Freedom                    28
          P-Value                           0.0000

WRMR (Weighted Root Mean Square Residual)

          Value                              1.012



MODEL RESULTS

                                                    Two-Tailed
                    Estimate       S.E.  Est./S.E.    P-Value

 PERSERV  BY
    CON52              1.000      0.000    999.000    999.000
    CON77             -0.732      0.057    -12.900      0.000
    CON8               0.585      0.057     10.320      0.000
    CON14              0.239      0.059      4.068      0.000
    CON66             -0.147      0.065     -2.277      0.023
    CON111            -0.434      0.059     -7.334      0.000
    CON58              0.052      0.065      0.801      0.423
    CON116             0.313      0.061      5.122      0.000

 Thresholds
    CON52$1           -0.567      0.070     -8.105      0.000
    CON52$2            0.634      0.071      8.923      0.000
    CON52$3            1.481      0.100     14.763      0.000
    CON52$4            2.129      0.163     13.086      0.000
    CON77$1           -2.129      0.163    -13.086      0.000
    CON77$2           -1.237      0.088    -14.054      0.000
    CON77$3           -0.366      0.068     -5.409      0.000
    CON77$4            0.567      0.070      8.105      0.000
    CON8$1            -0.992      0.079    -12.519      0.000
    CON8$2             0.278      0.067      4.153      0.000
    CON8$3             1.283      0.090     14.251      0.000
    CON8$4             1.961      0.141     13.935      0.000
    CON14$1           -0.884      0.076    -11.594      0.000
    CON14$2           -0.129      0.066     -1.947      0.052
    CON14$3            0.739      0.073     10.132      0.000
    CON14$4            1.595      0.108     14.818      0.000
    CON66$1           -2.395      0.211    -11.361      0.000
    CON66$2           -1.315      0.092    -14.371      0.000
    CON66$3           -0.213      0.067     -3.208      0.001
    CON66$4            0.786      0.074     10.627      0.000
    CON111$1          -2.288      0.189    -12.101      0.000
    CON111$2          -1.481      0.100    -14.763      0.000
    CON111$3          -0.551      0.070     -7.900      0.000
    CON111$4           0.380      0.068      5.617      0.000
    CON58$1           -1.267      0.089    -14.187      0.000
    CON58$2           -0.278      0.067     -4.153      0.000
    CON58$3            0.617      0.071      8.720      0.000
    CON58$4            1.349      0.093     14.481      0.000
    CON116$1          -1.441      0.098    -14.702      0.000
    CON116$2          -0.108      0.066     -1.631      0.103
    CON116$3           0.795      0.074     10.725      0.000
    CON116$4           1.570      0.106     14.820      0.000

 Variances
    PERSERV            0.810      0.063     12.855      0.000


STANDARDIZED MODEL RESULTS


STDYX Standardization

                                                    Two-Tailed
                    Estimate       S.E.  Est./S.E.    P-Value

 PERSERV  BY
    CON52              0.900      0.035     25.710      0.000
    CON77             -0.659      0.033    -19.746      0.000
    CON8               0.526      0.041     12.687      0.000
    CON14              0.215      0.051      4.176      0.000
    CON66             -0.133      0.058     -2.295      0.022
    CON111            -0.391      0.050     -7.785      0.000
    CON58              0.047      0.059      0.801      0.423
    CON116             0.281      0.053      5.299      0.000

 Thresholds
    CON52$1           -0.567      0.070     -8.105      0.000
    CON52$2            0.634      0.071      8.923      0.000
    CON52$3            1.481      0.100     14.763      0.000
    CON52$4            2.129      0.163     13.086      0.000
    CON77$1           -2.129      0.163    -13.086      0.000
    CON77$2           -1.237      0.088    -14.054      0.000
    CON77$3           -0.366      0.068     -5.409      0.000
    CON77$4            0.567      0.070      8.105      0.000
    CON8$1            -0.992      0.079    -12.519      0.000
    CON8$2             0.278      0.067      4.153      0.000
    CON8$3             1.283      0.090     14.251      0.000
    CON8$4             1.961      0.141     13.935      0.000
    CON14$1           -0.884      0.076    -11.594      0.000
    CON14$2           -0.129      0.066     -1.947      0.052
    CON14$3            0.739      0.073     10.132      0.000
    CON14$4            1.595      0.108     14.818      0.000
    CON66$1           -2.395      0.211    -11.361      0.000
    CON66$2           -1.315      0.092    -14.371      0.000
    CON66$3           -0.213      0.067     -3.208      0.001
    CON66$4            0.786      0.074     10.627      0.000
    CON111$1          -2.288      0.189    -12.101      0.000
    CON111$2          -1.481      0.100    -14.763      0.000
    CON111$3          -0.551      0.070     -7.900      0.000
    CON111$4           0.380      0.068      5.617      0.000
    CON58$1           -1.267      0.089    -14.187      0.000
    CON58$2           -0.278      0.067     -4.153      0.000
    CON58$3            0.617      0.071      8.720      0.000
    CON58$4            1.349      0.093     14.481      0.000
    CON116$1          -1.441      0.098    -14.702      0.000
    CON116$2          -0.108      0.066     -1.631      0.103
    CON116$3           0.795      0.074     10.725      0.000
    CON116$4           1.570      0.106     14.820      0.000

 Variances
    PERSERV            1.000      0.000    999.000    999.000


R-SQUARE

    Observed                                        Two-Tailed   Residual
    Variable        Estimate       S.E.  Est./S.E.    P-Value    Variance

    CON52              0.810      0.063     12.855      0.000      0.190
    CON77              0.434      0.044      9.873      0.000      0.566
    CON8               0.277      0.044      6.343      0.000      0.723
    CON14              0.046      0.022      2.088      0.037      0.954
    CON66              0.018      0.015      1.148      0.251      0.982
    CON111             0.153      0.039      3.892      0.000      0.847
    CON58              0.002      0.006      0.401      0.689      0.998
    CON116             0.079      0.030      2.650      0.008      0.921


QUALITY OF NUMERICAL RESULTS

     Condition Number for the Information Matrix              0.124E-01
       (ratio of smallest to largest eigenvalue)


MODEL MODIFICATION INDICES

NOTE:  Modification indices for direct effects of observed dependent variables
regressed on covariates and residual covariances among observed dependent
variables may not be included.  To include these, request MODINDICES (ALL).

Minimum M.I. value for printing the modification index     4.000

                                   M.I.     E.P.C.  Std E.P.C.  StdYX E.P.C.

No modification indices above the minimum value.



DIAGRAM INFORMATION

  Use View Diagram under the Diagram menu in the Mplus Editor to view the diagram.
  If running Mplus from the Mplus Diagrammer, the diagram opens automatically.

  Diagram output
    f:\ipip paper\sample_usa\cfa\conscientiousness\cfa conscientiousness - perserverance.dgm

     Beginning Time:  11:23:59
        Ending Time:  11:23:59
       Elapsed Time:  00:00:00



MUTHEN & MUTHEN
3463 Stoner Ave.
Los Angeles, CA  90066

Tel: (310) 391-9971
Fax: (310) 391-8971
Web: www.StatModel.com
Support: Support@StatModel.com

Copyright (c) 1998-2013 Muthen & Muthen
