Mplus VERSION 7.1
MUTHEN & MUTHEN
06/18/2015   4:36 PM

INPUT INSTRUCTIONS


  DATA:
   FILE IS  "ITS_TQIPIP.txt";

  VARIABLE:
   NAMES ARE
  id
  sex
  age
  A1_1
  A1_2
  A1_3
  A1_4
  A1_5
  A2_1
  A2_2
  A2_3
  A2_4
  A2_5
  A3_1
  A3_2
  A3_3
  A3_4
  A3_5
  A4_1
  A4_2
  A4_3
  A4_4
  A4_5
  A5_1
  A5_2
  A5_3
  A5_4
  A5_5
  A6_1
  A6_2
  A6_3
  A6_4
  A6_5
  A7_1
  A7_2
  A7_3
  A7_4
  A7_5
  A8_1
  A8_2
  A8_3
  A8_4
  A8_5
  C1_1
  C1_2
  C1_3
  C1_4
  C1_5
  C2_1
  C2_2
  C2_3
  C2_4
  C2_5
  C3_1
  C3_2
  C3_3
  C3_4
  C3_5
  C4_1
  C4_2
  C4_3
  C4_4
  C4_5
  C5_1
  C5_2
  C5_3
  C5_4
  C5_5
  C6_1
  C6_2
  C6_3
  C6_4
  C6_5
  C7_1
  C7_2
  C7_3
  C7_4
  C7_5
  C8_1
  C8_2
  C8_3
  C8_4
  C8_5
  C9_1
  C9_2
  C9_3
  C9_4
  C9_5
  E1_1
  E1_2
  E1_3
  E1_4
  E1_5
  E2_1
  E2_2
  E2_3
  E2_4
  E2_5
  E3_1
  E3_2
  E3_3
  E3_4
  E3_5
  E4_1
  E4_2
  E4_3
  E4_4
  E4_5
  E5_1
  E5_2
  E5_3
  E5_4
  E5_5
  E6_1
  E6_2
  E6_3
  E6_4
  E6_5
  E7_1
  E7_2
  E7_3
  E7_4
  E7_5
  E8_1
  E8_2
  E8_3
  E8_4
  E8_5
  E9_1
  E9_2
  E9_3
  N1_1
  N1_2
  N1_3
  N1_4
  N1_5
  N2_1
  N2_2
  N2_3
  N2_4
  N2_5
  N3_1
  N3_2
  N3_3
  N3_4
  N3_5
  N4_1
  N4_2
  N4_3
  N4_4
  N4_5
  N5_1
  N5_2
  N5_3
  N5_4
  N5_5
  N6_1
  N6_2
  N6_3
  N6_4
  N6_5
  N7_1
  N7_2
  N7_3
  O1_1
  O1_2
  O1_3
  O1_4
  O1_5
  O2_1
  O2_2
  O2_3
  O2_4
  O2_5
  O3_1
  O3_2
  O3_3
  O3_4
  O3_5
  O4_1
  O4_2
  O4_3
  O4_4
  O4_5
  O5_1
  O5_2
  O5_3
  O5_4
  O5_5
  O6_1
  O6_2
  O6_3
  O6_4
  O6_5
  O7_1
  O7_2
  O7_3
  O7_4
  O7_5
  O8_1
  O8_2
  O8_3
  O8_4
  O9_1
  O9_2
  O9_4
  dataset;


   USEVARIABLES ARE
  A8_1
  A8_2
  A8_3
  A8_4
  A8_5
  ;

  Grouping is Dataset (0 = German 1 = US);

  MISSING ARE ALL (-99);

  MODEL:

  A8 by  A8_1
  A8_2
  A8_3
  A8_4
  A8_5;
  [A8@0];

  Model German:
  ;

  Model US:
  ;



  [A8_1
  A8_2
  A8_3
  A8_4
  A8_5];

  ANALYSIS:
   ESTIMATOR IS ML;
   Iterations are 10000;

   OUTPUT: STDYX MODINDICES(4);



INPUT READING TERMINATED NORMALLY




SUMMARY OF ANALYSIS

Number of groups                                                 2
Number of observations
   Group GERMAN                                                387
   Group US                                                    722
   Total sample size                                          1109

Number of dependent variables                                    5
Number of independent variables                                  0
Number of continuous latent variables                            1

Observed dependent variables

  Continuous
   A8_1        A8_2        A8_3        A8_4        A8_5

Continuous latent variables
   A8

Variables with special functions

  Grouping variable     DATASET

Estimator                                                       ML
Information matrix                                        OBSERVED
Maximum number of iterations                                 10000
Convergence criterion                                    0.500D-04
Maximum number of steepest descent iterations                   20
Maximum number of iterations for H1                           2000
Convergence criterion for H1                             0.100D-03

Input data file(s)
  ITS_TQIPIP.txt

Input data format  FREE


SUMMARY OF DATA

   Group GERMAN
     Number of missing data patterns             1

   Group US
     Number of missing data patterns             1


COVARIANCE COVERAGE OF DATA

Minimum covariance coverage value   0.100


     PROPORTION OF DATA PRESENT FOR GERMAN


           Covariance Coverage
              A8_1          A8_2          A8_3          A8_4          A8_5
              ________      ________      ________      ________      ________
 A8_1           1.000
 A8_2           1.000         1.000
 A8_3           1.000         1.000         1.000
 A8_4           1.000         1.000         1.000         1.000
 A8_5           1.000         1.000         1.000         1.000         1.000


     PROPORTION OF DATA PRESENT FOR US


           Covariance Coverage
              A8_1          A8_2          A8_3          A8_4          A8_5
              ________      ________      ________      ________      ________
 A8_1           1.000
 A8_2           1.000         1.000
 A8_3           1.000         1.000         1.000
 A8_4           1.000         1.000         1.000         1.000
 A8_5           1.000         1.000         1.000         1.000         1.000



THE MODEL ESTIMATION TERMINATED NORMALLY



MODEL FIT INFORMATION

Number of Free Parameters                       26

Loglikelihood

          H0 Value                       -7405.822
          H1 Value                       -7389.297

Information Criteria

          Akaike (AIC)                   14863.644
          Bayesian (BIC)                 14993.936
          Sample-Size Adjusted BIC       14911.353
            (n* = (n + 2) / 24)

Chi-Square Test of Model Fit

          Value                             33.051
          Degrees of Freedom                    14
          P-Value                           0.0028

Chi-Square Contribution From Each Group

          GERMAN                            20.246
          US                                12.805

RMSEA (Root Mean Square Error Of Approximation)

          Estimate                           0.050
          90 Percent C.I.                    0.028  0.072
          Probability RMSEA <= .05           0.478

CFI/TLI

          CFI                                0.961
          TLI                                0.944

Chi-Square Test of Model Fit for the Baseline Model

          Value                            504.880
          Degrees of Freedom                    20
          P-Value                           0.0000

SRMR (Standardized Root Mean Square Residual)

          Value                              0.042



MODEL RESULTS

                                                    Two-Tailed
                    Estimate       S.E.  Est./S.E.    P-Value

Group GERMAN

 A8       BY
    A8_1               1.000      0.000    999.000    999.000
    A8_2               0.210      0.062      3.390      0.001
    A8_3               0.787      0.079      9.977      0.000
    A8_4               0.845      0.092      9.195      0.000
    A8_5               0.895      0.079     11.346      0.000

 Means
    A8                 0.000      0.000    999.000    999.000

 Intercepts
    A8_1               3.289      0.042     78.666      0.000
    A8_2               2.540      0.051     49.349      0.000
    A8_3               2.915      0.053     54.959      0.000
    A8_4               3.762      0.053     70.362      0.000
    A8_5               3.884      0.037    104.323      0.000

 Variances
    A8                 0.282      0.044      6.465      0.000

 Residual Variances
    A8_1               0.395      0.043      9.105      0.000
    A8_2               1.013      0.073     13.833      0.000
    A8_3               0.914      0.071     12.865      0.000
    A8_4               0.906      0.071     12.669      0.000
    A8_5               0.311      0.034      9.050      0.000

Group US

 A8       BY
    A8_1               1.000      0.000    999.000    999.000
    A8_2               0.210      0.062      3.390      0.001
    A8_3               0.787      0.079      9.977      0.000
    A8_4               0.845      0.092      9.195      0.000
    A8_5               0.895      0.079     11.346      0.000

 Means
    A8                 0.000      0.000    999.000    999.000

 Intercepts
    A8_1               3.578      0.034    105.328      0.000
    A8_2               2.212      0.034     64.999      0.000
    A8_3               3.162      0.038     83.537      0.000
    A8_4               3.658      0.045     80.906      0.000
    A8_5               4.155      0.033    126.732      0.000

 Variances
    A8                 0.360      0.045      8.059      0.000

 Residual Variances
    A8_1               0.473      0.041     11.537      0.000
    A8_2               0.820      0.044     18.828      0.000
    A8_3               0.812      0.050     16.108      0.000
    A8_4               1.219      0.073     16.737      0.000
    A8_5               0.488      0.037     13.163      0.000


STANDARDIZED MODEL RESULTS


STDYX Standardization

                                                    Two-Tailed
                    Estimate       S.E.  Est./S.E.    P-Value

Group GERMAN

 A8       BY
    A8_1               0.645      0.042     15.204      0.000
    A8_2               0.110      0.033      3.383      0.001
    A8_3               0.400      0.036     11.268      0.000
    A8_4               0.426      0.038     11.322      0.000
    A8_5               0.649      0.042     15.388      0.000

 Means
    A8                 0.000      0.000    999.000    999.000

 Intercepts
    A8_1               3.999      0.146     27.435      0.000
    A8_2               2.509      0.103     24.355      0.000
    A8_3               2.794      0.110     25.488      0.000
    A8_4               3.577      0.135     26.468      0.000
    A8_5               5.303      0.188     28.170      0.000

 Variances
    A8                 1.000      0.000    999.000    999.000

 Residual Variances
    A8_1               0.584      0.055     10.669      0.000
    A8_2               0.988      0.007    138.151      0.000
    A8_3               0.840      0.028     29.567      0.000
    A8_4               0.818      0.032     25.527      0.000
    A8_5               0.579      0.055     10.585      0.000

Group US

 A8       BY
    A8_1               0.657      0.034     19.251      0.000
    A8_2               0.138      0.040      3.466      0.001
    A8_3               0.464      0.037     12.600      0.000
    A8_4               0.417      0.037     11.408      0.000
    A8_5               0.610      0.034     18.018      0.000

 Means
    A8                 0.000      0.000    999.000    999.000

 Intercepts
    A8_1               3.920      0.109     36.082      0.000
    A8_2               2.419      0.074     32.845      0.000
    A8_3               3.109      0.087     35.593      0.000
    A8_4               3.011      0.085     35.529      0.000
    A8_5               4.716      0.128     36.849      0.000

 Variances
    A8                 1.000      0.000    999.000    999.000

 Residual Variances
    A8_1               0.568      0.045     12.659      0.000
    A8_2               0.981      0.011     89.705      0.000
    A8_3               0.785      0.034     22.973      0.000
    A8_4               0.826      0.030     27.097      0.000
    A8_5               0.628      0.041     15.227      0.000


R-SQUARE

Group GERMAN

    Observed                                        Two-Tailed
    Variable        Estimate       S.E.  Est./S.E.    P-Value

    A8_1               0.416      0.055      7.602      0.000
    A8_2               0.012      0.007      1.691      0.091
    A8_3               0.160      0.028      5.634      0.000
    A8_4               0.182      0.032      5.661      0.000
    A8_5               0.421      0.055      7.694      0.000

Group US

    Observed                                        Two-Tailed
    Variable        Estimate       S.E.  Est./S.E.    P-Value

    A8_1               0.432      0.045      9.625      0.000
    A8_2               0.019      0.011      1.733      0.083
    A8_3               0.215      0.034      6.300      0.000
    A8_4               0.174      0.030      5.704      0.000
    A8_5               0.372      0.041      9.009      0.000


QUALITY OF NUMERICAL RESULTS

     Condition Number for the Information Matrix              0.103E-01
       (ratio of smallest to largest eigenvalue)


MODEL MODIFICATION INDICES

NOTE:  Modification indices for direct effects of observed dependent variables
regressed on covariates may not be included.  To include these, request
MODINDICES (ALL).

Minimum M.I. value for printing the modification index     4.000

                                   M.I.     E.P.C.  Std E.P.C.  StdYX E.P.C.
Group GERMAN


BY Statements

A8       BY A8_4                   4.508    -0.220     -0.117       -0.111

WITH Statements

A8_3     WITH A8_2                 6.043     0.126      0.126        0.130
A8_4     WITH A8_1                 5.644    -0.102     -0.102       -0.171
A8_5     WITH A8_1                 7.044     0.101      0.101        0.289
A8_5     WITH A8_3                 4.729    -0.081     -0.081       -0.152

Group US


BY Statements

A8       BY A8_4                   4.503     0.124      0.074        0.061

WITH Statements

A8_4     WITH A8_2                 5.293     0.091      0.091        0.091
A8_4     WITH A8_3                 4.063     0.088      0.088        0.088
A8_5     WITH A8_2                 4.250    -0.058     -0.058       -0.092



DIAGRAM INFORMATION

  Use View Diagram under the Diagram menu in the Mplus Editor to view the diagram.
  If running Mplus from the Mplus Diagrammer, the diagram opens automatically.

  Diagram output
    f:\ipip paper\messinvarianz\a\a8\a8 faktorielle invarianz.dgm

     Beginning Time:  16:36:34
        Ending Time:  16:36:34
       Elapsed Time:  00:00:00



MUTHEN & MUTHEN
3463 Stoner Ave.
Los Angeles, CA  90066

Tel: (310) 391-9971
Fax: (310) 391-8971
Web: www.StatModel.com
Support: Support@StatModel.com

Copyright (c) 1998-2013 Muthen & Muthen
