Mplus VERSION 5.2
MUTHEN & MUTHEN
06/26/2012  12:29 PM

INPUT INSTRUCTIONS


  DATA:
   FILE IS  "ITS_TQIPIP.txt";

  VARIABLE:
   NAMES ARE
  id
  sex
  age
  A1_1
  A1_2
  A1_3
  A1_4
  A1_5
  A2_1
  A2_2
  A2_3
  A2_4
  A2_5
  A3_1
  A3_2
  A3_3
  A3_4
  A3_5
  A4_1
  A4_2
  A4_3
  A4_4
  A4_5
  A5_1
  A5_2
  A5_3
  A5_4
  A5_5
  A6_1
  A6_2
  A6_3
  A6_4
  A6_5
  A7_1
  A7_2
  A7_3
  A7_4
  A7_5
  A8_1
  A8_2
  A8_3
  A8_4
  A8_5
  C1_1
  C1_2
  C1_3
  C1_4
  C1_5
  C2_1
  C2_2
  C2_3
  C2_4
  C2_5
  C3_1
  C3_2
  C3_3
  C3_4
  C3_5
  C4_1
  C4_2
  C4_3
  C4_4
  C4_5
  C5_1
  C5_2
  C5_3
  C5_4
  C5_5
  C6_1
  C6_2
  C6_3
  C6_4
  C6_5
  C7_1
  C7_2
  C7_3
  C7_4
  C7_5
  C8_1
  C8_2
  C8_3
  C8_4
  C8_5
  C9_1
  C9_2
  C9_3
  C9_4
  C9_5
  E1_1
  E1_2
  E1_3
  E1_4
  E1_5
  E2_1
  E2_2
  E2_3
  E2_4
  E2_5
  E3_1
  E3_2
  E3_3
  E3_4
  E3_5
  E4_1
  E4_2
  E4_3
  E4_4
  E4_5
  E5_1
  E5_2
  E5_3
  E5_4
  E5_5
  E6_1
  E6_2
  E6_3
  E6_4
  E6_5
  E7_1
  E7_2
  E7_3
  E7_4
  E7_5
  E8_1
  E8_2
  E8_3
  E8_4
  E8_5
  E9_1
  E9_2
  E9_3
  N1_1
  N1_2
  N1_3
  N1_4
  N1_5
  N2_1
  N2_2
  N2_3
  N2_4
  N2_5
  N3_1
  N3_2
  N3_3
  N3_4
  N3_5
  N4_1
  N4_2
  N4_3
  N4_4
  N4_5
  N5_1
  N5_2
  N5_3
  N5_4
  N5_5
  N6_1
  N6_2
  N6_3
  N6_4
  N6_5
  N7_1
  N7_2
  N7_3
  O1_1
  O1_2
  O1_3
  O1_4
  O1_5
  O2_1
  O2_2
  O2_3
  O2_4
  O2_5
  O3_1
  O3_2
  O3_3
  O3_4
  O3_5
  O4_1
  O4_2
  O4_3
  O4_4
  O4_5
  O5_1
  O5_2
  O5_3
  O5_4
  O5_5
  O6_1
  O6_2
  O6_3
  O6_4
  O6_5
  O7_1
  O7_2
  O7_3
  O7_4
  O7_5
  O8_1
  O8_2
  O8_3
  O8_4
  O9_1
  O9_2
  O9_4
  dataset;

   USEVARIABLES ARE
  A8_1
  A8_2
  A8_3
  A8_4
  A8_5;

  Grouping is Dataset (0 = German 1 = US);

  MISSING ARE ALL (-99);

  MODEL:

  A8 by  A8_1
  A8_2
  A8_3
  A8_4
  A8_5;


  Model German:
  ;

  Model US:
  ;





  ANALYSIS:
   ESTIMATOR IS ML;
   Iterations are 10000;

   OUTPUT: STDYX MODINDICES(4);



INPUT READING TERMINATED NORMALLY




SUMMARY OF ANALYSIS

Number of groups                                                 2
Number of observations
   Group GERMAN                                                387
   Group US                                                    722

Number of dependent variables                                    5
Number of independent variables                                  0
Number of continuous latent variables                            1

Observed dependent variables

  Continuous
   A8_1        A8_2        A8_3        A8_4        A8_5

Continuous latent variables
   A8

Variables with special functions

  Grouping variable     DATASET

Estimator                                                       ML
Information matrix                                        OBSERVED
Maximum number of iterations                                 10000
Convergence criterion                                    0.500D-04
Maximum number of steepest descent iterations                   20
Maximum number of iterations for H1                           2000
Convergence criterion for H1                             0.100D-03

Input data file(s)
  ITS_TQIPIP.txt

Input data format  FREE


SUMMARY OF DATA

   Group GERMAN
     Number of missing data patterns             1

   Group US
     Number of missing data patterns             1


COVARIANCE COVERAGE OF DATA

Minimum covariance coverage value   0.100


     PROPORTION OF DATA PRESENT FOR GERMAN


           Covariance Coverage
              A8_1          A8_2          A8_3          A8_4          A8_5
              ________      ________      ________      ________      ________
 A8_1           1.000
 A8_2           1.000         1.000
 A8_3           1.000         1.000         1.000
 A8_4           1.000         1.000         1.000         1.000
 A8_5           1.000         1.000         1.000         1.000         1.000


     PROPORTION OF DATA PRESENT FOR US


           Covariance Coverage
              A8_1          A8_2          A8_3          A8_4          A8_5
              ________      ________      ________      ________      ________
 A8_1           1.000
 A8_2           1.000         1.000
 A8_3           1.000         1.000         1.000
 A8_4           1.000         1.000         1.000         1.000
 A8_5           1.000         1.000         1.000         1.000         1.000



THE MODEL ESTIMATION TERMINATED NORMALLY



TESTS OF MODEL FIT

Chi-Square Test of Model Fit

          Value                             93.225
          Degrees of Freedom                    18
          P-Value                           0.0000

Chi-Square Contributions From Each Group

          GERMAN                            55.643
          US                                37.582

Chi-Square Test of Model Fit for the Baseline Model

          Value                            504.880
          Degrees of Freedom                    20
          P-Value                           0.0000

CFI/TLI

          CFI                                0.845
          TLI                                0.828

Loglikelihood

          H0 Value                       -7435.909
          H1 Value                       -7389.297

Information Criteria

          Number of Free Parameters             22
          Akaike (AIC)                   14915.818
          Bayesian (BIC)                 15026.065
          Sample-Size Adjusted BIC       14956.187
            (n* = (n + 2) / 24)

RMSEA (Root Mean Square Error Of Approximation)

          Estimate                           0.087
          90 Percent C.I.                    0.070  0.105

SRMR (Standardized Root Mean Square Residual)

          Value                              0.078



MODEL RESULTS

                                                    Two-Tailed
                    Estimate       S.E.  Est./S.E.    P-Value

Group GERMAN

 A8       BY
    A8_1               1.000      0.000    999.000    999.000
    A8_2               0.116      0.059      1.956      0.050
    A8_3               0.776      0.074     10.425      0.000
    A8_4               0.725      0.083      8.782      0.000
    A8_5               0.896      0.078     11.540      0.000

 Means
    A8                 0.000      0.000    999.000    999.000

 Intercepts
    A8_1               3.311      0.038     86.078      0.000
    A8_2               2.287      0.032     72.612      0.000
    A8_3               2.949      0.039     75.572      0.000
    A8_4               3.594      0.041     87.701      0.000
    A8_5               3.908      0.035    113.229      0.000

 Variances
    A8                 0.296      0.044      6.668      0.000

 Residual Variances
    A8_1               0.385      0.044      8.777      0.000
    A8_2               1.083      0.079     13.644      0.000
    A8_3               0.917      0.071     12.850      0.000
    A8_4               0.952      0.074     12.884      0.000
    A8_5               0.305      0.035      8.727      0.000

Group US

 A8       BY
    A8_1               1.000      0.000    999.000    999.000
    A8_2               0.116      0.059      1.956      0.050
    A8_3               0.776      0.074     10.425      0.000
    A8_4               0.725      0.083      8.782      0.000
    A8_5               0.896      0.078     11.540      0.000

 Means
    A8                 0.253      0.046      5.461      0.000

 Intercepts
    A8_1               3.311      0.038     86.078      0.000
    A8_2               2.287      0.032     72.612      0.000
    A8_3               2.949      0.039     75.572      0.000
    A8_4               3.594      0.041     87.701      0.000
    A8_5               3.908      0.035    113.229      0.000

 Variances
    A8                 0.373      0.045      8.273      0.000

 Residual Variances
    A8_1               0.465      0.042     11.098      0.000
    A8_2               0.837      0.045     18.737      0.000
    A8_3               0.814      0.050     16.170      0.000
    A8_4               1.270      0.074     17.173      0.000
    A8_5               0.482      0.038     12.730      0.000


STANDARDIZED MODEL RESULTS


STDYX Standardization

                                                    Two-Tailed
                    Estimate       S.E.  Est./S.E.    P-Value

Group GERMAN

 A8       BY
    A8_1               0.659      0.042     15.747      0.000
    A8_2               0.060      0.031      1.952      0.051
    A8_3               0.403      0.035     11.588      0.000
    A8_4               0.375      0.037     10.138      0.000
    A8_5               0.662      0.042     15.932      0.000

 Means
    A8                 0.000      0.000    999.000    999.000

 Intercepts
    A8_1               4.011      0.146     27.517      0.000
    A8_2               2.194      0.091     24.059      0.000
    A8_3               2.818      0.106     26.631      0.000
    A8_4               3.415      0.135     25.332      0.000
    A8_5               5.305      0.189     28.137      0.000

 Variances
    A8                 1.000      0.000    999.000    999.000

 Residual Variances
    A8_1               0.565      0.055     10.235      0.000
    A8_2               0.996      0.004    267.138      0.000
    A8_3               0.837      0.028     29.817      0.000
    A8_4               0.860      0.028     31.027      0.000
    A8_5               0.562      0.055     10.208      0.000

Group US

 A8       BY
    A8_1               0.667      0.034     19.677      0.000
    A8_2               0.077      0.039      1.957      0.050
    A8_3               0.465      0.036     13.014      0.000
    A8_4               0.366      0.036     10.120      0.000
    A8_5               0.619      0.034     18.386      0.000

 Means
    A8                 0.415      0.075      5.506      0.000

 Intercepts
    A8_1               3.618      0.105     34.431      0.000
    A8_2               2.493      0.071     35.144      0.000
    A8_3               2.894      0.086     33.692      0.000
    A8_4               2.969      0.082     36.426      0.000
    A8_5               4.422      0.123     35.821      0.000

 Variances
    A8                 1.000      0.000    999.000    999.000

 Residual Variances
    A8_1               0.555      0.045     12.254      0.000
    A8_2               0.994      0.006    164.374      0.000
    A8_3               0.784      0.033     23.616      0.000
    A8_4               0.866      0.026     32.814      0.000
    A8_5               0.617      0.042     14.782      0.000


R-SQUARE

Group GERMAN

    Observed                                        Two-Tailed
    Variable        Estimate       S.E.  Est./S.E.    P-Value

    A8_1               0.435      0.055      7.873      0.000
    A8_2               0.004      0.004      0.976      0.329
    A8_3               0.163      0.028      5.794      0.000
    A8_4               0.140      0.028      5.069      0.000
    A8_5               0.438      0.055      7.966      0.000

Group US

    Observed                                        Two-Tailed
    Variable        Estimate       S.E.  Est./S.E.    P-Value

    A8_1               0.445      0.045      9.839      0.000
    A8_2               0.006      0.006      0.979      0.328
    A8_3               0.216      0.033      6.507      0.000
    A8_4               0.134      0.026      5.060      0.000
    A8_5               0.383      0.042      9.193      0.000


QUALITY OF NUMERICAL RESULTS

     Condition Number for the Information Matrix              0.725E-02
       (ratio of smallest to largest eigenvalue)


MODEL MODIFICATION INDICES

NOTE:  Modification indices for direct effects of observed dependent variables
regressed on covariates may not be included.  To include these, request
MODINDICES (ALL).

Minimum M.I. value for printing the modification index     4.000

                            M.I.     E.P.C.  Std E.P.C.  StdYX E.P.C.
Group GERMAN


WITH Statements

A8_3     WITH A8_2          5.283     0.121      0.121        0.122
A8_5     WITH A8_3          5.162    -0.086     -0.086       -0.162

Means/Intercepts/Thresholds

[ A8_2     ]               34.244     0.253      0.253        0.242
[ A8_4     ]               23.152     0.168      0.168        0.160

Group US


WITH Statements

A8_4     WITH A8_2          8.980     0.120      0.120        0.116
A8_4     WITH A8_3          5.612     0.102      0.102        0.101

Means/Intercepts/Thresholds

[ A8_2     ]               34.242    -0.126     -0.126       -0.138
[ A8_4     ]               23.153    -0.171     -0.171       -0.142



     Beginning Time:  12:29:06
        Ending Time:  12:29:06
       Elapsed Time:  00:00:00



MUTHEN & MUTHEN
3463 Stoner Ave.
Los Angeles, CA  90066

Tel: (310) 391-9971
Fax: (310) 391-8971
Web: www.StatModel.com
Support: Support@StatModel.com

Copyright (c) 1998-2008 Muthen & Muthen
