Mplus VERSION 5.2
MUTHEN & MUTHEN
07/05/2012   2:54 PM

INPUT INSTRUCTIONS


  DATA:
   FILE IS  "ITS_TQIPIP.txt";

  VARIABLE:
   NAMES ARE
  id
  sex
  age
  A1_1
  A1_2
  A1_3
  A1_4
  A1_5
  A2_1
  A2_2
  A2_3
  A2_4
  A2_5
  A3_1
  A3_2
  A3_3
  A3_4
  A3_5
  A4_1
  A4_2
  A4_3
  A4_4
  A4_5
  A5_1
  A5_2
  A5_3
  A5_4
  A5_5
  A6_1
  A6_2
  A6_3
  A6_4
  A6_5
  A7_1
  A7_2
  A7_3
  A7_4
  A7_5
  A8_1
  A8_2
  A8_3
  A8_4
  A8_5
  C1_1
  C1_2
  C1_3
  C1_4
  C1_5
  C2_1
  C2_2
  C2_3
  C2_4
  C2_5
  C3_1
  C3_2
  C3_3
  C3_4
  C3_5
  C4_1
  C4_2
  C4_3
  C4_4
  C4_5
  C5_1
  C5_2
  C5_3
  C5_4
  C5_5
  C6_1
  C6_2
  C6_3
  C6_4
  C6_5
  C7_1
  C7_2
  C7_3
  C7_4
  C7_5
  C8_1
  C8_2
  C8_3
  C8_4
  C8_5
  C9_1
  C9_2
  C9_3
  C9_4
  C9_5
  E1_1
  E1_2
  E1_3
  E1_4
  E1_5
  E2_1
  E2_2
  E2_3
  E2_4
  E2_5
  E3_1
  E3_2
  E3_3
  E3_4
  E3_5
  E4_1
  E4_2
  E4_3
  E4_4
  E4_5
  E5_1
  E5_2
  E5_3
  E5_4
  E5_5
  E6_1
  E6_2
  E6_3
  E6_4
  E6_5
  E7_1
  E7_2
  E7_3
  E7_4
  E7_5
  E8_1
  E8_2
  E8_3
  E8_4
  E8_5
  E9_1
  E9_2
  E9_3
  N1_1
  N1_2
  N1_3
  N1_4
  N1_5
  N2_1
  N2_2
  N2_3
  N2_4
  N2_5
  N3_1
  N3_2
  N3_3
  N3_4
  N3_5
  N4_1
  N4_2
  N4_3
  N4_4
  N4_5
  N5_1
  N5_2
  N5_3
  N5_4
  N5_5
  N6_1
  N6_2
  N6_3
  N6_4
  N6_5
  N7_1
  N7_2
  N7_3
  O1_1
  O1_2
  O1_3
  O1_4
  O1_5
  O2_1
  O2_2
  O2_3
  O2_4
  O2_5
  O3_1
  O3_2
  O3_3
  O3_4
  O3_5
  O4_1
  O4_2
  O4_3
  O4_4
  O4_5
  O5_1
  O5_2
  O5_3
  O5_4
  O5_5
  O6_1
  O6_2
  O6_3
  O6_4
  O6_5
  O7_1
  O7_2
  O7_3
  O7_4
  O7_5
  O8_1
  O8_2
  O8_3
  O8_4
  O9_1
  O9_2
  O9_4
  dataset;

   USEVARIABLES ARE
  E9_1
  E9_2
  E9_3;

  Grouping is Dataset (0 = German 1 = US);

  MISSING ARE ALL (-99);

  MODEL:

  E9 by  E9_1
  E9_2
  E9_3;
  [E9@0];

  Model German:
  ;

  Model US:
  ;

  E9 by
  E9_2
  E9_3;

  [E9_1
  E9_2
  E9_3];

  ANALYSIS:
   ESTIMATOR IS ML;
   Iterations are 10000;

   OUTPUT: STDYX MODINDICES(4);



INPUT READING TERMINATED NORMALLY




SUMMARY OF ANALYSIS

Number of groups                                                 2
Number of observations
   Group GERMAN                                                387
   Group US                                                    722

Number of dependent variables                                    3
Number of independent variables                                  0
Number of continuous latent variables                            1

Observed dependent variables

  Continuous
   E9_1        E9_2        E9_3

Continuous latent variables
   E9

Variables with special functions

  Grouping variable     DATASET

Estimator                                                       ML
Information matrix                                        OBSERVED
Maximum number of iterations                                 10000
Convergence criterion                                    0.500D-04
Maximum number of steepest descent iterations                   20
Maximum number of iterations for H1                           2000
Convergence criterion for H1                             0.100D-03

Input data file(s)
  ITS_TQIPIP.txt

Input data format  FREE


SUMMARY OF DATA

   Group GERMAN
     Number of missing data patterns             1

   Group US
     Number of missing data patterns             1


COVARIANCE COVERAGE OF DATA

Minimum covariance coverage value   0.100


     PROPORTION OF DATA PRESENT FOR GERMAN


           Covariance Coverage
              E9_1          E9_2          E9_3
              ________      ________      ________
 E9_1           1.000
 E9_2           1.000         1.000
 E9_3           1.000         1.000         1.000


     PROPORTION OF DATA PRESENT FOR US


           Covariance Coverage
              E9_1          E9_2          E9_3
              ________      ________      ________
 E9_1           1.000
 E9_2           1.000         1.000
 E9_3           1.000         1.000         1.000



THE MODEL ESTIMATION TERMINATED NORMALLY



TESTS OF MODEL FIT

Chi-Square Test of Model Fit

          Value                              0.000
          Degrees of Freedom                     0
          P-Value                           0.0000

Chi-Square Contributions From Each Group

          GERMAN                             0.000
          US                                 0.000

Chi-Square Test of Model Fit for the Baseline Model

          Value                            705.738
          Degrees of Freedom                     6
          P-Value                           0.0000

CFI/TLI

          CFI                                1.000
          TLI                                1.000

Loglikelihood

          H0 Value                       -4210.362
          H1 Value                       -4210.362

Information Criteria

          Number of Free Parameters             18
          Akaike (AIC)                    8456.723
          Bayesian (BIC)                  8546.925
          Sample-Size Adjusted BIC        8489.753
            (n* = (n + 2) / 24)

RMSEA (Root Mean Square Error Of Approximation)

          Estimate                           0.000
          90 Percent C.I.                    0.000  0.000

SRMR (Standardized Root Mean Square Residual)

          Value                              0.000



MODEL RESULTS

                                                    Two-Tailed
                    Estimate       S.E.  Est./S.E.    P-Value

Group GERMAN

 E9       BY
    E9_1               1.000      0.000    999.000    999.000
    E9_2              -0.519      0.074     -7.046      0.000
    E9_3               0.700      0.089      7.850      0.000

 Means
    E9                 0.000      0.000    999.000    999.000

 Intercepts
    E9_1               3.098      0.050     61.978      0.000
    E9_2               2.868      0.047     61.078      0.000
    E9_3               3.540      0.044     80.992      0.000

 Variances
    E9                 0.722      0.107      6.716      0.000

 Residual Variances
    E9_1               0.245      0.086      2.865      0.004
    E9_2               0.659      0.052     12.556      0.000
    E9_3               0.386      0.050      7.787      0.000

Group US

 E9       BY
    E9_1               1.000      0.000    999.000    999.000
    E9_2              -0.666      0.063    -10.605      0.000
    E9_3               1.080      0.097     11.153      0.000

 Means
    E9                 0.000      0.000    999.000    999.000

 Intercepts
    E9_1               3.266      0.035     92.000      0.000
    E9_2               2.583      0.037     70.214      0.000
    E9_3               3.529      0.036     97.433      0.000

 Variances
    E9                 0.513      0.060      8.501      0.000

 Residual Variances
    E9_1               0.397      0.047      8.408      0.000
    E9_2               0.749      0.044     17.156      0.000
    E9_3               0.348      0.053      6.612      0.000


STANDARDIZED MODEL RESULTS


STDYX Standardization

                                                    Two-Tailed
                    Estimate       S.E.  Est./S.E.    P-Value

Group GERMAN

 E9       BY
    E9_1               0.864      0.052     16.677      0.000
    E9_2              -0.477      0.048     -9.935      0.000
    E9_3               0.691      0.048     14.369      0.000

 Means
    E9                 0.000      0.000    999.000    999.000

 Intercepts
    E9_1               3.151      0.124     25.382      0.000
    E9_2               3.105      0.123     25.318      0.000
    E9_3               4.117      0.156     26.312      0.000

 Variances
    E9                 1.000      0.000    999.000    999.000

 Residual Variances
    E9_1               0.254      0.089      2.836      0.005
    E9_2               0.772      0.046     16.831      0.000
    E9_3               0.522      0.067      7.841      0.000

Group US

 E9       BY
    E9_1               0.751      0.035     21.501      0.000
    E9_2              -0.483      0.035    -13.882      0.000
    E9_3               0.795      0.035     22.404      0.000

 Means
    E9                 0.000      0.000    999.000    999.000

 Intercepts
    E9_1               3.424      0.097     35.122      0.000
    E9_2               2.613      0.078     33.420      0.000
    E9_3               3.626      0.102     35.403      0.000

 Variances
    E9                 1.000      0.000    999.000    999.000

 Residual Variances
    E9_1               0.436      0.052      8.304      0.000
    E9_2               0.767      0.034     22.825      0.000
    E9_3               0.367      0.056      6.509      0.000


R-SQUARE

Group GERMAN

    Observed                                        Two-Tailed
    Variable        Estimate       S.E.  Est./S.E.    P-Value

    E9_1               0.746      0.089      8.338      0.000
    E9_2               0.228      0.046      4.968      0.000
    E9_3               0.478      0.067      7.184      0.000

Group US

    Observed                                        Two-Tailed
    Variable        Estimate       S.E.  Est./S.E.    P-Value

    E9_1               0.564      0.052     10.751      0.000
    E9_2               0.233      0.034      6.941      0.000
    E9_3               0.633      0.056     11.202      0.000


QUALITY OF NUMERICAL RESULTS

     Condition Number for the Information Matrix              0.666E-02
       (ratio of smallest to largest eigenvalue)


MODEL MODIFICATION INDICES

NOTE:  Modification indices for direct effects of observed dependent variables
regressed on covariates may not be included.  To include these, request
MODINDICES (ALL).

Minimum M.I. value for printing the modification index     4.000

                            M.I.     E.P.C.  Std E.P.C.  StdYX E.P.C.
Group GERMAN


No modification indices above the minimum value.

Group US


No modification indices above the minimum value.



     Beginning Time:  14:54:34
        Ending Time:  14:54:35
       Elapsed Time:  00:00:01



MUTHEN & MUTHEN
3463 Stoner Ave.
Los Angeles, CA  90066

Tel: (310) 391-9971
Fax: (310) 391-8971
Web: www.StatModel.com
Support: Support@StatModel.com

Copyright (c) 1998-2008 Muthen & Muthen
