Mplus VERSION 5.2
MUTHEN & MUTHEN
07/04/2012   4:04 PM

INPUT INSTRUCTIONS

  TITLE: Beispiel N1 Analysis

  DATA:
   FILE IS  "ITS_TQIPIP.txt";

  VARIABLE:
   NAMES ARE
  id
  sex
  age
  A1_1
  A1_2
  A1_3
  A1_4
  A1_5
  A2_1
  A2_2
  A2_3
  A2_4
  A2_5
  A3_1
  A3_2
  A3_3
  A3_4
  A3_5
  A4_1
  A4_2
  A4_3
  A4_4
  A4_5
  A5_1
  A5_2
  A5_3
  A5_4
  A5_5
  A6_1
  A6_2
  A6_3
  A6_4
  A6_5
  A7_1
  A7_2
  A7_3
  A7_4
  A7_5
  A8_1
  A8_2
  A8_3
  A8_4
  A8_5
  C1_1
  C1_2
  C1_3
  C1_4
  C1_5
  C2_1
  C2_2
  C2_3
  C2_4
  C2_5
  C3_1
  C3_2
  C3_3
  C3_4
  C3_5
  C4_1
  C4_2
  C4_3
  C4_4
  C4_5
  C5_1
  C5_2
  C5_3
  C5_4
  C5_5
  C6_1
  C6_2
  C6_3
  C6_4
  C6_5
  C7_1
  C7_2
  C7_3
  C7_4
  C7_5
  C8_1
  C8_2
  C8_3
  C8_4
  C8_5
  C9_1
  C9_2
  C9_3
  C9_4
  C9_5
  E1_1
  E1_2
  E1_3
  E1_4
  E1_5
  E2_1
  E2_2
  E2_3
  E2_4
  E2_5
  E3_1
  E3_2
  E3_3
  E3_4
  E3_5
  E4_1
  E4_2
  E4_3
  E4_4
  E4_5
  E5_1
  E5_2
  E5_3
  E5_4
  E5_5
  E6_1
  E6_2
  E6_3
  E6_4
  E6_5
  E7_1
  E7_2
  E7_3
  E7_4
  E7_5
  E8_1
  E8_2
  E8_3
  E8_4
  E8_5
  E9_1
  E9_2
  E9_3
  N1_1
  N1_2
  N1_3
  N1_4
  N1_5
  N2_1
  N2_2
  N2_3
  N2_4
  N2_5
  N3_1
  N3_2
  N3_3
  N3_4
  N3_5
  N4_1
  N4_2
  N4_3
  N4_4
  N4_5
  N5_1
  N5_2
  N5_3
  N5_4
  N5_5
  N6_1
  N6_2
  N6_3
  N6_4
  N6_5
  N7_1
  N7_2
  N7_3
  O1_1
  O1_2
  O1_3
  O1_4
  O1_5
  O2_1
  O2_2
  O2_3
  O2_4
  O2_5
  O3_1
  O3_2
  O3_3
  O3_4
  O3_5
  O4_1
  O4_2
  O4_3
  O4_4
  O4_5
  O5_1
  O5_2
  O5_3
  O5_4
  O5_5
  O6_1
  O6_2
  O6_3
  O6_4
  O6_5
  O7_1
  O7_2
  O7_3
  O7_4
  O7_5
  O8_1
  O8_2
  O8_3
  O8_4
  O9_1
  O9_2
  O9_4
  dataset;

   USEVARIABLES ARE
  E3_1
  E3_2
  E3_3
  E3_4
  E3_5;

  USEOBSERVATIONS ARE (Dataset eq 1);

  MISSING ARE ALL (-99);

  MODEL:

  E3 by
  E3_1
  E3_2
  E3_3
  E3_4
  E3_5;

  ANALYSIS:
   ESTIMATOR IS ML;
   Iterations are 10000;

   OUTPUT: STDYX MODINDICES(4);



INPUT READING TERMINATED NORMALLY



Beispiel N1 Analysis

SUMMARY OF ANALYSIS

Number of groups                                                 1
Number of observations                                         722

Number of dependent variables                                    5
Number of independent variables                                  0
Number of continuous latent variables                            1

Observed dependent variables

  Continuous
   E3_1        E3_2        E3_3        E3_4        E3_5

Continuous latent variables
   E3


Estimator                                                       ML
Information matrix                                        OBSERVED
Maximum number of iterations                                 10000
Convergence criterion                                    0.500D-04
Maximum number of steepest descent iterations                   20
Maximum number of iterations for H1                           2000
Convergence criterion for H1                             0.100D-03

Input data file(s)
  ITS_TQIPIP.txt

Input data format  FREE


SUMMARY OF DATA

     Number of missing data patterns             1


COVARIANCE COVERAGE OF DATA

Minimum covariance coverage value   0.100


     PROPORTION OF DATA PRESENT


           Covariance Coverage
              E3_1          E3_2          E3_3          E3_4          E3_5
              ________      ________      ________      ________      ________
 E3_1           1.000
 E3_2           1.000         1.000
 E3_3           1.000         1.000         1.000
 E3_4           1.000         1.000         1.000         1.000
 E3_5           1.000         1.000         1.000         1.000         1.000



THE MODEL ESTIMATION TERMINATED NORMALLY



TESTS OF MODEL FIT

Chi-Square Test of Model Fit

          Value                             43.404
          Degrees of Freedom                     5
          P-Value                           0.0000

Chi-Square Test of Model Fit for the Baseline Model

          Value                            591.575
          Degrees of Freedom                    10
          P-Value                           0.0000

CFI/TLI

          CFI                                0.934
          TLI                                0.868

Loglikelihood

          H0 Value                       -4961.672
          H1 Value                       -4939.970

Information Criteria

          Number of Free Parameters             15
          Akaike (AIC)                    9953.343
          Bayesian (BIC)                 10022.074
          Sample-Size Adjusted BIC        9974.444
            (n* = (n + 2) / 24)

RMSEA (Root Mean Square Error Of Approximation)

          Estimate                           0.103
          90 Percent C.I.                    0.076  0.132
          Probability RMSEA <= .05           0.001

SRMR (Standardized Root Mean Square Residual)

          Value                              0.041



MODEL RESULTS

                                                    Two-Tailed
                    Estimate       S.E.  Est./S.E.    P-Value

 E3       BY
    E3_1               1.000      0.000    999.000    999.000
    E3_2               0.820      0.070     11.779      0.000
    E3_3               0.725      0.068     10.710      0.000
    E3_4               0.505      0.055      9.109      0.000
    E3_5               0.237      0.049      4.795      0.000

 Intercepts
    E3_1               2.594      0.038     67.937      0.000
    E3_2               3.525      0.038     92.558      0.000
    E3_3               3.215      0.039     82.074      0.000
    E3_4               2.359      0.041     57.734      0.000
    E3_5               2.562      0.036     71.382      0.000

 Variances
    E3                 0.687      0.072      9.520      0.000

 Residual Variances
    E3_1               0.366      0.054      6.824      0.000
    E3_2               0.585      0.047     12.548      0.000
    E3_3               0.746      0.050     15.025      0.000
    E3_4               1.030      0.058     17.893      0.000
    E3_5               0.892      0.048     18.748      0.000


STANDARDIZED MODEL RESULTS


STDYX Standardization

                                                    Two-Tailed
                    Estimate       S.E.  Est./S.E.    P-Value

 E3       BY
    E3_1               0.808      0.032     25.123      0.000
    E3_2               0.664      0.033     20.321      0.000
    E3_3               0.571      0.035     16.439      0.000
    E3_4               0.381      0.038     10.003      0.000
    E3_5               0.204      0.041      4.953      0.000

 Intercepts
    E3_1               2.528      0.076     33.165      0.000
    E3_2               3.445      0.098     35.153      0.000
    E3_3               3.054      0.089     34.483      0.000
    E3_4               2.149      0.068     31.742      0.000
    E3_5               2.657      0.079     33.543      0.000

 Variances
    E3                 1.000      0.000    999.000    999.000

 Residual Variances
    E3_1               0.348      0.052      6.693      0.000
    E3_2               0.559      0.043     12.885      0.000
    E3_3               0.674      0.040     16.986      0.000
    E3_4               0.854      0.029     29.366      0.000
    E3_5               0.959      0.017     57.288      0.000


R-SQUARE

    Observed                                        Two-Tailed
    Variable        Estimate       S.E.  Est./S.E.    P-Value

    E3_1               0.652      0.052     12.561      0.000
    E3_2               0.441      0.043     10.161      0.000
    E3_3               0.326      0.040      8.220      0.000
    E3_4               0.146      0.029      5.002      0.000
    E3_5               0.041      0.017      2.477      0.013


QUALITY OF NUMERICAL RESULTS

     Condition Number for the Information Matrix              0.189E-01
       (ratio of smallest to largest eigenvalue)


MODEL MODIFICATION INDICES

NOTE:  Modification indices for direct effects of observed dependent variables
regressed on covariates may not be included.  To include these, request
MODINDICES (ALL).

Minimum M.I. value for printing the modification index     4.000

                            M.I.     E.P.C.  Std E.P.C.  StdYX E.P.C.

WITH Statements

E3_3     WITH E3_1         14.915    -0.230     -0.230       -0.440
E3_3     WITH E3_2         35.017     0.274      0.274        0.415
E3_4     WITH E3_1         22.071     0.196      0.196        0.319
E3_4     WITH E3_2         16.629    -0.151     -0.151       -0.194
E3_4     WITH E3_3          5.130    -0.085     -0.085       -0.097
E3_5     WITH E3_4         10.870     0.122      0.122        0.127


     Beginning Time:  16:04:02
        Ending Time:  16:04:02
       Elapsed Time:  00:00:00



MUTHEN & MUTHEN
3463 Stoner Ave.
Los Angeles, CA  90066

Tel: (310) 391-9971
Fax: (310) 391-8971
Web: www.StatModel.com
Support: Support@StatModel.com

Copyright (c) 1998-2008 Muthen & Muthen
