Mplus VERSION 5.2
MUTHEN & MUTHEN
06/26/2012  12:37 PM

INPUT INSTRUCTIONS

  TITLE: Beispiel N1 Analysis

  DATA:
   FILE IS  "ITS_TQIPIP.txt";

  VARIABLE:
   NAMES ARE
  id
  sex
  age
  A1_1
  A1_2
  A1_3
  A1_4
  A1_5
  A2_1
  A2_2
  A2_3
  A2_4
  A2_5
  A3_1
  A3_2
  A3_3
  A3_4
  A3_5
  A4_1
  A4_2
  A4_3
  A4_4
  A4_5
  A5_1
  A5_2
  A5_3
  A5_4
  A5_5
  A6_1
  A6_2
  A6_3
  A6_4
  A6_5
  A7_1
  A7_2
  A7_3
  A7_4
  A7_5
  A8_1
  A8_2
  A8_3
  A8_4
  A8_5
  C1_1
  C1_2
  C1_3
  C1_4
  C1_5
  C2_1
  C2_2
  C2_3
  C2_4
  C2_5
  C3_1
  C3_2
  C3_3
  C3_4
  C3_5
  C4_1
  C4_2
  C4_3
  C4_4
  C4_5
  C5_1
  C5_2
  C5_3
  C5_4
  C5_5
  C6_1
  C6_2
  C6_3
  C6_4
  C6_5
  C7_1
  C7_2
  C7_3
  C7_4
  C7_5
  C8_1
  C8_2
  C8_3
  C8_4
  C8_5
  C9_1
  C9_2
  C9_3
  C9_4
  C9_5
  E1_1
  E1_2
  E1_3
  E1_4
  E1_5
  E2_1
  E2_2
  E2_3
  E2_4
  E2_5
  E3_1
  E3_2
  E3_3
  E3_4
  E3_5
  E4_1
  E4_2
  E4_3
  E4_4
  E4_5
  E5_1
  E5_2
  E5_3
  E5_4
  E5_5
  E6_1
  E6_2
  E6_3
  E6_4
  E6_5
  E7_1
  E7_2
  E7_3
  E7_4
  E7_5
  E8_1
  E8_2
  E8_3
  E8_4
  E8_5
  E9_1
  E9_2
  E9_3
  N1_1
  N1_2
  N1_3
  N1_4
  N1_5
  N2_1
  N2_2
  N2_3
  N2_4
  N2_5
  N3_1
  N3_2
  N3_3
  N3_4
  N3_5
  N4_1
  N4_2
  N4_3
  N4_4
  N4_5
  N5_1
  N5_2
  N5_3
  N5_4
  N5_5
  N6_1
  N6_2
  N6_3
  N6_4
  N6_5
  N7_1
  N7_2
  N7_3
  O1_1
  O1_2
  O1_3
  O1_4
  O1_5
  O2_1
  O2_2
  O2_3
  O2_4
  O2_5
  O3_1
  O3_2
  O3_3
  O3_4
  O3_5
  O4_1
  O4_2
  O4_3
  O4_4
  O4_5
  O5_1
  O5_2
  O5_3
  O5_4
  O5_5
  O6_1
  O6_2
  O6_3
  O6_4
  O6_5
  O7_1
  O7_2
  O7_3
  O7_4
  O7_5
  O8_1
  O8_2
  O8_3
  O8_4
  O9_1
  O9_2
  O9_4
  dataset;

   USEVARIABLES ARE
  C1_1
  C1_2
  C1_3
  C1_4
  C1_5;

  USEOBSERVATIONS ARE (Dataset eq 1);

  MISSING ARE ALL (-99);

  MODEL:

  C1 by
  C1_1
  C1_2
  C1_3
  C1_4
  C1_5;

  ANALYSIS:
   ESTIMATOR IS ML;
   Iterations are 10000;

   OUTPUT: STDYX MODINDICES(4);



INPUT READING TERMINATED NORMALLY



Beispiel N1 Analysis

SUMMARY OF ANALYSIS

Number of groups                                                 1
Number of observations                                         722

Number of dependent variables                                    5
Number of independent variables                                  0
Number of continuous latent variables                            1

Observed dependent variables

  Continuous
   C1_1        C1_2        C1_3        C1_4        C1_5

Continuous latent variables
   C1


Estimator                                                       ML
Information matrix                                        OBSERVED
Maximum number of iterations                                 10000
Convergence criterion                                    0.500D-04
Maximum number of steepest descent iterations                   20
Maximum number of iterations for H1                           2000
Convergence criterion for H1                             0.100D-03

Input data file(s)
  ITS_TQIPIP.txt

Input data format  FREE


SUMMARY OF DATA

     Number of missing data patterns             1


COVARIANCE COVERAGE OF DATA

Minimum covariance coverage value   0.100


     PROPORTION OF DATA PRESENT


           Covariance Coverage
              C1_1          C1_2          C1_3          C1_4          C1_5
              ________      ________      ________      ________      ________
 C1_1           1.000
 C1_2           1.000         1.000
 C1_3           1.000         1.000         1.000
 C1_4           1.000         1.000         1.000         1.000
 C1_5           1.000         1.000         1.000         1.000         1.000



THE MODEL ESTIMATION TERMINATED NORMALLY



TESTS OF MODEL FIT

Chi-Square Test of Model Fit

          Value                             57.976
          Degrees of Freedom                     5
          P-Value                           0.0000

Chi-Square Test of Model Fit for the Baseline Model

          Value                            464.913
          Degrees of Freedom                    10
          P-Value                           0.0000

CFI/TLI

          CFI                                0.884
          TLI                                0.767

Loglikelihood

          H0 Value                       -5124.356
          H1 Value                       -5095.368

Information Criteria

          Number of Free Parameters             15
          Akaike (AIC)                   10278.713
          Bayesian (BIC)                 10347.443
          Sample-Size Adjusted BIC       10299.814
            (n* = (n + 2) / 24)

RMSEA (Root Mean Square Error Of Approximation)

          Estimate                           0.121
          90 Percent C.I.                    0.094  0.150
          Probability RMSEA <= .05           0.000

SRMR (Standardized Root Mean Square Residual)

          Value                              0.054



MODEL RESULTS

                                                    Two-Tailed
                    Estimate       S.E.  Est./S.E.    P-Value

 C1       BY
    C1_1               1.000      0.000    999.000    999.000
    C1_2               0.746      0.066     11.325      0.000
    C1_3               0.476      0.067      7.156      0.000
    C1_4               0.206      0.055      3.756      0.000
    C1_5               0.606      0.072      8.424      0.000

 Intercepts
    C1_1               3.202      0.038     84.062      0.000
    C1_2               3.324      0.038     88.215      0.000
    C1_3               2.510      0.041     61.418      0.000
    C1_4               2.288      0.038     59.609      0.000
    C1_5               2.909      0.042     69.013      0.000

 Variances
    C1                 0.694      0.078      8.913      0.000

 Residual Variances
    C1_1               0.354      0.061      5.814      0.000
    C1_2               0.639      0.045     14.294      0.000
    C1_3               1.048      0.059     17.686      0.000
    C1_4               1.035      0.055     18.805      0.000
    C1_5               1.027      0.061     16.728      0.000


STANDARDIZED MODEL RESULTS


STDYX Standardization

                                                    Two-Tailed
                    Estimate       S.E.  Est./S.E.    P-Value

 C1       BY
    C1_1               0.814      0.036     22.436      0.000
    C1_2               0.614      0.033     18.646      0.000
    C1_3               0.361      0.041      8.855      0.000
    C1_4               0.166      0.042      3.907      0.000
    C1_5               0.446      0.039     11.374      0.000

 Intercepts
    C1_1               3.128      0.090     34.628      0.000
    C1_2               3.283      0.094     34.899      0.000
    C1_3               2.286      0.071     32.315      0.000
    C1_4               2.218      0.069     32.043      0.000
    C1_5               2.568      0.077     33.288      0.000

 Variances
    C1                 1.000      0.000    999.000    999.000

 Residual Variances
    C1_1               0.338      0.059      5.727      0.000
    C1_2               0.623      0.040     15.406      0.000
    C1_3               0.869      0.029     29.486      0.000
    C1_4               0.972      0.014     68.949      0.000
    C1_5               0.801      0.035     22.908      0.000


R-SQUARE

    Observed                                        Two-Tailed
    Variable        Estimate       S.E.  Est./S.E.    P-Value

    C1_1               0.662      0.059     11.218      0.000
    C1_2               0.377      0.040      9.323      0.000
    C1_3               0.131      0.029      4.427      0.000
    C1_4               0.028      0.014      1.954      0.051
    C1_5               0.199      0.035      5.687      0.000


QUALITY OF NUMERICAL RESULTS

     Condition Number for the Information Matrix              0.160E-01
       (ratio of smallest to largest eigenvalue)


MODEL MODIFICATION INDICES

NOTE:  Modification indices for direct effects of observed dependent variables
regressed on covariates may not be included.  To include these, request
MODINDICES (ALL).

Minimum M.I. value for printing the modification index     4.000

                            M.I.     E.P.C.  Std E.P.C.  StdYX E.P.C.

WITH Statements

C1_2     WITH C1_1         48.929     0.698      0.698        1.467
C1_3     WITH C1_1          7.756    -0.144     -0.144       -0.236
C1_4     WITH C1_2         18.340    -0.149     -0.149       -0.183
C1_4     WITH C1_3          5.242     0.092      0.092        0.088
C1_5     WITH C1_1          8.843    -0.197     -0.197       -0.326
C1_5     WITH C1_2          4.345    -0.101     -0.101       -0.124
C1_5     WITH C1_3         25.566     0.217      0.217        0.209
C1_5     WITH C1_4         17.114     0.168      0.168        0.162


     Beginning Time:  12:37:20
        Ending Time:  12:37:20
       Elapsed Time:  00:00:00



MUTHEN & MUTHEN
3463 Stoner Ave.
Los Angeles, CA  90066

Tel: (310) 391-9971
Fax: (310) 391-8971
Web: www.StatModel.com
Support: Support@StatModel.com

Copyright (c) 1998-2008 Muthen & Muthen
