Mplus VERSION 7.1
MUTHEN & MUTHEN
06/10/2015   3:19 PM

INPUT INSTRUCTIONS

  TITLE:

  DATA:
  FILE IS  "IQIPIP_ohne_Leervaribalen_ohne notes.txt";
  Variable:
  Names are
  PCODE
  SEX
  AGE
  AGEMON
  EDLEV
  KBZ
  FORM
  VERSION
  SERIAL
  SOURCE
  AWCODE
  DATE
  TIME1
  TIME2
  IDNO
  DEVICE
  CANCEL
  MERGE
  N1
  N2
  N3
  N4
  N5
  N6
  N7
  E1
  E2
  E3
  E4
  E5
  E6
  E7
  E8
  E9
  O1
  O2
  O3
  O4
  O5
  O6
  O7
  O8
  O9
  A1
  A2
  A3
  A4
  A5
  A6
  A7
  A8
  C1
  C2
  C3
  C4
  C5
  C6
  C7
  C8
  C9
  A
  N
  E
  O
  C
  N1_1
  E1_1
  O1_1
  A1_1
  C1_1
  N1_2
  E1_2
  O1_2
  A1_2
  C1_2
  N1_3
  E1_3
  O1_3
  A1_3
  C1_3
  N1_4
  E1_4
  O1_4
  A1_4
  C1_4
  N1_5
  E1_5
  O1_5
  A1_5
  C1_5
  N2_1
  E2_1
  O2_1
  A2_1
  C2_1
  N2_2
  E2_2
  O2_2
  A2_2
  C2_2
  N2_3
  E2_3
  O2_3
  A2_3
  C2_3
  N2_4
  E2_4
  O2_4
  A2_4
  C2_4
  N2_5
  E2_5
  O2_5
  A2_5
  C2_5
  N3_1
  E3_1
  O3_1
  A3_1
  C3_1
  N3_2
  E3_2
  O3_2
  A3_2
  C3_2
  N3_3
  E3_3
  O3_3
  A3_3
  C3_3
  N3_4
  E3_4
  O3_4
  A3_4
  C3_4
  N3_5
  E3_5
  O3_5
  A3_5
  C3_5
  N4_1
  E4_1
  O4_1
  A4_1
  C4_1
  N4_2
  E4_2
  O4_2
  A4_2
  C4_2
  N4_3
  E4_3
  O4_3
  A4_3
  C4_3
  N4_4
  E4_4
  O4_4
  A4_4
  C4_4
  N4_5
  E4_5
  O4_5
  A4_5
  C4_5
  N5_1
  E5_1
  O5_1
  A5_1
  C5_1
  N5_2
  E5_2
  O5_2
  A5_2
  C5_2
  N5_3
  E5_3
  O5_3
  A5_3
  C5_3
  N5_4
  E5_4
  O5_4
  A5_4
  C5_4
  N5_5
  E5_5
  O5_5
  A5_5
  C5_5
  N6_1
  E6_1
  O6_1
  A6_1
  C6_1
  N6_2
  E6_2
  O6_2
  A6_2
  C6_2
  N6_3
  E6_3
  O6_3
  A6_3
  C6_3
  N6_4
  E6_4
  O6_4
  A6_4
  C6_4
  N6_5
  E6_5
  O6_5
  A6_5
  C6_5
  N7_1
  E7_1
  O7_1
  A7_1
  C7_1
  N7_2
  E7_2
  O7_2
  A7_2
  C7_2
  N7_3
  E7_3
  O7_3
  A7_3
  C7_3
  N7_4
  E7_4
  O7_4
  A7_4
  C7_4
  N7_5
  E7_5
  O7_5
  A7_5
  C7_5
  E8_1
  O8_1
  A8_1
  C8_1
  E8_2
  O8_2
  A8_2
  C8_2
  E8_3
  O8_3
  A8_3
  C8_3
  E8_4
  O8_4
  A8_4
  C8_4
  E8_5
  O8_5
  A8_5
  C8_5
  E9_1
  O9_1
  C9_1
  E9_2
  O9_2
  C9_2
  E9_3
  O9_3
  C9_3
  E9_4
  O9_4
  C9_4
  E9_5
  O9_5
  C9_5
  ;

  USEVARIABLES ARE
  C7_1
  C7_2
  C7_3
  C7_4
  C7_5
  ;

  MISSING ARE ALL (-99);
  categorical are all;

  Model:
  Mangsaub BY
  C7_1
  C7_2
  C7_3
  C7_4
  C7_5
  ;

  Savedata:
    file is c7.txt;
    save = fscores;

  Analysis:
  ESTIMATOR IS WLSMV;

  OUTPUT: STDYX MODINDICES(4);



INPUT READING TERMINATED NORMALLY




SUMMARY OF ANALYSIS

Number of groups                                                 1
Number of observations                                         387

Number of dependent variables                                    5
Number of independent variables                                  0
Number of continuous latent variables                            1

Observed dependent variables

  Binary and ordered categorical (ordinal)
   C7_1        C7_2        C7_3        C7_4        C7_5

Continuous latent variables
   MANGSAUB


Estimator                                                    WLSMV
Maximum number of iterations                                  1000
Convergence criterion                                    0.500D-04
Maximum number of steepest descent iterations                   20
Maximum number of iterations for H1                           2000
Convergence criterion for H1                             0.100D-03
Parameterization                                             DELTA

Input data file(s)
  IQIPIP_ohne_Leervaribalen_ohne notes.txt

Input data format  FREE


SUMMARY OF DATA

     Number of missing data patterns             1


COVARIANCE COVERAGE OF DATA

Minimum covariance coverage value   0.100


     PROPORTION OF DATA PRESENT


           Covariance Coverage
              C7_1          C7_2          C7_3          C7_4          C7_5
              ________      ________      ________      ________      ________
 C7_1           1.000
 C7_2           1.000         1.000
 C7_3           1.000         1.000         1.000
 C7_4           1.000         1.000         1.000         1.000
 C7_5           1.000         1.000         1.000         1.000         1.000


UNIVARIATE PROPORTIONS AND COUNTS FOR CATEGORICAL VARIABLES

    C7_1
      Category 1    0.220       85.000
      Category 2    0.248       96.000
      Category 3    0.220       85.000
      Category 4    0.240       93.000
      Category 5    0.072       28.000
    C7_2
      Category 1    0.176       68.000
      Category 2    0.292      113.000
      Category 3    0.230       89.000
      Category 4    0.225       87.000
      Category 5    0.078       30.000
    C7_3
      Category 1    0.375      145.000
      Category 2    0.331      128.000
      Category 3    0.207       80.000
      Category 4    0.067       26.000
      Category 5    0.021        8.000
    C7_4
      Category 1    0.328      127.000
      Category 2    0.354      137.000
      Category 3    0.235       91.000
      Category 4    0.075       29.000
      Category 5    0.008        3.000
    C7_5
      Category 1    0.163       63.000
      Category 2    0.333      129.000
      Category 3    0.323      125.000
      Category 4    0.168       65.000
      Category 5    0.013        5.000



THE MODEL ESTIMATION TERMINATED NORMALLY



MODEL FIT INFORMATION

Number of Free Parameters                       25

Chi-Square Test of Model Fit

          Value                             92.760*
          Degrees of Freedom                     5
          P-Value                           0.0000

*   The chi-square value for MLM, MLMV, MLR, ULSMV, WLSM and WLSMV cannot be used
    for chi-square difference testing in the regular way.  MLM, MLR and WLSM
    chi-square difference testing is described on the Mplus website.  MLMV, WLSMV,
    and ULSMV difference testing is done using the DIFFTEST option.

RMSEA (Root Mean Square Error Of Approximation)

          Estimate                           0.213
          90 Percent C.I.                    0.176  0.252
          Probability RMSEA <= .05           0.000

CFI/TLI

          CFI                                0.954
          TLI                                0.907

Chi-Square Test of Model Fit for the Baseline Model

          Value                           1901.206
          Degrees of Freedom                    10
          P-Value                           0.0000

WRMR (Weighted Root Mean Square Residual)

          Value                              1.232



MODEL RESULTS

                                                    Two-Tailed
                    Estimate       S.E.  Est./S.E.    P-Value

 MANGSAUB BY
    C7_1               1.000      0.000    999.000    999.000
    C7_2               1.224      0.079     15.587      0.000
    C7_3               1.294      0.082     15.709      0.000
    C7_4               1.404      0.086     16.374      0.000
    C7_5               1.233      0.073     16.792      0.000

 Thresholds
    C7_1$1            -0.773      0.071    -10.871      0.000
    C7_1$2            -0.081      0.064     -1.271      0.204
    C7_1$3             0.488      0.067      7.338      0.000
    C7_1$4             1.458      0.096     15.252      0.000
    C7_2$1            -0.932      0.075    -12.448      0.000
    C7_2$2            -0.081      0.064     -1.271      0.204
    C7_2$3             0.518      0.067      7.737      0.000
    C7_2$4             1.422      0.094     15.185      0.000
    C7_3$1            -0.319      0.065     -4.922      0.000
    C7_3$2             0.540      0.067      8.036      0.000
    C7_3$3             1.354      0.090     15.009      0.000
    C7_3$4             2.040      0.145     14.045      0.000
    C7_4$1            -0.445      0.066     -6.737      0.000
    C7_4$2             0.474      0.066      7.138      0.000
    C7_4$3             1.387      0.092     15.103      0.000
    C7_4$4             2.420      0.209     11.575      0.000
    C7_5$1            -0.983      0.076    -12.890      0.000
    C7_5$2            -0.010      0.064     -0.152      0.879
    C7_5$3             0.912      0.074     12.268      0.000
    C7_5$4             2.229      0.172     12.927      0.000

 Variances
    MANGSAUB           0.374      0.043      8.738      0.000


STANDARDIZED MODEL RESULTS


STDYX Standardization

                                                    Two-Tailed
                    Estimate       S.E.  Est./S.E.    P-Value

 MANGSAUB BY
    C7_1               0.611      0.035     17.476      0.000
    C7_2               0.748      0.026     28.366      0.000
    C7_3               0.791      0.026     30.171      0.000
    C7_4               0.858      0.022     39.845      0.000
    C7_5               0.754      0.026     29.018      0.000

 Thresholds
    C7_1$1            -0.773      0.071    -10.871      0.000
    C7_1$2            -0.081      0.064     -1.271      0.204
    C7_1$3             0.488      0.067      7.338      0.000
    C7_1$4             1.458      0.096     15.252      0.000
    C7_2$1            -0.932      0.075    -12.448      0.000
    C7_2$2            -0.081      0.064     -1.271      0.204
    C7_2$3             0.518      0.067      7.737      0.000
    C7_2$4             1.422      0.094     15.185      0.000
    C7_3$1            -0.319      0.065     -4.922      0.000
    C7_3$2             0.540      0.067      8.036      0.000
    C7_3$3             1.354      0.090     15.009      0.000
    C7_3$4             2.040      0.145     14.045      0.000
    C7_4$1            -0.445      0.066     -6.737      0.000
    C7_4$2             0.474      0.066      7.138      0.000
    C7_4$3             1.387      0.092     15.103      0.000
    C7_4$4             2.420      0.209     11.575      0.000
    C7_5$1            -0.983      0.076    -12.890      0.000
    C7_5$2            -0.010      0.064     -0.152      0.879
    C7_5$3             0.912      0.074     12.268      0.000
    C7_5$4             2.229      0.172     12.927      0.000

 Variances
    MANGSAUB           1.000      0.000    999.000    999.000


R-SQUARE

    Observed                                        Two-Tailed   Residual
    Variable        Estimate       S.E.  Est./S.E.    P-Value    Variance

    C7_1               0.374      0.043      8.738      0.000      0.626
    C7_2               0.560      0.039     14.183      0.000      0.440
    C7_3               0.625      0.041     15.086      0.000      0.375
    C7_4               0.737      0.037     19.922      0.000      0.263
    C7_5               0.569      0.039     14.509      0.000      0.431


QUALITY OF NUMERICAL RESULTS

     Condition Number for the Information Matrix              0.153E-02
       (ratio of smallest to largest eigenvalue)


MODEL MODIFICATION INDICES

NOTE:  Modification indices for direct effects of observed dependent variables
regressed on covariates and residual covariances among observed dependent
variables may not be included.  To include these, request MODINDICES (ALL).

Minimum M.I. value for printing the modification index     4.000

                                   M.I.     E.P.C.  Std E.P.C.  StdYX E.P.C.

No modification indices above the minimum value.



SAMPLE STATISTICS FOR ESTIMATED FACTOR SCORES


     SAMPLE STATISTICS


           Means
              MANGSAUB
              ________
 1              0.005


           Covariances
              MANGSAUB
              ________
 MANGSAUB       0.303


           Correlations
              MANGSAUB
              ________
 MANGSAUB       1.000


SAVEDATA INFORMATION


  Save file
    c7.txt

  Order and format of variables

    C7_1           F10.3
    C7_2           F10.3
    C7_3           F10.3
    C7_4           F10.3
    C7_5           F10.3
    MANGSAUB       F10.3

  Save file format
    6F10.3

  Save file record length    10000


DIAGRAM INFORMATION

  Use View Diagram under the Diagram menu in the Mplus Editor to view the diagram.
  If running Mplus from the Mplus Diagrammer, the diagram opens automatically.

  Diagram output
    f:\ipip paper\sample_deutsch\cfa\gewissenhaftigkeit\cfa c7 mangel an sauberkeit_ordnung.dgm

     Beginning Time:  15:19:51
        Ending Time:  15:19:52
       Elapsed Time:  00:00:01



MUTHEN & MUTHEN
3463 Stoner Ave.
Los Angeles, CA  90066

Tel: (310) 391-9971
Fax: (310) 391-8971
Web: www.StatModel.com
Support: Support@StatModel.com

Copyright (c) 1998-2013 Muthen & Muthen
