Mplus VERSION 5.2
MUTHEN & MUTHEN
06/26/2012  12:06 PM

INPUT INSTRUCTIONS

  TITLE: Beispiel N1 Analysis

  DATA:
   FILE IS  "ITS_TQIPIP.txt";

  VARIABLE:
   NAMES ARE
  id
  sex
  age
  A1_1
  A1_2
  A1_3
  A1_4
  A1_5
  A2_1
  A2_2
  A2_3
  A2_4
  A2_5
  A3_1
  A3_2
  A3_3
  A3_4
  A3_5
  A4_1
  A4_2
  A4_3
  A4_4
  A4_5
  A5_1
  A5_2
  A5_3
  A5_4
  A5_5
  A6_1
  A6_2
  A6_3
  A6_4
  A6_5
  A7_1
  A7_2
  A7_3
  A7_4
  A7_5
  A8_1
  A8_2
  A8_3
  A8_4
  A8_5
  C1_1
  C1_2
  C1_3
  C1_4
  C1_5
  C2_1
  C2_2
  C2_3
  C2_4
  C2_5
  C3_1
  C3_2
  C3_3
  C3_4
  C3_5
  C4_1
  C4_2
  C4_3
  C4_4
  C4_5
  C5_1
  C5_2
  C5_3
  C5_4
  C5_5
  C6_1
  C6_2
  C6_3
  C6_4
  C6_5
  C7_1
  C7_2
  C7_3
  C7_4
  C7_5
  C8_1
  C8_2
  C8_3
  C8_4
  C8_5
  C9_1
  C9_2
  C9_3
  C9_4
  C9_5
  E1_1
  E1_2
  E1_3
  E1_4
  E1_5
  E2_1
  E2_2
  E2_3
  E2_4
  E2_5
  E3_1
  E3_2
  E3_3
  E3_4
  E3_5
  E4_1
  E4_2
  E4_3
  E4_4
  E4_5
  E5_1
  E5_2
  E5_3
  E5_4
  E5_5
  E6_1
  E6_2
  E6_3
  E6_4
  E6_5
  E7_1
  E7_2
  E7_3
  E7_4
  E7_5
  E8_1
  E8_2
  E8_3
  E8_4
  E8_5
  E9_1
  E9_2
  E9_3
  N1_1
  N1_2
  N1_3
  N1_4
  N1_5
  N2_1
  N2_2
  N2_3
  N2_4
  N2_5
  N3_1
  N3_2
  N3_3
  N3_4
  N3_5
  N4_1
  N4_2
  N4_3
  N4_4
  N4_5
  N5_1
  N5_2
  N5_3
  N5_4
  N5_5
  N6_1
  N6_2
  N6_3
  N6_4
  N6_5
  N7_1
  N7_2
  N7_3
  O1_1
  O1_2
  O1_3
  O1_4
  O1_5
  O2_1
  O2_2
  O2_3
  O2_4
  O2_5
  O3_1
  O3_2
  O3_3
  O3_4
  O3_5
  O4_1
  O4_2
  O4_3
  O4_4
  O4_5
  O5_1
  O5_2
  O5_3
  O5_4
  O5_5
  O6_1
  O6_2
  O6_3
  O6_4
  O6_5
  O7_1
  O7_2
  O7_3
  O7_4
  O7_5
  O8_1
  O8_2
  O8_3
  O8_4
  O9_1
  O9_2
  O9_4
  dataset;

   USEVARIABLES ARE
  A6_1
  A6_2
  A6_3
  A6_4
  A6_5;

  USEOBSERVATIONS ARE (Dataset eq 0);

  MISSING ARE ALL (-99);

  MODEL:

  A6 by
  A6_1
  A6_2
  A6_3
  A6_4
  A6_5;

  ANALYSIS:
   ESTIMATOR IS ML;
   Iterations are 10000;

   OUTPUT: STDYX MODINDICES(4);



INPUT READING TERMINATED NORMALLY



Beispiel N1 Analysis

SUMMARY OF ANALYSIS

Number of groups                                                 1
Number of observations                                         387

Number of dependent variables                                    5
Number of independent variables                                  0
Number of continuous latent variables                            1

Observed dependent variables

  Continuous
   A6_1        A6_2        A6_3        A6_4        A6_5

Continuous latent variables
   A6


Estimator                                                       ML
Information matrix                                        OBSERVED
Maximum number of iterations                                 10000
Convergence criterion                                    0.500D-04
Maximum number of steepest descent iterations                   20
Maximum number of iterations for H1                           2000
Convergence criterion for H1                             0.100D-03

Input data file(s)
  ITS_TQIPIP.txt

Input data format  FREE


SUMMARY OF DATA

     Number of missing data patterns             1


COVARIANCE COVERAGE OF DATA

Minimum covariance coverage value   0.100


     PROPORTION OF DATA PRESENT


           Covariance Coverage
              A6_1          A6_2          A6_3          A6_4          A6_5
              ________      ________      ________      ________      ________
 A6_1           1.000
 A6_2           1.000         1.000
 A6_3           1.000         1.000         1.000
 A6_4           1.000         1.000         1.000         1.000
 A6_5           1.000         1.000         1.000         1.000         1.000



THE MODEL ESTIMATION TERMINATED NORMALLY



TESTS OF MODEL FIT

Chi-Square Test of Model Fit

          Value                             11.417
          Degrees of Freedom                     5
          P-Value                           0.0437

Chi-Square Test of Model Fit for the Baseline Model

          Value                            391.664
          Degrees of Freedom                    10
          P-Value                           0.0000

CFI/TLI

          CFI                                0.983
          TLI                                0.966

Loglikelihood

          H0 Value                       -2313.024
          H1 Value                       -2307.315

Information Criteria

          Number of Free Parameters             15
          Akaike (AIC)                    4656.047
          Bayesian (BIC)                  4715.424
          Sample-Size Adjusted BIC        4667.830
            (n* = (n + 2) / 24)

RMSEA (Root Mean Square Error Of Approximation)

          Estimate                           0.058
          90 Percent C.I.                    0.009  0.102
          Probability RMSEA <= .05           0.330

SRMR (Standardized Root Mean Square Residual)

          Value                              0.028



MODEL RESULTS

                                                    Two-Tailed
                    Estimate       S.E.  Est./S.E.    P-Value

 A6       BY
    A6_1               1.000      0.000    999.000    999.000
    A6_2               1.088      0.091     11.926      0.000
    A6_3               0.798      0.071     11.212      0.000
    A6_4               0.404      0.073      5.547      0.000
    A6_5              -0.162      0.074     -2.192      0.028

 Intercepts
    A6_1               2.974      0.047     63.006      0.000
    A6_2               3.279      0.045     73.039      0.000
    A6_3               3.341      0.043     78.547      0.000
    A6_4               3.488      0.045     77.594      0.000
    A6_5               2.292      0.045     51.211      0.000

 Variances
    A6                 0.467      0.064      7.321      0.000

 Residual Variances
    A6_1               0.396      0.043      9.222      0.000
    A6_2               0.227      0.041      5.566      0.000
    A6_3               0.403      0.036     11.303      0.000
    A6_4               0.706      0.052     13.549      0.000
    A6_5               0.763      0.055     13.857      0.000


STANDARDIZED MODEL RESULTS


STDYX Standardization

                                                    Two-Tailed
                    Estimate       S.E.  Est./S.E.    P-Value

 A6       BY
    A6_1               0.736      0.034     21.381      0.000
    A6_2               0.842      0.032     26.179      0.000
    A6_3               0.651      0.037     17.553      0.000
    A6_4               0.312      0.052      6.009      0.000
    A6_5              -0.125      0.056     -2.246      0.025

 Intercepts
    A6_1               3.203      0.126     25.451      0.000
    A6_2               3.713      0.143     25.999      0.000
    A6_3               3.993      0.152     26.224      0.000
    A6_4               3.944      0.151     26.188      0.000
    A6_5               2.603      0.106     24.446      0.000

 Variances
    A6                 1.000      0.000    999.000    999.000

 Residual Variances
    A6_1               0.459      0.051      9.059      0.000
    A6_2               0.292      0.054      5.389      0.000
    A6_3               0.576      0.048     11.916      0.000
    A6_4               0.903      0.032     27.906      0.000
    A6_5               0.984      0.014     70.331      0.000


R-SQUARE

    Observed                                        Two-Tailed
    Variable        Estimate       S.E.  Est./S.E.    P-Value

    A6_1               0.541      0.051     10.691      0.000
    A6_2               0.708      0.054     13.090      0.000
    A6_3               0.424      0.048      8.777      0.000
    A6_4               0.097      0.032      3.005      0.003
    A6_5               0.016      0.014      1.123      0.262


QUALITY OF NUMERICAL RESULTS

     Condition Number for the Information Matrix              0.199E-01
       (ratio of smallest to largest eigenvalue)


MODEL MODIFICATION INDICES

NOTE:  Modification indices for direct effects of observed dependent variables
regressed on covariates may not be included.  To include these, request
MODINDICES (ALL).

Minimum M.I. value for printing the modification index     4.000

                            M.I.     E.P.C.  Std E.P.C.  StdYX E.P.C.

WITH Statements

A6_5     WITH A6_1          6.311     0.082      0.082        0.150


     Beginning Time:  12:06:08
        Ending Time:  12:06:09
       Elapsed Time:  00:00:01



MUTHEN & MUTHEN
3463 Stoner Ave.
Los Angeles, CA  90066

Tel: (310) 391-9971
Fax: (310) 391-8971
Web: www.StatModel.com
Support: Support@StatModel.com

Copyright (c) 1998-2008 Muthen & Muthen
