Mplus VERSION 7.1
MUTHEN & MUTHEN
06/18/2015   4:42 PM

INPUT INSTRUCTIONS


  DATA:
   FILE IS  "ITS_TQIPIP.txt";

  VARIABLE:
   NAMES ARE
  id
  sex
  age
  A1_1
  A1_2
  A1_3
  A1_4
  A1_5
  A2_1
  A2_2
  A2_3
  A2_4
  A2_5
  A3_1
  A3_2
  A3_3
  A3_4
  A3_5
  A4_1
  A4_2
  A4_3
  A4_4
  A4_5
  A5_1
  A5_2
  A5_3
  A5_4
  A5_5
  A6_1
  A6_2
  A6_3
  A6_4
  A6_5
  A7_1
  A7_2
  A7_3
  A7_4
  A7_5
  A8_1
  A8_2
  A8_3
  A8_4
  A8_5
  C1_1
  C1_2
  C1_3
  C1_4
  C1_5
  C2_1
  C2_2
  C2_3
  C2_4
  C2_5
  C3_1
  C3_2
  C3_3
  C3_4
  C3_5
  C4_1
  C4_2
  C4_3
  C4_4
  C4_5
  C5_1
  C5_2
  C5_3
  C5_4
  C5_5
  C6_1
  C6_2
  C6_3
  C6_4
  C6_5
  C7_1
  C7_2
  C7_3
  C7_4
  C7_5
  C8_1
  C8_2
  C8_3
  C8_4
  C8_5
  C9_1
  C9_2
  C9_3
  C9_4
  C9_5
  E1_1
  E1_2
  E1_3
  E1_4
  E1_5
  E2_1
  E2_2
  E2_3
  E2_4
  E2_5
  E3_1
  E3_2
  E3_3
  E3_4
  E3_5
  E4_1
  E4_2
  E4_3
  E4_4
  E4_5
  E5_1
  E5_2
  E5_3
  E5_4
  E5_5
  E6_1
  E6_2
  E6_3
  E6_4
  E6_5
  E7_1
  E7_2
  E7_3
  E7_4
  E7_5
  E8_1
  E8_2
  E8_3
  E8_4
  E8_5
  E9_1
  E9_2
  E9_3
  N1_1
  N1_2
  N1_3
  N1_4
  N1_5
  N2_1
  N2_2
  N2_3
  N2_4
  N2_5
  N3_1
  N3_2
  N3_3
  N3_4
  N3_5
  N4_1
  N4_2
  N4_3
  N4_4
  N4_5
  N5_1
  N5_2
  N5_3
  N5_4
  N5_5
  N6_1
  N6_2
  N6_3
  N6_4
  N6_5
  N7_1
  N7_2
  N7_3
  O1_1
  O1_2
  O1_3
  O1_4
  O1_5
  O2_1
  O2_2
  O2_3
  O2_4
  O2_5
  O3_1
  O3_2
  O3_3
  O3_4
  O3_5
  O4_1
  O4_2
  O4_3
  O4_4
  O4_5
  O5_1
  O5_2
  O5_3
  O5_4
  O5_5
  O6_1
  O6_2
  O6_3
  O6_4
  O6_5
  O7_1
  O7_2
  O7_3
  O7_4
  O7_5
  O8_1
  O8_2
  O8_3
  O8_4
  O9_1
  O9_2
  O9_4
  dataset;


   USEVARIABLES ARE
  C7_1
  C7_2
  C7_3
  C7_4
  C7_5
  ;

  Grouping is Dataset (0 = German 1 = US);

  MISSING ARE ALL (-99);

  MODEL:

  C7 by  C7_1
  C7_2
  C7_3
  C7_4
  C7_5;
  [C7@0];

  Model German:
  ;

  Model US:
  ;



  [C7_1
  C7_2
  C7_3
  C7_4
  C7_5];

  ANALYSIS:
   ESTIMATOR IS ML;
   Iterations are 10000;

   OUTPUT: STDYX MODINDICES(4);



INPUT READING TERMINATED NORMALLY




SUMMARY OF ANALYSIS

Number of groups                                                 2
Number of observations
   Group GERMAN                                                387
   Group US                                                    722
   Total sample size                                          1109

Number of dependent variables                                    5
Number of independent variables                                  0
Number of continuous latent variables                            1

Observed dependent variables

  Continuous
   C7_1        C7_2        C7_3        C7_4        C7_5

Continuous latent variables
   C7

Variables with special functions

  Grouping variable     DATASET

Estimator                                                       ML
Information matrix                                        OBSERVED
Maximum number of iterations                                 10000
Convergence criterion                                    0.500D-04
Maximum number of steepest descent iterations                   20
Maximum number of iterations for H1                           2000
Convergence criterion for H1                             0.100D-03

Input data file(s)
  ITS_TQIPIP.txt

Input data format  FREE


SUMMARY OF DATA

   Group GERMAN
     Number of missing data patterns             1

   Group US
     Number of missing data patterns             1


COVARIANCE COVERAGE OF DATA

Minimum covariance coverage value   0.100


     PROPORTION OF DATA PRESENT FOR GERMAN


           Covariance Coverage
              C7_1          C7_2          C7_3          C7_4          C7_5
              ________      ________      ________      ________      ________
 C7_1           1.000
 C7_2           1.000         1.000
 C7_3           1.000         1.000         1.000
 C7_4           1.000         1.000         1.000         1.000
 C7_5           1.000         1.000         1.000         1.000         1.000


     PROPORTION OF DATA PRESENT FOR US


           Covariance Coverage
              C7_1          C7_2          C7_3          C7_4          C7_5
              ________      ________      ________      ________      ________
 C7_1           1.000
 C7_2           1.000         1.000
 C7_3           1.000         1.000         1.000
 C7_4           1.000         1.000         1.000         1.000
 C7_5           1.000         1.000         1.000         1.000         1.000



THE MODEL ESTIMATION TERMINATED NORMALLY



MODEL FIT INFORMATION

Number of Free Parameters                       26

Loglikelihood

          H0 Value                       -7521.550
          H1 Value                       -7455.019

Information Criteria

          Akaike (AIC)                   15095.100
          Bayesian (BIC)                 15225.391
          Sample-Size Adjusted BIC       15142.809
            (n* = (n + 2) / 24)

Chi-Square Test of Model Fit

          Value                            133.061
          Degrees of Freedom                    14
          P-Value                           0.0000

Chi-Square Contribution From Each Group

          GERMAN                            88.685
          US                                44.376

RMSEA (Root Mean Square Error Of Approximation)

          Estimate                           0.124
          90 Percent C.I.                    0.105  0.143
          Probability RMSEA <= .05           0.000

CFI/TLI

          CFI                                0.935
          TLI                                0.907

Chi-Square Test of Model Fit for the Baseline Model

          Value                           1858.347
          Degrees of Freedom                    20
          P-Value                           0.0000

SRMR (Standardized Root Mean Square Residual)

          Value                              0.058



MODEL RESULTS

                                                    Two-Tailed
                    Estimate       S.E.  Est./S.E.    P-Value

Group GERMAN

 C7       BY
    C7_1               1.000      0.000    999.000    999.000
    C7_2               1.161      0.067     17.268      0.000
    C7_3               1.177      0.070     16.809      0.000
    C7_4               1.029      0.061     16.832      0.000
    C7_5               0.906      0.055     16.343      0.000

 Means
    C7                 0.000      0.000    999.000    999.000

 Intercepts
    C7_1               2.698      0.065     41.383      0.000
    C7_2               2.736      0.061     44.803      0.000
    C7_3               2.028      0.055     37.133      0.000
    C7_4               2.080      0.047     43.843      0.000
    C7_5               2.535      0.049     52.138      0.000

 Variances
    C7                 0.506      0.064      7.860      0.000

 Residual Variances
    C7_1               1.138      0.090     12.691      0.000
    C7_2               0.762      0.066     11.557      0.000
    C7_3               0.454      0.044     10.220      0.000
    C7_4               0.335      0.034      9.738      0.000
    C7_5               0.499      0.043     11.662      0.000

Group US

 C7       BY
    C7_1               1.000      0.000    999.000    999.000
    C7_2               1.161      0.067     17.268      0.000
    C7_3               1.177      0.070     16.809      0.000
    C7_4               1.029      0.061     16.832      0.000
    C7_5               0.906      0.055     16.343      0.000

 Means
    C7                 0.000      0.000    999.000    999.000

 Intercepts
    C7_1               2.816      0.045     61.969      0.000
    C7_2               2.691      0.044     61.571      0.000
    C7_3               2.566      0.042     61.007      0.000
    C7_4               2.348      0.038     61.403      0.000
    C7_5               2.371      0.037     63.476      0.000

 Variances
    C7                 0.520      0.058      8.979      0.000

 Residual Variances
    C7_1               0.971      0.058     16.680      0.000
    C7_2               0.679      0.046     14.827      0.000
    C7_3               0.558      0.041     13.486      0.000
    C7_4               0.505      0.034     14.827      0.000
    C7_5               0.581      0.036     16.259      0.000


STANDARDIZED MODEL RESULTS


STDYX Standardization

                                                    Two-Tailed
                    Estimate       S.E.  Est./S.E.    P-Value

Group GERMAN

 C7       BY
    C7_1               0.555      0.029     18.819      0.000
    C7_2               0.687      0.027     25.617      0.000
    C7_3               0.779      0.022     35.594      0.000
    C7_4               0.785      0.024     32.064      0.000
    C7_5               0.674      0.029     23.519      0.000

 Means
    C7                 0.000      0.000    999.000    999.000

 Intercepts
    C7_1               2.104      0.085     24.631      0.000
    C7_2               2.277      0.089     25.666      0.000
    C7_3               1.888      0.083     22.801      0.000
    C7_4               2.229      0.089     25.067      0.000
    C7_5               2.650      0.097     27.237      0.000

 Variances
    C7                 1.000      0.000    999.000    999.000

 Residual Variances
    C7_1               0.692      0.033     21.165      0.000
    C7_2               0.527      0.037     14.298      0.000
    C7_3               0.393      0.034     11.535      0.000
    C7_4               0.384      0.038     10.015      0.000
    C7_5               0.546      0.039     14.139      0.000

Group US

 C7       BY
    C7_1               0.590      0.026     22.496      0.000
    C7_2               0.713      0.022     33.084      0.000
    C7_3               0.750      0.021     35.293      0.000
    C7_4               0.722      0.020     35.805      0.000
    C7_5               0.651      0.022     28.923      0.000

 Means
    C7                 0.000      0.000    999.000    999.000

 Intercepts
    C7_1               2.306      0.068     33.919      0.000
    C7_2               2.291      0.069     33.449      0.000
    C7_3               2.270      0.067     33.963      0.000
    C7_4               2.285      0.069     33.252      0.000
    C7_5               2.362      0.070     33.535      0.000

 Variances
    C7                 1.000      0.000    999.000    999.000

 Residual Variances
    C7_1               0.651      0.031     21.013      0.000
    C7_2               0.492      0.031     16.030      0.000
    C7_3               0.437      0.032     13.692      0.000
    C7_4               0.478      0.029     16.414      0.000
    C7_5               0.577      0.029     19.698      0.000


R-SQUARE

Group GERMAN

    Observed                                        Two-Tailed
    Variable        Estimate       S.E.  Est./S.E.    P-Value

    C7_1               0.308      0.033      9.410      0.000
    C7_2               0.473      0.037     12.809      0.000
    C7_3               0.607      0.034     17.797      0.000
    C7_4               0.616      0.038     16.032      0.000
    C7_5               0.454      0.039     11.759      0.000

Group US

    Observed                                        Two-Tailed
    Variable        Estimate       S.E.  Est./S.E.    P-Value

    C7_1               0.349      0.031     11.248      0.000
    C7_2               0.508      0.031     16.542      0.000
    C7_3               0.563      0.032     17.646      0.000
    C7_4               0.522      0.029     17.903      0.000
    C7_5               0.423      0.029     14.462      0.000


QUALITY OF NUMERICAL RESULTS

     Condition Number for the Information Matrix              0.276E-01
       (ratio of smallest to largest eigenvalue)


MODEL MODIFICATION INDICES

NOTE:  Modification indices for direct effects of observed dependent variables
regressed on covariates may not be included.  To include these, request
MODINDICES (ALL).

Minimum M.I. value for printing the modification index     4.000

                                   M.I.     E.P.C.  Std E.P.C.  StdYX E.P.C.
Group GERMAN


BY Statements

C7       BY C7_3                  14.196    -0.205     -0.146       -0.136
C7       BY C7_4                   5.716     0.110      0.079        0.084
C7       BY C7_5                   6.178     0.124      0.088        0.092

WITH Statements

C7_2     WITH C7_1                39.294     0.344      0.344        0.370
C7_3     WITH C7_1                33.966    -0.273     -0.273       -0.379
C7_3     WITH C7_2                10.601    -0.140     -0.140       -0.239
C7_4     WITH C7_1                10.028    -0.128     -0.128       -0.208
C7_4     WITH C7_3                13.205     0.126      0.126        0.324
C7_5     WITH C7_1                10.880     0.146      0.146        0.193

Group US


BY Statements

C7       BY C7_3                  14.194     0.123      0.088        0.078
C7       BY C7_4                   5.717    -0.074     -0.053       -0.052
C7       BY C7_5                   6.178    -0.074     -0.053       -0.053

WITH Statements

C7_2     WITH C7_1                13.571     0.141      0.141        0.173
C7_3     WITH C7_1                 7.179    -0.098     -0.098       -0.133
C7_3     WITH C7_2                 6.271     0.089      0.089        0.145
C7_4     WITH C7_2                16.251    -0.129     -0.129       -0.220
C7_4     WITH C7_3                13.406     0.115      0.115        0.216
C7_5     WITH C7_1                 4.705     0.072      0.072        0.096



DIAGRAM INFORMATION

  Use View Diagram under the Diagram menu in the Mplus Editor to view the diagram.
  If running Mplus from the Mplus Diagrammer, the diagram opens automatically.

  Diagram output
    f:\ipip paper\messinvarianz\c\c7\c7 faktorielle invarianz.dgm

     Beginning Time:  16:42:04
        Ending Time:  16:42:05
       Elapsed Time:  00:00:01



MUTHEN & MUTHEN
3463 Stoner Ave.
Los Angeles, CA  90066

Tel: (310) 391-9971
Fax: (310) 391-8971
Web: www.StatModel.com
Support: Support@StatModel.com

Copyright (c) 1998-2013 Muthen & Muthen
