Mplus VERSION 7.1
MUTHEN & MUTHEN
06/18/2015   4:41 PM

INPUT INSTRUCTIONS


  DATA:
   FILE IS  "ITS_TQIPIP.txt";

  VARIABLE:
   NAMES ARE
  id
  sex
  age
  A1_1
  A1_2
  A1_3
  A1_4
  A1_5
  A2_1
  A2_2
  A2_3
  A2_4
  A2_5
  A3_1
  A3_2
  A3_3
  A3_4
  A3_5
  A4_1
  A4_2
  A4_3
  A4_4
  A4_5
  A5_1
  A5_2
  A5_3
  A5_4
  A5_5
  A6_1
  A6_2
  A6_3
  A6_4
  A6_5
  A7_1
  A7_2
  A7_3
  A7_4
  A7_5
  A8_1
  A8_2
  A8_3
  A8_4
  A8_5
  C1_1
  C1_2
  C1_3
  C1_4
  C1_5
  C2_1
  C2_2
  C2_3
  C2_4
  C2_5
  C3_1
  C3_2
  C3_3
  C3_4
  C3_5
  C4_1
  C4_2
  C4_3
  C4_4
  C4_5
  C5_1
  C5_2
  C5_3
  C5_4
  C5_5
  C6_1
  C6_2
  C6_3
  C6_4
  C6_5
  C7_1
  C7_2
  C7_3
  C7_4
  C7_5
  C8_1
  C8_2
  C8_3
  C8_4
  C8_5
  C9_1
  C9_2
  C9_3
  C9_4
  C9_5
  E1_1
  E1_2
  E1_3
  E1_4
  E1_5
  E2_1
  E2_2
  E2_3
  E2_4
  E2_5
  E3_1
  E3_2
  E3_3
  E3_4
  E3_5
  E4_1
  E4_2
  E4_3
  E4_4
  E4_5
  E5_1
  E5_2
  E5_3
  E5_4
  E5_5
  E6_1
  E6_2
  E6_3
  E6_4
  E6_5
  E7_1
  E7_2
  E7_3
  E7_4
  E7_5
  E8_1
  E8_2
  E8_3
  E8_4
  E8_5
  E9_1
  E9_2
  E9_3
  N1_1
  N1_2
  N1_3
  N1_4
  N1_5
  N2_1
  N2_2
  N2_3
  N2_4
  N2_5
  N3_1
  N3_2
  N3_3
  N3_4
  N3_5
  N4_1
  N4_2
  N4_3
  N4_4
  N4_5
  N5_1
  N5_2
  N5_3
  N5_4
  N5_5
  N6_1
  N6_2
  N6_3
  N6_4
  N6_5
  N7_1
  N7_2
  N7_3
  O1_1
  O1_2
  O1_3
  O1_4
  O1_5
  O2_1
  O2_2
  O2_3
  O2_4
  O2_5
  O3_1
  O3_2
  O3_3
  O3_4
  O3_5
  O4_1
  O4_2
  O4_3
  O4_4
  O4_5
  O5_1
  O5_2
  O5_3
  O5_4
  O5_5
  O6_1
  O6_2
  O6_3
  O6_4
  O6_5
  O7_1
  O7_2
  O7_3
  O7_4
  O7_5
  O8_1
  O8_2
  O8_3
  O8_4
  O9_1
  O9_2
  O9_4
  dataset;

   USEVARIABLES ARE
  C7_1
  C7_2
  C7_3
  C7_4
  C7_5;

  Grouping is Dataset (0 = German 1 = US);

  MISSING ARE ALL (-99);

  MODEL:

  C7 by C7_1
  C7_2
  C7_3
  C7_4
  C7_5;
  [C7@0];

  Model German:
  ;

  Model US:
  ;

  C7 by
  C7_2
  C7_3
  C7_4
  C7_5;

  [C7_1
  C7_2
  C7_3
  C7_4
  C7_5];

  ANALYSIS:
   ESTIMATOR IS ML;
   Iterations are 10000;

   OUTPUT: STDYX MODINDICES(4);



INPUT READING TERMINATED NORMALLY




SUMMARY OF ANALYSIS

Number of groups                                                 2
Number of observations
   Group GERMAN                                                387
   Group US                                                    722
   Total sample size                                          1109

Number of dependent variables                                    5
Number of independent variables                                  0
Number of continuous latent variables                            1

Observed dependent variables

  Continuous
   C7_1        C7_2        C7_3        C7_4        C7_5

Continuous latent variables
   C7

Variables with special functions

  Grouping variable     DATASET

Estimator                                                       ML
Information matrix                                        OBSERVED
Maximum number of iterations                                 10000
Convergence criterion                                    0.500D-04
Maximum number of steepest descent iterations                   20
Maximum number of iterations for H1                           2000
Convergence criterion for H1                             0.100D-03

Input data file(s)
  ITS_TQIPIP.txt

Input data format  FREE


SUMMARY OF DATA

   Group GERMAN
     Number of missing data patterns             1

   Group US
     Number of missing data patterns             1


COVARIANCE COVERAGE OF DATA

Minimum covariance coverage value   0.100


     PROPORTION OF DATA PRESENT FOR GERMAN


           Covariance Coverage
              C7_1          C7_2          C7_3          C7_4          C7_5
              ________      ________      ________      ________      ________
 C7_1           1.000
 C7_2           1.000         1.000
 C7_3           1.000         1.000         1.000
 C7_4           1.000         1.000         1.000         1.000
 C7_5           1.000         1.000         1.000         1.000         1.000


     PROPORTION OF DATA PRESENT FOR US


           Covariance Coverage
              C7_1          C7_2          C7_3          C7_4          C7_5
              ________      ________      ________      ________      ________
 C7_1           1.000
 C7_2           1.000         1.000
 C7_3           1.000         1.000         1.000
 C7_4           1.000         1.000         1.000         1.000
 C7_5           1.000         1.000         1.000         1.000         1.000



THE MODEL ESTIMATION TERMINATED NORMALLY



MODEL FIT INFORMATION

Number of Free Parameters                       30

Loglikelihood

          H0 Value                       -7511.508
          H1 Value                       -7455.019

Information Criteria

          Akaike (AIC)                   15083.017
          Bayesian (BIC)                 15233.353
          Sample-Size Adjusted BIC       15138.066
            (n* = (n + 2) / 24)

Chi-Square Test of Model Fit

          Value                            112.979
          Degrees of Freedom                    10
          P-Value                           0.0000

Chi-Square Contribution From Each Group

          GERMAN                            76.971
          US                                36.008

RMSEA (Root Mean Square Error Of Approximation)

          Estimate                           0.136
          90 Percent C.I.                    0.114  0.159
          Probability RMSEA <= .05           0.000

CFI/TLI

          CFI                                0.944
          TLI                                0.888

Chi-Square Test of Model Fit for the Baseline Model

          Value                           1858.347
          Degrees of Freedom                    20
          P-Value                           0.0000

SRMR (Standardized Root Mean Square Residual)

          Value                              0.039



MODEL RESULTS

                                                    Two-Tailed
                    Estimate       S.E.  Est./S.E.    P-Value

Group GERMAN

 C7       BY
    C7_1               1.000      0.000    999.000    999.000
    C7_2               1.281      0.137      9.344      0.000
    C7_3               1.151      0.130      8.838      0.000
    C7_4               1.201      0.130      9.221      0.000
    C7_5               1.093      0.117      9.315      0.000

 Means
    C7                 0.000      0.000    999.000    999.000

 Intercepts
    C7_1               2.698      0.064     42.423      0.000
    C7_2               2.736      0.061     44.548      0.000
    C7_3               2.028      0.052     39.216      0.000
    C7_4               2.080      0.049     42.514      0.000
    C7_5               2.535      0.051     50.174      0.000

 Variances
    C7                 0.424      0.086      4.950      0.000

 Residual Variances
    C7_1               1.141      0.090     12.645      0.000
    C7_2               0.764      0.068     11.269      0.000
    C7_3               0.474      0.044     10.655      0.000
    C7_4               0.314      0.037      8.574      0.000
    C7_5               0.481      0.044     10.942      0.000

Group US

 C7       BY
    C7_1               1.000      0.000    999.000    999.000
    C7_2               1.118      0.077     14.522      0.000
    C7_3               1.227      0.085     14.475      0.000
    C7_4               0.941      0.068     13.801      0.000
    C7_5               0.811      0.062     13.087      0.000

 Means
    C7                 0.000      0.000    999.000    999.000

 Intercepts
    C7_1               2.816      0.046     61.228      0.000
    C7_2               2.691      0.044     61.749      0.000
    C7_3               2.566      0.043     59.213      0.000
    C7_4               2.348      0.037     62.746      0.000
    C7_5               2.371      0.037     64.962      0.000

 Variances
    C7                 0.557      0.069      8.105      0.000

 Residual Variances
    C7_1               0.970      0.059     16.449      0.000
    C7_2               0.675      0.046     14.617      0.000
    C7_3               0.518      0.042     12.237      0.000
    C7_4               0.518      0.034     15.019      0.000
    C7_5               0.596      0.036     16.420      0.000


STANDARDIZED MODEL RESULTS


STDYX Standardization

                                                    Two-Tailed
                    Estimate       S.E.  Est./S.E.    P-Value

Group GERMAN

 C7       BY
    C7_1               0.521      0.044     11.928      0.000
    C7_2               0.691      0.033     20.877      0.000
    C7_3               0.736      0.030     24.653      0.000
    C7_4               0.813      0.026     31.505      0.000
    C7_5               0.717      0.031     22.910      0.000

 Means
    C7                 0.000      0.000    999.000    999.000

 Intercepts
    C7_1               2.156      0.093     23.264      0.000
    C7_2               2.264      0.096     23.597      0.000
    C7_3               1.993      0.088     22.691      0.000
    C7_4               2.161      0.093     23.279      0.000
    C7_5               2.550      0.105     24.331      0.000

 Variances
    C7                 1.000      0.000    999.000    999.000

 Residual Variances
    C7_1               0.729      0.045     16.035      0.000
    C7_2               0.523      0.046     11.441      0.000
    C7_3               0.458      0.044     10.400      0.000
    C7_4               0.339      0.042      8.094      0.000
    C7_5               0.486      0.045     10.851      0.000

Group US

 C7       BY
    C7_1               0.604      0.029     21.159      0.000
    C7_2               0.713      0.024     30.019      0.000
    C7_3               0.786      0.021     37.767      0.000
    C7_4               0.698      0.024     28.829      0.000
    C7_5               0.617      0.028     22.283      0.000

 Means
    C7                 0.000      0.000    999.000    999.000

 Intercepts
    C7_1               2.279      0.071     32.287      0.000
    C7_2               2.298      0.071     32.363      0.000
    C7_3               2.204      0.069     31.981      0.000
    C7_4               2.335      0.072     32.504      0.000
    C7_5               2.418      0.074     32.800      0.000

 Variances
    C7                 1.000      0.000    999.000    999.000

 Residual Variances
    C7_1               0.635      0.034     18.421      0.000
    C7_2               0.492      0.034     14.551      0.000
    C7_3               0.382      0.033     11.680      0.000
    C7_4               0.512      0.034     15.135      0.000
    C7_5               0.619      0.034     18.110      0.000


R-SQUARE

Group GERMAN

    Observed                                        Two-Tailed
    Variable        Estimate       S.E.  Est./S.E.    P-Value

    C7_1               0.271      0.045      5.964      0.000
    C7_2               0.477      0.046     10.439      0.000
    C7_3               0.542      0.044     12.327      0.000
    C7_4               0.661      0.042     15.753      0.000
    C7_5               0.514      0.045     11.455      0.000

Group US

    Observed                                        Two-Tailed
    Variable        Estimate       S.E.  Est./S.E.    P-Value

    C7_1               0.365      0.034     10.580      0.000
    C7_2               0.508      0.034     15.009      0.000
    C7_3               0.618      0.033     18.883      0.000
    C7_4               0.488      0.034     14.414      0.000
    C7_5               0.381      0.034     11.141      0.000


QUALITY OF NUMERICAL RESULTS

     Condition Number for the Information Matrix              0.767E-02
       (ratio of smallest to largest eigenvalue)


MODEL MODIFICATION INDICES

NOTE:  Modification indices for direct effects of observed dependent variables
regressed on covariates may not be included.  To include these, request
MODINDICES (ALL).

Minimum M.I. value for printing the modification index     4.000

                                   M.I.     E.P.C.  Std E.P.C.  StdYX E.P.C.
Group GERMAN


WITH Statements

C7_2     WITH C7_1                41.296     0.357      0.357        0.382
C7_3     WITH C7_1                26.264    -0.234     -0.234       -0.319
C7_3     WITH C7_2                 5.812    -0.104     -0.104       -0.173
C7_4     WITH C7_1                13.383    -0.156     -0.156       -0.260
C7_4     WITH C7_3                21.503     0.176      0.176        0.455
C7_5     WITH C7_1                11.953     0.156      0.156        0.210

Group US


WITH Statements

C7_2     WITH C7_1                14.001     0.147      0.147        0.182
C7_3     WITH C7_1                16.881    -0.163     -0.163       -0.230
C7_4     WITH C7_2                12.906    -0.117     -0.117       -0.198
C7_4     WITH C7_3                14.371     0.130      0.130        0.250
C7_5     WITH C7_1                 6.637     0.087      0.087        0.114



DIAGRAM INFORMATION

  Use View Diagram under the Diagram menu in the Mplus Editor to view the diagram.
  If running Mplus from the Mplus Diagrammer, the diagram opens automatically.

  Diagram output
    f:\ipip paper\messinvarianz\c\c7\c7 konfigurale invarianz.dgm

     Beginning Time:  16:41:45
        Ending Time:  16:41:45
       Elapsed Time:  00:00:00



MUTHEN & MUTHEN
3463 Stoner Ave.
Los Angeles, CA  90066

Tel: (310) 391-9971
Fax: (310) 391-8971
Web: www.StatModel.com
Support: Support@StatModel.com

Copyright (c) 1998-2013 Muthen & Muthen
