Mplus VERSION 7.1
MUTHEN & MUTHEN
06/02/2015   1:25 PM

INPUT INSTRUCTIONS

  TITLE:

  DATA:
  FILE IS  "ARI Data 2009_Agreeableness CFA Sample.txt";
  Variable:
  Names are
  respid
  agree5
  agree51
  agree21
  agree84
  agree35
  agree15
  agree93
  agree67
  agree34
  agree25
  agree44
  agree64
  agree31
  agree45
  agree26
  agree52
  agree14
  agree20
  agree6
  agree92
  agree77
  agree3
  agree17
  agree19
  agree13
  agree27
  agree105
  agree95
  agree104
  agree57
  agree85
  agree97
  agree110
  agree61
  agree94
  agree107
  agree30
  agree40
  agree32
  agree50
  agree90
  agree63
  agree60
  agree23
  agree1
  agree58
  agree101
  agree46
  agree87
  agree98
  agree37
  agree62
  agree39
  agree83
  agree53
  agree65
  agree103
  agree91
  agree4
  agree42
  agree18
  agree96
  agree106
  agree55
  agree86
  agree72
  agree22
  agree79
  agree33
  agree70
  agree109
  agree78
  agree100
  agree71
  agree89
  agree76
  agree75
  agree11
  agree56
  agree12
  agree49
  agree16
  agree108
  agree43
  agree7
  agree2
  agree88
  agree41
  agree38
  agree99
  agree69
  agree36
  agree80
  agree8
  agree66
  agree54
  agree24
  agree82
  agree74
  agree73
  agree10
  agree59
  Filter
  filter_
  ;

  USEVARIABLES ARE
  agree56
  agree71
  agree99
  agree43
  agree103
  ;

  MISSING ARE ALL (-99);
  categorical are all;

  Model:
  manipul BY
  agree56
  agree71
  agree99
  agree43
  agree103
  ;

  Savedata:
  file is a7.txt;
  save = fscores;

  Analysis:
  ESTIMATOR IS WLSMV;

  OUTPUT: STDYX MODINDICES(4);



*** WARNING
  Data set contains cases with missing on all variables.
  These cases were not included in the analysis.
  Number of cases with missing on all variables:  2
   1 WARNING(S) FOUND IN THE INPUT INSTRUCTIONS




SUMMARY OF ANALYSIS

Number of groups                                                 1
Number of observations                                         361

Number of dependent variables                                    5
Number of independent variables                                  0
Number of continuous latent variables                            1

Observed dependent variables

  Binary and ordered categorical (ordinal)
   AGREE56     AGREE71     AGREE99     AGREE43     AGREE103

Continuous latent variables
   MANIPUL


Estimator                                                    WLSMV
Maximum number of iterations                                  1000
Convergence criterion                                    0.500D-04
Maximum number of steepest descent iterations                   20
Maximum number of iterations for H1                           2000
Convergence criterion for H1                             0.100D-03
Parameterization                                             DELTA

Input data file(s)
  ARI Data 2009_Agreeableness CFA Sample.txt

Input data format  FREE


SUMMARY OF DATA

     Number of missing data patterns             1


COVARIANCE COVERAGE OF DATA

Minimum covariance coverage value   0.100


     PROPORTION OF DATA PRESENT


           Covariance Coverage
              AGREE56       AGREE71       AGREE99       AGREE43       AGREE103
              ________      ________      ________      ________      ________
 AGREE56        1.000
 AGREE71        1.000         1.000
 AGREE99        1.000         1.000         1.000
 AGREE43        1.000         1.000         1.000         1.000
 AGREE103       1.000         1.000         1.000         1.000         1.000


UNIVARIATE PROPORTIONS AND COUNTS FOR CATEGORICAL VARIABLES

    AGREE56
      Category 1    0.249       90.000
      Category 2    0.355      128.000
      Category 3    0.260       94.000
      Category 4    0.102       37.000
      Category 5    0.033       12.000
    AGREE71
      Category 1    0.019        7.000
      Category 2    0.064       23.000
      Category 3    0.241       87.000
      Category 4    0.391      141.000
      Category 5    0.285      103.000
    AGREE99
      Category 1    0.288      104.000
      Category 2    0.429      155.000
      Category 3    0.186       67.000
      Category 4    0.078       28.000
      Category 5    0.019        7.000
    AGREE43
      Category 1    0.152       55.000
      Category 2    0.360      130.000
      Category 3    0.269       97.000
      Category 4    0.144       52.000
      Category 5    0.075       27.000
    AGREE103
      Category 1    0.183       66.000
      Category 2    0.377      136.000
      Category 3    0.316      114.000
      Category 4    0.083       30.000
      Category 5    0.042       15.000



THE MODEL ESTIMATION TERMINATED NORMALLY



MODEL FIT INFORMATION

Number of Free Parameters                       25

Chi-Square Test of Model Fit

          Value                              5.497*
          Degrees of Freedom                     5
          P-Value                           0.3582

*   The chi-square value for MLM, MLMV, MLR, ULSMV, WLSM and WLSMV cannot be used
    for chi-square difference testing in the regular way.  MLM, MLR and WLSM
    chi-square difference testing is described on the Mplus website.  MLMV, WLSMV,
    and ULSMV difference testing is done using the DIFFTEST option.

RMSEA (Root Mean Square Error Of Approximation)

          Estimate                           0.017
          90 Percent C.I.                    0.000  0.077
          Probability RMSEA <= .05           0.758

CFI/TLI

          CFI                                0.999
          TLI                                0.998

Chi-Square Test of Model Fit for the Baseline Model

          Value                            483.551
          Degrees of Freedom                    10
          P-Value                           0.0000

WRMR (Weighted Root Mean Square Residual)

          Value                              0.313



MODEL RESULTS

                                                    Two-Tailed
                    Estimate       S.E.  Est./S.E.    P-Value

 MANIPUL  BY
    AGREE56            1.000      0.000    999.000    999.000
    AGREE71           -0.570      0.082     -6.939      0.000
    AGREE99            1.030      0.100     10.313      0.000
    AGREE43            0.838      0.079     10.668      0.000
    AGREE103           0.820      0.081     10.158      0.000

 Thresholds
    AGREE56$1         -0.677      0.072     -9.430      0.000
    AGREE56$2          0.263      0.067      3.943      0.000
    AGREE56$3          1.100      0.083     13.294      0.000
    AGREE56$4          1.835      0.127     14.406      0.000
    AGREE71$1         -2.067      0.154    -13.429      0.000
    AGREE71$2         -1.385      0.095    -14.580      0.000
    AGREE71$3         -0.456      0.069     -6.659      0.000
    AGREE71$4          0.567      0.070      8.105      0.000
    AGREE99$1         -0.559      0.070     -8.003      0.000
    AGREE99$2          0.575      0.070      8.208      0.000
    AGREE99$3          1.299      0.091     14.312      0.000
    AGREE99$4          2.067      0.154     13.429      0.000
    AGREE43$1         -1.026      0.080    -12.784      0.000
    AGREE43$2          0.031      0.066      0.474      0.636
    AGREE43$3          0.776      0.074     10.528      0.000
    AGREE43$4          1.441      0.098     14.702      0.000
    AGREE103$1        -0.905      0.077    -11.783      0.000
    AGREE103$2         0.150      0.066      2.262      0.024
    AGREE103$3         1.152      0.085     13.614      0.000
    AGREE103$4         1.733      0.118     14.664      0.000

 Variances
    MANIPUL            0.469      0.057      8.216      0.000


STANDARDIZED MODEL RESULTS


STDYX Standardization

                                                    Two-Tailed
                    Estimate       S.E.  Est./S.E.    P-Value

 MANIPUL  BY
    AGREE56            0.685      0.042     16.432      0.000
    AGREE71           -0.390      0.053     -7.392      0.000
    AGREE99            0.705      0.046     15.429      0.000
    AGREE43            0.574      0.043     13.213      0.000
    AGREE103           0.562      0.047     11.903      0.000

 Thresholds
    AGREE56$1         -0.677      0.072     -9.430      0.000
    AGREE56$2          0.263      0.067      3.943      0.000
    AGREE56$3          1.100      0.083     13.294      0.000
    AGREE56$4          1.835      0.127     14.406      0.000
    AGREE71$1         -2.067      0.154    -13.429      0.000
    AGREE71$2         -1.385      0.095    -14.580      0.000
    AGREE71$3         -0.456      0.069     -6.659      0.000
    AGREE71$4          0.567      0.070      8.105      0.000
    AGREE99$1         -0.559      0.070     -8.003      0.000
    AGREE99$2          0.575      0.070      8.208      0.000
    AGREE99$3          1.299      0.091     14.312      0.000
    AGREE99$4          2.067      0.154     13.429      0.000
    AGREE43$1         -1.026      0.080    -12.784      0.000
    AGREE43$2          0.031      0.066      0.474      0.636
    AGREE43$3          0.776      0.074     10.528      0.000
    AGREE43$4          1.441      0.098     14.702      0.000
    AGREE103$1        -0.905      0.077    -11.783      0.000
    AGREE103$2         0.150      0.066      2.262      0.024
    AGREE103$3         1.152      0.085     13.614      0.000
    AGREE103$4         1.733      0.118     14.664      0.000

 Variances
    MANIPUL            1.000      0.000    999.000    999.000


R-SQUARE

    Observed                                        Two-Tailed   Residual
    Variable        Estimate       S.E.  Est./S.E.    P-Value    Variance

    AGREE56            0.469      0.057      8.216      0.000      0.531
    AGREE71            0.152      0.041      3.696      0.000      0.848
    AGREE99            0.497      0.064      7.714      0.000      0.503
    AGREE43            0.329      0.050      6.607      0.000      0.671
    AGREE103           0.315      0.053      5.951      0.000      0.685


QUALITY OF NUMERICAL RESULTS

     Condition Number for the Information Matrix              0.137E-01
       (ratio of smallest to largest eigenvalue)


MODEL MODIFICATION INDICES

NOTE:  Modification indices for direct effects of observed dependent variables
regressed on covariates and residual covariances among observed dependent
variables may not be included.  To include these, request MODINDICES (ALL).

Minimum M.I. value for printing the modification index     4.000

                                   M.I.     E.P.C.  Std E.P.C.  StdYX E.P.C.

No modification indices above the minimum value.



SAMPLE STATISTICS FOR ESTIMATED FACTOR SCORES


     SAMPLE STATISTICS


           Means
              MANIPUL
              ________
 1              0.003


           Covariances
              MANIPUL
              ________
 MANIPUL        0.326


           Correlations
              MANIPUL
              ________
 MANIPUL        1.000


SAVEDATA INFORMATION


  Save file
    a7.txt

  Order and format of variables

    AGREE56        F10.3
    AGREE71        F10.3
    AGREE99        F10.3
    AGREE43        F10.3
    AGREE103       F10.3
    MANIPUL        F10.3

  Save file format
    6F10.3

  Save file record length    10000


DIAGRAM INFORMATION

  Use View Diagram under the Diagram menu in the Mplus Editor to view the diagram.
  If running Mplus from the Mplus Diagrammer, the diagram opens automatically.

  Diagram output
    f:\ipip paper\sample_usa\cfa\agreeableness\cfa mit 5 items\cfa agreeableness - manipulation_5 it

     Beginning Time:  13:25:25
        Ending Time:  13:25:25
       Elapsed Time:  00:00:00



MUTHEN & MUTHEN
3463 Stoner Ave.
Los Angeles, CA  90066

Tel: (310) 391-9971
Fax: (310) 391-8971
Web: www.StatModel.com
Support: Support@StatModel.com

Copyright (c) 1998-2013 Muthen & Muthen
