Mplus VERSION 7.1
MUTHEN & MUTHEN
06/02/2015   1:47 PM

INPUT INSTRUCTIONS

  TITLE:

  DATA:
  FILE IS  "ARI Data 2009_Conscientiousness CFA Sample.txt";
  Variable:
  Names are
  respid
  con108
  con76
  con77
  con38
  con23
  con85
  con42
  con52
  con110
  con44
  con102
  con56
  con18
  con39
  con33
  con88
  con4
  con83
  con6
  con79
  con109
  con7
  con98
  con74
  con114
  con1
  con19
  con30
  con96
  con103
  con54
  con73
  con26
  con101
  con32
  con50
  con8
  con15
  con93
  con25
  con13
  con5
  con70
  con105
  con2
  con41
  con16
  con67
  con84
  con55
  con10
  con31
  con14
  con68
  con97
  con37
  con87
  con63
  con66
  con86
  con49
  con45
  con91
  con107
  con59
  con11
  con21
  con111
  con34
  con48
  con61
  con29
  con89
  con24
  con100
  con47
  con112
  con82
  con94
  con57
  con90
  con71
  con99
  con28
  con115
  con46
  con36
  con80
  con81
  con72
  con3
  con43
  con116
  con75
  con58
  con64
  con60
  con27
  con113
  con17
  con53
  con35
  con22
  con9
  con104
  con69
  con65
  con95
  con20
  con12
  con51
  con106
  con117
  Filter
  filter_
  ;

  USEVARIABLES ARE
  con37
  con46
  con75
  con109
  con6
  ;

  MISSING ARE ALL (-99);
  categorical are all;

  Model:
  taskpl  BY
  con37
  con46
  con75
  con109
  con6
  ;

  savedata:
  file is c4.txt;
  save = fscores;

  Analysis:
  ESTIMATOR IS WLSMV;

  OUTPUT: STDYX MODINDICES(4);



*** WARNING
  Data set contains cases with missing on all variables.
  These cases were not included in the analysis.
  Number of cases with missing on all variables:  2
   1 WARNING(S) FOUND IN THE INPUT INSTRUCTIONS




SUMMARY OF ANALYSIS

Number of groups                                                 1
Number of observations                                         361

Number of dependent variables                                    5
Number of independent variables                                  0
Number of continuous latent variables                            1

Observed dependent variables

  Binary and ordered categorical (ordinal)
   CON37       CON46       CON75       CON109      CON6

Continuous latent variables
   TASKPL


Estimator                                                    WLSMV
Maximum number of iterations                                  1000
Convergence criterion                                    0.500D-04
Maximum number of steepest descent iterations                   20
Maximum number of iterations for H1                           2000
Convergence criterion for H1                             0.100D-03
Parameterization                                             DELTA

Input data file(s)
  ARI Data 2009_Conscientiousness CFA Sample.txt

Input data format  FREE


SUMMARY OF DATA

     Number of missing data patterns             1


COVARIANCE COVERAGE OF DATA

Minimum covariance coverage value   0.100


     PROPORTION OF DATA PRESENT


           Covariance Coverage
              CON37         CON46         CON75         CON109        CON6
              ________      ________      ________      ________      ________
 CON37          1.000
 CON46          1.000         1.000
 CON75          1.000         1.000         1.000
 CON109         1.000         1.000         1.000         1.000
 CON6           1.000         1.000         1.000         1.000         1.000


UNIVARIATE PROPORTIONS AND COUNTS FOR CATEGORICAL VARIABLES

    CON37
      Category 1    0.014        5.000
      Category 2    0.105       38.000
      Category 3    0.424      153.000
      Category 4    0.341      123.000
      Category 5    0.116       42.000
    CON46
      Category 1    0.042       15.000
      Category 2    0.094       34.000
      Category 3    0.407      147.000
      Category 4    0.338      122.000
      Category 5    0.119       43.000
    CON75
      Category 1    0.014        5.000
      Category 2    0.089       32.000
      Category 3    0.360      130.000
      Category 4    0.377      136.000
      Category 5    0.161       58.000
    CON109
      Category 1    0.008        3.000
      Category 2    0.078       28.000
      Category 3    0.363      131.000
      Category 4    0.360      130.000
      Category 5    0.191       69.000
    CON6
      Category 1    0.019        7.000
      Category 2    0.141       51.000
      Category 3    0.432      156.000
      Category 4    0.335      121.000
      Category 5    0.072       26.000



THE MODEL ESTIMATION TERMINATED NORMALLY



MODEL FIT INFORMATION

Number of Free Parameters                       25

Chi-Square Test of Model Fit

          Value                              5.664*
          Degrees of Freedom                     5
          P-Value                           0.3403

*   The chi-square value for MLM, MLMV, MLR, ULSMV, WLSM and WLSMV cannot be used
    for chi-square difference testing in the regular way.  MLM, MLR and WLSM
    chi-square difference testing is described on the Mplus website.  MLMV, WLSMV,
    and ULSMV difference testing is done using the DIFFTEST option.

RMSEA (Root Mean Square Error Of Approximation)

          Estimate                           0.019
          90 Percent C.I.                    0.000  0.078
          Probability RMSEA <= .05           0.744

CFI/TLI

          CFI                                0.999
          TLI                                0.999

Chi-Square Test of Model Fit for the Baseline Model

          Value                           1021.504
          Degrees of Freedom                    10
          P-Value                           0.0000

WRMR (Weighted Root Mean Square Residual)

          Value                              0.306



MODEL RESULTS

                                                    Two-Tailed
                    Estimate       S.E.  Est./S.E.    P-Value

 TASKPL   BY
    CON37              1.000      0.000    999.000    999.000
    CON46              0.838      0.049     17.125      0.000
    CON75              0.699      0.053     13.249      0.000
    CON109             0.787      0.051     15.344      0.000
    CON6               0.751      0.053     14.050      0.000

 Thresholds
    CON37$1           -2.201      0.174    -12.655      0.000
    CON37$2           -1.179      0.086    -13.767      0.000
    CON37$3            0.108      0.066      1.631      0.103
    CON37$4            1.193      0.086     13.841      0.000
    CON46$1           -1.733      0.118    -14.664      0.000
    CON46$2           -1.100      0.083    -13.294      0.000
    CON46$3            0.108      0.066      1.631      0.103
    CON46$4            1.179      0.086     13.767      0.000
    CON75$1           -2.201      0.174    -12.655      0.000
    CON75$2           -1.267      0.089    -14.187      0.000
    CON75$3           -0.094      0.066     -1.421      0.155
    CON75$4            0.992      0.079     12.519      0.000
    CON109$1          -2.395      0.211    -11.361      0.000
    CON109$2          -1.367      0.094    -14.532      0.000
    CON109$3          -0.129      0.066     -1.947      0.052
    CON109$4           0.874      0.076     11.499      0.000
    CON6$1            -2.067      0.154    -13.429      0.000
    CON6$2            -0.992      0.079    -12.519      0.000
    CON6$3             0.235      0.067      3.523      0.000
    CON6$4             1.461      0.099     14.735      0.000

 Variances
    TASKPL             0.661      0.046     14.474      0.000


STANDARDIZED MODEL RESULTS


STDYX Standardization

                                                    Two-Tailed
                    Estimate       S.E.  Est./S.E.    P-Value

 TASKPL   BY
    CON37              0.813      0.028     28.949      0.000
    CON46              0.681      0.032     20.972      0.000
    CON75              0.568      0.040     14.143      0.000
    CON109             0.640      0.033     19.675      0.000
    CON6               0.610      0.038     15.934      0.000

 Thresholds
    CON37$1           -2.201      0.174    -12.655      0.000
    CON37$2           -1.179      0.086    -13.767      0.000
    CON37$3            0.108      0.066      1.631      0.103
    CON37$4            1.193      0.086     13.841      0.000
    CON46$1           -1.733      0.118    -14.664      0.000
    CON46$2           -1.100      0.083    -13.294      0.000
    CON46$3            0.108      0.066      1.631      0.103
    CON46$4            1.179      0.086     13.767      0.000
    CON75$1           -2.201      0.174    -12.655      0.000
    CON75$2           -1.267      0.089    -14.187      0.000
    CON75$3           -0.094      0.066     -1.421      0.155
    CON75$4            0.992      0.079     12.519      0.000
    CON109$1          -2.395      0.211    -11.361      0.000
    CON109$2          -1.367      0.094    -14.532      0.000
    CON109$3          -0.129      0.066     -1.947      0.052
    CON109$4           0.874      0.076     11.499      0.000
    CON6$1            -2.067      0.154    -13.429      0.000
    CON6$2            -0.992      0.079    -12.519      0.000
    CON6$3             0.235      0.067      3.523      0.000
    CON6$4             1.461      0.099     14.735      0.000

 Variances
    TASKPL             1.000      0.000    999.000    999.000


R-SQUARE

    Observed                                        Two-Tailed   Residual
    Variable        Estimate       S.E.  Est./S.E.    P-Value    Variance

    CON37              0.661      0.046     14.474      0.000      0.339
    CON46              0.464      0.044     10.486      0.000      0.536
    CON75              0.323      0.046      7.071      0.000      0.677
    CON109             0.410      0.042      9.837      0.000      0.590
    CON6               0.373      0.047      7.967      0.000      0.627


QUALITY OF NUMERICAL RESULTS

     Condition Number for the Information Matrix              0.742E-02
       (ratio of smallest to largest eigenvalue)


MODEL MODIFICATION INDICES

NOTE:  Modification indices for direct effects of observed dependent variables
regressed on covariates and residual covariances among observed dependent
variables may not be included.  To include these, request MODINDICES (ALL).

Minimum M.I. value for printing the modification index     4.000

                                   M.I.     E.P.C.  Std E.P.C.  StdYX E.P.C.

No modification indices above the minimum value.



SAMPLE STATISTICS FOR ESTIMATED FACTOR SCORES


     SAMPLE STATISTICS


           Means
              TASKPL
              ________
 1             -0.001


           Covariances
              TASKPL
              ________
 TASKPL         0.516


           Correlations
              TASKPL
              ________
 TASKPL         1.000


SAVEDATA INFORMATION


  Save file
    c4.txt

  Order and format of variables

    CON37          F10.3
    CON46          F10.3
    CON75          F10.3
    CON109         F10.3
    CON6           F10.3
    TASKPL         F10.3

  Save file format
    6F10.3

  Save file record length    10000


DIAGRAM INFORMATION

  Use View Diagram under the Diagram menu in the Mplus Editor to view the diagram.
  If running Mplus from the Mplus Diagrammer, the diagram opens automatically.

  Diagram output
    f:\ipip paper\sample_usa\cfa\conscientiousness\5 items\cfa conscientiousness - task planning_5 i

     Beginning Time:  13:47:34
        Ending Time:  13:47:34
       Elapsed Time:  00:00:00



MUTHEN & MUTHEN
3463 Stoner Ave.
Los Angeles, CA  90066

Tel: (310) 391-9971
Fax: (310) 391-8971
Web: www.StatModel.com
Support: Support@StatModel.com

Copyright (c) 1998-2013 Muthen & Muthen
