Mplus VERSION 7.1
MUTHEN & MUTHEN
06/02/2015   1:46 PM

INPUT INSTRUCTIONS

  TITLE:

  DATA:
  FILE IS  "ARI Data 2009_Conscientiousness CFA Sample.txt";
  Variable:
  Names are
  respid
  con108
  con76
  con77
  con38
  con23
  con85
  con42
  con52
  con110
  con44
  con102
  con56
  con18
  con39
  con33
  con88
  con4
  con83
  con6
  con79
  con109
  con7
  con98
  con74
  con114
  con1
  con19
  con30
  con96
  con103
  con54
  con73
  con26
  con101
  con32
  con50
  con8
  con15
  con93
  con25
  con13
  con5
  con70
  con105
  con2
  con41
  con16
  con67
  con84
  con55
  con10
  con31
  con14
  con68
  con97
  con37
  con87
  con63
  con66
  con86
  con49
  con45
  con91
  con107
  con59
  con11
  con21
  con111
  con34
  con48
  con61
  con29
  con89
  con24
  con100
  con47
  con112
  con82
  con94
  con57
  con90
  con71
  con99
  con28
  con115
  con46
  con36
  con80
  con81
  con72
  con3
  con43
  con116
  con75
  con58
  con64
  con60
  con27
  con113
  con17
  con53
  con35
  con22
  con9
  con104
  con69
  con65
  con95
  con20
  con12
  con51
  con106
  con117
  Filter
  filter_
  ;

  USEVARIABLES ARE
  con59
  con79
  con7
  con21
  con71
  ;

  MISSING ARE ALL (-99);
  categorical are all;

  Model:
  order  BY
  con59
  con79
  con7
  con21
  con71
  ;

  savedata:
  file is c7.txt;
  save = fscores;

  Analysis:
  ESTIMATOR IS WLSMV;

  OUTPUT: STDYX MODINDICES(4);



*** WARNING
  Data set contains cases with missing on all variables.
  These cases were not included in the analysis.
  Number of cases with missing on all variables:  2
   1 WARNING(S) FOUND IN THE INPUT INSTRUCTIONS




SUMMARY OF ANALYSIS

Number of groups                                                 1
Number of observations                                         361

Number of dependent variables                                    5
Number of independent variables                                  0
Number of continuous latent variables                            1

Observed dependent variables

  Binary and ordered categorical (ordinal)
   CON59       CON79       CON7        CON21       CON71

Continuous latent variables
   ORDER


Estimator                                                    WLSMV
Maximum number of iterations                                  1000
Convergence criterion                                    0.500D-04
Maximum number of steepest descent iterations                   20
Maximum number of iterations for H1                           2000
Convergence criterion for H1                             0.100D-03
Parameterization                                             DELTA

Input data file(s)
  ARI Data 2009_Conscientiousness CFA Sample.txt

Input data format  FREE


SUMMARY OF DATA

     Number of missing data patterns             1


COVARIANCE COVERAGE OF DATA

Minimum covariance coverage value   0.100


     PROPORTION OF DATA PRESENT


           Covariance Coverage
              CON59         CON79         CON7          CON21         CON71
              ________      ________      ________      ________      ________
 CON59          1.000
 CON79          1.000         1.000
 CON7           1.000         1.000         1.000
 CON21          1.000         1.000         1.000         1.000
 CON71          1.000         1.000         1.000         1.000         1.000


UNIVARIATE PROPORTIONS AND COUNTS FOR CATEGORICAL VARIABLES

    CON59
      Category 1    0.205       74.000
      Category 2    0.216       78.000
      Category 3    0.294      106.000
      Category 4    0.163       59.000
      Category 5    0.122       44.000
    CON79
      Category 1    0.158       57.000
      Category 2    0.313      113.000
      Category 3    0.302      109.000
      Category 4    0.141       51.000
      Category 5    0.086       31.000
    CON7
      Category 1    0.175       63.000
      Category 2    0.357      129.000
      Category 3    0.260       94.000
      Category 4    0.139       50.000
      Category 5    0.069       25.000
    CON21
      Category 1    0.183       66.000
      Category 2    0.449      162.000
      Category 3    0.227       82.000
      Category 4    0.100       36.000
      Category 5    0.042       15.000
    CON71
      Category 1    0.177       64.000
      Category 2    0.440      159.000
      Category 3    0.260       94.000
      Category 4    0.094       34.000
      Category 5    0.028       10.000



THE MODEL ESTIMATION TERMINATED NORMALLY



MODEL FIT INFORMATION

Number of Free Parameters                       25

Chi-Square Test of Model Fit

          Value                             25.643*
          Degrees of Freedom                     5
          P-Value                           0.0001

*   The chi-square value for MLM, MLMV, MLR, ULSMV, WLSM and WLSMV cannot be used
    for chi-square difference testing in the regular way.  MLM, MLR and WLSM
    chi-square difference testing is described on the Mplus website.  MLMV, WLSMV,
    and ULSMV difference testing is done using the DIFFTEST option.

RMSEA (Root Mean Square Error Of Approximation)

          Estimate                           0.107
          90 Percent C.I.                    0.068  0.150
          Probability RMSEA <= .05           0.010

CFI/TLI

          CFI                                0.988
          TLI                                0.975

Chi-Square Test of Model Fit for the Baseline Model

          Value                           1675.511
          Degrees of Freedom                    10
          P-Value                           0.0000

WRMR (Weighted Root Mean Square Residual)

          Value                              0.575



MODEL RESULTS

                                                    Two-Tailed
                    Estimate       S.E.  Est./S.E.    P-Value

 ORDER    BY
    CON59              1.000      0.000    999.000    999.000
    CON79              1.021      0.055     18.588      0.000
    CON7               1.160      0.051     22.531      0.000
    CON21              1.107      0.053     21.055      0.000
    CON71              0.893      0.056     16.063      0.000

 Thresholds
    CON59$1           -0.824      0.075    -11.018      0.000
    CON59$2           -0.199      0.066     -2.998      0.003
    CON59$3            0.567      0.070      8.105      0.000
    CON59$4            1.166      0.085     13.691      0.000
    CON79$1           -1.003      0.080    -12.608      0.000
    CON79$2           -0.073      0.066     -1.105      0.269
    CON79$3            0.748      0.073     10.231      0.000
    CON79$4            1.367      0.094     14.532      0.000
    CON7$1            -0.936      0.078    -12.063      0.000
    CON7$2             0.080      0.066      1.210      0.226
    CON7$3             0.814      0.075     10.920      0.000
    CON7$4             1.481      0.100     14.763      0.000
    CON21$1           -0.905      0.077    -11.783      0.000
    CON21$2            0.336      0.067      4.991      0.000
    CON21$3            1.075      0.082     13.128      0.000
    CON21$4            1.733      0.118     14.664      0.000
    CON71$1           -0.926      0.077    -11.970      0.000
    CON71$2            0.300      0.067      4.467      0.000
    CON71$3            1.166      0.085     13.691      0.000
    CON71$4            1.916      0.136     14.123      0.000

 Variances
    ORDER              0.508      0.042     12.190      0.000


STANDARDIZED MODEL RESULTS


STDYX Standardization

                                                    Two-Tailed
                    Estimate       S.E.  Est./S.E.    P-Value

 ORDER    BY
    CON59              0.712      0.029     24.379      0.000
    CON79              0.727      0.030     24.501      0.000
    CON7               0.827      0.023     36.696      0.000
    CON21              0.789      0.026     30.919      0.000
    CON71              0.636      0.034     18.752      0.000

 Thresholds
    CON59$1           -0.824      0.075    -11.018      0.000
    CON59$2           -0.199      0.066     -2.998      0.003
    CON59$3            0.567      0.070      8.105      0.000
    CON59$4            1.166      0.085     13.691      0.000
    CON79$1           -1.003      0.080    -12.608      0.000
    CON79$2           -0.073      0.066     -1.105      0.269
    CON79$3            0.748      0.073     10.231      0.000
    CON79$4            1.367      0.094     14.532      0.000
    CON7$1            -0.936      0.078    -12.063      0.000
    CON7$2             0.080      0.066      1.210      0.226
    CON7$3             0.814      0.075     10.920      0.000
    CON7$4             1.481      0.100     14.763      0.000
    CON21$1           -0.905      0.077    -11.783      0.000
    CON21$2            0.336      0.067      4.991      0.000
    CON21$3            1.075      0.082     13.128      0.000
    CON21$4            1.733      0.118     14.664      0.000
    CON71$1           -0.926      0.077    -11.970      0.000
    CON71$2            0.300      0.067      4.467      0.000
    CON71$3            1.166      0.085     13.691      0.000
    CON71$4            1.916      0.136     14.123      0.000

 Variances
    ORDER              1.000      0.000    999.000    999.000


R-SQUARE

    Observed                                        Two-Tailed   Residual
    Variable        Estimate       S.E.  Est./S.E.    P-Value    Variance

    CON59              0.508      0.042     12.190      0.000      0.492
    CON79              0.529      0.043     12.250      0.000      0.471
    CON7               0.683      0.037     18.348      0.000      0.317
    CON21              0.622      0.040     15.459      0.000      0.378
    CON71              0.405      0.043      9.376      0.000      0.595


QUALITY OF NUMERICAL RESULTS

     Condition Number for the Information Matrix              0.464E-02
       (ratio of smallest to largest eigenvalue)


MODEL MODIFICATION INDICES

NOTE:  Modification indices for direct effects of observed dependent variables
regressed on covariates and residual covariances among observed dependent
variables may not be included.  To include these, request MODINDICES (ALL).

Minimum M.I. value for printing the modification index     4.000

                                   M.I.     E.P.C.  Std E.P.C.  StdYX E.P.C.

No modification indices above the minimum value.



SAMPLE STATISTICS FOR ESTIMATED FACTOR SCORES


     SAMPLE STATISTICS


           Means
              ORDER
              ________
 1              0.004


           Covariances
              ORDER
              ________
 ORDER          0.415


           Correlations
              ORDER
              ________
 ORDER          1.000


SAVEDATA INFORMATION


  Save file
    c7.txt

  Order and format of variables

    CON59          F10.3
    CON79          F10.3
    CON7           F10.3
    CON21          F10.3
    CON71          F10.3
    ORDER          F10.3

  Save file format
    6F10.3

  Save file record length    10000


DIAGRAM INFORMATION

  Use View Diagram under the Diagram menu in the Mplus Editor to view the diagram.
  If running Mplus from the Mplus Diagrammer, the diagram opens automatically.

  Diagram output
    f:\ipip paper\sample_usa\cfa\conscientiousness\5 items\cfa conscientiousness - lack of tidiness_

     Beginning Time:  13:46:04
        Ending Time:  13:46:04
       Elapsed Time:  00:00:00



MUTHEN & MUTHEN
3463 Stoner Ave.
Los Angeles, CA  90066

Tel: (310) 391-9971
Fax: (310) 391-8971
Web: www.StatModel.com
Support: Support@StatModel.com

Copyright (c) 1998-2013 Muthen & Muthen
