Mplus VERSION 7.1
MUTHEN & MUTHEN
03/27/2015  10:40 AM

INPUT INSTRUCTIONS

  TITLE:

  DATA:
  FILE IS  "ARI Data 2009_Conscientiousness CFA Sample.txt";
  Variable:
  Names are
  respid
  con108
  con76
  con77
  con38
  con23
  con85
  con42
  con52
  con110
  con44
  con102
  con56
  con18
  con39
  con33
  con88
  con4
  con83
  con6
  con79
  con109
  con7
  con98
  con74
  con114
  con1
  con19
  con30
  con96
  con103
  con54
  con73
  con26
  con101
  con32
  con50
  con8
  con15
  con93
  con25
  con13
  con5
  con70
  con105
  con2
  con41
  con16
  con67
  con84
  con55
  con10
  con31
  con14
  con68
  con97
  con37
  con87
  con63
  con66
  con86
  con49
  con45
  con91
  con107
  con59
  con11
  con21
  con111
  con34
  con48
  con61
  con29
  con89
  con24
  con100
  con47
  con112
  con82
  con94
  con57
  con90
  con71
  con99
  con28
  con115
  con46
  con36
  con80
  con81
  con72
  con3
  con43
  con116
  con75
  con58
  con64
  con60
  con27
  con113
  con17
  con53
  con35
  con22
  con9
  con104
  con69
  con65
  con95
  con20
  con12
  con51
  con106
  con117
  Filter
  filter_
  ;

  USEVARIABLES ARE
  con110
  con105
  con29
  con106
  con93
  con25
  con68
  con73
  con102
  con15
  con1
  con114
  con4
  con23
  con88
  con10
  con94
  con2
  con9
  con95
  con59
  con79
  con7
  con21
  con71
  con52
  con77
  con8
  con66
  con115
  con56
  con5
  con57
  con11
  con20
  con97
  con22
  con45
  con100
  con37
  con46
  con75
  con109
  con6
  con116
  ;

  MISSING ARE ALL (-99);
  categorical are all;

  Model:
  control  BY
  con110
  con105
  con29
  con106
  con93
  ;

  caution  BY
  con25
  con68
  con73
  con102
  con15
  ;

  goal  BY
  con1
  con114
  con4
  con23
  con88
  ;

  lackofc  BY
  con10
  con94
  con2
  con9
  con95
  ;

  order  BY
  con59
  con79
  con7
  con21
  con71
  ;

  perserv  BY
  con52
  con77
  con8
  con66
  con116
  ;

  prload  BY
  con115
  con56
  con5
  con57
  con11
  ;

  procras  BY
  con20
  con97
  con22
  con45
  con100
  ;

  taskpl  BY
  con37
  con46
  con75
  con109
  con6
  ;

  conscient BY control caution goal lackofc order perserv prload procras taskpl
  ;


  Analysis:
  ESTIMATOR IS WLSMV;

  OUTPUT: STDYX MODINDICES(4);



*** WARNING
  Data set contains cases with missing on all variables.
  These cases were not included in the analysis.
  Number of cases with missing on all variables:  2
   1 WARNING(S) FOUND IN THE INPUT INSTRUCTIONS




SUMMARY OF ANALYSIS

Number of groups                                                 1
Number of observations                                         361

Number of dependent variables                                   45
Number of independent variables                                  0
Number of continuous latent variables                           10

Observed dependent variables

  Binary and ordered categorical (ordinal)
   CON110      CON105      CON29       CON106      CON93       CON25
   CON68       CON73       CON102      CON15       CON1        CON114
   CON4        CON23       CON88       CON10       CON94       CON2
   CON9        CON95       CON59       CON79       CON7        CON21
   CON71       CON52       CON77       CON8        CON66       CON115
   CON56       CON5        CON57       CON11       CON20       CON97
   CON22       CON45       CON100      CON37       CON46       CON75
   CON109      CON6        CON116

Continuous latent variables
   CONTROL     CAUTION     GOAL        LACKOFC     ORDER       PERSERV
   PRLOAD      PROCRAS     TASKPL      CONSCIEN


Estimator                                                    WLSMV
Maximum number of iterations                                  1000
Convergence criterion                                    0.500D-04
Maximum number of steepest descent iterations                   20
Maximum number of iterations for H1                           2000
Convergence criterion for H1                             0.100D-03
Parameterization                                             DELTA

Input data file(s)
  ARI Data 2009_Conscientiousness CFA Sample.txt

Input data format  FREE


SUMMARY OF DATA

     Number of missing data patterns             1


COVARIANCE COVERAGE OF DATA

Minimum covariance coverage value   0.100


     PROPORTION OF DATA PRESENT


           Covariance Coverage
              CON110        CON105        CON29         CON106        CON93
              ________      ________      ________      ________      ________
 CON110         1.000
 CON105         1.000         1.000
 CON29          1.000         1.000         1.000
 CON106         1.000         1.000         1.000         1.000
 CON93          1.000         1.000         1.000         1.000         1.000
 CON25          1.000         1.000         1.000         1.000         1.000
 CON68          1.000         1.000         1.000         1.000         1.000
 CON73          1.000         1.000         1.000         1.000         1.000
 CON102         1.000         1.000         1.000         1.000         1.000
 CON15          1.000         1.000         1.000         1.000         1.000
 CON1           1.000         1.000         1.000         1.000         1.000
 CON114         1.000         1.000         1.000         1.000         1.000
 CON4           1.000         1.000         1.000         1.000         1.000
 CON23          1.000         1.000         1.000         1.000         1.000
 CON88          1.000         1.000         1.000         1.000         1.000
 CON10          1.000         1.000         1.000         1.000         1.000
 CON94          1.000         1.000         1.000         1.000         1.000
 CON2           1.000         1.000         1.000         1.000         1.000
 CON9           1.000         1.000         1.000         1.000         1.000
 CON95          1.000         1.000         1.000         1.000         1.000
 CON59          1.000         1.000         1.000         1.000         1.000
 CON79          1.000         1.000         1.000         1.000         1.000
 CON7           1.000         1.000         1.000         1.000         1.000
 CON21          1.000         1.000         1.000         1.000         1.000
 CON71          1.000         1.000         1.000         1.000         1.000
 CON52          1.000         1.000         1.000         1.000         1.000
 CON77          1.000         1.000         1.000         1.000         1.000
 CON8           1.000         1.000         1.000         1.000         1.000
 CON66          1.000         1.000         1.000         1.000         1.000
 CON115         1.000         1.000         1.000         1.000         1.000
 CON56          1.000         1.000         1.000         1.000         1.000
 CON5           1.000         1.000         1.000         1.000         1.000
 CON57          1.000         1.000         1.000         1.000         1.000
 CON11          1.000         1.000         1.000         1.000         1.000
 CON20          1.000         1.000         1.000         1.000         1.000
 CON97          1.000         1.000         1.000         1.000         1.000
 CON22          1.000         1.000         1.000         1.000         1.000
 CON45          1.000         1.000         1.000         1.000         1.000
 CON100         1.000         1.000         1.000         1.000         1.000
 CON37          1.000         1.000         1.000         1.000         1.000
 CON46          1.000         1.000         1.000         1.000         1.000
 CON75          1.000         1.000         1.000         1.000         1.000
 CON109         1.000         1.000         1.000         1.000         1.000
 CON6           1.000         1.000         1.000         1.000         1.000
 CON116         1.000         1.000         1.000         1.000         1.000


           Covariance Coverage
              CON25         CON68         CON73         CON102        CON15
              ________      ________      ________      ________      ________
 CON25          1.000
 CON68          1.000         1.000
 CON73          1.000         1.000         1.000
 CON102         1.000         1.000         1.000         1.000
 CON15          1.000         1.000         1.000         1.000         1.000
 CON1           1.000         1.000         1.000         1.000         1.000
 CON114         1.000         1.000         1.000         1.000         1.000
 CON4           1.000         1.000         1.000         1.000         1.000
 CON23          1.000         1.000         1.000         1.000         1.000
 CON88          1.000         1.000         1.000         1.000         1.000
 CON10          1.000         1.000         1.000         1.000         1.000
 CON94          1.000         1.000         1.000         1.000         1.000
 CON2           1.000         1.000         1.000         1.000         1.000
 CON9           1.000         1.000         1.000         1.000         1.000
 CON95          1.000         1.000         1.000         1.000         1.000
 CON59          1.000         1.000         1.000         1.000         1.000
 CON79          1.000         1.000         1.000         1.000         1.000
 CON7           1.000         1.000         1.000         1.000         1.000
 CON21          1.000         1.000         1.000         1.000         1.000
 CON71          1.000         1.000         1.000         1.000         1.000
 CON52          1.000         1.000         1.000         1.000         1.000
 CON77          1.000         1.000         1.000         1.000         1.000
 CON8           1.000         1.000         1.000         1.000         1.000
 CON66          1.000         1.000         1.000         1.000         1.000
 CON115         1.000         1.000         1.000         1.000         1.000
 CON56          1.000         1.000         1.000         1.000         1.000
 CON5           1.000         1.000         1.000         1.000         1.000
 CON57          1.000         1.000         1.000         1.000         1.000
 CON11          1.000         1.000         1.000         1.000         1.000
 CON20          1.000         1.000         1.000         1.000         1.000
 CON97          1.000         1.000         1.000         1.000         1.000
 CON22          1.000         1.000         1.000         1.000         1.000
 CON45          1.000         1.000         1.000         1.000         1.000
 CON100         1.000         1.000         1.000         1.000         1.000
 CON37          1.000         1.000         1.000         1.000         1.000
 CON46          1.000         1.000         1.000         1.000         1.000
 CON75          1.000         1.000         1.000         1.000         1.000
 CON109         1.000         1.000         1.000         1.000         1.000
 CON6           1.000         1.000         1.000         1.000         1.000
 CON116         1.000         1.000         1.000         1.000         1.000


           Covariance Coverage
              CON1          CON114        CON4          CON23         CON88
              ________      ________      ________      ________      ________
 CON1           1.000
 CON114         1.000         1.000
 CON4           1.000         1.000         1.000
 CON23          1.000         1.000         1.000         1.000
 CON88          1.000         1.000         1.000         1.000         1.000
 CON10          1.000         1.000         1.000         1.000         1.000
 CON94          1.000         1.000         1.000         1.000         1.000
 CON2           1.000         1.000         1.000         1.000         1.000
 CON9           1.000         1.000         1.000         1.000         1.000
 CON95          1.000         1.000         1.000         1.000         1.000
 CON59          1.000         1.000         1.000         1.000         1.000
 CON79          1.000         1.000         1.000         1.000         1.000
 CON7           1.000         1.000         1.000         1.000         1.000
 CON21          1.000         1.000         1.000         1.000         1.000
 CON71          1.000         1.000         1.000         1.000         1.000
 CON52          1.000         1.000         1.000         1.000         1.000
 CON77          1.000         1.000         1.000         1.000         1.000
 CON8           1.000         1.000         1.000         1.000         1.000
 CON66          1.000         1.000         1.000         1.000         1.000
 CON115         1.000         1.000         1.000         1.000         1.000
 CON56          1.000         1.000         1.000         1.000         1.000
 CON5           1.000         1.000         1.000         1.000         1.000
 CON57          1.000         1.000         1.000         1.000         1.000
 CON11          1.000         1.000         1.000         1.000         1.000
 CON20          1.000         1.000         1.000         1.000         1.000
 CON97          1.000         1.000         1.000         1.000         1.000
 CON22          1.000         1.000         1.000         1.000         1.000
 CON45          1.000         1.000         1.000         1.000         1.000
 CON100         1.000         1.000         1.000         1.000         1.000
 CON37          1.000         1.000         1.000         1.000         1.000
 CON46          1.000         1.000         1.000         1.000         1.000
 CON75          1.000         1.000         1.000         1.000         1.000
 CON109         1.000         1.000         1.000         1.000         1.000
 CON6           1.000         1.000         1.000         1.000         1.000
 CON116         1.000         1.000         1.000         1.000         1.000


           Covariance Coverage
              CON10         CON94         CON2          CON9          CON95
              ________      ________      ________      ________      ________
 CON10          1.000
 CON94          1.000         1.000
 CON2           1.000         1.000         1.000
 CON9           1.000         1.000         1.000         1.000
 CON95          1.000         1.000         1.000         1.000         1.000
 CON59          1.000         1.000         1.000         1.000         1.000
 CON79          1.000         1.000         1.000         1.000         1.000
 CON7           1.000         1.000         1.000         1.000         1.000
 CON21          1.000         1.000         1.000         1.000         1.000
 CON71          1.000         1.000         1.000         1.000         1.000
 CON52          1.000         1.000         1.000         1.000         1.000
 CON77          1.000         1.000         1.000         1.000         1.000
 CON8           1.000         1.000         1.000         1.000         1.000
 CON66          1.000         1.000         1.000         1.000         1.000
 CON115         1.000         1.000         1.000         1.000         1.000
 CON56          1.000         1.000         1.000         1.000         1.000
 CON5           1.000         1.000         1.000         1.000         1.000
 CON57          1.000         1.000         1.000         1.000         1.000
 CON11          1.000         1.000         1.000         1.000         1.000
 CON20          1.000         1.000         1.000         1.000         1.000
 CON97          1.000         1.000         1.000         1.000         1.000
 CON22          1.000         1.000         1.000         1.000         1.000
 CON45          1.000         1.000         1.000         1.000         1.000
 CON100         1.000         1.000         1.000         1.000         1.000
 CON37          1.000         1.000         1.000         1.000         1.000
 CON46          1.000         1.000         1.000         1.000         1.000
 CON75          1.000         1.000         1.000         1.000         1.000
 CON109         1.000         1.000         1.000         1.000         1.000
 CON6           1.000         1.000         1.000         1.000         1.000
 CON116         1.000         1.000         1.000         1.000         1.000


           Covariance Coverage
              CON59         CON79         CON7          CON21         CON71
              ________      ________      ________      ________      ________
 CON59          1.000
 CON79          1.000         1.000
 CON7           1.000         1.000         1.000
 CON21          1.000         1.000         1.000         1.000
 CON71          1.000         1.000         1.000         1.000         1.000
 CON52          1.000         1.000         1.000         1.000         1.000
 CON77          1.000         1.000         1.000         1.000         1.000
 CON8           1.000         1.000         1.000         1.000         1.000
 CON66          1.000         1.000         1.000         1.000         1.000
 CON115         1.000         1.000         1.000         1.000         1.000
 CON56          1.000         1.000         1.000         1.000         1.000
 CON5           1.000         1.000         1.000         1.000         1.000
 CON57          1.000         1.000         1.000         1.000         1.000
 CON11          1.000         1.000         1.000         1.000         1.000
 CON20          1.000         1.000         1.000         1.000         1.000
 CON97          1.000         1.000         1.000         1.000         1.000
 CON22          1.000         1.000         1.000         1.000         1.000
 CON45          1.000         1.000         1.000         1.000         1.000
 CON100         1.000         1.000         1.000         1.000         1.000
 CON37          1.000         1.000         1.000         1.000         1.000
 CON46          1.000         1.000         1.000         1.000         1.000
 CON75          1.000         1.000         1.000         1.000         1.000
 CON109         1.000         1.000         1.000         1.000         1.000
 CON6           1.000         1.000         1.000         1.000         1.000
 CON116         1.000         1.000         1.000         1.000         1.000


           Covariance Coverage
              CON52         CON77         CON8          CON66         CON115
              ________      ________      ________      ________      ________
 CON52          1.000
 CON77          1.000         1.000
 CON8           1.000         1.000         1.000
 CON66          1.000         1.000         1.000         1.000
 CON115         1.000         1.000         1.000         1.000         1.000
 CON56          1.000         1.000         1.000         1.000         1.000
 CON5           1.000         1.000         1.000         1.000         1.000
 CON57          1.000         1.000         1.000         1.000         1.000
 CON11          1.000         1.000         1.000         1.000         1.000
 CON20          1.000         1.000         1.000         1.000         1.000
 CON97          1.000         1.000         1.000         1.000         1.000
 CON22          1.000         1.000         1.000         1.000         1.000
 CON45          1.000         1.000         1.000         1.000         1.000
 CON100         1.000         1.000         1.000         1.000         1.000
 CON37          1.000         1.000         1.000         1.000         1.000
 CON46          1.000         1.000         1.000         1.000         1.000
 CON75          1.000         1.000         1.000         1.000         1.000
 CON109         1.000         1.000         1.000         1.000         1.000
 CON6           1.000         1.000         1.000         1.000         1.000
 CON116         1.000         1.000         1.000         1.000         1.000


           Covariance Coverage
              CON56         CON5          CON57         CON11         CON20
              ________      ________      ________      ________      ________
 CON56          1.000
 CON5           1.000         1.000
 CON57          1.000         1.000         1.000
 CON11          1.000         1.000         1.000         1.000
 CON20          1.000         1.000         1.000         1.000         1.000
 CON97          1.000         1.000         1.000         1.000         1.000
 CON22          1.000         1.000         1.000         1.000         1.000
 CON45          1.000         1.000         1.000         1.000         1.000
 CON100         1.000         1.000         1.000         1.000         1.000
 CON37          1.000         1.000         1.000         1.000         1.000
 CON46          1.000         1.000         1.000         1.000         1.000
 CON75          1.000         1.000         1.000         1.000         1.000
 CON109         1.000         1.000         1.000         1.000         1.000
 CON6           1.000         1.000         1.000         1.000         1.000
 CON116         1.000         1.000         1.000         1.000         1.000


           Covariance Coverage
              CON97         CON22         CON45         CON100        CON37
              ________      ________      ________      ________      ________
 CON97          1.000
 CON22          1.000         1.000
 CON45          1.000         1.000         1.000
 CON100         1.000         1.000         1.000         1.000
 CON37          1.000         1.000         1.000         1.000         1.000
 CON46          1.000         1.000         1.000         1.000         1.000
 CON75          1.000         1.000         1.000         1.000         1.000
 CON109         1.000         1.000         1.000         1.000         1.000
 CON6           1.000         1.000         1.000         1.000         1.000
 CON116         1.000         1.000         1.000         1.000         1.000


           Covariance Coverage
              CON46         CON75         CON109        CON6          CON116
              ________      ________      ________      ________      ________
 CON46          1.000
 CON75          1.000         1.000
 CON109         1.000         1.000         1.000
 CON6           1.000         1.000         1.000         1.000
 CON116         1.000         1.000         1.000         1.000         1.000


UNIVARIATE PROPORTIONS AND COUNTS FOR CATEGORICAL VARIABLES

    CON110
      Category 1    0.044       16.000
      Category 2    0.175       63.000
      Category 3    0.429      155.000
      Category 4    0.227       82.000
      Category 5    0.125       45.000
    CON105
      Category 1    0.036       13.000
      Category 2    0.158       57.000
      Category 3    0.343      124.000
      Category 4    0.324      117.000
      Category 5    0.139       50.000
    CON29
      Category 1    0.183       66.000
      Category 2    0.335      121.000
      Category 3    0.296      107.000
      Category 4    0.127       46.000
      Category 5    0.058       21.000
    CON106
      Category 1    0.119       43.000
      Category 2    0.211       76.000
      Category 3    0.346      125.000
      Category 4    0.222       80.000
      Category 5    0.102       37.000
    CON93
      Category 1    0.227       82.000
      Category 2    0.377      136.000
      Category 3    0.263       95.000
      Category 4    0.086       31.000
      Category 5    0.047       17.000
    CON25
      Category 1    0.042       15.000
      Category 2    0.094       34.000
      Category 3    0.366      132.000
      Category 4    0.380      137.000
      Category 5    0.119       43.000
    CON68
      Category 1    0.014        5.000
      Category 2    0.058       21.000
      Category 3    0.330      119.000
      Category 4    0.368      133.000
      Category 5    0.230       83.000
    CON73
      Category 1    0.006        2.000
      Category 2    0.064       23.000
      Category 3    0.319      115.000
      Category 4    0.385      139.000
      Category 5    0.227       82.000
    CON102
      Category 1    0.019        7.000
      Category 2    0.130       47.000
      Category 3    0.429      155.000
      Category 4    0.277      100.000
      Category 5    0.144       52.000
    CON15
      Category 1    0.044       16.000
      Category 2    0.202       73.000
      Category 3    0.355      128.000
      Category 4    0.288      104.000
      Category 5    0.111       40.000
    CON1
      Category 1    0.003        1.000
      Category 2    0.069       25.000
      Category 3    0.316      114.000
      Category 4    0.396      143.000
      Category 5    0.216       78.000
    CON114
      Category 1    0.006        2.000
      Category 2    0.050       18.000
      Category 3    0.163       59.000
      Category 4    0.380      137.000
      Category 5    0.402      145.000
    CON4
      Category 1    0.017        6.000
      Category 2    0.083       30.000
      Category 3    0.260       94.000
      Category 4    0.349      126.000
      Category 5    0.291      105.000
    CON23
      Category 1    0.006        2.000
      Category 2    0.053       19.000
      Category 3    0.255       92.000
      Category 4    0.471      170.000
      Category 5    0.216       78.000
    CON88
      Category 1    0.280      101.000
      Category 2    0.416      150.000
      Category 3    0.211       76.000
      Category 4    0.066       24.000
      Category 5    0.028       10.000
    CON10
      Category 1    0.177       64.000
      Category 2    0.307      111.000
      Category 3    0.310      112.000
      Category 4    0.161       58.000
      Category 5    0.044       16.000
    CON94
      Category 1    0.058       21.000
      Category 2    0.274       99.000
      Category 3    0.427      154.000
      Category 4    0.186       67.000
      Category 5    0.055       20.000
    CON2
      Category 1    0.102       37.000
      Category 2    0.307      111.000
      Category 3    0.341      123.000
      Category 4    0.158       57.000
      Category 5    0.091       33.000
    CON9
      Category 1    0.061       22.000
      Category 2    0.230       83.000
      Category 3    0.296      107.000
      Category 4    0.271       98.000
      Category 5    0.141       51.000
    CON95
      Category 1    0.166       60.000
      Category 2    0.371      134.000
      Category 3    0.252       91.000
      Category 4    0.147       53.000
      Category 5    0.064       23.000
    CON59
      Category 1    0.205       74.000
      Category 2    0.216       78.000
      Category 3    0.294      106.000
      Category 4    0.163       59.000
      Category 5    0.122       44.000
    CON79
      Category 1    0.158       57.000
      Category 2    0.313      113.000
      Category 3    0.302      109.000
      Category 4    0.141       51.000
      Category 5    0.086       31.000
    CON7
      Category 1    0.175       63.000
      Category 2    0.357      129.000
      Category 3    0.260       94.000
      Category 4    0.139       50.000
      Category 5    0.069       25.000
    CON21
      Category 1    0.183       66.000
      Category 2    0.449      162.000
      Category 3    0.227       82.000
      Category 4    0.100       36.000
      Category 5    0.042       15.000
    CON71
      Category 1    0.177       64.000
      Category 2    0.440      159.000
      Category 3    0.260       94.000
      Category 4    0.094       34.000
      Category 5    0.028       10.000
    CON52
      Category 1    0.285      103.000
      Category 2    0.452      163.000
      Category 3    0.194       70.000
      Category 4    0.053       19.000
      Category 5    0.017        6.000
    CON77
      Category 1    0.017        6.000
      Category 2    0.091       33.000
      Category 3    0.249       90.000
      Category 4    0.357      129.000
      Category 5    0.285      103.000
    CON8
      Category 1    0.161       58.000
      Category 2    0.449      162.000
      Category 3    0.291      105.000
      Category 4    0.075       27.000
      Category 5    0.025        9.000
    CON66
      Category 1    0.008        3.000
      Category 2    0.086       31.000
      Category 3    0.321      116.000
      Category 4    0.368      133.000
      Category 5    0.216       78.000
    CON115
      Category 1    0.055       20.000
      Category 2    0.324      117.000
      Category 3    0.327      118.000
      Category 4    0.188       68.000
      Category 5    0.105       38.000
    CON56
      Category 1    0.197       71.000
      Category 2    0.260       94.000
      Category 3    0.327      118.000
      Category 4    0.158       57.000
      Category 5    0.058       21.000
    CON5
      Category 1    0.019        7.000
      Category 2    0.116       42.000
      Category 3    0.341      123.000
      Category 4    0.319      115.000
      Category 5    0.205       74.000
    CON57
      Category 1    0.039       14.000
      Category 2    0.139       50.000
      Category 3    0.402      145.000
      Category 4    0.252       91.000
      Category 5    0.169       61.000
    CON11
      Category 1    0.006        2.000
      Category 2    0.119       43.000
      Category 3    0.452      163.000
      Category 4    0.341      123.000
      Category 5    0.083       30.000
    CON20
      Category 1    0.019        7.000
      Category 2    0.122       44.000
      Category 3    0.352      127.000
      Category 4    0.357      129.000
      Category 5    0.150       54.000
    CON97
      Category 1    0.061       22.000
      Category 2    0.247       89.000
      Category 3    0.457      165.000
      Category 4    0.183       66.000
      Category 5    0.053       19.000
    CON22
      Category 1    0.097       35.000
      Category 2    0.224       81.000
      Category 3    0.380      137.000
      Category 4    0.205       74.000
      Category 5    0.094       34.000
    CON45
      Category 1    0.030       11.000
      Category 2    0.158       57.000
      Category 3    0.446      161.000
      Category 4    0.274       99.000
      Category 5    0.091       33.000
    CON100
      Category 1    0.199       72.000
      Category 2    0.474      171.000
      Category 3    0.249       90.000
      Category 4    0.064       23.000
      Category 5    0.014        5.000
    CON37
      Category 1    0.014        5.000
      Category 2    0.105       38.000
      Category 3    0.424      153.000
      Category 4    0.341      123.000
      Category 5    0.116       42.000
    CON46
      Category 1    0.042       15.000
      Category 2    0.094       34.000
      Category 3    0.407      147.000
      Category 4    0.338      122.000
      Category 5    0.119       43.000
    CON75
      Category 1    0.014        5.000
      Category 2    0.089       32.000
      Category 3    0.360      130.000
      Category 4    0.377      136.000
      Category 5    0.161       58.000
    CON109
      Category 1    0.008        3.000
      Category 2    0.078       28.000
      Category 3    0.363      131.000
      Category 4    0.360      130.000
      Category 5    0.191       69.000
    CON6
      Category 1    0.019        7.000
      Category 2    0.141       51.000
      Category 3    0.432      156.000
      Category 4    0.335      121.000
      Category 5    0.072       26.000
    CON116
      Category 1    0.075       27.000
      Category 2    0.382      138.000
      Category 3    0.330      119.000
      Category 4    0.155       56.000
      Category 5    0.058       21.000



THE MODEL ESTIMATION TERMINATED NORMALLY



MODEL FIT INFORMATION

Number of Free Parameters                      234

Chi-Square Test of Model Fit

          Value                           2903.003*
          Degrees of Freedom                   936
          P-Value                           0.0000

*   The chi-square value for MLM, MLMV, MLR, ULSMV, WLSM and WLSMV cannot be used
    for chi-square difference testing in the regular way.  MLM, MLR and WLSM
    chi-square difference testing is described on the Mplus website.  MLMV, WLSMV,
    and ULSMV difference testing is done using the DIFFTEST option.

RMSEA (Root Mean Square Error Of Approximation)

          Estimate                           0.076
          90 Percent C.I.                    0.073  0.079
          Probability RMSEA <= .05           0.000

CFI/TLI

          CFI                                0.771
          TLI                                0.758

Chi-Square Test of Model Fit for the Baseline Model

          Value                           9572.333
          Degrees of Freedom                   990
          P-Value                           0.0000

WRMR (Weighted Root Mean Square Residual)

          Value                              2.043



MODEL RESULTS

                                                    Two-Tailed
                    Estimate       S.E.  Est./S.E.    P-Value

 CONTROL  BY
    CON110             1.000      0.000    999.000    999.000
    CON105             1.127      0.160      7.052      0.000
    CON29              0.350      0.107      3.262      0.001
    CON106             0.568      0.097      5.843      0.000
    CON93             -0.450      0.128     -3.504      0.000

 CAUTION  BY
    CON25              1.000      0.000    999.000    999.000
    CON68              1.161      0.133      8.726      0.000
    CON73              1.485      0.152      9.750      0.000
    CON102             1.019      0.123      8.264      0.000
    CON15              0.633      0.114      5.528      0.000

 GOAL     BY
    CON1               1.000      0.000    999.000    999.000
    CON114             0.975      0.049     19.941      0.000
    CON4               0.947      0.047     20.273      0.000
    CON23              1.016      0.042     23.912      0.000
    CON88             -0.798      0.055    -14.475      0.000

 LACKOFC  BY
    CON10              1.000      0.000    999.000    999.000
    CON94              0.955      0.128      7.478      0.000
    CON2               0.950      0.132      7.189      0.000
    CON9               1.029      0.125      8.263      0.000
    CON95              0.891      0.132      6.730      0.000

 ORDER    BY
    CON59              1.000      0.000    999.000    999.000
    CON79              1.000      0.073     13.703      0.000
    CON7               1.192      0.074     16.213      0.000
    CON21              1.051      0.076     13.822      0.000
    CON71              1.172      0.086     13.701      0.000

 PERSERV  BY
    CON52              1.000      0.000    999.000    999.000
    CON77             -0.844      0.061    -13.934      0.000
    CON8               0.675      0.061     11.048      0.000
    CON66             -0.222      0.078     -2.830      0.005
    CON116             0.470      0.067      6.980      0.000

 PRLOAD   BY
    CON115             1.000      0.000    999.000    999.000
    CON56             -1.177      0.162     -7.257      0.000
    CON5               1.299      0.148      8.749      0.000
    CON57              0.587      0.107      5.475      0.000
    CON11              1.364      0.195      6.997      0.000

 PROCRAS  BY
    CON20              1.000      0.000    999.000    999.000
    CON97              0.956      0.124      7.723      0.000
    CON22              0.651      0.111      5.880      0.000
    CON45              0.884      0.103      8.567      0.000
    CON100            -1.154      0.117     -9.843      0.000

 TASKPL   BY
    CON37              1.000      0.000    999.000    999.000
    CON46              0.790      0.053     15.002      0.000
    CON75              0.868      0.053     16.257      0.000
    CON109             0.739      0.059     12.553      0.000
    CON6               0.978      0.055     17.888      0.000

 CONSCIEN BY
    CONTROL            1.000      0.000    999.000    999.000
    CAUTION            1.547      0.292      5.292      0.000
    GOAL               2.725      0.450      6.050      0.000
    LACKOFC           -1.126      0.240     -4.691      0.000
    ORDER             -1.325      0.251     -5.287      0.000
    PERSERV           -2.254      0.381     -5.912      0.000
    PRLOAD             1.198      0.238      5.035      0.000
    PROCRAS            1.657      0.284      5.844      0.000
    TASKPL             2.307      0.374      6.172      0.000

 Thresholds
    CON110$1          -1.703      0.116    -14.718      0.000
    CON110$2          -0.776      0.074    -10.528      0.000
    CON110$3           0.380      0.068      5.617      0.000
    CON110$4           1.152      0.085     13.614      0.000
    CON105$1          -1.799      0.124    -14.510      0.000
    CON105$2          -0.864      0.076    -11.403      0.000
    CON105$3           0.094      0.066      1.421      0.155
    CON105$4           1.087      0.082     13.212      0.000
    CON29$1           -0.905      0.077    -11.783      0.000
    CON29$2            0.045      0.066      0.684      0.494
    CON29$3            0.894      0.077     11.689      0.000
    CON29$4            1.570      0.106     14.820      0.000
    CON106$1          -1.179      0.086    -13.767      0.000
    CON106$2          -0.441      0.068     -6.451      0.000
    CON106$3           0.456      0.069      6.659      0.000
    CON106$4           1.267      0.089     14.187      0.000
    CON93$1           -0.748      0.073    -10.231      0.000
    CON93$2            0.263      0.067      3.943      0.000
    CON93$3            1.112      0.083     13.376      0.000
    CON93$4            1.674      0.113     14.758      0.000
    CON25$1           -1.733      0.118    -14.664      0.000
    CON25$2           -1.100      0.083    -13.294      0.000
    CON25$3            0.003      0.066      0.053      0.958
    CON25$4            1.179      0.086     13.767      0.000
    CON68$1           -2.201      0.174    -12.655      0.000
    CON68$2           -1.461      0.099    -14.735      0.000
    CON68$3           -0.249      0.067     -3.733      0.000
    CON68$4            0.739      0.073     10.132      0.000
    CON73$1           -2.540      0.247    -10.300      0.000
    CON73$2           -1.481      0.100    -14.763      0.000
    CON73$3           -0.285      0.067     -4.258      0.000
    CON73$4            0.748      0.073     10.231      0.000
    CON102$1          -2.067      0.154    -13.429      0.000
    CON102$2          -1.038      0.081    -12.872      0.000
    CON102$3           0.199      0.066      2.998      0.003
    CON102$4           1.062      0.081     13.043      0.000
    CON15$1           -1.703      0.116    -14.718      0.000
    CON15$2           -0.685      0.072     -9.531      0.000
    CON15$3            0.256      0.067      3.838      0.000
    CON15$4            1.222      0.087     13.985      0.000
    CON1$1            -2.774      0.325     -8.538      0.000
    CON1$2            -1.461      0.099    -14.735      0.000
    CON1$3            -0.285      0.067     -4.258      0.000
    CON1$4             0.786      0.074     10.627      0.000
    CON114$1          -2.540      0.247    -10.300      0.000
    CON114$2          -1.595      0.108    -14.818      0.000
    CON114$3          -0.776      0.074    -10.528      0.000
    CON114$4           0.249      0.067      3.733      0.000
    CON4$1            -2.129      0.163    -13.086      0.000
    CON4$2            -1.283      0.090    -14.251      0.000
    CON4$3            -0.358      0.068     -5.304      0.000
    CON4$4             0.551      0.070      7.900      0.000
    CON23$1           -2.540      0.247    -10.300      0.000
    CON23$2           -1.570      0.106    -14.820      0.000
    CON23$3           -0.487      0.069     -7.074      0.000
    CON23$4            0.786      0.074     10.627      0.000
    CON88$1           -0.583      0.070     -8.311      0.000
    CON88$2            0.511      0.069      7.384      0.000
    CON88$3            1.315      0.092     14.371      0.000
    CON88$4            1.916      0.136     14.123      0.000
    CON10$1           -0.926      0.077    -11.970      0.000
    CON10$2           -0.038      0.066     -0.579      0.563
    CON10$3            0.824      0.075     11.018      0.000
    CON10$4            1.703      0.116     14.718      0.000
    CON94$1           -1.570      0.106    -14.820      0.000
    CON94$2           -0.433      0.068     -6.347      0.000
    CON94$3            0.703      0.072      9.732      0.000
    CON94$4            1.595      0.108     14.818      0.000
    CON2$1            -1.267      0.089    -14.187      0.000
    CON2$2            -0.228      0.067     -3.418      0.001
    CON2$3             0.677      0.072      9.430      0.000
    CON2$4             1.332      0.092     14.427      0.000
    CON9$1            -1.547      0.104    -14.815      0.000
    CON9$2            -0.551      0.070     -7.900      0.000
    CON9$3             0.220      0.067      3.313      0.001
    CON9$4             1.075      0.082     13.128      0.000
    CON95$1           -0.969      0.079    -12.338      0.000
    CON95$2            0.094      0.066      1.421      0.155
    CON95$3            0.805      0.074     10.823      0.000
    CON95$4            1.524      0.103     14.804      0.000
    CON59$1           -0.824      0.075    -11.018      0.000
    CON59$2           -0.199      0.066     -2.998      0.003
    CON59$3            0.567      0.070      8.105      0.000
    CON59$4            1.166      0.085     13.691      0.000
    CON79$1           -1.003      0.080    -12.608      0.000
    CON79$2           -0.073      0.066     -1.105      0.269
    CON79$3            0.748      0.073     10.231      0.000
    CON79$4            1.367      0.094     14.532      0.000
    CON7$1            -0.936      0.078    -12.063      0.000
    CON7$2             0.080      0.066      1.210      0.226
    CON7$3             0.814      0.075     10.920      0.000
    CON7$4             1.481      0.100     14.763      0.000
    CON21$1           -0.905      0.077    -11.783      0.000
    CON21$2            0.336      0.067      4.991      0.000
    CON21$3            1.075      0.082     13.128      0.000
    CON21$4            1.733      0.118     14.664      0.000
    CON71$1           -0.926      0.077    -11.970      0.000
    CON71$2            0.300      0.067      4.467      0.000
    CON71$3            1.166      0.085     13.691      0.000
    CON71$4            1.916      0.136     14.123      0.000
    CON52$1           -0.567      0.070     -8.105      0.000
    CON52$2            0.634      0.071      8.923      0.000
    CON52$3            1.481      0.100     14.763      0.000
    CON52$4            2.129      0.163     13.086      0.000
    CON77$1           -2.129      0.163    -13.086      0.000
    CON77$2           -1.237      0.088    -14.054      0.000
    CON77$3           -0.366      0.068     -5.409      0.000
    CON77$4            0.567      0.070      8.105      0.000
    CON8$1            -0.992      0.079    -12.519      0.000
    CON8$2             0.278      0.067      4.153      0.000
    CON8$3             1.283      0.090     14.251      0.000
    CON8$4             1.961      0.141     13.935      0.000
    CON66$1           -2.395      0.211    -11.361      0.000
    CON66$2           -1.315      0.092    -14.371      0.000
    CON66$3           -0.213      0.067     -3.208      0.001
    CON66$4            0.786      0.074     10.627      0.000
    CON115$1          -1.595      0.108    -14.818      0.000
    CON115$2          -0.307      0.067     -4.572      0.000
    CON115$3           0.543      0.070      7.797      0.000
    CON115$4           1.252      0.089     14.121      0.000
    CON56$1           -0.854      0.075    -11.308      0.000
    CON56$2           -0.108      0.066     -1.631      0.103
    CON56$3            0.786      0.074     10.627      0.000
    CON56$4            1.570      0.106     14.820      0.000
    CON5$1            -2.067      0.154    -13.429      0.000
    CON5$2            -1.100      0.083    -13.294      0.000
    CON5$3            -0.059      0.066     -0.895      0.371
    CON5$4             0.824      0.075     11.018      0.000
    CON57$1           -1.765      0.121    -14.596      0.000
    CON57$2           -0.926      0.077    -11.970      0.000
    CON57$3            0.199      0.066      2.998      0.003
    CON57$4            0.958      0.078     12.247      0.000
    CON11$1           -2.540      0.247    -10.300      0.000
    CON11$2           -1.152      0.085    -13.614      0.000
    CON11$3            0.192      0.066      2.893      0.004
    CON11$4            1.385      0.095     14.580      0.000
    CON20$1           -2.067      0.154    -13.429      0.000
    CON20$2           -1.075      0.082    -13.128      0.000
    CON20$3           -0.017      0.066     -0.263      0.792
    CON20$4            1.038      0.081     12.872      0.000
    CON97$1           -1.547      0.104    -14.815      0.000
    CON97$2           -0.503      0.069     -7.281      0.000
    CON97$3            0.721      0.073      9.932      0.000
    CON97$4            1.620      0.109     14.807      0.000
    CON22$1           -1.299      0.091    -14.312      0.000
    CON22$2           -0.464      0.069     -6.763      0.000
    CON22$3            0.527      0.069      7.591      0.000
    CON22$4            1.315      0.092     14.371      0.000
    CON45$1           -1.874      0.131    -14.278      0.000
    CON45$2           -0.884      0.076    -11.594      0.000
    CON45$3            0.343      0.067      5.095      0.000
    CON45$4            1.332      0.092     14.427      0.000
    CON100$1          -0.844      0.075    -11.211      0.000
    CON100$2           0.449      0.068      6.555      0.000
    CON100$3           1.422      0.097     14.665      0.000
    CON100$4           2.201      0.174     12.655      0.000
    CON37$1           -2.201      0.174    -12.655      0.000
    CON37$2           -1.179      0.086    -13.767      0.000
    CON37$3            0.108      0.066      1.631      0.103
    CON37$4            1.193      0.086     13.841      0.000
    CON46$1           -1.733      0.118    -14.664      0.000
    CON46$2           -1.100      0.083    -13.294      0.000
    CON46$3            0.108      0.066      1.631      0.103
    CON46$4            1.179      0.086     13.767      0.000
    CON75$1           -2.201      0.174    -12.655      0.000
    CON75$2           -1.267      0.089    -14.187      0.000
    CON75$3           -0.094      0.066     -1.421      0.155
    CON75$4            0.992      0.079     12.519      0.000
    CON109$1          -2.395      0.211    -11.361      0.000
    CON109$2          -1.367      0.094    -14.532      0.000
    CON109$3          -0.129      0.066     -1.947      0.052
    CON109$4           0.874      0.076     11.499      0.000
    CON6$1            -2.067      0.154    -13.429      0.000
    CON6$2            -0.992      0.079    -12.519      0.000
    CON6$3             0.235      0.067      3.523      0.000
    CON6$4             1.461      0.099     14.735      0.000
    CON116$1          -1.441      0.098    -14.702      0.000
    CON116$2          -0.108      0.066     -1.631      0.103
    CON116$3           0.795      0.074     10.725      0.000
    CON116$4           1.570      0.106     14.820      0.000

 Variances
    CONSCIENT          0.074      0.024      3.026      0.002

 Residual Variances
    CONTROL            0.381      0.056      6.855      0.000
    CAUTION            0.078      0.019      4.077      0.000
    GOAL               0.027      0.019      1.443      0.149
    LACKOFC            0.287      0.056      5.154      0.000
    ORDER              0.340      0.038      8.859      0.000
    PERSERV            0.289      0.037      7.727      0.000
    PRLOAD             0.158      0.031      5.111      0.000
    PROCRAS            0.121      0.029      4.212      0.000
    TASKPL             0.192      0.025      7.669      0.000


STANDARDIZED MODEL RESULTS


STDYX Standardization

                                                    Two-Tailed
                    Estimate       S.E.  Est./S.E.    P-Value

 CONTROL  BY
    CON110             0.675      0.051     13.324      0.000
    CON105             0.760      0.066     11.546      0.000
    CON29              0.236      0.072      3.261      0.001
    CON106             0.383      0.060      6.372      0.000
    CON93             -0.303      0.080     -3.785      0.000

 CAUTION  BY
    CON25              0.504      0.047     10.730      0.000
    CON68              0.585      0.042     13.970      0.000
    CON73              0.748      0.034     22.133      0.000
    CON102             0.513      0.042     12.193      0.000
    CON15              0.319      0.048      6.685      0.000

 GOAL     BY
    CON1               0.758      0.026     29.112      0.000
    CON114             0.740      0.029     25.682      0.000
    CON4               0.718      0.030     24.009      0.000
    CON23              0.770      0.026     30.136      0.000
    CON88             -0.605      0.036    -17.034      0.000

 LACKOFC  BY
    CON10              0.617      0.057     10.825      0.000
    CON94              0.589      0.052     11.330      0.000
    CON2               0.586      0.051     11.460      0.000
    CON9               0.635      0.051     12.516      0.000
    CON95              0.549      0.057      9.560      0.000

 ORDER    BY
    CON59              0.685      0.037     18.615      0.000
    CON79              0.685      0.038     18.075      0.000
    CON7               0.817      0.027     30.740      0.000
    CON21              0.720      0.035     20.316      0.000
    CON71              0.803      0.039     20.498      0.000

 PERSERV  BY
    CON52              0.815      0.031     25.942      0.000
    CON77             -0.688      0.036    -19.353      0.000
    CON8               0.550      0.042     12.941      0.000
    CON66             -0.181      0.063     -2.880      0.004
    CON116             0.383      0.054      7.125      0.000

 PRLOAD   BY
    CON115             0.513      0.052      9.955      0.000
    CON56             -0.604      0.048    -12.470      0.000
    CON5               0.667      0.043     15.670      0.000
    CON57              0.301      0.050      5.974      0.000
    CON11              0.700      0.061     11.483      0.000

 PROCRAS  BY
    CON20              0.569      0.048     11.813      0.000
    CON97              0.544      0.048     11.452      0.000
    CON22              0.370      0.054      6.850      0.000
    CON45              0.503      0.047     10.798      0.000
    CON100            -0.656      0.041    -15.951      0.000

 TASKPL   BY
    CON37              0.765      0.028     27.481      0.000
    CON46              0.604      0.037     16.114      0.000
    CON75              0.664      0.037     18.023      0.000
    CON109             0.565      0.040     14.308      0.000
    CON6               0.748      0.035     21.515      0.000

 CONSCIEN BY
    CONTROL            0.402      0.052      7.715      0.000
    CAUTION            0.833      0.027     30.708      0.000
    GOAL               0.976      0.017     59.034      0.000
    LACKOFC           -0.496      0.044    -11.371      0.000
    ORDER             -0.525      0.039    -13.538      0.000
    PERSERV           -0.751      0.030    -25.212      0.000
    PRLOAD             0.634      0.038     16.893      0.000
    PROCRAS            0.791      0.034     23.328      0.000
    TASKPL             0.819      0.023     35.895      0.000

 Thresholds
    CON110$1          -1.703      0.116    -14.718      0.000
    CON110$2          -0.776      0.074    -10.528      0.000
    CON110$3           0.380      0.068      5.617      0.000
    CON110$4           1.152      0.085     13.614      0.000
    CON105$1          -1.799      0.124    -14.510      0.000
    CON105$2          -0.864      0.076    -11.403      0.000
    CON105$3           0.094      0.066      1.421      0.155
    CON105$4           1.087      0.082     13.212      0.000
    CON29$1           -0.905      0.077    -11.783      0.000
    CON29$2            0.045      0.066      0.684      0.494
    CON29$3            0.894      0.077     11.689      0.000
    CON29$4            1.570      0.106     14.820      0.000
    CON106$1          -1.179      0.086    -13.767      0.000
    CON106$2          -0.441      0.068     -6.451      0.000
    CON106$3           0.456      0.069      6.659      0.000
    CON106$4           1.267      0.089     14.187      0.000
    CON93$1           -0.748      0.073    -10.231      0.000
    CON93$2            0.263      0.067      3.943      0.000
    CON93$3            1.112      0.083     13.376      0.000
    CON93$4            1.674      0.113     14.758      0.000
    CON25$1           -1.733      0.118    -14.664      0.000
    CON25$2           -1.100      0.083    -13.294      0.000
    CON25$3            0.003      0.066      0.053      0.958
    CON25$4            1.179      0.086     13.767      0.000
    CON68$1           -2.201      0.174    -12.655      0.000
    CON68$2           -1.461      0.099    -14.735      0.000
    CON68$3           -0.249      0.067     -3.733      0.000
    CON68$4            0.739      0.073     10.132      0.000
    CON73$1           -2.540      0.247    -10.300      0.000
    CON73$2           -1.481      0.100    -14.763      0.000
    CON73$3           -0.285      0.067     -4.258      0.000
    CON73$4            0.748      0.073     10.231      0.000
    CON102$1          -2.067      0.154    -13.429      0.000
    CON102$2          -1.038      0.081    -12.872      0.000
    CON102$3           0.199      0.066      2.998      0.003
    CON102$4           1.062      0.081     13.043      0.000
    CON15$1           -1.703      0.116    -14.718      0.000
    CON15$2           -0.685      0.072     -9.531      0.000
    CON15$3            0.256      0.067      3.838      0.000
    CON15$4            1.222      0.087     13.985      0.000
    CON1$1            -2.774      0.325     -8.538      0.000
    CON1$2            -1.461      0.099    -14.735      0.000
    CON1$3            -0.285      0.067     -4.258      0.000
    CON1$4             0.786      0.074     10.627      0.000
    CON114$1          -2.540      0.247    -10.300      0.000
    CON114$2          -1.595      0.108    -14.818      0.000
    CON114$3          -0.776      0.074    -10.528      0.000
    CON114$4           0.249      0.067      3.733      0.000
    CON4$1            -2.129      0.163    -13.086      0.000
    CON4$2            -1.283      0.090    -14.251      0.000
    CON4$3            -0.358      0.068     -5.304      0.000
    CON4$4             0.551      0.070      7.900      0.000
    CON23$1           -2.540      0.247    -10.300      0.000
    CON23$2           -1.570      0.106    -14.820      0.000
    CON23$3           -0.487      0.069     -7.074      0.000
    CON23$4            0.786      0.074     10.627      0.000
    CON88$1           -0.583      0.070     -8.311      0.000
    CON88$2            0.511      0.069      7.384      0.000
    CON88$3            1.315      0.092     14.371      0.000
    CON88$4            1.916      0.136     14.123      0.000
    CON10$1           -0.926      0.077    -11.970      0.000
    CON10$2           -0.038      0.066     -0.579      0.563
    CON10$3            0.824      0.075     11.018      0.000
    CON10$4            1.703      0.116     14.718      0.000
    CON94$1           -1.570      0.106    -14.820      0.000
    CON94$2           -0.433      0.068     -6.347      0.000
    CON94$3            0.703      0.072      9.732      0.000
    CON94$4            1.595      0.108     14.818      0.000
    CON2$1            -1.267      0.089    -14.187      0.000
    CON2$2            -0.228      0.067     -3.418      0.001
    CON2$3             0.677      0.072      9.430      0.000
    CON2$4             1.332      0.092     14.427      0.000
    CON9$1            -1.547      0.104    -14.815      0.000
    CON9$2            -0.551      0.070     -7.900      0.000
    CON9$3             0.220      0.067      3.313      0.001
    CON9$4             1.075      0.082     13.128      0.000
    CON95$1           -0.969      0.079    -12.338      0.000
    CON95$2            0.094      0.066      1.421      0.155
    CON95$3            0.805      0.074     10.823      0.000
    CON95$4            1.524      0.103     14.804      0.000
    CON59$1           -0.824      0.075    -11.018      0.000
    CON59$2           -0.199      0.066     -2.998      0.003
    CON59$3            0.567      0.070      8.105      0.000
    CON59$4            1.166      0.085     13.691      0.000
    CON79$1           -1.003      0.080    -12.608      0.000
    CON79$2           -0.073      0.066     -1.105      0.269
    CON79$3            0.748      0.073     10.231      0.000
    CON79$4            1.367      0.094     14.532      0.000
    CON7$1            -0.936      0.078    -12.063      0.000
    CON7$2             0.080      0.066      1.210      0.226
    CON7$3             0.814      0.075     10.920      0.000
    CON7$4             1.481      0.100     14.763      0.000
    CON21$1           -0.905      0.077    -11.783      0.000
    CON21$2            0.336      0.067      4.991      0.000
    CON21$3            1.075      0.082     13.128      0.000
    CON21$4            1.733      0.118     14.664      0.000
    CON71$1           -0.926      0.077    -11.970      0.000
    CON71$2            0.300      0.067      4.467      0.000
    CON71$3            1.166      0.085     13.691      0.000
    CON71$4            1.916      0.136     14.123      0.000
    CON52$1           -0.567      0.070     -8.105      0.000
    CON52$2            0.634      0.071      8.923      0.000
    CON52$3            1.481      0.100     14.763      0.000
    CON52$4            2.129      0.163     13.086      0.000
    CON77$1           -2.129      0.163    -13.086      0.000
    CON77$2           -1.237      0.088    -14.054      0.000
    CON77$3           -0.366      0.068     -5.409      0.000
    CON77$4            0.567      0.070      8.105      0.000
    CON8$1            -0.992      0.079    -12.519      0.000
    CON8$2             0.278      0.067      4.153      0.000
    CON8$3             1.283      0.090     14.251      0.000
    CON8$4             1.961      0.141     13.935      0.000
    CON66$1           -2.395      0.211    -11.361      0.000
    CON66$2           -1.315      0.092    -14.371      0.000
    CON66$3           -0.213      0.067     -3.208      0.001
    CON66$4            0.786      0.074     10.627      0.000
    CON115$1          -1.595      0.108    -14.818      0.000
    CON115$2          -0.307      0.067     -4.572      0.000
    CON115$3           0.543      0.070      7.797      0.000
    CON115$4           1.252      0.089     14.121      0.000
    CON56$1           -0.854      0.075    -11.308      0.000
    CON56$2           -0.108      0.066     -1.631      0.103
    CON56$3            0.786      0.074     10.627      0.000
    CON56$4            1.570      0.106     14.820      0.000
    CON5$1            -2.067      0.154    -13.429      0.000
    CON5$2            -1.100      0.083    -13.294      0.000
    CON5$3            -0.059      0.066     -0.895      0.371
    CON5$4             0.824      0.075     11.018      0.000
    CON57$1           -1.765      0.121    -14.596      0.000
    CON57$2           -0.926      0.077    -11.970      0.000
    CON57$3            0.199      0.066      2.998      0.003
    CON57$4            0.958      0.078     12.247      0.000
    CON11$1           -2.540      0.247    -10.300      0.000
    CON11$2           -1.152      0.085    -13.614      0.000
    CON11$3            0.192      0.066      2.893      0.004
    CON11$4            1.385      0.095     14.580      0.000
    CON20$1           -2.067      0.154    -13.429      0.000
    CON20$2           -1.075      0.082    -13.128      0.000
    CON20$3           -0.017      0.066     -0.263      0.792
    CON20$4            1.038      0.081     12.872      0.000
    CON97$1           -1.547      0.104    -14.815      0.000
    CON97$2           -0.503      0.069     -7.281      0.000
    CON97$3            0.721      0.073      9.932      0.000
    CON97$4            1.620      0.109     14.807      0.000
    CON22$1           -1.299      0.091    -14.312      0.000
    CON22$2           -0.464      0.069     -6.763      0.000
    CON22$3            0.527      0.069      7.591      0.000
    CON22$4            1.315      0.092     14.371      0.000
    CON45$1           -1.874      0.131    -14.278      0.000
    CON45$2           -0.884      0.076    -11.594      0.000
    CON45$3            0.343      0.067      5.095      0.000
    CON45$4            1.332      0.092     14.427      0.000
    CON100$1          -0.844      0.075    -11.211      0.000
    CON100$2           0.449      0.068      6.555      0.000
    CON100$3           1.422      0.097     14.665      0.000
    CON100$4           2.201      0.174     12.655      0.000
    CON37$1           -2.201      0.174    -12.655      0.000
    CON37$2           -1.179      0.086    -13.767      0.000
    CON37$3            0.108      0.066      1.631      0.103
    CON37$4            1.193      0.086     13.841      0.000
    CON46$1           -1.733      0.118    -14.664      0.000
    CON46$2           -1.100      0.083    -13.294      0.000
    CON46$3            0.108      0.066      1.631      0.103
    CON46$4            1.179      0.086     13.767      0.000
    CON75$1           -2.201      0.174    -12.655      0.000
    CON75$2           -1.267      0.089    -14.187      0.000
    CON75$3           -0.094      0.066     -1.421      0.155
    CON75$4            0.992      0.079     12.519      0.000
    CON109$1          -2.395      0.211    -11.361      0.000
    CON109$2          -1.367      0.094    -14.532      0.000
    CON109$3          -0.129      0.066     -1.947      0.052
    CON109$4           0.874      0.076     11.499      0.000
    CON6$1            -2.067      0.154    -13.429      0.000
    CON6$2            -0.992      0.079    -12.519      0.000
    CON6$3             0.235      0.067      3.523      0.000
    CON6$4             1.461      0.099     14.735      0.000
    CON116$1          -1.441      0.098    -14.702      0.000
    CON116$2          -0.108      0.066     -1.631      0.103
    CON116$3           0.795      0.074     10.725      0.000
    CON116$4           1.570      0.106     14.820      0.000

 Variances
    CONSCIENT          1.000      0.000    999.000    999.000

 Residual Variances
    CONTROL            0.838      0.042     19.954      0.000
    CAUTION            0.305      0.045      6.751      0.000
    GOAL               0.047      0.032      1.467      0.142
    LACKOFC            0.754      0.043     17.462      0.000
    ORDER              0.724      0.041     17.774      0.000
    PERSERV            0.436      0.045      9.738      0.000
    PRLOAD             0.598      0.048     12.563      0.000
    PROCRAS            0.374      0.054      6.979      0.000
    TASKPL             0.329      0.037      8.803      0.000


R-SQUARE

    Observed                                        Two-Tailed   Residual
    Variable        Estimate       S.E.  Est./S.E.    P-Value    Variance

    CON110             0.455      0.068      6.662      0.000      0.545
    CON105             0.578      0.100      5.773      0.000      0.422
    CON29              0.056      0.034      1.630      0.103      0.944
    CON106             0.147      0.046      3.186      0.001      0.853
    CON93              0.092      0.049      1.892      0.058      0.908
    CON25              0.254      0.047      5.365      0.000      0.746
    CON68              0.342      0.049      6.985      0.000      0.658
    CON73              0.560      0.051     11.067      0.000      0.440
    CON102             0.264      0.043      6.097      0.000      0.736
    CON15              0.102      0.030      3.343      0.001      0.898
    CON1               0.575      0.040     14.556      0.000      0.425
    CON114             0.547      0.043     12.841      0.000      0.453
    CON4               0.516      0.043     12.004      0.000      0.484
    CON23              0.594      0.039     15.068      0.000      0.406
    CON88              0.366      0.043      8.517      0.000      0.634
    CON10              0.380      0.070      5.413      0.000      0.620
    CON94              0.347      0.061      5.665      0.000      0.653
    CON2               0.343      0.060      5.730      0.000      0.657
    CON9               0.403      0.064      6.258      0.000      0.597
    CON95              0.302      0.063      4.780      0.000      0.698
    CON59              0.469      0.050      9.308      0.000      0.531
    CON79              0.469      0.052      9.038      0.000      0.531
    CON7               0.667      0.043     15.370      0.000      0.333
    CON21              0.518      0.051     10.158      0.000      0.482
    CON71              0.645      0.063     10.249      0.000      0.355
    CON52              0.664      0.051     12.971      0.000      0.336
    CON77              0.473      0.049      9.676      0.000      0.527
    CON8               0.302      0.047      6.470      0.000      0.698
    CON66              0.033      0.023      1.440      0.150      0.967
    CON115             0.263      0.053      4.977      0.000      0.737
    CON56              0.365      0.059      6.235      0.000      0.635
    CON5               0.444      0.057      7.835      0.000      0.556
    CON57              0.091      0.030      2.987      0.003      0.909
    CON11              0.491      0.085      5.741      0.000      0.509
    CON20              0.324      0.055      5.906      0.000      0.676
    CON97              0.296      0.052      5.726      0.000      0.704
    CON22              0.137      0.040      3.425      0.001      0.863
    CON45              0.253      0.047      5.399      0.000      0.747
    CON100             0.431      0.054      7.975      0.000      0.569
    CON37              0.585      0.043     13.740      0.000      0.415
    CON46              0.365      0.045      8.057      0.000      0.635
    CON75              0.441      0.049      9.012      0.000      0.559
    CON109             0.320      0.045      7.154      0.000      0.680
    CON6               0.559      0.052     10.757      0.000      0.441
    CON116             0.146      0.041      3.563      0.000      0.854

     Latent                                         Two-Tailed
    Variable        Estimate       S.E.  Est./S.E.    P-Value

    CONTROL            0.162      0.042      3.858      0.000
    CAUTION            0.695      0.045     15.354      0.000
    GOAL               0.953      0.032     29.517      0.000
    LACKOFC            0.246      0.043      5.685      0.000
    ORDER              0.276      0.041      6.769      0.000
    PERSERV            0.564      0.045     12.606      0.000
    PRLOAD             0.402      0.048      8.447      0.000
    PROCRAS            0.626      0.054     11.664      0.000
    TASKPL             0.671      0.037     17.947      0.000


QUALITY OF NUMERICAL RESULTS

     Condition Number for the Information Matrix              0.373E-05
       (ratio of smallest to largest eigenvalue)


MODEL MODIFICATION INDICES

NOTE:  Modification indices for direct effects of observed dependent variables
regressed on covariates and residual covariances among observed dependent
variables may not be included.  To include these, request MODINDICES (ALL).

Minimum M.I. value for printing the modification index     4.000

                                   M.I.     E.P.C.  Std E.P.C.  StdYX E.P.C.

BY Statements

CONTROL  BY CON4                  11.382     0.358      0.242        0.242
CONTROL  BY CON23                  6.416     0.279      0.188        0.188
CONTROL  BY CON94                 31.099     0.518      0.350        0.350
CONTROL  BY CON2                  18.663     0.412      0.278        0.278
CONTROL  BY CON95                 10.475     0.311      0.210        0.210
CONTROL  BY CON59                  7.085     0.255      0.172        0.172
CONTROL  BY CON79                 14.963     0.339      0.229        0.229
CONTROL  BY CON7                   5.183     0.209      0.141        0.141
CONTROL  BY CON21                 15.777     0.367      0.248        0.248
CONTROL  BY CON77                  7.824     0.292      0.197        0.197
CONTROL  BY CON8                   6.316     0.269      0.182        0.182
CONTROL  BY CON11                 17.644     0.440      0.297        0.297
CONTROL  BY CON109                 7.042     0.258      0.174        0.174
CONTROL  BY CON116                11.238     0.357      0.241        0.241
CAUTION  BY CON110                 7.658    -0.403     -0.203       -0.203
CAUTION  BY CON29                  5.600    -0.229     -0.115       -0.115
CAUTION  BY CON93                 98.705    -0.947     -0.477       -0.477
CAUTION  BY CON2                   9.405     0.374      0.189        0.189
CAUTION  BY CON79                  5.391     0.238      0.120        0.120
CAUTION  BY CON21                 10.171     0.344      0.173        0.173
CAUTION  BY CON71                 38.969    -0.679     -0.342       -0.342
CAUTION  BY CON52                 10.340     0.938      0.473        0.473
CAUTION  BY CON66                  6.258     0.541      0.272        0.272
CAUTION  BY CON115                14.038    -0.627     -0.316       -0.316
CAUTION  BY CON57                 45.749    -0.975     -0.492       -0.492
CAUTION  BY CON11                104.417     2.011      1.014        1.014
CAUTION  BY CON22                  4.587    -0.555     -0.280       -0.280
CAUTION  BY CON75                  6.159     0.629      0.317        0.317
CAUTION  BY CON6                  17.325     1.039      0.524        0.524
GOAL     BY CON110                 9.266    -0.282     -0.214       -0.214
GOAL     BY CON29                  8.470    -0.170     -0.129       -0.129
GOAL     BY CON106                 4.431    -0.124     -0.094       -0.094
GOAL     BY CON93                103.465    -0.593     -0.450       -0.450
GOAL     BY CON102                 6.503    -0.666     -0.505       -0.505
GOAL     BY CON10                  4.812    -0.175     -0.133       -0.133
GOAL     BY CON2                   9.621     0.236      0.179        0.179
GOAL     BY CON9                   4.300    -0.170     -0.129       -0.129
GOAL     BY CON21                 10.007     0.210      0.159        0.159
GOAL     BY CON71                 42.620    -0.442     -0.335       -0.335
GOAL     BY CON115                19.993    -0.494     -0.375       -0.375
GOAL     BY CON57                 64.675    -0.752     -0.570       -0.570
GOAL     BY CON11                105.713     1.406      1.066        1.066
GOAL     BY CON22                  5.798    -0.499     -0.379       -0.379
GOAL     BY CON45                  5.625    -0.542     -0.411       -0.411
GOAL     BY CON100                 4.876    -0.623     -0.472       -0.472
GOAL     BY CON46                  6.171    -0.491     -0.372       -0.372
GOAL     BY CON75                  6.567     0.533      0.404        0.404
GOAL     BY CON109                 6.181    -0.452     -0.343       -0.343
GOAL     BY CON6                  12.916     0.776      0.588        0.588
LACKOFC  BY CON110                36.939     0.626      0.386        0.386
LACKOFC  BY CON105                25.712     0.533      0.329        0.329
LACKOFC  BY CON29                 27.066     0.449      0.277        0.277
LACKOFC  BY CON106                35.769     0.503      0.310        0.310
LACKOFC  BY CON93                117.999     0.899      0.555        0.555
LACKOFC  BY CON25                  9.958    -0.362     -0.223       -0.223
LACKOFC  BY CON1                  10.469     0.404      0.249        0.249
LACKOFC  BY CON79                  8.648     0.246      0.152        0.152
LACKOFC  BY CON7                   8.730     0.259      0.160        0.160
LACKOFC  BY CON21                  6.103     0.215      0.132        0.132
LACKOFC  BY CON71                 91.068     0.813      0.502        0.502
LACKOFC  BY CON8                  16.092     0.426      0.263        0.263
LACKOFC  BY CON115                34.924     0.657      0.405        0.405
LACKOFC  BY CON5                  27.347     0.590      0.364        0.364
LACKOFC  BY CON57                104.446     1.020      0.629        0.629
LACKOFC  BY CON11                 14.832    -0.418     -0.258       -0.258
LACKOFC  BY CON20                  9.755     0.386      0.238        0.238
LACKOFC  BY CON97                  4.409    -0.235     -0.145       -0.145
LACKOFC  BY CON45                 14.227     0.443      0.273        0.273
LACKOFC  BY CON100                17.350     0.472      0.291        0.291
LACKOFC  BY CON46                  5.241     0.269      0.166        0.166
LACKOFC  BY CON109                13.184     0.411      0.254        0.254
LACKOFC  BY CON116                62.172     0.811      0.500        0.500
ORDER    BY CON110                31.585     0.449      0.307        0.307
ORDER    BY CON105                14.210     0.308      0.211        0.211
ORDER    BY CON29                 19.437     0.300      0.206        0.206
ORDER    BY CON106                13.846     0.248      0.170        0.170
ORDER    BY CON93                 76.231     0.565      0.387        0.387
ORDER    BY CON68                  4.866     0.204      0.139        0.139
ORDER    BY CON1                   5.497     0.214      0.146        0.146
ORDER    BY CON4                   6.090     0.231      0.158        0.158
ORDER    BY CON88                 10.859     0.285      0.195        0.195
ORDER    BY CON10                 30.323     0.396      0.271        0.271
ORDER    BY CON94                 34.217     0.406      0.278        0.278
ORDER    BY CON2                   8.834     0.208      0.143        0.143
ORDER    BY CON9                  20.751     0.331      0.227        0.227
ORDER    BY CON95                 11.341     0.239      0.164        0.164
ORDER    BY CON77                  6.210     0.224      0.153        0.153
ORDER    BY CON8                   4.230     0.169      0.116        0.116
ORDER    BY CON66                  5.947     0.216      0.148        0.148
ORDER    BY CON115                24.030     0.410      0.281        0.281
ORDER    BY CON5                  28.472     0.464      0.318        0.318
ORDER    BY CON57                 86.908     0.735      0.504        0.504
ORDER    BY CON11                  4.309    -0.178     -0.122       -0.122
ORDER    BY CON97                 13.310    -0.308     -0.211       -0.211
ORDER    BY CON22                  4.719     0.197      0.135        0.135
ORDER    BY CON45                  9.455     0.272      0.186        0.186
ORDER    BY CON100                 8.004     0.230      0.158        0.158
ORDER    BY CON6                  12.710    -0.279     -0.191       -0.191
ORDER    BY CON116                16.354     0.336      0.230        0.230
PERSERV  BY CON110                12.099     0.307      0.250        0.250
PERSERV  BY CON29                 16.076     0.247      0.201        0.201
PERSERV  BY CON106                 4.565     0.131      0.106        0.106
PERSERV  BY CON93                 97.432     0.606      0.494        0.494
PERSERV  BY CON73                  4.957     0.358      0.291        0.291
PERSERV  BY CON102                20.050     0.628      0.512        0.512
PERSERV  BY CON15                  7.065     0.369      0.300        0.300
PERSERV  BY CON23                  4.021    -0.285     -0.232       -0.232
PERSERV  BY CON88                 13.637     0.517      0.421        0.421
PERSERV  BY CON10                  8.590     0.230      0.188        0.188
PERSERV  BY CON9                   5.518     0.191      0.156        0.156
PERSERV  BY CON21                  6.159    -0.169     -0.138       -0.138
PERSERV  BY CON71                 46.713     0.461      0.375        0.375
PERSERV  BY CON115                20.840     0.463      0.378        0.378
PERSERV  BY CON5                   4.626     0.238      0.194        0.194
PERSERV  BY CON57                 59.579     0.681      0.555        0.555
PERSERV  BY CON11                 42.446    -0.736     -0.600       -0.600
PERSERV  BY CON22                 10.035     0.435      0.355        0.355
PERSERV  BY CON100                48.228     0.838      0.683        0.683
PERSERV  BY CON37                  7.874     0.374      0.305        0.305
PERSERV  BY CON46                 23.406     0.645      0.525        0.525
PERSERV  BY CON109                26.230     0.651      0.531        0.531
PRLOAD   BY CON93                 61.650    -0.800     -0.411       -0.411
PRLOAD   BY CON68                  5.302     0.393      0.202        0.202
PRLOAD   BY CON1                   8.516     0.489      0.251        0.251
PRLOAD   BY CON94                 12.755     0.448      0.230        0.230
PRLOAD   BY CON2                  22.314     0.574      0.294        0.294
PRLOAD   BY CON59                  5.003     0.249      0.128        0.128
PRLOAD   BY CON79                  7.740     0.297      0.153        0.153
PRLOAD   BY CON7                   6.081     0.279      0.143        0.143
PRLOAD   BY CON21                 21.459     0.515      0.264        0.264
PRLOAD   BY CON71                 18.018    -0.470     -0.241       -0.241
PRLOAD   BY CON52                  6.978     0.468      0.240        0.240
PRLOAD   BY CON66                  6.962     0.433      0.222        0.222
PRLOAD   BY CON20                  9.844     0.576      0.296        0.296
PROCRAS  BY CON110                 6.855    -0.343     -0.195       -0.195
PROCRAS  BY CON29                  7.427    -0.238     -0.135       -0.135
PROCRAS  BY CON106                 5.359    -0.204     -0.116       -0.116
PROCRAS  BY CON93                 92.017    -0.836     -0.476       -0.476
PROCRAS  BY CON102                 6.250    -0.600     -0.341       -0.341
PROCRAS  BY CON1                   7.705     0.727      0.414        0.414
PROCRAS  BY CON4                   5.363    -0.689     -0.392       -0.392
PROCRAS  BY CON2                   8.073     0.311      0.177        0.177
PROCRAS  BY CON9                   6.746    -0.301     -0.171       -0.171
PROCRAS  BY CON21                  6.171     0.238      0.135        0.135
PROCRAS  BY CON71                 44.495    -0.647     -0.368       -0.368
PROCRAS  BY CON115                13.557    -0.545     -0.310       -0.310
PROCRAS  BY CON57                 66.997    -1.056     -0.601       -0.601
PROCRAS  BY CON11                102.903     1.669      0.949        0.949
PROCRAS  BY CON75                  9.545     0.629      0.358        0.358
PROCRAS  BY CON109                17.229    -0.845     -0.481       -0.481
TASKPL   BY CON93                 77.685    -0.533     -0.408       -0.408
TASKPL   BY CON68                  7.937     0.429      0.328        0.328
TASKPL   BY CON102                 8.160     0.428      0.327        0.327
TASKPL   BY CON15                  5.648     0.342      0.262        0.262
TASKPL   BY CON2                  11.240     0.255      0.195        0.195
TASKPL   BY CON21                  8.707     0.198      0.151        0.151
TASKPL   BY CON71                 29.721    -0.373     -0.285       -0.285
TASKPL   BY CON52                 20.630     0.731      0.559        0.559
TASKPL   BY CON8                   5.836     0.306      0.234        0.234
TASKPL   BY CON115                11.391    -0.344     -0.263       -0.263
TASKPL   BY CON57                 36.145    -0.537     -0.411       -0.411
TASKPL   BY CON11                 73.921     1.015      0.777        0.777
TASKPL   BY CON100                 4.366     0.346      0.265        0.265
CONSCIEN BY CON110                10.237    -0.822     -0.223       -0.223
CONSCIEN BY CON29                  8.563    -0.475     -0.129       -0.129
CONSCIEN BY CON106                 4.791    -0.358     -0.097       -0.097
CONSCIEN BY CON93                104.314    -1.652     -0.449       -0.449
CONSCIEN BY CON25                  4.613     1.642      0.446        0.446
CONSCIEN BY CON102                 5.607    -1.803     -0.490       -0.490
CONSCIEN BY CON114                 6.219   -10.732     -2.915       -2.915
CONSCIEN BY CON10                  5.076    -0.500     -0.136       -0.136
CONSCIEN BY CON2                   9.224     0.643      0.175        0.175
CONSCIEN BY CON9                   4.651    -0.491     -0.133       -0.133
CONSCIEN BY CON21                  9.674     0.574      0.156        0.156
CONSCIEN BY CON71                 43.762    -1.248     -0.339       -0.339
CONSCIEN BY CON115                21.007    -1.419     -0.385       -0.385
CONSCIEN BY CON5                   4.691    -0.809     -0.220       -0.220
CONSCIEN BY CON57                 67.755    -2.152     -0.584       -0.584
CONSCIEN BY CON11                109.834     4.034      1.095        1.095
CONSCIEN BY CON22                  6.204    -1.478     -0.401       -0.401
CONSCIEN BY CON45                  6.253    -1.643     -0.446       -0.446
CONSCIEN BY CON100                 6.850    -2.151     -0.584       -0.584
CONSCIEN BY CON46                  5.435    -1.330     -0.361       -0.361
CONSCIEN BY CON75                  6.660     1.560      0.424        0.424
CONSCIEN BY CON109                 7.160    -1.410     -0.383       -0.383
CONSCIEN BY CON6                  13.182     2.284      0.620        0.620

ON/BY Statements

CONTROL  ON GOAL     /
GOAL     BY CONTROL               17.809     3.581      4.024        4.024
CONTROL  ON LACKOFC  /
LACKOFC  BY CONTROL               67.009     0.578      0.528        0.528
CONTROL  ON ORDER    /
ORDER    BY CONTROL               40.269     0.347      0.352        0.352
CONTROL  ON PRLOAD   /
PRLOAD   BY CONTROL                8.467     0.320      0.244        0.244
CONTROL  ON TASKPL   /
TASKPL   BY CONTROL                4.205     0.246      0.279        0.279
CAUTION  ON GOAL     /
GOAL     BY CAUTION                4.160    -1.325     -1.993       -1.993
CAUTION  ON ORDER    /
ORDER    BY CAUTION                5.509     0.096      0.130        0.130
CAUTION  ON PERSERV  /
PERSERV  BY CAUTION               12.760     0.260      0.421        0.421
CAUTION  ON PRLOAD   /
PRLOAD   BY CAUTION                6.794     0.215      0.219        0.219
CAUTION  ON PROCRAS  /
PROCRAS  BY CAUTION                7.010    -0.344     -0.388       -0.388
CAUTION  ON TASKPL   /
TASKPL   BY CAUTION               42.617     0.568      0.862        0.862
GOAL     ON CONTROL  /
CONTROL  BY GOAL                  17.795     0.255      0.227        0.227
GOAL     ON CAUTION  /
CAUTION  BY GOAL                   4.158    -0.465     -0.309       -0.309
GOAL     ON LACKOFC  /
LACKOFC  BY GOAL                  11.776     0.238      0.194        0.194
GOAL     ON ORDER    /
ORDER    BY GOAL                   4.784     0.115      0.104        0.104
GOAL     ON PERSERV  /
PERSERV  BY GOAL                  19.307    -0.388     -0.417       -0.417
GOAL     ON PRLOAD   /
PRLOAD   BY GOAL                   6.260     0.259      0.175        0.175
LACKOFC  ON CONTROL  /
CONTROL  BY LACKOFC               67.009     0.435      0.476        0.476
LACKOFC  ON GOAL     /
GOAL     BY LACKOFC               11.776     2.512      3.089        3.089
LACKOFC  ON ORDER    /
ORDER    BY LACKOFC              160.203     0.527      0.585        0.585
LACKOFC  ON PERSERV  /
PERSERV  BY LACKOFC               25.359     0.406      0.536        0.536
LACKOFC  ON PRLOAD   /
PRLOAD   BY LACKOFC               39.177     0.577      0.480        0.480
LACKOFC  ON TASKPL   /
TASKPL   BY LACKOFC                9.143     0.303      0.376        0.376
ORDER    ON CONTROL  /
CONTROL  BY ORDER                 40.271     0.309      0.304        0.304
ORDER    ON CAUTION  /
CAUTION  BY ORDER                  5.512     0.420      0.309        0.309
ORDER    ON GOAL     /
GOAL     BY ORDER                  4.803     1.435      1.589        1.589
ORDER    ON LACKOFC  /
LACKOFC  BY ORDER                160.199     0.623      0.561        0.561
ORDER    ON PRLOAD   /
PRLOAD   BY ORDER                 35.350     0.498      0.373        0.373
PERSERV  ON CAUTION  /
CAUTION  BY PERSERV               12.759     0.970      0.600        0.600
PERSERV  ON GOAL     /
GOAL     BY PERSERV               19.317    -4.123     -3.837       -3.837
PERSERV  ON LACKOFC  /
LACKOFC  BY PERSERV               25.360     0.409      0.310        0.310
PERSERV  ON PROCRAS  /
PROCRAS  BY PERSERV                8.236    -0.546     -0.381       -0.381
PERSERV  ON TASKPL   /
TASKPL   BY PERSERV               45.298     0.933      0.876        0.876
PRLOAD   ON CONTROL  /
CONTROL  BY PRLOAD                 8.467     0.132      0.174        0.174
PRLOAD   ON CAUTION  /
CAUTION  BY PRLOAD                 6.794     0.436      0.428        0.428
PRLOAD   ON GOAL     /
GOAL     BY PRLOAD                 6.260     1.498      2.213        2.213
PRLOAD   ON LACKOFC  /
LACKOFC  BY PRLOAD                39.177     0.317      0.381        0.381
PRLOAD   ON ORDER    /
ORDER    BY PRLOAD                35.347     0.231      0.308        0.308
PROCRAS  ON CAUTION  /
CAUTION  BY PROCRAS                7.006    -0.537     -0.475       -0.475
PROCRAS  ON PERSERV  /
PERSERV  BY PROCRAS                8.237    -0.228     -0.327       -0.327
TASKPL   ON CONTROL  /
CONTROL  BY TASKPL                 4.204     0.124      0.109        0.109
TASKPL   ON CAUTION  /
CAUTION  BY TASKPL                42.617     1.409      0.929        0.929
TASKPL   ON LACKOFC  /
LACKOFC  BY TASKPL                 9.143     0.203      0.164        0.164
TASKPL   ON PERSERV  /
PERSERV  BY TASKPL                45.300     0.621      0.662        0.662

WITH Statements

GOAL     WITH CONTROL             17.795     0.097      0.956        0.956
GOAL     WITH CAUTION              4.158    -0.036     -0.785       -0.785
LACKOFC  WITH CONTROL             67.009     0.166      0.501        0.501
LACKOFC  WITH GOAL                11.776     0.068      0.774        0.774
ORDER    WITH CONTROL             40.269     0.118      0.327        0.327
ORDER    WITH CAUTION              5.509     0.033      0.201        0.201
ORDER    WITH GOAL                 4.783     0.039      0.405        0.405
ORDER    WITH LACKOFC            160.203     0.179      0.573        0.573
PERSERV  WITH CAUTION             12.760     0.075      0.503        0.503
PERSERV  WITH GOAL                19.308    -0.112     -1.264       -1.264
PERSERV  WITH LACKOFC             25.359     0.117      0.408        0.408
PRLOAD   WITH CONTROL              8.467     0.050      0.206        0.206
PRLOAD   WITH CAUTION              6.794     0.034      0.306        0.306
PRLOAD   WITH GOAL                 6.260     0.041      0.623        0.623
PRLOAD   WITH LACKOFC             39.177     0.091      0.428        0.428
PRLOAD   WITH ORDER               35.347     0.078      0.339        0.339
PROCRAS  WITH CAUTION              7.009    -0.042     -0.430       -0.430
PROCRAS  WITH PERSERV              8.235    -0.066     -0.353       -0.353
TASKPL   WITH CONTROL              4.204     0.047      0.175        0.175
TASKPL   WITH CAUTION             42.617     0.109      0.895        0.895
TASKPL   WITH LACKOFC              9.143     0.058      0.248        0.248
TASKPL   WITH PERSERV             45.300     0.180      0.761        0.761
CONSCIEN WITH ORDER              999.000     0.000      0.000        0.000
CONSCIEN WITH PROCRAS            999.000     0.000      0.000        0.000


DIAGRAM INFORMATION

  Use View Diagram under the Diagram menu in the Mplus Editor to view the diagram.
  If running Mplus from the Mplus Diagrammer, the diagram opens automatically.

  Diagram output
    f:\ipip paper\sample_usa\cfa\conscientiousness\cfa conscientiousness - gesamtmodell_5 items.dgm

     Beginning Time:  10:40:58
        Ending Time:  10:41:54
       Elapsed Time:  00:00:56



MUTHEN & MUTHEN
3463 Stoner Ave.
Los Angeles, CA  90066

Tel: (310) 391-9971
Fax: (310) 391-8971
Web: www.StatModel.com
Support: Support@StatModel.com

Copyright (c) 1998-2013 Muthen & Muthen
