Mplus VERSION 7.1
MUTHEN & MUTHEN
06/02/2015   1:45 PM

INPUT INSTRUCTIONS

  TITLE:

  DATA:
  FILE IS  "ARI Data 2009_Conscientiousness CFA Sample.txt";
  Variable:
  Names are
  respid
  con108
  con76
  con77
  con38
  con23
  con85
  con42
  con52
  con110
  con44
  con102
  con56
  con18
  con39
  con33
  con88
  con4
  con83
  con6
  con79
  con109
  con7
  con98
  con74
  con114
  con1
  con19
  con30
  con96
  con103
  con54
  con73
  con26
  con101
  con32
  con50
  con8
  con15
  con93
  con25
  con13
  con5
  con70
  con105
  con2
  con41
  con16
  con67
  con84
  con55
  con10
  con31
  con14
  con68
  con97
  con37
  con87
  con63
  con66
  con86
  con49
  con45
  con91
  con107
  con59
  con11
  con21
  con111
  con34
  con48
  con61
  con29
  con89
  con24
  con100
  con47
  con112
  con82
  con94
  con57
  con90
  con71
  con99
  con28
  con115
  con46
  con36
  con80
  con81
  con72
  con3
  con43
  con116
  con75
  con58
  con64
  con60
  con27
  con113
  con17
  con53
  con35
  con22
  con9
  con104
  con69
  con65
  con95
  con20
  con12
  con51
  con106
  con117
  Filter
  filter_
  ;

  USEVARIABLES ARE
  con10
  con94
  con2
  con9
  con95
  ;

  MISSING ARE ALL (-99);
  categorical are all;

  Model:
  lackofc  BY
  con10
  con94
  con2
  con9
  con95
  ;

  savedata:
  file is c3.txt;
  save = fscores;

  Analysis:
  ESTIMATOR IS WLSMV;

  OUTPUT: STDYX MODINDICES(4);



*** WARNING
  Data set contains cases with missing on all variables.
  These cases were not included in the analysis.
  Number of cases with missing on all variables:  2
   1 WARNING(S) FOUND IN THE INPUT INSTRUCTIONS




SUMMARY OF ANALYSIS

Number of groups                                                 1
Number of observations                                         361

Number of dependent variables                                    5
Number of independent variables                                  0
Number of continuous latent variables                            1

Observed dependent variables

  Binary and ordered categorical (ordinal)
   CON10       CON94       CON2        CON9        CON95

Continuous latent variables
   LACKOFC


Estimator                                                    WLSMV
Maximum number of iterations                                  1000
Convergence criterion                                    0.500D-04
Maximum number of steepest descent iterations                   20
Maximum number of iterations for H1                           2000
Convergence criterion for H1                             0.100D-03
Parameterization                                             DELTA

Input data file(s)
  ARI Data 2009_Conscientiousness CFA Sample.txt

Input data format  FREE


SUMMARY OF DATA

     Number of missing data patterns             1


COVARIANCE COVERAGE OF DATA

Minimum covariance coverage value   0.100


     PROPORTION OF DATA PRESENT


           Covariance Coverage
              CON10         CON94         CON2          CON9          CON95
              ________      ________      ________      ________      ________
 CON10          1.000
 CON94          1.000         1.000
 CON2           1.000         1.000         1.000
 CON9           1.000         1.000         1.000         1.000
 CON95          1.000         1.000         1.000         1.000         1.000


UNIVARIATE PROPORTIONS AND COUNTS FOR CATEGORICAL VARIABLES

    CON10
      Category 1    0.177       64.000
      Category 2    0.307      111.000
      Category 3    0.310      112.000
      Category 4    0.161       58.000
      Category 5    0.044       16.000
    CON94
      Category 1    0.058       21.000
      Category 2    0.274       99.000
      Category 3    0.427      154.000
      Category 4    0.186       67.000
      Category 5    0.055       20.000
    CON2
      Category 1    0.102       37.000
      Category 2    0.307      111.000
      Category 3    0.341      123.000
      Category 4    0.158       57.000
      Category 5    0.091       33.000
    CON9
      Category 1    0.061       22.000
      Category 2    0.230       83.000
      Category 3    0.296      107.000
      Category 4    0.271       98.000
      Category 5    0.141       51.000
    CON95
      Category 1    0.166       60.000
      Category 2    0.371      134.000
      Category 3    0.252       91.000
      Category 4    0.147       53.000
      Category 5    0.064       23.000



THE MODEL ESTIMATION TERMINATED NORMALLY



MODEL FIT INFORMATION

Number of Free Parameters                       25

Chi-Square Test of Model Fit

          Value                             13.618*
          Degrees of Freedom                     5
          P-Value                           0.0182

*   The chi-square value for MLM, MLMV, MLR, ULSMV, WLSM and WLSMV cannot be used
    for chi-square difference testing in the regular way.  MLM, MLR and WLSM
    chi-square difference testing is described on the Mplus website.  MLMV, WLSMV,
    and ULSMV difference testing is done using the DIFFTEST option.

RMSEA (Root Mean Square Error Of Approximation)

          Estimate                           0.069
          90 Percent C.I.                    0.026  0.114
          Probability RMSEA <= .05           0.197

CFI/TLI

          CFI                                0.984
          TLI                                0.967

Chi-Square Test of Model Fit for the Baseline Model

          Value                            539.815
          Degrees of Freedom                    10
          P-Value                           0.0000

WRMR (Weighted Root Mean Square Residual)

          Value                              0.530



MODEL RESULTS

                                                    Two-Tailed
                    Estimate       S.E.  Est./S.E.    P-Value

 LACKOFC  BY
    CON10              1.000      0.000    999.000    999.000
    CON94              1.250      0.130      9.619      0.000
    CON2               1.426      0.146      9.757      0.000
    CON9               1.047      0.116      9.033      0.000
    CON95              1.109      0.122      9.069      0.000

 Thresholds
    CON10$1           -0.926      0.077    -11.970      0.000
    CON10$2           -0.038      0.066     -0.579      0.563
    CON10$3            0.824      0.075     11.018      0.000
    CON10$4            1.703      0.116     14.718      0.000
    CON94$1           -1.570      0.106    -14.820      0.000
    CON94$2           -0.433      0.068     -6.347      0.000
    CON94$3            0.703      0.072      9.732      0.000
    CON94$4            1.595      0.108     14.818      0.000
    CON2$1            -1.267      0.089    -14.187      0.000
    CON2$2            -0.228      0.067     -3.418      0.001
    CON2$3             0.677      0.072      9.430      0.000
    CON2$4             1.332      0.092     14.427      0.000
    CON9$1            -1.547      0.104    -14.815      0.000
    CON9$2            -0.551      0.070     -7.900      0.000
    CON9$3             0.220      0.067      3.313      0.001
    CON9$4             1.075      0.082     13.128      0.000
    CON95$1           -0.969      0.079    -12.338      0.000
    CON95$2            0.094      0.066      1.421      0.155
    CON95$3            0.805      0.074     10.823      0.000
    CON95$4            1.524      0.103     14.804      0.000

 Variances
    LACKOFC            0.257      0.044      5.866      0.000


STANDARDIZED MODEL RESULTS


STDYX Standardization

                                                    Two-Tailed
                    Estimate       S.E.  Est./S.E.    P-Value

 LACKOFC  BY
    CON10              0.507      0.043     11.731      0.000
    CON94              0.634      0.041     15.501      0.000
    CON2               0.723      0.042     17.197      0.000
    CON9               0.531      0.046     11.588      0.000
    CON95              0.562      0.043     12.997      0.000

 Thresholds
    CON10$1           -0.926      0.077    -11.970      0.000
    CON10$2           -0.038      0.066     -0.579      0.563
    CON10$3            0.824      0.075     11.018      0.000
    CON10$4            1.703      0.116     14.718      0.000
    CON94$1           -1.570      0.106    -14.820      0.000
    CON94$2           -0.433      0.068     -6.347      0.000
    CON94$3            0.703      0.072      9.732      0.000
    CON94$4            1.595      0.108     14.818      0.000
    CON2$1            -1.267      0.089    -14.187      0.000
    CON2$2            -0.228      0.067     -3.418      0.001
    CON2$3             0.677      0.072      9.430      0.000
    CON2$4             1.332      0.092     14.427      0.000
    CON9$1            -1.547      0.104    -14.815      0.000
    CON9$2            -0.551      0.070     -7.900      0.000
    CON9$3             0.220      0.067      3.313      0.001
    CON9$4             1.075      0.082     13.128      0.000
    CON95$1           -0.969      0.079    -12.338      0.000
    CON95$2            0.094      0.066      1.421      0.155
    CON95$3            0.805      0.074     10.823      0.000
    CON95$4            1.524      0.103     14.804      0.000

 Variances
    LACKOFC            1.000      0.000    999.000    999.000


R-SQUARE

    Observed                                        Two-Tailed   Residual
    Variable        Estimate       S.E.  Est./S.E.    P-Value    Variance

    CON10              0.257      0.044      5.866      0.000      0.743
    CON94              0.402      0.052      7.751      0.000      0.598
    CON2               0.523      0.061      8.599      0.000      0.477
    CON9               0.282      0.049      5.794      0.000      0.718
    CON95              0.316      0.049      6.498      0.000      0.684


QUALITY OF NUMERICAL RESULTS

     Condition Number for the Information Matrix              0.212E-02
       (ratio of smallest to largest eigenvalue)


MODEL MODIFICATION INDICES

NOTE:  Modification indices for direct effects of observed dependent variables
regressed on covariates and residual covariances among observed dependent
variables may not be included.  To include these, request MODINDICES (ALL).

Minimum M.I. value for printing the modification index     4.000

                                   M.I.     E.P.C.  Std E.P.C.  StdYX E.P.C.

No modification indices above the minimum value.



SAMPLE STATISTICS FOR ESTIMATED FACTOR SCORES


     SAMPLE STATISTICS


           Means
              LACKOFC
              ________
 1              0.000


           Covariances
              LACKOFC
              ________
 LACKOFC        0.183


           Correlations
              LACKOFC
              ________
 LACKOFC        1.000


SAVEDATA INFORMATION


  Save file
    c3.txt

  Order and format of variables

    CON10          F10.3
    CON94          F10.3
    CON2           F10.3
    CON9           F10.3
    CON95          F10.3
    LACKOFC        F10.3

  Save file format
    6F10.3

  Save file record length    10000


DIAGRAM INFORMATION

  Use View Diagram under the Diagram menu in the Mplus Editor to view the diagram.
  If running Mplus from the Mplus Diagrammer, the diagram opens automatically.

  Diagram output
    f:\ipip paper\sample_usa\cfa\conscientiousness\5 items\cfa conscientiousness - lack of (self-) c

     Beginning Time:  13:45:26
        Ending Time:  13:45:27
       Elapsed Time:  00:00:01



MUTHEN & MUTHEN
3463 Stoner Ave.
Los Angeles, CA  90066

Tel: (310) 391-9971
Fax: (310) 391-8971
Web: www.StatModel.com
Support: Support@StatModel.com

Copyright (c) 1998-2013 Muthen & Muthen
