Mplus VERSION 5.2
MUTHEN & MUTHEN
01/20/2012   1:57 PM

INPUT INSTRUCTIONS

  TITLE:

  DATA:
  FILE IS  "ARI Data 2009_Openness CFA Sample.txt";
  Variable:
  Names are
  respid
  open145
  open42
  open10
  open15
  open134
  open900
  open109
  open88
  open46
  open1
  open99
  open11
  open116
  open4
  open112
  open40
  open9
  open13
  open118
  open121
  open151
  open90
  open5
  open87
  open30
  open146
  open43
  open139
  open3
  open48
  open22
  open125
  open60
  open32
  open49
  open12
  open106
  open96
  open111
  open130
  open133
  open19
  open104
  open135
  open80
  open143
  open115
  open59
  open78
  open75
  open102
  open107
  open76
  open94
  open71
  open7
  open44
  open21
  open105
  open18
  open113
  open148
  open64
  open50
  open89
  open110
  open152
  open129
  open8
  open53
  open63
  open66
  open27
  open83
  open95
  open70
  open86
  open85
  open136
  open16
  open29
  open25
  open147
  open144
  open72
  open140
  open55
  open61
  open56
  open58
  open901
  open37
  open74
  open91
  open97
  open93
  open67
  open20
  open17
  open127
  open2
  open124
  open114
  open6
  open28
  open92
  open132
  open77
  open45
  open31
  open35
  Filter
  filter_
  ;

  USEVARIABLES ARE
  open118
  open116
  open75
  open46
  open21
  open91
  open44
  open53
  ;


  MISSING ARE ALL (-99);
  categorical are all;

  Model:
  read BY
  open118
  open116
  open75
  open46
  open21
  open91
  open44
  open53
  ;


  Analysis:
  ESTIMATOR IS WLSMV;

  OUTPUT: STDYX MODINDICES(4);



*** WARNING
  Data set contains cases with missing on all variables.
  These cases were not included in the analysis.
  Number of cases with missing on all variables:  2
   1 WARNING(S) FOUND IN THE INPUT INSTRUCTIONS




SUMMARY OF ANALYSIS

Number of groups                                                 1
Number of observations                                         361

Number of dependent variables                                    8
Number of independent variables                                  0
Number of continuous latent variables                            1

Observed dependent variables

  Binary and ordered categorical (ordinal)
   OPEN118     OPEN116     OPEN75      OPEN46      OPEN21      OPEN91
   OPEN44      OPEN53

Continuous latent variables
   READ


Estimator                                                    WLSMV
Maximum number of iterations                                  1000
Convergence criterion                                    0.500D-04
Maximum number of steepest descent iterations                   20
Maximum number of iterations for H1                           2000
Convergence criterion for H1                             0.100D-03
Parameterization                                             DELTA

Input data file(s)
  ARI Data 2009_Openness CFA Sample.txt

Input data format  FREE


SUMMARY OF DATA

     Number of missing data patterns             1


COVARIANCE COVERAGE OF DATA

Minimum covariance coverage value   0.100


     PROPORTION OF DATA PRESENT


           Covariance Coverage
              OPEN118       OPEN116       OPEN75        OPEN46        OPEN21
              ________      ________      ________      ________      ________
 OPEN118        1.000
 OPEN116        1.000         1.000
 OPEN75         1.000         1.000         1.000
 OPEN46         1.000         1.000         1.000         1.000
 OPEN21         1.000         1.000         1.000         1.000         1.000
 OPEN91         1.000         1.000         1.000         1.000         1.000
 OPEN44         1.000         1.000         1.000         1.000         1.000
 OPEN53         1.000         1.000         1.000         1.000         1.000


           Covariance Coverage
              OPEN91        OPEN44        OPEN53
              ________      ________      ________
 OPEN91         1.000
 OPEN44         1.000         1.000
 OPEN53         1.000         1.000         1.000


SUMMARY OF CATEGORICAL DATA PROPORTIONS

    OPEN118
      Category 1    0.144
      Category 2    0.205
      Category 3    0.288
      Category 4    0.169
      Category 5    0.194
    OPEN116
      Category 1    0.188
      Category 2    0.211
      Category 3    0.252
      Category 4    0.186
      Category 5    0.163
    OPEN75
      Category 1    0.183
      Category 2    0.233
      Category 3    0.299
      Category 4    0.163
      Category 5    0.122
    OPEN46
      Category 1    0.144
      Category 2    0.166
      Category 3    0.274
      Category 4    0.249
      Category 5    0.166
    OPEN21
      Category 1    0.199
      Category 2    0.324
      Category 3    0.249
      Category 4    0.133
      Category 5    0.094
    OPEN91
      Category 1    0.114
      Category 2    0.139
      Category 3    0.208
      Category 4    0.241
      Category 5    0.299
    OPEN44
      Category 1    0.025
      Category 2    0.114
      Category 3    0.310
      Category 4    0.360
      Category 5    0.191
    OPEN53
      Category 1    0.102
      Category 2    0.186
      Category 3    0.288
      Category 4    0.230
      Category 5    0.194



THE MODEL ESTIMATION TERMINATED NORMALLY



TESTS OF MODEL FIT

Chi-Square Test of Model Fit

          Value                             48.697*
          Degrees of Freedom                    14**
          P-Value                           0.0000

*   The chi-square value for MLM, MLMV, MLR, ULSMV, WLSM and WLSMV cannot be used
    for chi-square difference tests.  MLM, MLR and WLSM chi-square difference
    testing is described in the Mplus Technical Appendices at www.statmodel.com.
    See chi-square difference testing in the index of the Mplus User's Guide.

**  The degrees of freedom for MLMV, ULSMV and WLSMV are estimated according to
    a formula given in the Mplus Technical Appendices at www.statmodel.com.
    See degrees of freedom in the index of the Mplus User's Guide.

Chi-Square Test of Model Fit for the Baseline Model

          Value                           2783.009
          Degrees of Freedom                     6
          P-Value                           0.0000

CFI/TLI

          CFI                                0.988
          TLI                                0.995

Number of Free Parameters                       40

RMSEA (Root Mean Square Error Of Approximation)

          Estimate                           0.083

WRMR (Weighted Root Mean Square Residual)

          Value                              0.643



MODEL RESULTS

                                                    Two-Tailed
                    Estimate       S.E.  Est./S.E.    P-Value

 READ     BY
    OPEN118            1.000      0.000    999.000    999.000
    OPEN116            0.993      0.016     61.345      0.000
    OPEN75             0.749      0.030     24.814      0.000
    OPEN46             0.902      0.019     46.748      0.000
    OPEN21            -0.683      0.035    -19.635      0.000
    OPEN91             0.943      0.020     48.078      0.000
    OPEN44             0.406      0.050      8.191      0.000
    OPEN53             0.677      0.035     19.175      0.000

 Thresholds
    OPEN118$1         -1.062      0.081    -13.043      0.000
    OPEN118$2         -0.388      0.068     -5.722      0.000
    OPEN118$3          0.351      0.067      5.200      0.000
    OPEN118$4          0.864      0.076     11.403      0.000
    OPEN116$1         -0.884      0.076    -11.594      0.000
    OPEN116$2         -0.256      0.067     -3.838      0.000
    OPEN116$3          0.388      0.068      5.722      0.000
    OPEN116$4          0.980      0.079     12.429      0.000
    OPEN75$1          -0.905      0.077    -11.783      0.000
    OPEN75$2          -0.213      0.067     -3.208      0.001
    OPEN75$3           0.567      0.070      8.105      0.000
    OPEN75$4           1.166      0.085     13.691      0.000
    OPEN46$1          -1.062      0.081    -13.043      0.000
    OPEN46$2          -0.495      0.069     -7.177      0.000
    OPEN46$3           0.213      0.067      3.208      0.001
    OPEN46$4           0.969      0.079     12.338      0.000
    OPEN21$1          -0.844      0.075    -11.211      0.000
    OPEN21$2           0.059      0.066      0.895      0.371
    OPEN21$3           0.748      0.073     10.231      0.000
    OPEN21$4           1.315      0.092     14.371      0.000
    OPEN91$1          -1.208      0.087    -13.914      0.000
    OPEN91$2          -0.668      0.072     -9.329      0.000
    OPEN91$3          -0.101      0.066     -1.526      0.127
    OPEN91$4           0.527      0.069      7.591      0.000
    OPEN44$1          -1.961      0.141    -13.935      0.000
    OPEN44$2          -1.087      0.082    -13.212      0.000
    OPEN44$3          -0.129      0.066     -1.947      0.052
    OPEN44$4           0.874      0.076     11.499      0.000
    OPEN53$1          -1.267      0.089    -14.187      0.000
    OPEN53$2          -0.559      0.070     -8.003      0.000
    OPEN53$3           0.192      0.066      2.893      0.004
    OPEN53$4           0.864      0.076     11.403      0.000

 Variances
    READ               0.852      0.020     42.879      0.000


STANDARDIZED MODEL RESULTS


STDYX Standardization

                                                    Two-Tailed
                    Estimate       S.E.  Est./S.E.    P-Value

 READ     BY
    OPEN118            0.923      0.011     85.758      0.000
    OPEN116            0.916      0.011     81.030      0.000
    OPEN75             0.691      0.028     24.269      0.000
    OPEN46             0.833      0.018     46.561      0.000
    OPEN21            -0.630      0.033    -19.092      0.000
    OPEN91             0.871      0.017     50.197      0.000
    OPEN44             0.375      0.046      8.230      0.000
    OPEN53             0.625      0.033     18.861      0.000

 Thresholds
    OPEN118$1         -1.062      0.081    -13.043      0.000
    OPEN118$2         -0.388      0.068     -5.722      0.000
    OPEN118$3          0.351      0.067      5.200      0.000
    OPEN118$4          0.864      0.076     11.403      0.000
    OPEN116$1         -0.884      0.076    -11.594      0.000
    OPEN116$2         -0.256      0.067     -3.838      0.000
    OPEN116$3          0.388      0.068      5.722      0.000
    OPEN116$4          0.980      0.079     12.429      0.000
    OPEN75$1          -0.905      0.077    -11.783      0.000
    OPEN75$2          -0.213      0.067     -3.208      0.001
    OPEN75$3           0.567      0.070      8.105      0.000
    OPEN75$4           1.166      0.085     13.691      0.000
    OPEN46$1          -1.062      0.081    -13.043      0.000
    OPEN46$2          -0.495      0.069     -7.177      0.000
    OPEN46$3           0.213      0.067      3.208      0.001
    OPEN46$4           0.969      0.079     12.338      0.000
    OPEN21$1          -0.844      0.075    -11.211      0.000
    OPEN21$2           0.059      0.066      0.895      0.371
    OPEN21$3           0.748      0.073     10.231      0.000
    OPEN21$4           1.315      0.092     14.371      0.000
    OPEN91$1          -1.208      0.087    -13.914      0.000
    OPEN91$2          -0.668      0.072     -9.329      0.000
    OPEN91$3          -0.101      0.066     -1.526      0.127
    OPEN91$4           0.527      0.069      7.591      0.000
    OPEN44$1          -1.961      0.141    -13.935      0.000
    OPEN44$2          -1.087      0.082    -13.212      0.000
    OPEN44$3          -0.129      0.066     -1.947      0.052
    OPEN44$4           0.874      0.076     11.499      0.000
    OPEN53$1          -1.267      0.089    -14.187      0.000
    OPEN53$2          -0.559      0.070     -8.003      0.000
    OPEN53$3           0.192      0.066      2.893      0.004
    OPEN53$4           0.864      0.076     11.403      0.000

 Variances
    READ               1.000      0.000    999.000    999.000


R-SQUARE

    Observed                                        Two-Tailed   Residual
    Variable        Estimate       S.E.  Est./S.E.    P-Value    Variance

    OPEN118            0.852      0.020     42.879      0.000      0.148
    OPEN116            0.839      0.021     40.515      0.000      0.161
    OPEN75             0.478      0.039     12.135      0.000      0.522
    OPEN46             0.693      0.030     23.280      0.000      0.307
    OPEN21             0.397      0.042      9.546      0.000      0.603
    OPEN91             0.758      0.030     25.098      0.000      0.242
    OPEN44             0.141      0.034      4.115      0.000      0.859
    OPEN53             0.391      0.041      9.430      0.000      0.609


QUALITY OF NUMERICAL RESULTS

     Condition Number for the Information Matrix              0.198E-02
       (ratio of smallest to largest eigenvalue)


MODEL MODIFICATION INDICES

NOTE:  Modification indices for direct effects of observed dependent variables
regressed on covariates and residual covariances among observed dependent
variables may not be included.  To include these, request MODINDICES (ALL).

Minimum M.I. value for printing the modification index     4.000

                            M.I.     E.P.C.  Std E.P.C.  StdYX E.P.C.

No modification indices above the minimum value.



     Beginning Time:  13:57:20
        Ending Time:  13:57:20
       Elapsed Time:  00:00:00



MUTHEN & MUTHEN
3463 Stoner Ave.
Los Angeles, CA  90066

Tel: (310) 391-9971
Fax: (310) 391-8971
Web: www.StatModel.com
Support: Support@StatModel.com

Copyright (c) 1998-2008 Muthen & Muthen
