Mplus VERSION 7.1
MUTHEN & MUTHEN
04/15/2015   1:28 PM

INPUT INSTRUCTIONS

  TITLE:

  DATA:
  FILE IS  "ARI Data 2009_Openness CFA Sample.txt";
  Variable:
  Names are
  respid
  open145
  open42
  open10
  open15
  open134
  open900
  open109
  open88
  open46
  open1
  open99
  open11
  open116
  open4
  open112
  open40
  open9
  open13
  open118
  open121
  open151
  open90
  open5
  open87
  open30
  open146
  open43
  open139
  open3
  open48
  open22
  open125
  open60
  open32
  open49
  open12
  open106
  open96
  open111
  open130
  open133
  open19
  open104
  open135
  open80
  open143
  open115
  open59
  open78
  open75
  open102
  open107
  open76
  open94
  open71
  open7
  open44
  open21
  open105
  open18
  open113
  open148
  open64
  open50
  open89
  open110
  open152
  open129
  open8
  open53
  open63
  open66
  open27
  open83
  open95
  open70
  open86
  open85
  open136
  open16
  open29
  open25
  open147
  open144
  open72
  open140
  open55
  open61
  open56
  open58
  open901
  open37
  open74
  open91
  open97
  open93
  open67
  open20
  open17
  open127
  open2
  open124
  open114
  open6
  open28
  open92
  open132
  open77
  open45
  open31
  open35
  Filter
  filter_
  ;

  USEVARIABLES ARE
    open17
    open1
    open3
    open7
    open18
    open83
    open77
    open31
    open121
    open146
    open66
    open13
    open112
    open32
    open25
    open35
    open136
    open2
  ;


  MISSING ARE ALL (-99);
  categorical are all;

  Model:
  judge BY
    open17
    open1
    open3
    open7
    open18
    open83
    open77
    open31
    open121
    open146
    open66
    open13
    open112
    open32
    open25
    open35
    open136
    open2
  ;


  Analysis:
  ESTIMATOR IS WLSMV;

  OUTPUT: STDYX MODINDICES(4);



*** WARNING
  Data set contains cases with missing on all variables.
  These cases were not included in the analysis.
  Number of cases with missing on all variables:  2
   1 WARNING(S) FOUND IN THE INPUT INSTRUCTIONS




SUMMARY OF ANALYSIS

Number of groups                                                 1
Number of observations                                         361

Number of dependent variables                                   18
Number of independent variables                                  0
Number of continuous latent variables                            1

Observed dependent variables

  Binary and ordered categorical (ordinal)
   OPEN17      OPEN1       OPEN3       OPEN7       OPEN18      OPEN83
   OPEN77      OPEN31      OPEN121     OPEN146     OPEN66      OPEN13
   OPEN112     OPEN32      OPEN25      OPEN35      OPEN136     OPEN2

Continuous latent variables
   JUDGE


Estimator                                                    WLSMV
Maximum number of iterations                                  1000
Convergence criterion                                    0.500D-04
Maximum number of steepest descent iterations                   20
Maximum number of iterations for H1                           2000
Convergence criterion for H1                             0.100D-03
Parameterization                                             DELTA

Input data file(s)
  ARI Data 2009_Openness CFA Sample.txt

Input data format  FREE


SUMMARY OF DATA

     Number of missing data patterns             1


COVARIANCE COVERAGE OF DATA

Minimum covariance coverage value   0.100


     PROPORTION OF DATA PRESENT


           Covariance Coverage
              OPEN17        OPEN1         OPEN3         OPEN7         OPEN18
              ________      ________      ________      ________      ________
 OPEN17         1.000
 OPEN1          1.000         1.000
 OPEN3          1.000         1.000         1.000
 OPEN7          1.000         1.000         1.000         1.000
 OPEN18         1.000         1.000         1.000         1.000         1.000
 OPEN83         1.000         1.000         1.000         1.000         1.000
 OPEN77         1.000         1.000         1.000         1.000         1.000
 OPEN31         1.000         1.000         1.000         1.000         1.000
 OPEN121        1.000         1.000         1.000         1.000         1.000
 OPEN146        1.000         1.000         1.000         1.000         1.000
 OPEN66         1.000         1.000         1.000         1.000         1.000
 OPEN13         1.000         1.000         1.000         1.000         1.000
 OPEN112        1.000         1.000         1.000         1.000         1.000
 OPEN32         1.000         1.000         1.000         1.000         1.000
 OPEN25         1.000         1.000         1.000         1.000         1.000
 OPEN35         1.000         1.000         1.000         1.000         1.000
 OPEN136        1.000         1.000         1.000         1.000         1.000
 OPEN2          1.000         1.000         1.000         1.000         1.000


           Covariance Coverage
              OPEN83        OPEN77        OPEN31        OPEN121       OPEN146
              ________      ________      ________      ________      ________
 OPEN83         1.000
 OPEN77         1.000         1.000
 OPEN31         1.000         1.000         1.000
 OPEN121        1.000         1.000         1.000         1.000
 OPEN146        1.000         1.000         1.000         1.000         1.000
 OPEN66         1.000         1.000         1.000         1.000         1.000
 OPEN13         1.000         1.000         1.000         1.000         1.000
 OPEN112        1.000         1.000         1.000         1.000         1.000
 OPEN32         1.000         1.000         1.000         1.000         1.000
 OPEN25         1.000         1.000         1.000         1.000         1.000
 OPEN35         1.000         1.000         1.000         1.000         1.000
 OPEN136        1.000         1.000         1.000         1.000         1.000
 OPEN2          1.000         1.000         1.000         1.000         1.000


           Covariance Coverage
              OPEN66        OPEN13        OPEN112       OPEN32        OPEN25
              ________      ________      ________      ________      ________
 OPEN66         1.000
 OPEN13         1.000         1.000
 OPEN112        1.000         1.000         1.000
 OPEN32         1.000         1.000         1.000         1.000
 OPEN25         1.000         1.000         1.000         1.000         1.000
 OPEN35         1.000         1.000         1.000         1.000         1.000
 OPEN136        1.000         1.000         1.000         1.000         1.000
 OPEN2          1.000         1.000         1.000         1.000         1.000


           Covariance Coverage
              OPEN35        OPEN136       OPEN2
              ________      ________      ________
 OPEN35         1.000
 OPEN136        1.000         1.000
 OPEN2          1.000         1.000         1.000


UNIVARIATE PROPORTIONS AND COUNTS FOR CATEGORICAL VARIABLES

    OPEN17
      Category 1    0.017        6.000
      Category 2    0.053       19.000
      Category 3    0.332      120.000
      Category 4    0.440      159.000
      Category 5    0.158       57.000
    OPEN1
      Category 1    0.008        3.000
      Category 2    0.061       22.000
      Category 3    0.296      107.000
      Category 4    0.402      145.000
      Category 5    0.233       84.000
    OPEN3
      Category 1    0.017        6.000
      Category 2    0.094       34.000
      Category 3    0.380      137.000
      Category 4    0.368      133.000
      Category 5    0.141       51.000
    OPEN7
      Category 1    0.011        4.000
      Category 2    0.102       37.000
      Category 3    0.368      133.000
      Category 4    0.402      145.000
      Category 5    0.116       42.000
    OPEN18
      Category 1    0.017        6.000
      Category 2    0.102       37.000
      Category 3    0.449      162.000
      Category 4    0.313      113.000
      Category 5    0.119       43.000
    OPEN83
      Category 1    0.008        3.000
      Category 2    0.086       31.000
      Category 3    0.305      110.000
      Category 4    0.404      146.000
      Category 5    0.197       71.000
    OPEN77
      Category 1    0.006        2.000
      Category 2    0.061       22.000
      Category 3    0.277      100.000
      Category 4    0.476      172.000
      Category 5    0.180       65.000
    OPEN31
      Category 1    0.014        5.000
      Category 2    0.111       40.000
      Category 3    0.307      111.000
      Category 4    0.377      136.000
      Category 5    0.191       69.000
    OPEN121
      Category 1    0.028       10.000
      Category 2    0.075       27.000
      Category 3    0.299      108.000
      Category 4    0.346      125.000
      Category 5    0.252       91.000
    OPEN146
      Category 1    0.008        3.000
      Category 2    0.044       16.000
      Category 3    0.258       93.000
      Category 4    0.452      163.000
      Category 5    0.238       86.000
    OPEN66
      Category 1    0.111       40.000
      Category 2    0.410      148.000
      Category 3    0.307      111.000
      Category 4    0.141       51.000
      Category 5    0.030       11.000
    OPEN13
      Category 1    0.014        5.000
      Category 2    0.083       30.000
      Category 3    0.343      124.000
      Category 4    0.343      124.000
      Category 5    0.216       78.000
    OPEN112
      Category 1    0.008        3.000
      Category 2    0.050       18.000
      Category 3    0.341      123.000
      Category 4    0.427      154.000
      Category 5    0.175       63.000
    OPEN32
      Category 1    0.008        3.000
      Category 2    0.050       18.000
      Category 3    0.249       90.000
      Category 4    0.432      156.000
      Category 5    0.260       94.000
    OPEN25
      Category 1    0.180       65.000
      Category 2    0.111       40.000
      Category 3    0.166       60.000
      Category 4    0.158       57.000
      Category 5    0.385      139.000
    OPEN35
      Category 1    0.008        3.000
      Category 2    0.030       11.000
      Category 3    0.269       97.000
      Category 4    0.488      176.000
      Category 5    0.205       74.000
    OPEN136
      Category 1    0.003        1.000
      Category 2    0.047       17.000
      Category 3    0.224       81.000
      Category 4    0.468      169.000
      Category 5    0.258       93.000
    OPEN2
      Category 1    0.022        8.000
      Category 2    0.163       59.000
      Category 3    0.485      175.000
      Category 4    0.230       83.000
      Category 5    0.100       36.000



THE MODEL ESTIMATION TERMINATED NORMALLY



MODEL FIT INFORMATION

Number of Free Parameters                       90

Chi-Square Test of Model Fit

          Value                            494.374*
          Degrees of Freedom                   135
          P-Value                           0.0000

*   The chi-square value for MLM, MLMV, MLR, ULSMV, WLSM and WLSMV cannot be used
    for chi-square difference testing in the regular way.  MLM, MLR and WLSM
    chi-square difference testing is described on the Mplus website.  MLMV, WLSMV,
    and ULSMV difference testing is done using the DIFFTEST option.

RMSEA (Root Mean Square Error Of Approximation)

          Estimate                           0.086
          90 Percent C.I.                    0.078  0.094
          Probability RMSEA <= .05           0.000

CFI/TLI

          CFI                                0.921
          TLI                                0.910

Chi-Square Test of Model Fit for the Baseline Model

          Value                           4682.088
          Degrees of Freedom                   153
          P-Value                           0.0000

WRMR (Weighted Root Mean Square Residual)

          Value                              1.295



MODEL RESULTS

                                                    Two-Tailed
                    Estimate       S.E.  Est./S.E.    P-Value

 JUDGE    BY
    OPEN17             1.000      0.000    999.000    999.000
    OPEN1              1.154      0.087     13.281      0.000
    OPEN3              1.071      0.075     14.333      0.000
    OPEN7              0.738      0.075      9.889      0.000
    OPEN18             0.916      0.071     12.825      0.000
    OPEN83             0.886      0.087     10.204      0.000
    OPEN77             1.149      0.082     13.983      0.000
    OPEN31             1.190      0.079     15.145      0.000
    OPEN121            1.199      0.084     14.240      0.000
    OPEN146            1.091      0.090     12.153      0.000
    OPEN66            -0.244      0.080     -3.065      0.002
    OPEN13             0.783      0.083      9.390      0.000
    OPEN112            1.303      0.080     16.189      0.000
    OPEN32             1.198      0.082     14.654      0.000
    OPEN25             0.184      0.095      1.930      0.054
    OPEN35             1.129      0.076     14.832      0.000
    OPEN136            1.197      0.081     14.823      0.000
    OPEN2              0.823      0.078     10.598      0.000

 Thresholds
    OPEN17$1          -2.129      0.163    -13.086      0.000
    OPEN17$2          -1.481      0.100    -14.763      0.000
    OPEN17$3          -0.249      0.067     -3.733      0.000
    OPEN17$4           1.003      0.080     12.608      0.000
    OPEN1$1           -2.395      0.211    -11.361      0.000
    OPEN1$2           -1.481      0.100    -14.763      0.000
    OPEN1$3           -0.343      0.067     -5.095      0.000
    OPEN1$4            0.730      0.073     10.032      0.000
    OPEN3$1           -2.129      0.163    -13.086      0.000
    OPEN3$2           -1.222      0.087    -13.985      0.000
    OPEN3$3           -0.024      0.066     -0.368      0.713
    OPEN3$4            1.075      0.082     13.128      0.000
    OPEN7$1           -2.288      0.189    -12.101      0.000
    OPEN7$2           -1.208      0.087    -13.914      0.000
    OPEN7$3           -0.045      0.066     -0.684      0.494
    OPEN7$4            1.193      0.086     13.841      0.000
    OPEN18$1          -2.129      0.163    -13.086      0.000
    OPEN18$2          -1.179      0.086    -13.767      0.000
    OPEN18$3           0.171      0.066      2.578      0.010
    OPEN18$4           1.179      0.086     13.767      0.000
    OPEN83$1          -2.395      0.211    -11.361      0.000
    OPEN83$2          -1.315      0.092    -14.371      0.000
    OPEN83$3          -0.256      0.067     -3.838      0.000
    OPEN83$4           0.854      0.075     11.308      0.000
    OPEN77$1          -2.540      0.247    -10.300      0.000
    OPEN77$2          -1.503      0.102    -14.786      0.000
    OPEN77$3          -0.403      0.068     -5.930      0.000
    OPEN77$4           0.915      0.077     11.877      0.000
    OPEN31$1          -2.201      0.174    -12.655      0.000
    OPEN31$2          -1.152      0.085    -13.614      0.000
    OPEN31$3          -0.171      0.066     -2.578      0.010
    OPEN31$4           0.874      0.076     11.499      0.000
    OPEN121$1         -1.916      0.136    -14.123      0.000
    OPEN121$2         -1.267      0.089    -14.187      0.000
    OPEN121$3         -0.249      0.067     -3.733      0.000
    OPEN121$4          0.668      0.072      9.329      0.000
    OPEN146$1         -2.395      0.211    -11.361      0.000
    OPEN146$2         -1.620      0.109    -14.807      0.000
    OPEN146$3         -0.495      0.069     -7.177      0.000
    OPEN146$4          0.712      0.072      9.832      0.000
    OPEN66$1          -1.222      0.087    -13.985      0.000
    OPEN66$2           0.052      0.066      0.789      0.430
    OPEN66$3           0.947      0.078     12.155      0.000
    OPEN66$4           1.874      0.131     14.278      0.000
    OPEN13$1          -2.201      0.174    -12.655      0.000
    OPEN13$2          -1.299      0.091    -14.312      0.000
    OPEN13$3          -0.150      0.066     -2.262      0.024
    OPEN13$4           0.786      0.074     10.627      0.000
    OPEN112$1         -2.395      0.211    -11.361      0.000
    OPEN112$2         -1.570      0.106    -14.820      0.000
    OPEN112$3         -0.256      0.067     -3.838      0.000
    OPEN112$4          0.936      0.078     12.063      0.000
    OPEN32$1          -2.395      0.211    -11.361      0.000
    OPEN32$2          -1.570      0.106    -14.820      0.000
    OPEN32$3          -0.503      0.069     -7.281      0.000
    OPEN32$4           0.642      0.071      9.025      0.000
    OPEN25$1          -0.915      0.077    -11.877      0.000
    OPEN25$2          -0.551      0.070     -7.900      0.000
    OPEN25$3          -0.108      0.066     -1.631      0.103
    OPEN25$4           0.292      0.067      4.362      0.000
    OPEN35$1          -2.395      0.211    -11.361      0.000
    OPEN35$2          -1.765      0.121    -14.596      0.000
    OPEN35$3          -0.503      0.069     -7.281      0.000
    OPEN35$4           0.824      0.075     11.018      0.000
    OPEN136$1         -2.774      0.325     -8.538      0.000
    OPEN136$2         -1.646      0.111    -14.788      0.000
    OPEN136$3         -0.600      0.070     -8.515      0.000
    OPEN136$4          0.651      0.071      9.126      0.000
    OPEN2$1           -2.011      0.147    -13.707      0.000
    OPEN2$2           -0.894      0.077    -11.689      0.000
    OPEN2$3            0.441      0.068      6.451      0.000
    OPEN2$4            1.283      0.090     14.251      0.000

 Variances
    JUDGE              0.337      0.041      8.206      0.000


STANDARDIZED MODEL RESULTS


STDYX Standardization

                                                    Two-Tailed
                    Estimate       S.E.  Est./S.E.    P-Value

 JUDGE    BY
    OPEN17             0.581      0.035     16.412      0.000
    OPEN1              0.670      0.030     22.581      0.000
    OPEN3              0.622      0.033     18.808      0.000
    OPEN7              0.428      0.041     10.454      0.000
    OPEN18             0.532      0.039     13.644      0.000
    OPEN83             0.514      0.039     13.341      0.000
    OPEN77             0.667      0.032     21.167      0.000
    OPEN31             0.691      0.029     23.441      0.000
    OPEN121            0.696      0.031     22.288      0.000
    OPEN146            0.634      0.031     20.542      0.000
    OPEN66            -0.142      0.046     -3.065      0.002
    OPEN13             0.455      0.043     10.478      0.000
    OPEN112            0.757      0.025     30.744      0.000
    OPEN32             0.696      0.028     24.575      0.000
    OPEN25             0.107      0.056      1.921      0.055
    OPEN35             0.656      0.031     21.177      0.000
    OPEN136            0.695      0.030     22.836      0.000
    OPEN2              0.478      0.039     12.263      0.000

 Thresholds
    OPEN17$1          -2.129      0.163    -13.086      0.000
    OPEN17$2          -1.481      0.100    -14.763      0.000
    OPEN17$3          -0.249      0.067     -3.733      0.000
    OPEN17$4           1.003      0.080     12.608      0.000
    OPEN1$1           -2.395      0.211    -11.361      0.000
    OPEN1$2           -1.481      0.100    -14.763      0.000
    OPEN1$3           -0.343      0.067     -5.095      0.000
    OPEN1$4            0.730      0.073     10.032      0.000
    OPEN3$1           -2.129      0.163    -13.086      0.000
    OPEN3$2           -1.222      0.087    -13.985      0.000
    OPEN3$3           -0.024      0.066     -0.368      0.713
    OPEN3$4            1.075      0.082     13.128      0.000
    OPEN7$1           -2.288      0.189    -12.101      0.000
    OPEN7$2           -1.208      0.087    -13.914      0.000
    OPEN7$3           -0.045      0.066     -0.684      0.494
    OPEN7$4            1.193      0.086     13.841      0.000
    OPEN18$1          -2.129      0.163    -13.086      0.000
    OPEN18$2          -1.179      0.086    -13.767      0.000
    OPEN18$3           0.171      0.066      2.578      0.010
    OPEN18$4           1.179      0.086     13.767      0.000
    OPEN83$1          -2.395      0.211    -11.361      0.000
    OPEN83$2          -1.315      0.092    -14.371      0.000
    OPEN83$3          -0.256      0.067     -3.838      0.000
    OPEN83$4           0.854      0.075     11.308      0.000
    OPEN77$1          -2.540      0.247    -10.300      0.000
    OPEN77$2          -1.503      0.102    -14.786      0.000
    OPEN77$3          -0.403      0.068     -5.930      0.000
    OPEN77$4           0.915      0.077     11.877      0.000
    OPEN31$1          -2.201      0.174    -12.655      0.000
    OPEN31$2          -1.152      0.085    -13.614      0.000
    OPEN31$3          -0.171      0.066     -2.578      0.010
    OPEN31$4           0.874      0.076     11.499      0.000
    OPEN121$1         -1.916      0.136    -14.123      0.000
    OPEN121$2         -1.267      0.089    -14.187      0.000
    OPEN121$3         -0.249      0.067     -3.733      0.000
    OPEN121$4          0.668      0.072      9.329      0.000
    OPEN146$1         -2.395      0.211    -11.361      0.000
    OPEN146$2         -1.620      0.109    -14.807      0.000
    OPEN146$3         -0.495      0.069     -7.177      0.000
    OPEN146$4          0.712      0.072      9.832      0.000
    OPEN66$1          -1.222      0.087    -13.985      0.000
    OPEN66$2           0.052      0.066      0.789      0.430
    OPEN66$3           0.947      0.078     12.155      0.000
    OPEN66$4           1.874      0.131     14.278      0.000
    OPEN13$1          -2.201      0.174    -12.655      0.000
    OPEN13$2          -1.299      0.091    -14.312      0.000
    OPEN13$3          -0.150      0.066     -2.262      0.024
    OPEN13$4           0.786      0.074     10.627      0.000
    OPEN112$1         -2.395      0.211    -11.361      0.000
    OPEN112$2         -1.570      0.106    -14.820      0.000
    OPEN112$3         -0.256      0.067     -3.838      0.000
    OPEN112$4          0.936      0.078     12.063      0.000
    OPEN32$1          -2.395      0.211    -11.361      0.000
    OPEN32$2          -1.570      0.106    -14.820      0.000
    OPEN32$3          -0.503      0.069     -7.281      0.000
    OPEN32$4           0.642      0.071      9.025      0.000
    OPEN25$1          -0.915      0.077    -11.877      0.000
    OPEN25$2          -0.551      0.070     -7.900      0.000
    OPEN25$3          -0.108      0.066     -1.631      0.103
    OPEN25$4           0.292      0.067      4.362      0.000
    OPEN35$1          -2.395      0.211    -11.361      0.000
    OPEN35$2          -1.765      0.121    -14.596      0.000
    OPEN35$3          -0.503      0.069     -7.281      0.000
    OPEN35$4           0.824      0.075     11.018      0.000
    OPEN136$1         -2.774      0.325     -8.538      0.000
    OPEN136$2         -1.646      0.111    -14.788      0.000
    OPEN136$3         -0.600      0.070     -8.515      0.000
    OPEN136$4          0.651      0.071      9.126      0.000
    OPEN2$1           -2.011      0.147    -13.707      0.000
    OPEN2$2           -0.894      0.077    -11.689      0.000
    OPEN2$3            0.441      0.068      6.451      0.000
    OPEN2$4            1.283      0.090     14.251      0.000

 Variances
    JUDGE              1.000      0.000    999.000    999.000


R-SQUARE

    Observed                                        Two-Tailed   Residual
    Variable        Estimate       S.E.  Est./S.E.    P-Value    Variance

    OPEN17             0.337      0.041      8.206      0.000      0.663
    OPEN1              0.449      0.040     11.291      0.000      0.551
    OPEN3              0.387      0.041      9.404      0.000      0.613
    OPEN7              0.184      0.035      5.227      0.000      0.816
    OPEN18             0.283      0.041      6.822      0.000      0.717
    OPEN83             0.265      0.040      6.670      0.000      0.735
    OPEN77             0.446      0.042     10.584      0.000      0.554
    OPEN31             0.478      0.041     11.720      0.000      0.522
    OPEN121            0.485      0.044     11.144      0.000      0.515
    OPEN146            0.402      0.039     10.271      0.000      0.598
    OPEN66             0.020      0.013      1.533      0.125      0.980
    OPEN13             0.207      0.039      5.239      0.000      0.793
    OPEN112            0.573      0.037     15.372      0.000      0.427
    OPEN32             0.484      0.039     12.287      0.000      0.516
    OPEN25             0.011      0.012      0.960      0.337      0.989
    OPEN35             0.430      0.041     10.588      0.000      0.570
    OPEN136            0.483      0.042     11.418      0.000      0.517
    OPEN2              0.228      0.037      6.131      0.000      0.772


QUALITY OF NUMERICAL RESULTS

     Condition Number for the Information Matrix              0.201E-03
       (ratio of smallest to largest eigenvalue)


MODEL MODIFICATION INDICES

NOTE:  Modification indices for direct effects of observed dependent variables
regressed on covariates and residual covariances among observed dependent
variables may not be included.  To include these, request MODINDICES (ALL).

Minimum M.I. value for printing the modification index     4.000

                                   M.I.     E.P.C.  Std E.P.C.  StdYX E.P.C.

No modification indices above the minimum value.



DIAGRAM INFORMATION

  Use View Diagram under the Diagram menu in the Mplus Editor to view the diagram.
  If running Mplus from the Mplus Diagrammer, the diagram opens automatically.

  Diagram output
    f:\ipip paper\sample_usa\cfa\openness\cfa openness - messmodell openmindedness_judgement.dgm

     Beginning Time:  13:28:51
        Ending Time:  13:28:51
       Elapsed Time:  00:00:00



MUTHEN & MUTHEN
3463 Stoner Ave.
Los Angeles, CA  90066

Tel: (310) 391-9971
Fax: (310) 391-8971
Web: www.StatModel.com
Support: Support@StatModel.com

Copyright (c) 1998-2013 Muthen & Muthen
