Mplus VERSION 5.2
MUTHEN & MUTHEN
01/20/2012   1:28 PM

INPUT INSTRUCTIONS

  TITLE:

  DATA:
  FILE IS  "ARI Data 2009_Openness CFA Sample.txt";
  Variable:
  Names are
  respid
  open145
  open42
  open10
  open15
  open134
  open900
  open109
  open88
  open46
  open1
  open99
  open11
  open116
  open4
  open112
  open40
  open9
  open13
  open118
  open121
  open151
  open90
  open5
  open87
  open30
  open146
  open43
  open139
  open3
  open48
  open22
  open125
  open60
  open32
  open49
  open12
  open106
  open96
  open111
  open130
  open133
  open19
  open104
  open135
  open80
  open143
  open115
  open59
  open78
  open75
  open102
  open107
  open76
  open94
  open71
  open7
  open44
  open21
  open105
  open18
  open113
  open148
  open64
  open50
  open89
  open110
  open152
  open129
  open8
  open53
  open63
  open66
  open27
  open83
  open95
  open70
  open86
  open85
  open136
  open16
  open29
  open25
  open147
  open144
  open72
  open140
  open55
  open61
  open56
  open58
  open901
  open37
  open74
  open91
  open97
  open93
  open67
  open20
  open17
  open127
  open2
  open124
  open114
  open6
  open28
  open92
  open132
  open77
  open45
  open31
  open35
  Filter
  filter_
  ;

  USEVARIABLES ARE
  open94
  open96
  open900
  open5
  open99
  open125
  open152
  open76
  open140
  open71
  open88
  open42
  open10
  open59
  open74
  open48
  ;


  MISSING ARE ALL (-99);
  categorical are all;

  Model:
  action BY
  open94
  open96
  open900
  open5
  open99
  open125
  open152
  open76
  open140
  open71
  open88
  open42
  open10
  open59
  open74
  open48
  ;


  Analysis:
  ESTIMATOR IS WLSMV;

  OUTPUT: STDYX MODINDICES(4);



*** WARNING
  Data set contains cases with missing on all variables.
  These cases were not included in the analysis.
  Number of cases with missing on all variables:  2
   1 WARNING(S) FOUND IN THE INPUT INSTRUCTIONS




SUMMARY OF ANALYSIS

Number of groups                                                 1
Number of observations                                         361

Number of dependent variables                                   16
Number of independent variables                                  0
Number of continuous latent variables                            1

Observed dependent variables

  Binary and ordered categorical (ordinal)
   OPEN94      OPEN96      OPEN900     OPEN5       OPEN99      OPEN125
   OPEN152     OPEN76      OPEN140     OPEN71      OPEN88      OPEN42
   OPEN10      OPEN59      OPEN74      OPEN48

Continuous latent variables
   ACTION


Estimator                                                    WLSMV
Maximum number of iterations                                  1000
Convergence criterion                                    0.500D-04
Maximum number of steepest descent iterations                   20
Maximum number of iterations for H1                           2000
Convergence criterion for H1                             0.100D-03
Parameterization                                             DELTA

Input data file(s)
  ARI Data 2009_Openness CFA Sample.txt

Input data format  FREE


SUMMARY OF DATA

     Number of missing data patterns             1


COVARIANCE COVERAGE OF DATA

Minimum covariance coverage value   0.100


     PROPORTION OF DATA PRESENT


           Covariance Coverage
              OPEN94        OPEN96        OPEN900       OPEN5         OPEN99
              ________      ________      ________      ________      ________
 OPEN94         1.000
 OPEN96         1.000         1.000
 OPEN900        1.000         1.000         1.000
 OPEN5          1.000         1.000         1.000         1.000
 OPEN99         1.000         1.000         1.000         1.000         1.000
 OPEN125        1.000         1.000         1.000         1.000         1.000
 OPEN152        1.000         1.000         1.000         1.000         1.000
 OPEN76         1.000         1.000         1.000         1.000         1.000
 OPEN140        1.000         1.000         1.000         1.000         1.000
 OPEN71         1.000         1.000         1.000         1.000         1.000
 OPEN88         1.000         1.000         1.000         1.000         1.000
 OPEN42         1.000         1.000         1.000         1.000         1.000
 OPEN10         1.000         1.000         1.000         1.000         1.000
 OPEN59         1.000         1.000         1.000         1.000         1.000
 OPEN74         1.000         1.000         1.000         1.000         1.000
 OPEN48         1.000         1.000         1.000         1.000         1.000


           Covariance Coverage
              OPEN125       OPEN152       OPEN76        OPEN140       OPEN71
              ________      ________      ________      ________      ________
 OPEN125        1.000
 OPEN152        1.000         1.000
 OPEN76         1.000         1.000         1.000
 OPEN140        1.000         1.000         1.000         1.000
 OPEN71         1.000         1.000         1.000         1.000         1.000
 OPEN88         1.000         1.000         1.000         1.000         1.000
 OPEN42         1.000         1.000         1.000         1.000         1.000
 OPEN10         1.000         1.000         1.000         1.000         1.000
 OPEN59         1.000         1.000         1.000         1.000         1.000
 OPEN74         1.000         1.000         1.000         1.000         1.000
 OPEN48         1.000         1.000         1.000         1.000         1.000


           Covariance Coverage
              OPEN88        OPEN42        OPEN10        OPEN59        OPEN74
              ________      ________      ________      ________      ________
 OPEN88         1.000
 OPEN42         1.000         1.000
 OPEN10         1.000         1.000         1.000
 OPEN59         1.000         1.000         1.000         1.000
 OPEN74         1.000         1.000         1.000         1.000         1.000
 OPEN48         1.000         1.000         1.000         1.000         1.000


           Covariance Coverage
              OPEN48
              ________
 OPEN48         1.000


SUMMARY OF CATEGORICAL DATA PROPORTIONS

    OPEN94
      Category 1    0.011
      Category 2    0.042
      Category 3    0.152
      Category 4    0.294
      Category 5    0.501
    OPEN96
      Category 1    0.006
      Category 2    0.030
      Category 3    0.127
      Category 4    0.252
      Category 5    0.584
    OPEN900
      Category 1    0.011
      Category 2    0.042
      Category 3    0.227
      Category 4    0.321
      Category 5    0.399
    OPEN5
      Category 1    0.003
      Category 2    0.078
      Category 3    0.310
      Category 4    0.388
      Category 5    0.222
    OPEN99
      Category 1    0.025
      Category 2    0.105
      Category 3    0.230
      Category 4    0.296
      Category 5    0.343
    OPEN125
      Category 1    0.014
      Category 2    0.069
      Category 3    0.224
      Category 4    0.352
      Category 5    0.341
    OPEN152
      Category 1    0.050
      Category 2    0.108
      Category 3    0.199
      Category 4    0.199
      Category 5    0.443
    OPEN76
      Category 1    0.006
      Category 2    0.022
      Category 3    0.188
      Category 4    0.385
      Category 5    0.399
    OPEN140
      Category 1    0.003
      Category 2    0.055
      Category 3    0.238
      Category 4    0.460
      Category 5    0.244
    OPEN71
      Category 1    0.019
      Category 2    0.089
      Category 3    0.247
      Category 4    0.321
      Category 5    0.324
    OPEN88
      Category 1    0.036
      Category 2    0.083
      Category 3    0.277
      Category 4    0.310
      Category 5    0.294
    OPEN42
      Category 1    0.255
      Category 2    0.338
      Category 3    0.249
      Category 4    0.108
      Category 5    0.050
    OPEN10
      Category 1    0.421
      Category 2    0.382
      Category 3    0.147
      Category 4    0.039
      Category 5    0.011
    OPEN59
      Category 1    0.111
      Category 2    0.150
      Category 3    0.233
      Category 4    0.244
      Category 5    0.263
    OPEN74
      Category 1    0.294
      Category 2    0.465
      Category 3    0.152
      Category 4    0.055
      Category 5    0.033
    OPEN48
      Category 1    0.017
      Category 2    0.080
      Category 3    0.252
      Category 4    0.355
      Category 5    0.296



THE MODEL ESTIMATION TERMINATED NORMALLY



TESTS OF MODEL FIT

Chi-Square Test of Model Fit

          Value                            235.334*
          Degrees of Freedom                    56**
          P-Value                           0.0000

*   The chi-square value for MLM, MLMV, MLR, ULSMV, WLSM and WLSMV cannot be used
    for chi-square difference tests.  MLM, MLR and WLSM chi-square difference
    testing is described in the Mplus Technical Appendices at www.statmodel.com.
    See chi-square difference testing in the index of the Mplus User's Guide.

**  The degrees of freedom for MLMV, ULSMV and WLSMV are estimated according to
    a formula given in the Mplus Technical Appendices at www.statmodel.com.
    See degrees of freedom in the index of the Mplus User's Guide.

Chi-Square Test of Model Fit for the Baseline Model

          Value                           2464.348
          Degrees of Freedom                    31
          P-Value                           0.0000

CFI/TLI

          CFI                                0.926
          TLI                                0.959

Number of Free Parameters                       80

RMSEA (Root Mean Square Error Of Approximation)

          Estimate                           0.094

WRMR (Weighted Root Mean Square Residual)

          Value                              1.191



MODEL RESULTS

                                                    Two-Tailed
                    Estimate       S.E.  Est./S.E.    P-Value

 ACTION   BY
    OPEN94             1.000      0.000    999.000    999.000
    OPEN96             0.998      0.040     24.920      0.000
    OPEN900            0.911      0.039     23.213      0.000
    OPEN5              0.780      0.045     17.471      0.000
    OPEN99             0.739      0.045     16.432      0.000
    OPEN125            0.788      0.044     17.928      0.000
    OPEN152            0.682      0.051     13.395      0.000
    OPEN76             0.954      0.039     24.501      0.000
    OPEN140            0.685      0.047     14.618      0.000
    OPEN71             0.682      0.046     14.850      0.000
    OPEN88             0.511      0.051      9.967      0.000
    OPEN42            -0.461      0.051     -9.051      0.000
    OPEN10            -0.734      0.048    -15.426      0.000
    OPEN59             0.490      0.054      9.011      0.000
    OPEN74            -0.504      0.054     -9.263      0.000
    OPEN48             0.505      0.052      9.659      0.000

 Thresholds
    OPEN94$1          -2.288      0.189    -12.101      0.000
    OPEN94$2          -1.620      0.109    -14.807      0.000
    OPEN94$3          -0.824      0.075    -11.018      0.000
    OPEN94$4          -0.003      0.066     -0.053      0.958
    OPEN96$1          -2.540      0.247    -10.300      0.000
    OPEN96$2          -1.799      0.124    -14.510      0.000
    OPEN96$3          -0.980      0.079    -12.429      0.000
    OPEN96$4          -0.213      0.067     -3.208      0.001
    OPEN900$1         -2.288      0.189    -12.101      0.000
    OPEN900$2         -1.620      0.109    -14.807      0.000
    OPEN900$3         -0.583      0.070     -8.311      0.000
    OPEN900$4          0.256      0.067      3.838      0.000
    OPEN5$1           -2.774      0.325     -8.538      0.000
    OPEN5$2           -1.403      0.096    -14.624      0.000
    OPEN5$3           -0.278      0.067     -4.153      0.000
    OPEN5$4            0.767      0.074     10.430      0.000
    OPEN99$1          -1.961      0.141    -13.935      0.000
    OPEN99$2          -1.125      0.084    -13.457      0.000
    OPEN99$3          -0.358      0.068     -5.304      0.000
    OPEN99$4           0.403      0.068      5.930      0.000
    OPEN125$1         -2.201      0.174    -12.655      0.000
    OPEN125$2         -1.385      0.095    -14.580      0.000
    OPEN125$3         -0.503      0.069     -7.281      0.000
    OPEN125$4          0.410      0.068      6.035      0.000
    OPEN152$1         -1.646      0.111    -14.788      0.000
    OPEN152$2         -1.003      0.080    -12.608      0.000
    OPEN152$3         -0.366      0.068     -5.409      0.000
    OPEN152$4          0.143      0.066      2.157      0.031
    OPEN76$1          -2.540      0.247    -10.300      0.000
    OPEN76$2          -1.916      0.136    -14.123      0.000
    OPEN76$3          -0.786      0.074    -10.627      0.000
    OPEN76$4           0.256      0.067      3.838      0.000
    OPEN140$1         -2.774      0.325     -8.538      0.000
    OPEN140$2         -1.570      0.106    -14.820      0.000
    OPEN140$3         -0.535      0.070     -7.694      0.000
    OPEN140$4          0.694      0.072      9.632      0.000
    OPEN71$1          -2.067      0.154    -13.429      0.000
    OPEN71$2          -1.237      0.088    -14.054      0.000
    OPEN71$3          -0.373      0.068     -5.513      0.000
    OPEN71$4           0.456      0.069      6.659      0.000
    OPEN88$1          -1.799      0.124    -14.510      0.000
    OPEN88$2          -1.179      0.086    -13.767      0.000
    OPEN88$3          -0.263      0.067     -3.943      0.000
    OPEN88$4           0.543      0.070      7.797      0.000
    OPEN42$1          -0.659      0.071     -9.228      0.000
    OPEN42$2           0.235      0.067      3.523      0.000
    OPEN42$3           1.003      0.080     12.608      0.000
    OPEN42$4           1.646      0.111     14.788      0.000
    OPEN10$1          -0.199      0.066     -2.998      0.003
    OPEN10$2           0.854      0.075     11.308      0.000
    OPEN10$3           1.646      0.111     14.788      0.000
    OPEN10$4           2.288      0.189     12.101      0.000
    OPEN59$1          -1.222      0.087    -13.985      0.000
    OPEN59$2          -0.642      0.071     -9.025      0.000
    OPEN59$3          -0.017      0.066     -0.263      0.792
    OPEN59$4           0.634      0.071      8.923      0.000
    OPEN74$1          -0.543      0.070     -7.797      0.000
    OPEN74$2           0.703      0.072      9.732      0.000
    OPEN74$3           1.349      0.093     14.481      0.000
    OPEN74$4           1.835      0.127     14.406      0.000
    OPEN48$1          -2.129      0.163    -13.086      0.000
    OPEN48$2          -1.299      0.091    -14.312      0.000
    OPEN48$3          -0.388      0.068     -5.722      0.000
    OPEN48$4           0.535      0.070      7.694      0.000

 Variances
    ACTION             0.678      0.038     17.989      0.000


STANDARDIZED MODEL RESULTS


STDYX Standardization

                                                    Two-Tailed
                    Estimate       S.E.  Est./S.E.    P-Value

 ACTION   BY
    OPEN94             0.823      0.023     35.977      0.000
    OPEN96             0.822      0.023     35.702      0.000
    OPEN900            0.750      0.026     28.382      0.000
    OPEN5              0.642      0.033     19.361      0.000
    OPEN99             0.609      0.032     18.832      0.000
    OPEN125            0.649      0.032     20.435      0.000
    OPEN152            0.562      0.040     13.993      0.000
    OPEN76             0.786      0.026     29.978      0.000
    OPEN140            0.564      0.036     15.748      0.000
    OPEN71             0.561      0.036     15.397      0.000
    OPEN88             0.421      0.042     10.059      0.000
    OPEN42            -0.380      0.042     -9.005      0.000
    OPEN10            -0.604      0.035    -17.320      0.000
    OPEN59             0.403      0.045      8.952      0.000
    OPEN74            -0.415      0.044     -9.484      0.000
    OPEN48             0.416      0.042      9.946      0.000

 Thresholds
    OPEN94$1          -2.288      0.189    -12.101      0.000
    OPEN94$2          -1.620      0.109    -14.807      0.000
    OPEN94$3          -0.824      0.075    -11.018      0.000
    OPEN94$4          -0.003      0.066     -0.053      0.958
    OPEN96$1          -2.540      0.247    -10.300      0.000
    OPEN96$2          -1.799      0.124    -14.510      0.000
    OPEN96$3          -0.980      0.079    -12.429      0.000
    OPEN96$4          -0.213      0.067     -3.208      0.001
    OPEN900$1         -2.288      0.189    -12.101      0.000
    OPEN900$2         -1.620      0.109    -14.807      0.000
    OPEN900$3         -0.583      0.070     -8.311      0.000
    OPEN900$4          0.256      0.067      3.838      0.000
    OPEN5$1           -2.774      0.325     -8.538      0.000
    OPEN5$2           -1.403      0.096    -14.624      0.000
    OPEN5$3           -0.278      0.067     -4.153      0.000
    OPEN5$4            0.767      0.074     10.430      0.000
    OPEN99$1          -1.961      0.141    -13.935      0.000
    OPEN99$2          -1.125      0.084    -13.457      0.000
    OPEN99$3          -0.358      0.068     -5.304      0.000
    OPEN99$4           0.403      0.068      5.930      0.000
    OPEN125$1         -2.201      0.174    -12.655      0.000
    OPEN125$2         -1.385      0.095    -14.580      0.000
    OPEN125$3         -0.503      0.069     -7.281      0.000
    OPEN125$4          0.410      0.068      6.035      0.000
    OPEN152$1         -1.646      0.111    -14.788      0.000
    OPEN152$2         -1.003      0.080    -12.608      0.000
    OPEN152$3         -0.366      0.068     -5.409      0.000
    OPEN152$4          0.143      0.066      2.157      0.031
    OPEN76$1          -2.540      0.247    -10.300      0.000
    OPEN76$2          -1.916      0.136    -14.123      0.000
    OPEN76$3          -0.786      0.074    -10.627      0.000
    OPEN76$4           0.256      0.067      3.838      0.000
    OPEN140$1         -2.774      0.325     -8.538      0.000
    OPEN140$2         -1.570      0.106    -14.820      0.000
    OPEN140$3         -0.535      0.070     -7.694      0.000
    OPEN140$4          0.694      0.072      9.632      0.000
    OPEN71$1          -2.067      0.154    -13.429      0.000
    OPEN71$2          -1.237      0.088    -14.054      0.000
    OPEN71$3          -0.373      0.068     -5.513      0.000
    OPEN71$4           0.456      0.069      6.659      0.000
    OPEN88$1          -1.799      0.124    -14.510      0.000
    OPEN88$2          -1.179      0.086    -13.767      0.000
    OPEN88$3          -0.263      0.067     -3.943      0.000
    OPEN88$4           0.543      0.070      7.797      0.000
    OPEN42$1          -0.659      0.071     -9.228      0.000
    OPEN42$2           0.235      0.067      3.523      0.000
    OPEN42$3           1.003      0.080     12.608      0.000
    OPEN42$4           1.646      0.111     14.788      0.000
    OPEN10$1          -0.199      0.066     -2.998      0.003
    OPEN10$2           0.854      0.075     11.308      0.000
    OPEN10$3           1.646      0.111     14.788      0.000
    OPEN10$4           2.288      0.189     12.101      0.000
    OPEN59$1          -1.222      0.087    -13.985      0.000
    OPEN59$2          -0.642      0.071     -9.025      0.000
    OPEN59$3          -0.017      0.066     -0.263      0.792
    OPEN59$4           0.634      0.071      8.923      0.000
    OPEN74$1          -0.543      0.070     -7.797      0.000
    OPEN74$2           0.703      0.072      9.732      0.000
    OPEN74$3           1.349      0.093     14.481      0.000
    OPEN74$4           1.835      0.127     14.406      0.000
    OPEN48$1          -2.129      0.163    -13.086      0.000
    OPEN48$2          -1.299      0.091    -14.312      0.000
    OPEN48$3          -0.388      0.068     -5.722      0.000
    OPEN48$4           0.535      0.070      7.694      0.000

 Variances
    ACTION             1.000      0.000    999.000    999.000


R-SQUARE

    Observed                                        Two-Tailed   Residual
    Variable        Estimate       S.E.  Est./S.E.    P-Value    Variance

    OPEN94             0.678      0.038     17.989      0.000      0.322
    OPEN96             0.675      0.038     17.851      0.000      0.325
    OPEN900            0.562      0.040     14.191      0.000      0.438
    OPEN5              0.412      0.043      9.680      0.000      0.588
    OPEN99             0.371      0.039      9.416      0.000      0.629
    OPEN125            0.421      0.041     10.217      0.000      0.579
    OPEN152            0.316      0.045      6.997      0.000      0.684
    OPEN76             0.617      0.041     14.989      0.000      0.383
    OPEN140            0.318      0.040      7.874      0.000      0.682
    OPEN71             0.315      0.041      7.699      0.000      0.685
    OPEN88             0.177      0.035      5.029      0.000      0.823
    OPEN42             0.144      0.032      4.503      0.000      0.856
    OPEN10             0.365      0.042      8.660      0.000      0.635
    OPEN59             0.163      0.036      4.476      0.000      0.837
    OPEN74             0.172      0.036      4.742      0.000      0.828
    OPEN48             0.173      0.035      4.973      0.000      0.827


QUALITY OF NUMERICAL RESULTS

     Condition Number for the Information Matrix              0.761E-03
       (ratio of smallest to largest eigenvalue)


MODEL MODIFICATION INDICES

NOTE:  Modification indices for direct effects of observed dependent variables
regressed on covariates and residual covariances among observed dependent
variables may not be included.  To include these, request MODINDICES (ALL).

Minimum M.I. value for printing the modification index     4.000

                            M.I.     E.P.C.  Std E.P.C.  StdYX E.P.C.

No modification indices above the minimum value.



     Beginning Time:  13:28:00
        Ending Time:  13:28:01
       Elapsed Time:  00:00:01



MUTHEN & MUTHEN
3463 Stoner Ave.
Los Angeles, CA  90066

Tel: (310) 391-9971
Fax: (310) 391-8971
Web: www.StatModel.com
Support: Support@StatModel.com

Copyright (c) 1998-2008 Muthen & Muthen
