Mplus VERSION 5.2
MUTHEN & MUTHEN
06/26/2012  12:08 PM

INPUT INSTRUCTIONS

  TITLE: Beispiel N1 Analysis

  DATA:
   FILE IS  "ITS_TQIPIP.txt";

  VARIABLE:
   NAMES ARE
  id
  sex
  age
  A1_1
  A1_2
  A1_3
  A1_4
  A1_5
  A2_1
  A2_2
  A2_3
  A2_4
  A2_5
  A3_1
  A3_2
  A3_3
  A3_4
  A3_5
  A4_1
  A4_2
  A4_3
  A4_4
  A4_5
  A5_1
  A5_2
  A5_3
  A5_4
  A5_5
  A6_1
  A6_2
  A6_3
  A6_4
  A6_5
  A7_1
  A7_2
  A7_3
  A7_4
  A7_5
  A8_1
  A8_2
  A8_3
  A8_4
  A8_5
  C1_1
  C1_2
  C1_3
  C1_4
  C1_5
  C2_1
  C2_2
  C2_3
  C2_4
  C2_5
  C3_1
  C3_2
  C3_3
  C3_4
  C3_5
  C4_1
  C4_2
  C4_3
  C4_4
  C4_5
  C5_1
  C5_2
  C5_3
  C5_4
  C5_5
  C6_1
  C6_2
  C6_3
  C6_4
  C6_5
  C7_1
  C7_2
  C7_3
  C7_4
  C7_5
  C8_1
  C8_2
  C8_3
  C8_4
  C8_5
  C9_1
  C9_2
  C9_3
  C9_4
  C9_5
  E1_1
  E1_2
  E1_3
  E1_4
  E1_5
  E2_1
  E2_2
  E2_3
  E2_4
  E2_5
  E3_1
  E3_2
  E3_3
  E3_4
  E3_5
  E4_1
  E4_2
  E4_3
  E4_4
  E4_5
  E5_1
  E5_2
  E5_3
  E5_4
  E5_5
  E6_1
  E6_2
  E6_3
  E6_4
  E6_5
  E7_1
  E7_2
  E7_3
  E7_4
  E7_5
  E8_1
  E8_2
  E8_3
  E8_4
  E8_5
  E9_1
  E9_2
  E9_3
  N1_1
  N1_2
  N1_3
  N1_4
  N1_5
  N2_1
  N2_2
  N2_3
  N2_4
  N2_5
  N3_1
  N3_2
  N3_3
  N3_4
  N3_5
  N4_1
  N4_2
  N4_3
  N4_4
  N4_5
  N5_1
  N5_2
  N5_3
  N5_4
  N5_5
  N6_1
  N6_2
  N6_3
  N6_4
  N6_5
  N7_1
  N7_2
  N7_3
  O1_1
  O1_2
  O1_3
  O1_4
  O1_5
  O2_1
  O2_2
  O2_3
  O2_4
  O2_5
  O3_1
  O3_2
  O3_3
  O3_4
  O3_5
  O4_1
  O4_2
  O4_3
  O4_4
  O4_5
  O5_1
  O5_2
  O5_3
  O5_4
  O5_5
  O6_1
  O6_2
  O6_3
  O6_4
  O6_5
  O7_1
  O7_2
  O7_3
  O7_4
  O7_5
  O8_1
  O8_2
  O8_3
  O8_4
  O9_1
  O9_2
  O9_4
  dataset;

   USEVARIABLES ARE
  A8_1
  A8_2
  A8_3
  A8_4
  A8_5;

  USEOBSERVATIONS ARE (Dataset eq 0);

  MISSING ARE ALL (-99);

  MODEL:

  A8 by
  A8_1
  A8_2
  A8_3
  A8_4
  A8_5;

  ANALYSIS:
   ESTIMATOR IS ML;
   Iterations are 10000;

   OUTPUT: STDYX MODINDICES(4);



INPUT READING TERMINATED NORMALLY



Beispiel N1 Analysis

SUMMARY OF ANALYSIS

Number of groups                                                 1
Number of observations                                         387

Number of dependent variables                                    5
Number of independent variables                                  0
Number of continuous latent variables                            1

Observed dependent variables

  Continuous
   A8_1        A8_2        A8_3        A8_4        A8_5

Continuous latent variables
   A8


Estimator                                                       ML
Information matrix                                        OBSERVED
Maximum number of iterations                                 10000
Convergence criterion                                    0.500D-04
Maximum number of steepest descent iterations                   20
Maximum number of iterations for H1                           2000
Convergence criterion for H1                             0.100D-03

Input data file(s)
  ITS_TQIPIP.txt

Input data format  FREE


SUMMARY OF DATA

     Number of missing data patterns             1


COVARIANCE COVERAGE OF DATA

Minimum covariance coverage value   0.100


     PROPORTION OF DATA PRESENT


           Covariance Coverage
              A8_1          A8_2          A8_3          A8_4          A8_5
              ________      ________      ________      ________      ________
 A8_1           1.000
 A8_2           1.000         1.000
 A8_3           1.000         1.000         1.000
 A8_4           1.000         1.000         1.000         1.000
 A8_5           1.000         1.000         1.000         1.000         1.000



THE MODEL ESTIMATION TERMINATED NORMALLY



TESTS OF MODEL FIT

Chi-Square Test of Model Fit

          Value                             14.199
          Degrees of Freedom                     5
          P-Value                           0.0144

Chi-Square Test of Model Fit for the Baseline Model

          Value                            171.744
          Degrees of Freedom                    10
          P-Value                           0.0000

CFI/TLI

          CFI                                0.943
          TLI                                0.886

Loglikelihood

          H0 Value                       -2506.247
          H1 Value                       -2499.148

Information Criteria

          Number of Free Parameters             15
          Akaike (AIC)                    5042.494
          Bayesian (BIC)                  5101.871
          Sample-Size Adjusted BIC        5054.277
            (n* = (n + 2) / 24)

RMSEA (Root Mean Square Error Of Approximation)

          Estimate                           0.069
          90 Percent C.I.                    0.028  0.112
          Probability RMSEA <= .05           0.191

SRMR (Standardized Root Mean Square Residual)

          Value                              0.035



MODEL RESULTS

                                                    Two-Tailed
                    Estimate       S.E.  Est./S.E.    P-Value

 A8       BY
    A8_1               1.000      0.000    999.000    999.000
    A8_2               0.215      0.111      1.936      0.053
    A8_3               0.576      0.116      4.949      0.000
    A8_4               0.609      0.139      4.391      0.000
    A8_5               0.883      0.156      5.663      0.000

 Intercepts
    A8_1               3.289      0.042     77.534      0.000
    A8_2               2.540      0.052     49.267      0.000
    A8_3               2.915      0.052     56.108      0.000
    A8_4               3.762      0.052     72.071      0.000
    A8_5               3.884      0.038    102.799      0.000

 Variances
    A8                 0.330      0.070      4.711      0.000

 Residual Variances
    A8_1               0.367      0.062      5.963      0.000
    A8_2               1.013      0.073     13.797      0.000
    A8_3               0.935      0.072     12.975      0.000
    A8_4               0.932      0.073     12.832      0.000
    A8_5               0.295      0.049      6.075      0.000


STANDARDIZED MODEL RESULTS


STDYX Standardization

                                                    Two-Tailed
                    Estimate       S.E.  Est./S.E.    P-Value

 A8       BY
    A8_1               0.688      0.064     10.777      0.000
    A8_2               0.122      0.063      1.943      0.052
    A8_3               0.324      0.060      5.433      0.000
    A8_4               0.340      0.060      5.715      0.000
    A8_5               0.682      0.064     10.661      0.000

 Intercepts
    A8_1               3.941      0.151     26.187      0.000
    A8_2               2.504      0.103     24.226      0.000
    A8_3               2.852      0.114     24.926      0.000
    A8_4               3.664      0.141     25.954      0.000
    A8_5               5.226      0.195     26.855      0.000

 Variances
    A8                 1.000      0.000    999.000    999.000

 Residual Variances
    A8_1               0.527      0.088      5.993      0.000
    A8_2               0.985      0.015     64.675      0.000
    A8_3               0.895      0.039     23.222      0.000
    A8_4               0.884      0.041     21.808      0.000
    A8_5               0.534      0.087      6.116      0.000


R-SQUARE

    Observed                                        Two-Tailed
    Variable        Estimate       S.E.  Est./S.E.    P-Value

    A8_1               0.473      0.088      5.388      0.000
    A8_2               0.015      0.015      0.972      0.331
    A8_3               0.105      0.039      2.716      0.007
    A8_4               0.116      0.041      2.858      0.004
    A8_5               0.466      0.087      5.330      0.000


QUALITY OF NUMERICAL RESULTS

     Condition Number for the Information Matrix              0.564E-02
       (ratio of smallest to largest eigenvalue)


MODEL MODIFICATION INDICES

NOTE:  Modification indices for direct effects of observed dependent variables
regressed on covariates may not be included.  To include these, request
MODINDICES (ALL).

Minimum M.I. value for printing the modification index     4.000

                            M.I.     E.P.C.  Std E.P.C.  StdYX E.P.C.

WITH Statements

A8_3     WITH A8_2          6.459     0.130      0.130        0.134
A8_4     WITH A8_1          5.363    -0.130     -0.130       -0.223
A8_5     WITH A8_3          4.077    -0.096     -0.096       -0.182
A8_5     WITH A8_4          7.060     0.132      0.132        0.252


     Beginning Time:  12:08:25
        Ending Time:  12:08:25
       Elapsed Time:  00:00:00



MUTHEN & MUTHEN
3463 Stoner Ave.
Los Angeles, CA  90066

Tel: (310) 391-9971
Fax: (310) 391-8971
Web: www.StatModel.com
Support: Support@StatModel.com

Copyright (c) 1998-2008 Muthen & Muthen
