Mplus VERSION 7.2
MUTHEN & MUTHEN
04/05/2016  11:31 AM

INPUT INSTRUCTIONS

  TITLE:

  DATA:
  FILE IS  "IQIPIP_ohne_Leervaribalen_ohne notes.txt";
  Variable:
  Names are
  PCODE
  SEX
  AGE
  AGEMON
  EDLEV
  KBZ
  FORM
  VERSION
  SERIAL
  SOURCE
  AWCODE
  DATE
  TIME1
  TIME2
  IDNO
  DEVICE
  CANCEL
  MERGE
  N1
  N2
  N3
  N4
  N5
  N6
  N7
  E1
  E2
  E3
  E4
  E5
  E6
  E7
  E8
  E9
  O1
  O2
  O3
  O4
  O5
  O6
  O7
  O8
  O9
  A1
  A2
  A3
  A4
  A5
  A6
  A7
  A8
  C1
  C2
  C3
  C4
  C5
  C6
  C7
  C8
  C9
  A
  N
  E
  O
  C
  N1_1
  E1_1
  O1_1
  A1_1
  C1_1
  N1_2
  E1_2
  O1_2
  A1_2
  C1_2
  N1_3
  E1_3
  O1_3
  A1_3
  C1_3
  N1_4
  E1_4
  O1_4
  A1_4
  C1_4
  N1_5
  E1_5
  O1_5
  A1_5
  C1_5
  N2_1
  E2_1
  O2_1
  A2_1
  C2_1
  N2_2
  E2_2
  O2_2
  A2_2
  C2_2
  N2_3
  E2_3
  O2_3
  A2_3
  C2_3
  N2_4
  E2_4
  O2_4
  A2_4
  C2_4
  N2_5
  E2_5
  O2_5
  A2_5
  C2_5
  N3_1
  E3_1
  O3_1
  A3_1
  C3_1
  N3_2
  E3_2
  O3_2
  A3_2
  C3_2
  N3_3
  E3_3
  O3_3
  A3_3
  C3_3
  N3_4
  E3_4
  O3_4
  A3_4
  C3_4
  N3_5
  E3_5
  O3_5
  A3_5
  C3_5
  N4_1
  E4_1
  O4_1
  A4_1
  C4_1
  N4_2
  E4_2
  O4_2
  A4_2
  C4_2
  N4_3
  E4_3
  O4_3
  A4_3
  C4_3
  N4_4
  E4_4
  O4_4
  A4_4
  C4_4
  N4_5
  E4_5
  O4_5
  A4_5
  C4_5
  N5_1
  E5_1
  O5_1
  A5_1
  C5_1
  N5_2
  E5_2
  O5_2
  A5_2
  C5_2
  N5_3
  E5_3
  O5_3
  A5_3
  C5_3
  N5_4
  E5_4
  O5_4
  A5_4
  C5_4
  N5_5
  E5_5
  O5_5
  A5_5
  C5_5
  N6_1
  E6_1
  O6_1
  A6_1
  C6_1
  N6_2
  E6_2
  O6_2
  A6_2
  C6_2
  N6_3
  E6_3
  O6_3
  A6_3
  C6_3
  N6_4
  E6_4
  O6_4
  A6_4
  C6_4
  N6_5
  E6_5
  O6_5
  A6_5
  C6_5
  N7_1
  E7_1
  O7_1
  A7_1
  C7_1
  N7_2
  E7_2
  O7_2
  A7_2
  C7_2
  N7_3
  E7_3
  O7_3
  A7_3
  C7_3
  N7_4
  E7_4
  O7_4
  A7_4
  C7_4
  N7_5
  E7_5
  O7_5
  A7_5
  C7_5
  E8_1
  O8_1
  A8_1
  C8_1
  E8_2
  O8_2
  A8_2
  C8_2
  E8_3
  O8_3
  A8_3
  C8_3
  E8_4
  O8_4
  A8_4
  C8_4
  E8_5
  O8_5
  A8_5
  C8_5
  E9_1
  O9_1
  C9_1
  E9_2
  O9_2
  C9_2
  E9_3
  O9_3
  C9_3
  E9_4
  O9_4
  C9_4
  E9_5
  O9_5
  C9_5
  ;

  USEVARIABLES ARE
  E1_1
  E1_2
  E1_3
  E1_4
  E1_5
  ;

  MISSING ARE ALL (-99);
  categorical are all;

  Model:
  Schuecht BY
  E1_1
  E1_2
  E1_3
  E1_4
  E1_5
  ;

  Savedata:
    file is e1.txt;
    save = fscores;

  Analysis:
  ESTIMATOR IS WLSMV;

  OUTPUT: STDYX MODINDICES(4);



INPUT READING TERMINATED NORMALLY




SUMMARY OF ANALYSIS

Number of groups                                                 1
Number of observations                                         387

Number of dependent variables                                    5
Number of independent variables                                  0
Number of continuous latent variables                            1

Observed dependent variables

  Binary and ordered categorical (ordinal)
   E1_1        E1_2        E1_3        E1_4        E1_5

Continuous latent variables
   SCHUECHT


Estimator                                                    WLSMV
Maximum number of iterations                                  1000
Convergence criterion                                    0.500D-04
Maximum number of steepest descent iterations                   20
Maximum number of iterations for H1                           2000
Convergence criterion for H1                             0.100D-03
Parameterization                                             DELTA

Input data file(s)
  IQIPIP_ohne_Leervaribalen_ohne notes.txt

Input data format  FREE


SUMMARY OF DATA

     Number of missing data patterns             1


COVARIANCE COVERAGE OF DATA

Minimum covariance coverage value   0.100


     PROPORTION OF DATA PRESENT


           Covariance Coverage
              E1_1          E1_2          E1_3          E1_4          E1_5
              ________      ________      ________      ________      ________
 E1_1           1.000
 E1_2           1.000         1.000
 E1_3           1.000         1.000         1.000
 E1_4           1.000         1.000         1.000         1.000
 E1_5           1.000         1.000         1.000         1.000         1.000


UNIVARIATE PROPORTIONS AND COUNTS FOR CATEGORICAL VARIABLES

    E1_1
      Category 1    0.054       21.000
      Category 2    0.230       89.000
      Category 3    0.398      154.000
      Category 4    0.256       99.000
      Category 5    0.062       24.000
    E1_2
      Category 1    0.016        6.000
      Category 2    0.116       45.000
      Category 3    0.307      119.000
      Category 4    0.442      171.000
      Category 5    0.119       46.000
    E1_3
      Category 1    0.098       38.000
      Category 2    0.256       99.000
      Category 3    0.411      159.000
      Category 4    0.191       74.000
      Category 5    0.044       17.000
    E1_4
      Category 1    0.003        1.000
      Category 2    0.075       29.000
      Category 3    0.279      108.000
      Category 4    0.452      175.000
      Category 5    0.191       74.000
    E1_5
      Category 1    0.289      112.000
      Category 2    0.279      108.000
      Category 3    0.251       97.000
      Category 4    0.152       59.000
      Category 5    0.028       11.000



THE MODEL ESTIMATION TERMINATED NORMALLY



MODEL FIT INFORMATION

Number of Free Parameters                       25

Chi-Square Test of Model Fit

          Value                              6.341*
          Degrees of Freedom                     5
          P-Value                           0.2745

*   The chi-square value for MLM, MLMV, MLR, ULSMV, WLSM and WLSMV cannot be used
    for chi-square difference testing in the regular way.  MLM, MLR and WLSM
    chi-square difference testing is described on the Mplus website.  MLMV, WLSMV,
    and ULSMV difference testing is done using the DIFFTEST option.

RMSEA (Root Mean Square Error Of Approximation)

          Estimate                           0.026
          90 Percent C.I.                    0.000  0.079
          Probability RMSEA <= .05           0.709

CFI/TLI

          CFI                                0.997
          TLI                                0.995

Chi-Square Test of Model Fit for the Baseline Model

          Value                            545.883
          Degrees of Freedom                    10
          P-Value                           0.0000

WRMR (Weighted Root Mean Square Residual)

          Value                              0.341



MODEL RESULTS

                                                    Two-Tailed
                    Estimate       S.E.  Est./S.E.    P-Value

 SCHUECHT BY
    E1_1               1.000      0.000    999.000    999.000
    E1_2              -0.985      0.078    -12.551      0.000
    E1_3               0.441      0.062      7.077      0.000
    E1_4              -0.746      0.066    -11.265      0.000
    E1_5               0.437      0.067      6.487      0.000

 Thresholds
    E1_1$1            -1.605      0.105    -15.339      0.000
    E1_1$2            -0.570      0.068     -8.434      0.000
    E1_1$3             0.474      0.066      7.138      0.000
    E1_1$4             1.538      0.100     15.335      0.000
    E1_2$1            -2.157      0.161    -13.381      0.000
    E1_2$2            -1.118      0.081    -13.885      0.000
    E1_2$3            -0.153      0.064     -2.388      0.017
    E1_2$4             1.181      0.083     14.261      0.000
    E1_3$1            -1.292      0.087    -14.790      0.000
    E1_3$2            -0.375      0.065     -5.730      0.000
    E1_3$3             0.722      0.070     10.296      0.000
    E1_3$4             1.707      0.112     15.231      0.000
    E1_4$1            -2.796      0.323     -8.665      0.000
    E1_4$2            -1.422      0.094    -15.185      0.000
    E1_4$3            -0.368      0.065     -5.629      0.000
    E1_4$4             0.873      0.073     11.903      0.000
    E1_5$1            -0.555      0.067     -8.235      0.000
    E1_5$2             0.172      0.064      2.693      0.007
    E1_5$3             0.912      0.074     12.268      0.000
    E1_5$4             1.904      0.130     14.668      0.000

 Variances
    SCHUECHT           0.617      0.060     10.284      0.000


STANDARDIZED MODEL RESULTS


STDYX Standardization

                                                    Two-Tailed
                    Estimate       S.E.  Est./S.E.    P-Value

 SCHUECHT BY
    E1_1               0.785      0.038     20.568      0.000
    E1_2              -0.773      0.042    -18.446      0.000
    E1_3               0.346      0.047      7.323      0.000
    E1_4              -0.586      0.042    -13.907      0.000
    E1_5               0.343      0.051      6.667      0.000

 Thresholds
    E1_1$1            -1.605      0.105    -15.339      0.000
    E1_1$2            -0.570      0.068     -8.434      0.000
    E1_1$3             0.474      0.066      7.138      0.000
    E1_1$4             1.538      0.100     15.335      0.000
    E1_2$1            -2.157      0.161    -13.381      0.000
    E1_2$2            -1.118      0.081    -13.885      0.000
    E1_2$3            -0.153      0.064     -2.388      0.017
    E1_2$4             1.181      0.083     14.261      0.000
    E1_3$1            -1.292      0.087    -14.790      0.000
    E1_3$2            -0.375      0.065     -5.730      0.000
    E1_3$3             0.722      0.070     10.296      0.000
    E1_3$4             1.707      0.112     15.231      0.000
    E1_4$1            -2.796      0.323     -8.665      0.000
    E1_4$2            -1.422      0.094    -15.185      0.000
    E1_4$3            -0.368      0.065     -5.629      0.000
    E1_4$4             0.873      0.073     11.903      0.000
    E1_5$1            -0.555      0.067     -8.235      0.000
    E1_5$2             0.172      0.064      2.693      0.007
    E1_5$3             0.912      0.074     12.268      0.000
    E1_5$4             1.904      0.130     14.668      0.000

 Variances
    SCHUECHT           1.000      0.000    999.000    999.000


R-SQUARE

    Observed                                        Two-Tailed   Residual
    Variable        Estimate       S.E.  Est./S.E.    P-Value    Variance

    E1_1               0.617      0.060     10.284      0.000      0.383
    E1_2               0.598      0.065      9.223      0.000      0.402
    E1_3               0.120      0.033      3.661      0.000      0.880
    E1_4               0.343      0.049      6.953      0.000      0.657
    E1_5               0.118      0.035      3.333      0.001      0.882


QUALITY OF NUMERICAL RESULTS

     Condition Number for the Information Matrix              0.787E-02
       (ratio of smallest to largest eigenvalue)


MODEL MODIFICATION INDICES

NOTE:  Modification indices for direct effects of observed dependent variables
regressed on covariates and residual covariances among observed dependent
variables may not be included.  To include these, request MODINDICES (ALL).

Minimum M.I. value for printing the modification index     4.000

                                   M.I.     E.P.C.  Std E.P.C.  StdYX E.P.C.

No modification indices above the minimum value.



SAMPLE STATISTICS FOR ESTIMATED FACTOR SCORES


     SAMPLE STATISTICS


           Means
              SCHUECHT
              ________
 1              0.001


           Covariances
              SCHUECHT
              ________
 SCHUECHT       0.458


           Correlations
              SCHUECHT
              ________
 SCHUECHT       1.000


SAVEDATA INFORMATION


  Save file
    e1.txt

  Order and format of variables

    E1_1           F10.3
    E1_2           F10.3
    E1_3           F10.3
    E1_4           F10.3
    E1_5           F10.3
    SCHUECHT       F10.3

  Save file format
    6F10.3

  Save file record length    10000


DIAGRAM INFORMATION

  Use View Diagram under the Diagram menu in the Mplus Editor to view the diagram.
  If running Mplus from the Mplus Diagrammer, the diagram opens automatically.

  Diagram output
    e:\ipip paper\sample_deutsch\cfa\extraversion\cfa e1 schüchternheit.dgm

     Beginning Time:  11:31:46
        Ending Time:  11:31:46
       Elapsed Time:  00:00:00



MUTHEN & MUTHEN
3463 Stoner Ave.
Los Angeles, CA  90066

Tel: (310) 391-9971
Fax: (310) 391-8971
Web: www.StatModel.com
Support: Support@StatModel.com

Copyright (c) 1998-2014 Muthen & Muthen
