Mplus VERSION 5.2
MUTHEN & MUTHEN
07/04/2012   4:23 PM

INPUT INSTRUCTIONS

  TITLE: Beispiel N1 Analysis

  DATA:
   FILE IS  "ITS_TQIPIP.txt";

  VARIABLE:
   NAMES ARE
  id
  sex
  age
  A1_1
  A1_2
  A1_3
  A1_4
  A1_5
  A2_1
  A2_2
  A2_3
  A2_4
  A2_5
  A3_1
  A3_2
  A3_3
  A3_4
  A3_5
  A4_1
  A4_2
  A4_3
  A4_4
  A4_5
  A5_1
  A5_2
  A5_3
  A5_4
  A5_5
  A6_1
  A6_2
  A6_3
  A6_4
  A6_5
  A7_1
  A7_2
  A7_3
  A7_4
  A7_5
  A8_1
  A8_2
  A8_3
  A8_4
  A8_5
  C1_1
  C1_2
  C1_3
  C1_4
  C1_5
  C2_1
  C2_2
  C2_3
  C2_4
  C2_5
  C3_1
  C3_2
  C3_3
  C3_4
  C3_5
  C4_1
  C4_2
  C4_3
  C4_4
  C4_5
  C5_1
  C5_2
  C5_3
  C5_4
  C5_5
  C6_1
  C6_2
  C6_3
  C6_4
  C6_5
  C7_1
  C7_2
  C7_3
  C7_4
  C7_5
  C8_1
  C8_2
  C8_3
  C8_4
  C8_5
  C9_1
  C9_2
  C9_3
  C9_4
  C9_5
  E1_1
  E1_2
  E1_3
  E1_4
  E1_5
  E2_1
  E2_2
  E2_3
  E2_4
  E2_5
  E3_1
  E3_2
  E3_3
  E3_4
  E3_5
  E4_1
  E4_2
  E4_3
  E4_4
  E4_5
  E5_1
  E5_2
  E5_3
  E5_4
  E5_5
  E6_1
  E6_2
  E6_3
  E6_4
  E6_5
  E7_1
  E7_2
  E7_3
  E7_4
  E7_5
  E8_1
  E8_2
  E8_3
  E8_4
  E8_5
  E9_1
  E9_2
  E9_3
  N1_1
  N1_2
  N1_3
  N1_4
  N1_5
  N2_1
  N2_2
  N2_3
  N2_4
  N2_5
  N3_1
  N3_2
  N3_3
  N3_4
  N3_5
  N4_1
  N4_2
  N4_3
  N4_4
  N4_5
  N5_1
  N5_2
  N5_3
  N5_4
  N5_5
  N6_1
  N6_2
  N6_3
  N6_4
  N6_5
  N7_1
  N7_2
  N7_3
  O1_1
  O1_2
  O1_3
  O1_4
  O1_5
  O2_1
  O2_2
  O2_3
  O2_4
  O2_5
  O3_1
  O3_2
  O3_3
  O3_4
  O3_5
  O4_1
  O4_2
  O4_3
  O4_4
  O4_5
  O5_1
  O5_2
  O5_3
  O5_4
  O5_5
  O6_1
  O6_2
  O6_3
  O6_4
  O6_5
  O7_1
  O7_2
  O7_3
  O7_4
  O7_5
  O8_1
  O8_2
  O8_3
  O8_4
  O9_1
  O9_2
  O9_4
  dataset;

   USEVARIABLES ARE
  E5_1
  E5_2
  E5_3
  E5_4
  E5_5;

  USEOBSERVATIONS ARE (Dataset eq 1);

  MISSING ARE ALL (-99);

  MODEL:

  E5 by
  E5_1
  E5_2
  E5_3
  E5_4
  E5_5;

  ANALYSIS:
   ESTIMATOR IS ML;
   Iterations are 10000;

   OUTPUT: STDYX MODINDICES(4);



INPUT READING TERMINATED NORMALLY



Beispiel N1 Analysis

SUMMARY OF ANALYSIS

Number of groups                                                 1
Number of observations                                         722

Number of dependent variables                                    5
Number of independent variables                                  0
Number of continuous latent variables                            1

Observed dependent variables

  Continuous
   E5_1        E5_2        E5_3        E5_4        E5_5

Continuous latent variables
   E5


Estimator                                                       ML
Information matrix                                        OBSERVED
Maximum number of iterations                                 10000
Convergence criterion                                    0.500D-04
Maximum number of steepest descent iterations                   20
Maximum number of iterations for H1                           2000
Convergence criterion for H1                             0.100D-03

Input data file(s)
  ITS_TQIPIP.txt

Input data format  FREE


SUMMARY OF DATA

     Number of missing data patterns             1


COVARIANCE COVERAGE OF DATA

Minimum covariance coverage value   0.100


     PROPORTION OF DATA PRESENT


           Covariance Coverage
              E5_1          E5_2          E5_3          E5_4          E5_5
              ________      ________      ________      ________      ________
 E5_1           1.000
 E5_2           1.000         1.000
 E5_3           1.000         1.000         1.000
 E5_4           1.000         1.000         1.000         1.000
 E5_5           1.000         1.000         1.000         1.000         1.000



THE MODEL ESTIMATION TERMINATED NORMALLY



TESTS OF MODEL FIT

Chi-Square Test of Model Fit

          Value                             20.162
          Degrees of Freedom                     5
          P-Value                           0.0012

Chi-Square Test of Model Fit for the Baseline Model

          Value                            539.746
          Degrees of Freedom                    10
          P-Value                           0.0000

CFI/TLI

          CFI                                0.971
          TLI                                0.943

Loglikelihood

          H0 Value                       -4903.900
          H1 Value                       -4893.819

Information Criteria

          Number of Free Parameters             15
          Akaike (AIC)                    9837.800
          Bayesian (BIC)                  9906.530
          Sample-Size Adjusted BIC        9858.901
            (n* = (n + 2) / 24)

RMSEA (Root Mean Square Error Of Approximation)

          Estimate                           0.065
          90 Percent C.I.                    0.037  0.096
          Probability RMSEA <= .05           0.174

SRMR (Standardized Root Mean Square Residual)

          Value                              0.026



MODEL RESULTS

                                                    Two-Tailed
                    Estimate       S.E.  Est./S.E.    P-Value

 E5       BY
    E5_1               1.000      0.000    999.000    999.000
    E5_2               0.869      0.084     10.394      0.000
    E5_3               0.940      0.090     10.483      0.000
    E5_4               0.796      0.078     10.219      0.000
    E5_5               0.841      0.088      9.529      0.000

 Intercepts
    E5_1               3.058      0.038     81.412      0.000
    E5_2               2.859      0.038     75.087      0.000
    E5_3               3.375      0.036     93.230      0.000
    E5_4               2.946      0.038     78.249      0.000
    E5_5               3.368      0.039     86.857      0.000

 Variances
    E5                 0.409      0.054      7.529      0.000

 Residual Variances
    E5_1               0.610      0.046     13.193      0.000
    E5_2               0.737      0.047     15.596      0.000
    E5_3               0.585      0.043     13.680      0.000
    E5_4               0.764      0.047     16.176      0.000
    E5_5               0.797      0.050     15.936      0.000


STANDARDIZED MODEL RESULTS


STDYX Standardization

                                                    Two-Tailed
                    Estimate       S.E.  Est./S.E.    P-Value

 E5       BY
    E5_1               0.634      0.034     18.607      0.000
    E5_2               0.544      0.035     15.370      0.000
    E5_3               0.618      0.034     18.049      0.000
    E5_4               0.503      0.037     13.692      0.000
    E5_5               0.516      0.037     14.122      0.000

 Intercepts
    E5_1               3.030      0.088     34.434      0.000
    E5_2               2.794      0.082     33.905      0.000
    E5_3               3.470      0.099     35.189      0.000
    E5_4               2.912      0.085     34.182      0.000
    E5_5               3.232      0.093     34.814      0.000

 Variances
    E5                 1.000      0.000    999.000    999.000

 Residual Variances
    E5_1               0.599      0.043     13.869      0.000
    E5_2               0.705      0.038     18.324      0.000
    E5_3               0.618      0.042     14.603      0.000
    E5_4               0.747      0.037     20.184      0.000
    E5_5               0.734      0.038     19.451      0.000


R-SQUARE

    Observed                                        Two-Tailed
    Variable        Estimate       S.E.  Est./S.E.    P-Value

    E5_1               0.401      0.043      9.303      0.000
    E5_2               0.295      0.038      7.685      0.000
    E5_3               0.382      0.042      9.024      0.000
    E5_4               0.253      0.037      6.846      0.000
    E5_5               0.266      0.038      7.061      0.000


QUALITY OF NUMERICAL RESULTS

     Condition Number for the Information Matrix              0.155E-01
       (ratio of smallest to largest eigenvalue)


MODEL MODIFICATION INDICES

NOTE:  Modification indices for direct effects of observed dependent variables
regressed on covariates may not be included.  To include these, request
MODINDICES (ALL).

Minimum M.I. value for printing the modification index     4.000

                            M.I.     E.P.C.  Std E.P.C.  StdYX E.P.C.

WITH Statements

E5_3     WITH E5_1          6.674    -0.102     -0.102       -0.170
E5_4     WITH E5_1         13.228     0.133      0.133        0.196
E5_5     WITH E5_1          4.096    -0.077     -0.077       -0.111
E5_5     WITH E5_3         10.571     0.118      0.118        0.173


     Beginning Time:  16:23:59
        Ending Time:  16:23:59
       Elapsed Time:  00:00:00



MUTHEN & MUTHEN
3463 Stoner Ave.
Los Angeles, CA  90066

Tel: (310) 391-9971
Fax: (310) 391-8971
Web: www.StatModel.com
Support: Support@StatModel.com

Copyright (c) 1998-2008 Muthen & Muthen
