Mplus VERSION 7.1
MUTHEN & MUTHEN
06/18/2015   4:32 PM

INPUT INSTRUCTIONS


  DATA:
   FILE IS  "ITS_TQIPIP.txt";

  VARIABLE:
   NAMES ARE
  id
  sex
  age
  A1_1
  A1_2
  A1_3
  A1_4
  A1_5
  A2_1
  A2_2
  A2_3
  A2_4
  A2_5
  A3_1
  A3_2
  A3_3
  A3_4
  A3_5
  A4_1
  A4_2
  A4_3
  A4_4
  A4_5
  A5_1
  A5_2
  A5_3
  A5_4
  A5_5
  A6_1
  A6_2
  A6_3
  A6_4
  A6_5
  A7_1
  A7_2
  A7_3
  A7_4
  A7_5
  A8_1
  A8_2
  A8_3
  A8_4
  A8_5
  C1_1
  C1_2
  C1_3
  C1_4
  C1_5
  C2_1
  C2_2
  C2_3
  C2_4
  C2_5
  C3_1
  C3_2
  C3_3
  C3_4
  C3_5
  C4_1
  C4_2
  C4_3
  C4_4
  C4_5
  C5_1
  C5_2
  C5_3
  C5_4
  C5_5
  C6_1
  C6_2
  C6_3
  C6_4
  C6_5
  C7_1
  C7_2
  C7_3
  C7_4
  C7_5
  C8_1
  C8_2
  C8_3
  C8_4
  C8_5
  C9_1
  C9_2
  C9_3
  C9_4
  C9_5
  E1_1
  E1_2
  E1_3
  E1_4
  E1_5
  E2_1
  E2_2
  E2_3
  E2_4
  E2_5
  E3_1
  E3_2
  E3_3
  E3_4
  E3_5
  E4_1
  E4_2
  E4_3
  E4_4
  E4_5
  E5_1
  E5_2
  E5_3
  E5_4
  E5_5
  E6_1
  E6_2
  E6_3
  E6_4
  E6_5
  E7_1
  E7_2
  E7_3
  E7_4
  E7_5
  E8_1
  E8_2
  E8_3
  E8_4
  E8_5
  E9_1
  E9_2
  E9_3
  N1_1
  N1_2
  N1_3
  N1_4
  N1_5
  N2_1
  N2_2
  N2_3
  N2_4
  N2_5
  N3_1
  N3_2
  N3_3
  N3_4
  N3_5
  N4_1
  N4_2
  N4_3
  N4_4
  N4_5
  N5_1
  N5_2
  N5_3
  N5_4
  N5_5
  N6_1
  N6_2
  N6_3
  N6_4
  N6_5
  N7_1
  N7_2
  N7_3
  O1_1
  O1_2
  O1_3
  O1_4
  O1_5
  O2_1
  O2_2
  O2_3
  O2_4
  O2_5
  O3_1
  O3_2
  O3_3
  O3_4
  O3_5
  O4_1
  O4_2
  O4_3
  O4_4
  O4_5
  O5_1
  O5_2
  O5_3
  O5_4
  O5_5
  O6_1
  O6_2
  O6_3
  O6_4
  O6_5
  O7_1
  O7_2
  O7_3
  O7_4
  O7_5
  O8_1
  O8_2
  O8_3
  O8_4
  O9_1
  O9_2
  O9_4
  dataset;


   USEVARIABLES ARE
  A5_1
  A5_2
  A5_3
  A5_4
  A5_5
  ;

  Grouping is Dataset (0 = German 1 = US);

  MISSING ARE ALL (-99);

  MODEL:

  A5 by  A5_1
  A5_2
  A5_3
  A5_4
  A5_5;
  [A5@0];

  Model German:
  ;

  Model US:
  ;



  [A5_1
  A5_2
  A5_3
  A5_4
  A5_5];

  ANALYSIS:
   ESTIMATOR IS ML;
   Iterations are 10000;

   OUTPUT: STDYX MODINDICES(4);



INPUT READING TERMINATED NORMALLY




SUMMARY OF ANALYSIS

Number of groups                                                 2
Number of observations
   Group GERMAN                                                387
   Group US                                                    722
   Total sample size                                          1109

Number of dependent variables                                    5
Number of independent variables                                  0
Number of continuous latent variables                            1

Observed dependent variables

  Continuous
   A5_1        A5_2        A5_3        A5_4        A5_5

Continuous latent variables
   A5

Variables with special functions

  Grouping variable     DATASET

Estimator                                                       ML
Information matrix                                        OBSERVED
Maximum number of iterations                                 10000
Convergence criterion                                    0.500D-04
Maximum number of steepest descent iterations                   20
Maximum number of iterations for H1                           2000
Convergence criterion for H1                             0.100D-03

Input data file(s)
  ITS_TQIPIP.txt

Input data format  FREE


SUMMARY OF DATA

   Group GERMAN
     Number of missing data patterns             1

   Group US
     Number of missing data patterns             1


COVARIANCE COVERAGE OF DATA

Minimum covariance coverage value   0.100


     PROPORTION OF DATA PRESENT FOR GERMAN


           Covariance Coverage
              A5_1          A5_2          A5_3          A5_4          A5_5
              ________      ________      ________      ________      ________
 A5_1           1.000
 A5_2           1.000         1.000
 A5_3           1.000         1.000         1.000
 A5_4           1.000         1.000         1.000         1.000
 A5_5           1.000         1.000         1.000         1.000         1.000


     PROPORTION OF DATA PRESENT FOR US


           Covariance Coverage
              A5_1          A5_2          A5_3          A5_4          A5_5
              ________      ________      ________      ________      ________
 A5_1           1.000
 A5_2           1.000         1.000
 A5_3           1.000         1.000         1.000
 A5_4           1.000         1.000         1.000         1.000
 A5_5           1.000         1.000         1.000         1.000         1.000



THE MODEL ESTIMATION TERMINATED NORMALLY



MODEL FIT INFORMATION

Number of Free Parameters                       26

Loglikelihood

          H0 Value                       -7606.663
          H1 Value                       -7562.330

Information Criteria

          Akaike (AIC)                   15265.327
          Bayesian (BIC)                 15395.618
          Sample-Size Adjusted BIC       15313.036
            (n* = (n + 2) / 24)

Chi-Square Test of Model Fit

          Value                             88.667
          Degrees of Freedom                    14
          P-Value                           0.0000

Chi-Square Contribution From Each Group

          GERMAN                            53.325
          US                                35.342

RMSEA (Root Mean Square Error Of Approximation)

          Estimate                           0.098
          90 Percent C.I.                    0.079  0.118
          Probability RMSEA <= .05           0.000

CFI/TLI

          CFI                                0.891
          TLI                                0.844

Chi-Square Test of Model Fit for the Baseline Model

          Value                            704.558
          Degrees of Freedom                    20
          P-Value                           0.0000

SRMR (Standardized Root Mean Square Residual)

          Value                              0.053



MODEL RESULTS

                                                    Two-Tailed
                    Estimate       S.E.  Est./S.E.    P-Value

Group GERMAN

 A5       BY
    A5_1               1.000      0.000    999.000    999.000
    A5_2               0.978      0.076     12.909      0.000
    A5_3               0.991      0.085     11.661      0.000
    A5_4               0.600      0.070      8.604      0.000
    A5_5               0.549      0.059      9.317      0.000

 Means
    A5                 0.000      0.000    999.000    999.000

 Intercepts
    A5_1               3.563      0.049     72.949      0.000
    A5_2               2.907      0.048     60.843      0.000
    A5_3               3.145      0.052     60.809      0.000
    A5_4               2.873      0.055     52.436      0.000
    A5_5               3.331      0.045     73.359      0.000

 Variances
    A5                 0.365      0.052      6.999      0.000

 Residual Variances
    A5_1               0.558      0.055     10.146      0.000
    A5_2               0.534      0.054      9.968      0.000
    A5_3               0.676      0.063     10.706      0.000
    A5_4               1.030      0.078     13.220      0.000
    A5_5               0.688      0.052     13.103      0.000

Group US

 A5       BY
    A5_1               1.000      0.000    999.000    999.000
    A5_2               0.978      0.076     12.909      0.000
    A5_3               0.991      0.085     11.661      0.000
    A5_4               0.600      0.070      8.604      0.000
    A5_5               0.549      0.059      9.317      0.000

 Means
    A5                 0.000      0.000    999.000    999.000

 Intercepts
    A5_1               2.637      0.039     68.071      0.000
    A5_2               2.343      0.039     59.783      0.000
    A5_3               2.575      0.041     62.939      0.000
    A5_4               2.578      0.036     72.163      0.000
    A5_5               3.202      0.037     87.153      0.000

 Variances
    A5                 0.421      0.052      8.052      0.000

 Residual Variances
    A5_1               0.663      0.050     13.278      0.000
    A5_2               0.707      0.050     14.283      0.000
    A5_3               0.795      0.056     14.244      0.000
    A5_4               0.770      0.046     16.890      0.000
    A5_5               0.848      0.048     17.611      0.000


STANDARDIZED MODEL RESULTS


STDYX Standardization

                                                    Two-Tailed
                    Estimate       S.E.  Est./S.E.    P-Value

Group GERMAN

 A5       BY
    A5_1               0.629      0.037     16.813      0.000
    A5_2               0.629      0.040     15.878      0.000
    A5_3               0.589      0.038     15.339      0.000
    A5_4               0.337      0.034      9.916      0.000
    A5_5               0.372      0.037      9.966      0.000

 Means
    A5                 0.000      0.000    999.000    999.000

 Intercepts
    A5_1               3.708      0.137     27.128      0.000
    A5_2               3.093      0.115     26.919      0.000
    A5_3               3.091      0.116     26.556      0.000
    A5_4               2.665      0.106     25.037      0.000
    A5_5               3.729      0.139     26.825      0.000

 Variances
    A5                 1.000      0.000    999.000    999.000

 Residual Variances
    A5_1               0.604      0.047     12.841      0.000
    A5_2               0.605      0.050     12.145      0.000
    A5_3               0.653      0.045     14.462      0.000
    A5_4               0.887      0.023     38.820      0.000
    A5_5               0.862      0.028     31.072      0.000

Group US

 A5       BY
    A5_1               0.623      0.032     19.252      0.000
    A5_2               0.602      0.031     19.670      0.000
    A5_3               0.585      0.033     17.758      0.000
    A5_4               0.406      0.038     10.689      0.000
    A5_5               0.361      0.035     10.283      0.000

 Means
    A5                 0.000      0.000    999.000    999.000

 Intercepts
    A5_1               2.533      0.075     33.931      0.000
    A5_2               2.225      0.069     32.439      0.000
    A5_3               2.342      0.071     33.174      0.000
    A5_4               2.686      0.078     34.577      0.000
    A5_5               3.243      0.091     35.763      0.000

 Variances
    A5                 1.000      0.000    999.000    999.000

 Residual Variances
    A5_1               0.612      0.040     15.173      0.000
    A5_2               0.638      0.037     17.304      0.000
    A5_3               0.658      0.038     17.103      0.000
    A5_4               0.836      0.031     27.144      0.000
    A5_5               0.870      0.025     34.335      0.000


R-SQUARE

Group GERMAN

    Observed                                        Two-Tailed
    Variable        Estimate       S.E.  Est./S.E.    P-Value

    A5_1               0.396      0.047      8.406      0.000
    A5_2               0.395      0.050      7.939      0.000
    A5_3               0.347      0.045      7.670      0.000
    A5_4               0.113      0.023      4.958      0.000
    A5_5               0.138      0.028      4.983      0.000

Group US

    Observed                                        Two-Tailed
    Variable        Estimate       S.E.  Est./S.E.    P-Value

    A5_1               0.388      0.040      9.626      0.000
    A5_2               0.362      0.037      9.835      0.000
    A5_3               0.342      0.038      8.879      0.000
    A5_4               0.164      0.031      5.344      0.000
    A5_5               0.130      0.025      5.141      0.000


QUALITY OF NUMERICAL RESULTS

     Condition Number for the Information Matrix              0.278E-01
       (ratio of smallest to largest eigenvalue)


MODEL MODIFICATION INDICES

NOTE:  Modification indices for direct effects of observed dependent variables
regressed on covariates may not be included.  To include these, request
MODINDICES (ALL).

Minimum M.I. value for printing the modification index     4.000

                                   M.I.     E.P.C.  Std E.P.C.  StdYX E.P.C.
Group GERMAN


BY Statements

A5       BY A5_2                   4.684     0.186      0.112        0.119
A5       BY A5_4                   5.688    -0.223     -0.135       -0.125

WITH Statements

A5_2     WITH A5_1                15.704     0.183      0.183        0.336
A5_3     WITH A5_1                 5.487    -0.113     -0.113       -0.185
A5_4     WITH A5_1                14.353    -0.177     -0.177       -0.234
A5_4     WITH A5_2                15.295    -0.179     -0.179       -0.241
A5_4     WITH A5_3                21.368     0.230      0.230        0.275

Group US


BY Statements

A5       BY A5_2                   4.691    -0.106     -0.069       -0.065
A5       BY A5_4                   5.690     0.084      0.055        0.057

WITH Statements

A5_3     WITH A5_2                 4.206    -0.093     -0.093       -0.124
A5_4     WITH A5_1                 6.182    -0.088     -0.088       -0.123
A5_4     WITH A5_3                22.353     0.174      0.174        0.222
A5_5     WITH A5_1                12.389     0.125      0.125        0.167
A5_5     WITH A5_3                 7.975    -0.105     -0.105       -0.128



DIAGRAM INFORMATION

  Use View Diagram under the Diagram menu in the Mplus Editor to view the diagram.
  If running Mplus from the Mplus Diagrammer, the diagram opens automatically.

  Diagram output
    f:\ipip paper\messinvarianz\a\a5\a5 faktorielle invarianz.dgm

     Beginning Time:  16:32:04
        Ending Time:  16:32:04
       Elapsed Time:  00:00:00



MUTHEN & MUTHEN
3463 Stoner Ave.
Los Angeles, CA  90066

Tel: (310) 391-9971
Fax: (310) 391-8971
Web: www.StatModel.com
Support: Support@StatModel.com

Copyright (c) 1998-2013 Muthen & Muthen
