Mplus VERSION 5.2
MUTHEN & MUTHEN
06/26/2012  12:22 PM

INPUT INSTRUCTIONS


  DATA:
   FILE IS  "ITS_TQIPIP.txt";

  VARIABLE:
   NAMES ARE
  id
  sex
  age
  A1_1
  A1_2
  A1_3
  A1_4
  A1_5
  A2_1
  A2_2
  A2_3
  A2_4
  A2_5
  A3_1
  A3_2
  A3_3
  A3_4
  A3_5
  A4_1
  A4_2
  A4_3
  A4_4
  A4_5
  A5_1
  A5_2
  A5_3
  A5_4
  A5_5
  A6_1
  A6_2
  A6_3
  A6_4
  A6_5
  A7_1
  A7_2
  A7_3
  A7_4
  A7_5
  A8_1
  A8_2
  A8_3
  A8_4
  A8_5
  C1_1
  C1_2
  C1_3
  C1_4
  C1_5
  C2_1
  C2_2
  C2_3
  C2_4
  C2_5
  C3_1
  C3_2
  C3_3
  C3_4
  C3_5
  C4_1
  C4_2
  C4_3
  C4_4
  C4_5
  C5_1
  C5_2
  C5_3
  C5_4
  C5_5
  C6_1
  C6_2
  C6_3
  C6_4
  C6_5
  C7_1
  C7_2
  C7_3
  C7_4
  C7_5
  C8_1
  C8_2
  C8_3
  C8_4
  C8_5
  C9_1
  C9_2
  C9_3
  C9_4
  C9_5
  E1_1
  E1_2
  E1_3
  E1_4
  E1_5
  E2_1
  E2_2
  E2_3
  E2_4
  E2_5
  E3_1
  E3_2
  E3_3
  E3_4
  E3_5
  E4_1
  E4_2
  E4_3
  E4_4
  E4_5
  E5_1
  E5_2
  E5_3
  E5_4
  E5_5
  E6_1
  E6_2
  E6_3
  E6_4
  E6_5
  E7_1
  E7_2
  E7_3
  E7_4
  E7_5
  E8_1
  E8_2
  E8_3
  E8_4
  E8_5
  E9_1
  E9_2
  E9_3
  N1_1
  N1_2
  N1_3
  N1_4
  N1_5
  N2_1
  N2_2
  N2_3
  N2_4
  N2_5
  N3_1
  N3_2
  N3_3
  N3_4
  N3_5
  N4_1
  N4_2
  N4_3
  N4_4
  N4_5
  N5_1
  N5_2
  N5_3
  N5_4
  N5_5
  N6_1
  N6_2
  N6_3
  N6_4
  N6_5
  N7_1
  N7_2
  N7_3
  O1_1
  O1_2
  O1_3
  O1_4
  O1_5
  O2_1
  O2_2
  O2_3
  O2_4
  O2_5
  O3_1
  O3_2
  O3_3
  O3_4
  O3_5
  O4_1
  O4_2
  O4_3
  O4_4
  O4_5
  O5_1
  O5_2
  O5_3
  O5_4
  O5_5
  O6_1
  O6_2
  O6_3
  O6_4
  O6_5
  O7_1
  O7_2
  O7_3
  O7_4
  O7_5
  O8_1
  O8_2
  O8_3
  O8_4
  O9_1
  O9_2
  O9_4
  dataset;

   USEVARIABLES ARE
  A5_1
  A5_2
  A5_3
  A5_4
  A5_5;

  Grouping is Dataset (0 = German 1 = US);

  MISSING ARE ALL (-99);

  MODEL:

  A5 by  A5_1
  A5_2
  A5_3
  A5_4
  A5_5;


  Model German:
  ;

  Model US:
  ;





  ANALYSIS:
   ESTIMATOR IS ML;
   Iterations are 10000;

   OUTPUT: STDYX MODINDICES(4);



INPUT READING TERMINATED NORMALLY




SUMMARY OF ANALYSIS

Number of groups                                                 2
Number of observations
   Group GERMAN                                                387
   Group US                                                    722

Number of dependent variables                                    5
Number of independent variables                                  0
Number of continuous latent variables                            1

Observed dependent variables

  Continuous
   A5_1        A5_2        A5_3        A5_4        A5_5

Continuous latent variables
   A5

Variables with special functions

  Grouping variable     DATASET

Estimator                                                       ML
Information matrix                                        OBSERVED
Maximum number of iterations                                 10000
Convergence criterion                                    0.500D-04
Maximum number of steepest descent iterations                   20
Maximum number of iterations for H1                           2000
Convergence criterion for H1                             0.100D-03

Input data file(s)
  ITS_TQIPIP.txt

Input data format  FREE


SUMMARY OF DATA

   Group GERMAN
     Number of missing data patterns             1

   Group US
     Number of missing data patterns             1


COVARIANCE COVERAGE OF DATA

Minimum covariance coverage value   0.100


     PROPORTION OF DATA PRESENT FOR GERMAN


           Covariance Coverage
              A5_1          A5_2          A5_3          A5_4          A5_5
              ________      ________      ________      ________      ________
 A5_1           1.000
 A5_2           1.000         1.000
 A5_3           1.000         1.000         1.000
 A5_4           1.000         1.000         1.000         1.000
 A5_5           1.000         1.000         1.000         1.000         1.000


     PROPORTION OF DATA PRESENT FOR US


           Covariance Coverage
              A5_1          A5_2          A5_3          A5_4          A5_5
              ________      ________      ________      ________      ________
 A5_1           1.000
 A5_2           1.000         1.000
 A5_3           1.000         1.000         1.000
 A5_4           1.000         1.000         1.000         1.000
 A5_5           1.000         1.000         1.000         1.000         1.000



THE MODEL ESTIMATION TERMINATED NORMALLY



TESTS OF MODEL FIT

Chi-Square Test of Model Fit

          Value                            127.067
          Degrees of Freedom                    18
          P-Value                           0.0000

Chi-Square Contributions From Each Group

          GERMAN                            71.667
          US                                55.400

Chi-Square Test of Model Fit for the Baseline Model

          Value                            704.558
          Degrees of Freedom                    20
          P-Value                           0.0000

CFI/TLI

          CFI                                0.841
          TLI                                0.823

Loglikelihood

          H0 Value                       -7625.863
          H1 Value                       -7562.330

Information Criteria

          Number of Free Parameters             22
          Akaike (AIC)                   15295.727
          Bayesian (BIC)                 15405.973
          Sample-Size Adjusted BIC       15336.096
            (n* = (n + 2) / 24)

RMSEA (Root Mean Square Error Of Approximation)

          Estimate                           0.105
          90 Percent C.I.                    0.088  0.122

SRMR (Standardized Root Mean Square Residual)

          Value                              0.070



MODEL RESULTS

                                                    Two-Tailed
                    Estimate       S.E.  Est./S.E.    P-Value

Group GERMAN

 A5       BY
    A5_1               1.000      0.000    999.000    999.000
    A5_2               0.812      0.052     15.605      0.000
    A5_3               0.815      0.057     14.324      0.000
    A5_4               0.471      0.049      9.559      0.000
    A5_5               0.394      0.042      9.453      0.000

 Means
    A5                 0.000      0.000    999.000    999.000

 Intercepts
    A5_1               3.470      0.050     69.221      0.000
    A5_2               2.945      0.042     69.332      0.000
    A5_3               3.183      0.045     70.385      0.000
    A5_4               2.923      0.041     71.486      0.000
    A5_5               3.438      0.036     95.367      0.000

 Variances
    A5                 0.472      0.058      8.073      0.000

 Residual Variances
    A5_1               0.513      0.059      8.635      0.000
    A5_2               0.552      0.051     10.735      0.000
    A5_3               0.712      0.063     11.343      0.000
    A5_4               1.046      0.078     13.387      0.000
    A5_5               0.711      0.053     13.350      0.000

Group US

 A5       BY
    A5_1               1.000      0.000    999.000    999.000
    A5_2               0.812      0.052     15.605      0.000
    A5_3               0.815      0.057     14.324      0.000
    A5_4               0.471      0.049      9.559      0.000
    A5_5               0.394      0.042      9.453      0.000

 Means
    A5                -0.775      0.063    -12.368      0.000

 Intercepts
    A5_1               3.470      0.050     69.221      0.000
    A5_2               2.945      0.042     69.332      0.000
    A5_3               3.183      0.045     70.385      0.000
    A5_4               2.923      0.041     71.486      0.000
    A5_5               3.438      0.036     95.367      0.000

 Variances
    A5                 0.546      0.055      9.944      0.000

 Residual Variances
    A5_1               0.599      0.052     11.471      0.000
    A5_2               0.733      0.048     15.155      0.000
    A5_3               0.824      0.054     15.239      0.000
    A5_4               0.791      0.046     17.390      0.000
    A5_5               0.869      0.048     18.057      0.000


STANDARDIZED MODEL RESULTS


STDYX Standardization

                                                    Two-Tailed
                    Estimate       S.E.  Est./S.E.    P-Value

Group GERMAN

 A5       BY
    A5_1               0.692      0.035     19.952      0.000
    A5_2               0.600      0.037     16.384      0.000
    A5_3               0.553      0.035     15.613      0.000
    A5_4               0.301      0.030      9.986      0.000
    A5_5               0.306      0.033      9.361      0.000

 Means
    A5                 0.000      0.000    999.000    999.000

 Intercepts
    A5_1               3.497      0.138     25.340      0.000
    A5_2               3.172      0.108     29.282      0.000
    A5_3               3.144      0.109     28.723      0.000
    A5_4               2.724      0.098     27.882      0.000
    A5_5               3.882      0.134     28.913      0.000

 Variances
    A5                 1.000      0.000    999.000    999.000

 Residual Variances
    A5_1               0.521      0.048     10.848      0.000
    A5_2               0.640      0.044     14.543      0.000
    A5_3               0.694      0.039     17.730      0.000
    A5_4               0.909      0.018     49.983      0.000
    A5_5               0.907      0.020     45.421      0.000

Group US

 A5       BY
    A5_1               0.691      0.028     24.485      0.000
    A5_2               0.574      0.028     20.484      0.000
    A5_3               0.553      0.030     18.478      0.000
    A5_4               0.364      0.034     10.665      0.000
    A5_5               0.298      0.031      9.624      0.000

 Means
    A5                -1.049      0.085    -12.361      0.000

 Intercepts
    A5_1               3.244      0.093     34.767      0.000
    A5_2               2.818      0.079     35.716      0.000
    A5_3               2.922      0.080     36.400      0.000
    A5_4               3.060      0.084     36.507      0.000
    A5_5               3.520      0.096     36.723      0.000

 Variances
    A5                 1.000      0.000    999.000    999.000

 Residual Variances
    A5_1               0.523      0.039     13.430      0.000
    A5_2               0.671      0.032     20.883      0.000
    A5_3               0.694      0.033     21.002      0.000
    A5_4               0.867      0.025     34.900      0.000
    A5_5               0.911      0.018     49.365      0.000


R-SQUARE

Group GERMAN

    Observed                                        Two-Tailed
    Variable        Estimate       S.E.  Est./S.E.    P-Value

    A5_1               0.479      0.048      9.976      0.000
    A5_2               0.360      0.044      8.192      0.000
    A5_3               0.306      0.039      7.806      0.000
    A5_4               0.091      0.018      4.993      0.000
    A5_5               0.093      0.020      4.680      0.000

Group US

    Observed                                        Two-Tailed
    Variable        Estimate       S.E.  Est./S.E.    P-Value

    A5_1               0.477      0.039     12.243      0.000
    A5_2               0.329      0.032     10.242      0.000
    A5_3               0.306      0.033      9.239      0.000
    A5_4               0.133      0.025      5.333      0.000
    A5_5               0.089      0.018      4.812      0.000


QUALITY OF NUMERICAL RESULTS

     Condition Number for the Information Matrix              0.162E-01
       (ratio of smallest to largest eigenvalue)


MODEL MODIFICATION INDICES

NOTE:  Modification indices for direct effects of observed dependent variables
regressed on covariates may not be included.  To include these, request
MODINDICES (ALL).

Minimum M.I. value for printing the modification index     4.000

                            M.I.     E.P.C.  Std E.P.C.  StdYX E.P.C.
Group GERMAN


BY Statements

A5       BY A5_1            7.925    -0.360     -0.247       -0.249
A5       BY A5_2            9.219     0.253      0.174        0.187

WITH Statements

A5_2     WITH A5_1          6.778     0.126      0.126        0.237
A5_3     WITH A5_1         10.244    -0.161     -0.161       -0.266
A5_3     WITH A5_2          4.187     0.090      0.090        0.143
A5_4     WITH A5_1         16.054    -0.192     -0.192       -0.262
A5_4     WITH A5_2          9.027    -0.135     -0.135       -0.177
A5_4     WITH A5_3         24.569     0.244      0.244        0.283
A5_5     WITH A5_4          4.393     0.096      0.096        0.111

Means/Intercepts/Thresholds

[ A5_1     ]               32.340     0.093      0.093        0.094
[ A5_5     ]               15.468    -0.107     -0.107       -0.121

Group US


BY Statements

A5       BY A5_1            7.918     0.360      0.266        0.249
A5       BY A5_2            9.219    -0.071     -0.053       -0.050

WITH Statements

A5_4     WITH A5_1          9.733    -0.112     -0.112       -0.163
A5_4     WITH A5_3         27.747     0.186      0.186        0.230
A5_5     WITH A5_1          9.768     0.112      0.112        0.155

Means/Intercepts/Thresholds

[ A5_1     ]               32.340    -0.368     -0.368       -0.344
[ A5_5     ]               15.469     0.159      0.159        0.163



     Beginning Time:  12:22:47
        Ending Time:  12:22:47
       Elapsed Time:  00:00:00



MUTHEN & MUTHEN
3463 Stoner Ave.
Los Angeles, CA  90066

Tel: (310) 391-9971
Fax: (310) 391-8971
Web: www.StatModel.com
Support: Support@StatModel.com

Copyright (c) 1998-2008 Muthen & Muthen
