Mplus VERSION 7.1
MUTHEN & MUTHEN
06/18/2015   4:39 PM

INPUT INSTRUCTIONS


  DATA:
   FILE IS  "ITS_TQIPIP.txt";

  VARIABLE:
   NAMES ARE
  id
  sex
  age
  A1_1
  A1_2
  A1_3
  A1_4
  A1_5
  A2_1
  A2_2
  A2_3
  A2_4
  A2_5
  A3_1
  A3_2
  A3_3
  A3_4
  A3_5
  A4_1
  A4_2
  A4_3
  A4_4
  A4_5
  A5_1
  A5_2
  A5_3
  A5_4
  A5_5
  A6_1
  A6_2
  A6_3
  A6_4
  A6_5
  A7_1
  A7_2
  A7_3
  A7_4
  A7_5
  A8_1
  A8_2
  A8_3
  A8_4
  A8_5
  C1_1
  C1_2
  C1_3
  C1_4
  C1_5
  C2_1
  C2_2
  C2_3
  C2_4
  C2_5
  C3_1
  C3_2
  C3_3
  C3_4
  C3_5
  C4_1
  C4_2
  C4_3
  C4_4
  C4_5
  C5_1
  C5_2
  C5_3
  C5_4
  C5_5
  C6_1
  C6_2
  C6_3
  C6_4
  C6_5
  C7_1
  C7_2
  C7_3
  C7_4
  C7_5
  C8_1
  C8_2
  C8_3
  C8_4
  C8_5
  C9_1
  C9_2
  C9_3
  C9_4
  C9_5
  E1_1
  E1_2
  E1_3
  E1_4
  E1_5
  E2_1
  E2_2
  E2_3
  E2_4
  E2_5
  E3_1
  E3_2
  E3_3
  E3_4
  E3_5
  E4_1
  E4_2
  E4_3
  E4_4
  E4_5
  E5_1
  E5_2
  E5_3
  E5_4
  E5_5
  E6_1
  E6_2
  E6_3
  E6_4
  E6_5
  E7_1
  E7_2
  E7_3
  E7_4
  E7_5
  E8_1
  E8_2
  E8_3
  E8_4
  E8_5
  E9_1
  E9_2
  E9_3
  N1_1
  N1_2
  N1_3
  N1_4
  N1_5
  N2_1
  N2_2
  N2_3
  N2_4
  N2_5
  N3_1
  N3_2
  N3_3
  N3_4
  N3_5
  N4_1
  N4_2
  N4_3
  N4_4
  N4_5
  N5_1
  N5_2
  N5_3
  N5_4
  N5_5
  N6_1
  N6_2
  N6_3
  N6_4
  N6_5
  N7_1
  N7_2
  N7_3
  O1_1
  O1_2
  O1_3
  O1_4
  O1_5
  O2_1
  O2_2
  O2_3
  O2_4
  O2_5
  O3_1
  O3_2
  O3_3
  O3_4
  O3_5
  O4_1
  O4_2
  O4_3
  O4_4
  O4_5
  O5_1
  O5_2
  O5_3
  O5_4
  O5_5
  O6_1
  O6_2
  O6_3
  O6_4
  O6_5
  O7_1
  O7_2
  O7_3
  O7_4
  O7_5
  O8_1
  O8_2
  O8_3
  O8_4
  O9_1
  O9_2
  O9_4
  dataset;


   USEVARIABLES ARE
  C5_1
  C5_2
  C5_3
  C5_4
  C5_5
  ;

  Grouping is Dataset (0 = German 1 = US);

  MISSING ARE ALL (-99);

  MODEL:

  C5 by  C5_1
  C5_2
  C5_3
  C5_4
  C5_5;
  [C5@0];

  Model German:
  ;

  Model US:
  ;



  [C5_1
  C5_2
  C5_3
  C5_4
  C5_5];

  ANALYSIS:
   ESTIMATOR IS ML;
   Iterations are 10000;

   OUTPUT: STDYX MODINDICES(4);



INPUT READING TERMINATED NORMALLY




SUMMARY OF ANALYSIS

Number of groups                                                 2
Number of observations
   Group GERMAN                                                387
   Group US                                                    722
   Total sample size                                          1109

Number of dependent variables                                    5
Number of independent variables                                  0
Number of continuous latent variables                            1

Observed dependent variables

  Continuous
   C5_1        C5_2        C5_3        C5_4        C5_5

Continuous latent variables
   C5

Variables with special functions

  Grouping variable     DATASET

Estimator                                                       ML
Information matrix                                        OBSERVED
Maximum number of iterations                                 10000
Convergence criterion                                    0.500D-04
Maximum number of steepest descent iterations                   20
Maximum number of iterations for H1                           2000
Convergence criterion for H1                             0.100D-03

Input data file(s)
  ITS_TQIPIP.txt

Input data format  FREE


SUMMARY OF DATA

   Group GERMAN
     Number of missing data patterns             1

   Group US
     Number of missing data patterns             1


COVARIANCE COVERAGE OF DATA

Minimum covariance coverage value   0.100


     PROPORTION OF DATA PRESENT FOR GERMAN


           Covariance Coverage
              C5_1          C5_2          C5_3          C5_4          C5_5
              ________      ________      ________      ________      ________
 C5_1           1.000
 C5_2           1.000         1.000
 C5_3           1.000         1.000         1.000
 C5_4           1.000         1.000         1.000         1.000
 C5_5           1.000         1.000         1.000         1.000         1.000


     PROPORTION OF DATA PRESENT FOR US


           Covariance Coverage
              C5_1          C5_2          C5_3          C5_4          C5_5
              ________      ________      ________      ________      ________
 C5_1           1.000
 C5_2           1.000         1.000
 C5_3           1.000         1.000         1.000
 C5_4           1.000         1.000         1.000         1.000
 C5_5           1.000         1.000         1.000         1.000         1.000



THE MODEL ESTIMATION TERMINATED NORMALLY



MODEL FIT INFORMATION

Number of Free Parameters                       26

Loglikelihood

          H0 Value                       -6573.614
          H1 Value                       -6516.034

Information Criteria

          Akaike (AIC)                   13199.229
          Bayesian (BIC)                 13329.521
          Sample-Size Adjusted BIC       13246.938
            (n* = (n + 2) / 24)

Chi-Square Test of Model Fit

          Value                            115.160
          Degrees of Freedom                    14
          P-Value                           0.0000

Chi-Square Contribution From Each Group

          GERMAN                            96.048
          US                                19.113

RMSEA (Root Mean Square Error Of Approximation)

          Estimate                           0.114
          90 Percent C.I.                    0.095  0.134
          Probability RMSEA <= .05           0.000

CFI/TLI

          CFI                                0.932
          TLI                                0.903

Chi-Square Test of Model Fit for the Baseline Model

          Value                           1508.654
          Degrees of Freedom                    20
          P-Value                           0.0000

SRMR (Standardized Root Mean Square Residual)

          Value                              0.067



MODEL RESULTS

                                                    Two-Tailed
                    Estimate       S.E.  Est./S.E.    P-Value

Group GERMAN

 C5       BY
    C5_1               1.000      0.000    999.000    999.000
    C5_2               1.008      0.046     21.824      0.000
    C5_3              -0.758      0.051    -14.988      0.000
    C5_4               0.934      0.054     17.218      0.000
    C5_5               0.709      0.044     16.120      0.000

 Means
    C5                 0.000      0.000    999.000    999.000

 Intercepts
    C5_1               3.558      0.043     82.267      0.000
    C5_2               3.470      0.046     75.461      0.000
    C5_3               2.287      0.046     50.136      0.000
    C5_4               3.602      0.046     77.949      0.000
    C5_5               3.656      0.038     96.142      0.000

 Variances
    C5                 0.388      0.044      8.871      0.000

 Residual Variances
    C5_1               0.336      0.036      9.271      0.000
    C5_2               0.424      0.042     10.191      0.000
    C5_3               0.582      0.046     12.580      0.000
    C5_4               0.487      0.043     11.229      0.000
    C5_5               0.364      0.031     11.862      0.000

Group US

 C5       BY
    C5_1               1.000      0.000    999.000    999.000
    C5_2               1.008      0.046     21.824      0.000
    C5_3              -0.758      0.051    -14.988      0.000
    C5_4               0.934      0.054     17.218      0.000
    C5_5               0.709      0.044     16.120      0.000

 Means
    C5                 0.000      0.000    999.000    999.000

 Intercepts
    C5_1               3.760      0.033    114.719      0.000
    C5_2               4.115      0.033    122.967      0.000
    C5_3               2.151      0.037     57.607      0.000
    C5_4               3.792      0.037    102.729      0.000
    C5_5               3.805      0.031    123.079      0.000

 Variances
    C5                 0.458      0.038     11.897      0.000

 Residual Variances
    C5_1               0.318      0.025     12.869      0.000
    C5_2               0.343      0.026     13.232      0.000
    C5_3               0.743      0.042     17.556      0.000
    C5_4               0.584      0.037     15.659      0.000
    C5_5               0.459      0.028     16.553      0.000


STANDARDIZED MODEL RESULTS


STDYX Standardization

                                                    Two-Tailed
                    Estimate       S.E.  Est./S.E.    P-Value

Group GERMAN

 C5       BY
    C5_1               0.732      0.030     24.110      0.000
    C5_2               0.694      0.031     22.600      0.000
    C5_3              -0.526      0.033    -16.021      0.000
    C5_4               0.641      0.029     22.228      0.000
    C5_5               0.591      0.030     19.587      0.000

 Means
    C5                 0.000      0.000    999.000    999.000

 Intercepts
    C5_1               4.182      0.145     28.759      0.000
    C5_2               3.836      0.133     28.898      0.000
    C5_3               2.549      0.097     26.301      0.000
    C5_4               3.962      0.145     27.277      0.000
    C5_5               4.887      0.174     28.155      0.000

 Variances
    C5                 1.000      0.000    999.000    999.000

 Residual Variances
    C5_1               0.464      0.045     10.416      0.000
    C5_2               0.518      0.043     12.136      0.000
    C5_3               0.723      0.035     20.888      0.000
    C5_4               0.590      0.037     15.975      0.000
    C5_5               0.651      0.036     18.248      0.000

Group US

 C5       BY
    C5_1               0.768      0.020     38.003      0.000
    C5_2               0.759      0.021     36.987      0.000
    C5_3              -0.511      0.028    -18.593      0.000
    C5_4               0.638      0.026     24.263      0.000
    C5_5               0.578      0.028     20.843      0.000

 Means
    C5                 0.000      0.000    999.000    999.000

 Intercepts
    C5_1               4.269      0.116     36.789      0.000
    C5_2               4.576      0.124     37.021      0.000
    C5_3               2.144      0.066     32.602      0.000
    C5_4               3.823      0.101     37.734      0.000
    C5_5               4.581      0.119     38.600      0.000

 Variances
    C5                 1.000      0.000    999.000    999.000

 Residual Variances
    C5_1               0.410      0.031     13.181      0.000
    C5_2               0.424      0.031     13.635      0.000
    C5_3               0.739      0.028     26.255      0.000
    C5_4               0.594      0.034     17.718      0.000
    C5_5               0.666      0.032     20.766      0.000


R-SQUARE

Group GERMAN

    Observed                                        Two-Tailed
    Variable        Estimate       S.E.  Est./S.E.    P-Value

    C5_1               0.536      0.045     12.055      0.000
    C5_2               0.482      0.043     11.300      0.000
    C5_3               0.277      0.035      8.010      0.000
    C5_4               0.410      0.037     11.114      0.000
    C5_5               0.349      0.036      9.793      0.000

Group US

    Observed                                        Two-Tailed
    Variable        Estimate       S.E.  Est./S.E.    P-Value

    C5_1               0.590      0.031     19.002      0.000
    C5_2               0.576      0.031     18.494      0.000
    C5_3               0.261      0.028      9.296      0.000
    C5_4               0.406      0.034     12.131      0.000
    C5_5               0.334      0.032     10.421      0.000


QUALITY OF NUMERICAL RESULTS

     Condition Number for the Information Matrix              0.165E-01
       (ratio of smallest to largest eigenvalue)


MODEL MODIFICATION INDICES

NOTE:  Modification indices for direct effects of observed dependent variables
regressed on covariates may not be included.  To include these, request
MODINDICES (ALL).

Minimum M.I. value for printing the modification index     4.000

                                   M.I.     E.P.C.  Std E.P.C.  StdYX E.P.C.
Group GERMAN


BY Statements

C5       BY C5_4                   7.666    -0.173     -0.108       -0.119
C5       BY C5_5                   5.312    -0.118     -0.074       -0.098

WITH Statements

C5_2     WITH C5_1                68.359     0.253      0.253        0.670
C5_4     WITH C5_1                34.993    -0.178     -0.178       -0.440
C5_5     WITH C5_1                 6.119    -0.061     -0.061       -0.174
C5_5     WITH C5_2                29.678    -0.142     -0.142       -0.361
C5_5     WITH C5_4                40.521     0.168      0.168        0.399

Group US


BY Statements

C5       BY C5_4                   7.664     0.085      0.057        0.058
C5       BY C5_5                   5.311     0.061      0.041        0.050

WITH Statements

C5_5     WITH C5_2                 6.347    -0.053     -0.053       -0.133
C5_5     WITH C5_4                 9.895     0.073      0.073        0.141



DIAGRAM INFORMATION

  Use View Diagram under the Diagram menu in the Mplus Editor to view the diagram.
  If running Mplus from the Mplus Diagrammer, the diagram opens automatically.

  Diagram output
    f:\ipip paper\messinvarianz\c\c5\c5 faktorielle invarianz.dgm

     Beginning Time:  16:39:51
        Ending Time:  16:39:51
       Elapsed Time:  00:00:00



MUTHEN & MUTHEN
3463 Stoner Ave.
Los Angeles, CA  90066

Tel: (310) 391-9971
Fax: (310) 391-8971
Web: www.StatModel.com
Support: Support@StatModel.com

Copyright (c) 1998-2013 Muthen & Muthen
