Mplus VERSION 7.1
MUTHEN & MUTHEN
06/18/2015   4:40 PM

INPUT INSTRUCTIONS


  DATA:
   FILE IS  "ITS_TQIPIP.txt";

  VARIABLE:
   NAMES ARE
  id
  sex
  age
  A1_1
  A1_2
  A1_3
  A1_4
  A1_5
  A2_1
  A2_2
  A2_3
  A2_4
  A2_5
  A3_1
  A3_2
  A3_3
  A3_4
  A3_5
  A4_1
  A4_2
  A4_3
  A4_4
  A4_5
  A5_1
  A5_2
  A5_3
  A5_4
  A5_5
  A6_1
  A6_2
  A6_3
  A6_4
  A6_5
  A7_1
  A7_2
  A7_3
  A7_4
  A7_5
  A8_1
  A8_2
  A8_3
  A8_4
  A8_5
  C1_1
  C1_2
  C1_3
  C1_4
  C1_5
  C2_1
  C2_2
  C2_3
  C2_4
  C2_5
  C3_1
  C3_2
  C3_3
  C3_4
  C3_5
  C4_1
  C4_2
  C4_3
  C4_4
  C4_5
  C5_1
  C5_2
  C5_3
  C5_4
  C5_5
  C6_1
  C6_2
  C6_3
  C6_4
  C6_5
  C7_1
  C7_2
  C7_3
  C7_4
  C7_5
  C8_1
  C8_2
  C8_3
  C8_4
  C8_5
  C9_1
  C9_2
  C9_3
  C9_4
  C9_5
  E1_1
  E1_2
  E1_3
  E1_4
  E1_5
  E2_1
  E2_2
  E2_3
  E2_4
  E2_5
  E3_1
  E3_2
  E3_3
  E3_4
  E3_5
  E4_1
  E4_2
  E4_3
  E4_4
  E4_5
  E5_1
  E5_2
  E5_3
  E5_4
  E5_5
  E6_1
  E6_2
  E6_3
  E6_4
  E6_5
  E7_1
  E7_2
  E7_3
  E7_4
  E7_5
  E8_1
  E8_2
  E8_3
  E8_4
  E8_5
  E9_1
  E9_2
  E9_3
  N1_1
  N1_2
  N1_3
  N1_4
  N1_5
  N2_1
  N2_2
  N2_3
  N2_4
  N2_5
  N3_1
  N3_2
  N3_3
  N3_4
  N3_5
  N4_1
  N4_2
  N4_3
  N4_4
  N4_5
  N5_1
  N5_2
  N5_3
  N5_4
  N5_5
  N6_1
  N6_2
  N6_3
  N6_4
  N6_5
  N7_1
  N7_2
  N7_3
  O1_1
  O1_2
  O1_3
  O1_4
  O1_5
  O2_1
  O2_2
  O2_3
  O2_4
  O2_5
  O3_1
  O3_2
  O3_3
  O3_4
  O3_5
  O4_1
  O4_2
  O4_3
  O4_4
  O4_5
  O5_1
  O5_2
  O5_3
  O5_4
  O5_5
  O6_1
  O6_2
  O6_3
  O6_4
  O6_5
  O7_1
  O7_2
  O7_3
  O7_4
  O7_5
  O8_1
  O8_2
  O8_3
  O8_4
  O9_1
  O9_2
  O9_4
  dataset;

   USEVARIABLES ARE
  C5_1
  C5_2
  C5_3
  C5_4
  C5_5;

  Grouping is Dataset (0 = German 1 = US);

  MISSING ARE ALL (-99);

  MODEL:

  C5 by  C5_1
  C5_2
  C5_3
  C5_4
  C5_5;
  [C5@0];

  Model German:
  ;

  Model US:
  ;

  C5 by
  C5_2
  C5_3
  C5_4
  C5_5;

  [C5_1
  C5_2
  C5_3
  C5_4
  C5_5];

  ANALYSIS:
   ESTIMATOR IS ML;
   Iterations are 10000;

   OUTPUT: STDYX MODINDICES(4);



INPUT READING TERMINATED NORMALLY




SUMMARY OF ANALYSIS

Number of groups                                                 2
Number of observations
   Group GERMAN                                                387
   Group US                                                    722
   Total sample size                                          1109

Number of dependent variables                                    5
Number of independent variables                                  0
Number of continuous latent variables                            1

Observed dependent variables

  Continuous
   C5_1        C5_2        C5_3        C5_4        C5_5

Continuous latent variables
   C5

Variables with special functions

  Grouping variable     DATASET

Estimator                                                       ML
Information matrix                                        OBSERVED
Maximum number of iterations                                 10000
Convergence criterion                                    0.500D-04
Maximum number of steepest descent iterations                   20
Maximum number of iterations for H1                           2000
Convergence criterion for H1                             0.100D-03

Input data file(s)
  ITS_TQIPIP.txt

Input data format  FREE


SUMMARY OF DATA

   Group GERMAN
     Number of missing data patterns             1

   Group US
     Number of missing data patterns             1


COVARIANCE COVERAGE OF DATA

Minimum covariance coverage value   0.100


     PROPORTION OF DATA PRESENT FOR GERMAN


           Covariance Coverage
              C5_1          C5_2          C5_3          C5_4          C5_5
              ________      ________      ________      ________      ________
 C5_1           1.000
 C5_2           1.000         1.000
 C5_3           1.000         1.000         1.000
 C5_4           1.000         1.000         1.000         1.000
 C5_5           1.000         1.000         1.000         1.000         1.000


     PROPORTION OF DATA PRESENT FOR US


           Covariance Coverage
              C5_1          C5_2          C5_3          C5_4          C5_5
              ________      ________      ________      ________      ________
 C5_1           1.000
 C5_2           1.000         1.000
 C5_3           1.000         1.000         1.000
 C5_4           1.000         1.000         1.000         1.000
 C5_5           1.000         1.000         1.000         1.000         1.000



THE MODEL ESTIMATION TERMINATED NORMALLY



MODEL FIT INFORMATION

Number of Free Parameters                       30

Loglikelihood

          H0 Value                       -6562.000
          H1 Value                       -6516.034

Information Criteria

          Akaike (AIC)                   13184.000
          Bayesian (BIC)                 13334.336
          Sample-Size Adjusted BIC       13239.049
            (n* = (n + 2) / 24)

Chi-Square Test of Model Fit

          Value                             91.931
          Degrees of Freedom                    10
          P-Value                           0.0000

Chi-Square Contribution From Each Group

          GERMAN                            78.549
          US                                13.383

RMSEA (Root Mean Square Error Of Approximation)

          Estimate                           0.122
          90 Percent C.I.                    0.100  0.145
          Probability RMSEA <= .05           0.000

CFI/TLI

          CFI                                0.945
          TLI                                0.890

Chi-Square Test of Model Fit for the Baseline Model

          Value                           1508.654
          Degrees of Freedom                    20
          P-Value                           0.0000

SRMR (Standardized Root Mean Square Residual)

          Value                              0.042



MODEL RESULTS

                                                    Two-Tailed
                    Estimate       S.E.  Est./S.E.    P-Value

Group GERMAN

 C5       BY
    C5_1               1.000      0.000    999.000    999.000
    C5_2               1.010      0.073     13.872      0.000
    C5_3              -0.698      0.073     -9.509      0.000
    C5_4               0.649      0.076      8.578      0.000
    C5_5               0.491      0.060      8.135      0.000

 Means
    C5                 0.000      0.000    999.000    999.000

 Intercepts
    C5_1               3.558      0.044     80.387      0.000
    C5_2               3.470      0.047     73.441      0.000
    C5_3               2.287      0.046     49.383      0.000
    C5_4               3.602      0.044     81.477      0.000
    C5_5               3.656      0.037     99.734      0.000

 Variances
    C5                 0.494      0.059      8.357      0.000

 Residual Variances
    C5_1               0.264      0.035      7.496      0.000
    C5_2               0.360      0.039      9.165      0.000
    C5_3               0.589      0.047     12.482      0.000
    C5_4               0.549      0.045     12.223      0.000
    C5_5               0.401      0.032     12.668      0.000

Group US

 C5       BY
    C5_1               1.000      0.000    999.000    999.000
    C5_2               1.004      0.057     17.545      0.000
    C5_3              -0.755      0.064    -11.814      0.000
    C5_4               1.045      0.067     15.609      0.000
    C5_5               0.794      0.055     14.524      0.000

 Means
    C5                 0.000      0.000    999.000    999.000

 Intercepts
    C5_1               3.760      0.032    116.026      0.000
    C5_2               4.115      0.033    124.500      0.000
    C5_3               2.151      0.037     58.098      0.000
    C5_4               3.792      0.038    100.458      0.000
    C5_5               3.805      0.032    120.758      0.000

 Variances
    C5                 0.430      0.040     10.619      0.000

 Residual Variances
    C5_1               0.329      0.025     12.967      0.000
    C5_2               0.356      0.027     13.382      0.000
    C5_3               0.745      0.043     17.504      0.000
    C5_4               0.560      0.037     15.041      0.000
    C5_5               0.446      0.028     16.138      0.000


STANDARDIZED MODEL RESULTS


STDYX Standardization

                                                    Two-Tailed
                    Estimate       S.E.  Est./S.E.    P-Value

Group GERMAN

 C5       BY
    C5_1               0.807      0.030     26.853      0.000
    C5_2               0.764      0.031     24.773      0.000
    C5_3              -0.538      0.043    -12.523      0.000
    C5_4               0.524      0.046     11.465      0.000
    C5_5               0.479      0.047     10.141      0.000

 Means
    C5                 0.000      0.000    999.000    999.000

 Intercepts
    C5_1               4.086      0.155     26.291      0.000
    C5_2               3.733      0.143     26.017      0.000
    C5_3               2.510      0.104     24.239      0.000
    C5_4               4.142      0.157     26.328      0.000
    C5_5               5.070      0.189     26.798      0.000

 Variances
    C5                 1.000      0.000    999.000    999.000

 Residual Variances
    C5_1               0.349      0.049      7.187      0.000
    C5_2               0.417      0.047      8.851      0.000
    C5_3               0.710      0.046     15.349      0.000
    C5_4               0.725      0.048     15.136      0.000
    C5_5               0.771      0.045     17.074      0.000

Group US

 C5       BY
    C5_1               0.753      0.023     32.894      0.000
    C5_2               0.741      0.023     31.821      0.000
    C5_3              -0.498      0.033    -15.238      0.000
    C5_4               0.675      0.026     25.921      0.000
    C5_5               0.615      0.028     21.598      0.000

 Means
    C5                 0.000      0.000    999.000    999.000

 Intercepts
    C5_1               4.318      0.120     36.112      0.000
    C5_2               4.633      0.127     36.344      0.000
    C5_3               2.162      0.068     31.802      0.000
    C5_4               3.739      0.105     35.542      0.000
    C5_5               4.494      0.124     36.247      0.000

 Variances
    C5                 1.000      0.000    999.000    999.000

 Residual Variances
    C5_1               0.433      0.034     12.583      0.000
    C5_2               0.451      0.035     13.067      0.000
    C5_3               0.752      0.032     23.152      0.000
    C5_4               0.544      0.035     15.476      0.000
    C5_5               0.622      0.035     17.780      0.000


R-SQUARE

Group GERMAN

    Observed                                        Two-Tailed
    Variable        Estimate       S.E.  Est./S.E.    P-Value

    C5_1               0.651      0.049     13.426      0.000
    C5_2               0.583      0.047     12.387      0.000
    C5_3               0.290      0.046      6.262      0.000
    C5_4               0.275      0.048      5.732      0.000
    C5_5               0.229      0.045      5.071      0.000

Group US

    Observed                                        Two-Tailed
    Variable        Estimate       S.E.  Est./S.E.    P-Value

    C5_1               0.567      0.034     16.447      0.000
    C5_2               0.549      0.035     15.911      0.000
    C5_3               0.248      0.032      7.619      0.000
    C5_4               0.456      0.035     12.961      0.000
    C5_5               0.378      0.035     10.799      0.000


QUALITY OF NUMERICAL RESULTS

     Condition Number for the Information Matrix              0.986E-02
       (ratio of smallest to largest eigenvalue)


MODEL MODIFICATION INDICES

NOTE:  Modification indices for direct effects of observed dependent variables
regressed on covariates may not be included.  To include these, request
MODINDICES (ALL).

Minimum M.I. value for printing the modification index     4.000

                                   M.I.     E.P.C.  Std E.P.C.  StdYX E.P.C.
Group GERMAN


WITH Statements

C5_2     WITH C5_1                44.460     0.343      0.343        1.112
C5_3     WITH C5_2                 5.117     0.080      0.080        0.174
C5_4     WITH C5_1                29.021    -0.175     -0.175       -0.460
C5_5     WITH C5_2                20.990    -0.125     -0.125       -0.329
C5_5     WITH C5_4                53.452     0.192      0.192        0.410

Group US


WITH Statements

C5_2     WITH C5_1                10.078     0.082      0.082        0.238
C5_5     WITH C5_2                 8.415    -0.063     -0.063       -0.159
C5_5     WITH C5_4                 5.241     0.056      0.056        0.112



DIAGRAM INFORMATION

  Use View Diagram under the Diagram menu in the Mplus Editor to view the diagram.
  If running Mplus from the Mplus Diagrammer, the diagram opens automatically.

  Diagram output
    f:\ipip paper\messinvarianz\c\c5\c5 konfigurale invarianz.dgm

     Beginning Time:  16:40:04
        Ending Time:  16:40:04
       Elapsed Time:  00:00:00



MUTHEN & MUTHEN
3463 Stoner Ave.
Los Angeles, CA  90066

Tel: (310) 391-9971
Fax: (310) 391-8971
Web: www.StatModel.com
Support: Support@StatModel.com

Copyright (c) 1998-2013 Muthen & Muthen
