Mplus VERSION 7.1
MUTHEN & MUTHEN
06/02/2015   2:23 PM

INPUT INSTRUCTIONS

  TITLE:

  DATA:
  FILE IS  "ARI Data 2009_Openness CFA Sample.txt";
  Variable:
  Names are
  respid
  open145
  open42
  open10
  open15
  open134
  open900
  open109
  open88
  open46
  open1
  open99
  open11
  open116
  open4
  open112
  open40
  open9
  open13
  open118
  open121
  open151
  open90
  open5
  open87
  open30
  open146
  open43
  open139
  open3
  open48
  open22
  open125
  open60
  open32
  open49
  open12
  open106
  open96
  open111
  open130
  open133
  open19
  open104
  open135
  open80
  open143
  open115
  open59
  open78
  open75
  open102
  open107
  open76
  open94
  open71
  open7
  open44
  open21
  open105
  open18
  open113
  open148
  open64
  open50
  open89
  open110
  open152
  open129
  open8
  open53
  open63
  open66
  open27
  open83
  open95
  open70
  open86
  open85
  open136
  open16
  open29
  open25
  open147
  open144
  open72
  open140
  open55
  open61
  open56
  open58
  open901
  open37
  open74
  open91
  open97
  open93
  open67
  open20
  open17
  open127
  open2
  open124
  open114
  open6
  open28
  open92
  open132
  open77
  open45
  open31
  open35
  Filter
  filter_
  ;

  USEVARIABLES ARE
  open43
  open78
  open110
  open20
  open105
  ;

  MISSING ARE ALL (-99);
  categorical are all;

  Model:
  saing by
  open43
  open78
  open110
  open20
  open105
  ;

  Savedata:
  file is o1.txt;
  save = fscores;

  Analysis:
  ESTIMATOR IS WLSMV;

  OUTPUT: STDYX MODINDICES(4);



*** WARNING
  Data set contains cases with missing on all variables.
  These cases were not included in the analysis.
  Number of cases with missing on all variables:  2
   1 WARNING(S) FOUND IN THE INPUT INSTRUCTIONS




SUMMARY OF ANALYSIS

Number of groups                                                 1
Number of observations                                         361

Number of dependent variables                                    5
Number of independent variables                                  0
Number of continuous latent variables                            1

Observed dependent variables

  Binary and ordered categorical (ordinal)
   OPEN43      OPEN78      OPEN110     OPEN20      OPEN105

Continuous latent variables
   SAING


Estimator                                                    WLSMV
Maximum number of iterations                                  1000
Convergence criterion                                    0.500D-04
Maximum number of steepest descent iterations                   20
Maximum number of iterations for H1                           2000
Convergence criterion for H1                             0.100D-03
Parameterization                                             DELTA

Input data file(s)
  ARI Data 2009_Openness CFA Sample.txt

Input data format  FREE


SUMMARY OF DATA

     Number of missing data patterns             1


COVARIANCE COVERAGE OF DATA

Minimum covariance coverage value   0.100


     PROPORTION OF DATA PRESENT


           Covariance Coverage
              OPEN43        OPEN78        OPEN110       OPEN20        OPEN105
              ________      ________      ________      ________      ________
 OPEN43         1.000
 OPEN78         1.000         1.000
 OPEN110        1.000         1.000         1.000
 OPEN20         1.000         1.000         1.000         1.000
 OPEN105        1.000         1.000         1.000         1.000         1.000


UNIVARIATE PROPORTIONS AND COUNTS FOR CATEGORICAL VARIABLES

    OPEN43
      Category 1    0.025        9.000
      Category 2    0.150       54.000
      Category 3    0.385      139.000
      Category 4    0.291      105.000
      Category 5    0.150       54.000
    OPEN78
      Category 1    0.022        8.000
      Category 2    0.114       41.000
      Category 3    0.382      138.000
      Category 4    0.327      118.000
      Category 5    0.155       56.000
    OPEN110
      Category 1    0.011        4.000
      Category 2    0.089       32.000
      Category 3    0.382      138.000
      Category 4    0.291      105.000
      Category 5    0.227       82.000
    OPEN20
      Category 1    0.039       14.000
      Category 2    0.186       67.000
      Category 3    0.360      130.000
      Category 4    0.249       90.000
      Category 5    0.166       60.000
    OPEN105
      Category 1    0.011        4.000
      Category 2    0.111       40.000
      Category 3    0.388      140.000
      Category 4    0.321      116.000
      Category 5    0.169       61.000



THE MODEL ESTIMATION TERMINATED NORMALLY



MODEL FIT INFORMATION

Number of Free Parameters                       25

Chi-Square Test of Model Fit

          Value                             17.189*
          Degrees of Freedom                     5
          P-Value                           0.0042

*   The chi-square value for MLM, MLMV, MLR, ULSMV, WLSM and WLSMV cannot be used
    for chi-square difference testing in the regular way.  MLM, MLR and WLSM
    chi-square difference testing is described on the Mplus website.  MLMV, WLSMV,
    and ULSMV difference testing is done using the DIFFTEST option.

RMSEA (Root Mean Square Error Of Approximation)

          Estimate                           0.082
          90 Percent C.I.                    0.042  0.126
          Probability RMSEA <= .05           0.088

CFI/TLI

          CFI                                0.984
          TLI                                0.967

Chi-Square Test of Model Fit for the Baseline Model

          Value                            749.012
          Degrees of Freedom                    10
          P-Value                           0.0000

WRMR (Weighted Root Mean Square Residual)

          Value                              0.551



MODEL RESULTS

                                                    Two-Tailed
                    Estimate       S.E.  Est./S.E.    P-Value

 SAING    BY
    OPEN43             1.000      0.000    999.000    999.000
    OPEN78             1.252      0.108     11.564      0.000
    OPEN110            0.871      0.089      9.781      0.000
    OPEN20             1.046      0.095     11.037      0.000
    OPEN105            1.048      0.090     11.689      0.000

 Thresholds
    OPEN43$1          -1.961      0.141    -13.935      0.000
    OPEN43$2          -0.936      0.078    -12.063      0.000
    OPEN43$3           0.150      0.066      2.262      0.024
    OPEN43$4           1.038      0.081     12.872      0.000
    OPEN78$1          -2.011      0.147    -13.707      0.000
    OPEN78$2          -1.100      0.083    -13.294      0.000
    OPEN78$3           0.045      0.066      0.684      0.494
    OPEN78$4           1.015      0.080     12.697      0.000
    OPEN110$1         -2.288      0.189    -12.101      0.000
    OPEN110$2         -1.283      0.090    -14.251      0.000
    OPEN110$3         -0.045      0.066     -0.684      0.494
    OPEN110$4          0.748      0.073     10.231      0.000
    OPEN20$1          -1.765      0.121    -14.596      0.000
    OPEN20$2          -0.757      0.073    -10.331      0.000
    OPEN20$3           0.213      0.067      3.208      0.001
    OPEN20$4           0.969      0.079     12.338      0.000
    OPEN105$1         -2.288      0.189    -12.101      0.000
    OPEN105$2         -1.166      0.085    -13.691      0.000
    OPEN105$3          0.024      0.066      0.368      0.713
    OPEN105$4          0.958      0.078     12.247      0.000

 Variances
    SAING              0.359      0.049      7.318      0.000


STANDARDIZED MODEL RESULTS


STDYX Standardization

                                                    Two-Tailed
                    Estimate       S.E.  Est./S.E.    P-Value

 SAING    BY
    OPEN43             0.599      0.041     14.636      0.000
    OPEN78             0.750      0.033     22.580      0.000
    OPEN110            0.522      0.042     12.476      0.000
    OPEN20             0.627      0.040     15.473      0.000
    OPEN105            0.628      0.038     16.382      0.000

 Thresholds
    OPEN43$1          -1.961      0.141    -13.935      0.000
    OPEN43$2          -0.936      0.078    -12.063      0.000
    OPEN43$3           0.150      0.066      2.262      0.024
    OPEN43$4           1.038      0.081     12.872      0.000
    OPEN78$1          -2.011      0.147    -13.707      0.000
    OPEN78$2          -1.100      0.083    -13.294      0.000
    OPEN78$3           0.045      0.066      0.684      0.494
    OPEN78$4           1.015      0.080     12.697      0.000
    OPEN110$1         -2.288      0.189    -12.101      0.000
    OPEN110$2         -1.283      0.090    -14.251      0.000
    OPEN110$3         -0.045      0.066     -0.684      0.494
    OPEN110$4          0.748      0.073     10.231      0.000
    OPEN20$1          -1.765      0.121    -14.596      0.000
    OPEN20$2          -0.757      0.073    -10.331      0.000
    OPEN20$3           0.213      0.067      3.208      0.001
    OPEN20$4           0.969      0.079     12.338      0.000
    OPEN105$1         -2.288      0.189    -12.101      0.000
    OPEN105$2         -1.166      0.085    -13.691      0.000
    OPEN105$3          0.024      0.066      0.368      0.713
    OPEN105$4          0.958      0.078     12.247      0.000

 Variances
    SAING              1.000      0.000    999.000    999.000


R-SQUARE

    Observed                                        Two-Tailed   Residual
    Variable        Estimate       S.E.  Est./S.E.    P-Value    Variance

    OPEN43             0.359      0.049      7.318      0.000      0.641
    OPEN78             0.562      0.050     11.290      0.000      0.438
    OPEN110            0.272      0.044      6.238      0.000      0.728
    OPEN20             0.393      0.051      7.736      0.000      0.607
    OPEN105            0.394      0.048      8.191      0.000      0.606


QUALITY OF NUMERICAL RESULTS

     Condition Number for the Information Matrix              0.459E-02
       (ratio of smallest to largest eigenvalue)


MODEL MODIFICATION INDICES

NOTE:  Modification indices for direct effects of observed dependent variables
regressed on covariates and residual covariances among observed dependent
variables may not be included.  To include these, request MODINDICES (ALL).

Minimum M.I. value for printing the modification index     4.000

                                   M.I.     E.P.C.  Std E.P.C.  StdYX E.P.C.

No modification indices above the minimum value.



SAMPLE STATISTICS FOR ESTIMATED FACTOR SCORES


     SAMPLE STATISTICS


           Means
              SAING
              ________
 1              0.002


           Covariances
              SAING
              ________
 SAING          0.268


           Correlations
              SAING
              ________
 SAING          1.000


SAVEDATA INFORMATION


  Save file
    o1.txt

  Order and format of variables

    OPEN43         F10.3
    OPEN78         F10.3
    OPEN110        F10.3
    OPEN20         F10.3
    OPEN105        F10.3
    SAING          F10.3

  Save file format
    6F10.3

  Save file record length    10000


DIAGRAM INFORMATION

  Use View Diagram under the Diagram menu in the Mplus Editor to view the diagram.
  If running Mplus from the Mplus Diagrammer, the diagram opens automatically.

  Diagram output
    f:\ipip paper\sample_usa\cfa\openness\5 items\cfa openness - self attributed ingenuity_5 items.d

     Beginning Time:  14:23:09
        Ending Time:  14:23:09
       Elapsed Time:  00:00:00



MUTHEN & MUTHEN
3463 Stoner Ave.
Los Angeles, CA  90066

Tel: (310) 391-9971
Fax: (310) 391-8971
Web: www.StatModel.com
Support: Support@StatModel.com

Copyright (c) 1998-2013 Muthen & Muthen
