Mplus VERSION 7.1
MUTHEN & MUTHEN
06/02/2015   2:20 PM

INPUT INSTRUCTIONS

  TITLE:

  DATA:
  FILE IS  "ARI Data 2009_Openness CFA Sample.txt";
  Variable:
  Names are
  respid
  open145
  open42
  open10
  open15
  open134
  open900
  open109
  open88
  open46
  open1
  open99
  open11
  open116
  open4
  open112
  open40
  open9
  open13
  open118
  open121
  open151
  open90
  open5
  open87
  open30
  open146
  open43
  open139
  open3
  open48
  open22
  open125
  open60
  open32
  open49
  open12
  open106
  open96
  open111
  open130
  open133
  open19
  open104
  open135
  open80
  open143
  open115
  open59
  open78
  open75
  open102
  open107
  open76
  open94
  open71
  open7
  open44
  open21
  open105
  open18
  open113
  open148
  open64
  open50
  open89
  open110
  open152
  open129
  open8
  open53
  open63
  open66
  open27
  open83
  open95
  open70
  open86
  open85
  open136
  open16
  open29
  open25
  open147
  open144
  open72
  open140
  open55
  open61
  open56
  open58
  open901
  open37
  open74
  open91
  open97
  open93
  open67
  open20
  open17
  open127
  open2
  open124
  open114
  open6
  open28
  open92
  open132
  open77
  open45
  open31
  open35
  Filter
  filter_
  ;

  USEVARIABLES ARE
  open17
  open18
  open77
  open32
  open35
  ;

  MISSING ARE ALL (-99);
  categorical are all;

  Model:
  ominded by
  open17
  open18
  open77
  open32
  open35
  ;

  Savedata:
  file is o3.txt;
  save = fscores;

  Analysis:
  ESTIMATOR IS WLSMV;

  OUTPUT: STDYX MODINDICES(4);



*** WARNING
  Data set contains cases with missing on all variables.
  These cases were not included in the analysis.
  Number of cases with missing on all variables:  2
   1 WARNING(S) FOUND IN THE INPUT INSTRUCTIONS




SUMMARY OF ANALYSIS

Number of groups                                                 1
Number of observations                                         361

Number of dependent variables                                    5
Number of independent variables                                  0
Number of continuous latent variables                            1

Observed dependent variables

  Binary and ordered categorical (ordinal)
   OPEN17      OPEN18      OPEN77      OPEN32      OPEN35

Continuous latent variables
   OMINDED


Estimator                                                    WLSMV
Maximum number of iterations                                  1000
Convergence criterion                                    0.500D-04
Maximum number of steepest descent iterations                   20
Maximum number of iterations for H1                           2000
Convergence criterion for H1                             0.100D-03
Parameterization                                             DELTA

Input data file(s)
  ARI Data 2009_Openness CFA Sample.txt

Input data format  FREE


SUMMARY OF DATA

     Number of missing data patterns             1


COVARIANCE COVERAGE OF DATA

Minimum covariance coverage value   0.100


     PROPORTION OF DATA PRESENT


           Covariance Coverage
              OPEN17        OPEN18        OPEN77        OPEN32        OPEN35
              ________      ________      ________      ________      ________
 OPEN17         1.000
 OPEN18         1.000         1.000
 OPEN77         1.000         1.000         1.000
 OPEN32         1.000         1.000         1.000         1.000
 OPEN35         1.000         1.000         1.000         1.000         1.000


UNIVARIATE PROPORTIONS AND COUNTS FOR CATEGORICAL VARIABLES

    OPEN17
      Category 1    0.017        6.000
      Category 2    0.053       19.000
      Category 3    0.332      120.000
      Category 4    0.440      159.000
      Category 5    0.158       57.000
    OPEN18
      Category 1    0.017        6.000
      Category 2    0.102       37.000
      Category 3    0.449      162.000
      Category 4    0.313      113.000
      Category 5    0.119       43.000
    OPEN77
      Category 1    0.006        2.000
      Category 2    0.061       22.000
      Category 3    0.277      100.000
      Category 4    0.476      172.000
      Category 5    0.180       65.000
    OPEN32
      Category 1    0.008        3.000
      Category 2    0.050       18.000
      Category 3    0.249       90.000
      Category 4    0.432      156.000
      Category 5    0.260       94.000
    OPEN35
      Category 1    0.008        3.000
      Category 2    0.030       11.000
      Category 3    0.269       97.000
      Category 4    0.488      176.000
      Category 5    0.205       74.000



THE MODEL ESTIMATION TERMINATED NORMALLY



MODEL FIT INFORMATION

Number of Free Parameters                       25

Chi-Square Test of Model Fit

          Value                             19.171*
          Degrees of Freedom                     5
          P-Value                           0.0018

*   The chi-square value for MLM, MLMV, MLR, ULSMV, WLSM and WLSMV cannot be used
    for chi-square difference testing in the regular way.  MLM, MLR and WLSM
    chi-square difference testing is described on the Mplus website.  MLMV, WLSMV,
    and ULSMV difference testing is done using the DIFFTEST option.

RMSEA (Root Mean Square Error Of Approximation)

          Estimate                           0.089
          90 Percent C.I.                    0.049  0.132
          Probability RMSEA <= .05           0.054

CFI/TLI

          CFI                                0.979
          TLI                                0.958

Chi-Square Test of Model Fit for the Baseline Model

          Value                            686.598
          Degrees of Freedom                    10
          P-Value                           0.0000

WRMR (Weighted Root Mean Square Residual)

          Value                              0.581



MODEL RESULTS

                                                    Two-Tailed
                    Estimate       S.E.  Est./S.E.    P-Value

 OMINDED  BY
    OPEN17             1.000      0.000    999.000    999.000
    OPEN18             0.975      0.089     11.010      0.000
    OPEN77             1.013      0.090     11.215      0.000
    OPEN32             0.873      0.081     10.836      0.000
    OPEN35             1.096      0.086     12.690      0.000

 Thresholds
    OPEN17$1          -2.129      0.163    -13.086      0.000
    OPEN17$2          -1.481      0.100    -14.763      0.000
    OPEN17$3          -0.249      0.067     -3.733      0.000
    OPEN17$4           1.003      0.080     12.608      0.000
    OPEN18$1          -2.129      0.163    -13.086      0.000
    OPEN18$2          -1.179      0.086    -13.767      0.000
    OPEN18$3           0.171      0.066      2.578      0.010
    OPEN18$4           1.179      0.086     13.767      0.000
    OPEN77$1          -2.540      0.247    -10.300      0.000
    OPEN77$2          -1.503      0.102    -14.786      0.000
    OPEN77$3          -0.403      0.068     -5.930      0.000
    OPEN77$4           0.915      0.077     11.877      0.000
    OPEN32$1          -2.395      0.211    -11.361      0.000
    OPEN32$2          -1.570      0.106    -14.820      0.000
    OPEN32$3          -0.503      0.069     -7.281      0.000
    OPEN32$4           0.642      0.071      9.025      0.000
    OPEN35$1          -2.395      0.211    -11.361      0.000
    OPEN35$2          -1.765      0.121    -14.596      0.000
    OPEN35$3          -0.503      0.069     -7.281      0.000
    OPEN35$4           0.824      0.075     11.018      0.000

 Variances
    OMINDED            0.403      0.052      7.802      0.000


STANDARDIZED MODEL RESULTS


STDYX Standardization

                                                    Two-Tailed
                    Estimate       S.E.  Est./S.E.    P-Value

 OMINDED  BY
    OPEN17             0.635      0.041     15.604      0.000
    OPEN18             0.619      0.041     15.107      0.000
    OPEN77             0.643      0.043     15.123      0.000
    OPEN32             0.555      0.040     13.883      0.000
    OPEN35             0.696      0.034     20.529      0.000

 Thresholds
    OPEN17$1          -2.129      0.163    -13.086      0.000
    OPEN17$2          -1.481      0.100    -14.763      0.000
    OPEN17$3          -0.249      0.067     -3.733      0.000
    OPEN17$4           1.003      0.080     12.608      0.000
    OPEN18$1          -2.129      0.163    -13.086      0.000
    OPEN18$2          -1.179      0.086    -13.767      0.000
    OPEN18$3           0.171      0.066      2.578      0.010
    OPEN18$4           1.179      0.086     13.767      0.000
    OPEN77$1          -2.540      0.247    -10.300      0.000
    OPEN77$2          -1.503      0.102    -14.786      0.000
    OPEN77$3          -0.403      0.068     -5.930      0.000
    OPEN77$4           0.915      0.077     11.877      0.000
    OPEN32$1          -2.395      0.211    -11.361      0.000
    OPEN32$2          -1.570      0.106    -14.820      0.000
    OPEN32$3          -0.503      0.069     -7.281      0.000
    OPEN32$4           0.642      0.071      9.025      0.000
    OPEN35$1          -2.395      0.211    -11.361      0.000
    OPEN35$2          -1.765      0.121    -14.596      0.000
    OPEN35$3          -0.503      0.069     -7.281      0.000
    OPEN35$4           0.824      0.075     11.018      0.000

 Variances
    OMINDED            1.000      0.000    999.000    999.000


R-SQUARE

    Observed                                        Two-Tailed   Residual
    Variable        Estimate       S.E.  Est./S.E.    P-Value    Variance

    OPEN17             0.403      0.052      7.802      0.000      0.597
    OPEN18             0.383      0.051      7.553      0.000      0.617
    OPEN77             0.414      0.055      7.561      0.000      0.586
    OPEN32             0.308      0.044      6.942      0.000      0.692
    OPEN35             0.485      0.047     10.265      0.000      0.515


QUALITY OF NUMERICAL RESULTS

     Condition Number for the Information Matrix              0.437E-02
       (ratio of smallest to largest eigenvalue)


MODEL MODIFICATION INDICES

NOTE:  Modification indices for direct effects of observed dependent variables
regressed on covariates and residual covariances among observed dependent
variables may not be included.  To include these, request MODINDICES (ALL).

Minimum M.I. value for printing the modification index     4.000

                                   M.I.     E.P.C.  Std E.P.C.  StdYX E.P.C.

No modification indices above the minimum value.



SAMPLE STATISTICS FOR ESTIMATED FACTOR SCORES


     SAMPLE STATISTICS


           Means
              OMINDED
              ________
 1             -0.001


           Covariances
              OMINDED
              ________
 OMINDED        0.294


           Correlations
              OMINDED
              ________
 OMINDED        1.000


SAVEDATA INFORMATION


  Save file
    o3.txt

  Order and format of variables

    OPEN17         F10.3
    OPEN18         F10.3
    OPEN77         F10.3
    OPEN32         F10.3
    OPEN35         F10.3
    OMINDED        F10.3

  Save file format
    6F10.3

  Save file record length    10000


DIAGRAM INFORMATION

  Use View Diagram under the Diagram menu in the Mplus Editor to view the diagram.
  If running Mplus from the Mplus Diagrammer, the diagram opens automatically.

  Diagram output
    f:\ipip paper\sample_usa\cfa\openness\5 items\cfa openness - openmindedness judgement_5 items.dg

     Beginning Time:  14:20:57
        Ending Time:  14:20:58
       Elapsed Time:  00:00:01



MUTHEN & MUTHEN
3463 Stoner Ave.
Los Angeles, CA  90066

Tel: (310) 391-9971
Fax: (310) 391-8971
Web: www.StatModel.com
Support: Support@StatModel.com

Copyright (c) 1998-2013 Muthen & Muthen
