Mplus VERSION 7.1
MUTHEN & MUTHEN
06/18/2015   4:29 PM

INPUT INSTRUCTIONS


  DATA:
   FILE IS  "ITS_TQIPIP.txt";

  VARIABLE:
   NAMES ARE
  id
  sex
  age
  A1_1
  A1_2
  A1_3
  A1_4
  A1_5
  A2_1
  A2_2
  A2_3
  A2_4
  A2_5
  A3_1
  A3_2
  A3_3
  A3_4
  A3_5
  A4_1
  A4_2
  A4_3
  A4_4
  A4_5
  A5_1
  A5_2
  A5_3
  A5_4
  A5_5
  A6_1
  A6_2
  A6_3
  A6_4
  A6_5
  A7_1
  A7_2
  A7_3
  A7_4
  A7_5
  A8_1
  A8_2
  A8_3
  A8_4
  A8_5
  C1_1
  C1_2
  C1_3
  C1_4
  C1_5
  C2_1
  C2_2
  C2_3
  C2_4
  C2_5
  C3_1
  C3_2
  C3_3
  C3_4
  C3_5
  C4_1
  C4_2
  C4_3
  C4_4
  C4_5
  C5_1
  C5_2
  C5_3
  C5_4
  C5_5
  C6_1
  C6_2
  C6_3
  C6_4
  C6_5
  C7_1
  C7_2
  C7_3
  C7_4
  C7_5
  C8_1
  C8_2
  C8_3
  C8_4
  C8_5
  C9_1
  C9_2
  C9_3
  C9_4
  C9_5
  E1_1
  E1_2
  E1_3
  E1_4
  E1_5
  E2_1
  E2_2
  E2_3
  E2_4
  E2_5
  E3_1
  E3_2
  E3_3
  E3_4
  E3_5
  E4_1
  E4_2
  E4_3
  E4_4
  E4_5
  E5_1
  E5_2
  E5_3
  E5_4
  E5_5
  E6_1
  E6_2
  E6_3
  E6_4
  E6_5
  E7_1
  E7_2
  E7_3
  E7_4
  E7_5
  E8_1
  E8_2
  E8_3
  E8_4
  E8_5
  E9_1
  E9_2
  E9_3
  N1_1
  N1_2
  N1_3
  N1_4
  N1_5
  N2_1
  N2_2
  N2_3
  N2_4
  N2_5
  N3_1
  N3_2
  N3_3
  N3_4
  N3_5
  N4_1
  N4_2
  N4_3
  N4_4
  N4_5
  N5_1
  N5_2
  N5_3
  N5_4
  N5_5
  N6_1
  N6_2
  N6_3
  N6_4
  N6_5
  N7_1
  N7_2
  N7_3
  O1_1
  O1_2
  O1_3
  O1_4
  O1_5
  O2_1
  O2_2
  O2_3
  O2_4
  O2_5
  O3_1
  O3_2
  O3_3
  O3_4
  O3_5
  O4_1
  O4_2
  O4_3
  O4_4
  O4_5
  O5_1
  O5_2
  O5_3
  O5_4
  O5_5
  O6_1
  O6_2
  O6_3
  O6_4
  O6_5
  O7_1
  O7_2
  O7_3
  O7_4
  O7_5
  O8_1
  O8_2
  O8_3
  O8_4
  O9_1
  O9_2
  O9_4
  dataset;

   USEVARIABLES ARE
  A2_1
  A2_2
  A2_3
  A2_4
  A2_5;

  Grouping is Dataset (0 = German 1 = US);

  MISSING ARE ALL (-99);

  MODEL:

  A2 by  A2_1
  A2_2
  A2_3
  A2_4
  A2_5;


  Model German:
  ;

  Model US:
  ;





  ANALYSIS:
   ESTIMATOR IS ML;
   Iterations are 10000;

   OUTPUT: STDYX MODINDICES(4);



INPUT READING TERMINATED NORMALLY




SUMMARY OF ANALYSIS

Number of groups                                                 2
Number of observations
   Group GERMAN                                                387
   Group US                                                    722
   Total sample size                                          1109

Number of dependent variables                                    5
Number of independent variables                                  0
Number of continuous latent variables                            1

Observed dependent variables

  Continuous
   A2_1        A2_2        A2_3        A2_4        A2_5

Continuous latent variables
   A2

Variables with special functions

  Grouping variable     DATASET

Estimator                                                       ML
Information matrix                                        OBSERVED
Maximum number of iterations                                 10000
Convergence criterion                                    0.500D-04
Maximum number of steepest descent iterations                   20
Maximum number of iterations for H1                           2000
Convergence criterion for H1                             0.100D-03

Input data file(s)
  ITS_TQIPIP.txt

Input data format  FREE


SUMMARY OF DATA

   Group GERMAN
     Number of missing data patterns             1

   Group US
     Number of missing data patterns             1


COVARIANCE COVERAGE OF DATA

Minimum covariance coverage value   0.100


     PROPORTION OF DATA PRESENT FOR GERMAN


           Covariance Coverage
              A2_1          A2_2          A2_3          A2_4          A2_5
              ________      ________      ________      ________      ________
 A2_1           1.000
 A2_2           1.000         1.000
 A2_3           1.000         1.000         1.000
 A2_4           1.000         1.000         1.000         1.000
 A2_5           1.000         1.000         1.000         1.000         1.000


     PROPORTION OF DATA PRESENT FOR US


           Covariance Coverage
              A2_1          A2_2          A2_3          A2_4          A2_5
              ________      ________      ________      ________      ________
 A2_1           1.000
 A2_2           1.000         1.000
 A2_3           1.000         1.000         1.000
 A2_4           1.000         1.000         1.000         1.000
 A2_5           1.000         1.000         1.000         1.000         1.000



THE MODEL ESTIMATION TERMINATED NORMALLY



MODEL FIT INFORMATION

Number of Free Parameters                       22

Loglikelihood

          H0 Value                       -6780.904
          H1 Value                       -6743.527

Information Criteria

          Akaike (AIC)                   13605.809
          Bayesian (BIC)                 13716.055
          Sample-Size Adjusted BIC       13646.178
            (n* = (n + 2) / 24)

Chi-Square Test of Model Fit

          Value                             74.755
          Degrees of Freedom                    18
          P-Value                           0.0000

Chi-Square Contribution From Each Group

          GERMAN                            51.802
          US                                22.953

RMSEA (Root Mean Square Error Of Approximation)

          Estimate                           0.075
          90 Percent C.I.                    0.058  0.094
          Probability RMSEA <= .05           0.009

CFI/TLI

          CFI                                0.953
          TLI                                0.947

Chi-Square Test of Model Fit for the Baseline Model

          Value                           1218.182
          Degrees of Freedom                    20
          P-Value                           0.0000

SRMR (Standardized Root Mean Square Residual)

          Value                              0.046



MODEL RESULTS

                                                    Two-Tailed
                    Estimate       S.E.  Est./S.E.    P-Value

Group GERMAN

 A2       BY
    A2_1               1.000      0.000    999.000    999.000
    A2_2               1.314      0.072     18.296      0.000
    A2_3               1.096      0.066     16.494      0.000
    A2_4               0.953      0.060     15.923      0.000
    A2_5               0.490      0.053      9.167      0.000

 Means
    A2                 0.000      0.000    999.000    999.000

 Intercepts
    A2_1               2.047      0.037     55.432      0.000
    A2_2               1.818      0.043     42.555      0.000
    A2_3               1.922      0.041     46.467      0.000
    A2_4               1.735      0.036     47.961      0.000
    A2_5               2.008      0.029     69.064      0.000

 Variances
    A2                 0.308      0.037      8.242      0.000

 Residual Variances
    A2_1               0.451      0.038     11.756      0.000
    A2_2               0.237      0.034      7.023      0.000
    A2_3               0.690      0.057     12.045      0.000
    A2_4               0.415      0.036     11.532      0.000
    A2_5               0.734      0.054     13.631      0.000

Group US

 A2       BY
    A2_1               1.000      0.000    999.000    999.000
    A2_2               1.314      0.072     18.296      0.000
    A2_3               1.096      0.066     16.494      0.000
    A2_4               0.953      0.060     15.923      0.000
    A2_5               0.490      0.053      9.167      0.000

 Means
    A2                 0.103      0.040      2.558      0.011

 Intercepts
    A2_1               2.047      0.037     55.432      0.000
    A2_2               1.818      0.043     42.555      0.000
    A2_3               1.922      0.041     46.467      0.000
    A2_4               1.735      0.036     47.961      0.000
    A2_5               2.008      0.029     69.064      0.000

 Variances
    A2                 0.334      0.034      9.756      0.000

 Residual Variances
    A2_1               0.489      0.031     15.610      0.000
    A2_2               0.382      0.034     11.310      0.000
    A2_3               0.553      0.036     15.253      0.000
    A2_4               0.506      0.032     15.804      0.000
    A2_5               0.641      0.035     18.260      0.000


STANDARDIZED MODEL RESULTS


STDYX Standardization

                                                    Two-Tailed
                    Estimate       S.E.  Est./S.E.    P-Value

Group GERMAN

 A2       BY
    A2_1               0.637      0.030     21.127      0.000
    A2_2               0.832      0.026     32.538      0.000
    A2_3               0.591      0.031     19.229      0.000
    A2_4               0.635      0.030     21.248      0.000
    A2_5               0.302      0.031      9.671      0.000

 Means
    A2                 0.000      0.000    999.000    999.000

 Intercepts
    A2_1               2.350      0.088     26.673      0.000
    A2_2               2.074      0.088     23.637      0.000
    A2_3               1.867      0.075     24.811      0.000
    A2_4               2.083      0.079     26.459      0.000
    A2_5               2.234      0.086     26.024      0.000

 Variances
    A2                 1.000      0.000    999.000    999.000

 Residual Variances
    A2_1               0.594      0.038     15.472      0.000
    A2_2               0.308      0.043      7.255      0.000
    A2_3               0.651      0.036     17.925      0.000
    A2_4               0.597      0.038     15.759      0.000
    A2_5               0.909      0.019     48.041      0.000

Group US

 A2       BY
    A2_1               0.637      0.025     25.602      0.000
    A2_2               0.776      0.022     34.856      0.000
    A2_3               0.649      0.025     25.686      0.000
    A2_4               0.612      0.026     23.672      0.000
    A2_5               0.333      0.033     10.101      0.000

 Means
    A2                 0.177      0.069      2.560      0.010

 Intercepts
    A2_1               2.257      0.071     31.981      0.000
    A2_2               1.857      0.065     28.750      0.000
    A2_3               1.968      0.065     30.158      0.000
    A2_4               1.929      0.066     29.231      0.000
    A2_5               2.364      0.070     33.945      0.000

 Variances
    A2                 1.000      0.000    999.000    999.000

 Residual Variances
    A2_1               0.594      0.032     18.722      0.000
    A2_2               0.398      0.035     11.535      0.000
    A2_3               0.579      0.033     17.679      0.000
    A2_4               0.625      0.032     19.747      0.000
    A2_5               0.889      0.022     40.415      0.000


R-SQUARE

Group GERMAN

    Observed                                        Two-Tailed
    Variable        Estimate       S.E.  Est./S.E.    P-Value

    A2_1               0.406      0.038     10.563      0.000
    A2_2               0.692      0.043     16.269      0.000
    A2_3               0.349      0.036      9.614      0.000
    A2_4               0.403      0.038     10.624      0.000
    A2_5               0.091      0.019      4.835      0.000

Group US

    Observed                                        Two-Tailed
    Variable        Estimate       S.E.  Est./S.E.    P-Value

    A2_1               0.406      0.032     12.801      0.000
    A2_2               0.602      0.035     17.428      0.000
    A2_3               0.421      0.033     12.843      0.000
    A2_4               0.375      0.032     11.836      0.000
    A2_5               0.111      0.022      5.051      0.000


QUALITY OF NUMERICAL RESULTS

     Condition Number for the Information Matrix              0.300E-01
       (ratio of smallest to largest eigenvalue)


MODEL MODIFICATION INDICES

NOTE:  Modification indices for direct effects of observed dependent variables
regressed on covariates may not be included.  To include these, request
MODINDICES (ALL).

Minimum M.I. value for printing the modification index     4.000

                                   M.I.     E.P.C.  Std E.P.C.  StdYX E.P.C.
Group GERMAN


WITH Statements

A2_3     WITH A2_1                 7.325     0.094      0.094        0.168
A2_4     WITH A2_1                 4.098    -0.057     -0.057       -0.132
A2_5     WITH A2_1                10.303    -0.103     -0.103       -0.180

Means/Intercepts/Thresholds

[ A2_3     ]                      13.560     0.119      0.119        0.116
[ A2_4     ]                      33.024    -0.133     -0.133       -0.160

Group US


Means/Intercepts/Thresholds

[ A2_3     ]                      13.560    -0.084     -0.084       -0.086
[ A2_4     ]                      33.016     0.133      0.133        0.148



DIAGRAM INFORMATION

  Use View Diagram under the Diagram menu in the Mplus Editor to view the diagram.
  If running Mplus from the Mplus Diagrammer, the diagram opens automatically.

  Diagram output
    f:\ipip paper\messinvarianz\a\a2\a2 starke faktorielle invarianz.dgm

     Beginning Time:  16:29:40
        Ending Time:  16:29:41
       Elapsed Time:  00:00:01



MUTHEN & MUTHEN
3463 Stoner Ave.
Los Angeles, CA  90066

Tel: (310) 391-9971
Fax: (310) 391-8971
Web: www.StatModel.com
Support: Support@StatModel.com

Copyright (c) 1998-2013 Muthen & Muthen
