Mplus VERSION 7.1
MUTHEN & MUTHEN
06/10/2015   4:24 PM

INPUT INSTRUCTIONS

  TITLE:

  DATA:
  FILE IS  "factorscores_german.txt";
  Variable:
  Names are
  VPN
  A1
  A2
  A3
  A4
  A5
  A6
  A7
  A8
  C1
  C2
  C3
  C4
  C5
  C6
  C7
  C8
  C9
  E1
  E2
  E3
  E4
  E5
  E6
  E7
  E8
  E9
  N1
  N2
  N3
  N4
  N5
  N6
  N7
  O1
  O2
  O3
  O4
  O5
  O6
  O7
  O8
  O9
  ;

  USEVARIABLES ARE
  A1
  A2
  A3
  A6
  A7
  A8
  C1
  C2
  C3
  C4
  C5
  C6
  C7
  C8
  C9
  E1
  E3
  E4
  E5
  E6
  E7
  E8
  E9
  N1
  N2
  N3
  N4
  N5
  N6
  N7
  O1
  O2
  O3
  O4
  O5
  O6
  O7
  O9
  ;

  MISSING ARE ALL (-99);

  Model:

  agree consc extra neuro open by
  A1
  A2
  A3
  A6
  A7
  A8
  C1
  C2
  C3
  C4
  C5
  C6
  C7
  C8
  C9
  E1
  E3
  E4
  E5
  E6
  E7
  E8
  E9
  N1
  N2
  N3
  N4
  N5
  N6
  N7
  O1
  O2
  O3
  O4
  O5
  O6
  O7
  O9
  (*1);

  N5 with C2;

  !SE by
  !agree
  !consc
  !extra
  !neuro
  !open;

  Analysis:
  ESTIMATOR IS ML;
  iterations = 10000;

  OUTPUT: STDYX MODINDICES(4);



INPUT READING TERMINATED NORMALLY




SUMMARY OF ANALYSIS

Number of groups                                                 1
Number of observations                                         387

Number of dependent variables                                   38
Number of independent variables                                  0
Number of continuous latent variables                            5

Observed dependent variables

  Continuous
   A1          A2          A3          A6          A7          A8
   C1          C2          C3          C4          C5          C6
   C7          C8          C9          E1          E3          E4
   E5          E6          E7          E8          E9          N1
   N2          N3          N4          N5          N6          N7
   O1          O2          O3          O4          O5          O6
   O7          O9

Continuous latent variables

  EFA factors
  *1:   AGREE       CONSC       EXTRA       NEURO       OPEN


Estimator                                                       ML
Rotation                                                    GEOMIN
Row standardization                                    CORRELATION
Type of rotation                                           OBLIQUE
Epsilon value                                               Varies
Information matrix                                        OBSERVED
Maximum number of iterations                                 10000
Convergence criterion                                    0.500D-04
Maximum number of steepest descent iterations                   20
Maximum number of iterations for H1                           2000
Convergence criterion for H1                             0.100D-03
Optimization Specifications for the Exploratory Factor Analysis
Rotation Algorithm
  Number of random starts                                       30
  Maximum number of iterations                               10000
  Derivative convergence criterion                       0.100D-04

Input data file(s)
  factorscores_german.txt

Input data format  FREE


SUMMARY OF DATA

     Number of missing data patterns             1


COVARIANCE COVERAGE OF DATA

Minimum covariance coverage value   0.100


     PROPORTION OF DATA PRESENT


           Covariance Coverage
              A1            A2            A3            A6            A7
              ________      ________      ________      ________      ________
 A1             1.000
 A2             1.000         1.000
 A3             1.000         1.000         1.000
 A6             1.000         1.000         1.000         1.000
 A7             1.000         1.000         1.000         1.000         1.000
 A8             1.000         1.000         1.000         1.000         1.000
 C1             1.000         1.000         1.000         1.000         1.000
 C2             1.000         1.000         1.000         1.000         1.000
 C3             1.000         1.000         1.000         1.000         1.000
 C4             1.000         1.000         1.000         1.000         1.000
 C5             1.000         1.000         1.000         1.000         1.000
 C6             1.000         1.000         1.000         1.000         1.000
 C7             1.000         1.000         1.000         1.000         1.000
 C8             1.000         1.000         1.000         1.000         1.000
 C9             1.000         1.000         1.000         1.000         1.000
 E1             1.000         1.000         1.000         1.000         1.000
 E3             1.000         1.000         1.000         1.000         1.000
 E4             1.000         1.000         1.000         1.000         1.000
 E5             1.000         1.000         1.000         1.000         1.000
 E6             1.000         1.000         1.000         1.000         1.000
 E7             1.000         1.000         1.000         1.000         1.000
 E8             1.000         1.000         1.000         1.000         1.000
 E9             1.000         1.000         1.000         1.000         1.000
 N1             1.000         1.000         1.000         1.000         1.000
 N2             1.000         1.000         1.000         1.000         1.000
 N3             1.000         1.000         1.000         1.000         1.000
 N4             1.000         1.000         1.000         1.000         1.000
 N5             1.000         1.000         1.000         1.000         1.000
 N6             1.000         1.000         1.000         1.000         1.000
 N7             1.000         1.000         1.000         1.000         1.000
 O1             1.000         1.000         1.000         1.000         1.000
 O2             1.000         1.000         1.000         1.000         1.000
 O3             1.000         1.000         1.000         1.000         1.000
 O4             1.000         1.000         1.000         1.000         1.000
 O5             1.000         1.000         1.000         1.000         1.000
 O6             1.000         1.000         1.000         1.000         1.000
 O7             1.000         1.000         1.000         1.000         1.000
 O9             1.000         1.000         1.000         1.000         1.000


           Covariance Coverage
              A8            C1            C2            C3            C4
              ________      ________      ________      ________      ________
 A8             1.000
 C1             1.000         1.000
 C2             1.000         1.000         1.000
 C3             1.000         1.000         1.000         1.000
 C4             1.000         1.000         1.000         1.000         1.000
 C5             1.000         1.000         1.000         1.000         1.000
 C6             1.000         1.000         1.000         1.000         1.000
 C7             1.000         1.000         1.000         1.000         1.000
 C8             1.000         1.000         1.000         1.000         1.000
 C9             1.000         1.000         1.000         1.000         1.000
 E1             1.000         1.000         1.000         1.000         1.000
 E3             1.000         1.000         1.000         1.000         1.000
 E4             1.000         1.000         1.000         1.000         1.000
 E5             1.000         1.000         1.000         1.000         1.000
 E6             1.000         1.000         1.000         1.000         1.000
 E7             1.000         1.000         1.000         1.000         1.000
 E8             1.000         1.000         1.000         1.000         1.000
 E9             1.000         1.000         1.000         1.000         1.000
 N1             1.000         1.000         1.000         1.000         1.000
 N2             1.000         1.000         1.000         1.000         1.000
 N3             1.000         1.000         1.000         1.000         1.000
 N4             1.000         1.000         1.000         1.000         1.000
 N5             1.000         1.000         1.000         1.000         1.000
 N6             1.000         1.000         1.000         1.000         1.000
 N7             1.000         1.000         1.000         1.000         1.000
 O1             1.000         1.000         1.000         1.000         1.000
 O2             1.000         1.000         1.000         1.000         1.000
 O3             1.000         1.000         1.000         1.000         1.000
 O4             1.000         1.000         1.000         1.000         1.000
 O5             1.000         1.000         1.000         1.000         1.000
 O6             1.000         1.000         1.000         1.000         1.000
 O7             1.000         1.000         1.000         1.000         1.000
 O9             1.000         1.000         1.000         1.000         1.000


           Covariance Coverage
              C5            C6            C7            C8            C9
              ________      ________      ________      ________      ________
 C5             1.000
 C6             1.000         1.000
 C7             1.000         1.000         1.000
 C8             1.000         1.000         1.000         1.000
 C9             1.000         1.000         1.000         1.000         1.000
 E1             1.000         1.000         1.000         1.000         1.000
 E3             1.000         1.000         1.000         1.000         1.000
 E4             1.000         1.000         1.000         1.000         1.000
 E5             1.000         1.000         1.000         1.000         1.000
 E6             1.000         1.000         1.000         1.000         1.000
 E7             1.000         1.000         1.000         1.000         1.000
 E8             1.000         1.000         1.000         1.000         1.000
 E9             1.000         1.000         1.000         1.000         1.000
 N1             1.000         1.000         1.000         1.000         1.000
 N2             1.000         1.000         1.000         1.000         1.000
 N3             1.000         1.000         1.000         1.000         1.000
 N4             1.000         1.000         1.000         1.000         1.000
 N5             1.000         1.000         1.000         1.000         1.000
 N6             1.000         1.000         1.000         1.000         1.000
 N7             1.000         1.000         1.000         1.000         1.000
 O1             1.000         1.000         1.000         1.000         1.000
 O2             1.000         1.000         1.000         1.000         1.000
 O3             1.000         1.000         1.000         1.000         1.000
 O4             1.000         1.000         1.000         1.000         1.000
 O5             1.000         1.000         1.000         1.000         1.000
 O6             1.000         1.000         1.000         1.000         1.000
 O7             1.000         1.000         1.000         1.000         1.000
 O9             1.000         1.000         1.000         1.000         1.000


           Covariance Coverage
              E1            E3            E4            E5            E6
              ________      ________      ________      ________      ________
 E1             1.000
 E3             1.000         1.000
 E4             1.000         1.000         1.000
 E5             1.000         1.000         1.000         1.000
 E6             1.000         1.000         1.000         1.000         1.000
 E7             1.000         1.000         1.000         1.000         1.000
 E8             1.000         1.000         1.000         1.000         1.000
 E9             1.000         1.000         1.000         1.000         1.000
 N1             1.000         1.000         1.000         1.000         1.000
 N2             1.000         1.000         1.000         1.000         1.000
 N3             1.000         1.000         1.000         1.000         1.000
 N4             1.000         1.000         1.000         1.000         1.000
 N5             1.000         1.000         1.000         1.000         1.000
 N6             1.000         1.000         1.000         1.000         1.000
 N7             1.000         1.000         1.000         1.000         1.000
 O1             1.000         1.000         1.000         1.000         1.000
 O2             1.000         1.000         1.000         1.000         1.000
 O3             1.000         1.000         1.000         1.000         1.000
 O4             1.000         1.000         1.000         1.000         1.000
 O5             1.000         1.000         1.000         1.000         1.000
 O6             1.000         1.000         1.000         1.000         1.000
 O7             1.000         1.000         1.000         1.000         1.000
 O9             1.000         1.000         1.000         1.000         1.000


           Covariance Coverage
              E7            E8            E9            N1            N2
              ________      ________      ________      ________      ________
 E7             1.000
 E8             1.000         1.000
 E9             1.000         1.000         1.000
 N1             1.000         1.000         1.000         1.000
 N2             1.000         1.000         1.000         1.000         1.000
 N3             1.000         1.000         1.000         1.000         1.000
 N4             1.000         1.000         1.000         1.000         1.000
 N5             1.000         1.000         1.000         1.000         1.000
 N6             1.000         1.000         1.000         1.000         1.000
 N7             1.000         1.000         1.000         1.000         1.000
 O1             1.000         1.000         1.000         1.000         1.000
 O2             1.000         1.000         1.000         1.000         1.000
 O3             1.000         1.000         1.000         1.000         1.000
 O4             1.000         1.000         1.000         1.000         1.000
 O5             1.000         1.000         1.000         1.000         1.000
 O6             1.000         1.000         1.000         1.000         1.000
 O7             1.000         1.000         1.000         1.000         1.000
 O9             1.000         1.000         1.000         1.000         1.000


           Covariance Coverage
              N3            N4            N5            N6            N7
              ________      ________      ________      ________      ________
 N3             1.000
 N4             1.000         1.000
 N5             1.000         1.000         1.000
 N6             1.000         1.000         1.000         1.000
 N7             1.000         1.000         1.000         1.000         1.000
 O1             1.000         1.000         1.000         1.000         1.000
 O2             1.000         1.000         1.000         1.000         1.000
 O3             1.000         1.000         1.000         1.000         1.000
 O4             1.000         1.000         1.000         1.000         1.000
 O5             1.000         1.000         1.000         1.000         1.000
 O6             1.000         1.000         1.000         1.000         1.000
 O7             1.000         1.000         1.000         1.000         1.000
 O9             1.000         1.000         1.000         1.000         1.000


           Covariance Coverage
              O1            O2            O3            O4            O5
              ________      ________      ________      ________      ________
 O1             1.000
 O2             1.000         1.000
 O3             1.000         1.000         1.000
 O4             1.000         1.000         1.000         1.000
 O5             1.000         1.000         1.000         1.000         1.000
 O6             1.000         1.000         1.000         1.000         1.000
 O7             1.000         1.000         1.000         1.000         1.000
 O9             1.000         1.000         1.000         1.000         1.000


           Covariance Coverage
              O6            O7            O9
              ________      ________      ________
 O6             1.000
 O7             1.000         1.000
 O9             1.000         1.000         1.000



THE MODEL ESTIMATION TERMINATED NORMALLY



MODEL FIT INFORMATION

Number of Free Parameters                      257

Loglikelihood

          H0 Value                      -11271.709
          H1 Value                      -10430.466

Information Criteria

          Akaike (AIC)                   23057.418
          Bayesian (BIC)                 24074.733
          Sample-Size Adjusted BIC       23259.298
            (n* = (n + 2) / 24)

Chi-Square Test of Model Fit

          Value                           1682.486
          Degrees of Freedom                   522
          P-Value                           0.0000

RMSEA (Root Mean Square Error Of Approximation)

          Estimate                           0.076
          90 Percent C.I.                    0.072  0.080
          Probability RMSEA <= .05           0.000

CFI/TLI

          CFI                                0.827
          TLI                                0.767

Chi-Square Test of Model Fit for the Baseline Model

          Value                           7410.065
          Degrees of Freedom                   703
          P-Value                           0.0000

SRMR (Standardized Root Mean Square Residual)

          Value                              0.044



MODEL RESULTS

                                                    Two-Tailed
                    Estimate       S.E.  Est./S.E.    P-Value

 AGREE    BY
    A1                -0.223      0.026     -8.487      0.000
    A2                 0.389      0.030     13.001      0.000
    A3                 0.455      0.027     16.958      0.000
    A6                -0.140      0.041     -3.415      0.001
    A7                 0.394      0.025     15.516      0.000
    A8                -0.161      0.022     -7.439      0.000
    C1                 0.572      0.039     14.557      0.000
    C2                 0.014      0.026      0.523      0.601
    C3                 0.152      0.026      5.736      0.000
    C4                 0.039      0.036      1.103      0.270
    C5                -0.008      0.021     -0.367      0.714
    C6                -0.008      0.015     -0.541      0.589
    C7                 0.121      0.030      4.077      0.000
    C8                -0.028      0.024     -1.181      0.238
    C9                 0.018      0.016      1.132      0.258
    E1                -0.048      0.035     -1.368      0.171
    E3                 0.004      0.022      0.178      0.859
    E4                -0.038      0.028     -1.342      0.180
    E5                 0.502      0.036     14.044      0.000
    E6                 0.105      0.045      2.308      0.021
    E7                 0.049      0.034      1.459      0.145
    E8                -0.086      0.042     -2.049      0.040
    E9                 0.052      0.033      1.594      0.111
    N1                 0.280      0.044      6.418      0.000
    N2                 0.056      0.029      1.924      0.054
    N3                -0.002      0.017     -0.135      0.893
    N4                 0.130      0.033      3.902      0.000
    N5                 0.007      0.014      0.508      0.611
    N6                -0.080      0.036     -2.223      0.026
    N7                 0.065      0.018      3.589      0.000
    O1                 0.233      0.028      8.221      0.000
    O2                 0.021      0.032      0.641      0.522
    O3                 0.027      0.027      1.024      0.306
    O4                -0.091      0.044     -2.082      0.037
    O5                -0.107      0.037     -2.861      0.004
    O6                 0.085      0.033      2.555      0.011
    O7                -0.014      0.026     -0.555      0.579
    O9                 0.179      0.043      4.180      0.000

 CONSC    BY
    A1                 0.049      0.027      1.794      0.073
    A2                -0.020      0.024     -0.826      0.409
    A3                 0.035      0.027      1.327      0.184
    A6                -0.032      0.036     -0.892      0.372
    A7                -0.024      0.024     -1.021      0.307
    A8                 0.041      0.024      1.707      0.088
    C1                 0.167      0.047      3.570      0.000
    C2                -0.332      0.044     -7.542      0.000
    C3                -0.097      0.028     -3.484      0.000
    C4                 0.362      0.047      7.775      0.000
    C5                 0.630      0.037     16.851      0.000
    C6                 0.146      0.026      5.591      0.000
    C7                -0.125      0.035     -3.570      0.000
    C8                 0.359      0.036      9.916      0.000
    C9                 0.306      0.023     13.472      0.000
    E1                -0.043      0.032     -1.341      0.180
    E3                -0.042      0.034     -1.242      0.214
    E4                 0.032      0.031      1.039      0.299
    E5                 0.148      0.043      3.419      0.001
    E6                -0.022      0.022     -1.032      0.302
    E7                -0.058      0.036     -1.616      0.106
    E8                 0.092      0.042      2.170      0.030
    E9                 0.490      0.046     10.614      0.000
    N1                 0.035      0.039      0.897      0.370
    N2                -0.037      0.032     -1.164      0.245
    N3                -0.008      0.020     -0.383      0.702
    N4                 0.147      0.043      3.421      0.001
    N5                -0.201      0.026     -7.840      0.000
    N6                 0.090      0.038      2.350      0.019
    N7                 0.001      0.015      0.036      0.971
    O1                 0.015      0.024      0.640      0.522
    O2                -0.002      0.038     -0.061      0.951
    O3                 0.075      0.039      1.926      0.054
    O4                -0.045      0.044     -1.024      0.306
    O5                 0.012      0.032      0.372      0.710
    O6                -0.019      0.026     -0.727      0.467
    O7                 0.073      0.040      1.854      0.064
    O9                 0.249      0.057      4.399      0.000

 EXTRA    BY
    A1                 0.061      0.030      2.052      0.040
    A2                -0.025      0.026     -0.982      0.326
    A3                -0.010      0.021     -0.498      0.618
    A6                 0.292      0.041      7.126      0.000
    A7                 0.004      0.021      0.175      0.861
    A8                 0.012      0.023      0.526      0.599
    C1                 0.153      0.043      3.521      0.000
    C2                -0.046      0.040     -1.164      0.244
    C3                 0.144      0.028      5.076      0.000
    C4                -0.069      0.045     -1.525      0.127
    C5                 0.034      0.028      1.181      0.238
    C6                -0.092      0.022     -4.257      0.000
    C7                 0.031      0.030      1.013      0.311
    C8                -0.050      0.038     -1.312      0.190
    C9                 0.030      0.019      1.608      0.108
    E1                -0.468      0.035    -13.367      0.000
    E3                -0.363      0.040     -9.183      0.000
    E4                 0.365      0.047      7.746      0.000
    E5                 0.183      0.040      4.553      0.000
    E6                 0.497      0.038     13.156      0.000
    E7                 0.310      0.038      8.250      0.000
    E8                 0.386      0.042      9.098      0.000
    E9                 0.156      0.045      3.502      0.000
    N1                 0.102      0.054      1.898      0.058
    N2                -0.262      0.057     -4.560      0.000
    N3                -0.132      0.057     -2.315      0.021
    N4                -0.009      0.026     -0.354      0.723
    N5                -0.040      0.029     -1.376      0.169
    N6                 0.147      0.060      2.435      0.015
    N7                -0.060      0.031     -1.959      0.050
    O1                 0.035      0.027      1.290      0.197
    O2                 0.296      0.044      6.747      0.000
    O3                 0.005      0.026      0.194      0.846
    O4                 0.059      0.046      1.292      0.197
    O5                 0.074      0.040      1.824      0.068
    O6                -0.010      0.023     -0.437      0.662
    O7                 0.043      0.033      1.311      0.190
    O9                -0.037      0.038     -0.968      0.333

 NEURO    BY
    A1                 0.039      0.025      1.562      0.118
    A2                 0.106      0.033      3.203      0.001
    A3                 0.086      0.027      3.127      0.002
    A6                 0.052      0.040      1.286      0.199
    A7                 0.005      0.021      0.255      0.799
    A8                 0.060      0.023      2.609      0.009
    C1                 0.006      0.024      0.257      0.797
    C2                 0.275      0.045      6.172      0.000
    C3                 0.188      0.029      6.508      0.000
    C4                 0.136      0.051      2.692      0.007
    C5                 0.126      0.049      2.573      0.010
    C6                -0.022      0.020     -1.098      0.272
    C7                 0.160      0.034      4.715      0.000
    C8                 0.236      0.042      5.673      0.000
    C9                -0.008      0.015     -0.515      0.606
    E1                 0.020      0.035      0.585      0.559
    E3                 0.048      0.038      1.278      0.201
    E4                -0.280      0.046     -6.143      0.000
    E5                -0.033      0.027     -1.227      0.220
    E6                 0.212      0.045      4.723      0.000
    E7                -0.055      0.039     -1.421      0.155
    E8                 0.007      0.032      0.224      0.822
    E9                -0.092      0.048     -1.910      0.056
    N1                 0.368      0.042      8.696      0.000
    N2                 0.414      0.042      9.807      0.000
    N3                 0.473      0.030     15.825      0.000
    N4                -0.299      0.037     -8.125      0.000
    N5                 0.228      0.026      8.730      0.000
    N6                 0.477      0.031     15.262      0.000
    N7                 0.237      0.020     11.876      0.000
    O1                 0.038      0.027      1.420      0.156
    O2                -0.048      0.043     -1.112      0.266
    O3                -0.101      0.038     -2.650      0.008
    O4                -0.079      0.048     -1.641      0.101
    O5                 0.048      0.036      1.320      0.187
    O6                 0.092      0.040      2.327      0.020
    O7                -0.080      0.043     -1.863      0.062
    O9                -0.212      0.051     -4.126      0.000

 OPEN     BY
    A1                 0.194      0.030      6.497      0.000
    A2                -0.077      0.032     -2.408      0.016
    A3                 0.048      0.026      1.872      0.061
    A6                 0.122      0.042      2.916      0.004
    A7                -0.021      0.022     -0.927      0.354
    A8                 0.012      0.021      0.564      0.573
    C1                 0.070      0.038      1.860      0.063
    C2                -0.051      0.032     -1.576      0.115
    C3                -0.033      0.020     -1.613      0.107
    C4                 0.090      0.047      1.895      0.058
    C5                 0.011      0.024      0.465      0.642
    C6                 0.161      0.024      6.815      0.000
    C7                -0.062      0.032     -1.930      0.054
    C8                -0.095      0.038     -2.511      0.012
    C9                -0.070      0.023     -3.024      0.002
    E1                 0.014      0.027      0.530      0.596
    E3                 0.265      0.038      6.999      0.000
    E4                 0.040      0.032      1.245      0.213
    E5                 0.039      0.029      1.362      0.173
    E6                 0.025      0.020      1.217      0.224
    E7                 0.220      0.038      5.741      0.000
    E8                 0.069      0.043      1.610      0.107
    E9                -0.163      0.045     -3.609      0.000
    N1                -0.029      0.035     -0.834      0.404
    N2                 0.003      0.024      0.113      0.910
    N3                 0.097      0.029      3.351      0.001
    N4                 0.076      0.038      1.985      0.047
    N5                -0.001      0.015     -0.052      0.959
    N6                 0.057      0.034      1.678      0.093
    N7                 0.027      0.018      1.480      0.139
    O1                 0.225      0.030      7.597      0.000
    O2                 0.270      0.045      6.045      0.000
    O3                 0.361      0.035     10.266      0.000
    O4                 0.448      0.049      9.190      0.000
    O5                 0.383      0.040      9.597      0.000
    O6                 0.509      0.033     15.557      0.000
    O7                 0.507      0.038     13.260      0.000
    O9                 0.247      0.050      4.918      0.000

 CONSC    WITH
    AGREE              0.038      0.055      0.695      0.487

 EXTRA    WITH
    AGREE              0.114      0.055      2.085      0.037
    CONSC              0.263      0.048      5.482      0.000

 NEURO    WITH
    AGREE              0.126      0.055      2.284      0.022
    CONSC             -0.287      0.055     -5.232      0.000
    EXTRA             -0.155      0.057     -2.724      0.006

 OPEN     WITH
    AGREE              0.017      0.048      0.349      0.727
    CONSC              0.320      0.048      6.672      0.000
    EXTRA              0.287      0.048      6.039      0.000
    NEURO             -0.009      0.050     -0.175      0.861

 N5       WITH
    C2                 0.074      0.011      7.000      0.000

 Intercepts
    A1                -0.013      0.026     -0.494      0.622
    A2                 0.020      0.031      0.630      0.529
    A3                 0.003      0.030      0.100      0.921
    A6                -0.004      0.035     -0.122      0.903
    A7                 0.003      0.027      0.102      0.919
    A8                 0.000      0.020     -0.014      0.988
    C1                 0.000      0.043      0.005      0.996
    C2                 0.009      0.038      0.225      0.822
    C3                -0.001      0.023     -0.031      0.975
    C4                 0.000      0.038     -0.009      0.993
    C5                -0.002      0.038     -0.056      0.955
    C6                -0.001      0.020     -0.074      0.941
    C7                 0.005      0.028      0.163      0.871
    C8                 0.000      0.031      0.001      0.999
    C9                -0.001      0.021     -0.040      0.968
    E1                 0.001      0.034      0.039      0.969
    E3                -0.004      0.034     -0.119      0.905
    E4                -0.011      0.036     -0.301      0.763
    E5                 0.003      0.038      0.087      0.931
    E6                -0.001      0.034     -0.019      0.985
    E7                -0.004      0.035     -0.106      0.915
    E8                -0.002      0.039     -0.046      0.963
    E9                -0.005      0.041     -0.121      0.903
    N1                 0.006      0.040      0.144      0.886
    N2                 0.014      0.037      0.376      0.707
    N3                 0.001      0.031      0.019      0.985
    N4                -0.003      0.033     -0.077      0.939
    N5                 0.003      0.024      0.113      0.910
    N6                 0.002      0.031      0.054      0.957
    N7                 0.002      0.019      0.101      0.920
    O1                -0.002      0.028     -0.055      0.956
    O2                -0.061      0.040     -1.504      0.133
    O3                -0.003      0.032     -0.082      0.935
    O4                -0.023      0.043     -0.528      0.597
    O5                -0.005      0.036     -0.132      0.895
    O6                -0.004      0.034     -0.117      0.907
    O7                -0.013      0.038     -0.339      0.734
    O9                -0.015      0.043     -0.336      0.737

 Variances
    AGREE              1.000      0.000    999.000    999.000
    CONSC              1.000      0.000    999.000    999.000
    EXTRA              1.000      0.000    999.000    999.000
    NEURO              1.000      0.000    999.000    999.000
    OPEN               1.000      0.000    999.000    999.000

 Residual Variances
    A1                 0.156      0.013     12.374      0.000
    A2                 0.191      0.016     11.889      0.000
    A3                 0.118      0.011     10.313      0.000
    A6                 0.354      0.027     12.922      0.000
    A7                 0.134      0.012     11.499      0.000
    A8                 0.133      0.010     13.336      0.000
    C1                 0.266      0.024     11.053      0.000
    C2                 0.300      0.024     12.641      0.000
    C3                 0.104      0.009     12.035      0.000
    C4                 0.417      0.032     12.888      0.000
    C5                 0.166      0.022      7.560      0.000
    C6                 0.099      0.008     12.159      0.000
    C7                 0.226      0.017     13.375      0.000
    C8                 0.253      0.022     11.727      0.000
    C9                 0.082      0.008     10.725      0.000
    E1                 0.219      0.019     11.351      0.000
    E3                 0.292      0.024     11.986      0.000
    E4                 0.247      0.021     11.916      0.000
    E5                 0.212      0.019     11.050      0.000
    E6                 0.152      0.017      9.016      0.000
    E7                 0.299      0.024     12.673      0.000
    E8                 0.383      0.030     12.732      0.000
    E9                 0.335      0.029     11.743      0.000
    N1                 0.390      0.030     12.932      0.000
    N2                 0.235      0.020     11.875      0.000
    N3                 0.098      0.010      9.447      0.000
    N4                 0.268      0.021     12.819      0.000
    N5                 0.089      0.007     11.954      0.000
    N6                 0.153      0.015     10.204      0.000
    N7                 0.070      0.006     12.325      0.000
    O1                 0.179      0.014     12.560      0.000
    O2                 0.417      0.032     12.922      0.000
    O3                 0.238      0.019     12.314      0.000
    O4                 0.495      0.039     12.639      0.000
    O5                 0.333      0.026     12.604      0.000
    O6                 0.176      0.018      9.980      0.000
    O7                 0.237      0.022     10.794      0.000
    O9                 0.471      0.036     12.961      0.000


STANDARDIZED MODEL RESULTS


STDYX Standardization

                                                    Two-Tailed
                    Estimate       S.E.  Est./S.E.    P-Value

 AGREE    BY
    A1                -0.441      0.047     -9.354      0.000
    A2                 0.639      0.037     17.132      0.000
    A3                 0.774      0.028     27.285      0.000
    A6                -0.203      0.058     -3.469      0.001
    A7                 0.731      0.030     24.439      0.000
    A8                -0.402      0.049     -8.254      0.000
    C1                 0.681      0.035     19.522      0.000
    C2                 0.018      0.034      0.523      0.601
    C3                 0.341      0.057      5.961      0.000
    C4                 0.052      0.047      1.104      0.269
    C5                -0.010      0.029     -0.367      0.714
    C6                -0.021      0.038     -0.541      0.588
    C7                 0.220      0.053      4.176      0.000
    C8                -0.045      0.038     -1.182      0.237
    C9                 0.044      0.039      1.133      0.257
    E1                -0.070      0.051     -1.371      0.170
    E3                 0.006      0.033      0.178      0.859
    E4                -0.052      0.039     -1.344      0.179
    E5                 0.664      0.037     18.079      0.000
    E6                 0.157      0.068      2.323      0.020
    E7                 0.071      0.049      1.462      0.144
    E8                -0.112      0.055     -2.058      0.040
    E9                 0.065      0.041      1.596      0.110
    N1                 0.353      0.052      6.795      0.000
    N2                 0.076      0.040      1.928      0.054
    N3                -0.004      0.028     -0.135      0.893
    N4                 0.199      0.050      3.970      0.000
    N5                 0.015      0.029      0.508      0.611
    N6                -0.131      0.059     -2.230      0.026
    N7                 0.172      0.048      3.623      0.000
    O1                 0.426      0.047      9.047      0.000
    O2                 0.026      0.040      0.641      0.521
    O3                 0.043      0.042      1.025      0.305
    O4                -0.108      0.051     -2.092      0.036
    O5                -0.149      0.052     -2.885      0.004
    O6                 0.127      0.049      2.568      0.010
    O7                -0.019      0.035     -0.555      0.579
    O9                 0.210      0.049      4.264      0.000

 CONSC    BY
    A1                 0.097      0.054      1.799      0.072
    A2                -0.033      0.040     -0.827      0.408
    A3                 0.060      0.045      1.329      0.184
    A6                -0.047      0.052     -0.893      0.372
    A7                -0.045      0.044     -1.022      0.307
    A8                 0.103      0.060      1.715      0.086
    C1                 0.198      0.055      3.608      0.000
    C2                -0.440      0.054     -8.097      0.000
    C3                -0.218      0.062     -3.519      0.000
    C4                 0.483      0.056      8.627      0.000
    C5                 0.851      0.033     25.722      0.000
    C6                 0.370      0.063      5.847      0.000
    C7                -0.227      0.062     -3.636      0.000
    C8                 0.586      0.051     11.536      0.000
    C9                 0.735      0.041     17.999      0.000
    E1                -0.063      0.047     -1.343      0.179
    E3                -0.062      0.050     -1.243      0.214
    E4                 0.044      0.043      1.040      0.298
    E5                 0.195      0.057      3.452      0.001
    E6                -0.034      0.032     -1.033      0.302
    E7                -0.084      0.052     -1.619      0.105
    E8                 0.120      0.055      2.182      0.029
    E9                 0.611      0.049     12.460      0.000
    N1                 0.044      0.049      0.897      0.369
    N2                -0.050      0.043     -1.165      0.244
    N3                -0.013      0.033     -0.382      0.702
    N4                 0.226      0.065      3.470      0.001
    N5                -0.432      0.052     -8.286      0.000
    N6                 0.147      0.062      2.357      0.018
    N7                 0.001      0.039      0.036      0.971
    O1                 0.028      0.043      0.640      0.522
    O2                -0.003      0.048     -0.061      0.951
    O3                 0.117      0.060      1.934      0.053
    O4                -0.053      0.051     -1.025      0.305
    O5                 0.017      0.045      0.372      0.710
    O6                -0.028      0.039     -0.727      0.467
    O7                 0.099      0.053      1.860      0.063
    O9                 0.293      0.065      4.521      0.000

 EXTRA    BY
    A1                 0.120      0.058      2.061      0.039
    A2                -0.041      0.042     -0.983      0.326
    A3                -0.018      0.035     -0.498      0.618
    A6                 0.423      0.055      7.758      0.000
    A7                 0.007      0.039      0.175      0.861
    A8                 0.030      0.056      0.526      0.599
    C1                 0.182      0.051      3.544      0.000
    C2                -0.061      0.053     -1.166      0.243
    C3                 0.324      0.062      5.198      0.000
    C4                -0.092      0.060     -1.529      0.126
    C5                 0.045      0.038      1.183      0.237
    C6                -0.233      0.054     -4.335      0.000
    C7                 0.056      0.055      1.014      0.311
    C8                -0.082      0.062     -1.312      0.189
    C9                 0.071      0.044      1.613      0.107
    E1                -0.692      0.039    -17.968      0.000
    E3                -0.541      0.052    -10.500      0.000
    E4                 0.509      0.061      8.388      0.000
    E5                 0.242      0.052      4.609      0.000
    E6                 0.746      0.046     16.293      0.000
    E7                 0.448      0.049      9.134      0.000
    E8                 0.507      0.049     10.447      0.000
    E9                 0.195      0.055      3.552      0.000
    N1                 0.128      0.067      1.905      0.057
    N2                -0.360      0.077     -4.676      0.000
    N3                -0.219      0.094     -2.328      0.020
    N4                -0.014      0.040     -0.354      0.723
    N5                -0.085      0.062     -1.380      0.168
    N6                 0.239      0.098      2.448      0.014
    N7                -0.160      0.081     -1.967      0.049
    O1                 0.064      0.049      1.292      0.196
    O2                 0.372      0.052      7.217      0.000
    O3                 0.008      0.041      0.194      0.846
    O4                 0.070      0.054      1.294      0.196
    O5                 0.103      0.056      1.831      0.067
    O6                -0.015      0.035     -0.437      0.662
    O7                 0.059      0.045      1.313      0.189
    O9                -0.044      0.045     -0.968      0.333

 NEURO    BY
    A1                 0.077      0.049      1.564      0.118
    A2                 0.173      0.054      3.234      0.001
    A3                 0.146      0.046      3.140      0.002
    A6                 0.075      0.058      1.287      0.198
    A7                 0.010      0.040      0.255      0.799
    A8                 0.150      0.057      2.636      0.008
    C1                 0.007      0.029      0.257      0.797
    C2                 0.365      0.056      6.479      0.000
    C3                 0.422      0.062      6.852      0.000
    C4                 0.182      0.067      2.720      0.007
    C5                 0.170      0.066      2.582      0.010
    C6                -0.057      0.052     -1.099      0.272
    C7                 0.291      0.059      4.889      0.000
    C8                 0.386      0.065      5.932      0.000
    C9                -0.019      0.036     -0.515      0.606
    E1                 0.030      0.052      0.585      0.559
    E3                 0.072      0.056      1.280      0.201
    E4                -0.391      0.061     -6.362      0.000
    E5                -0.043      0.035     -1.229      0.219
    E6                 0.319      0.067      4.753      0.000
    E7                -0.079      0.056     -1.424      0.155
    E8                 0.009      0.042      0.224      0.823
    E9                -0.114      0.060     -1.916      0.055
    N1                 0.463      0.048      9.696      0.000
    N2                 0.569      0.052     10.953      0.000
    N3                 0.786      0.037     21.370      0.000
    N4                -0.459      0.051     -8.979      0.000
    N5                 0.489      0.051      9.555      0.000
    N6                 0.779      0.036     21.453      0.000
    N7                 0.632      0.043     14.739      0.000
    O1                 0.070      0.049      1.422      0.155
    O2                -0.060      0.054     -1.113      0.266
    O3                -0.158      0.059     -2.672      0.008
    O4                -0.094      0.057     -1.646      0.100
    O5                 0.067      0.050      1.322      0.186
    O6                 0.138      0.059      2.336      0.020
    O7                -0.108      0.058     -1.869      0.062
    O9                -0.250      0.059     -4.217      0.000

 OPEN     BY
    A1                 0.383      0.056      6.880      0.000
    A2                -0.127      0.052     -2.418      0.016
    A3                 0.081      0.043      1.877      0.061
    A6                 0.177      0.060      2.952      0.003
    A7                -0.038      0.041     -0.927      0.354
    A8                 0.030      0.053      0.564      0.573
    C1                 0.083      0.045      1.866      0.062
    C2                -0.067      0.043     -1.579      0.114
    C3                -0.073      0.045     -1.615      0.106
    C4                 0.120      0.063      1.903      0.057
    C5                 0.015      0.033      0.465      0.642
    C6                 0.409      0.056      7.261      0.000
    C7                -0.112      0.058     -1.939      0.052
    C8                -0.156      0.062     -2.527      0.012
    C9                -0.169      0.056     -3.044      0.002
    E1                 0.021      0.040      0.530      0.596
    E3                 0.396      0.053      7.434      0.000
    E4                 0.056      0.045      1.246      0.213
    E5                 0.052      0.038      1.365      0.172
    E6                 0.037      0.031      1.219      0.223
    E7                 0.317      0.053      5.996      0.000
    E8                 0.091      0.056      1.615      0.106
    E9                -0.203      0.056     -3.645      0.000
    N1                -0.037      0.044     -0.834      0.404
    N2                 0.004      0.033      0.113      0.910
    N3                 0.161      0.048      3.371      0.001
    N4                 0.116      0.058      1.992      0.046
    N5                -0.002      0.032     -0.052      0.959
    N6                 0.093      0.055      1.683      0.092
    N7                 0.071      0.048      1.483      0.138
    O1                 0.411      0.050      8.199      0.000
    O2                 0.340      0.053      6.371      0.000
    O3                 0.564      0.047     12.114      0.000
    O4                 0.529      0.050     10.648      0.000
    O5                 0.535      0.048     11.243      0.000
    O6                 0.762      0.034     22.690      0.000
    O7                 0.683      0.040     17.164      0.000
    O9                 0.290      0.057      5.076      0.000

 CONSC    WITH
    AGREE              0.038      0.055      0.695      0.487

 EXTRA    WITH
    AGREE              0.114      0.055      2.085      0.037
    CONSC              0.263      0.048      5.482      0.000

 NEURO    WITH
    AGREE              0.126      0.055      2.284      0.022
    CONSC             -0.287      0.055     -5.232      0.000
    EXTRA             -0.155      0.057     -2.724      0.006

 OPEN     WITH
    AGREE              0.017      0.048      0.349      0.727
    CONSC              0.320      0.048      6.672      0.000
    EXTRA              0.287      0.048      6.039      0.000
    NEURO             -0.009      0.050     -0.175      0.861

 N5       WITH
    C2                 0.452      0.044     10.194      0.000

 Intercepts
    A1                -0.025      0.051     -0.493      0.622
    A2                 0.032      0.051      0.629      0.529
    A3                 0.005      0.051      0.100      0.921
    A6                -0.006      0.051     -0.122      0.903
    A7                 0.005      0.051      0.102      0.919
    A8                -0.001      0.051     -0.014      0.988
    C1                 0.000      0.051      0.005      0.996
    C2                 0.011      0.051      0.225      0.822
    C3                -0.002      0.051     -0.031      0.975
    C4                 0.000      0.051     -0.009      0.993
    C5                -0.003      0.051     -0.056      0.955
    C6                -0.004      0.051     -0.074      0.941
    C7                 0.008      0.051      0.163      0.871
    C8                 0.000      0.051      0.001      0.999
    C9                -0.002      0.051     -0.040      0.968
    E1                 0.002      0.051      0.039      0.969
    E3                -0.006      0.051     -0.119      0.905
    E4                -0.015      0.051     -0.301      0.763
    E5                 0.004      0.051      0.087      0.931
    E6                -0.001      0.051     -0.019      0.985
    E7                -0.005      0.051     -0.106      0.915
    E8                -0.002      0.051     -0.046      0.963
    E9                -0.006      0.051     -0.121      0.903
    N1                 0.007      0.051      0.144      0.886
    N2                 0.019      0.051      0.376      0.707
    N3                 0.001      0.051      0.019      0.985
    N4                -0.004      0.051     -0.077      0.939
    N5                 0.006      0.051      0.113      0.910
    N6                 0.003      0.051      0.054      0.957
    N7                 0.005      0.051      0.101      0.920
    O1                -0.003      0.051     -0.055      0.956
    O2                -0.076      0.051     -1.502      0.133
    O3                -0.004      0.051     -0.082      0.935
    O4                -0.027      0.051     -0.528      0.597
    O5                -0.007      0.051     -0.132      0.895
    O6                -0.006      0.051     -0.117      0.907
    O7                -0.017      0.051     -0.339      0.734
    O9                -0.017      0.051     -0.336      0.737

 Variances
    AGREE              1.000      0.000    999.000    999.000
    CONSC              1.000      0.000    999.000    999.000
    EXTRA              1.000      0.000    999.000    999.000
    NEURO              1.000      0.000    999.000    999.000
    OPEN               1.000      0.000    999.000    999.000

 Residual Variances
    A1                 0.609      0.045     13.605      0.000
    A2                 0.514      0.043     12.008      0.000
    A3                 0.340      0.036      9.511      0.000
    A6                 0.746      0.044     17.027      0.000
    A7                 0.461      0.041     11.208      0.000
    A8                 0.831      0.039     21.319      0.000
    C1                 0.377      0.037     10.286      0.000
    C2                 0.529      0.041     12.952      0.000
    C3                 0.524      0.043     12.253      0.000
    C4                 0.743      0.044     16.872      0.000
    C5                 0.302      0.042      7.154      0.000
    C6                 0.633      0.046     13.621      0.000
    C7                 0.746      0.041     18.123      0.000
    C8                 0.675      0.050     13.535      0.000
    C9                 0.471      0.045     10.546      0.000
    E1                 0.479      0.043     11.194      0.000
    E3                 0.649      0.048     13.583      0.000
    E4                 0.480      0.041     11.746      0.000
    E5                 0.371      0.036     10.247      0.000
    E6                 0.342      0.040      8.471      0.000
    E7                 0.622      0.044     14.189      0.000
    E8                 0.659      0.044     14.866      0.000
    E9                 0.520      0.044     11.914      0.000
    N1                 0.619      0.043     14.511      0.000
    N2                 0.445      0.039     11.425      0.000
    N3                 0.271      0.032      8.585      0.000
    N4                 0.632      0.043     14.552      0.000
    N5                 0.411      0.037     11.239      0.000
    N6                 0.408      0.042      9.733      0.000
    N7                 0.495      0.040     12.276      0.000
    O1                 0.599      0.044     13.716      0.000
    O2                 0.661      0.043     15.203      0.000
    O3                 0.584      0.044     13.209      0.000
    O4                 0.691      0.045     15.279      0.000
    O5                 0.650      0.045     14.517      0.000
    O6                 0.395      0.042      9.481      0.000
    O7                 0.430      0.041     10.365      0.000
    O9                 0.650      0.043     15.080      0.000


R-SQUARE

    Observed                                        Two-Tailed
    Variable        Estimate       S.E.  Est./S.E.    P-Value

    A1                 0.391      0.045      8.731      0.000
    A2                 0.486      0.043     11.375      0.000
    A3                 0.660      0.036     18.454      0.000
    A6                 0.254      0.044      5.807      0.000
    A7                 0.539      0.041     13.081      0.000
    A8                 0.169      0.039      4.333      0.000
    C1                 0.623      0.037     16.965      0.000
    C2                 0.471      0.041     11.543      0.000
    C3                 0.476      0.043     11.148      0.000
    C4                 0.257      0.044      5.848      0.000
    C5                 0.698      0.042     16.504      0.000
    C6                 0.367      0.046      7.900      0.000
    C7                 0.254      0.041      6.163      0.000
    C8                 0.325      0.050      6.508      0.000
    C9                 0.529      0.045     11.835      0.000
    E1                 0.521      0.043     12.187      0.000
    E3                 0.351      0.048      7.346      0.000
    E4                 0.520      0.041     12.715      0.000
    E5                 0.629      0.036     17.377      0.000
    E6                 0.658      0.040     16.304      0.000
    E7                 0.378      0.044      8.630      0.000
    E8                 0.341      0.044      7.692      0.000
    E9                 0.480      0.044     10.994      0.000
    N1                 0.381      0.043      8.930      0.000
    N2                 0.555      0.039     14.256      0.000
    N3                 0.729      0.032     23.059      0.000
    N4                 0.368      0.043      8.478      0.000
    N5                 0.589      0.037     16.100      0.000
    N6                 0.592      0.042     14.127      0.000
    N7                 0.505      0.040     12.528      0.000
    O1                 0.401      0.044      9.181      0.000
    O2                 0.339      0.043      7.802      0.000
    O3                 0.416      0.044      9.427      0.000
    O4                 0.309      0.045      6.826      0.000
    O5                 0.350      0.045      7.818      0.000
    O6                 0.605      0.042     14.519      0.000
    O7                 0.570      0.041     13.746      0.000
    O9                 0.350      0.043      8.104      0.000


QUALITY OF NUMERICAL RESULTS

     Condition Number for the Information Matrix              0.230E-02
       (ratio of smallest to largest eigenvalue)


MODEL MODIFICATION INDICES

NOTE:  Modification indices for direct effects of observed dependent variables
regressed on covariates may not be included.  To include these, request
MODINDICES (ALL).

Minimum M.I. value for printing the modification index     4.000

                                   M.I.     E.P.C.  Std E.P.C.  StdYX E.P.C.

WITH Statements

A2       WITH A1                  41.707    -0.064     -0.064       -0.372
A3       WITH A2                   8.333    -0.028     -0.028       -0.188
A6       WITH A3                   5.569     0.029      0.029        0.142
A7       WITH A2                  13.257     0.035      0.035        0.222
A8       WITH A1                   9.084     0.024      0.024        0.165
A8       WITH A2                   6.638    -0.023     -0.023       -0.142
A8       WITH A3                   4.673    -0.016     -0.016       -0.129
A8       WITH A6                   8.284     0.033      0.033        0.154
C1       WITH A1                   6.961     0.032      0.032        0.156
C1       WITH A2                  13.900    -0.051     -0.051       -0.228
C1       WITH A3                  16.099     0.049      0.049        0.278
C1       WITH A7                  12.110    -0.042     -0.042       -0.222
C3       WITH A2                  10.946     0.027      0.027        0.191
C3       WITH C1                  14.623    -0.038     -0.038       -0.228
C4       WITH A6                   6.751     0.054      0.054        0.141
C4       WITH A7                   4.812     0.030      0.030        0.125
C4       WITH C3                   6.845    -0.030     -0.030       -0.146
C5       WITH A1                   4.990    -0.025     -0.025       -0.153
C5       WITH A2                   8.563     0.036      0.036        0.201
C5       WITH A3                   4.553    -0.022     -0.022       -0.157
C5       WITH A8                   5.869    -0.024     -0.024       -0.160
C5       WITH C3                   7.786     0.025      0.025        0.194
C6       WITH A1                   4.455     0.015      0.015        0.119
C6       WITH A3                   4.858     0.014      0.014        0.134
C6       WITH C3                  18.980    -0.025     -0.025       -0.250
C6       WITH C4                  59.205     0.087      0.087        0.427
C7       WITH A7                  10.087     0.031      0.031        0.179
C7       WITH A8                   6.391     0.023      0.023        0.133
C7       WITH C3                  20.507     0.038      0.038        0.250
C7       WITH C4                   8.118    -0.047     -0.047       -0.152
C7       WITH C5                   4.446     0.027      0.027        0.140
C7       WITH C6                  12.412    -0.029     -0.029       -0.192
C8       WITH A3                  12.757    -0.038     -0.038       -0.221
C8       WITH C4                   5.066    -0.041     -0.041       -0.128
C8       WITH C5                  52.030     0.115      0.115        0.562
C8       WITH C6                   9.463    -0.028     -0.028       -0.176
C8       WITH C7                   9.672     0.041      0.041        0.172
C9       WITH C1                   4.966    -0.020     -0.020       -0.139
C9       WITH C3                   4.607     0.012      0.012        0.129
C9       WITH C4                   6.516    -0.028     -0.028       -0.152
C9       WITH C6                   7.292    -0.014     -0.014       -0.162
E1       WITH A2                   6.263     0.030      0.030        0.148
E1       WITH A6                  11.249     0.054      0.054        0.195
E1       WITH A8                   7.460     0.026      0.026        0.155
E1       WITH C7                   4.881     0.028      0.028        0.125
E3       WITH C3                   7.576     0.028      0.028        0.160
E3       WITH E1                   9.266     0.047      0.047        0.186
E4       WITH A1                   7.645    -0.031     -0.031       -0.158
E4       WITH A2                   7.023     0.033      0.033        0.153
E4       WITH A7                   4.726     0.023      0.023        0.128
E4       WITH C1                   4.484    -0.032     -0.032       -0.126
E4       WITH C3                   5.060     0.021      0.021        0.130
E4       WITH C6                   4.257     0.018      0.018        0.118
E4       WITH E1                   9.429     0.044      0.044        0.188
E4       WITH E3                  16.128     0.063      0.063        0.235
E5       WITH A1                   8.192     0.031      0.031        0.170
E5       WITH A2                  25.991    -0.063     -0.063       -0.311
E5       WITH A3                   5.809     0.026      0.026        0.166
E5       WITH A8                  15.102     0.037      0.037        0.223
E5       WITH C1                  69.265     0.130      0.130        0.547
E5       WITH C3                   5.538    -0.021     -0.021       -0.141
E5       WITH C5                   9.702    -0.042     -0.042       -0.223
E5       WITH C7                   7.300    -0.034     -0.034       -0.154
E5       WITH E4                  15.884    -0.054     -0.054       -0.238
E6       WITH A7                   4.373    -0.020     -0.020       -0.140
E6       WITH C3                   6.219    -0.022     -0.022       -0.173
E6       WITH C4                   9.285     0.049      0.049        0.194
E6       WITH C5                   5.049    -0.028     -0.028       -0.176
E6       WITH C6                   5.278     0.019      0.019        0.151
E6       WITH E1                   7.994    -0.039     -0.039       -0.215
E6       WITH E5                   6.765     0.032      0.032        0.178
E7       WITH A1                   5.484     0.028      0.028        0.131
E7       WITH A3                   4.311    -0.024     -0.024       -0.125
E7       WITH A7                  10.414     0.037      0.037        0.186
E7       WITH C1                   7.253    -0.044     -0.044       -0.157
E7       WITH C3                   5.388     0.023      0.023        0.131
E7       WITH E3                   5.177     0.038      0.038        0.129
E8       WITH A1                   8.573     0.040      0.040        0.163
E8       WITH A2                   6.134    -0.038     -0.038       -0.139
E8       WITH A6                  19.047     0.088      0.088        0.240
E8       WITH C6                   4.100     0.022      0.022        0.113
E8       WITH E3                  17.397    -0.079     -0.079       -0.237
E8       WITH E4                   7.441    -0.048     -0.048       -0.155
E8       WITH E5                   5.298     0.038      0.038        0.134
E8       WITH E7                   6.685     0.049      0.049        0.143
E9       WITH A3                   5.265     0.028      0.028        0.143
E9       WITH C5                   4.598    -0.040     -0.040       -0.169
E9       WITH C9                  12.368     0.038      0.038        0.228
E9       WITH E4                   6.775     0.044      0.044        0.152
E9       WITH E6                   7.466    -0.041     -0.041       -0.181
N1       WITH A2                  15.962     0.061      0.061        0.224
N1       WITH A3                   4.917    -0.029     -0.029       -0.134
N1       WITH A6                   9.719    -0.063     -0.063       -0.169
N1       WITH A8                   5.607    -0.029     -0.029       -0.127
N1       WITH C2                   4.202     0.033      0.033        0.097
N1       WITH E4                   8.810     0.052      0.052        0.166
N1       WITH E5                   8.426    -0.048     -0.048       -0.169
N1       WITH E8                   8.346    -0.061     -0.061       -0.158
N2       WITH A2                   5.916    -0.030     -0.030       -0.141
N2       WITH A6                   4.399    -0.034     -0.034       -0.118
N2       WITH A7                   4.719    -0.023     -0.023       -0.128
N2       WITH A8                   7.421     0.027      0.027        0.151
N2       WITH C4                   7.888    -0.049     -0.049       -0.158
N2       WITH C5                  12.913    -0.049     -0.049       -0.249
N2       WITH C9                   8.392     0.024      0.024        0.175
N2       WITH E1                   8.610    -0.040     -0.040       -0.177
N2       WITH E4                  43.175    -0.094     -0.094       -0.392
N2       WITH E5                   6.755     0.035      0.035        0.156
N2       WITH E7                   4.886     0.033      0.033        0.126
N2       WITH E9                   9.746     0.051      0.051        0.183
N2       WITH N1                   8.332    -0.049     -0.049       -0.163
N3       WITH A7                   4.049     0.015      0.015        0.133
N3       WITH C7                   5.916    -0.023     -0.023       -0.151
N3       WITH E4                   5.452    -0.025     -0.025       -0.159
N3       WITH N2                  15.387     0.042      0.042        0.277
N4       WITH A6                  15.424     0.066      0.066        0.214
N4       WITH A7                  13.244     0.040      0.040        0.209
N4       WITH A8                  17.121     0.042      0.042        0.222
N4       WITH C1                  14.938    -0.060     -0.060       -0.225
N4       WITH C7                  15.127     0.051      0.051        0.209
N4       WITH E7                   7.349     0.042      0.042        0.149
N4       WITH N1                   9.028    -0.053     -0.053       -0.164
N4       WITH N2                  23.698     0.069      0.069        0.276
N5       WITH A6                   7.409     0.023      0.023        0.132
N5       WITH A8                   7.005     0.014      0.014        0.127
N5       WITH C8                   5.836     0.018      0.018        0.122
N5       WITH N1                   6.524    -0.023     -0.023       -0.125
N6       WITH E4                  13.950     0.045      0.045        0.234
N6       WITH E7                  14.055    -0.049     -0.049       -0.229
N6       WITH E8                   6.758    -0.039     -0.039       -0.160
N6       WITH N4                   4.884    -0.028     -0.028       -0.137
N7       WITH A3                  27.820     0.029      0.029        0.325
N7       WITH A6                  14.512     0.033      0.033        0.211
N7       WITH C2                   8.063    -0.020     -0.020       -0.138
N7       WITH C4                   5.102     0.021      0.021        0.125
N7       WITH C8                   4.438    -0.016     -0.016       -0.121
N7       WITH E5                   5.781    -0.017     -0.017       -0.142
N7       WITH E9                   4.276     0.018      0.018        0.119
N7       WITH N5                   6.929     0.010      0.010        0.132
N7       WITH N6                   5.526     0.016      0.016        0.150
O1       WITH A3                   4.890    -0.020     -0.020       -0.137
O1       WITH C3                   7.915     0.022      0.022        0.159
O1       WITH C4                  11.040    -0.050     -0.050       -0.182
O1       WITH C6                  24.761    -0.037     -0.037       -0.279
O1       WITH C7                   4.799     0.024      0.024        0.118
O1       WITH C9                  33.033     0.041      0.041        0.339
O1       WITH E1                   4.543    -0.025     -0.025       -0.124
O1       WITH E5                   5.625    -0.027     -0.027       -0.140
O1       WITH E8                   5.642    -0.034     -0.034       -0.131
O1       WITH N2                  21.333     0.054      0.054        0.262
O1       WITH N4                   4.368     0.025      0.025        0.115
O2       WITH A2                  10.616     0.051      0.051        0.182
O2       WITH A6                   9.596    -0.065     -0.065       -0.168
O2       WITH C4                   9.750    -0.070     -0.070       -0.169
O2       WITH C6                   5.254    -0.026     -0.026       -0.127
O2       WITH E4                  10.102     0.057      0.057        0.179
O2       WITH E5                   7.264    -0.046     -0.046       -0.156
O2       WITH E6                   9.507    -0.050     -0.050       -0.200
O2       WITH N2                   9.951    -0.056     -0.056       -0.178
O2       WITH N3                   4.425     0.027      0.027        0.132
O3       WITH A3                   4.338    -0.021     -0.021       -0.127
O3       WITH A7                   8.026     0.030      0.030        0.165
O3       WITH A8                   4.634     0.021      0.021        0.118
O3       WITH C3                   4.201     0.018      0.018        0.117
O3       WITH E3                   5.149     0.035      0.035        0.131
O3       WITH E7                   8.593     0.044      0.044        0.165
O3       WITH N4                   7.905     0.040      0.040        0.157
O4       WITH A1                   4.011    -0.031     -0.031       -0.112
O4       WITH C6                   4.929    -0.027     -0.027       -0.124
O4       WITH E6                   7.460    -0.048     -0.048       -0.175
O4       WITH E7                   5.699    -0.051     -0.051       -0.132
O4       WITH N2                   6.545    -0.049     -0.049       -0.145
O4       WITH N3                   7.356     0.038      0.038        0.172
O4       WITH N6                   4.025     0.034      0.034        0.122
O4       WITH N7                   5.958    -0.025     -0.025       -0.136
O4       WITH O3                   7.578    -0.053     -0.053       -0.156
O5       WITH A1                   8.865    -0.038     -0.038       -0.168
O5       WITH C9                   5.945     0.024      0.024        0.144
O5       WITH E7                  11.757    -0.060     -0.060       -0.191
O5       WITH E8                   7.841    -0.055     -0.055       -0.155
O5       WITH O2                   4.855     0.045      0.045        0.121
O5       WITH O4                  27.020     0.118      0.118        0.290
O6       WITH A1                   4.829    -0.023     -0.023       -0.139
O6       WITH C6                  10.122     0.027      0.027        0.202
O6       WITH C9                   8.675    -0.023     -0.023       -0.195
O6       WITH E4                   5.028    -0.029     -0.029       -0.141
O6       WITH E6                  10.810     0.038      0.038        0.235
O6       WITH N3                   6.658    -0.024     -0.024       -0.186
O6       WITH O1                   5.527     0.027      0.027        0.149
O6       WITH O2                   5.944    -0.041     -0.041       -0.150
O6       WITH O4                  10.223    -0.060     -0.060       -0.203
O7       WITH A2                   4.054     0.026      0.026        0.121
O7       WITH A7                   7.339    -0.030     -0.030       -0.166
O7       WITH A8                   5.816    -0.025     -0.025       -0.139
O7       WITH C4                   8.377    -0.053     -0.053       -0.169
O7       WITH C6                  13.569    -0.034     -0.034       -0.224
O7       WITH E3                  10.279    -0.052     -0.052       -0.196
O7       WITH E6                   9.796    -0.041     -0.041       -0.214
O7       WITH E7                   4.558    -0.034     -0.034       -0.127
O7       WITH N1                   5.106     0.040      0.040        0.132
O7       WITH O2                  17.651     0.078      0.078        0.248
O7       WITH O3                   5.473    -0.035     -0.035       -0.146
O7       WITH O4                  10.990     0.069      0.069        0.200
O7       WITH O5                   9.269     0.052      0.052        0.185
O9       WITH C4                  10.338    -0.077     -0.077       -0.175
O9       WITH C9                  13.302     0.042      0.042        0.213
O9       WITH N4                  11.099     0.065      0.065        0.182
O9       WITH N5                   8.483     0.029      0.029        0.142


DIAGRAM INFORMATION

  Use View Diagram under the Diagram menu in the Mplus Editor to view the diagram.
  If running Mplus from the Mplus Diagrammer, the diagram opens automatically.

  Diagram output
    f:\ipip paper\sample_deutsch\cfa\gesamtmodell\esem_all facets on all  without a4, a5, e2, o8 wit

     Beginning Time:  16:24:30
        Ending Time:  16:24:33
       Elapsed Time:  00:00:03



MUTHEN & MUTHEN
3463 Stoner Ave.
Los Angeles, CA  90066

Tel: (310) 391-9971
Fax: (310) 391-8971
Web: www.StatModel.com
Support: Support@StatModel.com

Copyright (c) 1998-2013 Muthen & Muthen
