Mplus VERSION 7.1
MUTHEN & MUTHEN
06/10/2015   4:09 PM

INPUT INSTRUCTIONS

  TITLE:

  DATA:
  FILE IS  "factorscores_german.txt";
  Variable:
  Names are
  VPN
  A1
  A2
  A3
  A4
  A5
  A6
  A7
  A8
  C1
  C2
  C3
  C4
  C5
  C6
  C7
  C8
  C9
  E1
  E2
  E3
  E4
  E5
  E6
  E7
  E8
  E9
  N1
  N2
  N3
  N4
  N5
  N6
  N7
  O1
  O2
  O3
  O4
  O5
  O6
  O7
  O8
  O9
  ;

  USEVARIABLES ARE
  A1
  A2
  A3
  A4
  A5
  A6
  A7
  A8
  C1
  C2
  C3
  C4
  C5
  C6
  C7
  C8
  C9
  E1
  E2
  E3
  E4
  E5
  E6
  E7
  E8
  E9
  N1
  N2
  N3
  N4
  N5
  N6
  N7
  O1
  O2
  O3
  O4
  O5
  O6
  O7
  O8
  O9
  ;

  MISSING ARE ALL (-99);

  Model:

  agree consc neuro by
  A1
  A2
  A3
  A4
  A5
  A6
  A7
  A8
  C1
  C2
  C3
  C4
  C5
  C6
  C7
  C8
  C9
  N1
  N2
  N3
  N4
  N5
  N6
  N7
  (*1);

  open extra by
  E1
  E2
  E3
  E4
  E5
  E6
  E7
  E8
  E9
  O1
  O2
  O3
  O4
  O5
  O6
  O7
  O8
  O9
  (*2);


  !SE by
  !agree
  !consc
  !extra
  !neuro
  !open;

  Analysis:
  ESTIMATOR IS ML;
  iterations = 10000;

  OUTPUT: STDYX MODINDICES(4);



INPUT READING TERMINATED NORMALLY




SUMMARY OF ANALYSIS

Number of groups                                                 1
Number of observations                                         387

Number of dependent variables                                   42
Number of independent variables                                  0
Number of continuous latent variables                            5

Observed dependent variables

  Continuous
   A1          A2          A3          A4          A5          A6
   A7          A8          C1          C2          C3          C4
   C5          C6          C7          C8          C9          E1
   E2          E3          E4          E5          E6          E7
   E8          E9          N1          N2          N3          N4
   N5          N6          N7          O1          O2          O3
   O4          O5          O6          O7          O8          O9

Continuous latent variables

  EFA factors
  *1:   AGREE       CONSC       NEURO
  *2:   OPEN        EXTRA


Estimator                                                       ML
Rotation                                                    GEOMIN
Row standardization                                    CORRELATION
Type of rotation                                           OBLIQUE
Epsilon value                                               Varies
Information matrix                                        OBSERVED
Maximum number of iterations                                 10000
Convergence criterion                                    0.500D-04
Maximum number of steepest descent iterations                   20
Maximum number of iterations for H1                           2000
Convergence criterion for H1                             0.100D-03
Optimization Specifications for the Exploratory Factor Analysis
Rotation Algorithm
  Number of random starts                                       30
  Maximum number of iterations                               10000
  Derivative convergence criterion                       0.100D-04

Input data file(s)
  factorscores_german.txt

Input data format  FREE


SUMMARY OF DATA

     Number of missing data patterns             1


COVARIANCE COVERAGE OF DATA

Minimum covariance coverage value   0.100


     PROPORTION OF DATA PRESENT


           Covariance Coverage
              A1            A2            A3            A4            A5
              ________      ________      ________      ________      ________
 A1             1.000
 A2             1.000         1.000
 A3             1.000         1.000         1.000
 A4             1.000         1.000         1.000         1.000
 A5             1.000         1.000         1.000         1.000         1.000
 A6             1.000         1.000         1.000         1.000         1.000
 A7             1.000         1.000         1.000         1.000         1.000
 A8             1.000         1.000         1.000         1.000         1.000
 C1             1.000         1.000         1.000         1.000         1.000
 C2             1.000         1.000         1.000         1.000         1.000
 C3             1.000         1.000         1.000         1.000         1.000
 C4             1.000         1.000         1.000         1.000         1.000
 C5             1.000         1.000         1.000         1.000         1.000
 C6             1.000         1.000         1.000         1.000         1.000
 C7             1.000         1.000         1.000         1.000         1.000
 C8             1.000         1.000         1.000         1.000         1.000
 C9             1.000         1.000         1.000         1.000         1.000
 E1             1.000         1.000         1.000         1.000         1.000
 E2             1.000         1.000         1.000         1.000         1.000
 E3             1.000         1.000         1.000         1.000         1.000
 E4             1.000         1.000         1.000         1.000         1.000
 E5             1.000         1.000         1.000         1.000         1.000
 E6             1.000         1.000         1.000         1.000         1.000
 E7             1.000         1.000         1.000         1.000         1.000
 E8             1.000         1.000         1.000         1.000         1.000
 E9             1.000         1.000         1.000         1.000         1.000
 N1             1.000         1.000         1.000         1.000         1.000
 N2             1.000         1.000         1.000         1.000         1.000
 N3             1.000         1.000         1.000         1.000         1.000
 N4             1.000         1.000         1.000         1.000         1.000
 N5             1.000         1.000         1.000         1.000         1.000
 N6             1.000         1.000         1.000         1.000         1.000
 N7             1.000         1.000         1.000         1.000         1.000
 O1             1.000         1.000         1.000         1.000         1.000
 O2             1.000         1.000         1.000         1.000         1.000
 O3             1.000         1.000         1.000         1.000         1.000
 O4             1.000         1.000         1.000         1.000         1.000
 O5             1.000         1.000         1.000         1.000         1.000
 O6             1.000         1.000         1.000         1.000         1.000
 O7             1.000         1.000         1.000         1.000         1.000
 O8             1.000         1.000         1.000         1.000         1.000
 O9             1.000         1.000         1.000         1.000         1.000


           Covariance Coverage
              A6            A7            A8            C1            C2
              ________      ________      ________      ________      ________
 A6             1.000
 A7             1.000         1.000
 A8             1.000         1.000         1.000
 C1             1.000         1.000         1.000         1.000
 C2             1.000         1.000         1.000         1.000         1.000
 C3             1.000         1.000         1.000         1.000         1.000
 C4             1.000         1.000         1.000         1.000         1.000
 C5             1.000         1.000         1.000         1.000         1.000
 C6             1.000         1.000         1.000         1.000         1.000
 C7             1.000         1.000         1.000         1.000         1.000
 C8             1.000         1.000         1.000         1.000         1.000
 C9             1.000         1.000         1.000         1.000         1.000
 E1             1.000         1.000         1.000         1.000         1.000
 E2             1.000         1.000         1.000         1.000         1.000
 E3             1.000         1.000         1.000         1.000         1.000
 E4             1.000         1.000         1.000         1.000         1.000
 E5             1.000         1.000         1.000         1.000         1.000
 E6             1.000         1.000         1.000         1.000         1.000
 E7             1.000         1.000         1.000         1.000         1.000
 E8             1.000         1.000         1.000         1.000         1.000
 E9             1.000         1.000         1.000         1.000         1.000
 N1             1.000         1.000         1.000         1.000         1.000
 N2             1.000         1.000         1.000         1.000         1.000
 N3             1.000         1.000         1.000         1.000         1.000
 N4             1.000         1.000         1.000         1.000         1.000
 N5             1.000         1.000         1.000         1.000         1.000
 N6             1.000         1.000         1.000         1.000         1.000
 N7             1.000         1.000         1.000         1.000         1.000
 O1             1.000         1.000         1.000         1.000         1.000
 O2             1.000         1.000         1.000         1.000         1.000
 O3             1.000         1.000         1.000         1.000         1.000
 O4             1.000         1.000         1.000         1.000         1.000
 O5             1.000         1.000         1.000         1.000         1.000
 O6             1.000         1.000         1.000         1.000         1.000
 O7             1.000         1.000         1.000         1.000         1.000
 O8             1.000         1.000         1.000         1.000         1.000
 O9             1.000         1.000         1.000         1.000         1.000


           Covariance Coverage
              C3            C4            C5            C6            C7
              ________      ________      ________      ________      ________
 C3             1.000
 C4             1.000         1.000
 C5             1.000         1.000         1.000
 C6             1.000         1.000         1.000         1.000
 C7             1.000         1.000         1.000         1.000         1.000
 C8             1.000         1.000         1.000         1.000         1.000
 C9             1.000         1.000         1.000         1.000         1.000
 E1             1.000         1.000         1.000         1.000         1.000
 E2             1.000         1.000         1.000         1.000         1.000
 E3             1.000         1.000         1.000         1.000         1.000
 E4             1.000         1.000         1.000         1.000         1.000
 E5             1.000         1.000         1.000         1.000         1.000
 E6             1.000         1.000         1.000         1.000         1.000
 E7             1.000         1.000         1.000         1.000         1.000
 E8             1.000         1.000         1.000         1.000         1.000
 E9             1.000         1.000         1.000         1.000         1.000
 N1             1.000         1.000         1.000         1.000         1.000
 N2             1.000         1.000         1.000         1.000         1.000
 N3             1.000         1.000         1.000         1.000         1.000
 N4             1.000         1.000         1.000         1.000         1.000
 N5             1.000         1.000         1.000         1.000         1.000
 N6             1.000         1.000         1.000         1.000         1.000
 N7             1.000         1.000         1.000         1.000         1.000
 O1             1.000         1.000         1.000         1.000         1.000
 O2             1.000         1.000         1.000         1.000         1.000
 O3             1.000         1.000         1.000         1.000         1.000
 O4             1.000         1.000         1.000         1.000         1.000
 O5             1.000         1.000         1.000         1.000         1.000
 O6             1.000         1.000         1.000         1.000         1.000
 O7             1.000         1.000         1.000         1.000         1.000
 O8             1.000         1.000         1.000         1.000         1.000
 O9             1.000         1.000         1.000         1.000         1.000


           Covariance Coverage
              C8            C9            E1            E2            E3
              ________      ________      ________      ________      ________
 C8             1.000
 C9             1.000         1.000
 E1             1.000         1.000         1.000
 E2             1.000         1.000         1.000         1.000
 E3             1.000         1.000         1.000         1.000         1.000
 E4             1.000         1.000         1.000         1.000         1.000
 E5             1.000         1.000         1.000         1.000         1.000
 E6             1.000         1.000         1.000         1.000         1.000
 E7             1.000         1.000         1.000         1.000         1.000
 E8             1.000         1.000         1.000         1.000         1.000
 E9             1.000         1.000         1.000         1.000         1.000
 N1             1.000         1.000         1.000         1.000         1.000
 N2             1.000         1.000         1.000         1.000         1.000
 N3             1.000         1.000         1.000         1.000         1.000
 N4             1.000         1.000         1.000         1.000         1.000
 N5             1.000         1.000         1.000         1.000         1.000
 N6             1.000         1.000         1.000         1.000         1.000
 N7             1.000         1.000         1.000         1.000         1.000
 O1             1.000         1.000         1.000         1.000         1.000
 O2             1.000         1.000         1.000         1.000         1.000
 O3             1.000         1.000         1.000         1.000         1.000
 O4             1.000         1.000         1.000         1.000         1.000
 O5             1.000         1.000         1.000         1.000         1.000
 O6             1.000         1.000         1.000         1.000         1.000
 O7             1.000         1.000         1.000         1.000         1.000
 O8             1.000         1.000         1.000         1.000         1.000
 O9             1.000         1.000         1.000         1.000         1.000


           Covariance Coverage
              E4            E5            E6            E7            E8
              ________      ________      ________      ________      ________
 E4             1.000
 E5             1.000         1.000
 E6             1.000         1.000         1.000
 E7             1.000         1.000         1.000         1.000
 E8             1.000         1.000         1.000         1.000         1.000
 E9             1.000         1.000         1.000         1.000         1.000
 N1             1.000         1.000         1.000         1.000         1.000
 N2             1.000         1.000         1.000         1.000         1.000
 N3             1.000         1.000         1.000         1.000         1.000
 N4             1.000         1.000         1.000         1.000         1.000
 N5             1.000         1.000         1.000         1.000         1.000
 N6             1.000         1.000         1.000         1.000         1.000
 N7             1.000         1.000         1.000         1.000         1.000
 O1             1.000         1.000         1.000         1.000         1.000
 O2             1.000         1.000         1.000         1.000         1.000
 O3             1.000         1.000         1.000         1.000         1.000
 O4             1.000         1.000         1.000         1.000         1.000
 O5             1.000         1.000         1.000         1.000         1.000
 O6             1.000         1.000         1.000         1.000         1.000
 O7             1.000         1.000         1.000         1.000         1.000
 O8             1.000         1.000         1.000         1.000         1.000
 O9             1.000         1.000         1.000         1.000         1.000


           Covariance Coverage
              E9            N1            N2            N3            N4
              ________      ________      ________      ________      ________
 E9             1.000
 N1             1.000         1.000
 N2             1.000         1.000         1.000
 N3             1.000         1.000         1.000         1.000
 N4             1.000         1.000         1.000         1.000         1.000
 N5             1.000         1.000         1.000         1.000         1.000
 N6             1.000         1.000         1.000         1.000         1.000
 N7             1.000         1.000         1.000         1.000         1.000
 O1             1.000         1.000         1.000         1.000         1.000
 O2             1.000         1.000         1.000         1.000         1.000
 O3             1.000         1.000         1.000         1.000         1.000
 O4             1.000         1.000         1.000         1.000         1.000
 O5             1.000         1.000         1.000         1.000         1.000
 O6             1.000         1.000         1.000         1.000         1.000
 O7             1.000         1.000         1.000         1.000         1.000
 O8             1.000         1.000         1.000         1.000         1.000
 O9             1.000         1.000         1.000         1.000         1.000


           Covariance Coverage
              N5            N6            N7            O1            O2
              ________      ________      ________      ________      ________
 N5             1.000
 N6             1.000         1.000
 N7             1.000         1.000         1.000
 O1             1.000         1.000         1.000         1.000
 O2             1.000         1.000         1.000         1.000         1.000
 O3             1.000         1.000         1.000         1.000         1.000
 O4             1.000         1.000         1.000         1.000         1.000
 O5             1.000         1.000         1.000         1.000         1.000
 O6             1.000         1.000         1.000         1.000         1.000
 O7             1.000         1.000         1.000         1.000         1.000
 O8             1.000         1.000         1.000         1.000         1.000
 O9             1.000         1.000         1.000         1.000         1.000


           Covariance Coverage
              O3            O4            O5            O6            O7
              ________      ________      ________      ________      ________
 O3             1.000
 O4             1.000         1.000
 O5             1.000         1.000         1.000
 O6             1.000         1.000         1.000         1.000
 O7             1.000         1.000         1.000         1.000         1.000
 O8             1.000         1.000         1.000         1.000         1.000
 O9             1.000         1.000         1.000         1.000         1.000


           Covariance Coverage
              O8            O9
              ________      ________
 O8             1.000
 O9             1.000         1.000



THE MODEL ESTIMATION TERMINATED NORMALLY



MODEL FIT INFORMATION

Number of Free Parameters                      194

Loglikelihood

          H0 Value                      -12810.468
          H1 Value                      -10969.819

Information Criteria

          Akaike (AIC)                   26008.937
          Bayesian (BIC)                 26776.871
          Sample-Size Adjusted BIC       26161.329
            (n* = (n + 2) / 24)

Chi-Square Test of Model Fit

          Value                           3681.298
          Degrees of Freedom                   751
          P-Value                           0.0000

RMSEA (Root Mean Square Error Of Approximation)

          Estimate                           0.100
          90 Percent C.I.                    0.097  0.104
          Probability RMSEA <= .05           0.000

CFI/TLI

          CFI                                0.609
          TLI                                0.552

Chi-Square Test of Model Fit for the Baseline Model

          Value                           8363.273
          Degrees of Freedom                   861
          P-Value                           0.0000

SRMR (Standardized Root Mean Square Residual)

          Value                              0.102



MODEL RESULTS

                                                    Two-Tailed
                    Estimate       S.E.  Est./S.E.    P-Value

 AGREE    BY
    A1                -0.243      0.028     -8.809      0.000
    A2                 0.430      0.029     14.642      0.000
    A3                 0.433      0.029     14.892      0.000
    A4                 0.000      0.009      0.035      0.972
    A5                 0.000      0.016     -0.016      0.988
    A6                -0.089      0.039     -2.281      0.023
    A7                 0.402      0.026     15.669      0.000
    A8                -0.171      0.022     -7.921      0.000
    C1                 0.546      0.043     12.745      0.000
    C2                 0.010      0.022      0.450      0.652
    C3                 0.194      0.022      8.988      0.000
    C4                 0.040      0.043      0.937      0.349
    C5                 0.044      0.039      1.117      0.264
    C6                -0.039      0.022     -1.760      0.078
    C7                 0.154      0.028      5.463      0.000
    C8                 0.004      0.030      0.135      0.893
    C9                 0.034      0.021      1.595      0.111
    N1                 0.345      0.039      8.751      0.000
    N2                 0.009      0.029      0.324      0.746
    N3                 0.002      0.024      0.073      0.942
    N4                 0.099      0.032      3.084      0.002
    N5                 0.003      0.010      0.322      0.748
    N6                -0.021      0.028     -0.764      0.445
    N7                 0.068      0.018      3.854      0.000

 CONSC    BY
    A1                 0.165      0.031      5.343      0.000
    A2                -0.016      0.020     -0.793      0.428
    A3                 0.125      0.037      3.404      0.001
    A4                 0.001      0.009      0.083      0.934
    A5                 0.213      0.034      6.331      0.000
    A6                 0.166      0.040      4.134      0.000
    A7                 0.028      0.034      0.827      0.408
    A8                 0.021      0.025      0.861      0.389
    C1                 0.336      0.055      6.134      0.000
    C2                -0.389      0.039    -10.012      0.000
    C3                -0.016      0.021     -0.740      0.459
    C4                 0.372      0.040      9.249      0.000
    C5                 0.559      0.036     15.394      0.000
    C6                 0.187      0.021      8.840      0.000
    C7                -0.123      0.029     -4.183      0.000
    C8                 0.200      0.035      5.647      0.000
    C9                 0.229      0.022     10.394      0.000
    N1                 0.120      0.042      2.824      0.005
    N2                -0.178      0.040     -4.464      0.000
    N3                -0.015      0.031     -0.474      0.636
    N4                 0.175      0.038      4.552      0.000
    N5                -0.222      0.024     -9.270      0.000
    N6                 0.196      0.037      5.263      0.000
    N7                 0.003      0.006      0.512      0.609

 NEURO    BY
    A1                 0.070      0.031      2.230      0.026
    A2                 0.091      0.036      2.532      0.011
    A3                 0.098      0.032      3.060      0.002
    A4                 0.062      0.009      6.518      0.000
    A5                 0.246      0.032      7.737      0.000
    A6                 0.063      0.040      1.576      0.115
    A7                 0.012      0.026      0.464      0.643
    A8                 0.061      0.023      2.664      0.008
    C1                -0.017      0.013     -1.321      0.187
    C2                 0.370      0.037      9.958      0.000
    C3                 0.184      0.024      7.531      0.000
    C4                 0.106      0.040      2.652      0.008
    C5                -0.006      0.022     -0.251      0.801
    C6                -0.001      0.015     -0.095      0.924
    C7                 0.161      0.031      5.250      0.000
    C8                 0.139      0.033      4.163      0.000
    C9                -0.083      0.022     -3.852      0.000
    N1                 0.340      0.042      8.182      0.000
    N2                 0.419      0.037     11.260      0.000
    N3                 0.472      0.028     16.779      0.000
    N4                -0.291      0.033     -8.757      0.000
    N5                 0.287      0.022     13.264      0.000
    N6                 0.459      0.031     14.862      0.000
    N7                 0.246      0.018     13.492      0.000

 OPEN     BY
    E1                -0.484      0.039    -12.401      0.000
    E2                 0.215      0.046      4.662      0.000
    E3                -0.383      0.043     -8.925      0.000
    E4                 0.334      0.050      6.616      0.000
    E5                 0.438      0.047      9.243      0.000
    E6                 0.428      0.041     10.417      0.000
    E7                 0.315      0.041      7.769      0.000
    E8                 0.379      0.050      7.644      0.000
    E9                 0.366      0.053      6.951      0.000
    O1                 0.123      0.033      3.668      0.000
    O2                 0.254      0.054      4.749      0.000
    O3                 0.072      0.041      1.741      0.082
    O4                -0.052      0.064     -0.816      0.414
    O5                -0.025      0.052     -0.489      0.624
    O6                -0.004      0.005     -0.826      0.409
    O7                 0.041      0.058      0.714      0.475
    O8                 0.247      0.042      5.927      0.000
    O9                 0.175      0.057      3.073      0.002

 EXTRA    BY
    E1                 0.009      0.040      0.229      0.819
    E2                 0.004      0.041      0.089      0.929
    E3                 0.250      0.050      4.978      0.000
    E4                 0.086      0.054      1.600      0.110
    E5                -0.004      0.024     -0.175      0.861
    E6                 0.015      0.041      0.372      0.710
    E7                 0.171      0.042      4.106      0.000
    E8                 0.077      0.054      1.430      0.153
    E9                -0.017      0.054     -0.321      0.748
    O1                 0.208      0.033      6.366      0.000
    O2                 0.307      0.051      5.984      0.000
    O3                 0.355      0.036      9.868      0.000
    O4                 0.491      0.054      9.147      0.000
    O5                 0.448      0.043     10.470      0.000
    O6                 0.462      0.036     12.994      0.000
    O7                 0.561      0.045     12.348      0.000
    O8                 0.168      0.042      4.025      0.000
    O9                 0.290      0.052      5.591      0.000

 CONSC    WITH
    AGREE             -0.116      0.079     -1.470      0.142

 NEURO    WITH
    AGREE              0.091      0.078      1.161      0.246
    CONSC             -0.142      0.071     -2.006      0.045

 OPEN     WITH
    AGREE              0.277      0.089      3.113      0.002
    CONSC              0.549      0.058      9.482      0.000
    NEURO             -0.213      0.073     -2.926      0.003

 EXTRA    WITH
    AGREE             -0.107      0.073     -1.473      0.141
    CONSC              0.551      0.056      9.796      0.000
    NEURO              0.011      0.076      0.149      0.882
    OPEN               0.337      0.077      4.386      0.000

 Intercepts
    A1                -0.013      0.026     -0.494      0.622
    A2                 0.020      0.031      0.630      0.529
    A3                 0.003      0.030      0.100      0.921
    A4                 0.000      0.009      0.046      0.963
    A5                 0.000      0.029     -0.014      0.989
    A6                -0.004      0.035     -0.122      0.903
    A7                 0.003      0.027      0.102      0.919
    A8                 0.000      0.020     -0.014      0.988
    C1                 0.000      0.043      0.005      0.996
    C2                 0.009      0.038      0.225      0.822
    C3                -0.001      0.023     -0.031      0.975
    C4                 0.000      0.038     -0.009      0.993
    C5                -0.002      0.038     -0.056      0.955
    C6                -0.001      0.020     -0.074      0.941
    C7                 0.005      0.028      0.163      0.871
    C8                 0.000      0.031      0.001      0.999
    C9                -0.001      0.021     -0.040      0.968
    E1                 0.001      0.034      0.039      0.969
    E2                 0.009      0.037      0.247      0.805
    E3                -0.004      0.034     -0.119      0.905
    E4                -0.011      0.036     -0.301      0.763
    E5                 0.003      0.038      0.087      0.931
    E6                -0.001      0.034     -0.019      0.985
    E7                -0.004      0.035     -0.106      0.915
    E8                -0.002      0.039     -0.046      0.963
    E9                -0.005      0.041     -0.121      0.903
    N1                 0.006      0.040      0.144      0.886
    N2                 0.014      0.037      0.376      0.707
    N3                 0.001      0.031      0.019      0.985
    N4                -0.003      0.033     -0.077      0.939
    N5                 0.003      0.024      0.113      0.910
    N6                 0.002      0.031      0.054      0.957
    N7                 0.002      0.019      0.101      0.920
    O1                -0.002      0.028     -0.055      0.956
    O2                -0.061      0.040     -1.504      0.133
    O3                -0.003      0.032     -0.082      0.935
    O4                -0.023      0.043     -0.528      0.597
    O5                -0.005      0.036     -0.132      0.895
    O6                -0.004      0.034     -0.117      0.907
    O7                -0.013      0.038     -0.339      0.734
    O8                -0.002      0.034     -0.056      0.955
    O9                -0.015      0.043     -0.336      0.737

 Variances
    AGREE              1.000      0.000    999.000    999.000
    CONSC              1.000      0.000    999.000    999.000
    NEURO              1.000      0.000    999.000    999.000
    OPEN               1.000      0.000    999.000    999.000
    EXTRA              1.000      0.000    999.000    999.000

 Residual Variances
    A1                 0.162      0.014     11.631      0.000
    A2                 0.169      0.016     10.738      0.000
    A3                 0.141      0.014     10.111      0.000
    A4                 0.027      0.002     13.609      0.000
    A5                 0.232      0.019     11.998      0.000
    A6                 0.436      0.032     13.481      0.000
    A7                 0.130      0.012     10.850      0.000
    A8                 0.129      0.010     13.123      0.000
    C1                 0.338      0.031     10.884      0.000
    C2                 0.237      0.021     11.484      0.000
    C3                 0.118      0.009     12.660      0.000
    C4                 0.424      0.033     12.682      0.000
    C5                 0.239      0.025      9.644      0.000
    C6                 0.117      0.009     12.797      0.000
    C7                 0.224      0.017     13.315      0.000
    C8                 0.324      0.025     13.098      0.000
    C9                 0.110      0.009     12.541      0.000
    E1                 0.226      0.023      9.905      0.000
    E2                 0.472      0.035     13.404      0.000
    E3                 0.305      0.031      9.831      0.000
    E4                 0.376      0.030     12.560      0.000
    E5                 0.380      0.036     10.426      0.000
    E6                 0.257      0.025     10.144      0.000
    E7                 0.316      0.025     12.795      0.000
    E8                 0.412      0.033     12.502      0.000
    E9                 0.514      0.041     12.429      0.000
    N1                 0.380      0.030     12.631      0.000
    N2                 0.299      0.024     12.444      0.000
    N3                 0.136      0.014      9.910      0.000
    N4                 0.293      0.022     13.081      0.000
    N5                 0.067      0.007     10.179      0.000
    N6                 0.152      0.017      9.038      0.000
    N7                 0.073      0.006     12.204      0.000
    O1                 0.224      0.017     13.087      0.000
    O2                 0.419      0.032     12.933      0.000
    O3                 0.260      0.021     12.380      0.000
    O4                 0.490      0.042     11.697      0.000
    O5                 0.319      0.028     11.590      0.000
    O6                 0.233      0.025      9.348      0.000
    O7                 0.219      0.025      8.815      0.000
    O8                 0.318      0.025     12.971      0.000
    O9                 0.575      0.043     13.374      0.000


STANDARDIZED MODEL RESULTS


STDYX Standardization

                                                    Two-Tailed
                    Estimate       S.E.  Est./S.E.    P-Value

 AGREE    BY
    A1                -0.481      0.049     -9.871      0.000
    A2                 0.705      0.034     21.026      0.000
    A3                 0.737      0.035     20.839      0.000
    A4                 0.002      0.053      0.035      0.972
    A5                 0.000      0.028     -0.016      0.988
    A6                -0.129      0.056     -2.302      0.021
    A7                 0.746      0.030     24.704      0.000
    A8                -0.427      0.048     -8.904      0.000
    C1                 0.650      0.041     15.843      0.000
    C2                 0.013      0.030      0.450      0.652
    C3                 0.437      0.044     10.006      0.000
    C4                 0.054      0.057      0.938      0.348
    C5                 0.059      0.053      1.118      0.264
    C6                -0.100      0.056     -1.767      0.077
    C7                 0.280      0.049      5.708      0.000
    C8                 0.007      0.049      0.135      0.893
    C9                 0.082      0.051      1.599      0.110
    N1                 0.435      0.045      9.669      0.000
    N2                 0.013      0.040      0.324      0.746
    N3                 0.003      0.039      0.073      0.942
    N4                 0.153      0.049      3.118      0.002
    N5                 0.007      0.021      0.322      0.748
    N6                -0.034      0.045     -0.765      0.444
    N7                 0.182      0.047      3.898      0.000

 CONSC    BY
    A1                 0.326      0.059      5.545      0.000
    A2                -0.026      0.032     -0.793      0.428
    A3                 0.213      0.062      3.424      0.001
    A4                 0.004      0.053      0.083      0.934
    A5                 0.375      0.056      6.709      0.000
    A6                 0.241      0.057      4.268      0.000
    A7                 0.053      0.064      0.827      0.408
    A8                 0.053      0.061      0.861      0.389
    C1                 0.400      0.063      6.363      0.000
    C2                -0.517      0.047    -11.093      0.000
    C3                -0.035      0.047     -0.740      0.459
    C4                 0.497      0.046     10.843      0.000
    C5                 0.755      0.032     23.566      0.000
    C6                 0.475      0.046     10.217      0.000
    C7                -0.223      0.052     -4.290      0.000
    C8                 0.327      0.055      5.981      0.000
    C9                 0.550      0.044     12.501      0.000
    N1                 0.151      0.053      2.842      0.004
    N2                -0.244      0.054     -4.558      0.000
    N3                -0.025      0.052     -0.474      0.636
    N4                 0.269      0.057      4.681      0.000
    N5                -0.476      0.048     -9.824      0.000
    N6                 0.320      0.060      5.344      0.000
    N7                 0.008      0.015      0.512      0.609

 NEURO    BY
    A1                 0.138      0.062      2.238      0.025
    A2                 0.150      0.059      2.545      0.011
    A3                 0.166      0.054      3.075      0.002
    A4                 0.352      0.050      7.074      0.000
    A5                 0.433      0.051      8.493      0.000
    A6                 0.092      0.058      1.583      0.113
    A7                 0.023      0.049      0.464      0.643
    A8                 0.153      0.057      2.692      0.007
    C1                -0.020      0.015     -1.321      0.186
    C2                 0.491      0.045     10.979      0.000
    C3                 0.412      0.051      8.125      0.000
    C4                 0.142      0.053      2.677      0.007
    C5                -0.008      0.030     -0.251      0.801
    C6                -0.004      0.038     -0.095      0.924
    C7                 0.292      0.053      5.475      0.000
    C8                 0.227      0.053      4.286      0.000
    C9                -0.200      0.051     -3.916      0.000
    N1                 0.428      0.048      8.947      0.000
    N2                 0.577      0.042     13.783      0.000
    N3                 0.786      0.028     27.856      0.000
    N4                -0.447      0.045     -9.917      0.000
    N5                 0.617      0.039     15.632      0.000
    N6                 0.749      0.037     20.368      0.000
    N7                 0.655      0.035     18.526      0.000

 OPEN     BY
    E1                -0.716      0.045    -15.933      0.000
    E2                 0.299      0.062      4.859      0.000
    E3                -0.572      0.057    -10.087      0.000
    E4                 0.465      0.065      7.128      0.000
    E5                 0.579      0.054     10.723      0.000
    E6                 0.642      0.051     12.480      0.000
    E7                 0.454      0.053      8.545      0.000
    E8                 0.497      0.059      8.452      0.000
    E9                 0.456      0.060      7.592      0.000
    O1                 0.225      0.060      3.742      0.000
    O2                 0.320      0.065      4.901      0.000
    O3                 0.113      0.065      1.747      0.081
    O4                -0.062      0.076     -0.817      0.414
    O5                -0.035      0.072     -0.490      0.624
    O6                -0.006      0.007     -0.826      0.409
    O7                 0.056      0.078      0.714      0.475
    O8                 0.375      0.060      6.273      0.000
    O9                 0.205      0.066      3.119      0.002

 EXTRA    BY
    E1                 0.014      0.060      0.229      0.819
    E2                 0.005      0.057      0.089      0.929
    E3                 0.373      0.073      5.126      0.000
    E4                 0.120      0.075      1.605      0.108
    E5                -0.005      0.031     -0.175      0.861
    E6                 0.023      0.061      0.372      0.710
    E7                 0.247      0.059      4.196      0.000
    E8                 0.100      0.070      1.434      0.152
    E9                -0.022      0.067     -0.321      0.748
    O1                 0.380      0.056      6.811      0.000
    O2                 0.386      0.061      6.308      0.000
    O3                 0.556      0.048     11.662      0.000
    O4                 0.580      0.055     10.593      0.000
    O5                 0.626      0.049     12.660      0.000
    O6                 0.693      0.040     17.439      0.000
    O7                 0.755      0.049     15.360      0.000
    O8                 0.255      0.062      4.122      0.000
    O9                 0.341      0.058      5.900      0.000

 CONSC    WITH
    AGREE             -0.116      0.079     -1.470      0.142

 NEURO    WITH
    AGREE              0.091      0.078      1.161      0.246
    CONSC             -0.142      0.071     -2.006      0.045

 OPEN     WITH
    AGREE              0.277      0.089      3.113      0.002
    CONSC              0.549      0.058      9.482      0.000
    NEURO             -0.213      0.073     -2.926      0.003

 EXTRA    WITH
    AGREE             -0.107      0.073     -1.473      0.141
    CONSC              0.551      0.056      9.796      0.000
    NEURO              0.011      0.076      0.149      0.882
    OPEN               0.337      0.077      4.386      0.000

 Intercepts
    A1                -0.025      0.051     -0.493      0.622
    A2                 0.032      0.051      0.629      0.529
    A3                 0.005      0.051      0.100      0.921
    A4                 0.002      0.051      0.046      0.963
    A5                -0.001      0.051     -0.014      0.989
    A6                -0.006      0.051     -0.122      0.903
    A7                 0.005      0.051      0.102      0.919
    A8                -0.001      0.051     -0.014      0.988
    C1                 0.000      0.051      0.005      0.996
    C2                 0.011      0.051      0.225      0.822
    C3                -0.002      0.051     -0.031      0.975
    C4                 0.000      0.051     -0.009      0.993
    C5                -0.003      0.051     -0.056      0.955
    C6                -0.004      0.051     -0.074      0.941
    C7                 0.008      0.051      0.163      0.871
    C8                 0.000      0.051      0.001      0.999
    C9                -0.002      0.051     -0.040      0.968
    E1                 0.002      0.051      0.039      0.969
    E2                 0.013      0.051      0.247      0.805
    E3                -0.006      0.051     -0.119      0.905
    E4                -0.015      0.051     -0.301      0.763
    E5                 0.004      0.051      0.087      0.931
    E6                -0.001      0.051     -0.019      0.985
    E7                -0.005      0.051     -0.106      0.915
    E8                -0.002      0.051     -0.046      0.963
    E9                -0.006      0.051     -0.121      0.903
    N1                 0.007      0.051      0.144      0.886
    N2                 0.019      0.051      0.376      0.707
    N3                 0.001      0.051      0.019      0.985
    N4                -0.004      0.051     -0.077      0.939
    N5                 0.006      0.051      0.113      0.910
    N6                 0.003      0.051      0.054      0.957
    N7                 0.005      0.051      0.101      0.920
    O1                -0.003      0.051     -0.055      0.956
    O2                -0.076      0.051     -1.502      0.133
    O3                -0.004      0.051     -0.082      0.935
    O4                -0.027      0.051     -0.528      0.597
    O5                -0.007      0.051     -0.132      0.895
    O6                -0.006      0.051     -0.117      0.907
    O7                -0.017      0.051     -0.339      0.734
    O8                -0.003      0.051     -0.056      0.955
    O9                -0.017      0.051     -0.336      0.737

 Variances
    AGREE              1.000      0.000    999.000    999.000
    CONSC              1.000      0.000    999.000    999.000
    NEURO              1.000      0.000    999.000    999.000
    OPEN               1.000      0.000    999.000    999.000
    EXTRA              1.000      0.000    999.000    999.000

 Residual Variances
    A1                 0.631      0.049     12.872      0.000
    A2                 0.455      0.044     10.462      0.000
    A3                 0.409      0.042      9.657      0.000
    A4                 0.877      0.034     25.771      0.000
    A5                 0.719      0.049     14.606      0.000
    A6                 0.918      0.032     29.060      0.000
    A7                 0.446      0.042     10.511      0.000
    A8                 0.800      0.042     19.231      0.000
    C1                 0.479      0.045     10.744      0.000
    C2                 0.417      0.038     10.885      0.000
    C3                 0.598      0.043     13.827      0.000
    C4                 0.755      0.045     16.710      0.000
    C5                 0.436      0.047      9.358      0.000
    C6                 0.753      0.044     16.927      0.000
    C7                 0.739      0.042     17.754      0.000
    C8                 0.863      0.039     21.941      0.000
    C9                 0.633      0.045     14.160      0.000
    E1                 0.494      0.050      9.876      0.000
    E2                 0.910      0.033     27.394      0.000
    E3                 0.677      0.063     10.839      0.000
    E4                 0.731      0.046     15.916      0.000
    E5                 0.666      0.058     11.562      0.000
    E6                 0.577      0.055     10.589      0.000
    E7                 0.657      0.044     14.929      0.000
    E8                 0.709      0.046     15.368      0.000
    E9                 0.798      0.046     17.175      0.000
    N1                 0.604      0.044     13.880      0.000
    N2                 0.566      0.043     13.153      0.000
    N3                 0.376      0.040      9.340      0.000
    N4                 0.692      0.043     16.092      0.000
    N5                 0.308      0.033      9.270      0.000
    N6                 0.406      0.047      8.700      0.000
    N7                 0.519      0.042     12.383      0.000
    O1                 0.748      0.043     17.470      0.000
    O2                 0.665      0.043     15.300      0.000
    O3                 0.636      0.046     13.978      0.000
    O4                 0.684      0.050     13.604      0.000
    O5                 0.622      0.049     12.714      0.000
    O6                 0.523      0.055      9.445      0.000
    O7                 0.398      0.047      8.475      0.000
    O8                 0.730      0.044     16.751      0.000
    O9                 0.795      0.040     19.814      0.000


R-SQUARE

    Observed                                        Two-Tailed
    Variable        Estimate       S.E.  Est./S.E.    P-Value

    A1                 0.369      0.049      7.522      0.000
    A2                 0.545      0.044     12.525      0.000
    A3                 0.591      0.042     13.960      0.000
    A4                 0.123      0.034      3.625      0.000
    A5                 0.281      0.049      5.719      0.000
    A6                 0.082      0.032      2.603      0.009
    A7                 0.554      0.042     13.054      0.000
    A8                 0.200      0.042      4.802      0.000
    C1                 0.521      0.045     11.706      0.000
    C2                 0.583      0.038     15.215      0.000
    C3                 0.402      0.043      9.311      0.000
    C4                 0.245      0.045      5.422      0.000
    C5                 0.564      0.047     12.130      0.000
    C6                 0.247      0.044      5.549      0.000
    C7                 0.261      0.042      6.279      0.000
    C8                 0.137      0.039      3.484      0.000
    C9                 0.367      0.045      8.224      0.000
    E1                 0.506      0.050     10.113      0.000
    E2                 0.090      0.033      2.724      0.006
    E3                 0.323      0.063      5.160      0.000
    E4                 0.269      0.046      5.845      0.000
    E5                 0.334      0.058      5.790      0.000
    E6                 0.423      0.055      7.750      0.000
    E7                 0.343      0.044      7.798      0.000
    E8                 0.291      0.046      6.296      0.000
    E9                 0.202      0.046      4.340      0.000
    N1                 0.396      0.044      9.092      0.000
    N2                 0.434      0.043     10.104      0.000
    N3                 0.624      0.040     15.497      0.000
    N4                 0.308      0.043      7.168      0.000
    N5                 0.692      0.033     20.839      0.000
    N6                 0.594      0.047     12.722      0.000
    N7                 0.481      0.042     11.492      0.000
    O1                 0.252      0.043      5.890      0.000
    O2                 0.335      0.043      7.703      0.000
    O3                 0.364      0.046      7.999      0.000
    O4                 0.316      0.050      6.276      0.000
    O5                 0.378      0.049      7.735      0.000
    O6                 0.477      0.055      8.623      0.000
    O7                 0.602      0.047     12.815      0.000
    O8                 0.270      0.044      6.186      0.000
    O9                 0.205      0.040      5.125      0.000


QUALITY OF NUMERICAL RESULTS

     Condition Number for the Information Matrix              0.118E-01
       (ratio of smallest to largest eigenvalue)


MODEL MODIFICATION INDICES

NOTE:  Modification indices for direct effects of observed dependent variables
regressed on covariates may not be included.  To include these, request
MODINDICES (ALL).

Minimum M.I. value for printing the modification index     4.000

                                   M.I.     E.P.C.  Std E.P.C.  StdYX E.P.C.

BY Statements

AGREE    BY E2                    54.317    -0.324     -0.324       -0.450
AGREE    BY E4                     4.295     0.083      0.083        0.116
AGREE    BY E5                    78.448    -0.367     -0.367       -0.486
AGREE    BY E8                    30.577     0.234      0.234        0.307
AGREE    BY E9                    18.894     0.203      0.203        0.254
AGREE    BY O1                    59.635    -0.237     -0.237       -0.434
AGREE    BY O5                     4.786     0.084      0.084        0.118
AGREE    BY O6                     4.278    -0.071     -0.071       -0.106
AGREE    BY O8                    31.030     0.205      0.205        0.310
CONSC    BY E1                    11.133     0.113      0.113        0.166
CONSC    BY E2                    15.721     0.171      0.171        0.237
CONSC    BY E3                    17.178     0.156      0.156        0.232
CONSC    BY E4                    56.929    -0.297     -0.297       -0.414
CONSC    BY E5                    58.221     0.310      0.310        0.410
CONSC    BY E6                    46.883     0.235      0.235        0.352
CONSC    BY E7                     5.181    -0.083     -0.083       -0.119
CONSC    BY E8                     5.554    -0.098     -0.098       -0.128
CONSC    BY O1                    32.869     0.172      0.172        0.315
CONSC    BY O3                     4.947    -0.074     -0.074       -0.116
CONSC    BY O4                     6.150    -0.114     -0.114       -0.134
CONSC    BY O6                    33.913     0.194      0.194        0.290
CONSC    BY O7                     7.985    -0.098     -0.098       -0.131
NEURO    BY E4                    50.788     0.312      0.312        0.435
NEURO    BY E5                    11.690     0.155      0.155        0.205
NEURO    BY E6                    91.614    -0.367     -0.367       -0.550
NEURO    BY E9                    68.562     0.422      0.422        0.525
NEURO    BY O3                    10.319     0.118      0.118        0.185
NEURO    BY O5                    10.094    -0.132     -0.132       -0.185
NEURO    BY O6                    21.073    -0.169     -0.169       -0.253
NEURO    BY O7                    14.744     0.147      0.147        0.197
NEURO    BY O8                    29.428    -0.217     -0.217       -0.328
NEURO    BY O9                    52.019     0.383      0.383        0.450
OPEN     BY A1                    17.455    -0.152     -0.152       -0.300
OPEN     BY A2                    10.684     0.126      0.126        0.207
OPEN     BY A5                    33.432    -0.246     -0.246       -0.433
OPEN     BY A6                    49.190    -0.395     -0.395       -0.573
OPEN     BY C1                    25.487    -0.279     -0.279       -0.332
OPEN     BY C3                    47.563    -0.208     -0.208       -0.468
OPEN     BY C4                    15.989     0.229      0.229        0.305
OPEN     BY C5                    12.101     0.169      0.169        0.229
OPEN     BY C6                    22.575     0.142      0.142        0.361
OPEN     BY C8                    12.053     0.170      0.170        0.277
OPEN     BY N2                    22.477     0.229      0.229        0.315
OPEN     BY N3                    31.258     0.197      0.197        0.327
OPEN     BY N6                    22.788    -0.185     -0.185       -0.302
OPEN     BY N7                    16.403     0.098      0.098        0.260
EXTRA    BY A1                    17.106     0.122      0.122        0.241
EXTRA    BY A4                     5.574    -0.027     -0.027       -0.152
EXTRA    BY C6                    23.341     0.117      0.117        0.296
EXTRA    BY C8                     7.714    -0.110     -0.110       -0.179
EXTRA    BY C9                    15.154    -0.092     -0.092       -0.221
EXTRA    BY N3                     6.374     0.072      0.072        0.119
EXTRA    BY N4                     7.502     0.104      0.104        0.159

WITH Statements

A2       WITH A1                  38.978    -0.064     -0.064       -0.388
A3       WITH A1                   5.214     0.022      0.022        0.144
A3       WITH A2                  14.746    -0.042     -0.042       -0.270
A4       WITH A3                   9.928     0.011      0.011        0.183
A5       WITH A2                   8.453     0.034      0.034        0.171
A5       WITH A3                  13.849    -0.040     -0.040       -0.223
A5       WITH A4                   7.059    -0.011     -0.011       -0.143
A6       WITH A2                   4.697    -0.033     -0.033       -0.123
A6       WITH A4                  34.616     0.033      0.033        0.305
A6       WITH A5                   6.434     0.043      0.043        0.136
A8       WITH A4                  19.857     0.014      0.014        0.235
A8       WITH A6                   7.339     0.034      0.034        0.143
A8       WITH A7                   4.126     0.016      0.016        0.122
C1       WITH A1                  10.500     0.046      0.046        0.196
C1       WITH A2                  17.285    -0.065     -0.065       -0.272
C1       WITH A3                  57.984     0.115      0.115        0.527
C2       WITH A1                   4.527     0.025      0.025        0.126
C2       WITH C1                   4.409     0.036      0.036        0.129
C3       WITH A3                   4.779    -0.017     -0.017       -0.134
C3       WITH A5                  28.058     0.049      0.049        0.293
C3       WITH A6                  14.613     0.046      0.046        0.204
C4       WITH A4                  42.175     0.037      0.037        0.345
C4       WITH A5                   4.798    -0.038     -0.038       -0.121
C4       WITH A7                   5.317     0.032      0.032        0.136
C4       WITH C3                  19.227    -0.054     -0.054       -0.240
C5       WITH A1                  15.194    -0.048     -0.048       -0.246
C5       WITH A2                   5.326     0.030      0.030        0.148
C5       WITH A3                   8.553    -0.035     -0.035       -0.192
C5       WITH A5                   5.084    -0.033     -0.033       -0.139
C5       WITH A6                   5.309    -0.044     -0.044       -0.135
C5       WITH C4                   4.816     0.043      0.043        0.135
C6       WITH A3                  12.970     0.027      0.027        0.214
C6       WITH A6                   6.638    -0.031     -0.031       -0.137
C6       WITH A7                   4.220     0.015      0.015        0.121
C6       WITH C3                  39.369    -0.040     -0.040       -0.342
C6       WITH C4                  58.498     0.093      0.093        0.417
C7       WITH A3                   7.082    -0.028     -0.028       -0.157
C7       WITH A7                   4.519     0.021      0.021        0.125
C7       WITH A8                   9.819     0.028      0.028        0.167
C7       WITH C3                  20.015     0.040      0.040        0.243
C7       WITH C4                   9.710    -0.052     -0.052       -0.167
C7       WITH C6                  15.271    -0.034     -0.034       -0.209
C8       WITH A1                  11.462    -0.043     -0.043       -0.188
C8       WITH A3                  11.188    -0.042     -0.042       -0.196
C8       WITH A5                   7.757    -0.041     -0.041       -0.151
C8       WITH A6                   9.095    -0.059     -0.059       -0.158
C8       WITH C5                 100.496     0.166      0.166        0.596
C8       WITH C6                   4.711    -0.023     -0.023       -0.116
C8       WITH C7                   5.729     0.034      0.034        0.126
C9       WITH A1                   6.522    -0.019     -0.019       -0.145
C9       WITH A6                   8.341    -0.034     -0.034       -0.155
C9       WITH A8                   4.265     0.013      0.013        0.112
C9       WITH C5                  38.160     0.062      0.062        0.385
C9       WITH C6                   5.859    -0.015     -0.015       -0.133
C9       WITH C8                  14.735     0.039      0.039        0.208
E1       WITH A2                   6.139     0.029      0.029        0.151
E1       WITH A3                   5.194     0.025      0.025        0.142
E1       WITH A4                  23.933     0.021      0.021        0.275
E1       WITH A5                   4.333    -0.028     -0.028       -0.120
E1       WITH A8                   7.680     0.027      0.027        0.158
E1       WITH C3                   8.109    -0.027     -0.027       -0.165
E1       WITH C4                   5.475     0.042      0.042        0.134
E1       WITH C6                   9.798     0.029      0.029        0.179
E2       WITH A2                  12.458     0.056      0.056        0.197
E2       WITH A7                   6.117     0.035      0.035        0.140
E2       WITH A8                   8.863     0.038      0.038        0.156
E2       WITH C4                   5.010    -0.053     -0.053       -0.118
E2       WITH C7                  10.222     0.054      0.054        0.167
E2       WITH E1                   9.155     0.058      0.058        0.176
E3       WITH C6                   9.579     0.032      0.032        0.172
E3       WITH E1                  13.634     0.064      0.064        0.244
E4       WITH A3                   5.467    -0.031     -0.031       -0.136
E4       WITH A5                   6.097     0.039      0.039        0.133
E4       WITH A6                  11.676     0.073      0.073        0.180
E4       WITH C1                   6.553    -0.052     -0.052       -0.145
E4       WITH C3                   4.207     0.023      0.023        0.111
E4       WITH C9                   4.380    -0.023     -0.023       -0.113
E5       WITH A3                  37.421     0.084      0.084        0.361
E5       WITH A6                   8.261    -0.063     -0.063       -0.154
E5       WITH A7                   9.226     0.039      0.039        0.178
E5       WITH C1                  65.622     0.167      0.167        0.467
E5       WITH C3                   5.467    -0.027     -0.027       -0.129
E5       WITH C6                   6.435     0.029      0.029        0.138
E5       WITH E2                  11.678     0.079      0.079        0.186
E5       WITH E3                  13.030     0.074      0.074        0.216
E5       WITH E4                  23.501    -0.103     -0.103       -0.271
E6       WITH A5                  11.116     0.046      0.046        0.187
E6       WITH A6                  18.449     0.078      0.078        0.234
E6       WITH C3                   7.786     0.027      0.027        0.156
E6       WITH C5                  11.864    -0.051     -0.051       -0.207
E6       WITH C9                   5.071    -0.021     -0.021       -0.126
E6       WITH E1                  17.024    -0.066     -0.066       -0.274
E7       WITH A1                  14.386     0.047      0.047        0.210
E7       WITH A6                   6.155     0.049      0.049        0.131
E7       WITH A7                   9.409     0.036      0.036        0.178
E7       WITH C3                  11.711     0.036      0.036        0.186
E7       WITH C9                   9.733    -0.032     -0.032       -0.170
E7       WITH E3                   7.503     0.049      0.049        0.158
E7       WITH E4                   5.807     0.045      0.045        0.132
E7       WITH E6                   4.073     0.033      0.033        0.117
E8       WITH A1                   8.378     0.041      0.041        0.160
E8       WITH A2                   8.175    -0.043     -0.043       -0.163
E8       WITH A4                  17.606     0.023      0.023        0.221
E8       WITH A6                  28.286     0.119      0.119        0.281
E8       WITH E2                   8.816    -0.070     -0.070       -0.158
E8       WITH E3                  19.514    -0.091     -0.091       -0.257
E8       WITH E5                   6.516    -0.057     -0.057       -0.144
E8       WITH E7                   7.184     0.053      0.053        0.148
E9       WITH A1                   6.250    -0.039     -0.039       -0.137
E9       WITH A5                   6.302    -0.047     -0.047       -0.135
E9       WITH C4                   4.674     0.054      0.054        0.115
E9       WITH C5                  21.885     0.095      0.095        0.270
E9       WITH C8                   8.852     0.064      0.064        0.157
E9       WITH C9                  43.345     0.084      0.084        0.355
E9       WITH E4                  15.535     0.094      0.094        0.213
E9       WITH E6                  42.308    -0.135     -0.135       -0.373
E9       WITH E7                   7.174    -0.059     -0.059       -0.146
N1       WITH A2                   8.669     0.045      0.045        0.176
N1       WITH A3                   9.988    -0.045     -0.045       -0.195
N1       WITH A4                  22.277    -0.026     -0.026       -0.253
N1       WITH A5                   9.158     0.050      0.050        0.168
N1       WITH A6                   7.263    -0.059     -0.059       -0.144
N1       WITH A7                   4.685    -0.029     -0.029       -0.132
N1       WITH C6                   6.254    -0.029     -0.029       -0.137
N1       WITH E8                   5.273    -0.049     -0.049       -0.125
N2       WITH A3                   7.650     0.034      0.034        0.166
N2       WITH A4                   4.690    -0.010     -0.010       -0.116
N2       WITH A5                  14.327    -0.055     -0.055       -0.210
N2       WITH A6                  30.303    -0.107     -0.107       -0.295
N2       WITH C3                   8.180    -0.030     -0.030       -0.159
N2       WITH C8                   5.206     0.038      0.038        0.123
N2       WITH C9                  15.235     0.039      0.039        0.217
N2       WITH E4                  67.527    -0.149     -0.149       -0.445
N2       WITH E5                  10.200     0.059      0.059        0.176
N2       WITH E6                   5.235    -0.036     -0.036       -0.129
N2       WITH E9                   8.363     0.061      0.061        0.156
N3       WITH A5                  12.652    -0.039     -0.039       -0.218
N3       WITH A6                  17.472    -0.059     -0.059       -0.243
N3       WITH C2                   8.802    -0.034     -0.034       -0.190
N3       WITH C3                   5.571    -0.018     -0.018       -0.142
N3       WITH C6                   5.331     0.017      0.017        0.137
N3       WITH E4                  32.020    -0.074     -0.074       -0.327
N3       WITH N2                  63.876     0.100      0.100        0.495
N4       WITH A1                   4.461     0.026      0.026        0.118
N4       WITH A4                   5.885     0.011      0.011        0.128
N4       WITH A6                  10.492     0.061      0.061        0.171
N4       WITH A7                  17.886     0.049      0.049        0.249
N4       WITH A8                  17.902     0.044      0.044        0.227
N4       WITH C7                   8.348     0.040      0.040        0.154
N4       WITH E1                   4.309     0.031      0.031        0.119
N4       WITH E2                  15.245     0.076      0.076        0.205
N4       WITH E6                   6.845    -0.040     -0.040       -0.145
N4       WITH E7                   4.894     0.036      0.036        0.119
N4       WITH N1                  14.001    -0.068     -0.068       -0.204
N4       WITH N2                  14.600     0.062      0.062        0.210
N5       WITH A4                  13.244     0.009      0.009        0.215
N5       WITH A6                  11.590     0.034      0.034        0.200
N5       WITH A8                   4.390     0.012      0.012        0.125
N5       WITH C1                  12.358     0.034      0.034        0.228
N5       WITH C2                  57.350     0.066      0.066        0.524
N5       WITH E9                   5.892    -0.026     -0.026       -0.142
N5       WITH N1                   7.086    -0.026     -0.026       -0.163
N5       WITH N3                   9.891    -0.021     -0.021       -0.222
N5       WITH N4                   5.186     0.020      0.020        0.140
N6       WITH A3                   7.547    -0.027     -0.027       -0.185
N6       WITH A5                  41.917     0.079      0.079        0.422
N6       WITH C3                   6.253     0.021      0.021        0.156
N6       WITH C4                   5.446    -0.037     -0.037       -0.146
N6       WITH C5                   4.296    -0.028     -0.028       -0.147
N6       WITH C6                  10.053    -0.026     -0.026       -0.197
N6       WITH E4                   6.452     0.036      0.036        0.150
N6       WITH E5                   5.775    -0.035     -0.035       -0.145
N6       WITH E6                  21.385     0.056      0.056        0.284
N6       WITH E7                   5.920    -0.032     -0.032       -0.145
N6       WITH N1                   4.011     0.030      0.030        0.126
N6       WITH N2                   5.498    -0.032     -0.032       -0.148
N6       WITH N4                  13.459    -0.048     -0.048       -0.226
N7       WITH A3                  26.442     0.032      0.032        0.315
N7       WITH A5                  12.203    -0.026     -0.026       -0.198
N7       WITH C2                  17.412    -0.033     -0.033       -0.247
N7       WITH C3                   9.538    -0.016     -0.016       -0.175
N7       WITH C4                   6.499     0.025      0.025        0.142
N7       WITH C6                   4.579     0.011      0.011        0.119
N7       WITH E3                   4.076     0.017      0.017        0.115
N7       WITH N1                   4.257    -0.020     -0.020       -0.117
N7       WITH N2                   5.410     0.020      0.020        0.132
N7       WITH N3                   4.495     0.014      0.014        0.136
O1       WITH A4                   4.754    -0.009     -0.009       -0.114
O1       WITH A6                   5.264    -0.037     -0.037       -0.120
O1       WITH C9                  11.372     0.028      0.028        0.181
O1       WITH E2                  39.352     0.107      0.107        0.330
O1       WITH E3                   8.673     0.044      0.044        0.167
O1       WITH E4                  19.927    -0.070     -0.070       -0.240
O1       WITH E5                  21.937     0.075      0.075        0.257
O1       WITH E8                  22.202    -0.077     -0.077       -0.254
O1       WITH N2                  26.604     0.072      0.072        0.278
O1       WITH N4                   4.434     0.029      0.029        0.112
O2       WITH C4                  10.085    -0.072     -0.072       -0.171
O2       WITH C6                   4.277    -0.025     -0.025       -0.111
O2       WITH E2                   4.496     0.050      0.050        0.113
O2       WITH E4                  16.605     0.088      0.088        0.222
O2       WITH E5                   7.682    -0.062     -0.062       -0.154
O2       WITH E8                   4.398     0.048      0.048        0.115
O2       WITH N2                  25.412    -0.097     -0.097       -0.274
O2       WITH N7                   4.949    -0.021     -0.021       -0.122
O3       WITH A7                  14.070     0.040      0.040        0.219
O3       WITH C6                  11.969     0.033      0.033        0.188
O3       WITH E3                  10.141     0.052      0.052        0.187
O3       WITH E6                   7.010    -0.039     -0.039       -0.153
O3       WITH E7                   7.551     0.044      0.044        0.153
O3       WITH N1                   4.758    -0.038     -0.038       -0.120
O3       WITH N4                  13.298     0.055      0.055        0.198
O3       WITH N6                   5.903    -0.029     -0.029       -0.146
O3       WITH O2                   5.096    -0.041     -0.041       -0.126
O4       WITH A2                   5.030    -0.037     -0.037       -0.130
O4       WITH A4                   4.827     0.013      0.013        0.117
O4       WITH C8                   5.112    -0.048     -0.048       -0.122
O4       WITH C9                   5.973    -0.031     -0.031       -0.134
O4       WITH E1                   4.705    -0.044     -0.044       -0.131
O4       WITH E4                  11.538     0.081      0.081        0.188
O4       WITH N2                  12.089    -0.073     -0.073       -0.191
O4       WITH N7                   8.588    -0.031     -0.031       -0.163
O4       WITH O3                   6.077    -0.050     -0.050       -0.142
O5       WITH E1                   7.070    -0.044     -0.044       -0.163
O5       WITH E5                   4.642    -0.043     -0.043       -0.124
O5       WITH E7                   6.513    -0.046     -0.046       -0.144
O5       WITH N5                   4.622     0.019      0.019        0.130
O5       WITH N6                   5.824     0.032      0.032        0.147
O5       WITH O4                  21.828     0.109      0.109        0.276
O6       WITH C4                   5.992     0.044      0.044        0.139
O6       WITH C6                  23.810     0.046      0.046        0.276
O6       WITH C9                  19.713    -0.041     -0.041       -0.254
O6       WITH E3                  11.062     0.056      0.056        0.209
O6       WITH E4                  30.755    -0.095     -0.095       -0.321
O6       WITH E5                   9.651     0.055      0.055        0.184
O6       WITH E6                  26.250     0.076      0.076        0.311
O6       WITH E9                  20.447    -0.090     -0.090       -0.261
O6       WITH O1                  23.637     0.065      0.065        0.283
O6       WITH O2                   7.871    -0.052     -0.052       -0.165
O6       WITH O3                   4.135     0.031      0.031        0.125
O6       WITH O4                  11.611    -0.071     -0.071       -0.211
O7       WITH A7                  10.113    -0.034     -0.034       -0.203
O7       WITH A8                   4.700    -0.022     -0.022       -0.128
O7       WITH C2                   6.084    -0.035     -0.035       -0.154
O7       WITH E3                  19.317    -0.077     -0.077       -0.298
O7       WITH E6                  16.287    -0.062     -0.062       -0.261
O7       WITH O2                  10.056     0.061      0.061        0.201
O7       WITH O4                   6.858     0.058      0.058        0.177
O8       WITH A5                  29.417     0.079      0.079        0.292
O8       WITH A6                  13.387     0.071      0.071        0.192
O8       WITH C3                   5.590     0.025      0.025        0.127
O8       WITH C4                   4.758    -0.043     -0.043       -0.116
O8       WITH C5                   5.488    -0.037     -0.037       -0.135
O8       WITH C6                   6.563    -0.026     -0.026       -0.137
O8       WITH C8                   5.384    -0.039     -0.039       -0.122
O8       WITH E2                   5.624    -0.048     -0.048       -0.125
O8       WITH E5                   6.482    -0.049     -0.049       -0.141
O8       WITH E6                  63.565     0.130      0.130        0.453
O8       WITH E8                  13.417     0.072      0.072        0.199
O8       WITH E9                  10.417    -0.070     -0.070       -0.173
O8       WITH N6                  27.415     0.068      0.068        0.309
O8       WITH O1                   4.886    -0.032     -0.032       -0.118
O8       WITH O6                   5.847     0.038      0.038        0.140
O8       WITH O7                   6.804    -0.043     -0.043       -0.161
O9       WITH A3                   4.632     0.035      0.035        0.123
O9       WITH C3                   4.142    -0.028     -0.028       -0.109
O9       WITH C8                   6.129     0.056      0.056        0.130
O9       WITH C9                  17.828     0.057      0.057        0.226
O9       WITH E1                   9.113     0.063      0.063        0.176
O9       WITH E2                   4.069     0.055      0.055        0.105
O9       WITH E5                   9.415     0.078      0.078        0.168
O9       WITH E6                  26.229    -0.110     -0.110       -0.287
O9       WITH E9                  14.027     0.108      0.108        0.199
O9       WITH N4                  18.092     0.092      0.092        0.225
O9       WITH N5                   4.437     0.024      0.024        0.123
O9       WITH N6                   6.684    -0.045     -0.045       -0.151


DIAGRAM INFORMATION

  Use View Diagram under the Diagram menu in the Mplus Editor to view the diagram.
  If running Mplus from the Mplus Diagrammer, the diagram opens automatically.

  Diagram output
    f:\ipip paper\sample_deutsch\cfa\gesamtmodell\esem_with stability and plasticity.dgm

     Beginning Time:  16:09:20
        Ending Time:  16:09:22
       Elapsed Time:  00:00:02



MUTHEN & MUTHEN
3463 Stoner Ave.
Los Angeles, CA  90066

Tel: (310) 391-9971
Fax: (310) 391-8971
Web: www.StatModel.com
Support: Support@StatModel.com

Copyright (c) 1998-2013 Muthen & Muthen
