Mplus VERSION 7.1
MUTHEN & MUTHEN
06/10/2015   4:20 PM

INPUT INSTRUCTIONS

  TITLE:

  DATA:
  FILE IS  "factorscores_german.txt";
  Variable:
  Names are
  VPN
  A1
  A2
  A3
  A4
  A5
  A6
  A7
  A8
  C1
  C2
  C3
  C4
  C5
  C6
  C7
  C8
  C9
  E1
  E2
  E3
  E4
  E5
  E6
  E7
  E8
  E9
  N1
  N2
  N3
  N4
  N5
  N6
  N7
  O1
  O2
  O3
  O4
  O5
  O6
  O7
  O8
  O9
  ;

  USEVARIABLES ARE
  A1
  A2
  A3
  A6
  A7
  A8
  C1
  C2
  C3
  C4
  C5
  C6
  C7
  C8
  C9
  E1
  E2
  E3
  E4
  E5
  E6
  E7
  E8
  E9
  N1
  N2
  N3
  N4
  N5
  N6
  N7
  O1
  O2
  O3
  O4
  O5
  O6
  O7
  O8
  O9
  ;

  MISSING ARE ALL (-99);

  Model:

  agree consc extra neuro open by
  A1
  A2
  A3
  A6
  A7
  A8
  C1
  C2
  C3
  C4
  C5
  C6
  C7
  C8
  C9
  E1
  E2
  E3
  E4
  E5
  E6
  E7
  E8
  E9
  N1
  N2
  N3
  N4
  N5
  N6
  N7
  O1
  O2
  O3
  O4
  O5
  O6
  O7
  O8
  O9
  (*1);

  !SE by
  !agree
  !consc
  !extra
  !neuro
  !open;

  Analysis:
  ESTIMATOR IS ML;
  iterations = 10000;

  OUTPUT: STDYX MODINDICES(4);



INPUT READING TERMINATED NORMALLY




SUMMARY OF ANALYSIS

Number of groups                                                 1
Number of observations                                         387

Number of dependent variables                                   40
Number of independent variables                                  0
Number of continuous latent variables                            5

Observed dependent variables

  Continuous
   A1          A2          A3          A6          A7          A8
   C1          C2          C3          C4          C5          C6
   C7          C8          C9          E1          E2          E3
   E4          E5          E6          E7          E8          E9
   N1          N2          N3          N4          N5          N6
   N7          O1          O2          O3          O4          O5
   O6          O7          O8          O9

Continuous latent variables

  EFA factors
  *1:   AGREE       CONSC       EXTRA       NEURO       OPEN


Estimator                                                       ML
Rotation                                                    GEOMIN
Row standardization                                    CORRELATION
Type of rotation                                           OBLIQUE
Epsilon value                                               Varies
Information matrix                                        OBSERVED
Maximum number of iterations                                 10000
Convergence criterion                                    0.500D-04
Maximum number of steepest descent iterations                   20
Maximum number of iterations for H1                           2000
Convergence criterion for H1                             0.100D-03
Optimization Specifications for the Exploratory Factor Analysis
Rotation Algorithm
  Number of random starts                                       30
  Maximum number of iterations                               10000
  Derivative convergence criterion                       0.100D-04

Input data file(s)
  factorscores_german.txt

Input data format  FREE


SUMMARY OF DATA

     Number of missing data patterns             1


COVARIANCE COVERAGE OF DATA

Minimum covariance coverage value   0.100


     PROPORTION OF DATA PRESENT


           Covariance Coverage
              A1            A2            A3            A6            A7
              ________      ________      ________      ________      ________
 A1             1.000
 A2             1.000         1.000
 A3             1.000         1.000         1.000
 A6             1.000         1.000         1.000         1.000
 A7             1.000         1.000         1.000         1.000         1.000
 A8             1.000         1.000         1.000         1.000         1.000
 C1             1.000         1.000         1.000         1.000         1.000
 C2             1.000         1.000         1.000         1.000         1.000
 C3             1.000         1.000         1.000         1.000         1.000
 C4             1.000         1.000         1.000         1.000         1.000
 C5             1.000         1.000         1.000         1.000         1.000
 C6             1.000         1.000         1.000         1.000         1.000
 C7             1.000         1.000         1.000         1.000         1.000
 C8             1.000         1.000         1.000         1.000         1.000
 C9             1.000         1.000         1.000         1.000         1.000
 E1             1.000         1.000         1.000         1.000         1.000
 E2             1.000         1.000         1.000         1.000         1.000
 E3             1.000         1.000         1.000         1.000         1.000
 E4             1.000         1.000         1.000         1.000         1.000
 E5             1.000         1.000         1.000         1.000         1.000
 E6             1.000         1.000         1.000         1.000         1.000
 E7             1.000         1.000         1.000         1.000         1.000
 E8             1.000         1.000         1.000         1.000         1.000
 E9             1.000         1.000         1.000         1.000         1.000
 N1             1.000         1.000         1.000         1.000         1.000
 N2             1.000         1.000         1.000         1.000         1.000
 N3             1.000         1.000         1.000         1.000         1.000
 N4             1.000         1.000         1.000         1.000         1.000
 N5             1.000         1.000         1.000         1.000         1.000
 N6             1.000         1.000         1.000         1.000         1.000
 N7             1.000         1.000         1.000         1.000         1.000
 O1             1.000         1.000         1.000         1.000         1.000
 O2             1.000         1.000         1.000         1.000         1.000
 O3             1.000         1.000         1.000         1.000         1.000
 O4             1.000         1.000         1.000         1.000         1.000
 O5             1.000         1.000         1.000         1.000         1.000
 O6             1.000         1.000         1.000         1.000         1.000
 O7             1.000         1.000         1.000         1.000         1.000
 O8             1.000         1.000         1.000         1.000         1.000
 O9             1.000         1.000         1.000         1.000         1.000


           Covariance Coverage
              A8            C1            C2            C3            C4
              ________      ________      ________      ________      ________
 A8             1.000
 C1             1.000         1.000
 C2             1.000         1.000         1.000
 C3             1.000         1.000         1.000         1.000
 C4             1.000         1.000         1.000         1.000         1.000
 C5             1.000         1.000         1.000         1.000         1.000
 C6             1.000         1.000         1.000         1.000         1.000
 C7             1.000         1.000         1.000         1.000         1.000
 C8             1.000         1.000         1.000         1.000         1.000
 C9             1.000         1.000         1.000         1.000         1.000
 E1             1.000         1.000         1.000         1.000         1.000
 E2             1.000         1.000         1.000         1.000         1.000
 E3             1.000         1.000         1.000         1.000         1.000
 E4             1.000         1.000         1.000         1.000         1.000
 E5             1.000         1.000         1.000         1.000         1.000
 E6             1.000         1.000         1.000         1.000         1.000
 E7             1.000         1.000         1.000         1.000         1.000
 E8             1.000         1.000         1.000         1.000         1.000
 E9             1.000         1.000         1.000         1.000         1.000
 N1             1.000         1.000         1.000         1.000         1.000
 N2             1.000         1.000         1.000         1.000         1.000
 N3             1.000         1.000         1.000         1.000         1.000
 N4             1.000         1.000         1.000         1.000         1.000
 N5             1.000         1.000         1.000         1.000         1.000
 N6             1.000         1.000         1.000         1.000         1.000
 N7             1.000         1.000         1.000         1.000         1.000
 O1             1.000         1.000         1.000         1.000         1.000
 O2             1.000         1.000         1.000         1.000         1.000
 O3             1.000         1.000         1.000         1.000         1.000
 O4             1.000         1.000         1.000         1.000         1.000
 O5             1.000         1.000         1.000         1.000         1.000
 O6             1.000         1.000         1.000         1.000         1.000
 O7             1.000         1.000         1.000         1.000         1.000
 O8             1.000         1.000         1.000         1.000         1.000
 O9             1.000         1.000         1.000         1.000         1.000


           Covariance Coverage
              C5            C6            C7            C8            C9
              ________      ________      ________      ________      ________
 C5             1.000
 C6             1.000         1.000
 C7             1.000         1.000         1.000
 C8             1.000         1.000         1.000         1.000
 C9             1.000         1.000         1.000         1.000         1.000
 E1             1.000         1.000         1.000         1.000         1.000
 E2             1.000         1.000         1.000         1.000         1.000
 E3             1.000         1.000         1.000         1.000         1.000
 E4             1.000         1.000         1.000         1.000         1.000
 E5             1.000         1.000         1.000         1.000         1.000
 E6             1.000         1.000         1.000         1.000         1.000
 E7             1.000         1.000         1.000         1.000         1.000
 E8             1.000         1.000         1.000         1.000         1.000
 E9             1.000         1.000         1.000         1.000         1.000
 N1             1.000         1.000         1.000         1.000         1.000
 N2             1.000         1.000         1.000         1.000         1.000
 N3             1.000         1.000         1.000         1.000         1.000
 N4             1.000         1.000         1.000         1.000         1.000
 N5             1.000         1.000         1.000         1.000         1.000
 N6             1.000         1.000         1.000         1.000         1.000
 N7             1.000         1.000         1.000         1.000         1.000
 O1             1.000         1.000         1.000         1.000         1.000
 O2             1.000         1.000         1.000         1.000         1.000
 O3             1.000         1.000         1.000         1.000         1.000
 O4             1.000         1.000         1.000         1.000         1.000
 O5             1.000         1.000         1.000         1.000         1.000
 O6             1.000         1.000         1.000         1.000         1.000
 O7             1.000         1.000         1.000         1.000         1.000
 O8             1.000         1.000         1.000         1.000         1.000
 O9             1.000         1.000         1.000         1.000         1.000


           Covariance Coverage
              E1            E2            E3            E4            E5
              ________      ________      ________      ________      ________
 E1             1.000
 E2             1.000         1.000
 E3             1.000         1.000         1.000
 E4             1.000         1.000         1.000         1.000
 E5             1.000         1.000         1.000         1.000         1.000
 E6             1.000         1.000         1.000         1.000         1.000
 E7             1.000         1.000         1.000         1.000         1.000
 E8             1.000         1.000         1.000         1.000         1.000
 E9             1.000         1.000         1.000         1.000         1.000
 N1             1.000         1.000         1.000         1.000         1.000
 N2             1.000         1.000         1.000         1.000         1.000
 N3             1.000         1.000         1.000         1.000         1.000
 N4             1.000         1.000         1.000         1.000         1.000
 N5             1.000         1.000         1.000         1.000         1.000
 N6             1.000         1.000         1.000         1.000         1.000
 N7             1.000         1.000         1.000         1.000         1.000
 O1             1.000         1.000         1.000         1.000         1.000
 O2             1.000         1.000         1.000         1.000         1.000
 O3             1.000         1.000         1.000         1.000         1.000
 O4             1.000         1.000         1.000         1.000         1.000
 O5             1.000         1.000         1.000         1.000         1.000
 O6             1.000         1.000         1.000         1.000         1.000
 O7             1.000         1.000         1.000         1.000         1.000
 O8             1.000         1.000         1.000         1.000         1.000
 O9             1.000         1.000         1.000         1.000         1.000


           Covariance Coverage
              E6            E7            E8            E9            N1
              ________      ________      ________      ________      ________
 E6             1.000
 E7             1.000         1.000
 E8             1.000         1.000         1.000
 E9             1.000         1.000         1.000         1.000
 N1             1.000         1.000         1.000         1.000         1.000
 N2             1.000         1.000         1.000         1.000         1.000
 N3             1.000         1.000         1.000         1.000         1.000
 N4             1.000         1.000         1.000         1.000         1.000
 N5             1.000         1.000         1.000         1.000         1.000
 N6             1.000         1.000         1.000         1.000         1.000
 N7             1.000         1.000         1.000         1.000         1.000
 O1             1.000         1.000         1.000         1.000         1.000
 O2             1.000         1.000         1.000         1.000         1.000
 O3             1.000         1.000         1.000         1.000         1.000
 O4             1.000         1.000         1.000         1.000         1.000
 O5             1.000         1.000         1.000         1.000         1.000
 O6             1.000         1.000         1.000         1.000         1.000
 O7             1.000         1.000         1.000         1.000         1.000
 O8             1.000         1.000         1.000         1.000         1.000
 O9             1.000         1.000         1.000         1.000         1.000


           Covariance Coverage
              N2            N3            N4            N5            N6
              ________      ________      ________      ________      ________
 N2             1.000
 N3             1.000         1.000
 N4             1.000         1.000         1.000
 N5             1.000         1.000         1.000         1.000
 N6             1.000         1.000         1.000         1.000         1.000
 N7             1.000         1.000         1.000         1.000         1.000
 O1             1.000         1.000         1.000         1.000         1.000
 O2             1.000         1.000         1.000         1.000         1.000
 O3             1.000         1.000         1.000         1.000         1.000
 O4             1.000         1.000         1.000         1.000         1.000
 O5             1.000         1.000         1.000         1.000         1.000
 O6             1.000         1.000         1.000         1.000         1.000
 O7             1.000         1.000         1.000         1.000         1.000
 O8             1.000         1.000         1.000         1.000         1.000
 O9             1.000         1.000         1.000         1.000         1.000


           Covariance Coverage
              N7            O1            O2            O3            O4
              ________      ________      ________      ________      ________
 N7             1.000
 O1             1.000         1.000
 O2             1.000         1.000         1.000
 O3             1.000         1.000         1.000         1.000
 O4             1.000         1.000         1.000         1.000         1.000
 O5             1.000         1.000         1.000         1.000         1.000
 O6             1.000         1.000         1.000         1.000         1.000
 O7             1.000         1.000         1.000         1.000         1.000
 O8             1.000         1.000         1.000         1.000         1.000
 O9             1.000         1.000         1.000         1.000         1.000


           Covariance Coverage
              O5            O6            O7            O8            O9
              ________      ________      ________      ________      ________
 O5             1.000
 O6             1.000         1.000
 O7             1.000         1.000         1.000
 O8             1.000         1.000         1.000         1.000
 O9             1.000         1.000         1.000         1.000         1.000



THE MODEL ESTIMATION TERMINATED NORMALLY



MODEL FIT INFORMATION

Number of Free Parameters                      270

Loglikelihood

          H0 Value                      -11975.966
          H1 Value                      -11006.872

Information Criteria

          Akaike (AIC)                   24491.931
          Bayesian (BIC)                 25560.706
          Sample-Size Adjusted BIC       24704.023
            (n* = (n + 2) / 24)

Chi-Square Test of Model Fit

          Value                           1938.187
          Degrees of Freedom                   590
          P-Value                           0.0000

RMSEA (Root Mean Square Error Of Approximation)

          Estimate                           0.077
          90 Percent C.I.                    0.073  0.081
          Probability RMSEA <= .05           0.000

CFI/TLI

          CFI                                0.810
          TLI                                0.749

Chi-Square Test of Model Fit for the Baseline Model

          Value                           7878.980
          Degrees of Freedom                   780
          P-Value                           0.0000

SRMR (Standardized Root Mean Square Residual)

          Value                              0.045



MODEL RESULTS

                                                    Two-Tailed
                    Estimate       S.E.  Est./S.E.    P-Value

 AGREE    BY
    A1                -0.223      0.027     -8.275      0.000
    A2                 0.403      0.029     13.850      0.000
    A3                 0.450      0.027     16.799      0.000
    A6                -0.123      0.044     -2.779      0.005
    A7                 0.399      0.025     15.993      0.000
    A8                -0.157      0.022     -7.271      0.000
    C1                 0.567      0.041     13.924      0.000
    C2                 0.023      0.027      0.851      0.395
    C3                 0.172      0.028      6.169      0.000
    C4                 0.031      0.034      0.911      0.362
    C5                 0.000      0.021      0.000      1.000
    C6                -0.018      0.017     -1.070      0.284
    C7                 0.141      0.029      4.833      0.000
    C8                -0.022      0.023     -0.967      0.334
    C9                 0.021      0.016      1.281      0.200
    E1                -0.069      0.042     -1.645      0.100
    E2                 0.331      0.038      8.606      0.000
    E3                -0.009      0.021     -0.432      0.666
    E4                -0.020      0.026     -0.772      0.440
    E5                 0.494      0.037     13.209      0.000
    E6                 0.126      0.055      2.305      0.021
    E7                 0.069      0.040      1.719      0.086
    E8                -0.074      0.045     -1.637      0.102
    E9                 0.062      0.034      1.840      0.066
    N1                 0.308      0.044      7.006      0.000
    N2                 0.056      0.029      1.968      0.049
    N3                 0.008      0.017      0.445      0.656
    N4                 0.129      0.033      3.887      0.000
    N5                 0.017      0.016      1.110      0.267
    N6                -0.059      0.037     -1.604      0.109
    N7                 0.070      0.018      3.953      0.000
    O1                 0.250      0.028      8.811      0.000
    O2                 0.056      0.040      1.387      0.166
    O3                 0.028      0.026      1.072      0.284
    O4                -0.074      0.042     -1.745      0.081
    O5                -0.086      0.038     -2.268      0.023
    O6                 0.090      0.034      2.632      0.008
    O7                -0.001      0.023     -0.032      0.974
    O8                -0.091      0.047     -1.941      0.052
    O9                 0.173      0.042      4.105      0.000

 CONSC    BY
    A1                 0.044      0.026      1.696      0.090
    A2                -0.017      0.023     -0.744      0.457
    A3                 0.048      0.028      1.687      0.092
    A6                -0.046      0.037     -1.252      0.211
    A7                -0.018      0.023     -0.788      0.431
    A8                 0.030      0.024      1.270      0.204
    C1                 0.178      0.045      3.904      0.000
    C2                -0.371      0.042     -8.778      0.000
    C3                -0.107      0.026     -4.069      0.000
    C4                 0.370      0.045      8.158      0.000
    C5                 0.621      0.038     16.336      0.000
    C6                 0.154      0.024      6.433      0.000
    C7                -0.134      0.034     -3.971      0.000
    C8                 0.344      0.037      9.368      0.000
    C9                 0.302      0.022     13.559      0.000
    E1                -0.042      0.032     -1.308      0.191
    E2                -0.019      0.038     -0.492      0.623
    E3                -0.037      0.033     -1.146      0.252
    E4                 0.033      0.031      1.056      0.291
    E5                 0.158      0.042      3.780      0.000
    E6                -0.029      0.025     -1.183      0.237
    E7                -0.060      0.036     -1.685      0.092
    E8                 0.084      0.041      2.043      0.041
    E9                 0.484      0.046     10.610      0.000
    N1                 0.033      0.037      0.878      0.380
    N2                -0.048      0.033     -1.460      0.144
    N3                -0.014      0.021     -0.663      0.507
    N4                 0.150      0.041      3.629      0.000
    N5                -0.224      0.025     -9.145      0.000
    N6                 0.076      0.035      2.195      0.028
    N7                -0.001      0.014     -0.092      0.926
    O1                 0.019      0.024      0.783      0.434
    O2                -0.006      0.038     -0.154      0.878
    O3                 0.077      0.037      2.072      0.038
    O4                -0.037      0.043     -0.848      0.397
    O5                 0.004      0.033      0.127      0.899
    O6                -0.011      0.025     -0.460      0.646
    O7                 0.085      0.039      2.178      0.029
    O8                 0.007      0.024      0.312      0.755
    O9                 0.250      0.054      4.648      0.000

 EXTRA    BY
    A1                 0.082      0.032      2.555      0.011
    A2                -0.033      0.028     -1.182      0.237
    A3                -0.014      0.022     -0.635      0.525
    A6                 0.308      0.039      7.842      0.000
    A7                -0.011      0.024     -0.479      0.632
    A8                 0.032      0.026      1.245      0.213
    C1                 0.139      0.048      2.889      0.004
    C2                -0.020      0.034     -0.583      0.560
    C3                 0.149      0.026      5.695      0.000
    C4                -0.045      0.044     -1.037      0.300
    C5                 0.049      0.035      1.415      0.157
    C6                -0.083      0.022     -3.773      0.000
    C7                 0.031      0.029      1.047      0.295
    C8                -0.026      0.030     -0.883      0.377
    C9                 0.030      0.019      1.576      0.115
    E1                -0.444      0.040    -10.988      0.000
    E2                 0.083      0.044      1.863      0.062
    E3                -0.339      0.045     -7.571      0.000
    E4                 0.316      0.054      5.807      0.000
    E5                 0.172      0.046      3.764      0.000
    E6                 0.526      0.034     15.617      0.000
    E7                 0.299      0.041      7.371      0.000
    E8                 0.392      0.042      9.311      0.000
    E9                 0.136      0.046      2.980      0.003
    N1                 0.109      0.053      2.079      0.038
    N2                -0.204      0.063     -3.222      0.001
    N3                -0.077      0.062     -1.251      0.211
    N4                -0.040      0.039     -1.040      0.298
    N5                -0.017      0.025     -0.689      0.491
    N6                 0.205      0.061      3.384      0.001
    N7                -0.035      0.031     -1.137      0.255
    O1                 0.030      0.026      1.137      0.256
    O2                 0.265      0.046      5.770      0.000
    O3                 0.008      0.026      0.308      0.758
    O4                 0.035      0.043      0.831      0.406
    O5                 0.083      0.041      2.036      0.042
    O6                 0.014      0.027      0.515      0.607
    O7                 0.031      0.030      1.020      0.308
    O8                 0.392      0.037     10.684      0.000
    O9                -0.044      0.041     -1.067      0.286

 NEURO    BY
    A1                 0.029      0.024      1.175      0.240
    A2                 0.110      0.032      3.377      0.001
    A3                 0.095      0.028      3.448      0.001
    A6                 0.012      0.038      0.315      0.753
    A7                 0.008      0.022      0.352      0.725
    A8                 0.057      0.023      2.474      0.013
    C1                 0.002      0.028      0.080      0.936
    C2                 0.288      0.043      6.634      0.000
    C3                 0.165      0.033      4.983      0.000
    C4                 0.157      0.047      3.306      0.001
    C5                 0.127      0.046      2.774      0.006
    C6                -0.007      0.016     -0.411      0.681
    C7                 0.148      0.033      4.480      0.000
    C8                 0.247      0.040      6.258      0.000
    C9                -0.006      0.015     -0.440      0.660
    E1                 0.080      0.072      1.102      0.270
    E2                -0.039      0.039     -0.980      0.327
    E3                 0.090      0.064      1.391      0.164
    E4                -0.330      0.061     -5.384      0.000
    E5                -0.039      0.034     -1.141      0.254
    E6                 0.157      0.081      1.952      0.051
    E7                -0.102      0.058     -1.745      0.081
    E8                -0.039      0.058     -0.672      0.502
    E9                -0.103      0.053     -1.957      0.050
    N1                 0.351      0.044      8.069      0.000
    N2                 0.447      0.050      8.972      0.000
    N3                 0.483      0.031     15.409      0.000
    N4                -0.300      0.037     -8.150      0.000
    N5                 0.232      0.026      8.992      0.000
    N6                 0.459      0.039     11.784      0.000
    N7                 0.244      0.020     12.026      0.000
    O1                 0.025      0.025      1.011      0.312
    O2                -0.102      0.060     -1.714      0.087
    O3                -0.106      0.039     -2.746      0.006
    O4                -0.106      0.051     -2.084      0.037
    O5                 0.025      0.035      0.706      0.480
    O6                 0.086      0.041      2.107      0.035
    O7                -0.102      0.045     -2.263      0.024
    O8                 0.100      0.064      1.561      0.119
    O9                -0.204      0.050     -4.041      0.000

 OPEN     BY
    A1                 0.188      0.029      6.398      0.000
    A2                -0.071      0.031     -2.259      0.024
    A3                 0.047      0.026      1.814      0.070
    A6                 0.113      0.041      2.737      0.006
    A7                -0.016      0.022     -0.745      0.456
    A8                 0.012      0.022      0.527      0.598
    C1                 0.066      0.037      1.783      0.075
    C2                -0.038      0.032     -1.171      0.242
    C3                -0.030      0.019     -1.536      0.125
    C4                 0.081      0.046      1.777      0.076
    C5                 0.010      0.021      0.481      0.630
    C6                 0.157      0.023      6.812      0.000
    C7                -0.055      0.031     -1.769      0.077
    C8                -0.092      0.037     -2.497      0.013
    C9                -0.070      0.022     -3.137      0.002
    E1                 0.025      0.029      0.890      0.373
    E2                 0.028      0.039      0.704      0.481
    E3                 0.272      0.038      7.187      0.000
    E4                 0.032      0.031      1.032      0.302
    E5                 0.034      0.028      1.185      0.236
    E6                 0.008      0.017      0.452      0.651
    E7                 0.213      0.038      5.553      0.000
    E8                 0.056      0.042      1.349      0.177
    E9                -0.163      0.044     -3.741      0.000
    N1                -0.027      0.035     -0.761      0.446
    N2                 0.011      0.026      0.425      0.671
    N3                 0.098      0.028      3.438      0.001
    N4                 0.079      0.038      2.101      0.036
    N5                 0.005      0.015      0.304      0.761
    N6                 0.051      0.031      1.635      0.102
    N7                 0.027      0.018      1.481      0.138
    O1                 0.228      0.029      7.752      0.000
    O2                 0.265      0.045      5.857      0.000
    O3                 0.358      0.035     10.278      0.000
    O4                 0.442      0.049      9.068      0.000
    O5                 0.381      0.040      9.452      0.000
    O6                 0.503      0.033     15.439      0.000
    O7                 0.501      0.038     13.131      0.000
    O8                 0.139      0.037      3.720      0.000
    O9                 0.248      0.049      5.076      0.000

 CONSC    WITH
    AGREE              0.031      0.052      0.591      0.554

 EXTRA    WITH
    AGREE              0.111      0.059      1.900      0.057
    CONSC              0.242      0.059      4.118      0.000

 NEURO    WITH
    AGREE              0.076      0.057      1.337      0.181
    CONSC             -0.302      0.056     -5.355      0.000
    EXTRA             -0.147      0.058     -2.524      0.012

 OPEN     WITH
    AGREE             -0.001      0.047     -0.018      0.986
    CONSC              0.300      0.050      5.968      0.000
    EXTRA              0.293      0.049      6.001      0.000
    NEURO             -0.007      0.062     -0.120      0.905

 Intercepts
    A1                -0.013      0.026     -0.494      0.622
    A2                 0.020      0.031      0.630      0.529
    A3                 0.003      0.030      0.100      0.921
    A6                -0.004      0.035     -0.122      0.903
    A7                 0.003      0.027      0.102      0.919
    A8                 0.000      0.020     -0.014      0.988
    C1                 0.000      0.043      0.005      0.996
    C2                 0.009      0.038      0.225      0.822
    C3                -0.001      0.023     -0.031      0.975
    C4                 0.000      0.038     -0.009      0.993
    C5                -0.002      0.038     -0.056      0.955
    C6                -0.001      0.020     -0.074      0.941
    C7                 0.005      0.028      0.163      0.871
    C8                 0.000      0.031      0.001      0.999
    C9                -0.001      0.021     -0.040      0.968
    E1                 0.001      0.034      0.039      0.969
    E2                 0.009      0.037      0.247      0.805
    E3                -0.004      0.034     -0.119      0.905
    E4                -0.011      0.036     -0.301      0.763
    E5                 0.003      0.038      0.087      0.931
    E6                -0.001      0.034     -0.019      0.985
    E7                -0.004      0.035     -0.106      0.915
    E8                -0.002      0.039     -0.046      0.963
    E9                -0.005      0.041     -0.121      0.903
    N1                 0.006      0.040      0.144      0.886
    N2                 0.014      0.037      0.376      0.707
    N3                 0.001      0.031      0.019      0.985
    N4                -0.003      0.033     -0.077      0.939
    N5                 0.003      0.024      0.113      0.910
    N6                 0.002      0.031      0.054      0.957
    N7                 0.002      0.019      0.101      0.920
    O1                -0.002      0.028     -0.055      0.956
    O2                -0.061      0.040     -1.504      0.133
    O3                -0.003      0.032     -0.082      0.935
    O4                -0.023      0.043     -0.528      0.597
    O5                -0.005      0.036     -0.132      0.895
    O6                -0.004      0.034     -0.117      0.907
    O7                -0.013      0.038     -0.339      0.734
    O8                -0.002      0.034     -0.056      0.955
    O9                -0.015      0.043     -0.336      0.737

 Variances
    AGREE              1.000      0.000    999.000    999.000
    CONSC              1.000      0.000    999.000    999.000
    EXTRA              1.000      0.000    999.000    999.000
    NEURO              1.000      0.000    999.000    999.000
    OPEN               1.000      0.000    999.000    999.000

 Residual Variances
    A1                 0.153      0.012     12.425      0.000
    A2                 0.182      0.015     11.819      0.000
    A3                 0.124      0.012     10.621      0.000
    A6                 0.349      0.027     13.032      0.000
    A7                 0.131      0.011     11.541      0.000
    A8                 0.134      0.010     13.381      0.000
    C1                 0.281      0.025     11.295      0.000
    C2                 0.265      0.022     12.328      0.000
    C3                 0.103      0.008     12.232      0.000
    C4                 0.414      0.032     12.820      0.000
    C5                 0.175      0.021      8.157      0.000
    C6                 0.099      0.008     12.245      0.000
    C7                 0.224      0.017     13.404      0.000
    C8                 0.258      0.022     11.772      0.000
    C9                 0.084      0.008     11.036      0.000
    E1                 0.227      0.019     11.858      0.000
    E2                 0.396      0.030     13.294      0.000
    E3                 0.294      0.024     12.132      0.000
    E4                 0.254      0.021     12.182      0.000
    E5                 0.223      0.020     11.307      0.000
    E6                 0.136      0.015      8.794      0.000
    E7                 0.297      0.023     12.777      0.000
    E8                 0.378      0.029     12.850      0.000
    E9                 0.342      0.029     11.990      0.000
    N1                 0.392      0.030     12.986      0.000
    N2                 0.238      0.020     11.982      0.000
    N3                 0.102      0.010      9.739      0.000
    N4                 0.267      0.021     12.879      0.000
    N5                 0.078      0.007     11.547      0.000
    N6                 0.151      0.015     10.361      0.000
    N7                 0.071      0.006     12.391      0.000
    O1                 0.174      0.014     12.414      0.000
    O2                 0.427      0.033     13.050      0.000
    O3                 0.238      0.019     12.319      0.000
    O4                 0.502      0.040     12.635      0.000
    O5                 0.336      0.027     12.620      0.000
    O6                 0.175      0.018      9.954      0.000
    O7                 0.238      0.022     10.748      0.000
    O8                 0.232      0.019     12.021      0.000
    O9                 0.476      0.036     13.058      0.000


STANDARDIZED MODEL RESULTS


STDYX Standardization

                                                    Two-Tailed
                    Estimate       S.E.  Est./S.E.    P-Value

 AGREE    BY
    A1                -0.440      0.048     -9.082      0.000
    A2                 0.661      0.035     19.025      0.000
    A3                 0.766      0.028     27.161      0.000
    A6                -0.179      0.064     -2.808      0.005
    A7                 0.741      0.028     26.183      0.000
    A8                -0.392      0.049     -8.035      0.000
    C1                 0.675      0.037     18.419      0.000
    C2                 0.031      0.036      0.852      0.394
    C3                 0.387      0.060      6.469      0.000
    C4                 0.042      0.046      0.912      0.362
    C5                 0.000      0.028      0.000      1.000
    C6                -0.046      0.043     -1.072      0.284
    C7                 0.257      0.051      5.002      0.000
    C8                -0.036      0.038     -0.967      0.334
    C9                 0.050      0.039      1.282      0.200
    E1                -0.102      0.062     -1.648      0.099
    E2                 0.459      0.046      9.888      0.000
    E3                -0.014      0.032     -0.432      0.666
    E4                -0.028      0.037     -0.773      0.440
    E5                 0.654      0.039     16.672      0.000
    E6                 0.189      0.081      2.318      0.020
    E7                 0.099      0.058      1.724      0.085
    E8                -0.097      0.059     -1.642      0.101
    E9                 0.077      0.042      1.844      0.065
    N1                 0.388      0.052      7.516      0.000
    N2                 0.077      0.039      1.973      0.048
    N3                 0.013      0.029      0.445      0.657
    N4                 0.198      0.050      3.955      0.000
    N5                 0.037      0.033      1.110      0.267
    N6                -0.096      0.060     -1.607      0.108
    N7                 0.186      0.046      4.003      0.000
    O1                 0.457      0.046      9.864      0.000
    O2                 0.070      0.050      1.390      0.165
    O3                 0.044      0.041      1.073      0.283
    O4                -0.088      0.050     -1.751      0.080
    O5                -0.120      0.053     -2.280      0.023
    O6                 0.135      0.051      2.649      0.008
    O7                -0.001      0.032     -0.032      0.974
    O8                -0.138      0.071     -1.946      0.052
    O9                 0.203      0.049      4.185      0.000

 CONSC    BY
    A1                 0.087      0.051      1.701      0.089
    A2                -0.028      0.038     -0.744      0.457
    A3                 0.081      0.048      1.690      0.091
    A6                -0.067      0.054     -1.254      0.210
    A7                -0.034      0.043     -0.788      0.430
    A8                 0.075      0.059      1.273      0.203
    C1                 0.211      0.053      3.954      0.000
    C2                -0.493      0.051     -9.629      0.000
    C3                -0.240      0.058     -4.125      0.000
    C4                 0.494      0.054      9.152      0.000
    C5                 0.839      0.035     24.215      0.000
    C6                 0.390      0.057      6.826      0.000
    C7                -0.244      0.060     -4.064      0.000
    C8                 0.562      0.052     10.727      0.000
    C9                 0.726      0.040     18.319      0.000
    E1                -0.061      0.047     -1.310      0.190
    E2                -0.026      0.053     -0.492      0.623
    E3                -0.056      0.049     -1.147      0.251
    E4                 0.046      0.044      1.057      0.290
    E5                 0.210      0.055      3.825      0.000
    E6                -0.044      0.037     -1.183      0.237
    E7                -0.087      0.051     -1.689      0.091
    E8                 0.110      0.054      2.053      0.040
    E9                 0.603      0.048     12.512      0.000
    N1                 0.041      0.047      0.879      0.379
    N2                -0.066      0.045     -1.463      0.143
    N3                -0.023      0.034     -0.663      0.507
    N4                 0.230      0.062      3.691      0.000
    N5                -0.482      0.049     -9.860      0.000
    N6                 0.124      0.056      2.202      0.028
    N7                -0.004      0.039     -0.092      0.926
    O1                 0.035      0.045      0.783      0.433
    O2                -0.007      0.048     -0.154      0.878
    O3                 0.121      0.058      2.083      0.037
    O4                -0.043      0.051     -0.848      0.396
    O5                 0.006      0.046      0.127      0.899
    O6                -0.017      0.037     -0.460      0.646
    O7                 0.115      0.053      2.188      0.029
    O8                 0.011      0.036      0.312      0.755
    O9                 0.294      0.061      4.796      0.000

 EXTRA    BY
    A1                 0.162      0.063      2.573      0.010
    A2                -0.055      0.046     -1.183      0.237
    A3                -0.023      0.037     -0.636      0.525
    A6                 0.446      0.051      8.705      0.000
    A7                -0.021      0.044     -0.480      0.632
    A8                 0.080      0.064      1.248      0.212
    C1                 0.166      0.057      2.897      0.004
    C2                -0.026      0.045     -0.584      0.559
    C3                 0.334      0.057      5.845      0.000
    C4                -0.060      0.058     -1.038      0.299
    C5                 0.067      0.047      1.417      0.156
    C6                -0.211      0.055     -3.826      0.000
    C7                 0.056      0.053      1.048      0.295
    C8                -0.043      0.049     -0.883      0.377
    C9                 0.072      0.045      1.581      0.114
    E1                -0.656      0.050    -13.187      0.000
    E2                 0.115      0.061      1.871      0.061
    E3                -0.505      0.061     -8.263      0.000
    E4                 0.441      0.073      6.023      0.000
    E5                 0.228      0.060      3.791      0.000
    E6                 0.788      0.037     21.134      0.000
    E7                 0.431      0.054      7.982      0.000
    E8                 0.515      0.048     10.766      0.000
    E9                 0.169      0.056      3.009      0.003
    N1                 0.138      0.066      2.086      0.037
    N2                -0.280      0.086     -3.252      0.001
    N3                -0.129      0.103     -1.253      0.210
    N4                -0.062      0.060     -1.040      0.298
    N5                -0.037      0.053     -0.690      0.490
    N6                 0.334      0.098      3.403      0.001
    N7                -0.093      0.082     -1.138      0.255
    O1                 0.054      0.047      1.138      0.255
    O2                 0.333      0.055      6.061      0.000
    O3                 0.013      0.041      0.308      0.758
    O4                 0.042      0.050      0.832      0.405
    O5                 0.116      0.057      2.046      0.041
    O6                 0.020      0.040      0.515      0.606
    O7                 0.041      0.040      1.021      0.307
    O8                 0.594      0.047     12.683      0.000
    O9                -0.052      0.049     -1.067      0.286

 NEURO    BY
    A1                 0.057      0.048      1.175      0.240
    A2                 0.180      0.053      3.411      0.001
    A3                 0.161      0.047      3.467      0.001
    A6                 0.017      0.055      0.315      0.753
    A7                 0.014      0.040      0.352      0.725
    A8                 0.142      0.057      2.497      0.013
    C1                 0.003      0.033      0.080      0.936
    C2                 0.383      0.055      6.972      0.000
    C3                 0.371      0.072      5.130      0.000
    C4                 0.209      0.062      3.357      0.001
    C5                 0.172      0.062      2.785      0.005
    C6                -0.017      0.041     -0.411      0.681
    C7                 0.269      0.058      4.622      0.000
    C8                 0.404      0.061      6.614      0.000
    C9                -0.015      0.035     -0.440      0.660
    E1                 0.118      0.107      1.103      0.270
    E2                -0.054      0.055     -0.982      0.326
    E3                 0.133      0.096      1.393      0.164
    E4                -0.461      0.083     -5.580      0.000
    E5                -0.052      0.045     -1.142      0.253
    E6                 0.236      0.121      1.957      0.050
    E7                -0.147      0.084     -1.750      0.080
    E8                -0.051      0.077     -0.672      0.501
    E9                -0.128      0.065     -1.963      0.050
    N1                 0.443      0.050      8.840      0.000
    N2                 0.615      0.062      9.973      0.000
    N3                 0.804      0.038     20.936      0.000
    N4                -0.460      0.051     -9.002      0.000
    N5                 0.497      0.051      9.794      0.000
    N6                 0.750      0.053     14.099      0.000
    N7                 0.650      0.043     15.121      0.000
    O1                 0.046      0.045      1.012      0.312
    O2                -0.129      0.075     -1.720      0.086
    O3                -0.166      0.060     -2.769      0.006
    O4                -0.126      0.060     -2.095      0.036
    O5                 0.035      0.049      0.707      0.480
    O6                 0.129      0.061      2.114      0.035
    O7                -0.138      0.061     -2.272      0.023
    O8                 0.152      0.097      1.563      0.118
    O9                -0.240      0.058     -4.125      0.000

 OPEN     BY
    A1                 0.372      0.055      6.747      0.000
    A2                -0.116      0.051     -2.267      0.023
    A3                 0.080      0.044      1.818      0.069
    A6                 0.164      0.059      2.766      0.006
    A7                -0.030      0.040     -0.745      0.456
    A8                 0.029      0.055      0.527      0.598
    C1                 0.078      0.044      1.787      0.074
    C2                -0.050      0.043     -1.172      0.241
    C3                -0.067      0.043     -1.538      0.124
    C4                 0.108      0.061      1.783      0.075
    C5                 0.014      0.029      0.481      0.631
    C6                 0.398      0.055      7.255      0.000
    C7                -0.100      0.056     -1.776      0.076
    C8                -0.150      0.060     -2.512      0.012
    C9                -0.167      0.053     -3.160      0.002
    E1                 0.038      0.042      0.890      0.373
    E2                 0.038      0.054      0.705      0.481
    E3                 0.406      0.053      7.673      0.000
    E4                 0.045      0.044      1.033      0.302
    E5                 0.044      0.037      1.186      0.236
    E6                 0.012      0.026      0.453      0.651
    E7                 0.307      0.053      5.777      0.000
    E8                 0.074      0.055      1.352      0.176
    E9                -0.203      0.054     -3.783      0.000
    N1                -0.034      0.044     -0.762      0.446
    N2                 0.015      0.036      0.425      0.671
    N3                 0.163      0.047      3.460      0.001
    N4                 0.121      0.057      2.110      0.035
    N5                 0.010      0.033      0.304      0.761
    N6                 0.084      0.051      1.640      0.101
    N7                 0.072      0.048      1.485      0.138
    O1                 0.417      0.050      8.353      0.000
    O2                 0.333      0.054      6.156      0.000
    O3                 0.561      0.046     12.108      0.000
    O4                 0.523      0.050     10.472      0.000
    O5                 0.532      0.048     11.016      0.000
    O6                 0.754      0.034     22.303      0.000
    O7                 0.675      0.040     16.814      0.000
    O8                 0.211      0.056      3.776      0.000
    O9                 0.292      0.056      5.249      0.000

 CONSC    WITH
    AGREE              0.031      0.052      0.591      0.554

 EXTRA    WITH
    AGREE              0.111      0.059      1.900      0.057
    CONSC              0.242      0.059      4.118      0.000

 NEURO    WITH
    AGREE              0.076      0.057      1.337      0.181
    CONSC             -0.302      0.056     -5.355      0.000
    EXTRA             -0.147      0.058     -2.524      0.012

 OPEN     WITH
    AGREE             -0.001      0.047     -0.018      0.986
    CONSC              0.300      0.050      5.968      0.000
    EXTRA              0.293      0.049      6.001      0.000
    NEURO             -0.007      0.062     -0.120      0.905

 Intercepts
    A1                -0.025      0.051     -0.493      0.622
    A2                 0.032      0.051      0.629      0.529
    A3                 0.005      0.051      0.100      0.921
    A6                -0.006      0.051     -0.122      0.903
    A7                 0.005      0.051      0.102      0.919
    A8                -0.001      0.051     -0.014      0.988
    C1                 0.000      0.051      0.005      0.996
    C2                 0.011      0.051      0.225      0.822
    C3                -0.002      0.051     -0.031      0.975
    C4                 0.000      0.051     -0.009      0.993
    C5                -0.003      0.051     -0.056      0.955
    C6                -0.004      0.051     -0.074      0.941
    C7                 0.008      0.051      0.163      0.871
    C8                 0.000      0.051      0.001      0.999
    C9                -0.002      0.051     -0.040      0.968
    E1                 0.002      0.051      0.039      0.969
    E2                 0.013      0.051      0.247      0.805
    E3                -0.006      0.051     -0.119      0.905
    E4                -0.015      0.051     -0.301      0.763
    E5                 0.004      0.051      0.087      0.931
    E6                -0.001      0.051     -0.019      0.985
    E7                -0.005      0.051     -0.106      0.915
    E8                -0.002      0.051     -0.046      0.963
    E9                -0.006      0.051     -0.121      0.903
    N1                 0.007      0.051      0.144      0.886
    N2                 0.019      0.051      0.376      0.707
    N3                 0.001      0.051      0.019      0.985
    N4                -0.004      0.051     -0.077      0.939
    N5                 0.006      0.051      0.113      0.910
    N6                 0.003      0.051      0.054      0.957
    N7                 0.005      0.051      0.101      0.920
    O1                -0.003      0.051     -0.055      0.956
    O2                -0.076      0.051     -1.502      0.133
    O3                -0.004      0.051     -0.082      0.935
    O4                -0.027      0.051     -0.528      0.597
    O5                -0.007      0.051     -0.132      0.895
    O6                -0.006      0.051     -0.117      0.907
    O7                -0.017      0.051     -0.339      0.734
    O8                -0.003      0.051     -0.056      0.955
    O9                -0.017      0.051     -0.336      0.737

 Variances
    AGREE              1.000      0.000    999.000    999.000
    CONSC              1.000      0.000    999.000    999.000
    EXTRA              1.000      0.000    999.000    999.000
    NEURO              1.000      0.000    999.000    999.000
    OPEN               1.000      0.000    999.000    999.000

 Residual Variances
    A1                 0.597      0.044     13.509      0.000
    A2                 0.491      0.042     11.745      0.000
    A3                 0.360      0.037      9.848      0.000
    A6                 0.735      0.043     16.993      0.000
    A7                 0.450      0.040     11.162      0.000
    A8                 0.835      0.038     21.698      0.000
    C1                 0.398      0.038     10.606      0.000
    C2                 0.467      0.039     12.021      0.000
    C3                 0.518      0.042     12.410      0.000
    C4                 0.738      0.044     16.611      0.000
    C5                 0.318      0.041      7.691      0.000
    C6                 0.635      0.046     13.769      0.000
    C7                 0.739      0.041     17.985      0.000
    C8                 0.688      0.050     13.769      0.000
    C9                 0.482      0.044     10.913      0.000
    E1                 0.496      0.042     11.822      0.000
    E2                 0.763      0.041     18.434      0.000
    E3                 0.654      0.047     13.862      0.000
    E4                 0.493      0.041     12.121      0.000
    E5                 0.391      0.037     10.570      0.000
    E6                 0.306      0.037      8.182      0.000
    E7                 0.619      0.043     14.294      0.000
    E8                 0.651      0.044     14.908      0.000
    E9                 0.531      0.043     12.279      0.000
    N1                 0.622      0.043     14.639      0.000
    N2                 0.449      0.039     11.554      0.000
    N3                 0.282      0.032      8.840      0.000
    N4                 0.630      0.043     14.604      0.000
    N5                 0.361      0.034     10.576      0.000
    N6                 0.401      0.041      9.836      0.000
    N7                 0.500      0.040     12.389      0.000
    O1                 0.582      0.044     13.308      0.000
    O2                 0.677      0.043     15.738      0.000
    O3                 0.583      0.044     13.204      0.000
    O4                 0.701      0.045     15.454      0.000
    O5                 0.655      0.045     14.628      0.000
    O6                 0.392      0.042      9.447      0.000
    O7                 0.432      0.042     10.338      0.000
    O8                 0.533      0.043     12.326      0.000
    O9                 0.658      0.043     15.380      0.000


R-SQUARE

    Observed                                        Two-Tailed
    Variable        Estimate       S.E.  Est./S.E.    P-Value

    A1                 0.403      0.044      9.138      0.000
    A2                 0.509      0.042     12.167      0.000
    A3                 0.640      0.037     17.501      0.000
    A6                 0.265      0.043      6.137      0.000
    A7                 0.550      0.040     13.651      0.000
    A8                 0.165      0.038      4.292      0.000
    C1                 0.602      0.038     16.032      0.000
    C2                 0.533      0.039     13.716      0.000
    C3                 0.482      0.042     11.530      0.000
    C4                 0.262      0.044      5.897      0.000
    C5                 0.682      0.041     16.467      0.000
    C6                 0.365      0.046      7.917      0.000
    C7                 0.261      0.041      6.339      0.000
    C8                 0.312      0.050      6.248      0.000
    C9                 0.518      0.044     11.724      0.000
    E1                 0.504      0.042     12.021      0.000
    E2                 0.237      0.041      5.735      0.000
    E3                 0.346      0.047      7.341      0.000
    E4                 0.507      0.041     12.441      0.000
    E5                 0.609      0.037     16.477      0.000
    E6                 0.694      0.037     18.566      0.000
    E7                 0.381      0.043      8.795      0.000
    E8                 0.349      0.044      8.008      0.000
    E9                 0.469      0.043     10.833      0.000
    N1                 0.378      0.043      8.886      0.000
    N2                 0.551      0.039     14.167      0.000
    N3                 0.718      0.032     22.521      0.000
    N4                 0.370      0.043      8.589      0.000
    N5                 0.639      0.034     18.747      0.000
    N6                 0.599      0.041     14.680      0.000
    N7                 0.500      0.040     12.400      0.000
    O1                 0.418      0.044      9.576      0.000
    O2                 0.323      0.043      7.493      0.000
    O3                 0.417      0.044      9.460      0.000
    O4                 0.299      0.045      6.595      0.000
    O5                 0.345      0.045      7.692      0.000
    O6                 0.608      0.042     14.636      0.000
    O7                 0.568      0.042     13.577      0.000
    O8                 0.467      0.043     10.814      0.000
    O9                 0.342      0.043      7.980      0.000


QUALITY OF NUMERICAL RESULTS

     Condition Number for the Information Matrix              0.160E-02
       (ratio of smallest to largest eigenvalue)


MODEL MODIFICATION INDICES

NOTE:  Modification indices for direct effects of observed dependent variables
regressed on covariates may not be included.  To include these, request
MODINDICES (ALL).

Minimum M.I. value for printing the modification index     4.000

                                   M.I.     E.P.C.  Std E.P.C.  StdYX E.P.C.

BY Statements

OPEN     BY A3                   999.000     0.000      0.000        0.000

WITH Statements

A2       WITH A1                  37.256    -0.059     -0.059       -0.353
A3       WITH A2                   9.820    -0.030     -0.030       -0.200
A6       WITH A3                   4.627     0.026      0.026        0.127
A7       WITH A2                   8.319     0.027      0.027        0.177
A8       WITH A1                   8.294     0.022      0.022        0.157
A8       WITH A2                   6.178    -0.022     -0.022       -0.138
A8       WITH A3                   6.142    -0.019     -0.019       -0.145
A8       WITH A6                   7.235     0.031      0.031        0.143
C1       WITH A1                   6.335     0.030      0.030        0.147
C1       WITH A2                  14.982    -0.053     -0.053       -0.234
C1       WITH A3                  24.011     0.060      0.060        0.323
C1       WITH A7                   9.438    -0.037     -0.037       -0.193
C3       WITH A2                   7.897     0.022      0.022        0.162
C3       WITH C1                  15.927    -0.040     -0.040       -0.234
C4       WITH A3                   4.033     0.027      0.027        0.118
C4       WITH A6                   7.374     0.056      0.056        0.147
C4       WITH A7                   6.348     0.034      0.034        0.144
C4       WITH C3                   5.963    -0.028     -0.028       -0.136
C5       WITH A2                   7.135     0.032      0.032        0.179
C5       WITH A3                   6.516    -0.027     -0.027       -0.180
C5       WITH C3                   9.309     0.027      0.027        0.205
C6       WITH A3                   6.402     0.017      0.017        0.151
C6       WITH C3                  18.275    -0.024     -0.024       -0.243
C6       WITH C4                  58.321     0.086      0.086        0.423
C7       WITH A3                   5.539    -0.023     -0.023       -0.137
C7       WITH A7                   6.627     0.025      0.025        0.145
C7       WITH A8                   7.143     0.024      0.024        0.141
C7       WITH C3                  18.944     0.036      0.036        0.239
C7       WITH C4                   7.605    -0.045     -0.045       -0.147
C7       WITH C5                   5.082     0.029      0.029        0.145
C7       WITH C6                  12.138    -0.028     -0.028       -0.189
C8       WITH A3                  13.575    -0.040     -0.040       -0.223
C8       WITH C4                   5.126    -0.042     -0.042       -0.128
C8       WITH C5                  58.027     0.119      0.119        0.562
C8       WITH C6                   9.884    -0.029     -0.029       -0.179
C8       WITH C7                  10.163     0.042      0.042        0.175
C9       WITH C1                   5.028    -0.021     -0.021       -0.137
C9       WITH C3                   4.580     0.012      0.012        0.127
C9       WITH C4                   6.447    -0.028     -0.028       -0.149
C9       WITH C6                   7.202    -0.014     -0.014       -0.158
E1       WITH A2                   6.114     0.029      0.029        0.144
E1       WITH A6                  10.561     0.052      0.052        0.185
E1       WITH A8                   8.626     0.028      0.028        0.163
E2       WITH A2                   8.463     0.043      0.043        0.162
E2       WITH A3                   7.508    -0.036     -0.036       -0.161
E2       WITH A8                  13.107     0.044      0.044        0.191
E2       WITH C3                   6.026     0.027      0.027        0.135
E2       WITH C4                   6.903    -0.057     -0.057       -0.141
E2       WITH C6                   8.137    -0.031     -0.031       -0.155
E2       WITH C7                  12.370     0.055      0.055        0.185
E2       WITH C9                   7.306     0.028      0.028        0.154
E3       WITH C3                   5.754     0.024      0.024        0.137
E3       WITH E1                  10.805     0.050      0.050        0.195
E4       WITH A1                   6.170    -0.028     -0.028       -0.140
E4       WITH A2                   5.399     0.029      0.029        0.133
E4       WITH A6                   4.634     0.036      0.036        0.120
E4       WITH C1                   4.426    -0.033     -0.033       -0.123
E4       WITH C3                   5.461     0.021      0.021        0.133
E4       WITH C6                   4.119     0.018      0.018        0.115
E4       WITH E1                   5.061     0.032      0.032        0.133
E4       WITH E3                  12.561     0.056      0.056        0.204
E5       WITH A1                   6.563     0.028      0.028        0.150
E5       WITH A2                  25.828    -0.062     -0.062       -0.307
E5       WITH A3                  12.831     0.039      0.039        0.235
E5       WITH A8                  10.089     0.031      0.031        0.179
E5       WITH C1                  78.520     0.140      0.140        0.559
E5       WITH C3                   6.941    -0.023     -0.023       -0.155
E5       WITH C5                   9.066    -0.041     -0.041       -0.207
E5       WITH C7                   9.007    -0.038     -0.038       -0.169
E5       WITH E2                   5.672    -0.040     -0.040       -0.135
E5       WITH E4                  16.010    -0.056     -0.056       -0.234
E6       WITH A1                   4.112    -0.019     -0.019       -0.133
E6       WITH A2                   4.508     0.022      0.022        0.141
E6       WITH C3                   7.117    -0.022     -0.022       -0.184
E6       WITH C4                  10.422     0.049      0.049        0.207
E6       WITH C5                   6.474    -0.030     -0.030       -0.196
E6       WITH C6                   5.799     0.018      0.018        0.159
E6       WITH E1                   6.599    -0.033     -0.033       -0.190
E6       WITH E2                   9.502    -0.045     -0.045       -0.195
E6       WITH E5                   4.651     0.026      0.026        0.148
E7       WITH A1                   5.350     0.027      0.027        0.129
E7       WITH A7                   9.481     0.035      0.035        0.177
E7       WITH C1                   6.926    -0.044     -0.044       -0.151
E7       WITH C3                   5.134     0.022      0.022        0.127
E7       WITH E3                   4.455     0.035      0.035        0.119
E8       WITH A1                   7.020     0.035      0.035        0.147
E8       WITH A2                   5.060    -0.033     -0.033       -0.127
E8       WITH A6                  16.855     0.081      0.081        0.224
E8       WITH E3                  17.334    -0.078     -0.078       -0.234
E8       WITH E4                   5.879    -0.042     -0.042       -0.136
E8       WITH E5                   4.353     0.035      0.035        0.119
E8       WITH E7                   6.342     0.046      0.046        0.139
E9       WITH A8                   4.169     0.024      0.024        0.113
E9       WITH C2                   6.178     0.043      0.043        0.144
E9       WITH C9                  14.603     0.041      0.041        0.240
E9       WITH E2                  11.098     0.068      0.068        0.184
E9       WITH E4                   8.043     0.048      0.048        0.163
E9       WITH E6                   9.001    -0.043     -0.043       -0.199
N1       WITH A2                  13.257     0.055      0.055        0.205
N1       WITH A3                   5.304    -0.030     -0.030       -0.137
N1       WITH A6                   8.197    -0.057     -0.057       -0.155
N1       WITH A8                   5.377    -0.028     -0.028       -0.124
N1       WITH E4                   9.627     0.054      0.054        0.172
N1       WITH E5                   8.264    -0.049     -0.049       -0.165
N1       WITH E8                   6.299    -0.052     -0.052       -0.136
N2       WITH A2                   5.874    -0.029     -0.029       -0.140
N2       WITH A6                   5.239    -0.037     -0.037       -0.128
N2       WITH A7                   4.609    -0.022     -0.022       -0.127
N2       WITH A8                   7.433     0.027      0.027        0.150
N2       WITH C4                   7.997    -0.050     -0.050       -0.159
N2       WITH C5                  11.642    -0.047     -0.047       -0.230
N2       WITH C9                   8.297     0.024      0.024        0.172
N2       WITH E1                   5.572    -0.032     -0.032       -0.139
N2       WITH E4                  45.905    -0.098     -0.098       -0.397
N2       WITH E5                   5.540     0.032      0.032        0.139
N2       WITH E9                   8.448     0.048      0.048        0.168
N2       WITH N1                   9.222    -0.052     -0.052       -0.171
N3       WITH A7                   4.649     0.016      0.016        0.141
N3       WITH C2                   4.051    -0.021     -0.021       -0.129
N3       WITH E4                   5.809    -0.026     -0.026       -0.160
N3       WITH N2                  15.930     0.043      0.043        0.275
N4       WITH A6                  16.373     0.067      0.067        0.219
N4       WITH A7                  10.110     0.034      0.034        0.182
N4       WITH A8                  19.139     0.044      0.044        0.234
N4       WITH C1                  14.155    -0.059     -0.059       -0.216
N4       WITH C7                  12.412     0.046      0.046        0.188
N4       WITH E2                  12.159     0.061      0.061        0.187
N4       WITH E7                   6.223     0.038      0.038        0.136
N4       WITH N1                  11.285    -0.059     -0.059       -0.182
N4       WITH N2                  24.256     0.070      0.070        0.277
N5       WITH A6                   8.717     0.028      0.028        0.168
N5       WITH A8                   7.314     0.016      0.016        0.152
N5       WITH C1                   4.465     0.019      0.019        0.127
N5       WITH C2                  74.881     0.075      0.075        0.519
N5       WITH C8                  10.530     0.027      0.027        0.191
N5       WITH N1                   4.826    -0.022     -0.022       -0.126
N5       WITH N3                   5.884    -0.015     -0.015       -0.165
N5       WITH N4                   4.101     0.017      0.017        0.117
N6       WITH E4                  15.145     0.047      0.047        0.240
N6       WITH E7                  14.440    -0.049     -0.049       -0.229
N6       WITH E8                   9.046    -0.043     -0.043       -0.182
N6       WITH N1                   5.688     0.035      0.035        0.144
N6       WITH N4                   4.505    -0.026     -0.026       -0.129
N7       WITH A3                  26.494     0.029      0.029        0.311
N7       WITH A6                  14.236     0.033      0.033        0.208
N7       WITH C2                   8.072    -0.022     -0.022       -0.161
N7       WITH C4                   4.625     0.020      0.020        0.119
N7       WITH C8                   5.022    -0.017     -0.017       -0.129
N7       WITH C9                   4.207    -0.009     -0.009       -0.121
N7       WITH E5                   5.600    -0.017     -0.017       -0.138
N7       WITH N6                   5.971     0.016      0.016        0.154
O1       WITH A3                   5.846    -0.022     -0.022       -0.148
O1       WITH C3                   6.418     0.019      0.019        0.143
O1       WITH C4                  10.215    -0.047     -0.047       -0.176
O1       WITH C6                  23.823    -0.036     -0.036       -0.274
O1       WITH C9                  30.475     0.039      0.039        0.324
O1       WITH E1                   4.818    -0.025     -0.025       -0.126
O1       WITH E2                  12.704     0.051      0.051        0.194
O1       WITH E5                   6.363    -0.029     -0.029       -0.148
O1       WITH E8                   5.046    -0.032     -0.032       -0.124
O1       WITH N2                  22.023     0.054      0.054        0.267
O2       WITH A2                   7.688     0.043      0.043        0.154
O2       WITH A6                   7.455    -0.057     -0.057       -0.147
O2       WITH C4                   8.464    -0.066     -0.066       -0.157
O2       WITH C6                   4.879    -0.025     -0.025       -0.121
O2       WITH E2                   8.282     0.063      0.063        0.153
O2       WITH E4                  12.877     0.066      0.066        0.199
O2       WITH E5                   8.338    -0.051     -0.051       -0.164
O2       WITH E6                   7.376    -0.042     -0.042       -0.176
O2       WITH N2                  11.953    -0.061     -0.061       -0.193
O2       WITH N3                   4.710     0.028      0.028        0.134
O3       WITH A7                   8.004     0.029      0.029        0.165
O3       WITH A8                   4.388     0.020      0.020        0.114
O3       WITH E3                   5.317     0.035      0.035        0.132
O3       WITH E7                   7.378     0.040      0.040        0.152
O3       WITH N4                   8.447     0.041      0.041        0.161
O4       WITH C6                   4.927    -0.028     -0.028       -0.124
O4       WITH E4                   5.379     0.046      0.046        0.130
O4       WITH E7                   4.048    -0.043     -0.043       -0.111
O4       WITH N1                   4.191     0.049      0.049        0.112
O4       WITH N2                   7.810    -0.054     -0.054       -0.157
O4       WITH N3                   7.392     0.038      0.038        0.169
O4       WITH N6                   6.442     0.042      0.042        0.153
O4       WITH N7                   5.644    -0.025     -0.025       -0.132
O4       WITH O2                   4.238     0.052      0.052        0.112
O4       WITH O3                   7.398    -0.053     -0.053       -0.153
O5       WITH A1                   8.050    -0.036     -0.036       -0.159
O5       WITH C9                   6.994     0.026      0.026        0.154
O5       WITH E2                   7.956     0.056      0.056        0.152
O5       WITH E7                  11.413    -0.059     -0.059       -0.187
O5       WITH E8                   7.112    -0.052     -0.052       -0.146
O5       WITH N5                   5.371     0.022      0.022        0.133
O5       WITH O2                   6.048     0.051      0.051        0.134
O5       WITH O4                  29.181     0.123      0.123        0.300
O6       WITH A1                   6.374    -0.026     -0.026       -0.159
O6       WITH C6                  11.352     0.028      0.028        0.213
O6       WITH C9                  10.301    -0.025     -0.025       -0.210
O6       WITH E4                   5.472    -0.031     -0.031       -0.146
O6       WITH E6                   8.783     0.033      0.033        0.213
O6       WITH N3                   5.756    -0.023     -0.023       -0.170
O6       WITH O1                   4.814     0.024      0.024        0.140
O6       WITH O2                   6.048    -0.041     -0.041       -0.151
O6       WITH O4                   9.222    -0.057     -0.057       -0.192
O7       WITH A7                   9.434    -0.033     -0.033       -0.189
O7       WITH A8                   5.218    -0.023     -0.023       -0.131
O7       WITH C4                   7.754    -0.051     -0.051       -0.162
O7       WITH C6                  13.412    -0.034     -0.034       -0.221
O7       WITH E3                  12.197    -0.056     -0.056       -0.213
O7       WITH E6                   6.738    -0.032     -0.032       -0.179
O7       WITH N1                   5.902     0.043      0.043        0.141
O7       WITH N4                   5.277    -0.034     -0.034       -0.134
O7       WITH O2                  20.196     0.084      0.084        0.263
O7       WITH O3                   5.873    -0.036     -0.036       -0.150
O7       WITH O4                  12.755     0.074      0.074        0.215
O7       WITH O5                  10.702     0.056      0.056        0.198
O8       WITH E1                   5.674     0.033      0.033        0.143
O8       WITH E6                  13.811     0.048      0.048        0.269
O8       WITH N1                   6.442    -0.043     -0.043       -0.143
O8       WITH N5                   6.213    -0.020     -0.020       -0.147
O8       WITH N6                   4.656     0.026      0.026        0.138
O8       WITH O2                   8.199    -0.051     -0.051       -0.161
O8       WITH O4                  10.613    -0.063     -0.063       -0.184
O8       WITH O7                   4.749    -0.031     -0.031       -0.132
O9       WITH C4                   8.680    -0.071     -0.071       -0.160
O9       WITH C9                  14.666     0.044      0.044        0.221
O9       WITH N3                   5.222    -0.031     -0.031       -0.141
O9       WITH N4                  11.857     0.067      0.067        0.187
O9       WITH N5                  11.056     0.037      0.037        0.190
O9       WITH O8                   4.773     0.041      0.041        0.122


DIAGRAM INFORMATION

  Use View Diagram under the Diagram menu in the Mplus Editor to view the diagram.
  If running Mplus from the Mplus Diagrammer, the diagram opens automatically.

  Diagram output
    f:\ipip paper\sample_deutsch\cfa\gesamtmodell\esem_all facets on all  without a4, a5.dgm

     Beginning Time:  16:20:52
        Ending Time:  16:20:54
       Elapsed Time:  00:00:02



MUTHEN & MUTHEN
3463 Stoner Ave.
Los Angeles, CA  90066

Tel: (310) 391-9971
Fax: (310) 391-8971
Web: www.StatModel.com
Support: Support@StatModel.com

Copyright (c) 1998-2013 Muthen & Muthen
