Mplus VERSION 7.1
MUTHEN & MUTHEN
06/10/2015   4:37 PM

INPUT INSTRUCTIONS

  TITLE:

  DATA:
  FILE IS  "factorscores_german.txt";
  Variable:
  Names are
  VPN
  A1
  A2
  A3
  A4
  A5
  A6
  A7
  A8
  C1
  C2
  C3
  C4
  C5
  C6
  C7
  C8
  C9
  E1
  E2
  E3
  E4
  E5
  E6
  E7
  E8
  E9
  N1
  N2
  N3
  N4
  N5
  N6
  N7
  O1
  O2
  O3
  O4
  O5
  O6
  O7
  O8
  O9
  ;

  USEVARIABLES ARE
  A1
  A2
  A3
  A6
  A7
  A8
  C1
  C2
  C3
  C4
  C5
  C6
  C7
  C8
  C9
  E1
  E3
  E4
  E5
  E6
  E7
  E8
  E9
  N1
  N2
  N3
  N4
  N5
  N6
  N7
  O1
  O2
  O3
  O4
  O5
  O6
  O7
  O9
  ;

  MISSING ARE ALL (-99);

  Model:

  agree consc extra neuro open by
  A1
  A2
  A3
  A6
  A7
  A8
  C1
  C2
  C3
  C4
  C5
  C6
  C7
  C8
  C9
  E1
  E3
  E4
  E5
  E6
  E7
  E8
  E9
  N1
  N2
  N3
  N4
  N5
  N6
  N7
  O1
  O2
  O3
  O4
  O5
  O6
  O7
  O9
  (*1);

  N5 with C2;
  E5 with C1;
  C6 with C4;
  C5 with C8;

  !SE by
  !agree
  !consc
  !extra
  !neuro
  !open;

  Analysis:
  ESTIMATOR IS ML;
  iterations = 10000;

  OUTPUT: STDYX MODINDICES(4);



INPUT READING TERMINATED NORMALLY




SUMMARY OF ANALYSIS

Number of groups                                                 1
Number of observations                                         387

Number of dependent variables                                   38
Number of independent variables                                  0
Number of continuous latent variables                            5

Observed dependent variables

  Continuous
   A1          A2          A3          A6          A7          A8
   C1          C2          C3          C4          C5          C6
   C7          C8          C9          E1          E3          E4
   E5          E6          E7          E8          E9          N1
   N2          N3          N4          N5          N6          N7
   O1          O2          O3          O4          O5          O6
   O7          O9

Continuous latent variables

  EFA factors
  *1:   AGREE       CONSC       EXTRA       NEURO       OPEN


Estimator                                                       ML
Rotation                                                    GEOMIN
Row standardization                                    CORRELATION
Type of rotation                                           OBLIQUE
Epsilon value                                               Varies
Information matrix                                        OBSERVED
Maximum number of iterations                                 10000
Convergence criterion                                    0.500D-04
Maximum number of steepest descent iterations                   20
Maximum number of iterations for H1                           2000
Convergence criterion for H1                             0.100D-03
Optimization Specifications for the Exploratory Factor Analysis
Rotation Algorithm
  Number of random starts                                       30
  Maximum number of iterations                               10000
  Derivative convergence criterion                       0.100D-04

Input data file(s)
  factorscores_german.txt

Input data format  FREE


SUMMARY OF DATA

     Number of missing data patterns             1


COVARIANCE COVERAGE OF DATA

Minimum covariance coverage value   0.100


     PROPORTION OF DATA PRESENT


           Covariance Coverage
              A1            A2            A3            A6            A7
              ________      ________      ________      ________      ________
 A1             1.000
 A2             1.000         1.000
 A3             1.000         1.000         1.000
 A6             1.000         1.000         1.000         1.000
 A7             1.000         1.000         1.000         1.000         1.000
 A8             1.000         1.000         1.000         1.000         1.000
 C1             1.000         1.000         1.000         1.000         1.000
 C2             1.000         1.000         1.000         1.000         1.000
 C3             1.000         1.000         1.000         1.000         1.000
 C4             1.000         1.000         1.000         1.000         1.000
 C5             1.000         1.000         1.000         1.000         1.000
 C6             1.000         1.000         1.000         1.000         1.000
 C7             1.000         1.000         1.000         1.000         1.000
 C8             1.000         1.000         1.000         1.000         1.000
 C9             1.000         1.000         1.000         1.000         1.000
 E1             1.000         1.000         1.000         1.000         1.000
 E3             1.000         1.000         1.000         1.000         1.000
 E4             1.000         1.000         1.000         1.000         1.000
 E5             1.000         1.000         1.000         1.000         1.000
 E6             1.000         1.000         1.000         1.000         1.000
 E7             1.000         1.000         1.000         1.000         1.000
 E8             1.000         1.000         1.000         1.000         1.000
 E9             1.000         1.000         1.000         1.000         1.000
 N1             1.000         1.000         1.000         1.000         1.000
 N2             1.000         1.000         1.000         1.000         1.000
 N3             1.000         1.000         1.000         1.000         1.000
 N4             1.000         1.000         1.000         1.000         1.000
 N5             1.000         1.000         1.000         1.000         1.000
 N6             1.000         1.000         1.000         1.000         1.000
 N7             1.000         1.000         1.000         1.000         1.000
 O1             1.000         1.000         1.000         1.000         1.000
 O2             1.000         1.000         1.000         1.000         1.000
 O3             1.000         1.000         1.000         1.000         1.000
 O4             1.000         1.000         1.000         1.000         1.000
 O5             1.000         1.000         1.000         1.000         1.000
 O6             1.000         1.000         1.000         1.000         1.000
 O7             1.000         1.000         1.000         1.000         1.000
 O9             1.000         1.000         1.000         1.000         1.000


           Covariance Coverage
              A8            C1            C2            C3            C4
              ________      ________      ________      ________      ________
 A8             1.000
 C1             1.000         1.000
 C2             1.000         1.000         1.000
 C3             1.000         1.000         1.000         1.000
 C4             1.000         1.000         1.000         1.000         1.000
 C5             1.000         1.000         1.000         1.000         1.000
 C6             1.000         1.000         1.000         1.000         1.000
 C7             1.000         1.000         1.000         1.000         1.000
 C8             1.000         1.000         1.000         1.000         1.000
 C9             1.000         1.000         1.000         1.000         1.000
 E1             1.000         1.000         1.000         1.000         1.000
 E3             1.000         1.000         1.000         1.000         1.000
 E4             1.000         1.000         1.000         1.000         1.000
 E5             1.000         1.000         1.000         1.000         1.000
 E6             1.000         1.000         1.000         1.000         1.000
 E7             1.000         1.000         1.000         1.000         1.000
 E8             1.000         1.000         1.000         1.000         1.000
 E9             1.000         1.000         1.000         1.000         1.000
 N1             1.000         1.000         1.000         1.000         1.000
 N2             1.000         1.000         1.000         1.000         1.000
 N3             1.000         1.000         1.000         1.000         1.000
 N4             1.000         1.000         1.000         1.000         1.000
 N5             1.000         1.000         1.000         1.000         1.000
 N6             1.000         1.000         1.000         1.000         1.000
 N7             1.000         1.000         1.000         1.000         1.000
 O1             1.000         1.000         1.000         1.000         1.000
 O2             1.000         1.000         1.000         1.000         1.000
 O3             1.000         1.000         1.000         1.000         1.000
 O4             1.000         1.000         1.000         1.000         1.000
 O5             1.000         1.000         1.000         1.000         1.000
 O6             1.000         1.000         1.000         1.000         1.000
 O7             1.000         1.000         1.000         1.000         1.000
 O9             1.000         1.000         1.000         1.000         1.000


           Covariance Coverage
              C5            C6            C7            C8            C9
              ________      ________      ________      ________      ________
 C5             1.000
 C6             1.000         1.000
 C7             1.000         1.000         1.000
 C8             1.000         1.000         1.000         1.000
 C9             1.000         1.000         1.000         1.000         1.000
 E1             1.000         1.000         1.000         1.000         1.000
 E3             1.000         1.000         1.000         1.000         1.000
 E4             1.000         1.000         1.000         1.000         1.000
 E5             1.000         1.000         1.000         1.000         1.000
 E6             1.000         1.000         1.000         1.000         1.000
 E7             1.000         1.000         1.000         1.000         1.000
 E8             1.000         1.000         1.000         1.000         1.000
 E9             1.000         1.000         1.000         1.000         1.000
 N1             1.000         1.000         1.000         1.000         1.000
 N2             1.000         1.000         1.000         1.000         1.000
 N3             1.000         1.000         1.000         1.000         1.000
 N4             1.000         1.000         1.000         1.000         1.000
 N5             1.000         1.000         1.000         1.000         1.000
 N6             1.000         1.000         1.000         1.000         1.000
 N7             1.000         1.000         1.000         1.000         1.000
 O1             1.000         1.000         1.000         1.000         1.000
 O2             1.000         1.000         1.000         1.000         1.000
 O3             1.000         1.000         1.000         1.000         1.000
 O4             1.000         1.000         1.000         1.000         1.000
 O5             1.000         1.000         1.000         1.000         1.000
 O6             1.000         1.000         1.000         1.000         1.000
 O7             1.000         1.000         1.000         1.000         1.000
 O9             1.000         1.000         1.000         1.000         1.000


           Covariance Coverage
              E1            E3            E4            E5            E6
              ________      ________      ________      ________      ________
 E1             1.000
 E3             1.000         1.000
 E4             1.000         1.000         1.000
 E5             1.000         1.000         1.000         1.000
 E6             1.000         1.000         1.000         1.000         1.000
 E7             1.000         1.000         1.000         1.000         1.000
 E8             1.000         1.000         1.000         1.000         1.000
 E9             1.000         1.000         1.000         1.000         1.000
 N1             1.000         1.000         1.000         1.000         1.000
 N2             1.000         1.000         1.000         1.000         1.000
 N3             1.000         1.000         1.000         1.000         1.000
 N4             1.000         1.000         1.000         1.000         1.000
 N5             1.000         1.000         1.000         1.000         1.000
 N6             1.000         1.000         1.000         1.000         1.000
 N7             1.000         1.000         1.000         1.000         1.000
 O1             1.000         1.000         1.000         1.000         1.000
 O2             1.000         1.000         1.000         1.000         1.000
 O3             1.000         1.000         1.000         1.000         1.000
 O4             1.000         1.000         1.000         1.000         1.000
 O5             1.000         1.000         1.000         1.000         1.000
 O6             1.000         1.000         1.000         1.000         1.000
 O7             1.000         1.000         1.000         1.000         1.000
 O9             1.000         1.000         1.000         1.000         1.000


           Covariance Coverage
              E7            E8            E9            N1            N2
              ________      ________      ________      ________      ________
 E7             1.000
 E8             1.000         1.000
 E9             1.000         1.000         1.000
 N1             1.000         1.000         1.000         1.000
 N2             1.000         1.000         1.000         1.000         1.000
 N3             1.000         1.000         1.000         1.000         1.000
 N4             1.000         1.000         1.000         1.000         1.000
 N5             1.000         1.000         1.000         1.000         1.000
 N6             1.000         1.000         1.000         1.000         1.000
 N7             1.000         1.000         1.000         1.000         1.000
 O1             1.000         1.000         1.000         1.000         1.000
 O2             1.000         1.000         1.000         1.000         1.000
 O3             1.000         1.000         1.000         1.000         1.000
 O4             1.000         1.000         1.000         1.000         1.000
 O5             1.000         1.000         1.000         1.000         1.000
 O6             1.000         1.000         1.000         1.000         1.000
 O7             1.000         1.000         1.000         1.000         1.000
 O9             1.000         1.000         1.000         1.000         1.000


           Covariance Coverage
              N3            N4            N5            N6            N7
              ________      ________      ________      ________      ________
 N3             1.000
 N4             1.000         1.000
 N5             1.000         1.000         1.000
 N6             1.000         1.000         1.000         1.000
 N7             1.000         1.000         1.000         1.000         1.000
 O1             1.000         1.000         1.000         1.000         1.000
 O2             1.000         1.000         1.000         1.000         1.000
 O3             1.000         1.000         1.000         1.000         1.000
 O4             1.000         1.000         1.000         1.000         1.000
 O5             1.000         1.000         1.000         1.000         1.000
 O6             1.000         1.000         1.000         1.000         1.000
 O7             1.000         1.000         1.000         1.000         1.000
 O9             1.000         1.000         1.000         1.000         1.000


           Covariance Coverage
              O1            O2            O3            O4            O5
              ________      ________      ________      ________      ________
 O1             1.000
 O2             1.000         1.000
 O3             1.000         1.000         1.000
 O4             1.000         1.000         1.000         1.000
 O5             1.000         1.000         1.000         1.000         1.000
 O6             1.000         1.000         1.000         1.000         1.000
 O7             1.000         1.000         1.000         1.000         1.000
 O9             1.000         1.000         1.000         1.000         1.000


           Covariance Coverage
              O6            O7            O9
              ________      ________      ________
 O6             1.000
 O7             1.000         1.000
 O9             1.000         1.000         1.000



THE MODEL ESTIMATION TERMINATED NORMALLY



MODEL FIT INFORMATION

Number of Free Parameters                      260

Loglikelihood

          H0 Value                      -11184.207
          H1 Value                      -10430.466

Information Criteria

          Akaike (AIC)                   22888.415
          Bayesian (BIC)                 23917.605
          Sample-Size Adjusted BIC       23092.652
            (n* = (n + 2) / 24)

Chi-Square Test of Model Fit

          Value                           1507.483
          Degrees of Freedom                   519
          P-Value                           0.0000

RMSEA (Root Mean Square Error Of Approximation)

          Estimate                           0.070
          90 Percent C.I.                    0.066  0.074
          Probability RMSEA <= .05           0.000

CFI/TLI

          CFI                                0.853
          TLI                                0.800

Chi-Square Test of Model Fit for the Baseline Model

          Value                           7410.065
          Degrees of Freedom                   703
          P-Value                           0.0000

SRMR (Standardized Root Mean Square Residual)

          Value                              0.041



MODEL RESULTS

                                                    Two-Tailed
                    Estimate       S.E.  Est./S.E.    P-Value

 AGREE    BY
    A1                -0.248      0.026     -9.443      0.000
    A2                 0.423      0.030     14.172      0.000
    A3                 0.432      0.028     15.342      0.000
    A6                -0.142      0.041     -3.507      0.000
    A7                 0.405      0.025     15.884      0.000
    A8                -0.171      0.022     -7.807      0.000
    C1                 0.507      0.041     12.324      0.000
    C2                 0.024      0.027      0.868      0.385
    C3                 0.167      0.026      6.310      0.000
    C4                 0.024      0.036      0.680      0.496
    C5                -0.009      0.023     -0.382      0.702
    C6                -0.020      0.017     -1.160      0.246
    C7                 0.142      0.030      4.731      0.000
    C8                -0.020      0.026     -0.741      0.458
    C9                 0.011      0.015      0.749      0.454
    E1                -0.033      0.031     -1.059      0.290
    E3                 0.014      0.022      0.622      0.534
    E4                -0.025      0.026     -0.980      0.327
    E5                 0.439      0.037     11.832      0.000
    E6                 0.094      0.043      2.168      0.030
    E7                 0.052      0.034      1.558      0.119
    E8                -0.109      0.042     -2.604      0.009
    E9                 0.039      0.030      1.266      0.205
    N1                 0.295      0.044      6.674      0.000
    N2                 0.049      0.029      1.725      0.085
    N3                -0.003      0.017     -0.182      0.856
    N4                 0.133      0.034      3.936      0.000
    N5                 0.011      0.015      0.754      0.451
    N6                -0.085      0.036     -2.327      0.020
    N7                 0.064      0.019      3.475      0.001
    O1                 0.237      0.028      8.406      0.000
    O2                 0.025      0.033      0.764      0.445
    O3                 0.020      0.026      0.798      0.425
    O4                -0.095      0.044     -2.146      0.032
    O5                -0.108      0.037     -2.901      0.004
    O6                 0.080      0.033      2.449      0.014
    O7                -0.023      0.027     -0.854      0.393
    O9                 0.168      0.044      3.849      0.000

 CONSC    BY
    A1                 0.053      0.029      1.852      0.064
    A2                -0.021      0.024     -0.872      0.383
    A3                 0.067      0.033      2.027      0.043
    A6                -0.037      0.038     -0.984      0.325
    A7                -0.010      0.022     -0.443      0.658
    A8                 0.040      0.025      1.622      0.105
    C1                 0.183      0.051      3.553      0.000
    C2                -0.354      0.043     -8.295      0.000
    C3                -0.099      0.027     -3.664      0.000
    C4                 0.346      0.048      7.227      0.000
    C5                 0.578      0.038     15.048      0.000
    C6                 0.140      0.026      5.384      0.000
    C7                -0.141      0.035     -4.066      0.000
    C8                 0.270      0.039      6.959      0.000
    C9                 0.337      0.023     14.604      0.000
    E1                -0.062      0.035     -1.749      0.080
    E3                -0.056      0.038     -1.493      0.135
    E4                 0.028      0.030      0.915      0.360
    E5                 0.179      0.047      3.836      0.000
    E6                -0.020      0.021     -0.945      0.345
    E7                -0.055      0.037     -1.469      0.142
    E8                 0.092      0.044      2.093      0.036
    E9                 0.537      0.046     11.788      0.000
    N1                 0.021      0.037      0.573      0.567
    N2                -0.018      0.029     -0.629      0.529
    N3                -0.018      0.021     -0.862      0.389
    N4                 0.173      0.043      3.982      0.000
    N5                -0.217      0.025     -8.810      0.000
    N6                 0.084      0.038      2.182      0.029
    N7                 0.000      0.015      0.012      0.991
    O1                 0.047      0.032      1.465      0.143
    O2                 0.007      0.039      0.173      0.862
    O3                 0.089      0.041      2.178      0.029
    O4                -0.041      0.043     -0.942      0.346
    O5                 0.021      0.034      0.629      0.530
    O6                -0.022      0.027     -0.810      0.418
    O7                 0.088      0.042      2.120      0.034
    O9                 0.285      0.057      4.958      0.000

 EXTRA    BY
    A1                 0.057      0.029      1.933      0.053
    A2                -0.026      0.025     -1.019      0.308
    A3                -0.007      0.020     -0.339      0.734
    A6                 0.298      0.041      7.341      0.000
    A7                 0.009      0.021      0.436      0.663
    A8                 0.006      0.022      0.264      0.792
    C1                 0.151      0.043      3.475      0.001
    C2                -0.044      0.039     -1.145      0.252
    C3                 0.139      0.028      5.033      0.000
    C4                -0.048      0.043     -1.110      0.267
    C5                 0.019      0.028      0.679      0.497
    C6                -0.086      0.021     -4.031      0.000
    C7                 0.027      0.030      0.918      0.359
    C8                -0.060      0.039     -1.544      0.122
    C9                 0.014      0.014      0.944      0.345
    E1                -0.462      0.035    -13.160      0.000
    E3                -0.360      0.039     -9.255      0.000
    E4                 0.378      0.047      8.044      0.000
    E5                 0.185      0.039      4.676      0.000
    E6                 0.497      0.038     13.187      0.000
    E7                 0.315      0.038      8.407      0.000
    E8                 0.390      0.043      9.149      0.000
    E9                 0.141      0.042      3.373      0.001
    N1                 0.089      0.052      1.726      0.084
    N2                -0.284      0.058     -4.913      0.000
    N3                -0.148      0.056     -2.644      0.008
    N4                -0.006      0.024     -0.235      0.814
    N5                -0.040      0.028     -1.443      0.149
    N6                 0.128      0.060      2.119      0.034
    N7                -0.065      0.030     -2.123      0.034
    O1                 0.024      0.025      0.985      0.325
    O2                 0.290      0.044      6.631      0.000
    O3                 0.006      0.027      0.208      0.835
    O4                 0.061      0.046      1.332      0.183
    O5                 0.064      0.039      1.645      0.100
    O6                -0.008      0.022     -0.374      0.709
    O7                 0.036      0.031      1.150      0.250
    O9                -0.046      0.040     -1.137      0.256

 NEURO    BY
    A1                 0.059      0.029      2.014      0.044
    A2                 0.078      0.035      2.250      0.024
    A3                 0.089      0.030      2.935      0.003
    A6                 0.056      0.042      1.360      0.174
    A7                -0.007      0.023     -0.299      0.765
    A8                 0.070      0.024      2.951      0.003
    C1                 0.010      0.024      0.424      0.671
    C2                 0.262      0.042      6.254      0.000
    C3                 0.174      0.028      6.143      0.000
    C4                 0.143      0.043      3.302      0.001
    C5                 0.100      0.041      2.442      0.015
    C6                -0.018      0.018     -1.008      0.313
    C7                 0.140      0.034      4.166      0.000
    C8                 0.196      0.037      5.253      0.000
    C9                 0.004      0.012      0.368      0.713
    E1                 0.013      0.032      0.403      0.687
    E3                 0.042      0.034      1.258      0.208
    E4                -0.288      0.046     -6.322      0.000
    E5                -0.019      0.022     -0.867      0.386
    E6                 0.211      0.044      4.804      0.000
    E7                -0.058      0.039     -1.482      0.138
    E8                 0.018      0.033      0.548      0.584
    E9                -0.073      0.041     -1.791      0.073
    N1                 0.344      0.044      7.804      0.000
    N2                 0.424      0.042     10.028      0.000
    N3                 0.470      0.029     16.275      0.000
    N4                -0.294      0.036     -8.116      0.000
    N5                 0.221      0.024      9.076      0.000
    N6                 0.478      0.032     14.980      0.000
    N7                 0.236      0.020     11.850      0.000
    O1                 0.041      0.028      1.485      0.138
    O2                -0.049      0.043     -1.137      0.255
    O3                -0.091      0.037     -2.453      0.014
    O4                -0.071      0.047     -1.500      0.134
    O5                 0.057      0.038      1.487      0.137
    O6                 0.093      0.038      2.437      0.015
    O7                -0.069      0.041     -1.667      0.095
    O9                -0.200      0.049     -4.050      0.000

 OPEN     BY
    A1                 0.180      0.029      6.145      0.000
    A2                -0.061      0.030     -2.016      0.044
    A3                 0.045      0.027      1.671      0.095
    A6                 0.110      0.041      2.649      0.008
    A7                -0.012      0.021     -0.583      0.560
    A8                 0.003      0.021      0.135      0.892
    C1                 0.077      0.038      2.010      0.044
    C2                -0.039      0.031     -1.284      0.199
    C3                -0.024      0.018     -1.328      0.184
    C4                 0.048      0.043      1.099      0.272
    C5                 0.014      0.027      0.539      0.590
    C6                 0.151      0.023      6.533      0.000
    C7                -0.045      0.031     -1.452      0.146
    C8                -0.076      0.034     -2.198      0.028
    C9                -0.088      0.024     -3.687      0.000
    E1                 0.021      0.028      0.723      0.469
    E3                 0.272      0.038      7.142      0.000
    E4                 0.045      0.033      1.365      0.172
    E5                 0.033      0.031      1.072      0.284
    E6                 0.016      0.019      0.830      0.407
    E7                 0.224      0.038      5.883      0.000
    E8                 0.055      0.042      1.322      0.186
    E9                -0.194      0.045     -4.258      0.000
    N1                -0.018      0.036     -0.512      0.609
    N2                -0.009      0.025     -0.350      0.726
    N3                 0.090      0.027      3.369      0.001
    N4                 0.076      0.038      1.993      0.046
    N5                 0.004      0.014      0.304      0.761
    N6                 0.040      0.027      1.475      0.140
    N7                 0.021      0.017      1.240      0.215
    O1                 0.227      0.031      7.417      0.000
    O2                 0.277      0.045      6.200      0.000
    O3                 0.356      0.036      9.874      0.000
    O4                 0.447      0.049      9.126      0.000
    O5                 0.377      0.040      9.402      0.000
    O6                 0.509      0.033     15.344      0.000
    O7                 0.508      0.039     13.119      0.000
    O9                 0.245      0.051      4.810      0.000

 CONSC    WITH
    AGREE              0.012      0.054      0.230      0.818

 EXTRA    WITH
    AGREE              0.098      0.056      1.748      0.080
    CONSC              0.297      0.051      5.864      0.000

 NEURO    WITH
    AGREE              0.168      0.056      2.975      0.003
    CONSC             -0.260      0.054     -4.867      0.000
    EXTRA             -0.108      0.060     -1.796      0.073

 OPEN     WITH
    AGREE             -0.007      0.049     -0.141      0.888
    CONSC              0.349      0.048      7.230      0.000
    EXTRA              0.294      0.048      6.104      0.000
    NEURO              0.016      0.050      0.314      0.753

 N5       WITH
    C2                 0.072      0.011      6.784      0.000

 E5       WITH
    C1                 0.140      0.021      6.697      0.000

 C6       WITH
    C4                 0.086      0.013      6.595      0.000

 C5       WITH
    C8                 0.108      0.018      5.876      0.000

 Intercepts
    A1                -0.013      0.026     -0.494      0.622
    A2                 0.020      0.031      0.630      0.529
    A3                 0.003      0.030      0.100      0.921
    A6                -0.004      0.035     -0.122      0.903
    A7                 0.003      0.027      0.102      0.919
    A8                 0.000      0.020     -0.014      0.988
    C1                 0.000      0.043      0.005      0.996
    C2                 0.009      0.038      0.225      0.822
    C3                -0.001      0.023     -0.031      0.975
    C4                 0.000      0.038     -0.009      0.993
    C5                -0.002      0.038     -0.056      0.955
    C6                -0.001      0.020     -0.074      0.941
    C7                 0.005      0.028      0.163      0.871
    C8                 0.000      0.031      0.001      0.999
    C9                -0.001      0.021     -0.040      0.968
    E1                 0.001      0.034      0.039      0.969
    E3                -0.004      0.034     -0.119      0.905
    E4                -0.011      0.036     -0.301      0.763
    E5                 0.003      0.038      0.087      0.931
    E6                -0.001      0.034     -0.019      0.985
    E7                -0.004      0.035     -0.106      0.915
    E8                -0.002      0.039     -0.046      0.963
    E9                -0.005      0.041     -0.121      0.903
    N1                 0.006      0.040      0.144      0.886
    N2                 0.014      0.037      0.376      0.707
    N3                 0.001      0.031      0.019      0.985
    N4                -0.003      0.033     -0.077      0.939
    N5                 0.003      0.024      0.113      0.910
    N6                 0.002      0.031      0.054      0.957
    N7                 0.002      0.019      0.101      0.920
    O1                -0.002      0.028     -0.055      0.956
    O2                -0.061      0.040     -1.504      0.133
    O3                -0.003      0.032     -0.082      0.935
    O4                -0.023      0.043     -0.528      0.597
    O5                -0.005      0.036     -0.132      0.895
    O6                -0.004      0.034     -0.117      0.907
    O7                -0.013      0.038     -0.339      0.734
    O9                -0.015      0.043     -0.336      0.737

 Variances
    AGREE              1.000      0.000    999.000    999.000
    CONSC              1.000      0.000    999.000    999.000
    EXTRA              1.000      0.000    999.000    999.000
    NEURO              1.000      0.000    999.000    999.000
    OPEN               1.000      0.000    999.000    999.000

 Residual Variances
    A1                 0.148      0.012     12.086      0.000
    A2                 0.169      0.015     11.138      0.000
    A3                 0.133      0.013     10.298      0.000
    A6                 0.352      0.027     12.892      0.000
    A7                 0.126      0.012     10.953      0.000
    A8                 0.130      0.010     13.139      0.000
    C1                 0.337      0.029     11.657      0.000
    C2                 0.297      0.024     12.479      0.000
    C3                 0.101      0.008     11.956      0.000
    C4                 0.438      0.034     12.812      0.000
    C5                 0.223      0.023      9.522      0.000
    C6                 0.104      0.008     12.411      0.000
    C7                 0.223      0.017     13.323      0.000
    C8                 0.302      0.024     12.624      0.000
    C9                 0.071      0.008      8.912      0.000
    E1                 0.224      0.020     11.426      0.000
    E3                 0.293      0.024     11.988      0.000
    E4                 0.240      0.020     11.738      0.000
    E5                 0.266      0.023     11.629      0.000
    E6                 0.150      0.017      8.838      0.000
    E7                 0.295      0.023     12.564      0.000
    E8                 0.380      0.030     12.671      0.000
    E9                 0.312      0.028     11.154      0.000
    N1                 0.387      0.030     12.886      0.000
    N2                 0.227      0.020     11.495      0.000
    N3                 0.097      0.010      9.282      0.000
    N4                 0.263      0.021     12.706      0.000
    N5                 0.088      0.007     11.762      0.000
    N6                 0.152      0.015      9.869      0.000
    N7                 0.070      0.006     12.265      0.000
    O1                 0.172      0.014     12.364      0.000
    O2                 0.414      0.032     12.903      0.000
    O3                 0.238      0.019     12.302      0.000
    O4                 0.495      0.039     12.639      0.000
    O5                 0.334      0.026     12.648      0.000
    O6                 0.177      0.018      9.956      0.000
    O7                 0.231      0.022     10.702      0.000
    O9                 0.464      0.036     12.825      0.000


STANDARDIZED MODEL RESULTS


STDYX Standardization

                                                    Two-Tailed
                    Estimate       S.E.  Est./S.E.    P-Value

 AGREE    BY
    A1                -0.489      0.046    -10.660      0.000
    A2                 0.694      0.035     19.652      0.000
    A3                 0.734      0.033     22.274      0.000
    A6                -0.207      0.058     -3.565      0.000
    A7                 0.751      0.030     25.399      0.000
    A8                -0.427      0.049     -8.747      0.000
    C1                 0.603      0.039     15.344      0.000
    C2                 0.032      0.036      0.869      0.385
    C3                 0.374      0.057      6.614      0.000
    C4                 0.032      0.047      0.680      0.496
    C5                -0.012      0.031     -0.382      0.702
    C6                -0.051      0.044     -1.162      0.245
    C7                 0.258      0.053      4.888      0.000
    C8                -0.032      0.043     -0.742      0.458
    C9                 0.027      0.036      0.749      0.454
    E1                -0.049      0.046     -1.060      0.289
    E3                 0.021      0.033      0.622      0.534
    E4                -0.035      0.036     -0.981      0.327
    E5                 0.581      0.041     14.241      0.000
    E6                 0.141      0.065      2.181      0.029
    E7                 0.076      0.048      1.562      0.118
    E8                -0.143      0.055     -2.623      0.009
    E9                 0.048      0.038      1.267      0.205
    N1                 0.371      0.052      7.101      0.000
    N2                 0.068      0.039      1.727      0.084
    N3                -0.005      0.028     -0.182      0.856
    N4                 0.205      0.051      4.003      0.000
    N5                 0.024      0.031      0.754      0.451
    N6                -0.138      0.059     -2.335      0.020
    N7                 0.171      0.049      3.506      0.000
    O1                 0.434      0.047      9.249      0.000
    O2                 0.032      0.042      0.765      0.444
    O3                 0.032      0.040      0.798      0.425
    O4                -0.112      0.052     -2.157      0.031
    O5                -0.151      0.052     -2.927      0.003
    O6                 0.120      0.049      2.460      0.014
    O7                -0.031      0.036     -0.854      0.393
    O9                 0.197      0.050      3.910      0.000

 CONSC    BY
    A1                 0.104      0.056      1.858      0.063
    A2                -0.034      0.039     -0.873      0.383
    A3                 0.114      0.056      2.031      0.042
    A6                -0.054      0.055     -0.985      0.325
    A7                -0.018      0.042     -0.443      0.658
    A8                 0.101      0.062      1.628      0.103
    C1                 0.218      0.060      3.599      0.000
    C2                -0.471      0.052     -9.068      0.000
    C3                -0.223      0.060     -3.704      0.000
    C4                 0.462      0.058      7.923      0.000
    C5                 0.780      0.036     21.513      0.000
    C6                 0.356      0.063      5.624      0.000
    C7                -0.255      0.061     -4.165      0.000
    C8                 0.440      0.058      7.533      0.000
    C9                 0.808      0.040     20.259      0.000
    E1                -0.091      0.052     -1.753      0.080
    E3                -0.084      0.056     -1.496      0.135
    E4                 0.039      0.042      0.916      0.360
    E5                 0.237      0.061      3.893      0.000
    E6                -0.029      0.031     -0.946      0.344
    E7                -0.079      0.054     -1.472      0.141
    E8                 0.121      0.057      2.103      0.035
    E9                 0.669      0.047     14.376      0.000
    N1                 0.027      0.047      0.573      0.567
    N2                -0.025      0.040     -0.629      0.529
    N3                -0.030      0.035     -0.862      0.389
    N4                 0.266      0.065      4.064      0.000
    N5                -0.465      0.049     -9.485      0.000
    N6                 0.136      0.062      2.187      0.029
    N7                 0.000      0.041      0.012      0.991
    O1                 0.086      0.058      1.468      0.142
    O2                 0.008      0.049      0.173      0.862
    O3                 0.139      0.064      2.191      0.028
    O4                -0.048      0.051     -0.943      0.346
    O5                 0.030      0.048      0.629      0.529
    O6                -0.032      0.040     -0.810      0.418
    O7                 0.119      0.056      2.129      0.033
    O9                 0.335      0.065      5.139      0.000

 EXTRA    BY
    A1                 0.112      0.058      1.939      0.052
    A2                -0.043      0.042     -1.020      0.308
    A3                -0.012      0.034     -0.339      0.734
    A6                 0.433      0.054      8.036      0.000
    A7                 0.017      0.040      0.436      0.663
    A8                 0.014      0.055      0.264      0.792
    C1                 0.179      0.051      3.506      0.000
    C2                -0.059      0.051     -1.147      0.251
    C3                 0.313      0.061      5.149      0.000
    C4                -0.064      0.058     -1.112      0.266
    C5                 0.026      0.038      0.679      0.497
    C6                -0.218      0.053     -4.099      0.000
    C7                 0.049      0.054      0.918      0.359
    C8                -0.098      0.063     -1.548      0.122
    C9                 0.033      0.035      0.945      0.345
    E1                -0.682      0.039    -17.530      0.000
    E3                -0.537      0.051    -10.584      0.000
    E4                 0.528      0.060      8.759      0.000
    E5                 0.244      0.051      4.759      0.000
    E6                 0.745      0.046     16.351      0.000
    E7                 0.455      0.049      9.338      0.000
    E8                 0.511      0.049     10.512      0.000
    E9                 0.176      0.052      3.411      0.001
    N1                 0.112      0.065      1.731      0.083
    N2                -0.390      0.077     -5.054      0.000
    N3                -0.246      0.092     -2.662      0.008
    N4                -0.009      0.037     -0.235      0.814
    N5                -0.086      0.059     -1.447      0.148
    N6                 0.209      0.098      2.127      0.033
    N7                -0.172      0.081     -2.133      0.033
    O1                 0.045      0.045      0.986      0.324
    O2                 0.365      0.052      7.072      0.000
    O3                 0.009      0.042      0.208      0.835
    O4                 0.072      0.054      1.334      0.182
    O5                 0.090      0.054      1.650      0.099
    O6                -0.012      0.033     -0.374      0.709
    O7                 0.049      0.042      1.152      0.250
    O9                -0.054      0.047     -1.137      0.256

 NEURO    BY
    A1                 0.116      0.057      2.019      0.043
    A2                 0.129      0.057      2.260      0.024
    A3                 0.151      0.051      2.950      0.003
    A6                 0.082      0.060      1.363      0.173
    A7                -0.013      0.044     -0.299      0.765
    A8                 0.174      0.058      2.989      0.003
    C1                 0.012      0.029      0.424      0.671
    C2                 0.347      0.053      6.559      0.000
    C3                 0.390      0.061      6.415      0.000
    C4                 0.191      0.057      3.351      0.001
    C5                 0.135      0.055      2.449      0.014
    C6                -0.046      0.046     -1.009      0.313
    C7                 0.254      0.059      4.281      0.000
    C8                 0.321      0.058      5.493      0.000
    C9                 0.011      0.029      0.368      0.713
    E1                 0.019      0.048      0.403      0.687
    E3                 0.063      0.050      1.259      0.208
    E4                -0.401      0.061     -6.549      0.000
    E5                -0.026      0.029     -0.867      0.386
    E6                 0.317      0.066      4.839      0.000
    E7                -0.083      0.056     -1.484      0.138
    E8                 0.024      0.043      0.548      0.584
    E9                -0.090      0.050     -1.795      0.073
    N1                 0.433      0.051      8.501      0.000
    N2                 0.583      0.052     11.208      0.000
    N3                 0.781      0.035     22.486      0.000
    N4                -0.451      0.051     -8.930      0.000
    N5                 0.474      0.048      9.953      0.000
    N6                 0.780      0.037     20.821      0.000
    N7                 0.627      0.043     14.707      0.000
    O1                 0.075      0.051      1.487      0.137
    O2                -0.062      0.055     -1.139      0.255
    O3                -0.143      0.058     -2.470      0.014
    O4                -0.084      0.056     -1.504      0.133
    O5                 0.079      0.053      1.490      0.136
    O6                 0.139      0.057      2.448      0.014
    O7                -0.093      0.056     -1.671      0.095
    O9                -0.236      0.057     -4.132      0.000

 OPEN     BY
    A1                 0.356      0.055      6.438      0.000
    A2                -0.100      0.049     -2.021      0.043
    A3                 0.076      0.045      1.674      0.094
    A6                 0.159      0.059      2.675      0.007
    A7                -0.023      0.039     -0.583      0.560
    A8                 0.007      0.051      0.135      0.892
    C1                 0.092      0.046      2.015      0.044
    C2                -0.052      0.041     -1.285      0.199
    C3                -0.055      0.041     -1.329      0.184
    C4                 0.064      0.058      1.101      0.271
    C5                 0.019      0.036      0.540      0.589
    C6                 0.383      0.055      6.918      0.000
    C7                -0.082      0.056     -1.456      0.145
    C8                -0.123      0.056     -2.209      0.027
    C9                -0.211      0.057     -3.720      0.000
    E1                 0.030      0.042      0.723      0.469
    E3                 0.405      0.053      7.605      0.000
    E4                 0.062      0.046      1.367      0.172
    E5                 0.044      0.041      1.073      0.283
    E6                 0.023      0.028      0.830      0.406
    E7                 0.324      0.053      6.152      0.000
    E8                 0.072      0.055      1.325      0.185
    E9                -0.241      0.056     -4.315      0.000
    N1                -0.023      0.045     -0.512      0.609
    N2                -0.012      0.035     -0.350      0.726
    N3                 0.149      0.044      3.385      0.001
    N4                 0.117      0.058      2.001      0.045
    N5                 0.009      0.031      0.304      0.761
    N6                 0.065      0.044      1.479      0.139
    N7                 0.056      0.045      1.242      0.214
    O1                 0.416      0.052      7.948      0.000
    O2                 0.348      0.053      6.551      0.000
    O3                 0.557      0.049     11.476      0.000
    O4                 0.528      0.050     10.541      0.000
    O5                 0.526      0.048     10.930      0.000
    O6                 0.763      0.035     22.019      0.000
    O7                 0.685      0.041     16.770      0.000
    O9                 0.288      0.058      4.951      0.000

 CONSC    WITH
    AGREE              0.012      0.054      0.230      0.818

 EXTRA    WITH
    AGREE              0.098      0.056      1.748      0.080
    CONSC              0.297      0.051      5.864      0.000

 NEURO    WITH
    AGREE              0.168      0.056      2.975      0.003
    CONSC             -0.260      0.054     -4.867      0.000
    EXTRA             -0.108      0.060     -1.796      0.073

 OPEN     WITH
    AGREE             -0.007      0.049     -0.141      0.888
    CONSC              0.349      0.048      7.230      0.000
    EXTRA              0.294      0.048      6.104      0.000
    NEURO              0.016      0.050      0.314      0.753

 N5       WITH
    C2                 0.445      0.045      9.837      0.000

 E5       WITH
    C1                 0.467      0.046     10.271      0.000

 C6       WITH
    C4                 0.403      0.046      8.721      0.000

 C5       WITH
    C8                 0.417      0.051      8.216      0.000

 Intercepts
    A1                -0.025      0.051     -0.493      0.622
    A2                 0.032      0.051      0.629      0.529
    A3                 0.005      0.051      0.100      0.921
    A6                -0.006      0.051     -0.122      0.903
    A7                 0.005      0.051      0.102      0.919
    A8                -0.001      0.051     -0.014      0.988
    C1                 0.000      0.051      0.005      0.996
    C2                 0.011      0.051      0.225      0.822
    C3                -0.002      0.051     -0.031      0.975
    C4                 0.000      0.051     -0.009      0.993
    C5                -0.003      0.051     -0.056      0.955
    C6                -0.004      0.051     -0.074      0.941
    C7                 0.008      0.051      0.163      0.871
    C8                 0.000      0.051      0.001      0.999
    C9                -0.002      0.051     -0.040      0.968
    E1                 0.002      0.051      0.039      0.969
    E3                -0.006      0.051     -0.119      0.905
    E4                -0.015      0.051     -0.301      0.763
    E5                 0.004      0.051      0.087      0.931
    E6                -0.001      0.051     -0.019      0.985
    E7                -0.005      0.051     -0.106      0.915
    E8                -0.002      0.051     -0.046      0.963
    E9                -0.006      0.051     -0.121      0.903
    N1                 0.007      0.051      0.144      0.886
    N2                 0.019      0.051      0.376      0.707
    N3                 0.001      0.051      0.019      0.985
    N4                -0.004      0.051     -0.077      0.939
    N5                 0.006      0.051      0.113      0.910
    N6                 0.003      0.051      0.054      0.957
    N7                 0.005      0.051      0.101      0.920
    O1                -0.003      0.051     -0.055      0.956
    O2                -0.076      0.051     -1.502      0.133
    O3                -0.004      0.051     -0.082      0.935
    O4                -0.027      0.051     -0.528      0.597
    O5                -0.007      0.051     -0.132      0.895
    O6                -0.006      0.051     -0.117      0.907
    O7                -0.017      0.051     -0.339      0.734
    O9                -0.017      0.051     -0.336      0.737

 Variances
    AGREE              1.000      0.000    999.000    999.000
    CONSC              1.000      0.000    999.000    999.000
    EXTRA              1.000      0.000    999.000    999.000
    NEURO              1.000      0.000    999.000    999.000
    OPEN               1.000      0.000    999.000    999.000

 Residual Variances
    A1                 0.577      0.045     12.856      0.000
    A2                 0.456      0.042     10.834      0.000
    A3                 0.386      0.040      9.707      0.000
    A6                 0.742      0.044     16.862      0.000
    A7                 0.435      0.041     10.538      0.000
    A8                 0.812      0.041     19.737      0.000
    C1                 0.477      0.042     11.475      0.000
    C2                 0.524      0.041     12.722      0.000
    C3                 0.511      0.042     12.058      0.000
    C4                 0.781      0.044     17.709      0.000
    C5                 0.406      0.044      9.129      0.000
    C6                 0.665      0.046     14.459      0.000
    C7                 0.736      0.042     17.698      0.000
    C8                 0.805      0.045     17.905      0.000
    C9                 0.411      0.048      8.603      0.000
    E1                 0.489      0.043     11.345      0.000
    E3                 0.652      0.048     13.626      0.000
    E4                 0.467      0.041     11.470      0.000
    E5                 0.466      0.041     11.365      0.000
    E6                 0.337      0.041      8.309      0.000
    E7                 0.614      0.044     13.927      0.000
    E8                 0.653      0.045     14.672      0.000
    E9                 0.484      0.044     11.039      0.000
    N1                 0.615      0.043     14.382      0.000
    N2                 0.429      0.039     10.974      0.000
    N3                 0.269      0.032      8.455      0.000
    N4                 0.621      0.044     14.221      0.000
    N5                 0.404      0.037     11.028      0.000
    N6                 0.406      0.043      9.433      0.000
    N7                 0.496      0.041     12.225      0.000
    O1                 0.576      0.044     13.176      0.000
    O2                 0.656      0.043     15.087      0.000
    O3                 0.584      0.044     13.201      0.000
    O4                 0.691      0.045     15.281      0.000
    O5                 0.652      0.045     14.616      0.000
    O6                 0.396      0.042      9.465      0.000
    O7                 0.420      0.041     10.227      0.000
    O9                 0.641      0.044     14.704      0.000


R-SQUARE

    Observed                                        Two-Tailed
    Variable        Estimate       S.E.  Est./S.E.    P-Value

    A1                 0.423      0.045      9.425      0.000
    A2                 0.544      0.042     12.948      0.000
    A3                 0.614      0.040     15.473      0.000
    A6                 0.258      0.044      5.869      0.000
    A7                 0.565      0.041     13.679      0.000
    A8                 0.188      0.041      4.569      0.000
    C1                 0.523      0.042     12.568      0.000
    C2                 0.476      0.041     11.579      0.000
    C3                 0.489      0.042     11.520      0.000
    C4                 0.219      0.044      4.968      0.000
    C5                 0.594      0.044     13.349      0.000
    C6                 0.335      0.046      7.271      0.000
    C7                 0.264      0.042      6.342      0.000
    C8                 0.195      0.045      4.328      0.000
    C9                 0.589      0.048     12.334      0.000
    E1                 0.511      0.043     11.840      0.000
    E3                 0.348      0.048      7.269      0.000
    E4                 0.533      0.041     13.105      0.000
    E5                 0.534      0.041     13.002      0.000
    E6                 0.663      0.041     16.333      0.000
    E7                 0.386      0.044      8.750      0.000
    E8                 0.347      0.045      7.793      0.000
    E9                 0.516      0.044     11.780      0.000
    N1                 0.385      0.043      9.008      0.000
    N2                 0.571      0.039     14.619      0.000
    N3                 0.731      0.032     22.922      0.000
    N4                 0.379      0.044      8.685      0.000
    N5                 0.596      0.037     16.287      0.000
    N6                 0.594      0.043     13.797      0.000
    N7                 0.504      0.041     12.431      0.000
    O1                 0.424      0.044      9.712      0.000
    O2                 0.344      0.043      7.908      0.000
    O3                 0.416      0.044      9.401      0.000
    O4                 0.309      0.045      6.825      0.000
    O5                 0.348      0.045      7.806      0.000
    O6                 0.604      0.042     14.428      0.000
    O7                 0.580      0.041     14.145      0.000
    O9                 0.359      0.044      8.244      0.000


QUALITY OF NUMERICAL RESULTS

     Condition Number for the Information Matrix              0.224E-02
       (ratio of smallest to largest eigenvalue)


MODEL MODIFICATION INDICES

NOTE:  Modification indices for direct effects of observed dependent variables
regressed on covariates may not be included.  To include these, request
MODINDICES (ALL).

Minimum M.I. value for printing the modification index     4.000

                                   M.I.     E.P.C.  Std E.P.C.  StdYX E.P.C.

WITH Statements

A2       WITH A1                  30.602    -0.053     -0.053       -0.337
A3       WITH A1                   4.487     0.019      0.019        0.132
A3       WITH A2                  14.489    -0.039     -0.039       -0.258
A8       WITH A1                   5.899     0.019      0.019        0.135
A8       WITH A3                   4.790    -0.017     -0.017       -0.130
A8       WITH A6                   8.771     0.034      0.034        0.159
C1       WITH A3                  22.014     0.054      0.054        0.253
C1       WITH A7                   5.929    -0.027     -0.027       -0.129
C3       WITH A2                   4.785     0.017      0.017        0.132
C3       WITH C1                   6.530    -0.023     -0.023       -0.126
C4       WITH A6                   8.498     0.056      0.056        0.143
C5       WITH A2                   6.184     0.028      0.028        0.143
C5       WITH A8                   5.437    -0.021     -0.021       -0.126
C5       WITH C4                   8.309     0.045      0.045        0.144
C6       WITH A1                   4.611     0.014      0.014        0.110
C6       WITH A3                   4.044     0.013      0.013        0.109
C6       WITH C3                  12.113    -0.018     -0.018       -0.180
C7       WITH A3                   4.914    -0.022     -0.022       -0.130
C7       WITH A7                   6.142     0.024      0.024        0.144
C7       WITH A8                   9.391     0.028      0.028        0.163
C7       WITH C3                  18.516     0.036      0.036        0.240
C7       WITH C6                   6.306    -0.019     -0.019       -0.124
C8       WITH A3                   6.431    -0.027     -0.027       -0.133
C8       WITH A8                   4.083     0.019      0.019        0.097
C8       WITH C7                   4.415     0.026      0.026        0.100
C9       WITH A3                   7.327    -0.018     -0.018       -0.185
C9       WITH C3                   7.781     0.015      0.015        0.182
C9       WITH C4                   4.102    -0.021     -0.021       -0.118
E1       WITH A2                   6.978     0.031      0.031        0.160
E1       WITH A6                  12.323     0.057      0.057        0.204
E1       WITH A8                   7.788     0.027      0.027        0.158
E1       WITH C7                   4.117     0.026      0.026        0.115
E3       WITH A6                   4.206     0.037      0.037        0.115
E3       WITH C3                   6.037     0.025      0.025        0.143
E3       WITH E1                  10.646     0.051      0.051        0.199
E4       WITH A1                   5.316    -0.025     -0.025       -0.134
E4       WITH A2                   4.183     0.025      0.025        0.122
E4       WITH E1                   9.917     0.045      0.045        0.193
E4       WITH E3                  16.517     0.064      0.064        0.239
E5       WITH A2                   9.043    -0.033     -0.033       -0.155
E5       WITH A3                   7.666     0.028      0.028        0.149
E5       WITH A7                   9.906     0.031      0.031        0.167
E5       WITH A8                   8.766     0.026      0.026        0.140
E5       WITH C5                   7.512    -0.032     -0.032       -0.131
E5       WITH E4                   9.395    -0.038     -0.038       -0.152
E6       WITH A7                   5.593    -0.023     -0.023       -0.164
E6       WITH C3                   7.795    -0.024     -0.024       -0.197
E6       WITH C5                   4.287    -0.024     -0.024       -0.133
E6       WITH E1                   9.931    -0.044     -0.044       -0.242
E6       WITH E5                   9.965     0.036      0.036        0.180
E7       WITH A1                   7.953     0.033      0.033        0.160
E7       WITH A3                   4.447    -0.025     -0.025       -0.126
E7       WITH A7                   8.533     0.033      0.033        0.173
E7       WITH C1                   5.618    -0.036     -0.036       -0.114
E7       WITH C3                   4.097     0.020      0.020        0.115
E7       WITH E3                   4.574     0.036      0.036        0.122
E8       WITH A1                   7.196     0.036      0.036        0.152
E8       WITH A2                   4.410    -0.031     -0.031       -0.122
E8       WITH A6                  17.355     0.084      0.084        0.230
E8       WITH E3                  16.383    -0.077     -0.077       -0.231
E8       WITH E4                   7.917    -0.049     -0.049       -0.162
E8       WITH E7                   7.155     0.050      0.050        0.149
E9       WITH C2                   4.698     0.034      0.034        0.113
E9       WITH E4                   9.378     0.051      0.051        0.185
E9       WITH E6                   9.429    -0.046     -0.046       -0.212
N1       WITH A2                  12.175     0.052      0.052        0.203
N1       WITH A3                   5.200    -0.031     -0.031       -0.137
N1       WITH A6                  10.005    -0.064     -0.064       -0.172
N1       WITH A8                   4.119    -0.025     -0.025       -0.109
N1       WITH C1                   7.205     0.046      0.046        0.129
N1       WITH C2                   4.043     0.033      0.033        0.096
N1       WITH E4                   7.677     0.048      0.048        0.157
N1       WITH E5                   8.957    -0.046     -0.046       -0.144
N1       WITH E8                   7.164    -0.056     -0.056       -0.147
N2       WITH A2                   4.842    -0.026     -0.026       -0.132
N2       WITH A8                   5.555     0.023      0.023        0.133
N2       WITH C1                   5.387    -0.032     -0.032       -0.116
N2       WITH C4                   7.327    -0.044     -0.044       -0.139
N2       WITH C5                  12.092    -0.044     -0.044       -0.197
N2       WITH E1                   8.871    -0.041     -0.041       -0.181
N2       WITH E4                  38.605    -0.089     -0.089       -0.380
N2       WITH E5                   8.516     0.036      0.036        0.146
N2       WITH E7                   7.644     0.041      0.041        0.160
N2       WITH E9                   6.577     0.041      0.041        0.156
N2       WITH N1                   8.545    -0.049     -0.049       -0.167
N3       WITH A7                   6.136     0.019      0.019        0.170
N3       WITH C7                   4.558    -0.020     -0.020       -0.134
N3       WITH N2                  10.579     0.036      0.036        0.239
N4       WITH A6                  16.773     0.068      0.068        0.224
N4       WITH A7                  10.670     0.035      0.035        0.194
N4       WITH A8                  20.872     0.046      0.046        0.248
N4       WITH C1                  12.511    -0.051     -0.051       -0.170
N4       WITH C7                  13.636     0.048      0.048        0.199
N4       WITH E5                   4.901     0.028      0.028        0.107
N4       WITH E7                   6.848     0.040      0.040        0.145
N4       WITH N1                  11.639    -0.060     -0.060       -0.187
N4       WITH N2                  25.854     0.071      0.071        0.292
N5       WITH A6                   7.476     0.023      0.023        0.134
N5       WITH A8                   6.903     0.014      0.014        0.127
N5       WITH C5                   5.753    -0.017     -0.017       -0.120
N5       WITH C8                   4.618     0.015      0.015        0.094
N5       WITH N1                   6.488    -0.023     -0.023       -0.125
N5       WITH N4                   5.066     0.017      0.017        0.112
N6       WITH E4                  19.575     0.054      0.054        0.282
N6       WITH E7                  13.109    -0.047     -0.047       -0.224
N6       WITH E8                   8.541    -0.044     -0.044       -0.182
N6       WITH N1                   5.204     0.034      0.034        0.141
N6       WITH N2                   4.716    -0.027     -0.027       -0.143
N6       WITH N4                   5.481    -0.029     -0.029       -0.147
N7       WITH A3                  24.356     0.029      0.029        0.301
N7       WITH A6                  14.402     0.033      0.033        0.211
N7       WITH C2                   7.585    -0.019     -0.019       -0.135
N7       WITH C9                   7.872    -0.013     -0.013       -0.180
N7       WITH E5                   4.042    -0.013     -0.013       -0.098
N7       WITH N5                   7.487     0.011      0.011        0.138
N7       WITH N6                   4.776     0.015      0.015        0.142
O1       WITH A3                   4.827    -0.021     -0.021       -0.136
O1       WITH C3                   5.746     0.018      0.018        0.137
O1       WITH C5                   5.460    -0.025     -0.025       -0.129
O1       WITH C6                  15.316    -0.027     -0.027       -0.199
O1       WITH C9                  30.723     0.039      0.039        0.354
O1       WITH E1                   5.817    -0.028     -0.028       -0.141
O1       WITH E8                   4.222    -0.029     -0.029       -0.115
O1       WITH N2                  23.199     0.055      0.055        0.279
O1       WITH N6                   4.499    -0.021     -0.021       -0.132
O2       WITH A2                   9.278     0.046      0.046        0.175
O2       WITH A6                   9.289    -0.063     -0.063       -0.166
O2       WITH C4                   5.390    -0.048     -0.048       -0.114
O2       WITH E4                   9.391     0.055      0.055        0.174
O2       WITH E5                   6.289    -0.040     -0.040       -0.120
O2       WITH E6                   8.926    -0.049     -0.049       -0.196
O2       WITH N2                   9.284    -0.053     -0.053       -0.174
O2       WITH N3                   5.066     0.029      0.029        0.143
O3       WITH A2                   4.138    -0.024     -0.024       -0.119
O3       WITH A7                   8.409     0.030      0.030        0.173
O3       WITH A8                   5.256     0.022      0.022        0.126
O3       WITH C1                   5.096    -0.031     -0.031       -0.110
O3       WITH E3                   5.239     0.035      0.035        0.132
O3       WITH E5                   4.817     0.027      0.027        0.107
O3       WITH E7                   8.260     0.043      0.043        0.162
O3       WITH N4                   7.440     0.038      0.038        0.153
O4       WITH A1                   4.221    -0.031     -0.031       -0.116
O4       WITH C6                   7.197    -0.031     -0.031       -0.135
O4       WITH E6                   7.071    -0.047     -0.047       -0.172
O4       WITH E7                   6.054    -0.052     -0.052       -0.137
O4       WITH N2                   6.282    -0.048     -0.048       -0.143
O4       WITH N3                   7.842     0.039      0.039        0.178
O4       WITH N6                   4.694     0.036      0.036        0.133
O4       WITH N7                   5.543    -0.024     -0.024       -0.132
O4       WITH O3                   7.453    -0.053     -0.053       -0.154
O5       WITH A1                   9.826    -0.040     -0.040       -0.179
O5       WITH C9                   6.305     0.025      0.025        0.159
O5       WITH E7                  11.512    -0.059     -0.059       -0.189
O5       WITH E8                   7.574    -0.054     -0.054       -0.152
O5       WITH O2                   4.720     0.044      0.044        0.119
O5       WITH O4                  27.309     0.118      0.118        0.291
O6       WITH A7                   4.581    -0.021     -0.021       -0.141
O6       WITH C6                   8.335     0.022      0.022        0.165
O6       WITH C9                   7.939    -0.023     -0.023       -0.202
O6       WITH E4                   6.692    -0.034     -0.034       -0.163
O6       WITH E6                  11.880     0.040      0.040        0.248
O6       WITH N3                   5.489    -0.022     -0.022       -0.170
O6       WITH O1                   4.075     0.023      0.023        0.130
O6       WITH O2                   8.215    -0.048     -0.048       -0.177
O6       WITH O4                  10.365    -0.060     -0.060       -0.205
O7       WITH A2                   4.119     0.025      0.025        0.126
O7       WITH A7                   8.661    -0.032     -0.032       -0.186
O7       WITH A8                   5.711    -0.024     -0.024       -0.139
O7       WITH C6                   7.735    -0.024     -0.024       -0.153
O7       WITH E3                  12.001    -0.056     -0.056       -0.213
O7       WITH E5                   4.403    -0.027     -0.027       -0.108
O7       WITH E6                   7.533    -0.035     -0.035       -0.190
O7       WITH E7                   5.262    -0.036     -0.036       -0.138
O7       WITH N1                   4.462     0.037      0.037        0.124
O7       WITH N4                   5.086    -0.033     -0.033       -0.134
O7       WITH O2                  15.835     0.073      0.073        0.236
O7       WITH O3                   6.692    -0.038     -0.038       -0.162
O7       WITH O4                  10.427     0.066      0.066        0.196
O7       WITH O5                   8.381     0.049      0.049        0.177
O9       WITH A6                   4.631     0.047      0.047        0.117
O9       WITH C4                   4.987    -0.050     -0.050       -0.110
O9       WITH C8                   4.876     0.040      0.040        0.107
O9       WITH C9                  10.995     0.038      0.038        0.211
O9       WITH N3                   5.082    -0.031     -0.031       -0.144
O9       WITH N4                   9.672     0.060      0.060        0.172
O9       WITH N5                  10.372     0.032      0.032        0.159


DIAGRAM INFORMATION

  Use View Diagram under the Diagram menu in the Mplus Editor to view the diagram.
  If running Mplus from the Mplus Diagrammer, the diagram opens automatically.

  Diagram output
    f:\ipip paper\sample_deutsch\cfa\gesamtmodell\esem_all facets on all  without a4, a5, e2, o8 plu

     Beginning Time:  16:37:21
        Ending Time:  16:37:24
       Elapsed Time:  00:00:03



MUTHEN & MUTHEN
3463 Stoner Ave.
Los Angeles, CA  90066

Tel: (310) 391-9971
Fax: (310) 391-8971
Web: www.StatModel.com
Support: Support@StatModel.com

Copyright (c) 1998-2013 Muthen & Muthen
