Mplus VERSION 7.1
MUTHEN & MUTHEN
06/10/2015   2:26 PM

INPUT INSTRUCTIONS

  TITLE:

  DATA:
  FILE IS  "IQIPIP_ohne_Leervaribalen_ohne notes.txt";
  Variable:
  Names are
  PCODE
  SEX
  AGE
  AGEMON
  EDLEV
  KBZ
  FORM
  VERSION
  SERIAL
  SOURCE
  AWCODE
  DATE
  TIME1
  TIME2
  IDNO
  DEVICE
  CANCEL
  MERGE
  N1
  N2
  N3
  N4
  N5
  N6
  N7
  E1
  E2
  E3
  E4
  E5
  E6
  E7
  E8
  E9
  O1
  O2
  O3
  O4
  O5
  O6
  O7
  O8
  O9
  A1
  A2
  A3
  A4
  A5
  A6
  A7
  A8
  C1
  C2
  C3
  C4
  C5
  C6
  C7
  C8
  C9
  A
  N
  E
  O
  C
  N1_1
  E1_1
  O1_1
  A1_1
  C1_1
  N1_2
  E1_2
  O1_2
  A1_2
  C1_2
  N1_3
  E1_3
  O1_3
  A1_3
  C1_3
  N1_4
  E1_4
  O1_4
  A1_4
  C1_4
  N1_5
  E1_5
  O1_5
  A1_5
  C1_5
  N2_1
  E2_1
  O2_1
  A2_1
  C2_1
  N2_2
  E2_2
  O2_2
  A2_2
  C2_2
  N2_3
  E2_3
  O2_3
  A2_3
  C2_3
  N2_4
  E2_4
  O2_4
  A2_4
  C2_4
  N2_5
  E2_5
  O2_5
  A2_5
  C2_5
  N3_1
  E3_1
  O3_1
  A3_1
  C3_1
  N3_2
  E3_2
  O3_2
  A3_2
  C3_2
  N3_3
  E3_3
  O3_3
  A3_3
  C3_3
  N3_4
  E3_4
  O3_4
  A3_4
  C3_4
  N3_5
  E3_5
  O3_5
  A3_5
  C3_5
  N4_1
  E4_1
  O4_1
  A4_1
  C4_1
  N4_2
  E4_2
  O4_2
  A4_2
  C4_2
  N4_3
  E4_3
  O4_3
  A4_3
  C4_3
  N4_4
  E4_4
  O4_4
  A4_4
  C4_4
  N4_5
  E4_5
  O4_5
  A4_5
  C4_5
  N5_1
  E5_1
  O5_1
  A5_1
  C5_1
  N5_2
  E5_2
  O5_2
  A5_2
  C5_2
  N5_3
  E5_3
  O5_3
  A5_3
  C5_3
  N5_4
  E5_4
  O5_4
  A5_4
  C5_4
  N5_5
  E5_5
  O5_5
  A5_5
  C5_5
  N6_1
  E6_1
  O6_1
  A6_1
  C6_1
  N6_2
  E6_2
  O6_2
  A6_2
  C6_2
  N6_3
  E6_3
  O6_3
  A6_3
  C6_3
  N6_4
  E6_4
  O6_4
  A6_4
  C6_4
  N6_5
  E6_5
  O6_5
  A6_5
  C6_5
  N7_1
  E7_1
  O7_1
  A7_1
  C7_1
  N7_2
  E7_2
  O7_2
  A7_2
  C7_2
  N7_3
  E7_3
  O7_3
  A7_3
  C7_3
  N7_4
  E7_4
  O7_4
  A7_4
  C7_4
  N7_5
  E7_5
  O7_5
  A7_5
  C7_5
  E8_1
  O8_1
  A8_1
  C8_1
  E8_2
  O8_2
  A8_2
  C8_2
  E8_3
  O8_3
  A8_3
  C8_3
  E8_4
  O8_4
  A8_4
  C8_4
  E8_5
  O8_5
  A8_5
  C8_5
  E9_1
  O9_1
  C9_1
  E9_2
  O9_2
  C9_2
  E9_3
  O9_3
  C9_3
  E9_4
  O9_4
  C9_4
  E9_5
  O9_5
  C9_5
  ;

  USEVARIABLES ARE
  A1_1
  A1_2
  A1_3
  A1_4
  A1_5
  A2_1
  A2_2
  A2_3
  A2_4
  A2_5
  A3_1
  A3_2
  A3_3
  A3_4
  A3_5
  A4_1
  A4_2
  A4_3
  A4_4
  A4_5
  A5_1
  A5_2
  A5_3
  A5_4
  A5_5
  A6_1
  A6_2
  A6_3
  A6_4
  A6_5
  A7_1
  A7_2
  A7_3
  A7_4
  A7_5
  A8_1
  A8_2
  A8_3
  A8_4
  ;

  MISSING ARE ALL (-99);
  categorical are all;

  Model:
  A1 by
  A1_1
  A1_2
  A1_3
  A1_4
  A1_5;

  A2 by
  A2_1
  A2_2
  A2_3
  A2_4
  A2_5;

  A3 by
  A3_1
  A3_2
  A3_3
  A3_4
  A3_5;

  A4 by
  A4_1
  A4_2
  A4_3
  A4_4
  A4_5;

  A5 by
  A5_1
  A5_2
  A5_3
  A5_4
  A5_5;

  A6 by
  A6_1
  A6_2
  A6_3
  A6_4
  A6_5;

  A7 by
  A7_1
  A7_2
  A7_3
  A7_4
  A7_5;

  A8 by
  A8_1
  A8_2
  A8_3
  A8_4
  ;

  A by A1 A2 A3 A4 A5 A6 A7 A8;

  Analysis:
  ESTIMATOR IS WLSMV;

  OUTPUT: STDYX MODINDICES(4);



INPUT READING TERMINATED NORMALLY




SUMMARY OF ANALYSIS

Number of groups                                                 1
Number of observations                                         387

Number of dependent variables                                   39
Number of independent variables                                  0
Number of continuous latent variables                            9

Observed dependent variables

  Binary and ordered categorical (ordinal)
   A1_1        A1_2        A1_3        A1_4        A1_5        A2_1
   A2_2        A2_3        A2_4        A2_5        A3_1        A3_2
   A3_3        A3_4        A3_5        A4_1        A4_2        A4_3
   A4_4        A4_5        A5_1        A5_2        A5_3        A5_4
   A5_5        A6_1        A6_2        A6_3        A6_4        A6_5
   A7_1        A7_2        A7_3        A7_4        A7_5        A8_1
   A8_2        A8_3        A8_4

Continuous latent variables
   A1          A2          A3          A4          A5          A6
   A7          A8          A


Estimator                                                    WLSMV
Maximum number of iterations                                  1000
Convergence criterion                                    0.500D-04
Maximum number of steepest descent iterations                   20
Maximum number of iterations for H1                           2000
Convergence criterion for H1                             0.100D-03
Parameterization                                             DELTA

Input data file(s)
  IQIPIP_ohne_Leervaribalen_ohne notes.txt

Input data format  FREE


SUMMARY OF DATA

     Number of missing data patterns             1


COVARIANCE COVERAGE OF DATA

Minimum covariance coverage value   0.100


     PROPORTION OF DATA PRESENT


           Covariance Coverage
              A1_1          A1_2          A1_3          A1_4          A1_5
              ________      ________      ________      ________      ________
 A1_1           1.000
 A1_2           1.000         1.000
 A1_3           1.000         1.000         1.000
 A1_4           1.000         1.000         1.000         1.000
 A1_5           1.000         1.000         1.000         1.000         1.000
 A2_1           1.000         1.000         1.000         1.000         1.000
 A2_2           1.000         1.000         1.000         1.000         1.000
 A2_3           1.000         1.000         1.000         1.000         1.000
 A2_4           1.000         1.000         1.000         1.000         1.000
 A2_5           1.000         1.000         1.000         1.000         1.000
 A3_1           1.000         1.000         1.000         1.000         1.000
 A3_2           1.000         1.000         1.000         1.000         1.000
 A3_3           1.000         1.000         1.000         1.000         1.000
 A3_4           1.000         1.000         1.000         1.000         1.000
 A3_5           1.000         1.000         1.000         1.000         1.000
 A4_1           1.000         1.000         1.000         1.000         1.000
 A4_2           1.000         1.000         1.000         1.000         1.000
 A4_3           1.000         1.000         1.000         1.000         1.000
 A4_4           1.000         1.000         1.000         1.000         1.000
 A4_5           1.000         1.000         1.000         1.000         1.000
 A5_1           1.000         1.000         1.000         1.000         1.000
 A5_2           1.000         1.000         1.000         1.000         1.000
 A5_3           1.000         1.000         1.000         1.000         1.000
 A5_4           1.000         1.000         1.000         1.000         1.000
 A5_5           1.000         1.000         1.000         1.000         1.000
 A6_1           1.000         1.000         1.000         1.000         1.000
 A6_2           1.000         1.000         1.000         1.000         1.000
 A6_3           1.000         1.000         1.000         1.000         1.000
 A6_4           1.000         1.000         1.000         1.000         1.000
 A6_5           1.000         1.000         1.000         1.000         1.000
 A7_1           1.000         1.000         1.000         1.000         1.000
 A7_2           1.000         1.000         1.000         1.000         1.000
 A7_3           1.000         1.000         1.000         1.000         1.000
 A7_4           1.000         1.000         1.000         1.000         1.000
 A7_5           1.000         1.000         1.000         1.000         1.000
 A8_1           1.000         1.000         1.000         1.000         1.000
 A8_2           1.000         1.000         1.000         1.000         1.000
 A8_3           1.000         1.000         1.000         1.000         1.000
 A8_4           1.000         1.000         1.000         1.000         1.000


           Covariance Coverage
              A2_1          A2_2          A2_3          A2_4          A2_5
              ________      ________      ________      ________      ________
 A2_1           1.000
 A2_2           1.000         1.000
 A2_3           1.000         1.000         1.000
 A2_4           1.000         1.000         1.000         1.000
 A2_5           1.000         1.000         1.000         1.000         1.000
 A3_1           1.000         1.000         1.000         1.000         1.000
 A3_2           1.000         1.000         1.000         1.000         1.000
 A3_3           1.000         1.000         1.000         1.000         1.000
 A3_4           1.000         1.000         1.000         1.000         1.000
 A3_5           1.000         1.000         1.000         1.000         1.000
 A4_1           1.000         1.000         1.000         1.000         1.000
 A4_2           1.000         1.000         1.000         1.000         1.000
 A4_3           1.000         1.000         1.000         1.000         1.000
 A4_4           1.000         1.000         1.000         1.000         1.000
 A4_5           1.000         1.000         1.000         1.000         1.000
 A5_1           1.000         1.000         1.000         1.000         1.000
 A5_2           1.000         1.000         1.000         1.000         1.000
 A5_3           1.000         1.000         1.000         1.000         1.000
 A5_4           1.000         1.000         1.000         1.000         1.000
 A5_5           1.000         1.000         1.000         1.000         1.000
 A6_1           1.000         1.000         1.000         1.000         1.000
 A6_2           1.000         1.000         1.000         1.000         1.000
 A6_3           1.000         1.000         1.000         1.000         1.000
 A6_4           1.000         1.000         1.000         1.000         1.000
 A6_5           1.000         1.000         1.000         1.000         1.000
 A7_1           1.000         1.000         1.000         1.000         1.000
 A7_2           1.000         1.000         1.000         1.000         1.000
 A7_3           1.000         1.000         1.000         1.000         1.000
 A7_4           1.000         1.000         1.000         1.000         1.000
 A7_5           1.000         1.000         1.000         1.000         1.000
 A8_1           1.000         1.000         1.000         1.000         1.000
 A8_2           1.000         1.000         1.000         1.000         1.000
 A8_3           1.000         1.000         1.000         1.000         1.000
 A8_4           1.000         1.000         1.000         1.000         1.000


           Covariance Coverage
              A3_1          A3_2          A3_3          A3_4          A3_5
              ________      ________      ________      ________      ________
 A3_1           1.000
 A3_2           1.000         1.000
 A3_3           1.000         1.000         1.000
 A3_4           1.000         1.000         1.000         1.000
 A3_5           1.000         1.000         1.000         1.000         1.000
 A4_1           1.000         1.000         1.000         1.000         1.000
 A4_2           1.000         1.000         1.000         1.000         1.000
 A4_3           1.000         1.000         1.000         1.000         1.000
 A4_4           1.000         1.000         1.000         1.000         1.000
 A4_5           1.000         1.000         1.000         1.000         1.000
 A5_1           1.000         1.000         1.000         1.000         1.000
 A5_2           1.000         1.000         1.000         1.000         1.000
 A5_3           1.000         1.000         1.000         1.000         1.000
 A5_4           1.000         1.000         1.000         1.000         1.000
 A5_5           1.000         1.000         1.000         1.000         1.000
 A6_1           1.000         1.000         1.000         1.000         1.000
 A6_2           1.000         1.000         1.000         1.000         1.000
 A6_3           1.000         1.000         1.000         1.000         1.000
 A6_4           1.000         1.000         1.000         1.000         1.000
 A6_5           1.000         1.000         1.000         1.000         1.000
 A7_1           1.000         1.000         1.000         1.000         1.000
 A7_2           1.000         1.000         1.000         1.000         1.000
 A7_3           1.000         1.000         1.000         1.000         1.000
 A7_4           1.000         1.000         1.000         1.000         1.000
 A7_5           1.000         1.000         1.000         1.000         1.000
 A8_1           1.000         1.000         1.000         1.000         1.000
 A8_2           1.000         1.000         1.000         1.000         1.000
 A8_3           1.000         1.000         1.000         1.000         1.000
 A8_4           1.000         1.000         1.000         1.000         1.000


           Covariance Coverage
              A4_1          A4_2          A4_3          A4_4          A4_5
              ________      ________      ________      ________      ________
 A4_1           1.000
 A4_2           1.000         1.000
 A4_3           1.000         1.000         1.000
 A4_4           1.000         1.000         1.000         1.000
 A4_5           1.000         1.000         1.000         1.000         1.000
 A5_1           1.000         1.000         1.000         1.000         1.000
 A5_2           1.000         1.000         1.000         1.000         1.000
 A5_3           1.000         1.000         1.000         1.000         1.000
 A5_4           1.000         1.000         1.000         1.000         1.000
 A5_5           1.000         1.000         1.000         1.000         1.000
 A6_1           1.000         1.000         1.000         1.000         1.000
 A6_2           1.000         1.000         1.000         1.000         1.000
 A6_3           1.000         1.000         1.000         1.000         1.000
 A6_4           1.000         1.000         1.000         1.000         1.000
 A6_5           1.000         1.000         1.000         1.000         1.000
 A7_1           1.000         1.000         1.000         1.000         1.000
 A7_2           1.000         1.000         1.000         1.000         1.000
 A7_3           1.000         1.000         1.000         1.000         1.000
 A7_4           1.000         1.000         1.000         1.000         1.000
 A7_5           1.000         1.000         1.000         1.000         1.000
 A8_1           1.000         1.000         1.000         1.000         1.000
 A8_2           1.000         1.000         1.000         1.000         1.000
 A8_3           1.000         1.000         1.000         1.000         1.000
 A8_4           1.000         1.000         1.000         1.000         1.000


           Covariance Coverage
              A5_1          A5_2          A5_3          A5_4          A5_5
              ________      ________      ________      ________      ________
 A5_1           1.000
 A5_2           1.000         1.000
 A5_3           1.000         1.000         1.000
 A5_4           1.000         1.000         1.000         1.000
 A5_5           1.000         1.000         1.000         1.000         1.000
 A6_1           1.000         1.000         1.000         1.000         1.000
 A6_2           1.000         1.000         1.000         1.000         1.000
 A6_3           1.000         1.000         1.000         1.000         1.000
 A6_4           1.000         1.000         1.000         1.000         1.000
 A6_5           1.000         1.000         1.000         1.000         1.000
 A7_1           1.000         1.000         1.000         1.000         1.000
 A7_2           1.000         1.000         1.000         1.000         1.000
 A7_3           1.000         1.000         1.000         1.000         1.000
 A7_4           1.000         1.000         1.000         1.000         1.000
 A7_5           1.000         1.000         1.000         1.000         1.000
 A8_1           1.000         1.000         1.000         1.000         1.000
 A8_2           1.000         1.000         1.000         1.000         1.000
 A8_3           1.000         1.000         1.000         1.000         1.000
 A8_4           1.000         1.000         1.000         1.000         1.000


           Covariance Coverage
              A6_1          A6_2          A6_3          A6_4          A6_5
              ________      ________      ________      ________      ________
 A6_1           1.000
 A6_2           1.000         1.000
 A6_3           1.000         1.000         1.000
 A6_4           1.000         1.000         1.000         1.000
 A6_5           1.000         1.000         1.000         1.000         1.000
 A7_1           1.000         1.000         1.000         1.000         1.000
 A7_2           1.000         1.000         1.000         1.000         1.000
 A7_3           1.000         1.000         1.000         1.000         1.000
 A7_4           1.000         1.000         1.000         1.000         1.000
 A7_5           1.000         1.000         1.000         1.000         1.000
 A8_1           1.000         1.000         1.000         1.000         1.000
 A8_2           1.000         1.000         1.000         1.000         1.000
 A8_3           1.000         1.000         1.000         1.000         1.000
 A8_4           1.000         1.000         1.000         1.000         1.000


           Covariance Coverage
              A7_1          A7_2          A7_3          A7_4          A7_5
              ________      ________      ________      ________      ________
 A7_1           1.000
 A7_2           1.000         1.000
 A7_3           1.000         1.000         1.000
 A7_4           1.000         1.000         1.000         1.000
 A7_5           1.000         1.000         1.000         1.000         1.000
 A8_1           1.000         1.000         1.000         1.000         1.000
 A8_2           1.000         1.000         1.000         1.000         1.000
 A8_3           1.000         1.000         1.000         1.000         1.000
 A8_4           1.000         1.000         1.000         1.000         1.000


           Covariance Coverage
              A8_1          A8_2          A8_3          A8_4
              ________      ________      ________      ________
 A8_1           1.000
 A8_2           1.000         1.000
 A8_3           1.000         1.000         1.000
 A8_4           1.000         1.000         1.000         1.000


UNIVARIATE PROPORTIONS AND COUNTS FOR CATEGORICAL VARIABLES

    A1_1
      Category 1    0.005        2.000
      Category 2    0.008        3.000
      Category 3    0.044       17.000
      Category 4    0.651      252.000
      Category 5    0.292      113.000
    A1_2
      Category 1    0.003        1.000
      Category 2    0.010        4.000
      Category 3    0.059       23.000
      Category 4    0.504      195.000
      Category 5    0.424      164.000
    A1_3
      Category 1    0.003        1.000
      Category 2    0.008        3.000
      Category 3    0.049       19.000
      Category 4    0.519      201.000
      Category 5    0.421      163.000
    A1_4
      Category 1    0.034       13.000
      Category 2    0.150       58.000
      Category 3    0.447      173.000
      Category 4    0.370      143.000
    A1_5
      Category 1    0.005        2.000
      Category 2    0.085       33.000
      Category 3    0.527      204.000
      Category 4    0.382      148.000
    A2_1
      Category 1    0.287      111.000
      Category 2    0.429      166.000
      Category 3    0.222       86.000
      Category 4    0.057       22.000
      Category 5    0.005        2.000
    A2_2
      Category 1    0.426      165.000
      Category 2    0.372      144.000
      Category 3    0.150       58.000
      Category 4    0.049       19.000
      Category 5    0.003        1.000
    A2_3
      Category 1    0.380      147.000
      Category 2    0.331      128.000
      Category 3    0.171       66.000
      Category 4    0.106       41.000
      Category 5    0.013        5.000
    A2_4
      Category 1    0.563      218.000
      Category 2    0.307      119.000
      Category 3    0.098       38.000
      Category 4    0.026       10.000
      Category 5    0.005        2.000
    A2_5
      Category 1    0.295      114.000
      Category 2    0.444      172.000
      Category 3    0.209       81.000
      Category 4    0.039       15.000
      Category 5    0.013        5.000
    A3_1
      Category 1    0.196       76.000
      Category 2    0.310      120.000
      Category 3    0.269      104.000
      Category 4    0.168       65.000
      Category 5    0.057       22.000
    A3_2
      Category 1    0.057       22.000
      Category 2    0.300      116.000
      Category 3    0.406      157.000
      Category 4    0.214       83.000
      Category 5    0.023        9.000
    A3_3
      Category 1    0.196       76.000
      Category 2    0.375      145.000
      Category 3    0.243       94.000
      Category 4    0.158       61.000
      Category 5    0.028       11.000
    A3_4
      Category 1    0.078       30.000
      Category 2    0.202       78.000
      Category 3    0.351      136.000
      Category 4    0.305      118.000
      Category 5    0.065       25.000
    A3_5
      Category 1    0.214       83.000
      Category 2    0.388      150.000
      Category 3    0.287      111.000
      Category 4    0.101       39.000
      Category 5    0.010        4.000
    A4_1
      Category 1    0.003        1.000
      Category 2    0.028       11.000
      Category 3    0.243       94.000
      Category 4    0.496      192.000
      Category 5    0.230       89.000
    A4_2
      Category 1    0.119       46.000
      Category 2    0.339      131.000
      Category 3    0.411      159.000
      Category 4    0.124       48.000
      Category 5    0.008        3.000
    A4_3
      Category 1    0.191       74.000
      Category 2    0.326      126.000
      Category 3    0.346      134.000
      Category 4    0.129       50.000
      Category 5    0.008        3.000
    A4_4
      Category 1    0.155       60.000
      Category 2    0.444      172.000
      Category 3    0.274      106.000
      Category 4    0.124       48.000
      Category 5    0.003        1.000
    A4_5
      Category 1    0.289      112.000
      Category 2    0.364      141.000
      Category 3    0.261      101.000
      Category 4    0.080       31.000
      Category 5    0.005        2.000
    A5_1
      Category 1    0.026       10.000
      Category 2    0.124       48.000
      Category 3    0.245       95.000
      Category 4    0.470      182.000
      Category 5    0.134       52.000
    A5_2
      Category 1    0.057       22.000
      Category 2    0.310      120.000
      Category 3    0.336      130.000
      Category 4    0.264      102.000
      Category 5    0.034       13.000
    A5_3
      Category 1    0.067       26.000
      Category 2    0.194       75.000
      Category 3    0.331      128.000
      Category 4    0.344      133.000
      Category 5    0.065       25.000
    A5_4
      Category 1    0.093       36.000
      Category 2    0.287      111.000
      Category 3    0.331      128.000
      Category 4    0.233       90.000
      Category 5    0.057       22.000
    A5_5
      Category 1    0.031       12.000
      Category 2    0.129       50.000
      Category 3    0.375      145.000
      Category 4    0.408      158.000
      Category 5    0.057       22.000
    A6_1
      Category 1    0.065       25.000
      Category 2    0.217       84.000
      Category 3    0.432      167.000
      Category 4    0.253       98.000
      Category 5    0.034       13.000
    A6_2
      Category 1    0.039       15.000
      Category 2    0.132       51.000
      Category 3    0.382      148.000
      Category 4    0.406      157.000
      Category 5    0.041       16.000
    A6_3
      Category 1    0.028       11.000
      Category 2    0.106       41.000
      Category 3    0.408      158.000
      Category 4    0.411      159.000
      Category 5    0.047       18.000
    A6_4
      Category 1    0.023        9.000
      Category 2    0.106       41.000
      Category 3    0.320      124.000
      Category 4    0.460      178.000
      Category 5    0.090       35.000
    A6_5
      Category 1    0.178       69.000
      Category 2    0.450      174.000
      Category 3    0.282      109.000
      Category 4    0.083       32.000
      Category 5    0.008        3.000
    A7_1
      Category 1    0.140       54.000
      Category 2    0.305      118.000
      Category 3    0.328      127.000
      Category 4    0.199       77.000
      Category 5    0.028       11.000
    A7_2
      Category 1    0.023        9.000
      Category 2    0.098       38.000
      Category 3    0.411      159.000
      Category 4    0.393      152.000
      Category 5    0.075       29.000
    A7_3
      Category 1    0.297      115.000
      Category 2    0.429      166.000
      Category 3    0.181       70.000
      Category 4    0.083       32.000
      Category 5    0.010        4.000
    A7_4
      Category 1    0.196       76.000
      Category 2    0.362      140.000
      Category 3    0.266      103.000
      Category 4    0.155       60.000
      Category 5    0.021        8.000
    A7_5
      Category 1    0.160       62.000
      Category 2    0.362      140.000
      Category 3    0.300      116.000
      Category 4    0.163       63.000
      Category 5    0.016        6.000
    A8_1
      Category 1    0.021        8.000
      Category 2    0.121       47.000
      Category 3    0.468      181.000
      Category 4    0.328      127.000
      Category 5    0.062       24.000
    A8_2
      Category 1    0.165       64.000
      Category 2    0.336      130.000
      Category 3    0.310      120.000
      Category 4    0.171       66.000
      Category 5    0.018        7.000
    A8_3
      Category 1    0.098       38.000
      Category 2    0.245       95.000
      Category 3    0.328      127.000
      Category 4    0.300      116.000
      Category 5    0.028       11.000
    A8_4
      Category 1    0.041       16.000
      Category 2    0.080       31.000
      Category 3    0.186       72.000
      Category 4    0.460      178.000
      Category 5    0.233       90.000



     NO CONVERGENCE.  NUMBER OF ITERATIONS EXCEEDED.



MODEL RESULTS

                    Estimate

 A1       BY
    A1_1               1.000
    A1_2               1.460
    A1_3               1.340
    A1_4               0.903
    A1_5               0.749

 A2       BY
    A2_1               1.000
    A2_2               1.206
    A2_3               1.109
    A2_4               1.208
    A2_5               0.520

 A3       BY
    A3_1               1.000
    A3_2               0.847
    A3_3               0.962
    A3_4               0.802
    A3_5               0.857

 A4       BY
    A4_1               1.000
    A4_2            2631.956
    A4_3            1508.156
    A4_4            -378.964
    A4_5            9850.935

 A5       BY
    A5_1               1.000
    A5_2             392.108
    A5_3            7103.738
    A5_4           12657.058
    A5_5            2506.549

 A6       BY
    A6_1               1.000
    A6_2               1.141
    A6_3               0.981
    A6_4               0.463
    A6_5              -0.632

 A7       BY
    A7_1               1.000
    A7_2              -0.182
    A7_3               1.180
    A7_4               1.024
    A7_5               0.909

 A8       BY
    A8_1               1.000
    A8_2               0.100
    A8_3               0.560
    A8_4               1.024

 A        BY
    A1                 1.000
    A2             13807.113
    A3             14414.656
    A4                 1.207
    A5                 0.893
    A6             -4483.487
    A7             14005.354
    A8             -9290.760

 Thresholds
    A1_1$1            -2.564
    A1_1$2            -2.229
    A1_1$3            -1.582
    A1_1$4             0.548
    A1_2$1            -2.796
    A1_2$2            -2.229
    A1_2$3            -1.458
    A1_2$4             0.192
    A1_3$1            -2.796
    A1_3$2            -2.314
    A1_3$3            -1.560
    A1_3$4             0.199
    A1_4$1            -1.830
    A1_4$2            -0.902
    A1_4$3             0.333
    A1_5$1            -2.564
    A1_5$2            -1.338
    A1_5$3             0.299
    A2_1$1            -0.563
    A2_1$2             0.570
    A2_1$3             1.538
    A2_1$4             2.564
    A2_2$1            -0.186
    A2_2$2             0.836
    A2_2$3             1.629
    A2_2$4             2.796
    A2_3$1            -0.306
    A2_3$2             0.555
    A2_3$3             1.181
    A2_3$4             2.229
    A2_4$1             0.159
    A2_4$2             1.130
    A2_4$3             1.866
    A2_4$4             2.564
    A2_5$1            -0.540
    A2_5$2             0.640
    A2_5$3             1.629
    A2_5$4             2.229
    A3_1$1            -0.855
    A3_1$2             0.016
    A3_1$3             0.756
    A3_1$4             1.582
    A3_2$1            -1.582
    A3_2$2            -0.368
    A3_2$3             0.714
    A3_2$4             1.991
    A3_3$1            -0.855
    A3_3$2             0.179
    A3_3$3             0.893
    A3_3$4             1.904
    A3_4$1            -1.422
    A3_4$2            -0.586
    A3_4$3             0.333
    A3_4$4             1.517
    A3_5$1            -0.791
    A3_5$2             0.259
    A3_5$3             1.221
    A3_5$4             2.314
    A4_1$1            -2.796
    A4_1$2            -1.866
    A4_1$3            -0.601
    A4_1$4             0.739
    A4_2$1            -1.181
    A4_2$2            -0.107
    A4_2$3             1.118
    A4_2$4             2.420
    A4_3$1            -0.873
    A4_3$2             0.042
    A4_3$3             1.094
    A4_3$4             2.420
    A4_4$1            -1.015
    A4_4$2             0.252
    A4_4$3             1.143
    A4_4$4             2.796
    A4_5$1            -0.555
    A4_5$2             0.395
    A4_5$3             1.370
    A4_5$4             2.564
    A5_1$1            -1.946
    A5_1$2            -1.037
    A5_1$3            -0.265
    A5_1$4             1.106
    A5_2$1            -1.582
    A5_2$2            -0.340
    A5_2$3             0.533
    A5_2$4             1.830
    A5_3$1            -1.497
    A5_3$2            -0.640
    A5_3$3             0.232
    A5_3$4             1.517
    A5_4$1            -1.322
    A5_4$2            -0.306
    A5_4$3             0.555
    A5_4$4             1.582
    A5_5$1            -1.866
    A5_5$2            -0.994
    A5_5$3             0.088
    A5_5$4             1.582
    A6_1$1            -1.517
    A6_1$2            -0.578
    A6_1$3             0.563
    A6_1$4             1.830
    A6_2$1            -1.765
    A6_2$2            -0.952
    A6_2$3             0.133
    A6_2$4             1.735
    A6_3$1            -1.904
    A6_3$2            -1.106
    A6_3$3             0.107
    A6_3$4             1.680
    A6_4$1            -1.991
    A6_4$2            -1.130
    A6_4$3            -0.127
    A6_4$4             1.338
    A6_5$1            -0.922
    A6_5$2             0.326
    A6_5$3             1.338
    A6_5$4             2.420
    A7_1$1            -1.082
    A7_1$2            -0.140
    A7_1$3             0.747
    A7_1$4             1.904
    A7_2$1            -1.991
    A7_2$2            -1.168
    A7_2$3             0.081
    A7_2$4             1.440
    A7_3$1            -0.533
    A7_3$2             0.601
    A7_3$3             1.322
    A7_3$4             2.314
    A7_4$1            -0.855
    A7_4$2             0.146
    A7_4$3             0.932
    A7_4$4             2.040
    A7_5$1            -0.994
    A7_5$2             0.055
    A7_5$3             0.922
    A7_5$4             2.157
    A8_1$1            -2.040
    A8_1$2            -1.071
    A8_1$3             0.279
    A8_1$4             1.538
    A8_2$1            -0.973
    A8_2$2             0.003
    A8_2$3             0.883
    A8_2$4             2.095
    A8_3$1            -1.292
    A8_3$2            -0.402
    A8_3$3             0.445
    A8_3$4             1.904
    A8_4$1            -1.735
    A8_4$2            -1.168
    A8_4$3            -0.503
    A8_4$4             0.730

 Variances
    A                  0.000

 Residual Variances
    A1                 0.364
    A2                 0.102
    A3                 0.118
    A4                 0.000
    A5                 0.000
    A6                 0.495
    A7                 0.099
    A8                 0.103


MODEL COMMAND WITH FINAL ESTIMATES USED AS STARTING VALUES

     a1 BY a1_1@1;
     a1 BY a1_2*1.46038;
     a1 BY a1_3*1.34021;
     a1 BY a1_4*0.90255;
     a1 BY a1_5*0.74944;
     a2 BY a2_1@1;
     a2 BY a2_2*1.20639;
     a2 BY a2_3*1.10924;
     a2 BY a2_4*1.20805;
     a2 BY a2_5*0.52006;
     a3 BY a3_1@1;
     a3 BY a3_2*0.84716;
     a3 BY a3_3*0.96175;
     a3 BY a3_4*0.80186;
     a3 BY a3_5*0.85738;
     a4 BY a4_1@1;
     a4 BY a4_2*2631.95630;
     a4 BY a4_3*1508.15601;
     a4 BY a4_4*-378.96356;
     a4 BY a4_5*9850.93457;
     a5 BY a5_1@1;
     a5 BY a5_2*392.10828;
     a5 BY a5_3*7103.73828;
     a5 BY a5_4*12657.05762;
     a5 BY a5_5*2506.54858;
     a6 BY a6_1@1;
     a6 BY a6_2*1.14097;
     a6 BY a6_3*0.98061;
     a6 BY a6_4*0.46269;
     a6 BY a6_5*-0.63177;
     a7 BY a7_1@1;
     a7 BY a7_2*-0.18248;
     a7 BY a7_3*1.18007;
     a7 BY a7_4*1.02416;
     a7 BY a7_5*0.90861;
     a8 BY a8_1@1;
     a8 BY a8_2*0.10028;
     a8 BY a8_3*0.56030;
     a8 BY a8_4*1.02388;

     a BY a1@1;
     a BY a2*13807.11328;
     a BY a3*14414.65625;
     a BY a4*1.20717;
     a BY a5*0.89337;
     a BY a6*-4483.48730;
     a BY a7*14005.35449;
     a BY a8*-9290.75977;

     [ a1_1$1*-2.56438 ];
     [ a1_1$2*-2.22861 ];
     [ a1_1$3*-1.58180 ];
     [ a1_1$4*0.54758 ];
     [ a1_2$1*-2.79637 ];
     [ a1_2$2*-2.22861 ];
     [ a1_2$3*-1.45850 ];
     [ a1_2$4*0.19225 ];
     [ a1_3$1*-2.79637 ];
     [ a1_3$2*-2.31393 ];
     [ a1_3$3*-1.55956 ];
     [ a1_3$4*0.19885 ];
     [ a1_4$1*-1.83044 ];
     [ a1_4$2*-0.90225 ];
     [ a1_4$3*0.33315 ];
     [ a1_5$1*-2.56438 ];
     [ a1_5$2*-1.33805 ];
     [ a1_5$3*0.29911 ];
     [ a2_1$1*-0.56269 ];
     [ a2_1$2*0.57030 ];
     [ a2_1$3*1.53807 ];
     [ a2_1$4*2.56438 ];
     [ a2_2$1*-0.18566 ];
     [ a2_2$2*0.83610 ];
     [ a2_2$3*1.62878 ];
     [ a2_2$4*2.79638 ];
     [ a2_3$1*-0.30589 ];
     [ a2_3$2*0.55512 ];
     [ a2_3$3*1.18069 ];
     [ a2_3$4*2.22861 ];
     [ a2_4$1*0.15936 ];
     [ a2_4$2*1.13019 ];
     [ a2_4$3*1.86618 ];
     [ a2_4$4*2.56438 ];
     [ a2_5$1*-0.54007 ];
     [ a2_5$2*0.64032 ];
     [ a2_5$3*1.62878 ];
     [ a2_5$4*2.22861 ];
     [ a3_1$1*-0.85461 ];
     [ a3_1$2*0.01619 ];
     [ a3_1$3*0.75606 ];
     [ a3_1$4*1.58180 ];
     [ a3_2$1*-1.58180 ];
     [ a3_2$2*-0.36759 ];
     [ a3_2$3*0.71364 ];
     [ a3_2$4*1.99072 ];
     [ a3_3$1*-0.85461 ];
     [ a3_3$2*0.17907 ];
     [ a3_3$3*0.89256 ];
     [ a3_3$4*1.90448 ];
     [ a3_4$1*-1.42196 ];
     [ a3_4$2*-0.58561 ];
     [ a3_4$3*0.33315 ];
     [ a3_4$4*1.51727 ];
     [ a3_5$1*-0.79101 ];
     [ a3_5$2*0.25870 ];
     [ a3_5$3*1.22064 ];
     [ a3_5$4*2.31392 ];
     [ a4_1$1*-2.79637 ];
     [ a4_1$2*-1.86618 ];
     [ a4_1$3*-0.60105 ];
     [ a4_1$4*0.73893 ];
     [ a4_2$1*-1.18069 ];
     [ a4_2$2*-0.10708 ];
     [ a4_2$3*1.11800 ];
     [ a4_2$4*2.42039 ];
     [ a4_3$1*-0.87343 ];
     [ a4_3$2*0.04211 ];
     [ a4_3$3*1.09412 ];
     [ a4_3$4*2.42039 ];
     [ a4_4$1*-1.01506 ];
     [ a4_4$2*0.25201 ];
     [ a4_4$3*1.14254 ];
     [ a4_4$4*2.79637 ];
     [ a4_5$1*-0.55512 ];
     [ a4_5$2*0.39546 ];
     [ a4_5$3*1.37046 ];
     [ a4_5$4*2.56438 ];
     [ a5_1$1*-1.94579 ];
     [ a5_1$2*-1.03699 ];
     [ a5_1$3*-0.26540 ];
     [ a5_1$4*1.10598 ];
     [ a5_2$1*-1.58180 ];
     [ a5_2$2*-0.34001 ];
     [ a5_2$3*0.53259 ];
     [ a5_2$4*1.83044 ];
     [ a5_3$1*-1.49710 ];
     [ a5_3$2*-0.64032 ];
     [ a5_3$3*0.23200 ];
     [ a5_3$4*1.51727 ];
     [ a5_4$1*-1.32237 ];
     [ a5_4$2*-0.30589 ];
     [ a5_4$3*0.55512 ];
     [ a5_4$4*1.58180 ];
     [ a5_5$1*-1.86618 ];
     [ a5_5$2*-0.99361 ];
     [ a5_5$3*0.08755 ];
     [ a5_5$4*1.58180 ];
     [ a6_1$1*-1.51727 ];
     [ a6_1$2*-0.57794 ];
     [ a6_1$3*0.56269 ];
     [ a6_1$4*1.83044 ];
     [ a6_2$1*-1.76526 ];
     [ a6_2$2*-0.95202 ];
     [ a6_2$3*0.13317 ];
     [ a6_2$4*1.73530 ];
     [ a6_3$1*-1.90448 ];
     [ a6_3$2*-1.10598 ];
     [ a6_3$3*0.10708 ];
     [ a6_3$4*1.67966 ];
     [ a6_4$1*-1.99072 ];
     [ a6_4$2*-1.13019 ];
     [ a6_4$3*-0.12664 ];
     [ a6_4$4*1.33806 ];
     [ a6_5$1*-0.92188 ];
     [ a6_5$2*0.32632 ];
     [ a6_5$3*1.33805 ];
     [ a6_5$4*2.42039 ];
     [ a7_1$1*-1.08241 ];
     [ a7_1$2*-0.13971 ];
     [ a7_1$3*0.74747 ];
     [ a7_1$4*1.90448 ];
     [ a7_2$1*-1.99072 ];
     [ a7_2$2*-1.16778 ];
     [ a7_2$3*0.08105 ];
     [ a7_2$4*1.43999 ];
     [ a7_3$1*-0.53259 ];
     [ a7_3$2*0.60105 ];
     [ a7_3$3*1.32237 ];
     [ a7_3$4*2.31392 ];
     [ a7_4$1*-0.85461 ];
     [ a7_4$2*0.14625 ];
     [ a7_4$3*0.93184 ];
     [ a7_4$4*2.04007 ];
     [ a7_5$1*-0.99361 ];
     [ a7_5$2*0.05508 ];
     [ a7_5$3*0.92188 ];
     [ a7_5$4*2.15697 ];
     [ a8_1$1*-2.04007 ];
     [ a8_1$2*-1.07085 ];
     [ a8_1$3*0.27885 ];
     [ a8_1$4*1.53807 ];
     [ a8_2$1*-0.97261 ];
     [ a8_2$2*0.00324 ];
     [ a8_2$3*0.88295 ];
     [ a8_2$4*2.09495 ];
     [ a8_3$1*-1.29193 ];
     [ a8_3$2*-0.40247 ];
     [ a8_3$3*0.44498 ];
     [ a8_3$4*1.90448 ];
     [ a8_4$1*-1.73530 ];
     [ a8_4$2*-1.16778 ];
     [ a8_4$3*-0.50297 ];
     [ a8_4$4*0.73045 ];

     a1*0.36379;
     a2*0.10240;
     a3*0.11765;
     a4*0.00000;
     a5*0.00000;
     a6*0.49473;
     a7*0.09867;
     a8*0.10320;
     a*0.00000;



DIAGRAM INFORMATION

  Use View Diagram under the Diagram menu in the Mplus Editor to view the diagram.
  If running Mplus from the Mplus Diagrammer, the diagram opens automatically.

  Diagram output
    f:\ipip paper\sample_deutsch\cfa\verträglichkeit\cfa gesamt verträglichkeit.dgm

     Beginning Time:  14:26:34
        Ending Time:  14:26:52
       Elapsed Time:  00:00:18



MUTHEN & MUTHEN
3463 Stoner Ave.
Los Angeles, CA  90066

Tel: (310) 391-9971
Fax: (310) 391-8971
Web: www.StatModel.com
Support: Support@StatModel.com

Copyright (c) 1998-2013 Muthen & Muthen
