Mplus VERSION 7.1
MUTHEN & MUTHEN
06/10/2015   3:11 PM

INPUT INSTRUCTIONS

  TITLE:

  DATA:
  FILE IS  "IQIPIP_ohne_Leervaribalen_ohne notes.txt";
  Variable:
  Names are
  PCODE
  SEX
  AGE
  AGEMON
  EDLEV
  KBZ
  FORM
  VERSION
  SERIAL
  SOURCE
  AWCODE
  DATE
  TIME1
  TIME2
  IDNO
  DEVICE
  CANCEL
  MERGE
  N1
  N2
  N3
  N4
  N5
  N6
  N7
  E1
  E2
  E3
  E4
  E5
  E6
  E7
  E8
  E9
  O1
  O2
  O3
  O4
  O5
  O6
  O7
  O8
  O9
  A1
  A2
  A3
  A4
  A5
  A6
  A7
  A8
  C1
  C2
  C3
  C4
  C5
  C6
  C7
  C8
  C9
  A
  N
  E
  O
  C
  N1_1
  E1_1
  O1_1
  A1_1
  C1_1
  N1_2
  E1_2
  O1_2
  A1_2
  C1_2
  N1_3
  E1_3
  O1_3
  A1_3
  C1_3
  N1_4
  E1_4
  O1_4
  A1_4
  C1_4
  N1_5
  E1_5
  O1_5
  A1_5
  C1_5
  N2_1
  E2_1
  O2_1
  A2_1
  C2_1
  N2_2
  E2_2
  O2_2
  A2_2
  C2_2
  N2_3
  E2_3
  O2_3
  A2_3
  C2_3
  N2_4
  E2_4
  O2_4
  A2_4
  C2_4
  N2_5
  E2_5
  O2_5
  A2_5
  C2_5
  N3_1
  E3_1
  O3_1
  A3_1
  C3_1
  N3_2
  E3_2
  O3_2
  A3_2
  C3_2
  N3_3
  E3_3
  O3_3
  A3_3
  C3_3
  N3_4
  E3_4
  O3_4
  A3_4
  C3_4
  N3_5
  E3_5
  O3_5
  A3_5
  C3_5
  N4_1
  E4_1
  O4_1
  A4_1
  C4_1
  N4_2
  E4_2
  O4_2
  A4_2
  C4_2
  N4_3
  E4_3
  O4_3
  A4_3
  C4_3
  N4_4
  E4_4
  O4_4
  A4_4
  C4_4
  N4_5
  E4_5
  O4_5
  A4_5
  C4_5
  N5_1
  E5_1
  O5_1
  A5_1
  C5_1
  N5_2
  E5_2
  O5_2
  A5_2
  C5_2
  N5_3
  E5_3
  O5_3
  A5_3
  C5_3
  N5_4
  E5_4
  O5_4
  A5_4
  C5_4
  N5_5
  E5_5
  O5_5
  A5_5
  C5_5
  N6_1
  E6_1
  O6_1
  A6_1
  C6_1
  N6_2
  E6_2
  O6_2
  A6_2
  C6_2
  N6_3
  E6_3
  O6_3
  A6_3
  C6_3
  N6_4
  E6_4
  O6_4
  A6_4
  C6_4
  N6_5
  E6_5
  O6_5
  A6_5
  C6_5
  N7_1
  E7_1
  O7_1
  A7_1
  C7_1
  N7_2
  E7_2
  O7_2
  A7_2
  C7_2
  N7_3
  E7_3
  O7_3
  A7_3
  C7_3
  N7_4
  E7_4
  O7_4
  A7_4
  C7_4
  N7_5
  E7_5
  O7_5
  A7_5
  C7_5
  E8_1
  O8_1
  A8_1
  C8_1
  E8_2
  O8_2
  A8_2
  C8_2
  E8_3
  O8_3
  A8_3
  C8_3
  E8_4
  O8_4
  A8_4
  C8_4
  E8_5
  O8_5
  A8_5
  C8_5
  E9_1
  O9_1
  C9_1
  E9_2
  O9_2
  C9_2
  E9_3
  O9_3
  C9_3
  E9_4
  O9_4
  C9_4
  E9_5
  O9_5
  C9_5
  ;

  USEVARIABLES ARE
  A5_1
  A5_2
  A5_3
  A5_4
  A5_5
  ;

  MISSING ARE ALL (-99);
  categorical are all;

  Model:
  Weinerl BY
  A5_1
  A5_2
  A5_3
  A5_4
  A5_5
  ;

  Savedata:
    file is a5.txt;
    save = fscores;

  Analysis:
  ESTIMATOR IS WLSMV;

  OUTPUT: STDYX MODINDICES(4);



INPUT READING TERMINATED NORMALLY




SUMMARY OF ANALYSIS

Number of groups                                                 1
Number of observations                                         387

Number of dependent variables                                    5
Number of independent variables                                  0
Number of continuous latent variables                            1

Observed dependent variables

  Binary and ordered categorical (ordinal)
   A5_1        A5_2        A5_3        A5_4        A5_5

Continuous latent variables
   WEINERL


Estimator                                                    WLSMV
Maximum number of iterations                                  1000
Convergence criterion                                    0.500D-04
Maximum number of steepest descent iterations                   20
Maximum number of iterations for H1                           2000
Convergence criterion for H1                             0.100D-03
Parameterization                                             DELTA

Input data file(s)
  IQIPIP_ohne_Leervaribalen_ohne notes.txt

Input data format  FREE


SUMMARY OF DATA

     Number of missing data patterns             1


COVARIANCE COVERAGE OF DATA

Minimum covariance coverage value   0.100


     PROPORTION OF DATA PRESENT


           Covariance Coverage
              A5_1          A5_2          A5_3          A5_4          A5_5
              ________      ________      ________      ________      ________
 A5_1           1.000
 A5_2           1.000         1.000
 A5_3           1.000         1.000         1.000
 A5_4           1.000         1.000         1.000         1.000
 A5_5           1.000         1.000         1.000         1.000         1.000


UNIVARIATE PROPORTIONS AND COUNTS FOR CATEGORICAL VARIABLES

    A5_1
      Category 1    0.026       10.000
      Category 2    0.124       48.000
      Category 3    0.245       95.000
      Category 4    0.470      182.000
      Category 5    0.134       52.000
    A5_2
      Category 1    0.057       22.000
      Category 2    0.310      120.000
      Category 3    0.336      130.000
      Category 4    0.264      102.000
      Category 5    0.034       13.000
    A5_3
      Category 1    0.067       26.000
      Category 2    0.194       75.000
      Category 3    0.331      128.000
      Category 4    0.344      133.000
      Category 5    0.065       25.000
    A5_4
      Category 1    0.093       36.000
      Category 2    0.287      111.000
      Category 3    0.331      128.000
      Category 4    0.233       90.000
      Category 5    0.057       22.000
    A5_5
      Category 1    0.031       12.000
      Category 2    0.129       50.000
      Category 3    0.375      145.000
      Category 4    0.408      158.000
      Category 5    0.057       22.000



THE MODEL ESTIMATION TERMINATED NORMALLY



MODEL FIT INFORMATION

Number of Free Parameters                       25

Chi-Square Test of Model Fit

          Value                             65.262*
          Degrees of Freedom                     5
          P-Value                           0.0000

*   The chi-square value for MLM, MLMV, MLR, ULSMV, WLSM and WLSMV cannot be used
    for chi-square difference testing in the regular way.  MLM, MLR and WLSM
    chi-square difference testing is described on the Mplus website.  MLMV, WLSMV,
    and ULSMV difference testing is done using the DIFFTEST option.

RMSEA (Root Mean Square Error Of Approximation)

          Estimate                           0.176
          90 Percent C.I.                    0.140  0.216
          Probability RMSEA <= .05           0.000

CFI/TLI

          CFI                                0.882
          TLI                                0.764

Chi-Square Test of Model Fit for the Baseline Model

          Value                            520.142
          Degrees of Freedom                    10
          P-Value                           0.0000

WRMR (Weighted Root Mean Square Residual)

          Value                              1.220



MODEL RESULTS

                                                    Two-Tailed
                    Estimate       S.E.  Est./S.E.    P-Value

 WEINERL  BY
    A5_1               1.000      0.000    999.000    999.000
    A5_2               1.068      0.102     10.473      0.000
    A5_3               0.944      0.076     12.357      0.000
    A5_4               0.409      0.077      5.305      0.000
    A5_5               0.487      0.083      5.863      0.000

 Thresholds
    A5_1$1            -1.946      0.134    -14.496      0.000
    A5_1$2            -1.037      0.078    -13.318      0.000
    A5_1$3            -0.265      0.065     -4.113      0.000
    A5_1$4             1.106      0.080     13.807      0.000
    A5_2$1            -1.582      0.103    -15.344      0.000
    A5_2$2            -0.340      0.065     -5.226      0.000
    A5_2$3             0.533      0.067      7.937      0.000
    A5_2$4             1.830      0.123     14.930      0.000
    A5_3$1            -1.497      0.098    -15.304      0.000
    A5_3$2            -0.640      0.069     -9.322      0.000
    A5_3$3             0.232      0.064      3.606      0.000
    A5_3$4             1.517      0.099     15.322      0.000
    A5_4$1            -1.322      0.089    -14.904      0.000
    A5_4$2            -0.306      0.065     -4.720      0.000
    A5_4$3             0.555      0.067      8.235      0.000
    A5_4$4             1.582      0.103     15.344      0.000
    A5_5$1            -1.866      0.126    -14.811      0.000
    A5_5$2            -0.994      0.077    -12.977      0.000
    A5_5$3             0.088      0.064      1.372      0.170
    A5_5$4             1.582      0.103     15.344      0.000

 Variances
    WEINERL            0.466      0.056      8.394      0.000


STANDARDIZED MODEL RESULTS


STDYX Standardization

                                                    Two-Tailed
                    Estimate       S.E.  Est./S.E.    P-Value

 WEINERL  BY
    A5_1               0.683      0.041     16.788      0.000
    A5_2               0.729      0.041     17.687      0.000
    A5_3               0.644      0.043     14.969      0.000
    A5_4               0.279      0.049      5.702      0.000
    A5_5               0.332      0.054      6.141      0.000

 Thresholds
    A5_1$1            -1.946      0.134    -14.496      0.000
    A5_1$2            -1.037      0.078    -13.318      0.000
    A5_1$3            -0.265      0.065     -4.113      0.000
    A5_1$4             1.106      0.080     13.807      0.000
    A5_2$1            -1.582      0.103    -15.344      0.000
    A5_2$2            -0.340      0.065     -5.226      0.000
    A5_2$3             0.533      0.067      7.937      0.000
    A5_2$4             1.830      0.123     14.930      0.000
    A5_3$1            -1.497      0.098    -15.304      0.000
    A5_3$2            -0.640      0.069     -9.322      0.000
    A5_3$3             0.232      0.064      3.606      0.000
    A5_3$4             1.517      0.099     15.322      0.000
    A5_4$1            -1.322      0.089    -14.904      0.000
    A5_4$2            -0.306      0.065     -4.720      0.000
    A5_4$3             0.555      0.067      8.235      0.000
    A5_4$4             1.582      0.103     15.344      0.000
    A5_5$1            -1.866      0.126    -14.811      0.000
    A5_5$2            -0.994      0.077    -12.977      0.000
    A5_5$3             0.088      0.064      1.372      0.170
    A5_5$4             1.582      0.103     15.344      0.000

 Variances
    WEINERL            1.000      0.000    999.000    999.000


R-SQUARE

    Observed                                        Two-Tailed   Residual
    Variable        Estimate       S.E.  Est./S.E.    P-Value    Variance

    A5_1               0.466      0.056      8.394      0.000      0.534
    A5_2               0.531      0.060      8.844      0.000      0.469
    A5_3               0.415      0.055      7.484      0.000      0.585
    A5_4               0.078      0.027      2.851      0.004      0.922
    A5_5               0.111      0.036      3.071      0.002      0.889


QUALITY OF NUMERICAL RESULTS

     Condition Number for the Information Matrix              0.134E-01
       (ratio of smallest to largest eigenvalue)


MODEL MODIFICATION INDICES

NOTE:  Modification indices for direct effects of observed dependent variables
regressed on covariates and residual covariances among observed dependent
variables may not be included.  To include these, request MODINDICES (ALL).

Minimum M.I. value for printing the modification index     4.000

                                   M.I.     E.P.C.  Std E.P.C.  StdYX E.P.C.

No modification indices above the minimum value.



SAMPLE STATISTICS FOR ESTIMATED FACTOR SCORES


     SAMPLE STATISTICS


           Means
              WEINERL
              ________
 1              0.000


           Covariances
              WEINERL
              ________
 WEINERL        0.323


           Correlations
              WEINERL
              ________
 WEINERL        1.000


SAVEDATA INFORMATION


  Save file
    a5.txt

  Order and format of variables

    A5_1           F10.3
    A5_2           F10.3
    A5_3           F10.3
    A5_4           F10.3
    A5_5           F10.3
    WEINERL        F10.3

  Save file format
    6F10.3

  Save file record length    10000


DIAGRAM INFORMATION

  Use View Diagram under the Diagram menu in the Mplus Editor to view the diagram.
  If running Mplus from the Mplus Diagrammer, the diagram opens automatically.

  Diagram output
    f:\ipip paper\sample_deutsch\cfa\verträglichkeit\cfa a5 weinerlichkeit.dgm

     Beginning Time:  15:11:10
        Ending Time:  15:11:11
       Elapsed Time:  00:00:01



MUTHEN & MUTHEN
3463 Stoner Ave.
Los Angeles, CA  90066

Tel: (310) 391-9971
Fax: (310) 391-8971
Web: www.StatModel.com
Support: Support@StatModel.com

Copyright (c) 1998-2013 Muthen & Muthen
