Mplus VERSION 7.1
MUTHEN & MUTHEN
06/02/2015   1:28 PM

INPUT INSTRUCTIONS

  TITLE:

  DATA:
  FILE IS  "ARI Data 2009_Agreeableness CFA Sample.txt";
  Variable:
  Names are
  respid
  agree5
  agree51
  agree21
  agree84
  agree35
  agree15
  agree93
  agree67
  agree34
  agree25
  agree44
  agree64
  agree31
  agree45
  agree26
  agree52
  agree14
  agree20
  agree6
  agree92
  agree77
  agree3
  agree17
  agree19
  agree13
  agree27
  agree105
  agree95
  agree104
  agree57
  agree85
  agree97
  agree110
  agree61
  agree94
  agree107
  agree30
  agree40
  agree32
  agree50
  agree90
  agree63
  agree60
  agree23
  agree1
  agree58
  agree101
  agree46
  agree87
  agree98
  agree37
  agree62
  agree39
  agree83
  agree53
  agree65
  agree103
  agree91
  agree4
  agree42
  agree18
  agree96
  agree106
  agree55
  agree86
  agree72
  agree22
  agree79
  agree33
  agree70
  agree109
  agree78
  agree100
  agree71
  agree89
  agree76
  agree75
  agree11
  agree56
  agree12
  agree49
  agree16
  agree108
  agree43
  agree7
  agree2
  agree88
  agree41
  agree38
  agree99
  agree69
  agree36
  agree80
  agree8
  agree66
  agree54
  agree24
  agree82
  agree74
  agree73
  agree10
  agree59
  Filter
  filter_
  ;

  USEVARIABLES ARE
  agree109
  agree106
  agree91
  agree105
  agree77
  ;

  MISSING ARE ALL (-99);
  categorical are all;

  Model:
  super BY
  agree109
  agree106
  agree91
  agree105
  agree77
  ;

  Savedata:
  file is a3.txt;
  save = fscores;

  Analysis:
  ESTIMATOR IS WLSMV;

  OUTPUT: STDYX MODINDICES(4);



*** WARNING
  Data set contains cases with missing on all variables.
  These cases were not included in the analysis.
  Number of cases with missing on all variables:  2
   1 WARNING(S) FOUND IN THE INPUT INSTRUCTIONS




SUMMARY OF ANALYSIS

Number of groups                                                 1
Number of observations                                         361

Number of dependent variables                                    5
Number of independent variables                                  0
Number of continuous latent variables                            1

Observed dependent variables

  Binary and ordered categorical (ordinal)
   AGREE109    AGREE106    AGREE91     AGREE105    AGREE77

Continuous latent variables
   SUPER


Estimator                                                    WLSMV
Maximum number of iterations                                  1000
Convergence criterion                                    0.500D-04
Maximum number of steepest descent iterations                   20
Maximum number of iterations for H1                           2000
Convergence criterion for H1                             0.100D-03
Parameterization                                             DELTA

Input data file(s)
  ARI Data 2009_Agreeableness CFA Sample.txt

Input data format  FREE


SUMMARY OF DATA

     Number of missing data patterns             1


COVARIANCE COVERAGE OF DATA

Minimum covariance coverage value   0.100


     PROPORTION OF DATA PRESENT


           Covariance Coverage
              AGREE109      AGREE106      AGREE91       AGREE105      AGREE77
              ________      ________      ________      ________      ________
 AGREE109       1.000
 AGREE106       1.000         1.000
 AGREE91        1.000         1.000         1.000
 AGREE105       1.000         1.000         1.000         1.000
 AGREE77        1.000         1.000         1.000         1.000         1.000


UNIVARIATE PROPORTIONS AND COUNTS FOR CATEGORICAL VARIABLES

    AGREE109
      Category 1    0.114       41.000
      Category 2    0.327      118.000
      Category 3    0.324      117.000
      Category 4    0.141       51.000
      Category 5    0.094       34.000
    AGREE106
      Category 1    0.066       24.000
      Category 2    0.374      135.000
      Category 3    0.380      137.000
      Category 4    0.139       50.000
      Category 5    0.042       15.000
    AGREE91
      Category 1    0.233       84.000
      Category 2    0.363      131.000
      Category 3    0.274       99.000
      Category 4    0.091       33.000
      Category 5    0.039       14.000
    AGREE105
      Category 1    0.053       19.000
      Category 2    0.177       64.000
      Category 3    0.396      143.000
      Category 4    0.249       90.000
      Category 5    0.125       45.000
    AGREE77
      Category 1    0.136       49.000
      Category 2    0.241       87.000
      Category 3    0.332      120.000
      Category 4    0.194       70.000
      Category 5    0.097       35.000



THE MODEL ESTIMATION TERMINATED NORMALLY



MODEL FIT INFORMATION

Number of Free Parameters                       25

Chi-Square Test of Model Fit

          Value                              1.994*
          Degrees of Freedom                     5
          P-Value                           0.8500

*   The chi-square value for MLM, MLMV, MLR, ULSMV, WLSM and WLSMV cannot be used
    for chi-square difference testing in the regular way.  MLM, MLR and WLSM
    chi-square difference testing is described on the Mplus website.  MLMV, WLSMV,
    and ULSMV difference testing is done using the DIFFTEST option.

RMSEA (Root Mean Square Error Of Approximation)

          Estimate                           0.000
          90 Percent C.I.                    0.000  0.040
          Probability RMSEA <= .05           0.972

CFI/TLI

          CFI                                1.000
          TLI                                1.008

Chi-Square Test of Model Fit for the Baseline Model

          Value                            810.360
          Degrees of Freedom                    10
          P-Value                           0.0000

WRMR (Weighted Root Mean Square Residual)

          Value                              0.186



MODEL RESULTS

                                                    Two-Tailed
                    Estimate       S.E.  Est./S.E.    P-Value

 SUPER    BY
    AGREE109           1.000      0.000    999.000    999.000
    AGREE106           1.004      0.058     17.383      0.000
    AGREE91            0.685      0.067     10.188      0.000
    AGREE105           0.903      0.059     15.374      0.000
    AGREE77            0.883      0.060     14.638      0.000

 Thresholds
    AGREE109$1        -1.208      0.087    -13.914      0.000
    AGREE109$2        -0.150      0.066     -2.262      0.024
    AGREE109$3         0.721      0.073      9.932      0.000
    AGREE109$4         1.315      0.092     14.371      0.000
    AGREE106$1        -1.503      0.102    -14.786      0.000
    AGREE106$2        -0.150      0.066     -2.262      0.024
    AGREE106$3         0.915      0.077     11.877      0.000
    AGREE106$4         1.733      0.118     14.664      0.000
    AGREE91$1         -0.730      0.073    -10.032      0.000
    AGREE91$2          0.242      0.067      3.628      0.000
    AGREE91$3          1.125      0.084     13.457      0.000
    AGREE91$4          1.765      0.121     14.596      0.000
    AGREE105$1        -1.620      0.109    -14.807      0.000
    AGREE105$2        -0.739      0.073    -10.132      0.000
    AGREE105$3         0.321      0.067      4.781      0.000
    AGREE105$4         1.152      0.085     13.614      0.000
    AGREE77$1         -1.100      0.083    -13.294      0.000
    AGREE77$2         -0.314      0.067     -4.677      0.000
    AGREE77$3          0.551      0.070      7.900      0.000
    AGREE77$4          1.299      0.091     14.312      0.000

 Variances
    SUPER              0.525      0.046     11.478      0.000


STANDARDIZED MODEL RESULTS


STDYX Standardization

                                                    Two-Tailed
                    Estimate       S.E.  Est./S.E.    P-Value

 SUPER    BY
    AGREE109           0.725      0.032     22.956      0.000
    AGREE106           0.728      0.032     22.954      0.000
    AGREE91            0.497      0.044     11.212      0.000
    AGREE105           0.654      0.036     18.093      0.000
    AGREE77            0.640      0.037     17.509      0.000

 Thresholds
    AGREE109$1        -1.208      0.087    -13.914      0.000
    AGREE109$2        -0.150      0.066     -2.262      0.024
    AGREE109$3         0.721      0.073      9.932      0.000
    AGREE109$4         1.315      0.092     14.371      0.000
    AGREE106$1        -1.503      0.102    -14.786      0.000
    AGREE106$2        -0.150      0.066     -2.262      0.024
    AGREE106$3         0.915      0.077     11.877      0.000
    AGREE106$4         1.733      0.118     14.664      0.000
    AGREE91$1         -0.730      0.073    -10.032      0.000
    AGREE91$2          0.242      0.067      3.628      0.000
    AGREE91$3          1.125      0.084     13.457      0.000
    AGREE91$4          1.765      0.121     14.596      0.000
    AGREE105$1        -1.620      0.109    -14.807      0.000
    AGREE105$2        -0.739      0.073    -10.132      0.000
    AGREE105$3         0.321      0.067      4.781      0.000
    AGREE105$4         1.152      0.085     13.614      0.000
    AGREE77$1         -1.100      0.083    -13.294      0.000
    AGREE77$2         -0.314      0.067     -4.677      0.000
    AGREE77$3          0.551      0.070      7.900      0.000
    AGREE77$4          1.299      0.091     14.312      0.000

 Variances
    SUPER              1.000      0.000    999.000    999.000


R-SQUARE

    Observed                                        Two-Tailed   Residual
    Variable        Estimate       S.E.  Est./S.E.    P-Value    Variance

    AGREE109           0.525      0.046     11.478      0.000      0.475
    AGREE106           0.530      0.046     11.477      0.000      0.470
    AGREE91            0.247      0.044      5.606      0.000      0.753
    AGREE105           0.428      0.047      9.047      0.000      0.572
    AGREE77            0.410      0.047      8.755      0.000      0.590


QUALITY OF NUMERICAL RESULTS

     Condition Number for the Information Matrix              0.141E-01
       (ratio of smallest to largest eigenvalue)


MODEL MODIFICATION INDICES

NOTE:  Modification indices for direct effects of observed dependent variables
regressed on covariates and residual covariances among observed dependent
variables may not be included.  To include these, request MODINDICES (ALL).

Minimum M.I. value for printing the modification index     4.000

                                   M.I.     E.P.C.  Std E.P.C.  StdYX E.P.C.

No modification indices above the minimum value.



SAMPLE STATISTICS FOR ESTIMATED FACTOR SCORES


     SAMPLE STATISTICS


           Means
              SUPER
              ________
 1              0.001


           Covariances
              SUPER
              ________
 SUPER          0.403


           Correlations
              SUPER
              ________
 SUPER          1.000


SAVEDATA INFORMATION


  Save file
    a3.txt

  Order and format of variables

    AGREE109       F10.3
    AGREE106       F10.3
    AGREE91        F10.3
    AGREE105       F10.3
    AGREE77        F10.3
    SUPER          F10.3

  Save file format
    6F10.3

  Save file record length    10000


DIAGRAM INFORMATION

  Use View Diagram under the Diagram menu in the Mplus Editor to view the diagram.
  If running Mplus from the Mplus Diagrammer, the diagram opens automatically.

  Diagram output
    f:\ipip paper\sample_usa\cfa\agreeableness\cfa mit 5 items\cfa agreeableness - superiority_grand

     Beginning Time:  13:28:49
        Ending Time:  13:28:50
       Elapsed Time:  00:00:01



MUTHEN & MUTHEN
3463 Stoner Ave.
Los Angeles, CA  90066

Tel: (310) 391-9971
Fax: (310) 391-8971
Web: www.StatModel.com
Support: Support@StatModel.com

Copyright (c) 1998-2013 Muthen & Muthen
