Mplus VERSION 7.1
MUTHEN & MUTHEN
06/02/2015   1:25 PM

INPUT INSTRUCTIONS

  TITLE:

  DATA:
  FILE IS  "ARI Data 2009_Agreeableness CFA Sample.txt";
  Variable:
  Names are
  respid
  agree5
  agree51
  agree21
  agree84
  agree35
  agree15
  agree93
  agree67
  agree34
  agree25
  agree44
  agree64
  agree31
  agree45
  agree26
  agree52
  agree14
  agree20
  agree6
  agree92
  agree77
  agree3
  agree17
  agree19
  agree13
  agree27
  agree105
  agree95
  agree104
  agree57
  agree85
  agree97
  agree110
  agree61
  agree94
  agree107
  agree30
  agree40
  agree32
  agree50
  agree90
  agree63
  agree60
  agree23
  agree1
  agree58
  agree101
  agree46
  agree87
  agree98
  agree37
  agree62
  agree39
  agree83
  agree53
  agree65
  agree103
  agree91
  agree4
  agree42
  agree18
  agree96
  agree106
  agree55
  agree86
  agree72
  agree22
  agree79
  agree33
  agree70
  agree109
  agree78
  agree100
  agree71
  agree89
  agree76
  agree75
  agree11
  agree56
  agree12
  agree49
  agree16
  agree108
  agree43
  agree7
  agree2
  agree88
  agree41
  agree38
  agree99
  agree69
  agree36
  agree80
  agree8
  agree66
  agree54
  agree24
  agree82
  agree74
  agree73
  agree10
  agree59
  Filter
  filter_
  ;

  USEVARIABLES ARE
  agree84
  agree52
  agree36
  agree67
  agree98
  ;

  MISSING ARE ALL (-99);
  categorical are all;

  Model:
  mean BY
  agree84
  agree52
  agree36
  agree67
  agree98
  ;

  Savedata:
  file is a2.txt;
  save = fscores;

  Analysis:
  ESTIMATOR IS WLSMV;

  OUTPUT: STDYX MODINDICES(4);



*** WARNING
  Data set contains cases with missing on all variables.
  These cases were not included in the analysis.
  Number of cases with missing on all variables:  2
   1 WARNING(S) FOUND IN THE INPUT INSTRUCTIONS




SUMMARY OF ANALYSIS

Number of groups                                                 1
Number of observations                                         361

Number of dependent variables                                    5
Number of independent variables                                  0
Number of continuous latent variables                            1

Observed dependent variables

  Binary and ordered categorical (ordinal)
   AGREE84     AGREE52     AGREE36     AGREE67     AGREE98

Continuous latent variables
   MEAN


Estimator                                                    WLSMV
Maximum number of iterations                                  1000
Convergence criterion                                    0.500D-04
Maximum number of steepest descent iterations                   20
Maximum number of iterations for H1                           2000
Convergence criterion for H1                             0.100D-03
Parameterization                                             DELTA

Input data file(s)
  ARI Data 2009_Agreeableness CFA Sample.txt

Input data format  FREE


SUMMARY OF DATA

     Number of missing data patterns             1


COVARIANCE COVERAGE OF DATA

Minimum covariance coverage value   0.100


     PROPORTION OF DATA PRESENT


           Covariance Coverage
              AGREE84       AGREE52       AGREE36       AGREE67       AGREE98
              ________      ________      ________      ________      ________
 AGREE84        1.000
 AGREE52        1.000         1.000
 AGREE36        1.000         1.000         1.000
 AGREE67        1.000         1.000         1.000         1.000
 AGREE98        1.000         1.000         1.000         1.000         1.000


UNIVARIATE PROPORTIONS AND COUNTS FOR CATEGORICAL VARIABLES

    AGREE84
      Category 1    0.266       96.000
      Category 2    0.421      152.000
      Category 3    0.260       94.000
      Category 4    0.044       16.000
      Category 5    0.008        3.000
    AGREE52
      Category 1    0.371      134.000
      Category 2    0.368      133.000
      Category 3    0.183       66.000
      Category 4    0.061       22.000
      Category 5    0.017        6.000
    AGREE36
      Category 1    0.338      122.000
      Category 2    0.416      150.000
      Category 3    0.158       57.000
      Category 4    0.055       20.000
      Category 5    0.033       12.000
    AGREE67
      Category 1    0.368      133.000
      Category 2    0.416      150.000
      Category 3    0.163       59.000
      Category 4    0.044       16.000
      Category 5    0.008        3.000
    AGREE98
      Category 1    0.299      108.000
      Category 2    0.463      167.000
      Category 3    0.177       64.000
      Category 4    0.036       13.000
      Category 5    0.025        9.000



THE MODEL ESTIMATION TERMINATED NORMALLY



MODEL FIT INFORMATION

Number of Free Parameters                       25

Chi-Square Test of Model Fit

          Value                              3.166*
          Degrees of Freedom                     5
          P-Value                           0.6744

*   The chi-square value for MLM, MLMV, MLR, ULSMV, WLSM and WLSMV cannot be used
    for chi-square difference testing in the regular way.  MLM, MLR and WLSM
    chi-square difference testing is described on the Mplus website.  MLMV, WLSMV,
    and ULSMV difference testing is done using the DIFFTEST option.

RMSEA (Root Mean Square Error Of Approximation)

          Estimate                           0.000
          90 Percent C.I.                    0.000  0.057
          Probability RMSEA <= .05           0.921

CFI/TLI

          CFI                                1.000
          TLI                                1.005

Chi-Square Test of Model Fit for the Baseline Model

          Value                            803.937
          Degrees of Freedom                    10
          P-Value                           0.0000

WRMR (Weighted Root Mean Square Residual)

          Value                              0.237



MODEL RESULTS

                                                    Two-Tailed
                    Estimate       S.E.  Est./S.E.    P-Value

 MEAN     BY
    AGREE84            1.000      0.000    999.000    999.000
    AGREE52            1.402      0.095     14.784      0.000
    AGREE36            1.020      0.084     12.194      0.000
    AGREE67            1.083      0.086     12.534      0.000
    AGREE98            0.669      0.078      8.546      0.000

 Thresholds
    AGREE84$1         -0.625      0.071     -8.822      0.000
    AGREE84$2          0.487      0.069      7.074      0.000
    AGREE84$3          1.620      0.109     14.807      0.000
    AGREE84$4          2.395      0.211     11.361      0.000
    AGREE52$1         -0.329      0.067     -4.886      0.000
    AGREE52$2          0.642      0.071      9.025      0.000
    AGREE52$3          1.422      0.097     14.665      0.000
    AGREE52$4          2.129      0.163     13.086      0.000
    AGREE36$1         -0.418      0.068     -6.139      0.000
    AGREE36$2          0.685      0.072      9.531      0.000
    AGREE36$3          1.349      0.093     14.481      0.000
    AGREE36$4          1.835      0.127     14.406      0.000
    AGREE67$1         -0.336      0.067     -4.991      0.000
    AGREE67$2          0.786      0.074     10.627      0.000
    AGREE67$3          1.620      0.109     14.807      0.000
    AGREE67$4          2.395      0.211     11.361      0.000
    AGREE98$1         -0.527      0.069     -7.591      0.000
    AGREE98$2          0.712      0.072      9.832      0.000
    AGREE98$3          1.547      0.104     14.815      0.000
    AGREE98$4          1.961      0.141     13.935      0.000

 Variances
    MEAN               0.387      0.046      8.350      0.000


STANDARDIZED MODEL RESULTS


STDYX Standardization

                                                    Two-Tailed
                    Estimate       S.E.  Est./S.E.    P-Value

 MEAN     BY
    AGREE84            0.622      0.037     16.700      0.000
    AGREE52            0.872      0.028     30.907      0.000
    AGREE36            0.634      0.039     16.225      0.000
    AGREE67            0.673      0.038     17.734      0.000
    AGREE98            0.416      0.046      9.129      0.000

 Thresholds
    AGREE84$1         -0.625      0.071     -8.822      0.000
    AGREE84$2          0.487      0.069      7.074      0.000
    AGREE84$3          1.620      0.109     14.807      0.000
    AGREE84$4          2.395      0.211     11.361      0.000
    AGREE52$1         -0.329      0.067     -4.886      0.000
    AGREE52$2          0.642      0.071      9.025      0.000
    AGREE52$3          1.422      0.097     14.665      0.000
    AGREE52$4          2.129      0.163     13.086      0.000
    AGREE36$1         -0.418      0.068     -6.139      0.000
    AGREE36$2          0.685      0.072      9.531      0.000
    AGREE36$3          1.349      0.093     14.481      0.000
    AGREE36$4          1.835      0.127     14.406      0.000
    AGREE67$1         -0.336      0.067     -4.991      0.000
    AGREE67$2          0.786      0.074     10.627      0.000
    AGREE67$3          1.620      0.109     14.807      0.000
    AGREE67$4          2.395      0.211     11.361      0.000
    AGREE98$1         -0.527      0.069     -7.591      0.000
    AGREE98$2          0.712      0.072      9.832      0.000
    AGREE98$3          1.547      0.104     14.815      0.000
    AGREE98$4          1.961      0.141     13.935      0.000

 Variances
    MEAN               1.000      0.000    999.000    999.000


R-SQUARE

    Observed                                        Two-Tailed   Residual
    Variable        Estimate       S.E.  Est./S.E.    P-Value    Variance

    AGREE84            0.387      0.046      8.350      0.000      0.613
    AGREE52            0.760      0.049     15.454      0.000      0.240
    AGREE36            0.402      0.050      8.112      0.000      0.598
    AGREE67            0.453      0.051      8.867      0.000      0.547
    AGREE98            0.173      0.038      4.565      0.000      0.827


QUALITY OF NUMERICAL RESULTS

     Condition Number for the Information Matrix              0.417E-02
       (ratio of smallest to largest eigenvalue)


MODEL MODIFICATION INDICES

NOTE:  Modification indices for direct effects of observed dependent variables
regressed on covariates and residual covariances among observed dependent
variables may not be included.  To include these, request MODINDICES (ALL).

Minimum M.I. value for printing the modification index     4.000

                                   M.I.     E.P.C.  Std E.P.C.  StdYX E.P.C.

No modification indices above the minimum value.



SAMPLE STATISTICS FOR ESTIMATED FACTOR SCORES


     SAMPLE STATISTICS


           Means
              MEAN
              ________
 1              0.013


           Covariances
              MEAN
              ________
 MEAN           0.284


           Correlations
              MEAN
              ________
 MEAN           1.000


SAVEDATA INFORMATION


  Save file
    a2.txt

  Order and format of variables

    AGREE84        F10.3
    AGREE52        F10.3
    AGREE36        F10.3
    AGREE67        F10.3
    AGREE98        F10.3
    MEAN           F10.3

  Save file format
    6F10.3

  Save file record length    10000


DIAGRAM INFORMATION

  Use View Diagram under the Diagram menu in the Mplus Editor to view the diagram.
  If running Mplus from the Mplus Diagrammer, the diagram opens automatically.

  Diagram output
    f:\ipip paper\sample_usa\cfa\agreeableness\cfa mit 5 items\cfa agreeableness - meanness_5 items.

     Beginning Time:  13:25:59
        Ending Time:  13:25:59
       Elapsed Time:  00:00:00



MUTHEN & MUTHEN
3463 Stoner Ave.
Los Angeles, CA  90066

Tel: (310) 391-9971
Fax: (310) 391-8971
Web: www.StatModel.com
Support: Support@StatModel.com

Copyright (c) 1998-2013 Muthen & Muthen
