Mplus VERSION 5.2
MUTHEN & MUTHEN
06/26/2012  11:43 AM

INPUT INSTRUCTIONS


  DATA:
   FILE IS  "ITS_TQIPIP.txt";

  VARIABLE:
   NAMES ARE
  id
  sex
  age
  A1_1
  A1_2
  A1_3
  A1_4
  A1_5
  A2_1
  A2_2
  A2_3
  A2_4
  A2_5
  A3_1
  A3_2
  A3_3
  A3_4
  A3_5
  A4_1
  A4_2
  A4_3
  A4_4
  A4_5
  A5_1
  A5_2
  A5_3
  A5_4
  A5_5
  A6_1
  A6_2
  A6_3
  A6_4
  A6_5
  A7_1
  A7_2
  A7_3
  A7_4
  A7_5
  A8_1
  A8_2
  A8_3
  A8_4
  A8_5
  C1_1
  C1_2
  C1_3
  C1_4
  C1_5
  C2_1
  C2_2
  C2_3
  C2_4
  C2_5
  C3_1
  C3_2
  C3_3
  C3_4
  C3_5
  C4_1
  C4_2
  C4_3
  C4_4
  C4_5
  C5_1
  C5_2
  C5_3
  C5_4
  C5_5
  C6_1
  C6_2
  C6_3
  C6_4
  C6_5
  C7_1
  C7_2
  C7_3
  C7_4
  C7_5
  C8_1
  C8_2
  C8_3
  C8_4
  C8_5
  C9_1
  C9_2
  C9_3
  C9_4
  C9_5
  E1_1
  E1_2
  E1_3
  E1_4
  E1_5
  E2_1
  E2_2
  E2_3
  E2_4
  E2_5
  E3_1
  E3_2
  E3_3
  E3_4
  E3_5
  E4_1
  E4_2
  E4_3
  E4_4
  E4_5
  E5_1
  E5_2
  E5_3
  E5_4
  E5_5
  E6_1
  E6_2
  E6_3
  E6_4
  E6_5
  E7_1
  E7_2
  E7_3
  E7_4
  E7_5
  E8_1
  E8_2
  E8_3
  E8_4
  E8_5
  E9_1
  E9_2
  E9_3
  N1_1
  N1_2
  N1_3
  N1_4
  N1_5
  N2_1
  N2_2
  N2_3
  N2_4
  N2_5
  N3_1
  N3_2
  N3_3
  N3_4
  N3_5
  N4_1
  N4_2
  N4_3
  N4_4
  N4_5
  N5_1
  N5_2
  N5_3
  N5_4
  N5_5
  N6_1
  N6_2
  N6_3
  N6_4
  N6_5
  N7_1
  N7_2
  N7_3
  O1_1
  O1_2
  O1_3
  O1_4
  O1_5
  O2_1
  O2_2
  O2_3
  O2_4
  O2_5
  O3_1
  O3_2
  O3_3
  O3_4
  O3_5
  O4_1
  O4_2
  O4_3
  O4_4
  O4_5
  O5_1
  O5_2
  O5_3
  O5_4
  O5_5
  O6_1
  O6_2
  O6_3
  O6_4
  O6_5
  O7_1
  O7_2
  O7_3
  O7_4
  O7_5
  O8_1
  O8_2
  O8_3
  O8_4
  O9_1
  O9_2
  O9_4
  dataset;


   USEVARIABLES ARE
  N4_1
  N4_2
  N4_3
  N4_4
  N4_5;

  Grouping is Dataset (0 = German 1 = US);

  MISSING ARE ALL (-99);

  MODEL:

  N4 by  N4_1
  N4_2
  N4_3
  N4_4
  N4_5;
  [N4@0];

  Model German:
  ;

  Model US:
  ;



  [N4_1
  N4_2
  N4_3
  N4_4
  N4_5];

  ANALYSIS:
   ESTIMATOR IS ML;
   Iterations are 10000;

   OUTPUT: STDYX MODINDICES(4);



INPUT READING TERMINATED NORMALLY




SUMMARY OF ANALYSIS

Number of groups                                                 2
Number of observations
   Group GERMAN                                                387
   Group US                                                    722

Number of dependent variables                                    5
Number of independent variables                                  0
Number of continuous latent variables                            1

Observed dependent variables

  Continuous
   N4_1        N4_2        N4_3        N4_4        N4_5

Continuous latent variables
   N4

Variables with special functions

  Grouping variable     DATASET

Estimator                                                       ML
Information matrix                                        OBSERVED
Maximum number of iterations                                 10000
Convergence criterion                                    0.500D-04
Maximum number of steepest descent iterations                   20
Maximum number of iterations for H1                           2000
Convergence criterion for H1                             0.100D-03

Input data file(s)
  ITS_TQIPIP.txt

Input data format  FREE


SUMMARY OF DATA

   Group GERMAN
     Number of missing data patterns             1

   Group US
     Number of missing data patterns             1


COVARIANCE COVERAGE OF DATA

Minimum covariance coverage value   0.100


     PROPORTION OF DATA PRESENT FOR GERMAN


           Covariance Coverage
              N4_1          N4_2          N4_3          N4_4          N4_5
              ________      ________      ________      ________      ________
 N4_1           1.000
 N4_2           1.000         1.000
 N4_3           1.000         1.000         1.000
 N4_4           1.000         1.000         1.000         1.000
 N4_5           1.000         1.000         1.000         1.000         1.000


     PROPORTION OF DATA PRESENT FOR US


           Covariance Coverage
              N4_1          N4_2          N4_3          N4_4          N4_5
              ________      ________      ________      ________      ________
 N4_1           1.000
 N4_2           1.000         1.000
 N4_3           1.000         1.000         1.000
 N4_4           1.000         1.000         1.000         1.000
 N4_5           1.000         1.000         1.000         1.000         1.000



THE MODEL ESTIMATION TERMINATED NORMALLY



TESTS OF MODEL FIT

Chi-Square Test of Model Fit

          Value                             50.064
          Degrees of Freedom                    14
          P-Value                           0.0000

Chi-Square Contributions From Each Group

          GERMAN                            31.010
          US                                19.054

Chi-Square Test of Model Fit for the Baseline Model

          Value                            977.925
          Degrees of Freedom                    20
          P-Value                           0.0000

CFI/TLI

          CFI                                0.962
          TLI                                0.946

Loglikelihood

          H0 Value                       -7065.345
          H1 Value                       -7040.313

Information Criteria

          Number of Free Parameters             26
          Akaike (AIC)                   14182.690
          Bayesian (BIC)                 14312.982
          Sample-Size Adjusted BIC       14230.399
            (n* = (n + 2) / 24)

RMSEA (Root Mean Square Error Of Approximation)

          Estimate                           0.068
          90 Percent C.I.                    0.048  0.089

SRMR (Standardized Root Mean Square Residual)

          Value                              0.046



MODEL RESULTS

                                                    Two-Tailed
                    Estimate       S.E.  Est./S.E.    P-Value

Group GERMAN

 N4       BY
    N4_1               1.000      0.000    999.000    999.000
    N4_2               1.022      0.059     17.180      0.000
    N4_3               0.791      0.058     13.669      0.000
    N4_4               0.637      0.053     12.014      0.000
    N4_5               0.644      0.052     12.420      0.000

 Means
    N4                 0.000      0.000    999.000    999.000

 Intercepts
    N4_1               3.176      0.048     66.428      0.000
    N4_2               3.351      0.047     71.126      0.000
    N4_3               3.207      0.047     68.731      0.000
    N4_4               3.078      0.043     70.868      0.000
    N4_5               3.752      0.041     91.280      0.000

 Variances
    N4                 0.398      0.051      7.886      0.000

 Residual Variances
    N4_1               0.486      0.048     10.106      0.000
    N4_2               0.443      0.046      9.541      0.000
    N4_3               0.593      0.049     12.122      0.000
    N4_4               0.568      0.045     12.665      0.000
    N4_5               0.489      0.039     12.467      0.000

Group US

 N4       BY
    N4_1               1.000      0.000    999.000    999.000
    N4_2               1.022      0.059     17.180      0.000
    N4_3               0.791      0.058     13.669      0.000
    N4_4               0.637      0.053     12.014      0.000
    N4_5               0.644      0.052     12.420      0.000

 Means
    N4                 0.000      0.000    999.000    999.000

 Intercepts
    N4_1               3.557      0.035    100.222      0.000
    N4_2               3.436      0.038     91.358      0.000
    N4_3               3.263      0.038     86.126      0.000
    N4_4               3.274      0.036     92.209      0.000
    N4_5               3.571      0.034    104.506      0.000

 Variances
    N4                 0.472      0.046     10.358      0.000

 Residual Variances
    N4_1               0.437      0.035     12.400      0.000
    N4_2               0.528      0.040     13.309      0.000
    N4_3               0.741      0.046     16.263      0.000
    N4_4               0.718      0.041     17.364      0.000
    N4_5               0.647      0.038     16.978      0.000


STANDARDIZED MODEL RESULTS


STDYX Standardization

                                                    Two-Tailed
                    Estimate       S.E.  Est./S.E.    P-Value

Group GERMAN

 N4       BY
    N4_1               0.671      0.034     19.863      0.000
    N4_2               0.696      0.034     20.584      0.000
    N4_3               0.544      0.033     16.613      0.000
    N4_4               0.471      0.035     13.455      0.000
    N4_5               0.502      0.034     14.822      0.000

 Means
    N4                 0.000      0.000    999.000    999.000

 Intercepts
    N4_1               3.377      0.122     27.667      0.000
    N4_2               3.616      0.130     27.729      0.000
    N4_3               3.494      0.130     26.838      0.000
    N4_4               3.602      0.131     27.553      0.000
    N4_5               4.640      0.166     27.926      0.000

 Variances
    N4                 1.000      0.000    999.000    999.000

 Residual Variances
    N4_1               0.550      0.045     12.125      0.000
    N4_2               0.516      0.047     10.968      0.000
    N4_3               0.704      0.036     19.778      0.000
    N4_4               0.778      0.033     23.626      0.000
    N4_5               0.748      0.034     21.964      0.000

Group US

 N4       BY
    N4_1               0.721      0.025     28.555      0.000
    N4_2               0.695      0.025     27.256      0.000
    N4_3               0.534      0.031     17.302      0.000
    N4_4               0.459      0.031     14.816      0.000
    N4_5               0.482      0.031     15.366      0.000

 Means
    N4                 0.000      0.000    999.000    999.000

 Intercepts
    N4_1               3.730      0.103     36.142      0.000
    N4_2               3.400      0.095     35.815      0.000
    N4_3               3.205      0.088     36.492      0.000
    N4_4               3.432      0.095     36.231      0.000
    N4_5               3.889      0.104     37.399      0.000

 Variances
    N4                 1.000      0.000    999.000    999.000

 Residual Variances
    N4_1               0.481      0.036     13.207      0.000
    N4_2               0.517      0.035     14.587      0.000
    N4_3               0.715      0.033     21.688      0.000
    N4_4               0.789      0.028     27.742      0.000
    N4_5               0.768      0.030     25.413      0.000


R-SQUARE

Group GERMAN

    Observed                                        Two-Tailed
    Variable        Estimate       S.E.  Est./S.E.    P-Value

    N4_1               0.450      0.045      9.931      0.000
    N4_2               0.484      0.047     10.292      0.000
    N4_3               0.296      0.036      8.306      0.000
    N4_4               0.222      0.033      6.727      0.000
    N4_5               0.252      0.034      7.411      0.000

Group US

    Observed                                        Two-Tailed
    Variable        Estimate       S.E.  Est./S.E.    P-Value

    N4_1               0.519      0.036     14.278      0.000
    N4_2               0.483      0.035     13.628      0.000
    N4_3               0.285      0.033      8.651      0.000
    N4_4               0.211      0.028      7.408      0.000
    N4_5               0.232      0.030      7.683      0.000


QUALITY OF NUMERICAL RESULTS

     Condition Number for the Information Matrix              0.221E-01
       (ratio of smallest to largest eigenvalue)


MODEL MODIFICATION INDICES

NOTE:  Modification indices for direct effects of observed dependent variables
regressed on covariates may not be included.  To include these, request
MODINDICES (ALL).

Minimum M.I. value for printing the modification index     4.000

                            M.I.     E.P.C.  Std E.P.C.  StdYX E.P.C.
Group GERMAN


BY Statements

N4       BY N4_3            5.167    -0.154     -0.097       -0.106

WITH Statements

N4_2     WITH N4_1         33.557     0.235      0.235        0.505
N4_3     WITH N4_1          6.846    -0.097     -0.097       -0.180
N4_3     WITH N4_2          4.344    -0.077     -0.077       -0.149
N4_5     WITH N4_2          5.394    -0.074     -0.074       -0.160
N4_5     WITH N4_3          6.070     0.078      0.078        0.146

Group US


BY Statements

N4       BY N4_3            5.151     0.081      0.056        0.055

WITH Statements

N4_3     WITH N4_2          7.583    -0.093     -0.093       -0.149
N4_4     WITH N4_1          6.116    -0.073     -0.073       -0.130
N4_5     WITH N4_3          4.124     0.060      0.060        0.087



     Beginning Time:  11:43:47
        Ending Time:  11:43:47
       Elapsed Time:  00:00:00



MUTHEN & MUTHEN
3463 Stoner Ave.
Los Angeles, CA  90066

Tel: (310) 391-9971
Fax: (310) 391-8971
Web: www.StatModel.com
Support: Support@StatModel.com

Copyright (c) 1998-2008 Muthen & Muthen
