Mplus VERSION 5.2
MUTHEN & MUTHEN
07/05/2012   2:51 PM

INPUT INSTRUCTIONS


  DATA:
   FILE IS  "ITS_TQIPIP.txt";

  VARIABLE:
   NAMES ARE
  id
  sex
  age
  A1_1
  A1_2
  A1_3
  A1_4
  A1_5
  A2_1
  A2_2
  A2_3
  A2_4
  A2_5
  A3_1
  A3_2
  A3_3
  A3_4
  A3_5
  A4_1
  A4_2
  A4_3
  A4_4
  A4_5
  A5_1
  A5_2
  A5_3
  A5_4
  A5_5
  A6_1
  A6_2
  A6_3
  A6_4
  A6_5
  A7_1
  A7_2
  A7_3
  A7_4
  A7_5
  A8_1
  A8_2
  A8_3
  A8_4
  A8_5
  C1_1
  C1_2
  C1_3
  C1_4
  C1_5
  C2_1
  C2_2
  C2_3
  C2_4
  C2_5
  C3_1
  C3_2
  C3_3
  C3_4
  C3_5
  C4_1
  C4_2
  C4_3
  C4_4
  C4_5
  C5_1
  C5_2
  C5_3
  C5_4
  C5_5
  C6_1
  C6_2
  C6_3
  C6_4
  C6_5
  C7_1
  C7_2
  C7_3
  C7_4
  C7_5
  C8_1
  C8_2
  C8_3
  C8_4
  C8_5
  C9_1
  C9_2
  C9_3
  C9_4
  C9_5
  E1_1
  E1_2
  E1_3
  E1_4
  E1_5
  E2_1
  E2_2
  E2_3
  E2_4
  E2_5
  E3_1
  E3_2
  E3_3
  E3_4
  E3_5
  E4_1
  E4_2
  E4_3
  E4_4
  E4_5
  E5_1
  E5_2
  E5_3
  E5_4
  E5_5
  E6_1
  E6_2
  E6_3
  E6_4
  E6_5
  E7_1
  E7_2
  E7_3
  E7_4
  E7_5
  E8_1
  E8_2
  E8_3
  E8_4
  E8_5
  E9_1
  E9_2
  E9_3
  N1_1
  N1_2
  N1_3
  N1_4
  N1_5
  N2_1
  N2_2
  N2_3
  N2_4
  N2_5
  N3_1
  N3_2
  N3_3
  N3_4
  N3_5
  N4_1
  N4_2
  N4_3
  N4_4
  N4_5
  N5_1
  N5_2
  N5_3
  N5_4
  N5_5
  N6_1
  N6_2
  N6_3
  N6_4
  N6_5
  N7_1
  N7_2
  N7_3
  O1_1
  O1_2
  O1_3
  O1_4
  O1_5
  O2_1
  O2_2
  O2_3
  O2_4
  O2_5
  O3_1
  O3_2
  O3_3
  O3_4
  O3_5
  O4_1
  O4_2
  O4_3
  O4_4
  O4_5
  O5_1
  O5_2
  O5_3
  O5_4
  O5_5
  O6_1
  O6_2
  O6_3
  O6_4
  O6_5
  O7_1
  O7_2
  O7_3
  O7_4
  O7_5
  O8_1
  O8_2
  O8_3
  O8_4
  O9_1
  O9_2
  O9_4
  dataset;


   USEVARIABLES ARE
  E7_1
  E7_2
  E7_3
  E7_4
  E7_5
  ;

  Grouping is Dataset (0 = German 1 = US);

  MISSING ARE ALL (-99);

  MODEL:

  E7 by  E7_1
  E7_2
  E7_3
  E7_4
  E7_5;
  [E7@0];

  Model German:
  ;

  Model US:
  ;



  [E7_1
  E7_2
  E7_3
  E7_4
  E7_5];

  ANALYSIS:
   ESTIMATOR IS ML;
   Iterations are 10000;

   OUTPUT: STDYX MODINDICES(4);



INPUT READING TERMINATED NORMALLY




SUMMARY OF ANALYSIS

Number of groups                                                 2
Number of observations
   Group GERMAN                                                387
   Group US                                                    722

Number of dependent variables                                    5
Number of independent variables                                  0
Number of continuous latent variables                            1

Observed dependent variables

  Continuous
   E7_1        E7_2        E7_3        E7_4        E7_5

Continuous latent variables
   E7

Variables with special functions

  Grouping variable     DATASET

Estimator                                                       ML
Information matrix                                        OBSERVED
Maximum number of iterations                                 10000
Convergence criterion                                    0.500D-04
Maximum number of steepest descent iterations                   20
Maximum number of iterations for H1                           2000
Convergence criterion for H1                             0.100D-03

Input data file(s)
  ITS_TQIPIP.txt

Input data format  FREE


SUMMARY OF DATA

   Group GERMAN
     Number of missing data patterns             1

   Group US
     Number of missing data patterns             1


COVARIANCE COVERAGE OF DATA

Minimum covariance coverage value   0.100


     PROPORTION OF DATA PRESENT FOR GERMAN


           Covariance Coverage
              E7_1          E7_2          E7_3          E7_4          E7_5
              ________      ________      ________      ________      ________
 E7_1           1.000
 E7_2           1.000         1.000
 E7_3           1.000         1.000         1.000
 E7_4           1.000         1.000         1.000         1.000
 E7_5           1.000         1.000         1.000         1.000         1.000


     PROPORTION OF DATA PRESENT FOR US


           Covariance Coverage
              E7_1          E7_2          E7_3          E7_4          E7_5
              ________      ________      ________      ________      ________
 E7_1           1.000
 E7_2           1.000         1.000
 E7_3           1.000         1.000         1.000
 E7_4           1.000         1.000         1.000         1.000
 E7_5           1.000         1.000         1.000         1.000         1.000



THE MODEL ESTIMATION TERMINATED NORMALLY



TESTS OF MODEL FIT

Chi-Square Test of Model Fit

          Value                             48.100
          Degrees of Freedom                    14
          P-Value                           0.0000

Chi-Square Contributions From Each Group

          GERMAN                            27.584
          US                                20.516

Chi-Square Test of Model Fit for the Baseline Model

          Value                           1558.663
          Degrees of Freedom                    20
          P-Value                           0.0000

CFI/TLI

          CFI                                0.978
          TLI                                0.968

Loglikelihood

          H0 Value                       -6784.273
          H1 Value                       -6760.223

Information Criteria

          Number of Free Parameters             26
          Akaike (AIC)                   13620.547
          Bayesian (BIC)                 13750.838
          Sample-Size Adjusted BIC       13668.256
            (n* = (n + 2) / 24)

RMSEA (Root Mean Square Error Of Approximation)

          Estimate                           0.066
          90 Percent C.I.                    0.046  0.087

SRMR (Standardized Root Mean Square Residual)

          Value                              0.050



MODEL RESULTS

                                                    Two-Tailed
                    Estimate       S.E.  Est./S.E.    P-Value

Group GERMAN

 E7       BY
    E7_1               1.000      0.000    999.000    999.000
    E7_2               0.852      0.039     21.602      0.000
    E7_3               0.824      0.040     20.548      0.000
    E7_4               0.641      0.043     14.981      0.000
    E7_5               0.738      0.043     17.338      0.000

 Means
    E7                 0.000      0.000    999.000    999.000

 Intercepts
    E7_1               3.705      0.044     84.572      0.000
    E7_2               3.677      0.042     86.936      0.000
    E7_3               3.889      0.037    103.842      0.000
    E7_4               3.876      0.039     99.925      0.000
    E7_5               3.796      0.039     96.378      0.000

 Variances
    E7                 0.416      0.043      9.604      0.000

 Residual Variances
    E7_1               0.327      0.032     10.071      0.000
    E7_2               0.391      0.034     11.646      0.000
    E7_3               0.260      0.025     10.373      0.000
    E7_4               0.411      0.033     12.645      0.000
    E7_5               0.374      0.031     11.978      0.000

Group US

 E7       BY
    E7_1               1.000      0.000    999.000    999.000
    E7_2               0.852      0.039     21.602      0.000
    E7_3               0.824      0.040     20.548      0.000
    E7_4               0.641      0.043     14.981      0.000
    E7_5               0.738      0.043     17.338      0.000

 Means
    E7                 0.000      0.000    999.000    999.000

 Intercepts
    E7_1               3.424      0.042     81.534      0.000
    E7_2               3.943      0.035    113.977      0.000
    E7_3               4.003      0.036    109.670      0.000
    E7_4               3.421      0.040     84.832      0.000
    E7_5               3.562      0.040     89.771      0.000

 Variances
    E7                 0.710      0.061     11.585      0.000

 Residual Variances
    E7_1               0.563      0.041     13.763      0.000
    E7_2               0.349      0.027     12.829      0.000
    E7_3               0.479      0.032     14.994      0.000
    E7_4               0.882      0.050     17.575      0.000
    E7_5               0.751      0.044     16.992      0.000


STANDARDIZED MODEL RESULTS


STDYX Standardization

                                                    Two-Tailed
                    Estimate       S.E.  Est./S.E.    P-Value

Group GERMAN

 E7       BY
    E7_1               0.748      0.025     29.462      0.000
    E7_2               0.660      0.027     24.273      0.000
    E7_3               0.721      0.028     25.610      0.000
    E7_4               0.542      0.031     17.226      0.000
    E7_5               0.614      0.031     19.773      0.000

 Means
    E7                 0.000      0.000    999.000    999.000

 Intercepts
    E7_1               4.299      0.154     27.977      0.000
    E7_2               4.419      0.151     29.224      0.000
    E7_3               5.279      0.178     29.736      0.000
    E7_4               5.079      0.177     28.652      0.000
    E7_5               4.899      0.164     29.840      0.000

 Variances
    E7                 1.000      0.000    999.000    999.000

 Residual Variances
    E7_1               0.440      0.038     11.588      0.000
    E7_2               0.564      0.036     15.714      0.000
    E7_3               0.480      0.041     11.799      0.000
    E7_4               0.707      0.034     20.742      0.000
    E7_5               0.623      0.038     16.346      0.000

Group US

 E7       BY
    E7_1               0.747      0.021     35.587      0.000
    E7_2               0.772      0.020     37.851      0.000
    E7_3               0.708      0.021     33.161      0.000
    E7_4               0.498      0.028     17.896      0.000
    E7_5               0.583      0.025     23.282      0.000

 Means
    E7                 0.000      0.000    999.000    999.000

 Intercepts
    E7_1               3.034      0.085     35.860      0.000
    E7_2               4.242      0.114     37.111      0.000
    E7_3               4.082      0.110     36.984      0.000
    E7_4               3.157      0.086     36.750      0.000
    E7_5               3.341      0.092     36.342      0.000

 Variances
    E7                 1.000      0.000    999.000    999.000

 Residual Variances
    E7_1               0.442      0.031     14.115      0.000
    E7_2               0.404      0.031     12.826      0.000
    E7_3               0.499      0.030     16.483      0.000
    E7_4               0.752      0.028     27.070      0.000
    E7_5               0.660      0.029     22.621      0.000


R-SQUARE

Group GERMAN

    Observed                                        Two-Tailed
    Variable        Estimate       S.E.  Est./S.E.    P-Value

    E7_1               0.560      0.038     14.731      0.000
    E7_2               0.436      0.036     12.136      0.000
    E7_3               0.520      0.041     12.805      0.000
    E7_4               0.293      0.034      8.613      0.000
    E7_5               0.377      0.038      9.887      0.000

Group US

    Observed                                        Two-Tailed
    Variable        Estimate       S.E.  Est./S.E.    P-Value

    E7_1               0.558      0.031     17.793      0.000
    E7_2               0.596      0.031     18.926      0.000
    E7_3               0.501      0.030     16.581      0.000
    E7_4               0.248      0.028      8.948      0.000
    E7_5               0.340      0.029     11.641      0.000


QUALITY OF NUMERICAL RESULTS

     Condition Number for the Information Matrix              0.202E-01
       (ratio of smallest to largest eigenvalue)


MODEL MODIFICATION INDICES

NOTE:  Modification indices for direct effects of observed dependent variables
regressed on covariates may not be included.  To include these, request
MODINDICES (ALL).

Minimum M.I. value for printing the modification index     4.000

                            M.I.     E.P.C.  Std E.P.C.  StdYX E.P.C.
Group GERMAN


WITH Statements

E7_2     WITH E7_1          4.281     0.055      0.055        0.154
E7_4     WITH E7_1         18.903    -0.106     -0.106       -0.290
E7_4     WITH E7_3         10.051     0.067      0.067        0.203

Group US


WITH Statements

E7_2     WITH E7_1          8.086     0.089      0.089        0.201
E7_5     WITH E7_1          7.197    -0.087     -0.087       -0.134
E7_5     WITH E7_4          9.935     0.106      0.106        0.131



     Beginning Time:  14:51:47
        Ending Time:  14:51:47
       Elapsed Time:  00:00:00



MUTHEN & MUTHEN
3463 Stoner Ave.
Los Angeles, CA  90066

Tel: (310) 391-9971
Fax: (310) 391-8971
Web: www.StatModel.com
Support: Support@StatModel.com

Copyright (c) 1998-2008 Muthen & Muthen
