Mplus VERSION 5.2
MUTHEN & MUTHEN
07/05/2012   2:51 PM

INPUT INSTRUCTIONS


  DATA:
   FILE IS  "ITS_TQIPIP.txt";

  VARIABLE:
   NAMES ARE
  id
  sex
  age
  A1_1
  A1_2
  A1_3
  A1_4
  A1_5
  A2_1
  A2_2
  A2_3
  A2_4
  A2_5
  A3_1
  A3_2
  A3_3
  A3_4
  A3_5
  A4_1
  A4_2
  A4_3
  A4_4
  A4_5
  A5_1
  A5_2
  A5_3
  A5_4
  A5_5
  A6_1
  A6_2
  A6_3
  A6_4
  A6_5
  A7_1
  A7_2
  A7_3
  A7_4
  A7_5
  A8_1
  A8_2
  A8_3
  A8_4
  A8_5
  C1_1
  C1_2
  C1_3
  C1_4
  C1_5
  C2_1
  C2_2
  C2_3
  C2_4
  C2_5
  C3_1
  C3_2
  C3_3
  C3_4
  C3_5
  C4_1
  C4_2
  C4_3
  C4_4
  C4_5
  C5_1
  C5_2
  C5_3
  C5_4
  C5_5
  C6_1
  C6_2
  C6_3
  C6_4
  C6_5
  C7_1
  C7_2
  C7_3
  C7_4
  C7_5
  C8_1
  C8_2
  C8_3
  C8_4
  C8_5
  C9_1
  C9_2
  C9_3
  C9_4
  C9_5
  E1_1
  E1_2
  E1_3
  E1_4
  E1_5
  E2_1
  E2_2
  E2_3
  E2_4
  E2_5
  E3_1
  E3_2
  E3_3
  E3_4
  E3_5
  E4_1
  E4_2
  E4_3
  E4_4
  E4_5
  E5_1
  E5_2
  E5_3
  E5_4
  E5_5
  E6_1
  E6_2
  E6_3
  E6_4
  E6_5
  E7_1
  E7_2
  E7_3
  E7_4
  E7_5
  E8_1
  E8_2
  E8_3
  E8_4
  E8_5
  E9_1
  E9_2
  E9_3
  N1_1
  N1_2
  N1_3
  N1_4
  N1_5
  N2_1
  N2_2
  N2_3
  N2_4
  N2_5
  N3_1
  N3_2
  N3_3
  N3_4
  N3_5
  N4_1
  N4_2
  N4_3
  N4_4
  N4_5
  N5_1
  N5_2
  N5_3
  N5_4
  N5_5
  N6_1
  N6_2
  N6_3
  N6_4
  N6_5
  N7_1
  N7_2
  N7_3
  O1_1
  O1_2
  O1_3
  O1_4
  O1_5
  O2_1
  O2_2
  O2_3
  O2_4
  O2_5
  O3_1
  O3_2
  O3_3
  O3_4
  O3_5
  O4_1
  O4_2
  O4_3
  O4_4
  O4_5
  O5_1
  O5_2
  O5_3
  O5_4
  O5_5
  O6_1
  O6_2
  O6_3
  O6_4
  O6_5
  O7_1
  O7_2
  O7_3
  O7_4
  O7_5
  O8_1
  O8_2
  O8_3
  O8_4
  O9_1
  O9_2
  O9_4
  dataset;

   USEVARIABLES ARE
  E7_1
  E7_2
  E7_3
  E7_4
  E7_5;

  Grouping is Dataset (0 = German 1 = US);

  MISSING ARE ALL (-99);

  MODEL:

  E7 by  E7_1
  E7_2
  E7_3
  E7_4
  E7_5;
  [E7@0];

  Model German:
  ;

  Model US:
  ;

  E7 by
  E7_2
  E7_3
  E7_4
  E7_5;

  [E7_1
  E7_2
  E7_3
  E7_4
  E7_5];

  ANALYSIS:
   ESTIMATOR IS ML;
   Iterations are 10000;

   OUTPUT: STDYX MODINDICES(4);



INPUT READING TERMINATED NORMALLY




SUMMARY OF ANALYSIS

Number of groups                                                 2
Number of observations
   Group GERMAN                                                387
   Group US                                                    722

Number of dependent variables                                    5
Number of independent variables                                  0
Number of continuous latent variables                            1

Observed dependent variables

  Continuous
   E7_1        E7_2        E7_3        E7_4        E7_5

Continuous latent variables
   E7

Variables with special functions

  Grouping variable     DATASET

Estimator                                                       ML
Information matrix                                        OBSERVED
Maximum number of iterations                                 10000
Convergence criterion                                    0.500D-04
Maximum number of steepest descent iterations                   20
Maximum number of iterations for H1                           2000
Convergence criterion for H1                             0.100D-03

Input data file(s)
  ITS_TQIPIP.txt

Input data format  FREE


SUMMARY OF DATA

   Group GERMAN
     Number of missing data patterns             1

   Group US
     Number of missing data patterns             1


COVARIANCE COVERAGE OF DATA

Minimum covariance coverage value   0.100


     PROPORTION OF DATA PRESENT FOR GERMAN


           Covariance Coverage
              E7_1          E7_2          E7_3          E7_4          E7_5
              ________      ________      ________      ________      ________
 E7_1           1.000
 E7_2           1.000         1.000
 E7_3           1.000         1.000         1.000
 E7_4           1.000         1.000         1.000         1.000
 E7_5           1.000         1.000         1.000         1.000         1.000


     PROPORTION OF DATA PRESENT FOR US


           Covariance Coverage
              E7_1          E7_2          E7_3          E7_4          E7_5
              ________      ________      ________      ________      ________
 E7_1           1.000
 E7_2           1.000         1.000
 E7_3           1.000         1.000         1.000
 E7_4           1.000         1.000         1.000         1.000
 E7_5           1.000         1.000         1.000         1.000         1.000



THE MODEL ESTIMATION TERMINATED NORMALLY



TESTS OF MODEL FIT

Chi-Square Test of Model Fit

          Value                             39.265
          Degrees of Freedom                    10
          P-Value                           0.0000

Chi-Square Contributions From Each Group

          GERMAN                            22.034
          US                                17.231

Chi-Square Test of Model Fit for the Baseline Model

          Value                           1558.663
          Degrees of Freedom                    20
          P-Value                           0.0000

CFI/TLI

          CFI                                0.981
          TLI                                0.962

Loglikelihood

          H0 Value                       -6779.856
          H1 Value                       -6760.223

Information Criteria

          Number of Free Parameters             30
          Akaike (AIC)                   13619.712
          Bayesian (BIC)                 13770.048
          Sample-Size Adjusted BIC       13674.760
            (n* = (n + 2) / 24)

RMSEA (Root Mean Square Error Of Approximation)

          Estimate                           0.073
          90 Percent C.I.                    0.050  0.097

SRMR (Standardized Root Mean Square Residual)

          Value                              0.025



MODEL RESULTS

                                                    Two-Tailed
                    Estimate       S.E.  Est./S.E.    P-Value

Group GERMAN

 E7       BY
    E7_1               1.000      0.000    999.000    999.000
    E7_2               0.863      0.078     11.113      0.000
    E7_3               0.944      0.079     11.942      0.000
    E7_4               0.616      0.074      8.293      0.000
    E7_5               0.840      0.077     10.941      0.000

 Means
    E7                 0.000      0.000    999.000    999.000

 Intercepts
    E7_1               3.705      0.043     86.251      0.000
    E7_2               3.677      0.042     87.809      0.000
    E7_3               3.889      0.039    100.958      0.000
    E7_4               3.876      0.038    102.527      0.000
    E7_5               3.796      0.040     94.261      0.000

 Variances
    E7                 0.373      0.051      7.298      0.000

 Residual Variances
    E7_1               0.342      0.034      9.966      0.000
    E7_2               0.401      0.035     11.459      0.000
    E7_3               0.242      0.027      8.989      0.000
    E7_4               0.412      0.033     12.649      0.000
    E7_5               0.364      0.032     11.427      0.000

Group US

 E7       BY
    E7_1               1.000      0.000    999.000    999.000
    E7_2               0.839      0.045     18.532      0.000
    E7_3               0.765      0.046     16.695      0.000
    E7_4               0.668      0.053     12.701      0.000
    E7_5               0.682      0.051     13.408      0.000

 Means
    E7                 0.000      0.000    999.000    999.000

 Intercepts
    E7_1               3.424      0.042     80.700      0.000
    E7_2               3.943      0.035    113.547      0.000
    E7_3               4.003      0.036    111.485      0.000
    E7_4               3.421      0.041     83.645      0.000
    E7_5               3.562      0.039     90.951      0.000

 Variances
    E7                 0.749      0.069     10.873      0.000

 Residual Variances
    E7_1               0.550      0.042     13.164      0.000
    E7_2               0.344      0.028     12.406      0.000
    E7_3               0.492      0.033     15.121      0.000
    E7_4               0.874      0.050     17.371      0.000
    E7_5               0.759      0.045     16.995      0.000


STANDARDIZED MODEL RESULTS


STDYX Standardization

                                                    Two-Tailed
                    Estimate       S.E.  Est./S.E.    P-Value

Group GERMAN

 E7       BY
    E7_1               0.722      0.034     21.488      0.000
    E7_2               0.640      0.038     16.949      0.000
    E7_3               0.761      0.032     23.921      0.000
    E7_4               0.505      0.045     11.248      0.000
    E7_5               0.647      0.037     17.478      0.000

 Means
    E7                 0.000      0.000    999.000    999.000

 Intercepts
    E7_1               4.384      0.166     26.478      0.000
    E7_2               4.464      0.168     26.522      0.000
    E7_3               5.132      0.191     26.821      0.000
    E7_4               5.212      0.194     26.850      0.000
    E7_5               4.792      0.180     26.683      0.000

 Variances
    E7                 1.000      0.000    999.000    999.000

 Residual Variances
    E7_1               0.478      0.049      9.857      0.000
    E7_2               0.591      0.048     12.238      0.000
    E7_3               0.421      0.048      8.707      0.000
    E7_4               0.745      0.045     16.390      0.000
    E7_5               0.581      0.048     12.105      0.000

Group US

 E7       BY
    E7_1               0.759      0.022     34.597      0.000
    E7_2               0.778      0.021     36.425      0.000
    E7_3               0.687      0.025     27.495      0.000
    E7_4               0.526      0.031     16.779      0.000
    E7_5               0.561      0.030     18.613      0.000

 Means
    E7                 0.000      0.000    999.000    999.000

 Intercepts
    E7_1               3.003      0.087     34.379      0.000
    E7_2               4.226      0.117     36.036      0.000
    E7_3               4.149      0.115     35.968      0.000
    E7_4               3.113      0.090     34.597      0.000
    E7_5               3.385      0.097     35.063      0.000

 Variances
    E7                 1.000      0.000    999.000    999.000

 Residual Variances
    E7_1               0.423      0.033     12.706      0.000
    E7_2               0.395      0.033     11.884      0.000
    E7_3               0.528      0.034     15.400      0.000
    E7_4               0.723      0.033     21.946      0.000
    E7_5               0.685      0.034     20.262      0.000


R-SQUARE

Group GERMAN

    Observed                                        Two-Tailed
    Variable        Estimate       S.E.  Est./S.E.    P-Value

    E7_1               0.522      0.049     10.744      0.000
    E7_2               0.409      0.048      8.475      0.000
    E7_3               0.579      0.048     11.961      0.000
    E7_4               0.255      0.045      5.624      0.000
    E7_5               0.419      0.048      8.739      0.000

Group US

    Observed                                        Two-Tailed
    Variable        Estimate       S.E.  Est./S.E.    P-Value

    E7_1               0.577      0.033     17.298      0.000
    E7_2               0.605      0.033     18.212      0.000
    E7_3               0.472      0.034     13.747      0.000
    E7_4               0.277      0.033      8.390      0.000
    E7_5               0.315      0.034      9.307      0.000


QUALITY OF NUMERICAL RESULTS

     Condition Number for the Information Matrix              0.926E-02
       (ratio of smallest to largest eigenvalue)


MODEL MODIFICATION INDICES

NOTE:  Modification indices for direct effects of observed dependent variables
regressed on covariates may not be included.  To include these, request
MODINDICES (ALL).

Minimum M.I. value for printing the modification index     4.000

                            M.I.     E.P.C.  Std E.P.C.  StdYX E.P.C.
Group GERMAN


WITH Statements

E7_2     WITH E7_1          9.054     0.084      0.084        0.228
E7_4     WITH E7_1         14.807    -0.095     -0.095       -0.253
E7_4     WITH E7_3         10.921     0.073      0.073        0.233

Group US


WITH Statements

E7_2     WITH E7_1          5.027     0.081      0.081        0.186
E7_5     WITH E7_1          7.056    -0.089     -0.089       -0.138
E7_5     WITH E7_4         10.343     0.109      0.109        0.134



     Beginning Time:  14:51:24
        Ending Time:  14:51:24
       Elapsed Time:  00:00:00



MUTHEN & MUTHEN
3463 Stoner Ave.
Los Angeles, CA  90066

Tel: (310) 391-9971
Fax: (310) 391-8971
Web: www.StatModel.com
Support: Support@StatModel.com

Copyright (c) 1998-2008 Muthen & Muthen
