Mplus VERSION 7.1
MUTHEN & MUTHEN
06/18/2015   4:39 PM

INPUT INSTRUCTIONS


  DATA:
   FILE IS  "ITS_TQIPIP.txt";

  VARIABLE:
   NAMES ARE
  id
  sex
  age
  A1_1
  A1_2
  A1_3
  A1_4
  A1_5
  A2_1
  A2_2
  A2_3
  A2_4
  A2_5
  A3_1
  A3_2
  A3_3
  A3_4
  A3_5
  A4_1
  A4_2
  A4_3
  A4_4
  A4_5
  A5_1
  A5_2
  A5_3
  A5_4
  A5_5
  A6_1
  A6_2
  A6_3
  A6_4
  A6_5
  A7_1
  A7_2
  A7_3
  A7_4
  A7_5
  A8_1
  A8_2
  A8_3
  A8_4
  A8_5
  C1_1
  C1_2
  C1_3
  C1_4
  C1_5
  C2_1
  C2_2
  C2_3
  C2_4
  C2_5
  C3_1
  C3_2
  C3_3
  C3_4
  C3_5
  C4_1
  C4_2
  C4_3
  C4_4
  C4_5
  C5_1
  C5_2
  C5_3
  C5_4
  C5_5
  C6_1
  C6_2
  C6_3
  C6_4
  C6_5
  C7_1
  C7_2
  C7_3
  C7_4
  C7_5
  C8_1
  C8_2
  C8_3
  C8_4
  C8_5
  C9_1
  C9_2
  C9_3
  C9_4
  C9_5
  E1_1
  E1_2
  E1_3
  E1_4
  E1_5
  E2_1
  E2_2
  E2_3
  E2_4
  E2_5
  E3_1
  E3_2
  E3_3
  E3_4
  E3_5
  E4_1
  E4_2
  E4_3
  E4_4
  E4_5
  E5_1
  E5_2
  E5_3
  E5_4
  E5_5
  E6_1
  E6_2
  E6_3
  E6_4
  E6_5
  E7_1
  E7_2
  E7_3
  E7_4
  E7_5
  E8_1
  E8_2
  E8_3
  E8_4
  E8_5
  E9_1
  E9_2
  E9_3
  N1_1
  N1_2
  N1_3
  N1_4
  N1_5
  N2_1
  N2_2
  N2_3
  N2_4
  N2_5
  N3_1
  N3_2
  N3_3
  N3_4
  N3_5
  N4_1
  N4_2
  N4_3
  N4_4
  N4_5
  N5_1
  N5_2
  N5_3
  N5_4
  N5_5
  N6_1
  N6_2
  N6_3
  N6_4
  N6_5
  N7_1
  N7_2
  N7_3
  O1_1
  O1_2
  O1_3
  O1_4
  O1_5
  O2_1
  O2_2
  O2_3
  O2_4
  O2_5
  O3_1
  O3_2
  O3_3
  O3_4
  O3_5
  O4_1
  O4_2
  O4_3
  O4_4
  O4_5
  O5_1
  O5_2
  O5_3
  O5_4
  O5_5
  O6_1
  O6_2
  O6_3
  O6_4
  O6_5
  O7_1
  O7_2
  O7_3
  O7_4
  O7_5
  O8_1
  O8_2
  O8_3
  O8_4
  O9_1
  O9_2
  O9_4
  dataset;


   USEVARIABLES ARE
  C4_1
  C4_2
  C4_3
  C4_4
  C4_5
  ;

  Grouping is Dataset (0 = German 1 = US);

  MISSING ARE ALL (-99);

  MODEL:

  C4 by  C4_1
  C4_2
  C4_3
  C4_4
  C4_5;
  [C4@0];

  Model German:
  ;

  Model US:
  ;



  [C4_1
  C4_2
  C4_3
  C4_4
  C4_5];

  ANALYSIS:
   ESTIMATOR IS ML;
   Iterations are 10000;

   OUTPUT: STDYX MODINDICES(4);



INPUT READING TERMINATED NORMALLY




SUMMARY OF ANALYSIS

Number of groups                                                 2
Number of observations
   Group GERMAN                                                387
   Group US                                                    722
   Total sample size                                          1109

Number of dependent variables                                    5
Number of independent variables                                  0
Number of continuous latent variables                            1

Observed dependent variables

  Continuous
   C4_1        C4_2        C4_3        C4_4        C4_5

Continuous latent variables
   C4

Variables with special functions

  Grouping variable     DATASET

Estimator                                                       ML
Information matrix                                        OBSERVED
Maximum number of iterations                                 10000
Convergence criterion                                    0.500D-04
Maximum number of steepest descent iterations                   20
Maximum number of iterations for H1                           2000
Convergence criterion for H1                             0.100D-03

Input data file(s)
  ITS_TQIPIP.txt

Input data format  FREE


SUMMARY OF DATA

   Group GERMAN
     Number of missing data patterns             1

   Group US
     Number of missing data patterns             1


COVARIANCE COVERAGE OF DATA

Minimum covariance coverage value   0.100


     PROPORTION OF DATA PRESENT FOR GERMAN


           Covariance Coverage
              C4_1          C4_2          C4_3          C4_4          C4_5
              ________      ________      ________      ________      ________
 C4_1           1.000
 C4_2           1.000         1.000
 C4_3           1.000         1.000         1.000
 C4_4           1.000         1.000         1.000         1.000
 C4_5           1.000         1.000         1.000         1.000         1.000


     PROPORTION OF DATA PRESENT FOR US


           Covariance Coverage
              C4_1          C4_2          C4_3          C4_4          C4_5
              ________      ________      ________      ________      ________
 C4_1           1.000
 C4_2           1.000         1.000
 C4_3           1.000         1.000         1.000
 C4_4           1.000         1.000         1.000         1.000
 C4_5           1.000         1.000         1.000         1.000         1.000



THE MODEL ESTIMATION TERMINATED NORMALLY



MODEL FIT INFORMATION

Number of Free Parameters                       26

Loglikelihood

          H0 Value                       -6558.967
          H1 Value                       -6527.020

Information Criteria

          Akaike (AIC)                   13169.933
          Bayesian (BIC)                 13300.225
          Sample-Size Adjusted BIC       13217.642
            (n* = (n + 2) / 24)

Chi-Square Test of Model Fit

          Value                             63.894
          Degrees of Freedom                    14
          P-Value                           0.0000

Chi-Square Contribution From Each Group

          GERMAN                            46.393
          US                                17.500

RMSEA (Root Mean Square Error Of Approximation)

          Estimate                           0.080
          90 Percent C.I.                    0.061  0.101
          Probability RMSEA <= .05           0.006

CFI/TLI

          CFI                                0.966
          TLI                                0.952

Chi-Square Test of Model Fit for the Baseline Model

          Value                           1492.882
          Degrees of Freedom                    20
          P-Value                           0.0000

SRMR (Standardized Root Mean Square Residual)

          Value                              0.072



MODEL RESULTS

                                                    Two-Tailed
                    Estimate       S.E.  Est./S.E.    P-Value

Group GERMAN

 C4       BY
    C4_1               1.000      0.000    999.000    999.000
    C4_2               0.966      0.045     21.332      0.000
    C4_3               0.743      0.042     17.823      0.000
    C4_4               0.790      0.042     18.593      0.000
    C4_5               0.624      0.041     15.358      0.000

 Means
    C4                 0.000      0.000    999.000    999.000

 Intercepts
    C4_1               3.284      0.047     69.184      0.000
    C4_2               2.946      0.046     63.371      0.000
    C4_3               3.287      0.042     77.374      0.000
    C4_4               3.364      0.044     76.766      0.000
    C4_5               3.028      0.043     71.127      0.000

 Variances
    C4                 0.542      0.055      9.887      0.000

 Residual Variances
    C4_1               0.330      0.034      9.699      0.000
    C4_2               0.330      0.033      9.900      0.000
    C4_3               0.399      0.034     11.818      0.000
    C4_4               0.405      0.035     11.521      0.000
    C4_5               0.490      0.038     12.883      0.000

Group US

 C4       BY
    C4_1               1.000      0.000    999.000    999.000
    C4_2               0.966      0.045     21.332      0.000
    C4_3               0.743      0.042     17.823      0.000
    C4_4               0.790      0.042     18.593      0.000
    C4_5               0.624      0.041     15.358      0.000

 Means
    C4                 0.000      0.000    999.000    999.000

 Intercepts
    C4_1               3.431      0.034    102.125      0.000
    C4_2               3.457      0.036     95.554      0.000
    C4_3               3.573      0.034    106.529      0.000
    C4_4               3.651      0.035    105.560      0.000
    C4_5               3.309      0.032    103.327      0.000

 Variances
    C4                 0.489      0.041     11.987      0.000

 Residual Variances
    C4_1               0.326      0.028     11.760      0.000
    C4_2               0.489      0.034     14.537      0.000
    C4_3               0.542      0.032     16.726      0.000
    C4_4               0.559      0.034     16.632      0.000
    C4_5               0.550      0.032     16.929      0.000


STANDARDIZED MODEL RESULTS


STDYX Standardization

                                                    Two-Tailed
                    Estimate       S.E.  Est./S.E.    P-Value

Group GERMAN

 C4       BY
    C4_1               0.789      0.023     33.652      0.000
    C4_2               0.778      0.025     31.451      0.000
    C4_3               0.655      0.029     22.267      0.000
    C4_4               0.675      0.030     22.727      0.000
    C4_5               0.549      0.029     18.679      0.000

 Means
    C4                 0.000      0.000    999.000    999.000

 Intercepts
    C4_1               3.517      0.129     27.189      0.000
    C4_2               3.221      0.119     27.149      0.000
    C4_3               3.933      0.138     28.535      0.000
    C4_4               3.902      0.134     29.034      0.000
    C4_5               3.616      0.136     26.556      0.000

 Variances
    C4                 1.000      0.000    999.000    999.000

 Residual Variances
    C4_1               0.378      0.037     10.235      0.000
    C4_2               0.395      0.039     10.246      0.000
    C4_3               0.571      0.039     14.837      0.000
    C4_4               0.545      0.040     13.606      0.000
    C4_5               0.699      0.032     21.661      0.000

Group US

 C4       BY
    C4_1               0.775      0.021     36.492      0.000
    C4_2               0.695      0.022     31.304      0.000
    C4_3               0.576      0.025     22.766      0.000
    C4_4               0.594      0.024     24.529      0.000
    C4_5               0.507      0.029     17.294      0.000

 Means
    C4                 0.000      0.000    999.000    999.000

 Intercepts
    C4_1               3.801      0.103     36.858      0.000
    C4_2               3.556      0.096     36.855      0.000
    C4_3               3.965      0.105     37.852      0.000
    C4_4               3.929      0.106     37.200      0.000
    C4_5               3.845      0.099     38.799      0.000

 Variances
    C4                 1.000      0.000    999.000    999.000

 Residual Variances
    C4_1               0.400      0.033     12.161      0.000
    C4_2               0.517      0.031     16.748      0.000
    C4_3               0.668      0.029     22.875      0.000
    C4_4               0.647      0.029     22.465      0.000
    C4_5               0.743      0.030     24.947      0.000


R-SQUARE

Group GERMAN

    Observed                                        Two-Tailed
    Variable        Estimate       S.E.  Est./S.E.    P-Value

    C4_1               0.622      0.037     16.826      0.000
    C4_2               0.605      0.039     15.725      0.000
    C4_3               0.429      0.039     11.134      0.000
    C4_4               0.455      0.040     11.363      0.000
    C4_5               0.301      0.032      9.340      0.000

Group US

    Observed                                        Two-Tailed
    Variable        Estimate       S.E.  Est./S.E.    P-Value

    C4_1               0.600      0.033     18.246      0.000
    C4_2               0.483      0.031     15.652      0.000
    C4_3               0.332      0.029     11.383      0.000
    C4_4               0.353      0.029     12.265      0.000
    C4_5               0.257      0.030      8.647      0.000


QUALITY OF NUMERICAL RESULTS

     Condition Number for the Information Matrix              0.289E-01
       (ratio of smallest to largest eigenvalue)


MODEL MODIFICATION INDICES

NOTE:  Modification indices for direct effects of observed dependent variables
regressed on covariates may not be included.  To include these, request
MODINDICES (ALL).

Minimum M.I. value for printing the modification index     4.000

                                   M.I.     E.P.C.  Std E.P.C.  StdYX E.P.C.
Group GERMAN


BY Statements

C4       BY C4_4                   5.432     0.094      0.069        0.080
C4       BY C4_5                  21.965    -0.202     -0.148       -0.177

WITH Statements

C4_2     WITH C4_1                12.062     0.107      0.107        0.325
C4_3     WITH C4_1                17.148    -0.111     -0.111       -0.305
C4_4     WITH C4_3                20.898     0.115      0.115        0.285
C4_5     WITH C4_2                 7.077    -0.070     -0.070       -0.175

Group US


BY Statements

C4       BY C4_4                   5.431    -0.080     -0.056       -0.060
C4       BY C4_5                  21.965     0.145      0.101        0.118

WITH Statements

C4_5     WITH C4_2                 7.995     0.069      0.069        0.132



DIAGRAM INFORMATION

  Use View Diagram under the Diagram menu in the Mplus Editor to view the diagram.
  If running Mplus from the Mplus Diagrammer, the diagram opens automatically.

  Diagram output
    f:\ipip paper\messinvarianz\c\c4\c4 faktorielle invarianz.dgm

     Beginning Time:  16:39:25
        Ending Time:  16:39:25
       Elapsed Time:  00:00:00



MUTHEN & MUTHEN
3463 Stoner Ave.
Los Angeles, CA  90066

Tel: (310) 391-9971
Fax: (310) 391-8971
Web: www.StatModel.com
Support: Support@StatModel.com

Copyright (c) 1998-2013 Muthen & Muthen
