Mplus VERSION 5.2
MUTHEN & MUTHEN
06/26/2012  12:57 PM

INPUT INSTRUCTIONS


  DATA:
   FILE IS  "ITS_TQIPIP.txt";

  VARIABLE:
   NAMES ARE
  id
  sex
  age
  A1_1
  A1_2
  A1_3
  A1_4
  A1_5
  A2_1
  A2_2
  A2_3
  A2_4
  A2_5
  A3_1
  A3_2
  A3_3
  A3_4
  A3_5
  A4_1
  A4_2
  A4_3
  A4_4
  A4_5
  A5_1
  A5_2
  A5_3
  A5_4
  A5_5
  A6_1
  A6_2
  A6_3
  A6_4
  A6_5
  A7_1
  A7_2
  A7_3
  A7_4
  A7_5
  A8_1
  A8_2
  A8_3
  A8_4
  A8_5
  C1_1
  C1_2
  C1_3
  C1_4
  C1_5
  C2_1
  C2_2
  C2_3
  C2_4
  C2_5
  C3_1
  C3_2
  C3_3
  C3_4
  C3_5
  C4_1
  C4_2
  C4_3
  C4_4
  C4_5
  C5_1
  C5_2
  C5_3
  C5_4
  C5_5
  C6_1
  C6_2
  C6_3
  C6_4
  C6_5
  C7_1
  C7_2
  C7_3
  C7_4
  C7_5
  C8_1
  C8_2
  C8_3
  C8_4
  C8_5
  C9_1
  C9_2
  C9_3
  C9_4
  C9_5
  E1_1
  E1_2
  E1_3
  E1_4
  E1_5
  E2_1
  E2_2
  E2_3
  E2_4
  E2_5
  E3_1
  E3_2
  E3_3
  E3_4
  E3_5
  E4_1
  E4_2
  E4_3
  E4_4
  E4_5
  E5_1
  E5_2
  E5_3
  E5_4
  E5_5
  E6_1
  E6_2
  E6_3
  E6_4
  E6_5
  E7_1
  E7_2
  E7_3
  E7_4
  E7_5
  E8_1
  E8_2
  E8_3
  E8_4
  E8_5
  E9_1
  E9_2
  E9_3
  N1_1
  N1_2
  N1_3
  N1_4
  N1_5
  N2_1
  N2_2
  N2_3
  N2_4
  N2_5
  N3_1
  N3_2
  N3_3
  N3_4
  N3_5
  N4_1
  N4_2
  N4_3
  N4_4
  N4_5
  N5_1
  N5_2
  N5_3
  N5_4
  N5_5
  N6_1
  N6_2
  N6_3
  N6_4
  N6_5
  N7_1
  N7_2
  N7_3
  O1_1
  O1_2
  O1_3
  O1_4
  O1_5
  O2_1
  O2_2
  O2_3
  O2_4
  O2_5
  O3_1
  O3_2
  O3_3
  O3_4
  O3_5
  O4_1
  O4_2
  O4_3
  O4_4
  O4_5
  O5_1
  O5_2
  O5_3
  O5_4
  O5_5
  O6_1
  O6_2
  O6_3
  O6_4
  O6_5
  O7_1
  O7_2
  O7_3
  O7_4
  O7_5
  O8_1
  O8_2
  O8_3
  O8_4
  O9_1
  O9_2
  O9_4
  dataset;

   USEVARIABLES ARE
  C4_1
  C4_2
  C4_3
  C4_4
  C4_5;

  Grouping is Dataset (0 = German 1 = US);

  MISSING ARE ALL (-99);

  MODEL:

  C4 by  C4_1
  C4_2
  C4_3
  C4_4
  C4_5;


  Model German:
  ;

  Model US:
  ;





  ANALYSIS:
   ESTIMATOR IS ML;
   Iterations are 10000;

   OUTPUT: STDYX MODINDICES(4);



INPUT READING TERMINATED NORMALLY




SUMMARY OF ANALYSIS

Number of groups                                                 2
Number of observations
   Group GERMAN                                                387
   Group US                                                    722

Number of dependent variables                                    5
Number of independent variables                                  0
Number of continuous latent variables                            1

Observed dependent variables

  Continuous
   C4_1        C4_2        C4_3        C4_4        C4_5

Continuous latent variables
   C4

Variables with special functions

  Grouping variable     DATASET

Estimator                                                       ML
Information matrix                                        OBSERVED
Maximum number of iterations                                 10000
Convergence criterion                                    0.500D-04
Maximum number of steepest descent iterations                   20
Maximum number of iterations for H1                           2000
Convergence criterion for H1                             0.100D-03

Input data file(s)
  ITS_TQIPIP.txt

Input data format  FREE


SUMMARY OF DATA

   Group GERMAN
     Number of missing data patterns             1

   Group US
     Number of missing data patterns             1


COVARIANCE COVERAGE OF DATA

Minimum covariance coverage value   0.100


     PROPORTION OF DATA PRESENT FOR GERMAN


           Covariance Coverage
              C4_1          C4_2          C4_3          C4_4          C4_5
              ________      ________      ________      ________      ________
 C4_1           1.000
 C4_2           1.000         1.000
 C4_3           1.000         1.000         1.000
 C4_4           1.000         1.000         1.000         1.000
 C4_5           1.000         1.000         1.000         1.000         1.000


     PROPORTION OF DATA PRESENT FOR US


           Covariance Coverage
              C4_1          C4_2          C4_3          C4_4          C4_5
              ________      ________      ________      ________      ________
 C4_1           1.000
 C4_2           1.000         1.000
 C4_3           1.000         1.000         1.000
 C4_4           1.000         1.000         1.000         1.000
 C4_5           1.000         1.000         1.000         1.000         1.000



THE MODEL ESTIMATION TERMINATED NORMALLY



TESTS OF MODEL FIT

Chi-Square Test of Model Fit

          Value                            111.113
          Degrees of Freedom                    18
          P-Value                           0.0000

Chi-Square Contributions From Each Group

          GERMAN                            75.276
          US                                35.837

Chi-Square Test of Model Fit for the Baseline Model

          Value                           1492.882
          Degrees of Freedom                    20
          P-Value                           0.0000

CFI/TLI

          CFI                                0.937
          TLI                                0.930

Loglikelihood

          H0 Value                       -6582.576
          H1 Value                       -6527.020

Information Criteria

          Number of Free Parameters             22
          Akaike (AIC)                   13209.153
          Bayesian (BIC)                 13319.399
          Sample-Size Adjusted BIC       13249.522
            (n* = (n + 2) / 24)

RMSEA (Root Mean Square Error Of Approximation)

          Estimate                           0.097
          90 Percent C.I.                    0.080  0.114

SRMR (Standardized Root Mean Square Residual)

          Value                              0.082



MODEL RESULTS

                                                    Two-Tailed
                    Estimate       S.E.  Est./S.E.    P-Value

Group GERMAN

 C4       BY
    C4_1               1.000      0.000    999.000    999.000
    C4_2               1.064      0.049     21.563      0.000
    C4_3               0.799      0.043     18.395      0.000
    C4_4               0.842      0.044     18.979      0.000
    C4_5               0.678      0.043     15.931      0.000

 Means
    C4                 0.000      0.000    999.000    999.000

 Intercepts
    C4_1               3.157      0.043     74.176      0.000
    C4_2               3.031      0.045     67.360      0.000
    C4_3               3.296      0.037     89.534      0.000
    C4_4               3.365      0.038     88.014      0.000
    C4_5               3.061      0.034     89.156      0.000

 Variances
    C4                 0.478      0.050      9.555      0.000

 Residual Variances
    C4_1               0.375      0.036     10.399      0.000
    C4_2               0.334      0.036      9.344      0.000
    C4_3               0.390      0.033     11.693      0.000
    C4_4               0.401      0.035     11.411      0.000
    C4_5               0.492      0.038     12.795      0.000

Group US

 C4       BY
    C4_1               1.000      0.000    999.000    999.000
    C4_2               1.064      0.049     21.563      0.000
    C4_3               0.799      0.043     18.395      0.000
    C4_4               0.842      0.044     18.979      0.000
    C4_5               0.678      0.043     15.931      0.000

 Means
    C4                 0.338      0.048      7.036      0.000

 Intercepts
    C4_1               3.157      0.043     74.176      0.000
    C4_2               3.031      0.045     67.360      0.000
    C4_3               3.296      0.037     89.534      0.000
    C4_4               3.365      0.038     88.014      0.000
    C4_5               3.061      0.034     89.156      0.000

 Variances
    C4                 0.436      0.038     11.464      0.000

 Residual Variances
    C4_1               0.357      0.028     12.725      0.000
    C4_2               0.478      0.034     13.914      0.000
    C4_3               0.539      0.032     16.604      0.000
    C4_4               0.558      0.034     16.534      0.000
    C4_5               0.545      0.032     16.821      0.000


STANDARDIZED MODEL RESULTS


STDYX Standardization

                                                    Two-Tailed
                    Estimate       S.E.  Est./S.E.    P-Value

Group GERMAN

 C4       BY
    C4_1               0.749      0.025     29.742      0.000
    C4_2               0.787      0.025     32.077      0.000
    C4_3               0.663      0.029     22.913      0.000
    C4_4               0.677      0.030     22.888      0.000
    C4_5               0.556      0.029     19.295      0.000

 Means
    C4                 0.000      0.000    999.000    999.000

 Intercepts
    C4_1               3.418      0.128     26.716      0.000
    C4_2               3.241      0.119     27.338      0.000
    C4_3               3.952      0.138     28.710      0.000
    C4_4               3.912      0.134     29.146      0.000
    C4_5               3.628      0.135     26.914      0.000

 Variances
    C4                 1.000      0.000    999.000    999.000

 Residual Variances
    C4_1               0.440      0.038     11.661      0.000
    C4_2               0.381      0.039      9.887      0.000
    C4_3               0.561      0.038     14.624      0.000
    C4_4               0.542      0.040     13.557      0.000
    C4_5               0.691      0.032     21.594      0.000

Group US

 C4       BY
    C4_1               0.742      0.022     32.990      0.000
    C4_2               0.713      0.022     33.043      0.000
    C4_3               0.584      0.025     23.640      0.000
    C4_4               0.597      0.024     25.028      0.000
    C4_5               0.519      0.029     18.161      0.000

 Means
    C4                 0.512      0.075      6.865      0.000

 Intercepts
    C4_1               3.545      0.100     35.278      0.000
    C4_2               3.075      0.093     32.941      0.000
    C4_3               3.644      0.101     36.002      0.000
    C4_4               3.615      0.102     35.435      0.000
    C4_5               3.546      0.096     36.773      0.000

 Variances
    C4                 1.000      0.000    999.000    999.000

 Residual Variances
    C4_1               0.450      0.033     13.503      0.000
    C4_2               0.492      0.031     16.004      0.000
    C4_3               0.659      0.029     22.872      0.000
    C4_4               0.643      0.028     22.579      0.000
    C4_5               0.731      0.030     24.671      0.000


R-SQUARE

Group GERMAN

    Observed                                        Two-Tailed
    Variable        Estimate       S.E.  Est./S.E.    P-Value

    C4_1               0.560      0.038     14.871      0.000
    C4_2               0.619      0.039     16.039      0.000
    C4_3               0.439      0.038     11.457      0.000
    C4_4               0.458      0.040     11.444      0.000
    C4_5               0.309      0.032      9.647      0.000

Group US

    Observed                                        Two-Tailed
    Variable        Estimate       S.E.  Est./S.E.    P-Value

    C4_1               0.550      0.033     16.495      0.000
    C4_2               0.508      0.031     16.522      0.000
    C4_3               0.341      0.029     11.820      0.000
    C4_4               0.357      0.028     12.514      0.000
    C4_5               0.269      0.030      9.081      0.000


QUALITY OF NUMERICAL RESULTS

     Condition Number for the Information Matrix              0.215E-01
       (ratio of smallest to largest eigenvalue)


MODEL MODIFICATION INDICES

NOTE:  Modification indices for direct effects of observed dependent variables
regressed on covariates may not be included.  To include these, request
MODINDICES (ALL).

Minimum M.I. value for printing the modification index     4.000

                            M.I.     E.P.C.  Std E.P.C.  StdYX E.P.C.
Group GERMAN


BY Statements

C4       BY C4_4            5.890     0.109      0.076        0.088
C4       BY C4_5           24.016    -0.234     -0.162       -0.192

WITH Statements

C4_2     WITH C4_1         10.389     0.100      0.100        0.282
C4_3     WITH C4_1         11.616    -0.091     -0.091       -0.237
C4_4     WITH C4_3         18.621     0.108      0.108        0.274
C4_5     WITH C4_2          6.293    -0.069     -0.069       -0.170
C4_5     WITH C4_4          4.502    -0.056     -0.056       -0.126

Means/Intercepts/Thresholds

[ C4_1     ]               38.278     0.127      0.127        0.137
[ C4_2     ]               23.796    -0.086     -0.086       -0.092

Group US


BY Statements

C4       BY C4_4            5.886    -0.079     -0.052       -0.056
C4       BY C4_5           24.019     0.144      0.095        0.110

WITH Statements

C4_5     WITH C4_2          5.658     0.059      0.059        0.115

Means/Intercepts/Thresholds

[ C4_1     ]               38.274    -0.165     -0.165       -0.185
[ C4_2     ]               23.801     0.154      0.154        0.156



     Beginning Time:  12:57:16
        Ending Time:  12:57:16
       Elapsed Time:  00:00:00



MUTHEN & MUTHEN
3463 Stoner Ave.
Los Angeles, CA  90066

Tel: (310) 391-9971
Fax: (310) 391-8971
Web: www.StatModel.com
Support: Support@StatModel.com

Copyright (c) 1998-2008 Muthen & Muthen
