Mplus VERSION 7.1
MUTHEN & MUTHEN
06/18/2015   4:37 PM

INPUT INSTRUCTIONS


  DATA:
   FILE IS  "ITS_TQIPIP.txt";

  VARIABLE:
   NAMES ARE
  id
  sex
  age
  A1_1
  A1_2
  A1_3
  A1_4
  A1_5
  A2_1
  A2_2
  A2_3
  A2_4
  A2_5
  A3_1
  A3_2
  A3_3
  A3_4
  A3_5
  A4_1
  A4_2
  A4_3
  A4_4
  A4_5
  A5_1
  A5_2
  A5_3
  A5_4
  A5_5
  A6_1
  A6_2
  A6_3
  A6_4
  A6_5
  A7_1
  A7_2
  A7_3
  A7_4
  A7_5
  A8_1
  A8_2
  A8_3
  A8_4
  A8_5
  C1_1
  C1_2
  C1_3
  C1_4
  C1_5
  C2_1
  C2_2
  C2_3
  C2_4
  C2_5
  C3_1
  C3_2
  C3_3
  C3_4
  C3_5
  C4_1
  C4_2
  C4_3
  C4_4
  C4_5
  C5_1
  C5_2
  C5_3
  C5_4
  C5_5
  C6_1
  C6_2
  C6_3
  C6_4
  C6_5
  C7_1
  C7_2
  C7_3
  C7_4
  C7_5
  C8_1
  C8_2
  C8_3
  C8_4
  C8_5
  C9_1
  C9_2
  C9_3
  C9_4
  C9_5
  E1_1
  E1_2
  E1_3
  E1_4
  E1_5
  E2_1
  E2_2
  E2_3
  E2_4
  E2_5
  E3_1
  E3_2
  E3_3
  E3_4
  E3_5
  E4_1
  E4_2
  E4_3
  E4_4
  E4_5
  E5_1
  E5_2
  E5_3
  E5_4
  E5_5
  E6_1
  E6_2
  E6_3
  E6_4
  E6_5
  E7_1
  E7_2
  E7_3
  E7_4
  E7_5
  E8_1
  E8_2
  E8_3
  E8_4
  E8_5
  E9_1
  E9_2
  E9_3
  N1_1
  N1_2
  N1_3
  N1_4
  N1_5
  N2_1
  N2_2
  N2_3
  N2_4
  N2_5
  N3_1
  N3_2
  N3_3
  N3_4
  N3_5
  N4_1
  N4_2
  N4_3
  N4_4
  N4_5
  N5_1
  N5_2
  N5_3
  N5_4
  N5_5
  N6_1
  N6_2
  N6_3
  N6_4
  N6_5
  N7_1
  N7_2
  N7_3
  O1_1
  O1_2
  O1_3
  O1_4
  O1_5
  O2_1
  O2_2
  O2_3
  O2_4
  O2_5
  O3_1
  O3_2
  O3_3
  O3_4
  O3_5
  O4_1
  O4_2
  O4_3
  O4_4
  O4_5
  O5_1
  O5_2
  O5_3
  O5_4
  O5_5
  O6_1
  O6_2
  O6_3
  O6_4
  O6_5
  O7_1
  O7_2
  O7_3
  O7_4
  O7_5
  O8_1
  O8_2
  O8_3
  O8_4
  O9_1
  O9_2
  O9_4
  dataset;


   USEVARIABLES ARE
  C1_1
  C1_2
  C1_3
  C1_4
  C1_5
  ;

  Grouping is Dataset (0 = German 1 = US);

  MISSING ARE ALL (-99);

  MODEL:

  C1 by  C1_1
  C1_2
  C1_3
  C1_4
  C1_5;
  [C1@0];

  Model German:
  ;

  Model US:
  ;



  [C1_1
  C1_2
  C1_3
  C1_4
  C1_5];

  ANALYSIS:
   ESTIMATOR IS ML;
   Iterations are 10000;

   OUTPUT: STDYX MODINDICES(4);



INPUT READING TERMINATED NORMALLY




SUMMARY OF ANALYSIS

Number of groups                                                 2
Number of observations
   Group GERMAN                                                387
   Group US                                                    722
   Total sample size                                          1109

Number of dependent variables                                    5
Number of independent variables                                  0
Number of continuous latent variables                            1

Observed dependent variables

  Continuous
   C1_1        C1_2        C1_3        C1_4        C1_5

Continuous latent variables
   C1

Variables with special functions

  Grouping variable     DATASET

Estimator                                                       ML
Information matrix                                        OBSERVED
Maximum number of iterations                                 10000
Convergence criterion                                    0.500D-04
Maximum number of steepest descent iterations                   20
Maximum number of iterations for H1                           2000
Convergence criterion for H1                             0.100D-03

Input data file(s)
  ITS_TQIPIP.txt

Input data format  FREE


SUMMARY OF DATA

   Group GERMAN
     Number of missing data patterns             1

   Group US
     Number of missing data patterns             1


COVARIANCE COVERAGE OF DATA

Minimum covariance coverage value   0.100


     PROPORTION OF DATA PRESENT FOR GERMAN


           Covariance Coverage
              C1_1          C1_2          C1_3          C1_4          C1_5
              ________      ________      ________      ________      ________
 C1_1           1.000
 C1_2           1.000         1.000
 C1_3           1.000         1.000         1.000
 C1_4           1.000         1.000         1.000         1.000
 C1_5           1.000         1.000         1.000         1.000         1.000


     PROPORTION OF DATA PRESENT FOR US


           Covariance Coverage
              C1_1          C1_2          C1_3          C1_4          C1_5
              ________      ________      ________      ________      ________
 C1_1           1.000
 C1_2           1.000         1.000
 C1_3           1.000         1.000         1.000
 C1_4           1.000         1.000         1.000         1.000
 C1_5           1.000         1.000         1.000         1.000         1.000



THE MODEL ESTIMATION TERMINATED NORMALLY



MODEL FIT INFORMATION

Number of Free Parameters                       26

Loglikelihood

          H0 Value                       -7662.913
          H1 Value                       -7621.813

Information Criteria

          Akaike (AIC)                   15377.825
          Bayesian (BIC)                 15508.117
          Sample-Size Adjusted BIC       15425.534
            (n* = (n + 2) / 24)

Chi-Square Test of Model Fit

          Value                             82.200
          Degrees of Freedom                    14
          P-Value                           0.0000

Chi-Square Contribution From Each Group

          GERMAN                            22.725
          US                                59.475

RMSEA (Root Mean Square Error Of Approximation)

          Estimate                           0.094
          90 Percent C.I.                    0.075  0.114
          Probability RMSEA <= .05           0.000

CFI/TLI

          CFI                                0.924
          TLI                                0.891

Chi-Square Test of Model Fit for the Baseline Model

          Value                            912.142
          Degrees of Freedom                    20
          P-Value                           0.0000

SRMR (Standardized Root Mean Square Residual)

          Value                              0.050



MODEL RESULTS

                                                    Two-Tailed
                    Estimate       S.E.  Est./S.E.    P-Value

Group GERMAN

 C1       BY
    C1_1               1.000      0.000    999.000    999.000
    C1_2               0.777      0.046     16.959      0.000
    C1_3               0.457      0.046      9.830      0.000
    C1_4               0.259      0.041      6.362      0.000
    C1_5               0.609      0.044     13.826      0.000

 Means
    C1                 0.000      0.000    999.000    999.000

 Intercepts
    C1_1               2.961      0.052     57.266      0.000
    C1_2               3.003      0.052     58.169      0.000
    C1_3               2.979      0.052     57.234      0.000
    C1_4               3.155      0.051     62.328      0.000
    C1_5               3.034      0.049     62.486      0.000

 Variances
    C1                 0.852      0.083     10.284      0.000

 Residual Variances
    C1_1               0.183      0.048      3.800      0.000
    C1_2               0.517      0.047     10.994      0.000
    C1_3               0.871      0.066     13.261      0.000
    C1_4               0.935      0.068     13.741      0.000
    C1_5               0.596      0.047     12.643      0.000

Group US

 C1       BY
    C1_1               1.000      0.000    999.000    999.000
    C1_2               0.777      0.046     16.959      0.000
    C1_3               0.457      0.046      9.830      0.000
    C1_4               0.259      0.041      6.362      0.000
    C1_5               0.609      0.044     13.826      0.000

 Means
    C1                 0.000      0.000    999.000    999.000

 Intercepts
    C1_1               3.202      0.038     84.295      0.000
    C1_2               3.324      0.038     87.649      0.000
    C1_3               2.510      0.041     61.763      0.000
    C1_4               2.288      0.039     59.230      0.000
    C1_5               2.909      0.042     69.172      0.000

 Variances
    C1                 0.675      0.063     10.719      0.000

 Residual Variances
    C1_1               0.367      0.049      7.552      0.000
    C1_2               0.631      0.042     14.869      0.000
    C1_3               1.051      0.058     18.052      0.000
    C1_4               1.032      0.055     18.769      0.000
    C1_5               1.026      0.059     17.368      0.000


STANDARDIZED MODEL RESULTS


STDYX Standardization

                                                    Two-Tailed
                    Estimate       S.E.  Est./S.E.    P-Value

Group GERMAN

 C1       BY
    C1_1               0.907      0.026     35.373      0.000
    C1_2               0.706      0.029     24.469      0.000
    C1_3               0.412      0.037     11.147      0.000
    C1_4               0.240      0.037      6.412      0.000
    C1_5               0.588      0.033     17.816      0.000

 Means
    C1                 0.000      0.000    999.000    999.000

 Intercepts
    C1_1               2.911      0.116     25.128      0.000
    C1_2               2.957      0.111     26.623      0.000
    C1_3               2.909      0.112     25.979      0.000
    C1_4               3.168      0.121     26.148      0.000
    C1_5               3.176      0.118     26.827      0.000

 Variances
    C1                 1.000      0.000    999.000    999.000

 Residual Variances
    C1_1               0.177      0.047      3.794      0.000
    C1_2               0.501      0.041     12.282      0.000
    C1_3               0.831      0.030     27.315      0.000
    C1_4               0.942      0.018     52.458      0.000
    C1_5               0.654      0.039     16.819      0.000

Group US

 C1       BY
    C1_1               0.805      0.028     28.369      0.000
    C1_2               0.626      0.026     24.089      0.000
    C1_3               0.344      0.031     11.069      0.000
    C1_4               0.205      0.031      6.624      0.000
    C1_5               0.443      0.028     16.037      0.000

 Means
    C1                 0.000      0.000    999.000    999.000

 Intercepts
    C1_1               3.137      0.089     35.148      0.000
    C1_2               3.262      0.090     36.187      0.000
    C1_3               2.299      0.069     33.289      0.000
    C1_4               2.204      0.069     32.124      0.000
    C1_5               2.574      0.074     34.781      0.000

 Variances
    C1                 1.000      0.000    999.000    999.000

 Residual Variances
    C1_1               0.352      0.046      7.714      0.000
    C1_2               0.608      0.033     18.644      0.000
    C1_3               0.882      0.021     41.337      0.000
    C1_4               0.958      0.013     75.574      0.000
    C1_5               0.804      0.024     32.900      0.000


R-SQUARE

Group GERMAN

    Observed                                        Two-Tailed
    Variable        Estimate       S.E.  Est./S.E.    P-Value

    C1_1               0.823      0.047     17.686      0.000
    C1_2               0.499      0.041     12.234      0.000
    C1_3               0.169      0.030      5.573      0.000
    C1_4               0.058      0.018      3.206      0.001
    C1_5               0.346      0.039      8.908      0.000

Group US

    Observed                                        Two-Tailed
    Variable        Estimate       S.E.  Est./S.E.    P-Value

    C1_1               0.648      0.046     14.184      0.000
    C1_2               0.392      0.033     12.045      0.000
    C1_3               0.118      0.021      5.534      0.000
    C1_4               0.042      0.013      3.312      0.001
    C1_5               0.196      0.024      8.018      0.000


QUALITY OF NUMERICAL RESULTS

     Condition Number for the Information Matrix              0.224E-01
       (ratio of smallest to largest eigenvalue)


MODEL MODIFICATION INDICES

NOTE:  Modification indices for direct effects of observed dependent variables
regressed on covariates may not be included.  To include these, request
MODINDICES (ALL).

Minimum M.I. value for printing the modification index     4.000

                                   M.I.     E.P.C.  Std E.P.C.  StdYX E.P.C.
Group GERMAN


WITH Statements

C1_3     WITH C1_1                16.853    -0.171     -0.171       -0.429
C1_3     WITH C1_2                 5.973     0.098      0.098        0.146
C1_5     WITH C1_2                 8.738    -0.119     -0.119       -0.215
C1_5     WITH C1_3                 7.112     0.106      0.106        0.147

Group US


WITH Statements

C1_2     WITH C1_1                13.226     0.197      0.197        0.409
C1_4     WITH C1_2                20.584    -0.156     -0.156       -0.193
C1_4     WITH C1_3                 4.763     0.087      0.087        0.084
C1_5     WITH C1_3                24.348     0.205      0.205        0.197
C1_5     WITH C1_4                15.870     0.160      0.160        0.156



DIAGRAM INFORMATION

  Use View Diagram under the Diagram menu in the Mplus Editor to view the diagram.
  If running Mplus from the Mplus Diagrammer, the diagram opens automatically.

  Diagram output
    f:\ipip paper\messinvarianz\c\c1\c1 faktorielle invarianz.dgm

     Beginning Time:  16:37:10
        Ending Time:  16:37:10
       Elapsed Time:  00:00:00



MUTHEN & MUTHEN
3463 Stoner Ave.
Los Angeles, CA  90066

Tel: (310) 391-9971
Fax: (310) 391-8971
Web: www.StatModel.com
Support: Support@StatModel.com

Copyright (c) 1998-2013 Muthen & Muthen
