Mplus VERSION 7.1
MUTHEN & MUTHEN
06/18/2015   4:36 PM

INPUT INSTRUCTIONS


  DATA:
   FILE IS  "ITS_TQIPIP.txt";

  VARIABLE:
   NAMES ARE
  id
  sex
  age
  A1_1
  A1_2
  A1_3
  A1_4
  A1_5
  A2_1
  A2_2
  A2_3
  A2_4
  A2_5
  A3_1
  A3_2
  A3_3
  A3_4
  A3_5
  A4_1
  A4_2
  A4_3
  A4_4
  A4_5
  A5_1
  A5_2
  A5_3
  A5_4
  A5_5
  A6_1
  A6_2
  A6_3
  A6_4
  A6_5
  A7_1
  A7_2
  A7_3
  A7_4
  A7_5
  A8_1
  A8_2
  A8_3
  A8_4
  A8_5
  C1_1
  C1_2
  C1_3
  C1_4
  C1_5
  C2_1
  C2_2
  C2_3
  C2_4
  C2_5
  C3_1
  C3_2
  C3_3
  C3_4
  C3_5
  C4_1
  C4_2
  C4_3
  C4_4
  C4_5
  C5_1
  C5_2
  C5_3
  C5_4
  C5_5
  C6_1
  C6_2
  C6_3
  C6_4
  C6_5
  C7_1
  C7_2
  C7_3
  C7_4
  C7_5
  C8_1
  C8_2
  C8_3
  C8_4
  C8_5
  C9_1
  C9_2
  C9_3
  C9_4
  C9_5
  E1_1
  E1_2
  E1_3
  E1_4
  E1_5
  E2_1
  E2_2
  E2_3
  E2_4
  E2_5
  E3_1
  E3_2
  E3_3
  E3_4
  E3_5
  E4_1
  E4_2
  E4_3
  E4_4
  E4_5
  E5_1
  E5_2
  E5_3
  E5_4
  E5_5
  E6_1
  E6_2
  E6_3
  E6_4
  E6_5
  E7_1
  E7_2
  E7_3
  E7_4
  E7_5
  E8_1
  E8_2
  E8_3
  E8_4
  E8_5
  E9_1
  E9_2
  E9_3
  N1_1
  N1_2
  N1_3
  N1_4
  N1_5
  N2_1
  N2_2
  N2_3
  N2_4
  N2_5
  N3_1
  N3_2
  N3_3
  N3_4
  N3_5
  N4_1
  N4_2
  N4_3
  N4_4
  N4_5
  N5_1
  N5_2
  N5_3
  N5_4
  N5_5
  N6_1
  N6_2
  N6_3
  N6_4
  N6_5
  N7_1
  N7_2
  N7_3
  O1_1
  O1_2
  O1_3
  O1_4
  O1_5
  O2_1
  O2_2
  O2_3
  O2_4
  O2_5
  O3_1
  O3_2
  O3_3
  O3_4
  O3_5
  O4_1
  O4_2
  O4_3
  O4_4
  O4_5
  O5_1
  O5_2
  O5_3
  O5_4
  O5_5
  O6_1
  O6_2
  O6_3
  O6_4
  O6_5
  O7_1
  O7_2
  O7_3
  O7_4
  O7_5
  O8_1
  O8_2
  O8_3
  O8_4
  O9_1
  O9_2
  O9_4
  dataset;

   USEVARIABLES ARE
  C1_1
  C1_2
  C1_3
  C1_4
  C1_5;

  Grouping is Dataset (0 = German 1 = US);

  MISSING ARE ALL (-99);

  MODEL:

  C1 by  C1_1
  C1_2
  C1_3
  C1_4
  C1_5;
  [C1@0];

  Model German:
  ;

  Model US:
  ;

  C1 by
  C1_2
  C1_3
  C1_4
  C1_5;

  [C1_1
  C1_2
  C1_3
  C1_4
  C1_5];

  ANALYSIS:
   ESTIMATOR IS ML;
   Iterations are 10000;

   OUTPUT: STDYX MODINDICES(4);



INPUT READING TERMINATED NORMALLY




SUMMARY OF ANALYSIS

Number of groups                                                 2
Number of observations
   Group GERMAN                                                387
   Group US                                                    722
   Total sample size                                          1109

Number of dependent variables                                    5
Number of independent variables                                  0
Number of continuous latent variables                            1

Observed dependent variables

  Continuous
   C1_1        C1_2        C1_3        C1_4        C1_5

Continuous latent variables
   C1

Variables with special functions

  Grouping variable     DATASET

Estimator                                                       ML
Information matrix                                        OBSERVED
Maximum number of iterations                                 10000
Convergence criterion                                    0.500D-04
Maximum number of steepest descent iterations                   20
Maximum number of iterations for H1                           2000
Convergence criterion for H1                             0.100D-03

Input data file(s)
  ITS_TQIPIP.txt

Input data format  FREE


SUMMARY OF DATA

   Group GERMAN
     Number of missing data patterns             1

   Group US
     Number of missing data patterns             1


COVARIANCE COVERAGE OF DATA

Minimum covariance coverage value   0.100


     PROPORTION OF DATA PRESENT FOR GERMAN


           Covariance Coverage
              C1_1          C1_2          C1_3          C1_4          C1_5
              ________      ________      ________      ________      ________
 C1_1           1.000
 C1_2           1.000         1.000
 C1_3           1.000         1.000         1.000
 C1_4           1.000         1.000         1.000         1.000
 C1_5           1.000         1.000         1.000         1.000         1.000


     PROPORTION OF DATA PRESENT FOR US


           Covariance Coverage
              C1_1          C1_2          C1_3          C1_4          C1_5
              ________      ________      ________      ________      ________
 C1_1           1.000
 C1_2           1.000         1.000
 C1_3           1.000         1.000         1.000
 C1_4           1.000         1.000         1.000         1.000
 C1_5           1.000         1.000         1.000         1.000         1.000



THE MODEL ESTIMATION TERMINATED NORMALLY



MODEL FIT INFORMATION

Number of Free Parameters                       30

Loglikelihood

          H0 Value                       -7661.314
          H1 Value                       -7621.813

Information Criteria

          Akaike (AIC)                   15382.627
          Bayesian (BIC)                 15532.964
          Sample-Size Adjusted BIC       15437.676
            (n* = (n + 2) / 24)

Chi-Square Test of Model Fit

          Value                             79.002
          Degrees of Freedom                    10
          P-Value                           0.0000

Chi-Square Contribution From Each Group

          GERMAN                            21.026
          US                                57.976

RMSEA (Root Mean Square Error Of Approximation)

          Estimate                           0.112
          90 Percent C.I.                    0.089  0.135
          Probability RMSEA <= .05           0.000

CFI/TLI

          CFI                                0.923
          TLI                                0.845

Chi-Square Test of Model Fit for the Baseline Model

          Value                            912.142
          Degrees of Freedom                    20
          P-Value                           0.0000

SRMR (Standardized Root Mean Square Residual)

          Value                              0.047



MODEL RESULTS

                                                    Two-Tailed
                    Estimate       S.E.  Est./S.E.    P-Value

Group GERMAN

 C1       BY
    C1_1               1.000      0.000    999.000    999.000
    C1_2               0.806      0.064     12.617      0.000
    C1_3               0.433      0.066      6.580      0.000
    C1_4               0.323      0.060      5.379      0.000
    C1_5               0.607      0.056     10.893      0.000

 Means
    C1                 0.000      0.000    999.000    999.000

 Intercepts
    C1_1               2.961      0.052     57.412      0.000
    C1_2               3.003      0.052     57.599      0.000
    C1_3               2.979      0.052     57.806      0.000
    C1_4               3.155      0.051     61.614      0.000
    C1_5               3.034      0.048     62.704      0.000

 Variances
    C1                 0.837      0.090      9.343      0.000

 Residual Variances
    C1_1               0.193      0.054      3.558      0.000
    C1_2               0.508      0.050     10.232      0.000
    C1_3               0.871      0.066     13.202      0.000
    C1_4               0.927      0.068     13.689      0.000
    C1_5               0.597      0.048     12.573      0.000

Group US

 C1       BY
    C1_1               1.000      0.000    999.000    999.000
    C1_2               0.746      0.066     11.326      0.000
    C1_3               0.476      0.067      7.156      0.000
    C1_4               0.206      0.055      3.757      0.000
    C1_5               0.606      0.072      8.423      0.000

 Means
    C1                 0.000      0.000    999.000    999.000

 Intercepts
    C1_1               3.202      0.038     84.061      0.000
    C1_2               3.324      0.038     88.215      0.000
    C1_3               2.510      0.041     61.418      0.000
    C1_4               2.288      0.038     59.609      0.000
    C1_5               2.909      0.042     69.013      0.000

 Variances
    C1                 0.694      0.078      8.913      0.000

 Residual Variances
    C1_1               0.354      0.061      5.813      0.000
    C1_2               0.639      0.045     14.295      0.000
    C1_3               1.048      0.059     17.686      0.000
    C1_4               1.034      0.055     18.805      0.000
    C1_5               1.027      0.061     16.727      0.000


STANDARDIZED MODEL RESULTS


STDYX Standardization

                                                    Two-Tailed
                    Estimate       S.E.  Est./S.E.    P-Value

Group GERMAN

 C1       BY
    C1_1               0.902      0.030     30.311      0.000
    C1_2               0.719      0.033     21.701      0.000
    C1_3               0.391      0.050      7.786      0.000
    C1_4               0.294      0.051      5.801      0.000
    C1_5               0.584      0.039     15.099      0.000

 Means
    C1                 0.000      0.000    999.000    999.000

 Intercepts
    C1_1               2.918      0.117     25.035      0.000
    C1_2               2.928      0.117     25.052      0.000
    C1_3               2.938      0.117     25.068      0.000
    C1_4               3.132      0.124     25.356      0.000
    C1_5               3.187      0.125     25.431      0.000

 Variances
    C1                 1.000      0.000    999.000    999.000

 Residual Variances
    C1_1               0.187      0.054      3.488      0.000
    C1_2               0.483      0.048     10.139      0.000
    C1_3               0.847      0.039     21.567      0.000
    C1_4               0.914      0.030     30.717      0.000
    C1_5               0.659      0.045     14.619      0.000

Group US

 C1       BY
    C1_1               0.814      0.036     22.436      0.000
    C1_2               0.614      0.033     18.645      0.000
    C1_3               0.361      0.041      8.856      0.000
    C1_4               0.166      0.042      3.909      0.000
    C1_5               0.446      0.039     11.374      0.000

 Means
    C1                 0.000      0.000    999.000    999.000

 Intercepts
    C1_1               3.128      0.090     34.627      0.000
    C1_2               3.283      0.094     34.899      0.000
    C1_3               2.286      0.071     32.316      0.000
    C1_4               2.218      0.069     32.043      0.000
    C1_5               2.568      0.077     33.288      0.000

 Variances
    C1                 1.000      0.000    999.000    999.000

 Residual Variances
    C1_1               0.338      0.059      5.727      0.000
    C1_2               0.623      0.040     15.409      0.000
    C1_3               0.869      0.029     29.482      0.000
    C1_4               0.972      0.014     68.929      0.000
    C1_5               0.801      0.035     22.904      0.000


R-SQUARE

Group GERMAN

    Observed                                        Two-Tailed
    Variable        Estimate       S.E.  Est./S.E.    P-Value

    C1_1               0.813      0.054     15.155      0.000
    C1_2               0.517      0.048     10.851      0.000
    C1_3               0.153      0.039      3.893      0.000
    C1_4               0.086      0.030      2.900      0.004
    C1_5               0.341      0.045      7.550      0.000

Group US

    Observed                                        Two-Tailed
    Variable        Estimate       S.E.  Est./S.E.    P-Value

    C1_1               0.662      0.059     11.218      0.000
    C1_2               0.377      0.040      9.322      0.000
    C1_3               0.131      0.029      4.428      0.000
    C1_4               0.028      0.014      1.954      0.051
    C1_5               0.199      0.035      5.687      0.000


QUALITY OF NUMERICAL RESULTS

     Condition Number for the Information Matrix              0.160E-01
       (ratio of smallest to largest eigenvalue)


MODEL MODIFICATION INDICES

NOTE:  Modification indices for direct effects of observed dependent variables
regressed on covariates may not be included.  To include these, request
MODINDICES (ALL).

Minimum M.I. value for printing the modification index     4.000

                                   M.I.     E.P.C.  Std E.P.C.  StdYX E.P.C.
Group GERMAN


WITH Statements

C1_3     WITH C1_1                16.119    -0.184     -0.184       -0.450
C1_3     WITH C1_2                 6.271     0.103      0.103        0.155
C1_5     WITH C1_1                 4.262     0.127      0.127        0.374
C1_5     WITH C1_2                13.360    -0.172     -0.172       -0.313
C1_5     WITH C1_3                 7.263     0.108      0.108        0.149

Group US


WITH Statements

C1_2     WITH C1_1                48.992     0.698      0.698        1.467
C1_3     WITH C1_1                 7.768    -0.144     -0.144       -0.237
C1_4     WITH C1_2                18.339    -0.149     -0.149       -0.183
C1_4     WITH C1_3                 5.241     0.092      0.092        0.088
C1_5     WITH C1_1                 8.863    -0.197     -0.197       -0.327
C1_5     WITH C1_2                 4.343    -0.101     -0.101       -0.124
C1_5     WITH C1_3                25.566     0.217      0.217        0.209
C1_5     WITH C1_4                17.112     0.168      0.168        0.162



DIAGRAM INFORMATION

  Use View Diagram under the Diagram menu in the Mplus Editor to view the diagram.
  If running Mplus from the Mplus Diagrammer, the diagram opens automatically.

  Diagram output
    f:\ipip paper\messinvarianz\c\c1\c1 konfigurale invarianz.dgm

     Beginning Time:  16:36:57
        Ending Time:  16:36:58
       Elapsed Time:  00:00:01



MUTHEN & MUTHEN
3463 Stoner Ave.
Los Angeles, CA  90066

Tel: (310) 391-9971
Fax: (310) 391-8971
Web: www.StatModel.com
Support: Support@StatModel.com

Copyright (c) 1998-2013 Muthen & Muthen
