Mplus VERSION 7.1
MUTHEN & MUTHEN
06/02/2015   2:10 PM

INPUT INSTRUCTIONS

  TITLE:

  DATA:
  FILE IS  "ARI Data 2009_Neuroticism CFA sample.txt";
  Variable:
  Names are
  respid
  n40
  n57
  n28
  n25
  n53
  n113
  n44
  n83
  n51
  n127
  n61
  n32
  n156
  n63
  n118
  n147
  n46
  n71
  n49
  n84
  n104
  n141
  n128
  n43
  n119
  n30
  n38
  n11
  n16
  n93
  n102
  n112
  n136
  n22
  n131
  n135
  n8
  n24
  n54
  n89
  n158
  n140
  n96
  n31
  n111
  n10
  n152
  n68
  n77
  n149
  n100
  n29
  n125
  n9
  n14
  n121
  n13
  n91
  n122
  n105
  n115
  n17
  n80
  n23
  n148
  n67
  n5
  n109
  n34
  n4
  n120
  n60
  n124
  n18
  n137
  n2
  n65
  n151
  n117
  n1
  n37
  n154
  n87
  n45
  n86
  n130
  n110
  n85
  n143
  n56
  n36
  n66
  n134
  n50
  n114
  n47
  n52
  n98
  n15
  n58
  n70
  n59
  n75
  n116
  n35
  n88
  n79
  n69
  n82
  n144
  n157
  n55
  n138
  n73
  n33
  n90
  n107
  n81
  Filter
  filter_
  ;

  USEVARIABLES ARE
  n156
  n121
  n29
  n158
  n59
  ;

  MISSING ARE ALL (-99);
  categorical are all;

  Model:

  anxiety by	
  n156
  n121
  n29
  n158
  n59
  ;

  Savedata:
  file is n3.txt;
  save = fscores;

  Analysis:
  ESTIMATOR IS WLSMV;

  OUTPUT: STDYX MODINDICES(4)
  ;



*** WARNING
  Data set contains cases with missing on all variables.
  These cases were not included in the analysis.
  Number of cases with missing on all variables:  2
   1 WARNING(S) FOUND IN THE INPUT INSTRUCTIONS




SUMMARY OF ANALYSIS

Number of groups                                                 1
Number of observations                                         361

Number of dependent variables                                    5
Number of independent variables                                  0
Number of continuous latent variables                            1

Observed dependent variables

  Binary and ordered categorical (ordinal)
   N156        N121        N29         N158        N59

Continuous latent variables
   ANXIETY


Estimator                                                    WLSMV
Maximum number of iterations                                  1000
Convergence criterion                                    0.500D-04
Maximum number of steepest descent iterations                   20
Maximum number of iterations for H1                           2000
Convergence criterion for H1                             0.100D-03
Parameterization                                             DELTA

Input data file(s)
  ARI Data 2009_Neuroticism CFA sample.txt

Input data format  FREE


SUMMARY OF DATA

     Number of missing data patterns             1


COVARIANCE COVERAGE OF DATA

Minimum covariance coverage value   0.100


     PROPORTION OF DATA PRESENT


           Covariance Coverage
              N156          N121          N29           N158          N59
              ________      ________      ________      ________      ________
 N156           1.000
 N121           1.000         1.000
 N29            1.000         1.000         1.000
 N158           1.000         1.000         1.000         1.000
 N59            1.000         1.000         1.000         1.000         1.000


UNIVARIATE PROPORTIONS AND COUNTS FOR CATEGORICAL VARIABLES

    N156
      Category 1    0.108       39.000
      Category 2    0.249       90.000
      Category 3    0.277      100.000
      Category 4    0.197       71.000
      Category 5    0.169       61.000
    N121
      Category 1    0.100       36.000
      Category 2    0.313      113.000
      Category 3    0.324      117.000
      Category 4    0.188       68.000
      Category 5    0.075       27.000
    N29
      Category 1    0.069       25.000
      Category 2    0.299      108.000
      Category 3    0.363      131.000
      Category 4    0.169       61.000
      Category 5    0.100       36.000
    N158
      Category 1    0.136       49.000
      Category 2    0.227       82.000
      Category 3    0.338      122.000
      Category 4    0.188       68.000
      Category 5    0.111       40.000
    N59
      Category 1    0.213       77.000
      Category 2    0.416      150.000
      Category 3    0.258       93.000
      Category 4    0.080       29.000
      Category 5    0.033       12.000



THE MODEL ESTIMATION TERMINATED NORMALLY



MODEL FIT INFORMATION

Number of Free Parameters                       25

Chi-Square Test of Model Fit

          Value                              8.459*
          Degrees of Freedom                     5
          P-Value                           0.1327

*   The chi-square value for MLM, MLMV, MLR, ULSMV, WLSM and WLSMV cannot be used
    for chi-square difference testing in the regular way.  MLM, MLR and WLSM
    chi-square difference testing is described on the Mplus website.  MLMV, WLSMV,
    and ULSMV difference testing is done using the DIFFTEST option.

RMSEA (Root Mean Square Error Of Approximation)

          Estimate                           0.044
          90 Percent C.I.                    0.000  0.093
          Probability RMSEA <= .05           0.513

CFI/TLI

          CFI                                0.995
          TLI                                0.991

Chi-Square Test of Model Fit for the Baseline Model

          Value                            744.096
          Degrees of Freedom                    10
          P-Value                           0.0000

WRMR (Weighted Root Mean Square Residual)

          Value                              0.383



MODEL RESULTS

                                                    Two-Tailed
                    Estimate       S.E.  Est./S.E.    P-Value

 ANXIETY  BY
    N156               1.000      0.000    999.000    999.000
    N121               0.961      0.066     14.646      0.000
    N29                0.784      0.059     13.380      0.000
    N158               0.718      0.066     10.847      0.000
    N59                0.712      0.064     11.120      0.000

 Thresholds
    N156$1            -1.237      0.088    -14.054      0.000
    N156$2            -0.366      0.068     -5.409      0.000
    N156$3             0.343      0.067      5.095      0.000
    N156$4             0.958      0.078     12.247      0.000
    N121$1            -1.283      0.090    -14.251      0.000
    N121$2            -0.220      0.067     -3.313      0.001
    N121$3             0.634      0.071      8.923      0.000
    N121$4             1.441      0.098     14.702      0.000
    N29$1             -1.481      0.100    -14.763      0.000
    N29$2             -0.336      0.067     -4.991      0.000
    N29$3              0.617      0.071      8.720      0.000
    N29$4              1.283      0.090     14.251      0.000
    N158$1            -1.100      0.083    -13.294      0.000
    N158$2            -0.351      0.067     -5.200      0.000
    N158$3             0.527      0.069      7.591      0.000
    N158$4             1.222      0.087     13.985      0.000
    N59$1             -0.795      0.074    -10.725      0.000
    N59$2              0.329      0.067      4.886      0.000
    N59$3              1.208      0.087     13.914      0.000
    N59$4              1.835      0.127     14.406      0.000

 Variances
    ANXIETY            0.567      0.052     10.972      0.000


STANDARDIZED MODEL RESULTS


STDYX Standardization

                                                    Two-Tailed
                    Estimate       S.E.  Est./S.E.    P-Value

 ANXIETY  BY
    N156               0.753      0.034     21.944      0.000
    N121               0.724      0.034     21.154      0.000
    N29                0.591      0.039     15.154      0.000
    N158               0.541      0.045     12.083      0.000
    N59                0.536      0.046     11.777      0.000

 Thresholds
    N156$1            -1.237      0.088    -14.054      0.000
    N156$2            -0.366      0.068     -5.409      0.000
    N156$3             0.343      0.067      5.095      0.000
    N156$4             0.958      0.078     12.247      0.000
    N121$1            -1.283      0.090    -14.251      0.000
    N121$2            -0.220      0.067     -3.313      0.001
    N121$3             0.634      0.071      8.923      0.000
    N121$4             1.441      0.098     14.702      0.000
    N29$1             -1.481      0.100    -14.763      0.000
    N29$2             -0.336      0.067     -4.991      0.000
    N29$3              0.617      0.071      8.720      0.000
    N29$4              1.283      0.090     14.251      0.000
    N158$1            -1.100      0.083    -13.294      0.000
    N158$2            -0.351      0.067     -5.200      0.000
    N158$3             0.527      0.069      7.591      0.000
    N158$4             1.222      0.087     13.985      0.000
    N59$1             -0.795      0.074    -10.725      0.000
    N59$2              0.329      0.067      4.886      0.000
    N59$3              1.208      0.087     13.914      0.000
    N59$4              1.835      0.127     14.406      0.000

 Variances
    ANXIETY            1.000      0.000    999.000    999.000


R-SQUARE

    Observed                                        Two-Tailed   Residual
    Variable        Estimate       S.E.  Est./S.E.    P-Value    Variance

    N156               0.567      0.052     10.972      0.000      0.433
    N121               0.524      0.050     10.577      0.000      0.476
    N29                0.349      0.046      7.577      0.000      0.651
    N158               0.292      0.048      6.041      0.000      0.708
    N59                0.287      0.049      5.888      0.000      0.713


QUALITY OF NUMERICAL RESULTS

     Condition Number for the Information Matrix              0.162E-01
       (ratio of smallest to largest eigenvalue)


MODEL MODIFICATION INDICES

NOTE:  Modification indices for direct effects of observed dependent variables
regressed on covariates and residual covariances among observed dependent
variables may not be included.  To include these, request MODINDICES (ALL).

Minimum M.I. value for printing the modification index     4.000

                                   M.I.     E.P.C.  Std E.P.C.  StdYX E.P.C.

No modification indices above the minimum value.



SAMPLE STATISTICS FOR ESTIMATED FACTOR SCORES


     SAMPLE STATISTICS


           Means
              ANXIETY
              ________
 1              0.000


           Covariances
              ANXIETY
              ________
 ANXIETY        0.425


           Correlations
              ANXIETY
              ________
 ANXIETY        1.000


SAVEDATA INFORMATION


  Save file
    n3.txt

  Order and format of variables

    N156           F10.3
    N121           F10.3
    N29            F10.3
    N158           F10.3
    N59            F10.3
    ANXIETY        F10.3

  Save file format
    6F10.3

  Save file record length    10000


DIAGRAM INFORMATION

  Use View Diagram under the Diagram menu in the Mplus Editor to view the diagram.
  If running Mplus from the Mplus Diagrammer, the diagram opens automatically.

  Diagram output
    f:\ipip paper\sample_usa\cfa\neuroticism\5 items\cfa neuroticism - anxiety_5 items.dgm

     Beginning Time:  14:10:30
        Ending Time:  14:10:30
       Elapsed Time:  00:00:00



MUTHEN & MUTHEN
3463 Stoner Ave.
Los Angeles, CA  90066

Tel: (310) 391-9971
Fax: (310) 391-8971
Web: www.StatModel.com
Support: Support@StatModel.com

Copyright (c) 1998-2013 Muthen & Muthen
