Mplus VERSION 7.1
MUTHEN & MUTHEN
06/02/2015   2:13 PM

INPUT INSTRUCTIONS

  TITLE:

  DATA:
  FILE IS  "ARI Data 2009_Neuroticism CFA sample.txt";
  Variable:
  Names are
  respid
  n40
  n57
  n28
  n25
  n53
  n113
  n44
  n83
  n51
  n127
  n61
  n32
  n156
  n63
  n118
  n147
  n46
  n71
  n49
  n84
  n104
  n141
  n128
  n43
  n119
  n30
  n38
  n11
  n16
  n93
  n102
  n112
  n136
  n22
  n131
  n135
  n8
  n24
  n54
  n89
  n158
  n140
  n96
  n31
  n111
  n10
  n152
  n68
  n77
  n149
  n100
  n29
  n125
  n9
  n14
  n121
  n13
  n91
  n122
  n105
  n115
  n17
  n80
  n23
  n148
  n67
  n5
  n109
  n34
  n4
  n120
  n60
  n124
  n18
  n137
  n2
  n65
  n151
  n117
  n1
  n37
  n154
  n87
  n45
  n86
  n130
  n110
  n85
  n143
  n56
  n36
  n66
  n134
  n50
  n114
  n47
  n52
  n98
  n15
  n58
  n70
  n59
  n75
  n116
  n35
  n88
  n79
  n69
  n82
  n144
  n157
  n55
  n138
  n73
  n33
  n90
  n107
  n81
  Filter
  filter_
  ;

  USEVARIABLES ARE
  n47
  n81
  n114
  n24
  n102
  ;

  MISSING ARE ALL (-99);
  categorical are all;

  Model:

  sentime by	
  n47
  n81
  n114
  n24
  n102
  ;

  Savedata:
  file is n6.txt;
  save = fscores;

  Analysis:
  ESTIMATOR IS WLSMV;

  OUTPUT: STDYX MODINDICES(4)
  ;



*** WARNING
  Data set contains cases with missing on all variables.
  These cases were not included in the analysis.
  Number of cases with missing on all variables:  2
   1 WARNING(S) FOUND IN THE INPUT INSTRUCTIONS




SUMMARY OF ANALYSIS

Number of groups                                                 1
Number of observations                                         361

Number of dependent variables                                    5
Number of independent variables                                  0
Number of continuous latent variables                            1

Observed dependent variables

  Binary and ordered categorical (ordinal)
   N47         N81         N114        N24         N102

Continuous latent variables
   SENTIME


Estimator                                                    WLSMV
Maximum number of iterations                                  1000
Convergence criterion                                    0.500D-04
Maximum number of steepest descent iterations                   20
Maximum number of iterations for H1                           2000
Convergence criterion for H1                             0.100D-03
Parameterization                                             DELTA

Input data file(s)
  ARI Data 2009_Neuroticism CFA sample.txt

Input data format  FREE


SUMMARY OF DATA

     Number of missing data patterns             1


COVARIANCE COVERAGE OF DATA

Minimum covariance coverage value   0.100


     PROPORTION OF DATA PRESENT


           Covariance Coverage
              N47           N81           N114          N24           N102
              ________      ________      ________      ________      ________
 N47            1.000
 N81            1.000         1.000
 N114           1.000         1.000         1.000
 N24            1.000         1.000         1.000         1.000
 N102           1.000         1.000         1.000         1.000         1.000


UNIVARIATE PROPORTIONS AND COUNTS FOR CATEGORICAL VARIABLES

    N47
      Category 1    0.310      112.000
      Category 2    0.269       97.000
      Category 3    0.227       82.000
      Category 4    0.119       43.000
      Category 5    0.075       27.000
    N81
      Category 1    0.158       57.000
      Category 2    0.363      131.000
      Category 3    0.274       99.000
      Category 4    0.147       53.000
      Category 5    0.058       21.000
    N114
      Category 1    0.147       53.000
      Category 2    0.385      139.000
      Category 3    0.313      113.000
      Category 4    0.105       38.000
      Category 5    0.050       18.000
    N24
      Category 1    0.108       39.000
      Category 2    0.313      113.000
      Category 3    0.305      110.000
      Category 4    0.180       65.000
      Category 5    0.094       34.000
    N102
      Category 1    0.075       27.000
      Category 2    0.219       79.000
      Category 3    0.402      145.000
      Category 4    0.213       77.000
      Category 5    0.091       33.000



THE MODEL ESTIMATION TERMINATED NORMALLY



MODEL FIT INFORMATION

Number of Free Parameters                       25

Chi-Square Test of Model Fit

          Value                             13.599*
          Degrees of Freedom                     5
          P-Value                           0.0184

*   The chi-square value for MLM, MLMV, MLR, ULSMV, WLSM and WLSMV cannot be used
    for chi-square difference testing in the regular way.  MLM, MLR and WLSM
    chi-square difference testing is described on the Mplus website.  MLMV, WLSMV,
    and ULSMV difference testing is done using the DIFFTEST option.

RMSEA (Root Mean Square Error Of Approximation)

          Estimate                           0.069
          90 Percent C.I.                    0.026  0.114
          Probability RMSEA <= .05           0.198

CFI/TLI

          CFI                                0.987
          TLI                                0.974

Chi-Square Test of Model Fit for the Baseline Model

          Value                            664.243
          Degrees of Freedom                    10
          P-Value                           0.0000

WRMR (Weighted Root Mean Square Residual)

          Value                              0.521



MODEL RESULTS

                                                    Two-Tailed
                    Estimate       S.E.  Est./S.E.    P-Value

 SENTIME  BY
    N47                1.000      0.000    999.000    999.000
    N81                0.726      0.051     14.204      0.000
    N114               0.557      0.057      9.720      0.000
    N24                0.838      0.058     14.473      0.000
    N102               0.540      0.059      9.145      0.000

 Thresholds
    N47$1             -0.495      0.069     -7.177      0.000
    N47$2              0.199      0.066      2.998      0.003
    N47$3              0.864      0.076     11.403      0.000
    N47$4              1.441      0.098     14.702      0.000
    N81$1             -1.003      0.080    -12.608      0.000
    N81$2              0.052      0.066      0.789      0.430
    N81$3              0.824      0.075     11.018      0.000
    N81$4              1.570      0.106     14.820      0.000
    N114$1            -1.050      0.081    -12.958      0.000
    N114$2             0.080      0.066      1.210      0.226
    N114$3             1.015      0.080     12.697      0.000
    N114$4             1.646      0.111     14.788      0.000
    N24$1             -1.237      0.088    -14.054      0.000
    N24$2             -0.199      0.066     -2.998      0.003
    N24$3              0.600      0.070      8.515      0.000
    N24$4              1.315      0.092     14.371      0.000
    N102$1            -1.441      0.098    -14.702      0.000
    N102$2            -0.543      0.070     -7.797      0.000
    N102$3             0.511      0.069      7.384      0.000
    N102$4             1.332      0.092     14.427      0.000

 Variances
    SENTIME            0.678      0.049     13.737      0.000


STANDARDIZED MODEL RESULTS


STDYX Standardization

                                                    Two-Tailed
                    Estimate       S.E.  Est./S.E.    P-Value

 SENTIME  BY
    N47                0.824      0.030     27.475      0.000
    N81                0.598      0.039     15.524      0.000
    N114               0.459      0.046     10.084      0.000
    N24                0.690      0.038     18.375      0.000
    N102               0.445      0.047      9.445      0.000

 Thresholds
    N47$1             -0.495      0.069     -7.177      0.000
    N47$2              0.199      0.066      2.998      0.003
    N47$3              0.864      0.076     11.403      0.000
    N47$4              1.441      0.098     14.702      0.000
    N81$1             -1.003      0.080    -12.608      0.000
    N81$2              0.052      0.066      0.789      0.430
    N81$3              0.824      0.075     11.018      0.000
    N81$4              1.570      0.106     14.820      0.000
    N114$1            -1.050      0.081    -12.958      0.000
    N114$2             0.080      0.066      1.210      0.226
    N114$3             1.015      0.080     12.697      0.000
    N114$4             1.646      0.111     14.788      0.000
    N24$1             -1.237      0.088    -14.054      0.000
    N24$2             -0.199      0.066     -2.998      0.003
    N24$3              0.600      0.070      8.515      0.000
    N24$4              1.315      0.092     14.371      0.000
    N102$1            -1.441      0.098    -14.702      0.000
    N102$2            -0.543      0.070     -7.797      0.000
    N102$3             0.511      0.069      7.384      0.000
    N102$4             1.332      0.092     14.427      0.000

 Variances
    SENTIME            1.000      0.000    999.000    999.000


R-SQUARE

    Observed                                        Two-Tailed   Residual
    Variable        Estimate       S.E.  Est./S.E.    P-Value    Variance

    N47                0.678      0.049     13.737      0.000      0.322
    N81                0.357      0.046      7.762      0.000      0.643
    N114               0.211      0.042      5.042      0.000      0.789
    N24                0.476      0.052      9.187      0.000      0.524
    N102               0.198      0.042      4.722      0.000      0.802


QUALITY OF NUMERICAL RESULTS

     Condition Number for the Information Matrix              0.258E-01
       (ratio of smallest to largest eigenvalue)


MODEL MODIFICATION INDICES

NOTE:  Modification indices for direct effects of observed dependent variables
regressed on covariates and residual covariances among observed dependent
variables may not be included.  To include these, request MODINDICES (ALL).

Minimum M.I. value for printing the modification index     4.000

                                   M.I.     E.P.C.  Std E.P.C.  StdYX E.P.C.

No modification indices above the minimum value.



SAMPLE STATISTICS FOR ESTIMATED FACTOR SCORES


     SAMPLE STATISTICS


           Means
              SENTIME
              ________
 1              0.007


           Covariances
              SENTIME
              ________
 SENTIME        0.498


           Correlations
              SENTIME
              ________
 SENTIME        1.000


SAVEDATA INFORMATION


  Save file
    n6.txt

  Order and format of variables

    N47            F10.3
    N81            F10.3
    N114           F10.3
    N24            F10.3
    N102           F10.3
    SENTIME        F10.3

  Save file format
    6F10.3

  Save file record length    10000


DIAGRAM INFORMATION

  Use View Diagram under the Diagram menu in the Mplus Editor to view the diagram.
  If running Mplus from the Mplus Diagrammer, the diagram opens automatically.

  Diagram output
    f:\ipip paper\sample_usa\cfa\neuroticism\5 items\cfa neuroticism - sentimentality_5 items.dgm

     Beginning Time:  14:13:12
        Ending Time:  14:13:13
       Elapsed Time:  00:00:01



MUTHEN & MUTHEN
3463 Stoner Ave.
Los Angeles, CA  90066

Tel: (310) 391-9971
Fax: (310) 391-8971
Web: www.StatModel.com
Support: Support@StatModel.com

Copyright (c) 1998-2013 Muthen & Muthen
