Mplus VERSION 7.1
MUTHEN & MUTHEN
06/02/2015   2:11 PM

INPUT INSTRUCTIONS

  TITLE:

  DATA:
  FILE IS  "ARI Data 2009_Neuroticism CFA sample.txt";
  Variable:
  Names are
  respid
  n40
  n57
  n28
  n25
  n53
  n113
  n44
  n83
  n51
  n127
  n61
  n32
  n156
  n63
  n118
  n147
  n46
  n71
  n49
  n84
  n104
  n141
  n128
  n43
  n119
  n30
  n38
  n11
  n16
  n93
  n102
  n112
  n136
  n22
  n131
  n135
  n8
  n24
  n54
  n89
  n158
  n140
  n96
  n31
  n111
  n10
  n152
  n68
  n77
  n149
  n100
  n29
  n125
  n9
  n14
  n121
  n13
  n91
  n122
  n105
  n115
  n17
  n80
  n23
  n148
  n67
  n5
  n109
  n34
  n4
  n120
  n60
  n124
  n18
  n137
  n2
  n65
  n151
  n117
  n1
  n37
  n154
  n87
  n45
  n86
  n130
  n110
  n85
  n143
  n56
  n36
  n66
  n134
  n50
  n114
  n47
  n52
  n98
  n15
  n58
  n70
  n59
  n75
  n116
  n35
  n88
  n79
  n69
  n82
  n144
  n157
  n55
  n138
  n73
  n33
  n90
  n107
  n81
  Filter
  filter_
  ;

  USEVARIABLES ARE
  n71
  n147
  n73
  n144
  n85;

  MISSING ARE ALL (-99);
  categorical are all;

  Model:

  irritab by	
  n71
  n147
  n73
  n144
  n85
  ;

  Savedata:
  file is n1.txt;
  save = fscores;

  Analysis:
  ESTIMATOR IS WLSMV;

  OUTPUT: STDYX MODINDICES(4)
  ;



*** WARNING
  Data set contains cases with missing on all variables.
  These cases were not included in the analysis.
  Number of cases with missing on all variables:  2
   1 WARNING(S) FOUND IN THE INPUT INSTRUCTIONS




SUMMARY OF ANALYSIS

Number of groups                                                 1
Number of observations                                         361

Number of dependent variables                                    5
Number of independent variables                                  0
Number of continuous latent variables                            1

Observed dependent variables

  Binary and ordered categorical (ordinal)
   N71         N147        N73         N144        N85

Continuous latent variables
   IRRITAB


Estimator                                                    WLSMV
Maximum number of iterations                                  1000
Convergence criterion                                    0.500D-04
Maximum number of steepest descent iterations                   20
Maximum number of iterations for H1                           2000
Convergence criterion for H1                             0.100D-03
Parameterization                                             DELTA

Input data file(s)
  ARI Data 2009_Neuroticism CFA sample.txt

Input data format  FREE


SUMMARY OF DATA

     Number of missing data patterns             1


COVARIANCE COVERAGE OF DATA

Minimum covariance coverage value   0.100


     PROPORTION OF DATA PRESENT


           Covariance Coverage
              N71           N147          N73           N144          N85
              ________      ________      ________      ________      ________
 N71            1.000
 N147           1.000         1.000
 N73            1.000         1.000         1.000
 N144           1.000         1.000         1.000         1.000
 N85            1.000         1.000         1.000         1.000         1.000


UNIVARIATE PROPORTIONS AND COUNTS FOR CATEGORICAL VARIABLES

    N71
      Category 1    0.227       82.000
      Category 2    0.407      147.000
      Category 3    0.233       84.000
      Category 4    0.086       31.000
      Category 5    0.047       17.000
    N147
      Category 1    0.202       73.000
      Category 2    0.410      148.000
      Category 3    0.280      101.000
      Category 4    0.083       30.000
      Category 5    0.025        9.000
    N73
      Category 1    0.191       69.000
      Category 2    0.440      159.000
      Category 3    0.260       94.000
      Category 4    0.080       29.000
      Category 5    0.028       10.000
    N144
      Category 1    0.274       99.000
      Category 2    0.283      102.000
      Category 3    0.269       97.000
      Category 4    0.100       36.000
      Category 5    0.075       27.000
    N85
      Category 1    0.066       24.000
      Category 2    0.241       87.000
      Category 3    0.391      141.000
      Category 4    0.230       83.000
      Category 5    0.072       26.000



THE MODEL ESTIMATION TERMINATED NORMALLY



MODEL FIT INFORMATION

Number of Free Parameters                       25

Chi-Square Test of Model Fit

          Value                              9.383*
          Degrees of Freedom                     5
          P-Value                           0.0947

*   The chi-square value for MLM, MLMV, MLR, ULSMV, WLSM and WLSMV cannot be used
    for chi-square difference testing in the regular way.  MLM, MLR and WLSM
    chi-square difference testing is described on the Mplus website.  MLMV, WLSMV,
    and ULSMV difference testing is done using the DIFFTEST option.

RMSEA (Root Mean Square Error Of Approximation)

          Estimate                           0.049
          90 Percent C.I.                    0.000  0.097
          Probability RMSEA <= .05           0.442

CFI/TLI

          CFI                                0.995
          TLI                                0.990

Chi-Square Test of Model Fit for the Baseline Model

          Value                            872.214
          Degrees of Freedom                    10
          P-Value                           0.0000

WRMR (Weighted Root Mean Square Residual)

          Value                              0.409



MODEL RESULTS

                                                    Two-Tailed
                    Estimate       S.E.  Est./S.E.    P-Value

 IRRITAB  BY
    N71                1.000      0.000    999.000    999.000
    N147               0.869      0.064     13.594      0.000
    N73                0.798      0.057     13.915      0.000
    N144               0.772      0.059     13.146      0.000
    N85                0.410      0.062      6.664      0.000

 Thresholds
    N71$1             -0.748      0.073    -10.231      0.000
    N71$2              0.343      0.067      5.095      0.000
    N71$3              1.112      0.083     13.376      0.000
    N71$4              1.674      0.113     14.758      0.000
    N147$1            -0.834      0.075    -11.115      0.000
    N147$2             0.285      0.067      4.258      0.000
    N147$3             1.237      0.088     14.054      0.000
    N147$4             1.961      0.141     13.935      0.000
    N73$1             -0.874      0.076    -11.499      0.000
    N73$2              0.336      0.067      4.991      0.000
    N73$3              1.237      0.088     14.054      0.000
    N73$4              1.916      0.136     14.123      0.000
    N144$1            -0.600      0.070     -8.515      0.000
    N144$2             0.143      0.066      2.157      0.031
    N144$3             0.936      0.078     12.063      0.000
    N144$4             1.441      0.098     14.702      0.000
    N85$1             -1.503      0.102    -14.786      0.000
    N85$2             -0.503      0.069     -7.281      0.000
    N85$3              0.519      0.069      7.487      0.000
    N85$4              1.461      0.099     14.735      0.000

 Variances
    IRRITAB            0.653      0.051     12.762      0.000


STANDARDIZED MODEL RESULTS


STDYX Standardization

                                                    Two-Tailed
                    Estimate       S.E.  Est./S.E.    P-Value

 IRRITAB  BY
    N71                0.808      0.032     25.524      0.000
    N147               0.702      0.037     19.174      0.000
    N73                0.645      0.037     17.535      0.000
    N144               0.624      0.040     15.548      0.000
    N85                0.331      0.049      6.775      0.000

 Thresholds
    N71$1             -0.748      0.073    -10.231      0.000
    N71$2              0.343      0.067      5.095      0.000
    N71$3              1.112      0.083     13.376      0.000
    N71$4              1.674      0.113     14.758      0.000
    N147$1            -0.834      0.075    -11.115      0.000
    N147$2             0.285      0.067      4.258      0.000
    N147$3             1.237      0.088     14.054      0.000
    N147$4             1.961      0.141     13.935      0.000
    N73$1             -0.874      0.076    -11.499      0.000
    N73$2              0.336      0.067      4.991      0.000
    N73$3              1.237      0.088     14.054      0.000
    N73$4              1.916      0.136     14.123      0.000
    N144$1            -0.600      0.070     -8.515      0.000
    N144$2             0.143      0.066      2.157      0.031
    N144$3             0.936      0.078     12.063      0.000
    N144$4             1.441      0.098     14.702      0.000
    N85$1             -1.503      0.102    -14.786      0.000
    N85$2             -0.503      0.069     -7.281      0.000
    N85$3              0.519      0.069      7.487      0.000
    N85$4              1.461      0.099     14.735      0.000

 Variances
    IRRITAB            1.000      0.000    999.000    999.000


R-SQUARE

    Observed                                        Two-Tailed   Residual
    Variable        Estimate       S.E.  Est./S.E.    P-Value    Variance

    N71                0.653      0.051     12.762      0.000      0.347
    N147               0.493      0.051      9.587      0.000      0.507
    N73                0.416      0.047      8.767      0.000      0.584
    N144               0.390      0.050      7.774      0.000      0.610
    N85                0.110      0.032      3.388      0.001      0.890


QUALITY OF NUMERICAL RESULTS

     Condition Number for the Information Matrix              0.146E-01
       (ratio of smallest to largest eigenvalue)


MODEL MODIFICATION INDICES

NOTE:  Modification indices for direct effects of observed dependent variables
regressed on covariates and residual covariances among observed dependent
variables may not be included.  To include these, request MODINDICES (ALL).

Minimum M.I. value for printing the modification index     4.000

                                   M.I.     E.P.C.  Std E.P.C.  StdYX E.P.C.

No modification indices above the minimum value.



SAMPLE STATISTICS FOR ESTIMATED FACTOR SCORES


     SAMPLE STATISTICS


           Means
              IRRITAB
              ________
 1              0.002


           Covariances
              IRRITAB
              ________
 IRRITAB        0.492


           Correlations
              IRRITAB
              ________
 IRRITAB        1.000


SAVEDATA INFORMATION


  Save file
    n1.txt

  Order and format of variables

    N71            F10.3
    N147           F10.3
    N73            F10.3
    N144           F10.3
    N85            F10.3
    IRRITAB        F10.3

  Save file format
    6F10.3

  Save file record length    10000


DIAGRAM INFORMATION

  Use View Diagram under the Diagram menu in the Mplus Editor to view the diagram.
  If running Mplus from the Mplus Diagrammer, the diagram opens automatically.

  Diagram output
    f:\ipip paper\sample_usa\cfa\neuroticism\5 items\cfa neuroticism - irritability_5 items.dgm

     Beginning Time:  14:11:15
        Ending Time:  14:11:15
       Elapsed Time:  00:00:00



MUTHEN & MUTHEN
3463 Stoner Ave.
Los Angeles, CA  90066

Tel: (310) 391-9971
Fax: (310) 391-8971
Web: www.StatModel.com
Support: Support@StatModel.com

Copyright (c) 1998-2013 Muthen & Muthen
