Mplus VERSION 7.1
MUTHEN & MUTHEN
06/18/2015   4:26 PM

INPUT INSTRUCTIONS

  TITLE: Beispiel N1 Analysis

  DATA:
   FILE IS  "ITS_TQIPIP.txt";

  VARIABLE:
   NAMES ARE
  id
  sex
  age
  A1_1
  A1_2
  A1_3
  A1_4
  A1_5
  A2_1
  A2_2
  A2_3
  A2_4
  A2_5
  A3_1
  A3_2
  A3_3
  A3_4
  A3_5
  A4_1
  A4_2
  A4_3
  A4_4
  A4_5
  A5_1
  A5_2
  A5_3
  A5_4
  A5_5
  A6_1
  A6_2
  A6_3
  A6_4
  A6_5
  A7_1
  A7_2
  A7_3
  A7_4
  A7_5
  A8_1
  A8_2
  A8_3
  A8_4
  A8_5
  C1_1
  C1_2
  C1_3
  C1_4
  C1_5
  C2_1
  C2_2
  C2_3
  C2_4
  C2_5
  C3_1
  C3_2
  C3_3
  C3_4
  C3_5
  C4_1
  C4_2
  C4_3
  C4_4
  C4_5
  C5_1
  C5_2
  C5_3
  C5_4
  C5_5
  C6_1
  C6_2
  C6_3
  C6_4
  C6_5
  C7_1
  C7_2
  C7_3
  C7_4
  C7_5
  C8_1
  C8_2
  C8_3
  C8_4
  C8_5
  C9_1
  C9_2
  C9_3
  C9_4
  C9_5
  E1_1
  E1_2
  E1_3
  E1_4
  E1_5
  E2_1
  E2_2
  E2_3
  E2_4
  E2_5
  E3_1
  E3_2
  E3_3
  E3_4
  E3_5
  E4_1
  E4_2
  E4_3
  E4_4
  E4_5
  E5_1
  E5_2
  E5_3
  E5_4
  E5_5
  E6_1
  E6_2
  E6_3
  E6_4
  E6_5
  E7_1
  E7_2
  E7_3
  E7_4
  E7_5
  E8_1
  E8_2
  E8_3
  E8_4
  E8_5
  E9_1
  E9_2
  E9_3
  N1_1
  N1_2
  N1_3
  N1_4
  N1_5
  N2_1
  N2_2
  N2_3
  N2_4
  N2_5
  N3_1
  N3_2
  N3_3
  N3_4
  N3_5
  N4_1
  N4_2
  N4_3
  N4_4
  N4_5
  N5_1
  N5_2
  N5_3
  N5_4
  N5_5
  N6_1
  N6_2
  N6_3
  N6_4
  N6_5
  N7_1
  N7_2
  N7_3
  O1_1
  O1_2
  O1_3
  O1_4
  O1_5
  O2_1
  O2_2
  O2_3
  O2_4
  O2_5
  O3_1
  O3_2
  O3_3
  O3_4
  O3_5
  O4_1
  O4_2
  O4_3
  O4_4
  O4_5
  O5_1
  O5_2
  O5_3
  O5_4
  O5_5
  O6_1
  O6_2
  O6_3
  O6_4
  O6_5
  O7_1
  O7_2
  O7_3
  O7_4
  O7_5
  O8_1
  O8_2
  O8_3
  O8_4
  O9_1
  O9_2
  O9_4
  dataset;

   USEVARIABLES ARE
  A2_1
  A2_2
  A2_3
  A2_4
  A2_5;

  USEOBSERVATIONS ARE (Dataset eq 1);

  MISSING ARE ALL (-99);

  MODEL:

  A2 by
  A2_1
  A2_2
  A2_3
  A2_4
  A2_5;

  ANALYSIS:
   ESTIMATOR IS ML;
   Iterations are 10000;

   OUTPUT: STDYX MODINDICES(4);



INPUT READING TERMINATED NORMALLY



Beispiel N1 Analysis

SUMMARY OF ANALYSIS

Number of groups                                                 1
Number of observations                                         722

Number of dependent variables                                    5
Number of independent variables                                  0
Number of continuous latent variables                            1

Observed dependent variables

  Continuous
   A2_1        A2_2        A2_3        A2_4        A2_5

Continuous latent variables
   A2


Estimator                                                       ML
Information matrix                                        OBSERVED
Maximum number of iterations                                 10000
Convergence criterion                                    0.500D-04
Maximum number of steepest descent iterations                   20
Maximum number of iterations for H1                           2000
Convergence criterion for H1                             0.100D-03

Input data file(s)
  ITS_TQIPIP.txt

Input data format  FREE


SUMMARY OF DATA

     Number of missing data patterns             1


COVARIANCE COVERAGE OF DATA

Minimum covariance coverage value   0.100


     PROPORTION OF DATA PRESENT


           Covariance Coverage
              A2_1          A2_2          A2_3          A2_4          A2_5
              ________      ________      ________      ________      ________
 A2_1           1.000
 A2_2           1.000         1.000
 A2_3           1.000         1.000         1.000
 A2_4           1.000         1.000         1.000         1.000
 A2_5           1.000         1.000         1.000         1.000         1.000



THE MODEL ESTIMATION TERMINATED NORMALLY



MODEL FIT INFORMATION

Number of Free Parameters                       15

Loglikelihood

          H0 Value                       -4441.644
          H1 Value                       -4438.289

Information Criteria

          Akaike (AIC)                    8913.287
          Bayesian (BIC)                  8982.018
          Sample-Size Adjusted BIC        8934.388
            (n* = (n + 2) / 24)

Chi-Square Test of Model Fit

          Value                              6.709
          Degrees of Freedom                     5
          P-Value                           0.2432

RMSEA (Root Mean Square Error Of Approximation)

          Estimate                           0.022
          90 Percent C.I.                    0.000  0.059
          Probability RMSEA <= .05           0.874

CFI/TLI

          CFI                                0.998
          TLI                                0.995

Chi-Square Test of Model Fit for the Baseline Model

          Value                            767.946
          Degrees of Freedom                    10
          P-Value                           0.0000

SRMR (Standardized Root Mean Square Residual)

          Value                              0.014



MODEL RESULTS

                                                    Two-Tailed
                    Estimate       S.E.  Est./S.E.    P-Value

 A2       BY
    A2_1               1.000      0.000    999.000    999.000
    A2_2               1.348      0.095     14.251      0.000
    A2_3               1.108      0.084     13.132      0.000
    A2_4               0.977      0.078     12.570      0.000
    A2_5               0.567      0.067      8.403      0.000

 Intercepts
    A2_1               2.140      0.034     63.776      0.000
    A2_2               1.943      0.037     53.231      0.000
    A2_3               1.983      0.036     54.842      0.000
    A2_4               1.920      0.033     57.683      0.000
    A2_5               2.047      0.032     64.056      0.000

 Variances
    A2                 0.320      0.039      8.255      0.000

 Residual Variances
    A2_1               0.493      0.032     15.454      0.000
    A2_2               0.381      0.036     10.731      0.000
    A2_3               0.552      0.037     15.052      0.000
    A2_4               0.494      0.032     15.647      0.000
    A2_5               0.635      0.035     18.115      0.000


STANDARDIZED MODEL RESULTS


STDYX Standardization

                                                    Two-Tailed
                    Estimate       S.E.  Est./S.E.    P-Value

 A2       BY
    A2_1               0.627      0.029     21.636      0.000
    A2_2               0.777      0.025     31.662      0.000
    A2_3               0.645      0.028     22.652      0.000
    A2_4               0.618      0.029     21.087      0.000
    A2_5               0.373      0.037     10.001      0.000

 Intercepts
    A2_1               2.374      0.073     32.645      0.000
    A2_2               1.981      0.064     30.928      0.000
    A2_3               2.041      0.065     31.235      0.000
    A2_4               2.147      0.068     31.733      0.000
    A2_5               2.384      0.073     32.682      0.000

 Variances
    A2                 1.000      0.000    999.000    999.000

 Residual Variances
    A2_1               0.606      0.036     16.673      0.000
    A2_2               0.396      0.038     10.392      0.000
    A2_3               0.584      0.037     15.918      0.000
    A2_4               0.618      0.036     17.077      0.000
    A2_5               0.861      0.028     30.865      0.000


R-SQUARE

    Observed                                        Two-Tailed
    Variable        Estimate       S.E.  Est./S.E.    P-Value

    A2_1               0.394      0.036     10.818      0.000
    A2_2               0.604      0.038     15.831      0.000
    A2_3               0.416      0.037     11.326      0.000
    A2_4               0.382      0.036     10.544      0.000
    A2_5               0.139      0.028      5.000      0.000


QUALITY OF NUMERICAL RESULTS

     Condition Number for the Information Matrix              0.237E-01
       (ratio of smallest to largest eigenvalue)


MODEL MODIFICATION INDICES

NOTE:  Modification indices for direct effects of observed dependent variables
regressed on covariates may not be included.  To include these, request
MODINDICES (ALL).

Minimum M.I. value for printing the modification index     4.000

                                   M.I.     E.P.C.  Std E.P.C.  StdYX E.P.C.

WITH Statements

A2_5     WITH A2_2                 4.447    -0.055     -0.055       -0.112


DIAGRAM INFORMATION

  Use View Diagram under the Diagram menu in the Mplus Editor to view the diagram.
  If running Mplus from the Mplus Diagrammer, the diagram opens automatically.

  Diagram output
    f:\ipip paper\messinvarianz\a\a2\ausgangsmodell\ausgangsmodell a2 us.dgm

     Beginning Time:  16:26:21
        Ending Time:  16:26:22
       Elapsed Time:  00:00:01



MUTHEN & MUTHEN
3463 Stoner Ave.
Los Angeles, CA  90066

Tel: (310) 391-9971
Fax: (310) 391-8971
Web: www.StatModel.com
Support: Support@StatModel.com

Copyright (c) 1998-2013 Muthen & Muthen
