Mplus VERSION 7.1
MUTHEN & MUTHEN
06/02/2015   1:42 PM

INPUT INSTRUCTIONS

  TITLE:

  DATA:
  FILE IS  "ARI Data 2009_Conscientiousness CFA Sample.txt";
  Variable:
  Names are
  respid
  con108
  con76
  con77
  con38
  con23
  con85
  con42
  con52
  con110
  con44
  con102
  con56
  con18
  con39
  con33
  con88
  con4
  con83
  con6
  con79
  con109
  con7
  con98
  con74
  con114
  con1
  con19
  con30
  con96
  con103
  con54
  con73
  con26
  con101
  con32
  con50
  con8
  con15
  con93
  con25
  con13
  con5
  con70
  con105
  con2
  con41
  con16
  con67
  con84
  con55
  con10
  con31
  con14
  con68
  con97
  con37
  con87
  con63
  con66
  con86
  con49
  con45
  con91
  con107
  con59
  con11
  con21
  con111
  con34
  con48
  con61
  con29
  con89
  con24
  con100
  con47
  con112
  con82
  con94
  con57
  con90
  con71
  con99
  con28
  con115
  con46
  con36
  con80
  con81
  con72
  con3
  con43
  con116
  con75
  con58
  con64
  con60
  con27
  con113
  con17
  con53
  con35
  con22
  con9
  con104
  con69
  con65
  con95
  con20
  con12
  con51
  con106
  con117
  Filter
  filter_
  ;

  USEVARIABLES ARE
  con110
  con105
  con29
  con106
  con93
  ;

  MISSING ARE ALL (-99);
  categorical are all;

  Model:
  control  BY
  con110
  con105
  con29
  con106
  con93
  ;

  Savedata:
  file is c1.txt;
  save = fscores;

  Analysis:
  ESTIMATOR IS WLSMV;

  OUTPUT: STDYX MODINDICES(4);



*** WARNING
  Data set contains cases with missing on all variables.
  These cases were not included in the analysis.
  Number of cases with missing on all variables:  2
   1 WARNING(S) FOUND IN THE INPUT INSTRUCTIONS




SUMMARY OF ANALYSIS

Number of groups                                                 1
Number of observations                                         361

Number of dependent variables                                    5
Number of independent variables                                  0
Number of continuous latent variables                            1

Observed dependent variables

  Binary and ordered categorical (ordinal)
   CON110      CON105      CON29       CON106      CON93

Continuous latent variables
   CONTROL


Estimator                                                    WLSMV
Maximum number of iterations                                  1000
Convergence criterion                                    0.500D-04
Maximum number of steepest descent iterations                   20
Maximum number of iterations for H1                           2000
Convergence criterion for H1                             0.100D-03
Parameterization                                             DELTA

Input data file(s)
  ARI Data 2009_Conscientiousness CFA Sample.txt

Input data format  FREE


SUMMARY OF DATA

     Number of missing data patterns             1


COVARIANCE COVERAGE OF DATA

Minimum covariance coverage value   0.100


     PROPORTION OF DATA PRESENT


           Covariance Coverage
              CON110        CON105        CON29         CON106        CON93
              ________      ________      ________      ________      ________
 CON110         1.000
 CON105         1.000         1.000
 CON29          1.000         1.000         1.000
 CON106         1.000         1.000         1.000         1.000
 CON93          1.000         1.000         1.000         1.000         1.000


UNIVARIATE PROPORTIONS AND COUNTS FOR CATEGORICAL VARIABLES

    CON110
      Category 1    0.044       16.000
      Category 2    0.175       63.000
      Category 3    0.429      155.000
      Category 4    0.227       82.000
      Category 5    0.125       45.000
    CON105
      Category 1    0.036       13.000
      Category 2    0.158       57.000
      Category 3    0.343      124.000
      Category 4    0.324      117.000
      Category 5    0.139       50.000
    CON29
      Category 1    0.183       66.000
      Category 2    0.335      121.000
      Category 3    0.296      107.000
      Category 4    0.127       46.000
      Category 5    0.058       21.000
    CON106
      Category 1    0.119       43.000
      Category 2    0.211       76.000
      Category 3    0.346      125.000
      Category 4    0.222       80.000
      Category 5    0.102       37.000
    CON93
      Category 1    0.227       82.000
      Category 2    0.377      136.000
      Category 3    0.263       95.000
      Category 4    0.086       31.000
      Category 5    0.047       17.000



THE MODEL ESTIMATION TERMINATED NORMALLY



MODEL FIT INFORMATION

Number of Free Parameters                       25

Chi-Square Test of Model Fit

          Value                             38.449*
          Degrees of Freedom                     5
          P-Value                           0.0000

*   The chi-square value for MLM, MLMV, MLR, ULSMV, WLSM and WLSMV cannot be used
    for chi-square difference testing in the regular way.  MLM, MLR and WLSM
    chi-square difference testing is described on the Mplus website.  MLMV, WLSMV,
    and ULSMV difference testing is done using the DIFFTEST option.

RMSEA (Root Mean Square Error Of Approximation)

          Estimate                           0.136
          90 Percent C.I.                    0.098  0.178
          Probability RMSEA <= .05           0.000

CFI/TLI

          CFI                                0.931
          TLI                                0.863

Chi-Square Test of Model Fit for the Baseline Model

          Value                            496.599
          Degrees of Freedom                    10
          P-Value                           0.0000

WRMR (Weighted Root Mean Square Residual)

          Value                              0.901



MODEL RESULTS

                                                    Two-Tailed
                    Estimate       S.E.  Est./S.E.    P-Value

 CONTROL  BY
    CON110             1.000      0.000    999.000    999.000
    CON105             0.612      0.076      8.011      0.000
    CON29              0.454      0.062      7.386      0.000
    CON106             0.551      0.066      8.327      0.000
    CON93              0.180      0.055      3.293      0.001

 Thresholds
    CON110$1          -1.703      0.116    -14.718      0.000
    CON110$2          -0.776      0.074    -10.528      0.000
    CON110$3           0.380      0.068      5.617      0.000
    CON110$4           1.152      0.085     13.614      0.000
    CON105$1          -1.799      0.124    -14.510      0.000
    CON105$2          -0.864      0.076    -11.403      0.000
    CON105$3           0.094      0.066      1.421      0.155
    CON105$4           1.087      0.082     13.212      0.000
    CON29$1           -0.905      0.077    -11.783      0.000
    CON29$2            0.045      0.066      0.684      0.494
    CON29$3            0.894      0.077     11.689      0.000
    CON29$4            1.570      0.106     14.820      0.000
    CON106$1          -1.179      0.086    -13.767      0.000
    CON106$2          -0.441      0.068     -6.451      0.000
    CON106$3           0.456      0.069      6.659      0.000
    CON106$4           1.267      0.089     14.187      0.000
    CON93$1           -0.748      0.073    -10.231      0.000
    CON93$2            0.263      0.067      3.943      0.000
    CON93$3            1.112      0.083     13.376      0.000
    CON93$4            1.674      0.113     14.758      0.000

 Variances
    CONTROL            0.870      0.095      9.152      0.000


STANDARDIZED MODEL RESULTS


STDYX Standardization

                                                    Two-Tailed
                    Estimate       S.E.  Est./S.E.    P-Value

 CONTROL  BY
    CON110             0.933      0.051     18.303      0.000
    CON105             0.571      0.047     12.166      0.000
    CON29              0.424      0.050      8.540      0.000
    CON106             0.514      0.047     10.959      0.000
    CON93              0.168      0.050      3.379      0.001

 Thresholds
    CON110$1          -1.703      0.116    -14.718      0.000
    CON110$2          -0.776      0.074    -10.528      0.000
    CON110$3           0.380      0.068      5.617      0.000
    CON110$4           1.152      0.085     13.614      0.000
    CON105$1          -1.799      0.124    -14.510      0.000
    CON105$2          -0.864      0.076    -11.403      0.000
    CON105$3           0.094      0.066      1.421      0.155
    CON105$4           1.087      0.082     13.212      0.000
    CON29$1           -0.905      0.077    -11.783      0.000
    CON29$2            0.045      0.066      0.684      0.494
    CON29$3            0.894      0.077     11.689      0.000
    CON29$4            1.570      0.106     14.820      0.000
    CON106$1          -1.179      0.086    -13.767      0.000
    CON106$2          -0.441      0.068     -6.451      0.000
    CON106$3           0.456      0.069      6.659      0.000
    CON106$4           1.267      0.089     14.187      0.000
    CON93$1           -0.748      0.073    -10.231      0.000
    CON93$2            0.263      0.067      3.943      0.000
    CON93$3            1.112      0.083     13.376      0.000
    CON93$4            1.674      0.113     14.758      0.000

 Variances
    CONTROL            1.000      0.000    999.000    999.000


R-SQUARE

    Observed                                        Two-Tailed   Residual
    Variable        Estimate       S.E.  Est./S.E.    P-Value    Variance

    CON110             0.870      0.095      9.152      0.000      0.130
    CON105             0.326      0.054      6.083      0.000      0.674
    CON29              0.180      0.042      4.270      0.000      0.820
    CON106             0.264      0.048      5.480      0.000      0.736
    CON93              0.028      0.017      1.689      0.091      0.972


QUALITY OF NUMERICAL RESULTS

     Condition Number for the Information Matrix              0.223E-01
       (ratio of smallest to largest eigenvalue)


MODEL MODIFICATION INDICES

NOTE:  Modification indices for direct effects of observed dependent variables
regressed on covariates and residual covariances among observed dependent
variables may not be included.  To include these, request MODINDICES (ALL).

Minimum M.I. value for printing the modification index     4.000

                                   M.I.     E.P.C.  Std E.P.C.  StdYX E.P.C.

No modification indices above the minimum value.



SAMPLE STATISTICS FOR ESTIMATED FACTOR SCORES


     SAMPLE STATISTICS


           Means
              CONTROL
              ________
 1             -0.004


           Covariances
              CONTROL
              ________
 CONTROL        0.670


           Correlations
              CONTROL
              ________
 CONTROL        1.000


SAVEDATA INFORMATION


  Save file
    c1.txt

  Order and format of variables

    CON110         F10.3
    CON105         F10.3
    CON29          F10.3
    CON106         F10.3
    CON93          F10.3
    CONTROL        F10.3

  Save file format
    6F10.3

  Save file record length    10000


DIAGRAM INFORMATION

  Use View Diagram under the Diagram menu in the Mplus Editor to view the diagram.
  If running Mplus from the Mplus Diagrammer, the diagram opens automatically.

  Diagram output
    f:\ipip paper\sample_usa\cfa\conscientiousness\5 items\cfa conscientiousness - control of others

     Beginning Time:  13:42:46
        Ending Time:  13:42:46
       Elapsed Time:  00:00:00



MUTHEN & MUTHEN
3463 Stoner Ave.
Los Angeles, CA  90066

Tel: (310) 391-9971
Fax: (310) 391-8971
Web: www.StatModel.com
Support: Support@StatModel.com

Copyright (c) 1998-2013 Muthen & Muthen
