Mplus VERSION 7.1
MUTHEN & MUTHEN
06/02/2015   2:21 PM

INPUT INSTRUCTIONS

  TITLE:

  DATA:
  FILE IS  "ARI Data 2009_Openness CFA Sample.txt";
  Variable:
  Names are
  respid
  open145
  open42
  open10
  open15
  open134
  open900
  open109
  open88
  open46
  open1
  open99
  open11
  open116
  open4
  open112
  open40
  open9
  open13
  open118
  open121
  open151
  open90
  open5
  open87
  open30
  open146
  open43
  open139
  open3
  open48
  open22
  open125
  open60
  open32
  open49
  open12
  open106
  open96
  open111
  open130
  open133
  open19
  open104
  open135
  open80
  open143
  open115
  open59
  open78
  open75
  open102
  open107
  open76
  open94
  open71
  open7
  open44
  open21
  open105
  open18
  open113
  open148
  open64
  open50
  open89
  open110
  open152
  open129
  open8
  open53
  open63
  open66
  open27
  open83
  open95
  open70
  open86
  open85
  open136
  open16
  open29
  open25
  open147
  open144
  open72
  open140
  open55
  open61
  open56
  open58
  open901
  open37
  open74
  open91
  open97
  open93
  open67
  open20
  open17
  open127
  open2
  open124
  open114
  open6
  open28
  open92
  open132
  open77
  open45
  open31
  open35
  Filter
  filter_
  ;

  USEVARIABLES ARE
  open96
  open94
  open5
  open71
  open88
  ;

  MISSING ARE ALL (-99);
  categorical are all;

  Model:
  actact by
  open96
  open94
  open5
  open71
  open88
  ;

  Savedata:
  file is o2.txt;
  save = fscores;

  Analysis:
  ESTIMATOR IS WLSMV;

  OUTPUT: STDYX MODINDICES(4);



*** WARNING
  Data set contains cases with missing on all variables.
  These cases were not included in the analysis.
  Number of cases with missing on all variables:  2
   1 WARNING(S) FOUND IN THE INPUT INSTRUCTIONS




SUMMARY OF ANALYSIS

Number of groups                                                 1
Number of observations                                         361

Number of dependent variables                                    5
Number of independent variables                                  0
Number of continuous latent variables                            1

Observed dependent variables

  Binary and ordered categorical (ordinal)
   OPEN96      OPEN94      OPEN5       OPEN71      OPEN88

Continuous latent variables
   ACTACT


Estimator                                                    WLSMV
Maximum number of iterations                                  1000
Convergence criterion                                    0.500D-04
Maximum number of steepest descent iterations                   20
Maximum number of iterations for H1                           2000
Convergence criterion for H1                             0.100D-03
Parameterization                                             DELTA

Input data file(s)
  ARI Data 2009_Openness CFA Sample.txt

Input data format  FREE


SUMMARY OF DATA

     Number of missing data patterns             1


COVARIANCE COVERAGE OF DATA

Minimum covariance coverage value   0.100


     PROPORTION OF DATA PRESENT


           Covariance Coverage
              OPEN96        OPEN94        OPEN5         OPEN71        OPEN88
              ________      ________      ________      ________      ________
 OPEN96         1.000
 OPEN94         1.000         1.000
 OPEN5          1.000         1.000         1.000
 OPEN71         1.000         1.000         1.000         1.000
 OPEN88         1.000         1.000         1.000         1.000         1.000


UNIVARIATE PROPORTIONS AND COUNTS FOR CATEGORICAL VARIABLES

    OPEN96
      Category 1    0.006        2.000
      Category 2    0.030       11.000
      Category 3    0.127       46.000
      Category 4    0.252       91.000
      Category 5    0.584      211.000
    OPEN94
      Category 1    0.011        4.000
      Category 2    0.042       15.000
      Category 3    0.152       55.000
      Category 4    0.294      106.000
      Category 5    0.501      181.000
    OPEN5
      Category 1    0.003        1.000
      Category 2    0.078       28.000
      Category 3    0.310      112.000
      Category 4    0.388      140.000
      Category 5    0.222       80.000
    OPEN71
      Category 1    0.019        7.000
      Category 2    0.089       32.000
      Category 3    0.247       89.000
      Category 4    0.321      116.000
      Category 5    0.324      117.000
    OPEN88
      Category 1    0.036       13.000
      Category 2    0.083       30.000
      Category 3    0.277      100.000
      Category 4    0.310      112.000
      Category 5    0.294      106.000



THE MODEL ESTIMATION TERMINATED NORMALLY



MODEL FIT INFORMATION

Number of Free Parameters                       25

Chi-Square Test of Model Fit

          Value                              9.965*
          Degrees of Freedom                     5
          P-Value                           0.0762

*   The chi-square value for MLM, MLMV, MLR, ULSMV, WLSM and WLSMV cannot be used
    for chi-square difference testing in the regular way.  MLM, MLR and WLSM
    chi-square difference testing is described on the Mplus website.  MLMV, WLSMV,
    and ULSMV difference testing is done using the DIFFTEST option.

RMSEA (Root Mean Square Error Of Approximation)

          Estimate                           0.052
          90 Percent C.I.                    0.000  0.100
          Probability RMSEA <= .05           0.400

CFI/TLI

          CFI                                0.996
          TLI                                0.992

Chi-Square Test of Model Fit for the Baseline Model

          Value                           1297.093
          Degrees of Freedom                    10
          P-Value                           0.0000

WRMR (Weighted Root Mean Square Residual)

          Value                              0.420



MODEL RESULTS

                                                    Two-Tailed
                    Estimate       S.E.  Est./S.E.    P-Value

 ACTACT   BY
    OPEN96             1.000      0.000    999.000    999.000
    OPEN94             1.069      0.063     16.848      0.000
    OPEN5              0.663      0.056     11.775      0.000
    OPEN71             0.639      0.053     12.131      0.000
    OPEN88             0.559      0.059      9.451      0.000

 Thresholds
    OPEN96$1          -2.540      0.247    -10.300      0.000
    OPEN96$2          -1.799      0.124    -14.510      0.000
    OPEN96$3          -0.980      0.079    -12.429      0.000
    OPEN96$4          -0.213      0.067     -3.208      0.001
    OPEN94$1          -2.288      0.189    -12.101      0.000
    OPEN94$2          -1.620      0.109    -14.807      0.000
    OPEN94$3          -0.824      0.075    -11.018      0.000
    OPEN94$4          -0.003      0.066     -0.053      0.958
    OPEN5$1           -2.774      0.325     -8.538      0.000
    OPEN5$2           -1.403      0.096    -14.624      0.000
    OPEN5$3           -0.278      0.067     -4.153      0.000
    OPEN5$4            0.767      0.074     10.430      0.000
    OPEN71$1          -2.067      0.154    -13.429      0.000
    OPEN71$2          -1.237      0.088    -14.054      0.000
    OPEN71$3          -0.373      0.068     -5.513      0.000
    OPEN71$4           0.456      0.069      6.659      0.000
    OPEN88$1          -1.799      0.124    -14.510      0.000
    OPEN88$2          -1.179      0.086    -13.767      0.000
    OPEN88$3          -0.263      0.067     -3.943      0.000
    OPEN88$4           0.543      0.070      7.797      0.000

 Variances
    ACTACT             0.688      0.051     13.429      0.000


STANDARDIZED MODEL RESULTS


STDYX Standardization

                                                    Two-Tailed
                    Estimate       S.E.  Est./S.E.    P-Value

 ACTACT   BY
    OPEN96             0.829      0.031     26.858      0.000
    OPEN94             0.886      0.027     32.889      0.000
    OPEN5              0.550      0.043     12.703      0.000
    OPEN71             0.530      0.040     13.295      0.000
    OPEN88             0.463      0.049      9.488      0.000

 Thresholds
    OPEN96$1          -2.540      0.247    -10.300      0.000
    OPEN96$2          -1.799      0.124    -14.510      0.000
    OPEN96$3          -0.980      0.079    -12.429      0.000
    OPEN96$4          -0.213      0.067     -3.208      0.001
    OPEN94$1          -2.288      0.189    -12.101      0.000
    OPEN94$2          -1.620      0.109    -14.807      0.000
    OPEN94$3          -0.824      0.075    -11.018      0.000
    OPEN94$4          -0.003      0.066     -0.053      0.958
    OPEN5$1           -2.774      0.325     -8.538      0.000
    OPEN5$2           -1.403      0.096    -14.624      0.000
    OPEN5$3           -0.278      0.067     -4.153      0.000
    OPEN5$4            0.767      0.074     10.430      0.000
    OPEN71$1          -2.067      0.154    -13.429      0.000
    OPEN71$2          -1.237      0.088    -14.054      0.000
    OPEN71$3          -0.373      0.068     -5.513      0.000
    OPEN71$4           0.456      0.069      6.659      0.000
    OPEN88$1          -1.799      0.124    -14.510      0.000
    OPEN88$2          -1.179      0.086    -13.767      0.000
    OPEN88$3          -0.263      0.067     -3.943      0.000
    OPEN88$4           0.543      0.070      7.797      0.000

 Variances
    ACTACT             1.000      0.000    999.000    999.000


R-SQUARE

    Observed                                        Two-Tailed   Residual
    Variable        Estimate       S.E.  Est./S.E.    P-Value    Variance

    OPEN96             0.688      0.051     13.429      0.000      0.312
    OPEN94             0.785      0.048     16.444      0.000      0.215
    OPEN5              0.303      0.048      6.352      0.000      0.697
    OPEN71             0.280      0.042      6.648      0.000      0.720
    OPEN88             0.215      0.045      4.744      0.000      0.785


QUALITY OF NUMERICAL RESULTS

     Condition Number for the Information Matrix              0.383E-02
       (ratio of smallest to largest eigenvalue)


MODEL MODIFICATION INDICES

NOTE:  Modification indices for direct effects of observed dependent variables
regressed on covariates and residual covariances among observed dependent
variables may not be included.  To include these, request MODINDICES (ALL).

Minimum M.I. value for printing the modification index     4.000

                                   M.I.     E.P.C.  Std E.P.C.  StdYX E.P.C.

No modification indices above the minimum value.



SAMPLE STATISTICS FOR ESTIMATED FACTOR SCORES


     SAMPLE STATISTICS


           Means
              ACTACT
              ________
 1             -0.029


           Covariances
              ACTACT
              ________
 ACTACT         0.491


           Correlations
              ACTACT
              ________
 ACTACT         1.000


SAVEDATA INFORMATION


  Save file
    o2.txt

  Order and format of variables

    OPEN96         F10.3
    OPEN94         F10.3
    OPEN5          F10.3
    OPEN71         F10.3
    OPEN88         F10.3
    ACTACT         F10.3

  Save file format
    6F10.3

  Save file record length    10000


DIAGRAM INFORMATION

  Use View Diagram under the Diagram menu in the Mplus Editor to view the diagram.
  If running Mplus from the Mplus Diagrammer, the diagram opens automatically.

  Diagram output
    f:\ipip paper\sample_usa\cfa\openness\5 items\cfa openness - openness to actions and activities_

     Beginning Time:  14:21:19
        Ending Time:  14:21:19
       Elapsed Time:  00:00:00



MUTHEN & MUTHEN
3463 Stoner Ave.
Los Angeles, CA  90066

Tel: (310) 391-9971
Fax: (310) 391-8971
Web: www.StatModel.com
Support: Support@StatModel.com

Copyright (c) 1998-2013 Muthen & Muthen
