Mplus VERSION 7.1
MUTHEN & MUTHEN
06/02/2015   2:10 PM

INPUT INSTRUCTIONS

  TITLE:

  DATA:
  FILE IS  "ARI Data 2009_Neuroticism CFA sample.txt";
  Variable:
  Names are
  respid
  n40
  n57
  n28
  n25
  n53
  n113
  n44
  n83
  n51
  n127
  n61
  n32
  n156
  n63
  n118
  n147
  n46
  n71
  n49
  n84
  n104
  n141
  n128
  n43
  n119
  n30
  n38
  n11
  n16
  n93
  n102
  n112
  n136
  n22
  n131
  n135
  n8
  n24
  n54
  n89
  n158
  n140
  n96
  n31
  n111
  n10
  n152
  n68
  n77
  n149
  n100
  n29
  n125
  n9
  n14
  n121
  n13
  n91
  n122
  n105
  n115
  n17
  n80
  n23
  n148
  n67
  n5
  n109
  n34
  n4
  n120
  n60
  n124
  n18
  n137
  n2
  n65
  n151
  n117
  n1
  n37
  n154
  n87
  n45
  n86
  n130
  n110
  n85
  n143
  n56
  n36
  n66
  n134
  n50
  n114
  n47
  n52
  n98
  n15
  n58
  n70
  n59
  n75
  n116
  n35
  n88
  n79
  n69
  n82
  n144
  n157
  n55
  n138
  n73
  n33
  n90
  n107
  n81
  Filter
  filter_
  ;

  USEVARIABLES ARE
  n66
  n152
  n88
  n65
  n57
  ;

  MISSING ARE ALL (-99);
  categorical are all;

  Model:

  depress by	
  n66
  n152
  n88
  n65
  n57
  ;

  Savedata:
  file is n2.txt;
  save = fscores;

  Analysis:
  ESTIMATOR IS WLSMV;

  OUTPUT: STDYX MODINDICES(4)
  ;



*** WARNING
  Data set contains cases with missing on all variables.
  These cases were not included in the analysis.
  Number of cases with missing on all variables:  2
   1 WARNING(S) FOUND IN THE INPUT INSTRUCTIONS




SUMMARY OF ANALYSIS

Number of groups                                                 1
Number of observations                                         361

Number of dependent variables                                    5
Number of independent variables                                  0
Number of continuous latent variables                            1

Observed dependent variables

  Binary and ordered categorical (ordinal)
   N66         N152        N88         N65         N57

Continuous latent variables
   DEPRESS


Estimator                                                    WLSMV
Maximum number of iterations                                  1000
Convergence criterion                                    0.500D-04
Maximum number of steepest descent iterations                   20
Maximum number of iterations for H1                           2000
Convergence criterion for H1                             0.100D-03
Parameterization                                             DELTA

Input data file(s)
  ARI Data 2009_Neuroticism CFA sample.txt

Input data format  FREE


SUMMARY OF DATA

     Number of missing data patterns             1


COVARIANCE COVERAGE OF DATA

Minimum covariance coverage value   0.100


     PROPORTION OF DATA PRESENT


           Covariance Coverage
              N66           N152          N88           N65           N57
              ________      ________      ________      ________      ________
 N66            1.000
 N152           1.000         1.000
 N88            1.000         1.000         1.000
 N65            1.000         1.000         1.000         1.000
 N57            1.000         1.000         1.000         1.000         1.000


UNIVARIATE PROPORTIONS AND COUNTS FOR CATEGORICAL VARIABLES

    N66
      Category 1    0.216       78.000
      Category 2    0.413      149.000
      Category 3    0.249       90.000
      Category 4    0.100       36.000
      Category 5    0.022        8.000
    N152
      Category 1    0.571      206.000
      Category 2    0.247       89.000
      Category 3    0.133       48.000
      Category 4    0.030       11.000
      Category 5    0.019        7.000
    N88
      Category 1    0.488      176.000
      Category 2    0.330      119.000
      Category 3    0.139       50.000
      Category 4    0.028       10.000
      Category 5    0.017        6.000
    N65
      Category 1    0.213       77.000
      Category 2    0.313      113.000
      Category 3    0.277      100.000
      Category 4    0.116       42.000
      Category 5    0.080       29.000
    N57
      Category 1    0.269       97.000
      Category 2    0.393      142.000
      Category 3    0.238       86.000
      Category 4    0.058       21.000
      Category 5    0.042       15.000



THE MODEL ESTIMATION TERMINATED NORMALLY



MODEL FIT INFORMATION

Number of Free Parameters                       25

Chi-Square Test of Model Fit

          Value                             10.015*
          Degrees of Freedom                     5
          P-Value                           0.0748

*   The chi-square value for MLM, MLMV, MLR, ULSMV, WLSM and WLSMV cannot be used
    for chi-square difference testing in the regular way.  MLM, MLR and WLSM
    chi-square difference testing is described on the Mplus website.  MLMV, WLSMV,
    and ULSMV difference testing is done using the DIFFTEST option.

RMSEA (Root Mean Square Error Of Approximation)

          Estimate                           0.053
          90 Percent C.I.                    0.000  0.100
          Probability RMSEA <= .05           0.397

CFI/TLI

          CFI                                0.994
          TLI                                0.989

Chi-Square Test of Model Fit for the Baseline Model

          Value                            896.930
          Degrees of Freedom                    10
          P-Value                           0.0000

WRMR (Weighted Root Mean Square Residual)

          Value                              0.431



MODEL RESULTS

                                                    Two-Tailed
                    Estimate       S.E.  Est./S.E.    P-Value

 DEPRESS  BY
    N66                1.000      0.000    999.000    999.000
    N152               0.955      0.070     13.709      0.000
    N88                0.886      0.071     12.502      0.000
    N65                1.056      0.068     15.523      0.000
    N57                0.872      0.069     12.699      0.000

 Thresholds
    N66$1             -0.786      0.074    -10.627      0.000
    N66$2              0.329      0.067      4.886      0.000
    N66$3              1.166      0.085     13.691      0.000
    N66$4              2.011      0.147     13.707      0.000
    N152$1             0.178      0.066      2.683      0.007
    N152$2             0.905      0.077     11.783      0.000
    N152$3             1.646      0.111     14.788      0.000
    N152$4             2.067      0.154     13.429      0.000
    N88$1             -0.031      0.066     -0.474      0.636
    N88$2              0.905      0.077     11.783      0.000
    N88$3              1.703      0.116     14.718      0.000
    N88$4              2.129      0.163     13.086      0.000
    N65$1             -0.795      0.074    -10.725      0.000
    N65$2              0.066      0.066      1.000      0.317
    N65$3              0.854      0.075     11.308      0.000
    N65$4              1.403      0.096     14.624      0.000
    N57$1             -0.617      0.071     -8.720      0.000
    N57$2              0.418      0.068      6.139      0.000
    N57$3              1.283      0.090     14.251      0.000
    N57$4              1.733      0.118     14.664      0.000

 Variances
    DEPRESS            0.519      0.051     10.214      0.000


STANDARDIZED MODEL RESULTS


STDYX Standardization

                                                    Two-Tailed
                    Estimate       S.E.  Est./S.E.    P-Value

 DEPRESS  BY
    N66                0.721      0.035     20.429      0.000
    N152               0.689      0.040     17.211      0.000
    N88                0.638      0.043     14.686      0.000
    N65                0.761      0.030     25.620      0.000
    N57                0.628      0.040     15.880      0.000

 Thresholds
    N66$1             -0.786      0.074    -10.627      0.000
    N66$2              0.329      0.067      4.886      0.000
    N66$3              1.166      0.085     13.691      0.000
    N66$4              2.011      0.147     13.707      0.000
    N152$1             0.178      0.066      2.683      0.007
    N152$2             0.905      0.077     11.783      0.000
    N152$3             1.646      0.111     14.788      0.000
    N152$4             2.067      0.154     13.429      0.000
    N88$1             -0.031      0.066     -0.474      0.636
    N88$2              0.905      0.077     11.783      0.000
    N88$3              1.703      0.116     14.718      0.000
    N88$4              2.129      0.163     13.086      0.000
    N65$1             -0.795      0.074    -10.725      0.000
    N65$2              0.066      0.066      1.000      0.317
    N65$3              0.854      0.075     11.308      0.000
    N65$4              1.403      0.096     14.624      0.000
    N57$1             -0.617      0.071     -8.720      0.000
    N57$2              0.418      0.068      6.139      0.000
    N57$3              1.283      0.090     14.251      0.000
    N57$4              1.733      0.118     14.664      0.000

 Variances
    DEPRESS            1.000      0.000    999.000    999.000


R-SQUARE

    Observed                                        Two-Tailed   Residual
    Variable        Estimate       S.E.  Est./S.E.    P-Value    Variance

    N66                0.519      0.051     10.214      0.000      0.481
    N152               0.474      0.055      8.605      0.000      0.526
    N88                0.408      0.056      7.343      0.000      0.592
    N65                0.579      0.045     12.810      0.000      0.421
    N57                0.395      0.050      7.940      0.000      0.605


QUALITY OF NUMERICAL RESULTS

     Condition Number for the Information Matrix              0.832E-02
       (ratio of smallest to largest eigenvalue)


MODEL MODIFICATION INDICES

NOTE:  Modification indices for direct effects of observed dependent variables
regressed on covariates and residual covariances among observed dependent
variables may not be included.  To include these, request MODINDICES (ALL).

Minimum M.I. value for printing the modification index     4.000

                                   M.I.     E.P.C.  Std E.P.C.  StdYX E.P.C.

No modification indices above the minimum value.



SAMPLE STATISTICS FOR ESTIMATED FACTOR SCORES


     SAMPLE STATISTICS


           Means
              DEPRESS
              ________
 1              0.011


           Covariances
              DEPRESS
              ________
 DEPRESS        0.381


           Correlations
              DEPRESS
              ________
 DEPRESS        1.000


SAVEDATA INFORMATION


  Save file
    n2.txt

  Order and format of variables

    N66            F10.3
    N152           F10.3
    N88            F10.3
    N65            F10.3
    N57            F10.3
    DEPRESS        F10.3

  Save file format
    6F10.3

  Save file record length    10000


DIAGRAM INFORMATION

  Use View Diagram under the Diagram menu in the Mplus Editor to view the diagram.
  If running Mplus from the Mplus Diagrammer, the diagram opens automatically.

  Diagram output
    f:\ipip paper\sample_usa\cfa\neuroticism\5 items\cfa neuroticism - depression_5 items.dgm

     Beginning Time:  14:10:49
        Ending Time:  14:10:49
       Elapsed Time:  00:00:00



MUTHEN & MUTHEN
3463 Stoner Ave.
Los Angeles, CA  90066

Tel: (310) 391-9971
Fax: (310) 391-8971
Web: www.StatModel.com
Support: Support@StatModel.com

Copyright (c) 1998-2013 Muthen & Muthen
