Mplus VERSION 7.1
MUTHEN & MUTHEN
06/02/2015   2:19 PM

INPUT INSTRUCTIONS

  TITLE:

  DATA:
  FILE IS  "ARI Data 2009_Openness CFA Sample.txt";
  Variable:
  Names are
  respid
  open145
  open42
  open10
  open15
  open134
  open900
  open109
  open88
  open46
  open1
  open99
  open11
  open116
  open4
  open112
  open40
  open9
  open13
  open118
  open121
  open151
  open90
  open5
  open87
  open30
  open146
  open43
  open139
  open3
  open48
  open22
  open125
  open60
  open32
  open49
  open12
  open106
  open96
  open111
  open130
  open133
  open19
  open104
  open135
  open80
  open143
  open115
  open59
  open78
  open75
  open102
  open107
  open76
  open94
  open71
  open7
  open44
  open21
  open105
  open18
  open113
  open148
  open64
  open50
  open89
  open110
  open152
  open129
  open8
  open53
  open63
  open66
  open27
  open83
  open95
  open70
  open86
  open85
  open136
  open16
  open29
  open25
  open147
  open144
  open72
  open140
  open55
  open61
  open56
  open58
  open901
  open37
  open74
  open91
  open97
  open93
  open67
  open20
  open17
  open127
  open2
  open124
  open114
  open6
  open28
  open92
  open132
  open77
  open45
  open31
  open35
  Filter
  filter_
  ;

  USEVARIABLES ARE
  open148
  open97
  open64
  open40
  open15
  ;

  MISSING ARE ALL (-99);
  categorical are all;

  Model:
  lovol by
  open148
  open97
  open64
  open40
  open15
  ;

  Savedata:
  file is o7.txt;
  save = fscores;

  Analysis:
  ESTIMATOR IS WLSMV;

  OUTPUT: STDYX MODINDICES(4);



*** WARNING
  Data set contains cases with missing on all variables.
  These cases were not included in the analysis.
  Number of cases with missing on all variables:  2
   1 WARNING(S) FOUND IN THE INPUT INSTRUCTIONS




SUMMARY OF ANALYSIS

Number of groups                                                 1
Number of observations                                         361

Number of dependent variables                                    5
Number of independent variables                                  0
Number of continuous latent variables                            1

Observed dependent variables

  Binary and ordered categorical (ordinal)
   OPEN148     OPEN97      OPEN64      OPEN40      OPEN15

Continuous latent variables
   LOVOL


Estimator                                                    WLSMV
Maximum number of iterations                                  1000
Convergence criterion                                    0.500D-04
Maximum number of steepest descent iterations                   20
Maximum number of iterations for H1                           2000
Convergence criterion for H1                             0.100D-03
Parameterization                                             DELTA

Input data file(s)
  ARI Data 2009_Openness CFA Sample.txt

Input data format  FREE


SUMMARY OF DATA

     Number of missing data patterns             1


COVARIANCE COVERAGE OF DATA

Minimum covariance coverage value   0.100


     PROPORTION OF DATA PRESENT


           Covariance Coverage
              OPEN148       OPEN97        OPEN64        OPEN40        OPEN15
              ________      ________      ________      ________      ________
 OPEN148        1.000
 OPEN97         1.000         1.000
 OPEN64         1.000         1.000         1.000
 OPEN40         1.000         1.000         1.000         1.000
 OPEN15         1.000         1.000         1.000         1.000         1.000


UNIVARIATE PROPORTIONS AND COUNTS FOR CATEGORICAL VARIABLES

    OPEN148
      Category 1    0.003        1.000
      Category 2    0.011        4.000
      Category 3    0.127       46.000
      Category 4    0.349      126.000
      Category 5    0.510      184.000
    OPEN97
      Category 1    0.014        5.000
      Category 2    0.025        9.000
      Category 3    0.183       66.000
      Category 4    0.343      124.000
      Category 5    0.435      157.000
    OPEN64
      Category 1    0.003        1.000
      Category 2    0.039       14.000
      Category 3    0.205       74.000
      Category 4    0.366      132.000
      Category 5    0.388      140.000
    OPEN40
      Category 1    0.424      153.000
      Category 2    0.377      136.000
      Category 3    0.152       55.000
      Category 4    0.030       11.000
      Category 5    0.017        6.000
    OPEN15
      Category 1    0.003        1.000
      Category 2    0.039       14.000
      Category 3    0.310      112.000
      Category 4    0.346      125.000
      Category 5    0.302      109.000



THE MODEL ESTIMATION TERMINATED NORMALLY



MODEL FIT INFORMATION

Number of Free Parameters                       25

Chi-Square Test of Model Fit

          Value                              8.032*
          Degrees of Freedom                     5
          P-Value                           0.1545

*   The chi-square value for MLM, MLMV, MLR, ULSMV, WLSM and WLSMV cannot be used
    for chi-square difference testing in the regular way.  MLM, MLR and WLSM
    chi-square difference testing is described on the Mplus website.  MLMV, WLSMV,
    and ULSMV difference testing is done using the DIFFTEST option.

RMSEA (Root Mean Square Error Of Approximation)

          Estimate                           0.041
          90 Percent C.I.                    0.000  0.091
          Probability RMSEA <= .05           0.547

CFI/TLI

          CFI                                0.998
          TLI                                0.996

Chi-Square Test of Model Fit for the Baseline Model

          Value                           1535.908
          Degrees of Freedom                    10
          P-Value                           0.0000

WRMR (Weighted Root Mean Square Residual)

          Value                              0.337



MODEL RESULTS

                                                    Two-Tailed
                    Estimate       S.E.  Est./S.E.    P-Value

 LOVOL    BY
    OPEN148            1.000      0.000    999.000    999.000
    OPEN97             0.833      0.045     18.476      0.000
    OPEN64             0.795      0.043     18.468      0.000
    OPEN40            -0.676      0.049    -13.932      0.000
    OPEN15             0.819      0.039     20.798      0.000

 Thresholds
    OPEN148$1         -2.774      0.325     -8.538      0.000
    OPEN148$2         -2.201      0.174    -12.655      0.000
    OPEN148$3         -1.075      0.082    -13.128      0.000
    OPEN148$4         -0.024      0.066     -0.368      0.713
    OPEN97$1          -2.201      0.174    -12.655      0.000
    OPEN97$2          -1.765      0.121    -14.596      0.000
    OPEN97$3          -0.767      0.074    -10.430      0.000
    OPEN97$4           0.164      0.066      2.473      0.013
    OPEN64$1          -2.774      0.325     -8.538      0.000
    OPEN64$2          -1.733      0.118    -14.664      0.000
    OPEN64$3          -0.685      0.072     -9.531      0.000
    OPEN64$4           0.285      0.067      4.258      0.000
    OPEN40$1          -0.192      0.066     -2.893      0.004
    OPEN40$2           0.844      0.075     11.211      0.000
    OPEN40$3           1.674      0.113     14.758      0.000
    OPEN40$4           2.129      0.163     13.086      0.000
    OPEN15$1          -2.774      0.325     -8.538      0.000
    OPEN15$2          -1.733      0.118    -14.664      0.000
    OPEN15$3          -0.380      0.068     -5.617      0.000
    OPEN15$4           0.519      0.069      7.487      0.000

 Variances
    LOVOL              0.800      0.046     17.294      0.000


STANDARDIZED MODEL RESULTS


STDYX Standardization

                                                    Two-Tailed
                    Estimate       S.E.  Est./S.E.    P-Value

 LOVOL    BY
    OPEN148            0.894      0.026     34.588      0.000
    OPEN97             0.745      0.032     23.110      0.000
    OPEN64             0.711      0.033     21.514      0.000
    OPEN40            -0.605      0.039    -15.669      0.000
    OPEN15             0.732      0.028     26.008      0.000

 Thresholds
    OPEN148$1         -2.774      0.325     -8.538      0.000
    OPEN148$2         -2.201      0.174    -12.655      0.000
    OPEN148$3         -1.075      0.082    -13.128      0.000
    OPEN148$4         -0.024      0.066     -0.368      0.713
    OPEN97$1          -2.201      0.174    -12.655      0.000
    OPEN97$2          -1.765      0.121    -14.596      0.000
    OPEN97$3          -0.767      0.074    -10.430      0.000
    OPEN97$4           0.164      0.066      2.473      0.013
    OPEN64$1          -2.774      0.325     -8.538      0.000
    OPEN64$2          -1.733      0.118    -14.664      0.000
    OPEN64$3          -0.685      0.072     -9.531      0.000
    OPEN64$4           0.285      0.067      4.258      0.000
    OPEN40$1          -0.192      0.066     -2.893      0.004
    OPEN40$2           0.844      0.075     11.211      0.000
    OPEN40$3           1.674      0.113     14.758      0.000
    OPEN40$4           2.129      0.163     13.086      0.000
    OPEN15$1          -2.774      0.325     -8.538      0.000
    OPEN15$2          -1.733      0.118    -14.664      0.000
    OPEN15$3          -0.380      0.068     -5.617      0.000
    OPEN15$4           0.519      0.069      7.487      0.000

 Variances
    LOVOL              1.000      0.000    999.000    999.000


R-SQUARE

    Observed                                        Two-Tailed   Residual
    Variable        Estimate       S.E.  Est./S.E.    P-Value    Variance

    OPEN148            0.800      0.046     17.294      0.000      0.200
    OPEN97             0.555      0.048     11.555      0.000      0.445
    OPEN64             0.506      0.047     10.757      0.000      0.494
    OPEN40             0.366      0.047      7.835      0.000      0.634
    OPEN15             0.536      0.041     13.004      0.000      0.464


QUALITY OF NUMERICAL RESULTS

     Condition Number for the Information Matrix              0.355E-02
       (ratio of smallest to largest eigenvalue)


MODEL MODIFICATION INDICES

NOTE:  Modification indices for direct effects of observed dependent variables
regressed on covariates and residual covariances among observed dependent
variables may not be included.  To include these, request MODINDICES (ALL).

Minimum M.I. value for printing the modification index     4.000

                                   M.I.     E.P.C.  Std E.P.C.  StdYX E.P.C.

No modification indices above the minimum value.



SAMPLE STATISTICS FOR ESTIMATED FACTOR SCORES


     SAMPLE STATISTICS


           Means
              LOVOL
              ________
 1             -0.020


           Covariances
              LOVOL
              ________
 LOVOL          0.610


           Correlations
              LOVOL
              ________
 LOVOL          1.000


SAVEDATA INFORMATION


  Save file
    o7.txt

  Order and format of variables

    OPEN148        F10.3
    OPEN97         F10.3
    OPEN64         F10.3
    OPEN40         F10.3
    OPEN15         F10.3
    LOVOL          F10.3

  Save file format
    6F10.3

  Save file record length    10000


DIAGRAM INFORMATION

  Use View Diagram under the Diagram menu in the Mplus Editor to view the diagram.
  If running Mplus from the Mplus Diagrammer, the diagram opens automatically.

  Diagram output
    f:\ipip paper\sample_usa\cfa\openness\5 items\cfa openness - love of learning_5 items.dgm

     Beginning Time:  14:19:48
        Ending Time:  14:19:49
       Elapsed Time:  00:00:01



MUTHEN & MUTHEN
3463 Stoner Ave.
Los Angeles, CA  90066

Tel: (310) 391-9971
Fax: (310) 391-8971
Web: www.StatModel.com
Support: Support@StatModel.com

Copyright (c) 1998-2013 Muthen & Muthen
