Mplus VERSION 7.1
MUTHEN & MUTHEN
06/02/2015   2:01 PM

INPUT INSTRUCTIONS

  TITLE:

  DATA:
  FILE IS  "extraversion CFA Sample.txt";
  Variable:
  Names are
  respid
  e174
  e327
  e276
  e197
  e58
  e294
  e4
  e166
  e316
  e131
  e228
  e98
  e290
  e288
  e196
  e32
  e123
  e102
  e125
  e112
  e103
  e60
  e306
  e182
  e235
  e40
  e95
  e19
  e242
  e259
  e231
  e164
  e341
  e245
  e28
  e217
  e280
  e238
  e229
  e56
  e311
  e80
  e257
  e49
  e130
  e304
  e255
  e286
  e329
  e24
  e335
  e83
  e208
  e260
  e315
  e29
  e277
  e31
  e139
  e220
  e142
  e34
  e84
  e216
  e124
  e274
  e219
  e57
  e30
  e158
  e99
  e214
  e207
  e132
  e232
  e241
  e55
  e322
  e118
  e233
  e191
  Filter
  filter_
  ;

  USEVARIABLES ARE
  e99
  e123
  e29
  e341
  e28
  ;

  categorical are all;
  MISSING ARE ALL (-99);

  Model:
  social  BY
  e99
  e123
  e29
  e341
  e28
  ;

  savedata:
  file is e8.txt;
  save = fscores;

  Analysis:
  ESTIMATOR IS WLSMV;

  OUTPUT: STDYX MODINDICES(1);



*** WARNING
  Data set contains cases with missing on all variables.
  These cases were not included in the analysis.
  Number of cases with missing on all variables:  2
   1 WARNING(S) FOUND IN THE INPUT INSTRUCTIONS




SUMMARY OF ANALYSIS

Number of groups                                                 1
Number of observations                                         361

Number of dependent variables                                    5
Number of independent variables                                  0
Number of continuous latent variables                            1

Observed dependent variables

  Binary and ordered categorical (ordinal)
   E99         E123        E29         E341        E28

Continuous latent variables
   SOCIAL


Estimator                                                    WLSMV
Maximum number of iterations                                  1000
Convergence criterion                                    0.500D-04
Maximum number of steepest descent iterations                   20
Maximum number of iterations for H1                           2000
Convergence criterion for H1                             0.100D-03
Parameterization                                             DELTA

Input data file(s)
  extraversion CFA Sample.txt

Input data format  FREE


SUMMARY OF DATA

     Number of missing data patterns             1


COVARIANCE COVERAGE OF DATA

Minimum covariance coverage value   0.100


     PROPORTION OF DATA PRESENT


           Covariance Coverage
              E99           E123          E29           E341          E28
              ________      ________      ________      ________      ________
 E99            1.000
 E123           1.000         1.000
 E29            1.000         1.000         1.000
 E341           1.000         1.000         1.000         1.000
 E28            1.000         1.000         1.000         1.000         1.000


UNIVARIATE PROPORTIONS AND COUNTS FOR CATEGORICAL VARIABLES

    E99
      Category 1    0.022        8.000
      Category 2    0.094       34.000
      Category 3    0.255       92.000
      Category 4    0.402      145.000
      Category 5    0.227       82.000
    E123
      Category 1    0.030       11.000
      Category 2    0.105       38.000
      Category 3    0.363      131.000
      Category 4    0.338      122.000
      Category 5    0.163       59.000
    E29
      Category 1    0.053       19.000
      Category 2    0.205       74.000
      Category 3    0.305      110.000
      Category 4    0.335      121.000
      Category 5    0.102       37.000
    E341
      Category 1    0.044       16.000
      Category 2    0.119       43.000
      Category 3    0.346      125.000
      Category 4    0.313      113.000
      Category 5    0.177       64.000
    E28
      Category 1    0.019        7.000
      Category 2    0.080       29.000
      Category 3    0.360      130.000
      Category 4    0.399      144.000
      Category 5    0.141       51.000



THE MODEL ESTIMATION TERMINATED NORMALLY



MODEL FIT INFORMATION

Number of Free Parameters                       25

Chi-Square Test of Model Fit

          Value                             14.890*
          Degrees of Freedom                     5
          P-Value                           0.0108

*   The chi-square value for MLM, MLMV, MLR, ULSMV, WLSM and WLSMV cannot be used
    for chi-square difference testing in the regular way.  MLM, MLR and WLSM
    chi-square difference testing is described on the Mplus website.  MLMV, WLSMV,
    and ULSMV difference testing is done using the DIFFTEST option.

RMSEA (Root Mean Square Error Of Approximation)

          Estimate                           0.074
          90 Percent C.I.                    0.032  0.119
          Probability RMSEA <= .05           0.150

CFI/TLI

          CFI                                0.983
          TLI                                0.966

Chi-Square Test of Model Fit for the Baseline Model

          Value                            596.791
          Degrees of Freedom                    10
          P-Value                           0.0000

WRMR (Weighted Root Mean Square Residual)

          Value                              0.542



MODEL RESULTS

                                                    Two-Tailed
                    Estimate       S.E.  Est./S.E.    P-Value

 SOCIAL   BY
    E99                1.000      0.000    999.000    999.000
    E123               0.754      0.074     10.239      0.000
    E29                0.700      0.077      9.093      0.000
    E341               1.028      0.093     11.062      0.000
    E28                0.696      0.075      9.218      0.000

 Thresholds
    E99$1             -2.011      0.147    -13.707      0.000
    E99$2             -1.193      0.086    -13.841      0.000
    E99$3             -0.329      0.067     -4.886      0.000
    E99$4              0.748      0.073     10.231      0.000
    E123$1            -1.874      0.131    -14.278      0.000
    E123$2            -1.100      0.083    -13.294      0.000
    E123$3            -0.003      0.066     -0.053      0.958
    E123$4             0.980      0.079     12.429      0.000
    E29$1             -1.620      0.109    -14.807      0.000
    E29$2             -0.651      0.071     -9.126      0.000
    E29$3              0.157      0.066      2.368      0.018
    E29$4              1.267      0.089     14.187      0.000
    E341$1            -1.703      0.116    -14.718      0.000
    E341$2            -0.980      0.079    -12.429      0.000
    E341$3             0.024      0.066      0.368      0.713
    E341$4             0.926      0.077     11.970      0.000
    E28$1             -2.067      0.154    -13.429      0.000
    E28$2             -1.283      0.090    -14.251      0.000
    E28$3             -0.101      0.066     -1.526      0.127
    E28$4              1.075      0.082     13.128      0.000

 Variances
    SOCIAL             0.522      0.062      8.469      0.000


STANDARDIZED MODEL RESULTS


STDYX Standardization

                                                    Two-Tailed
                    Estimate       S.E.  Est./S.E.    P-Value

 SOCIAL   BY
    E99                0.723      0.043     16.937      0.000
    E123               0.545      0.042     12.864      0.000
    E29                0.506      0.046     10.929      0.000
    E341               0.743      0.039     19.012      0.000
    E28                0.503      0.046     10.912      0.000

 Thresholds
    E99$1             -2.011      0.147    -13.707      0.000
    E99$2             -1.193      0.086    -13.841      0.000
    E99$3             -0.329      0.067     -4.886      0.000
    E99$4              0.748      0.073     10.231      0.000
    E123$1            -1.874      0.131    -14.278      0.000
    E123$2            -1.100      0.083    -13.294      0.000
    E123$3            -0.003      0.066     -0.053      0.958
    E123$4             0.980      0.079     12.429      0.000
    E29$1             -1.620      0.109    -14.807      0.000
    E29$2             -0.651      0.071     -9.126      0.000
    E29$3              0.157      0.066      2.368      0.018
    E29$4              1.267      0.089     14.187      0.000
    E341$1            -1.703      0.116    -14.718      0.000
    E341$2            -0.980      0.079    -12.429      0.000
    E341$3             0.024      0.066      0.368      0.713
    E341$4             0.926      0.077     11.970      0.000
    E28$1             -2.067      0.154    -13.429      0.000
    E28$2             -1.283      0.090    -14.251      0.000
    E28$3             -0.101      0.066     -1.526      0.127
    E28$4              1.075      0.082     13.128      0.000

 Variances
    SOCIAL             1.000      0.000    999.000    999.000


R-SQUARE

    Observed                                        Two-Tailed   Residual
    Variable        Estimate       S.E.  Est./S.E.    P-Value    Variance

    E99                0.522      0.062      8.469      0.000      0.478
    E123               0.297      0.046      6.432      0.000      0.703
    E29                0.256      0.047      5.465      0.000      0.744
    E341               0.552      0.058      9.506      0.000      0.448
    E28                0.253      0.046      5.456      0.000      0.747


QUALITY OF NUMERICAL RESULTS

     Condition Number for the Information Matrix              0.137E-01
       (ratio of smallest to largest eigenvalue)


MODEL MODIFICATION INDICES

NOTE:  Modification indices for direct effects of observed dependent variables
regressed on covariates and residual covariances among observed dependent
variables may not be included.  To include these, request MODINDICES (ALL).

Minimum M.I. value for printing the modification index     1.000

                                   M.I.     E.P.C.  Std E.P.C.  StdYX E.P.C.

No modification indices above the minimum value.



SAMPLE STATISTICS FOR ESTIMATED FACTOR SCORES


     SAMPLE STATISTICS


           Means
              SOCIAL
              ________
 1             -0.003


           Covariances
              SOCIAL
              ________
 SOCIAL         0.377


           Correlations
              SOCIAL
              ________
 SOCIAL         1.000


SAVEDATA INFORMATION


  Save file
    e8.txt

  Order and format of variables

    E99            F10.3
    E123           F10.3
    E29            F10.3
    E341           F10.3
    E28            F10.3
    SOCIAL         F10.3

  Save file format
    6F10.3

  Save file record length    10000


DIAGRAM INFORMATION

  Use View Diagram under the Diagram menu in the Mplus Editor to view the diagram.
  If running Mplus from the Mplus Diagrammer, the diagram opens automatically.

  Diagram output
    f:\ipip paper\sample_usa\cfa\extraversion\5 items\extraversion cfa sample - sociability gregario

     Beginning Time:  14:01:46
        Ending Time:  14:01:46
       Elapsed Time:  00:00:00



MUTHEN & MUTHEN
3463 Stoner Ave.
Los Angeles, CA  90066

Tel: (310) 391-9971
Fax: (310) 391-8971
Web: www.StatModel.com
Support: Support@StatModel.com

Copyright (c) 1998-2013 Muthen & Muthen
