Mplus VERSION 7.1
MUTHEN & MUTHEN
06/02/2015   2:01 PM

INPUT INSTRUCTIONS

  TITLE:

  DATA:
  FILE IS  "extraversion CFA Sample.txt";
  Variable:
  Names are
  respid
  e174
  e327
  e276
  e197
  e58
  e294
  e4
  e166
  e316
  e131
  e228
  e98
  e290
  e288
  e196
  e32
  e123
  e102
  e125
  e112
  e103
  e60
  e306
  e182
  e235
  e40
  e95
  e19
  e242
  e259
  e231
  e164
  e341
  e245
  e28
  e217
  e280
  e238
  e229
  e56
  e311
  e80
  e257
  e49
  e130
  e304
  e255
  e286
  e329
  e24
  e335
  e83
  e208
  e260
  e315
  e29
  e277
  e31
  e139
  e220
  e142
  e34
  e84
  e216
  e124
  e274
  e219
  e57
  e30
  e158
  e99
  e214
  e207
  e132
  e232
  e241
  e55
  e322
  e118
  e233
  e191
  Filter
  filter_
  ;

  USEVARIABLES ARE
  e40
  e294
  e255
  e124
  e142
  ;

  categorical are all;
  MISSING ARE ALL (-99);

  Model:
  shy  BY
  e40
  e294
  e255
  e124
  e142
  ;

  savedata:
  file is e1.txt;
  save = fscores;

  Analysis:
  ESTIMATOR IS WLSMV;

  OUTPUT: STDYX MODINDICES(1);



*** WARNING
  Data set contains cases with missing on all variables.
  These cases were not included in the analysis.
  Number of cases with missing on all variables:  2
   1 WARNING(S) FOUND IN THE INPUT INSTRUCTIONS




SUMMARY OF ANALYSIS

Number of groups                                                 1
Number of observations                                         361

Number of dependent variables                                    5
Number of independent variables                                  0
Number of continuous latent variables                            1

Observed dependent variables

  Binary and ordered categorical (ordinal)
   E40         E294        E255        E124        E142

Continuous latent variables
   SHY


Estimator                                                    WLSMV
Maximum number of iterations                                  1000
Convergence criterion                                    0.500D-04
Maximum number of steepest descent iterations                   20
Maximum number of iterations for H1                           2000
Convergence criterion for H1                             0.100D-03
Parameterization                                             DELTA

Input data file(s)
  extraversion CFA Sample.txt

Input data format  FREE


SUMMARY OF DATA

     Number of missing data patterns             1


COVARIANCE COVERAGE OF DATA

Minimum covariance coverage value   0.100


     PROPORTION OF DATA PRESENT


           Covariance Coverage
              E40           E294          E255          E124          E142
              ________      ________      ________      ________      ________
 E40            1.000
 E294           1.000         1.000
 E255           1.000         1.000         1.000
 E124           1.000         1.000         1.000         1.000
 E142           1.000         1.000         1.000         1.000         1.000


UNIVARIATE PROPORTIONS AND COUNTS FOR CATEGORICAL VARIABLES

    E40
      Category 1    0.072       26.000
      Category 2    0.224       81.000
      Category 3    0.371      134.000
      Category 4    0.199       72.000
      Category 5    0.133       48.000
    E294
      Category 1    0.030       11.000
      Category 2    0.130       47.000
      Category 3    0.341      123.000
      Category 4    0.349      126.000
      Category 5    0.150       54.000
    E255
      Category 1    0.069       25.000
      Category 2    0.355      128.000
      Category 3    0.355      128.000
      Category 4    0.155       56.000
      Category 5    0.066       24.000
    E124
      Category 1    0.019        7.000
      Category 2    0.080       29.000
      Category 3    0.294      106.000
      Category 4    0.363      131.000
      Category 5    0.244       88.000
    E142
      Category 1    0.202       73.000
      Category 2    0.299      108.000
      Category 3    0.307      111.000
      Category 4    0.133       48.000
      Category 5    0.058       21.000



THE MODEL ESTIMATION TERMINATED NORMALLY



MODEL FIT INFORMATION

Number of Free Parameters                       25

Chi-Square Test of Model Fit

          Value                             13.271*
          Degrees of Freedom                     5
          P-Value                           0.0210

*   The chi-square value for MLM, MLMV, MLR, ULSMV, WLSM and WLSMV cannot be used
    for chi-square difference testing in the regular way.  MLM, MLR and WLSM
    chi-square difference testing is described on the Mplus website.  MLMV, WLSMV,
    and ULSMV difference testing is done using the DIFFTEST option.

RMSEA (Root Mean Square Error Of Approximation)

          Estimate                           0.068
          90 Percent C.I.                    0.024  0.113
          Probability RMSEA <= .05           0.212

CFI/TLI

          CFI                                0.986
          TLI                                0.973

Chi-Square Test of Model Fit for the Baseline Model

          Value                            618.209
          Degrees of Freedom                    10
          P-Value                           0.0000

WRMR (Weighted Root Mean Square Residual)

          Value                              0.489



MODEL RESULTS

                                                    Two-Tailed
                    Estimate       S.E.  Est./S.E.    P-Value

 SHY      BY
    E40                1.000      0.000    999.000    999.000
    E294              -1.236      0.109    -11.330      0.000
    E255               0.703      0.092      7.664      0.000
    E124              -1.204      0.101    -11.934      0.000
    E142               0.615      0.093      6.612      0.000

 Thresholds
    E40$1             -1.461      0.099    -14.735      0.000
    E40$2             -0.535      0.070     -7.694      0.000
    E40$3              0.433      0.068      6.347      0.000
    E40$4              1.112      0.083     13.376      0.000
    E294$1            -1.874      0.131    -14.278      0.000
    E294$2            -0.992      0.079    -12.519      0.000
    E294$3             0.003      0.066      0.053      0.958
    E294$4             1.038      0.081     12.872      0.000
    E255$1            -1.481      0.100    -14.763      0.000
    E255$2            -0.192      0.066     -2.893      0.004
    E255$3             0.767      0.074     10.430      0.000
    E255$4             1.503      0.102     14.786      0.000
    E124$1            -2.067      0.154    -13.429      0.000
    E124$2            -1.283      0.090    -14.251      0.000
    E124$3            -0.271      0.067     -4.048      0.000
    E124$4             0.694      0.072      9.632      0.000
    E142$1            -0.834      0.075    -11.115      0.000
    E142$2             0.003      0.066      0.053      0.958
    E142$3             0.874      0.076     11.499      0.000
    E142$4             1.570      0.106     14.820      0.000

 Variances
    SHY                0.383      0.054      7.135      0.000


STANDARDIZED MODEL RESULTS


STDYX Standardization

                                                    Two-Tailed
                    Estimate       S.E.  Est./S.E.    P-Value

 SHY      BY
    E40                0.618      0.043     14.269      0.000
    E294              -0.765      0.034    -22.297      0.000
    E255               0.435      0.048      9.078      0.000
    E124              -0.745      0.036    -20.850      0.000
    E142               0.380      0.052      7.292      0.000

 Thresholds
    E40$1             -1.461      0.099    -14.735      0.000
    E40$2             -0.535      0.070     -7.694      0.000
    E40$3              0.433      0.068      6.347      0.000
    E40$4              1.112      0.083     13.376      0.000
    E294$1            -1.874      0.131    -14.278      0.000
    E294$2            -0.992      0.079    -12.519      0.000
    E294$3             0.003      0.066      0.053      0.958
    E294$4             1.038      0.081     12.872      0.000
    E255$1            -1.481      0.100    -14.763      0.000
    E255$2            -0.192      0.066     -2.893      0.004
    E255$3             0.767      0.074     10.430      0.000
    E255$4             1.503      0.102     14.786      0.000
    E124$1            -2.067      0.154    -13.429      0.000
    E124$2            -1.283      0.090    -14.251      0.000
    E124$3            -0.271      0.067     -4.048      0.000
    E124$4             0.694      0.072      9.632      0.000
    E142$1            -0.834      0.075    -11.115      0.000
    E142$2             0.003      0.066      0.053      0.958
    E142$3             0.874      0.076     11.499      0.000
    E142$4             1.570      0.106     14.820      0.000

 Variances
    SHY                1.000      0.000    999.000    999.000


R-SQUARE

    Observed                                        Two-Tailed   Residual
    Variable        Estimate       S.E.  Est./S.E.    P-Value    Variance

    E40                0.383      0.054      7.135      0.000      0.617
    E294               0.585      0.052     11.149      0.000      0.415
    E255               0.189      0.042      4.539      0.000      0.811
    E124               0.555      0.053     10.425      0.000      0.445
    E142               0.145      0.040      3.646      0.000      0.855


QUALITY OF NUMERICAL RESULTS

     Condition Number for the Information Matrix              0.779E-02
       (ratio of smallest to largest eigenvalue)


MODEL MODIFICATION INDICES

NOTE:  Modification indices for direct effects of observed dependent variables
regressed on covariates and residual covariances among observed dependent
variables may not be included.  To include these, request MODINDICES (ALL).

Minimum M.I. value for printing the modification index     1.000

                                   M.I.     E.P.C.  Std E.P.C.  StdYX E.P.C.

No modification indices above the minimum value.



SAMPLE STATISTICS FOR ESTIMATED FACTOR SCORES


     SAMPLE STATISTICS


           Means
              SHY
              ________
 1              0.003


           Covariances
              SHY
              ________
 SHY            0.279


           Correlations
              SHY
              ________
 SHY            1.000


SAVEDATA INFORMATION


  Save file
    e1.txt

  Order and format of variables

    E40            F10.3
    E294           F10.3
    E255           F10.3
    E124           F10.3
    E142           F10.3
    SHY            F10.3

  Save file format
    6F10.3

  Save file record length    10000


DIAGRAM INFORMATION

  Use View Diagram under the Diagram menu in the Mplus Editor to view the diagram.
  If running Mplus from the Mplus Diagrammer, the diagram opens automatically.

  Diagram output
    f:\ipip paper\sample_usa\cfa\extraversion\5 items\extraversion cfa sample - shyness_5 items.dgm

     Beginning Time:  14:01:14
        Ending Time:  14:01:15
       Elapsed Time:  00:00:01



MUTHEN & MUTHEN
3463 Stoner Ave.
Los Angeles, CA  90066

Tel: (310) 391-9971
Fax: (310) 391-8971
Web: www.StatModel.com
Support: Support@StatModel.com

Copyright (c) 1998-2013 Muthen & Muthen
