Mplus VERSION 7.1
MUTHEN & MUTHEN
06/02/2015   2:00 PM

INPUT INSTRUCTIONS

  TITLE:

  DATA:
  FILE IS  "extraversion CFA Sample.txt";
  Variable:
  Names are
  respid
  e174
  e327
  e276
  e197
  e58
  e294
  e4
  e166
  e316
  e131
  e228
  e98
  e290
  e288
  e196
  e32
  e123
  e102
  e125
  e112
  e103
  e60
  e306
  e182
  e235
  e40
  e95
  e19
  e242
  e259
  e231
  e164
  e341
  e245
  e28
  e217
  e280
  e238
  e229
  e56
  e311
  e80
  e257
  e49
  e130
  e304
  e255
  e286
  e329
  e24
  e335
  e83
  e208
  e260
  e315
  e29
  e277
  e31
  e139
  e220
  e142
  e34
  e84
  e216
  e124
  e274
  e219
  e57
  e30
  e158
  e99
  e214
  e207
  e132
  e232
  e241
  e55
  e322
  e118
  e233
  e191
  Filter
  filter_
  ;

  USEVARIABLES ARE
  e229
  e228
  e233
  e182
  e130
  ;

  categorical are all;
  MISSING ARE ALL (-99);

  Model:
  posemo  BY
  e229
  e228
  e233
  e182
  e130
  ;

  savedata:
  file is e4.txt;
  save = fscores;

  Analysis:
  ESTIMATOR IS WLSMV;

  OUTPUT: STDYX MODINDICES(1);



*** WARNING
  Data set contains cases with missing on all variables.
  These cases were not included in the analysis.
  Number of cases with missing on all variables:  2
   1 WARNING(S) FOUND IN THE INPUT INSTRUCTIONS




SUMMARY OF ANALYSIS

Number of groups                                                 1
Number of observations                                         361

Number of dependent variables                                    5
Number of independent variables                                  0
Number of continuous latent variables                            1

Observed dependent variables

  Binary and ordered categorical (ordinal)
   E229        E228        E233        E182        E130

Continuous latent variables
   POSEMO


Estimator                                                    WLSMV
Maximum number of iterations                                  1000
Convergence criterion                                    0.500D-04
Maximum number of steepest descent iterations                   20
Maximum number of iterations for H1                           2000
Convergence criterion for H1                             0.100D-03
Parameterization                                             DELTA

Input data file(s)
  extraversion CFA Sample.txt

Input data format  FREE


SUMMARY OF DATA

     Number of missing data patterns             1


COVARIANCE COVERAGE OF DATA

Minimum covariance coverage value   0.100


     PROPORTION OF DATA PRESENT


           Covariance Coverage
              E229          E228          E233          E182          E130
              ________      ________      ________      ________      ________
 E229           1.000
 E228           1.000         1.000
 E233           1.000         1.000         1.000
 E182           1.000         1.000         1.000         1.000
 E130           1.000         1.000         1.000         1.000         1.000


UNIVARIATE PROPORTIONS AND COUNTS FOR CATEGORICAL VARIABLES

    E229
      Category 1    0.008        3.000
      Category 2    0.072       26.000
      Category 3    0.244       88.000
      Category 4    0.402      145.000
      Category 5    0.274       99.000
    E228
      Category 1    0.008        3.000
      Category 2    0.058       21.000
      Category 3    0.302      109.000
      Category 4    0.371      134.000
      Category 5    0.260       94.000
    E233
      Category 1    0.006        2.000
      Category 2    0.028       10.000
      Category 3    0.152       55.000
      Category 4    0.330      119.000
      Category 5    0.485      175.000
    E182
      Category 1    0.008        3.000
      Category 2    0.039       14.000
      Category 3    0.186       67.000
      Category 4    0.277      100.000
      Category 5    0.490      177.000
    E130
      Category 1    0.047       17.000
      Category 2    0.163       59.000
      Category 3    0.388      140.000
      Category 4    0.260       94.000
      Category 5    0.141       51.000



THE MODEL ESTIMATION TERMINATED NORMALLY



MODEL FIT INFORMATION

Number of Free Parameters                       25

Chi-Square Test of Model Fit

          Value                              1.746*
          Degrees of Freedom                     5
          P-Value                           0.8831

*   The chi-square value for MLM, MLMV, MLR, ULSMV, WLSM and WLSMV cannot be used
    for chi-square difference testing in the regular way.  MLM, MLR and WLSM
    chi-square difference testing is described on the Mplus website.  MLMV, WLSMV,
    and ULSMV difference testing is done using the DIFFTEST option.

RMSEA (Root Mean Square Error Of Approximation)

          Estimate                           0.000
          90 Percent C.I.                    0.000  0.035
          Probability RMSEA <= .05           0.980

CFI/TLI

          CFI                                1.000
          TLI                                1.006

Chi-Square Test of Model Fit for the Baseline Model

          Value                           1095.744
          Degrees of Freedom                    10
          P-Value                           0.0000

WRMR (Weighted Root Mean Square Residual)

          Value                              0.163



MODEL RESULTS

                                                    Two-Tailed
                    Estimate       S.E.  Est./S.E.    P-Value

 POSEMO   BY
    E229               1.000      0.000    999.000    999.000
    E228               0.934      0.052     17.810      0.000
    E233               1.032      0.061     17.030      0.000
    E182               0.800      0.056     14.226      0.000
    E130               0.644      0.057     11.397      0.000

 Thresholds
    E229$1            -2.395      0.211    -11.361      0.000
    E229$2            -1.403      0.096    -14.624      0.000
    E229$3            -0.456      0.069     -6.659      0.000
    E229$4             0.600      0.070      8.515      0.000
    E228$1            -2.395      0.211    -11.361      0.000
    E228$2            -1.503      0.102    -14.786      0.000
    E228$3            -0.336      0.067     -4.991      0.000
    E228$4             0.642      0.071      9.025      0.000
    E233$1            -2.540      0.247    -10.300      0.000
    E233$2            -1.835      0.127    -14.406      0.000
    E233$3            -0.894      0.077    -11.689      0.000
    E233$4             0.038      0.066      0.579      0.563
    E182$1            -2.395      0.211    -11.361      0.000
    E182$2            -1.674      0.113    -14.758      0.000
    E182$3            -0.730      0.073    -10.032      0.000
    E182$4             0.024      0.066      0.368      0.713
    E130$1            -1.674      0.113    -14.758      0.000
    E130$2            -0.805      0.074    -10.823      0.000
    E130$3             0.249      0.067      3.733      0.000
    E130$4             1.075      0.082     13.128      0.000

 Variances
    POSEMO             0.619      0.047     13.147      0.000


STANDARDIZED MODEL RESULTS


STDYX Standardization

                                                    Two-Tailed
                    Estimate       S.E.  Est./S.E.    P-Value

 POSEMO   BY
    E229               0.787      0.030     26.295      0.000
    E228               0.735      0.031     23.802      0.000
    E233               0.812      0.034     23.556      0.000
    E182               0.629      0.039     16.064      0.000
    E130               0.507      0.043     11.808      0.000

 Thresholds
    E229$1            -2.395      0.211    -11.361      0.000
    E229$2            -1.403      0.096    -14.624      0.000
    E229$3            -0.456      0.069     -6.659      0.000
    E229$4             0.600      0.070      8.515      0.000
    E228$1            -2.395      0.211    -11.361      0.000
    E228$2            -1.503      0.102    -14.786      0.000
    E228$3            -0.336      0.067     -4.991      0.000
    E228$4             0.642      0.071      9.025      0.000
    E233$1            -2.540      0.247    -10.300      0.000
    E233$2            -1.835      0.127    -14.406      0.000
    E233$3            -0.894      0.077    -11.689      0.000
    E233$4             0.038      0.066      0.579      0.563
    E182$1            -2.395      0.211    -11.361      0.000
    E182$2            -1.674      0.113    -14.758      0.000
    E182$3            -0.730      0.073    -10.032      0.000
    E182$4             0.024      0.066      0.368      0.713
    E130$1            -1.674      0.113    -14.758      0.000
    E130$2            -0.805      0.074    -10.823      0.000
    E130$3             0.249      0.067      3.733      0.000
    E130$4             1.075      0.082     13.128      0.000

 Variances
    POSEMO             1.000      0.000    999.000    999.000


R-SQUARE

    Observed                                        Two-Tailed   Residual
    Variable        Estimate       S.E.  Est./S.E.    P-Value    Variance

    E229               0.619      0.047     13.147      0.000      0.381
    E228               0.540      0.045     11.901      0.000      0.460
    E233               0.659      0.056     11.778      0.000      0.341
    E182               0.396      0.049      8.032      0.000      0.604
    E130               0.257      0.044      5.904      0.000      0.743


QUALITY OF NUMERICAL RESULTS

     Condition Number for the Information Matrix              0.533E-02
       (ratio of smallest to largest eigenvalue)


MODEL MODIFICATION INDICES

NOTE:  Modification indices for direct effects of observed dependent variables
regressed on covariates and residual covariances among observed dependent
variables may not be included.  To include these, request MODINDICES (ALL).

Minimum M.I. value for printing the modification index     1.000

                                   M.I.     E.P.C.  Std E.P.C.  StdYX E.P.C.

No modification indices above the minimum value.



SAMPLE STATISTICS FOR ESTIMATED FACTOR SCORES


     SAMPLE STATISTICS


           Means
              POSEMO
              ________
 1             -0.014


           Covariances
              POSEMO
              ________
 POSEMO         0.467


           Correlations
              POSEMO
              ________
 POSEMO         1.000


SAVEDATA INFORMATION


  Save file
    e4.txt

  Order and format of variables

    E229           F10.3
    E228           F10.3
    E233           F10.3
    E182           F10.3
    E130           F10.3
    POSEMO         F10.3

  Save file format
    6F10.3

  Save file record length    10000


DIAGRAM INFORMATION

  Use View Diagram under the Diagram menu in the Mplus Editor to view the diagram.
  If running Mplus from the Mplus Diagrammer, the diagram opens automatically.

  Diagram output
    f:\ipip paper\sample_usa\cfa\extraversion\5 items\extraversion cfa sample - positive emotions_5

     Beginning Time:  14:00:09
        Ending Time:  14:00:10
       Elapsed Time:  00:00:01



MUTHEN & MUTHEN
3463 Stoner Ave.
Los Angeles, CA  90066

Tel: (310) 391-9971
Fax: (310) 391-8971
Web: www.StatModel.com
Support: Support@StatModel.com

Copyright (c) 1998-2013 Muthen & Muthen
