Mplus VERSION 7.1
MUTHEN & MUTHEN
10/01/2015   3:50 PM

INPUT INSTRUCTIONS

  TITLE:

  DATA:
  FILE IS  "ARI Data 2009_Agreeableness CFA Sample.txt";
  Variable:
  Names are
  respid
  agree5
  agree51
  agree21
  agree84
  agree35
  agree15
  agree93
  agree67
  agree34
  agree25
  agree44
  agree64
  agree31
  agree45
  agree26
  agree52
  agree14
  agree20
  agree6
  agree92
  agree77
  agree3
  agree17
  agree19
  agree13
  agree27
  agree105
  agree95
  agree104
  agree57
  agree85
  agree97
  agree110
  agree61
  agree94
  agree107
  agree30
  agree40
  agree32
  agree50
  agree90
  agree63
  agree60
  agree23
  agree1
  agree58
  agree101
  agree46
  agree87
  agree98
  agree37
  agree62
  agree39
  agree83
  agree53
  agree65
  agree103
  agree91
  agree4
  agree42
  agree18
  agree96
  agree106
  agree55
  agree86
  agree72
  agree22
  agree79
  agree33
  agree70
  agree109
  agree78
  agree100
  agree71
  agree89
  agree76
  agree75
  agree11
  agree56
  agree12
  agree49
  agree16
  agree108
  agree43
  agree7
  agree2
  agree88
  agree41
  agree38
  agree99
  agree69
  agree36
  agree80
  agree8
  agree66
  agree54
  agree24
  agree82
  agree74
  agree73
  agree10
  agree59
  Filter
  filter_
  ;

  USEVARIABLES ARE
  agree2
  agree72
  agree73
  agree4
  agree18
  agree84
  agree52
  agree36
  agree67
  agree98
  agree109
  agree106
  agree91
  agree105
  agree77
  agree37
  agree104
  agree30
  agree6
  agree45
  agree83
  agree80
  agree79
  agree92
  agree78
  agree97
  agree96
  agree25
  agree13
  agree39
  agree56
  agree71
  agree99
  agree43
  agree103
  agree93
  agree55
  agree100
  agree75
  ;


  MISSING ARE ALL (-99);
  categorical are all;

  Model:

  appreci BY
  agree2
  agree72
  agree73
  agree4
  agree18
  ;

  mean BY
  agree84
  agree52
  agree36
  agree67
  agree98
  ;

  super BY
  agree109
  agree106
  agree91
  agree105
  agree77
  ;

  need BY
  agree37
  agree104
  agree30
  agree6
  agree45
  ;

  crybabe BY
  agree83
  agree80
  agree79
  agree92
  agree78
  ;

  trust BY
  agree97
  agree96
  agree25
  agree13
  agree39
  ;

  manipul BY
  agree56
  agree71
  agree99
  agree43
  agree103
  ;

  altruis BY
  agree93
  agree55
  agree100
  agree75
  ;


  Agree by appreci* mean@1 super need crybabe trust manipul altruis;
  Agree@1;
  mean@0;
  trust with appreci;

  Analysis:
  ESTIMATOR IS WLSMV;

  OUTPUT: STDYX MODINDICES(4);



*** WARNING
  Data set contains cases with missing on all variables.
  These cases were not included in the analysis.
  Number of cases with missing on all variables:  2
   1 WARNING(S) FOUND IN THE INPUT INSTRUCTIONS




SUMMARY OF ANALYSIS

Number of groups                                                 1
Number of observations                                         361

Number of dependent variables                                   39
Number of independent variables                                  0
Number of continuous latent variables                            9

Observed dependent variables

  Binary and ordered categorical (ordinal)
   AGREE2      AGREE72     AGREE73     AGREE4      AGREE18     AGREE84
   AGREE52     AGREE36     AGREE67     AGREE98     AGREE109    AGREE106
   AGREE91     AGREE105    AGREE77     AGREE37     AGREE104    AGREE30
   AGREE6      AGREE45     AGREE83     AGREE80     AGREE79     AGREE92
   AGREE78     AGREE97     AGREE96     AGREE25     AGREE13     AGREE39
   AGREE56     AGREE71     AGREE99     AGREE43     AGREE103    AGREE93
   AGREE55     AGREE100    AGREE75

Continuous latent variables
   APPRECI     MEAN        SUPER       NEED        CRYBABE     TRUST
   MANIPUL     ALTRUIS     AGREE


Estimator                                                    WLSMV
Maximum number of iterations                                  1000
Convergence criterion                                    0.500D-04
Maximum number of steepest descent iterations                   20
Maximum number of iterations for H1                           2000
Convergence criterion for H1                             0.100D-03
Parameterization                                             DELTA

Input data file(s)
  ARI Data 2009_Agreeableness CFA Sample.txt

Input data format  FREE


SUMMARY OF DATA

     Number of missing data patterns             1


COVARIANCE COVERAGE OF DATA

Minimum covariance coverage value   0.100


     PROPORTION OF DATA PRESENT


           Covariance Coverage
              AGREE2        AGREE72       AGREE73       AGREE4        AGREE18
              ________      ________      ________      ________      ________
 AGREE2         1.000
 AGREE72        1.000         1.000
 AGREE73        1.000         1.000         1.000
 AGREE4         1.000         1.000         1.000         1.000
 AGREE18        1.000         1.000         1.000         1.000         1.000
 AGREE84        1.000         1.000         1.000         1.000         1.000
 AGREE52        1.000         1.000         1.000         1.000         1.000
 AGREE36        1.000         1.000         1.000         1.000         1.000
 AGREE67        1.000         1.000         1.000         1.000         1.000
 AGREE98        1.000         1.000         1.000         1.000         1.000
 AGREE109       1.000         1.000         1.000         1.000         1.000
 AGREE106       1.000         1.000         1.000         1.000         1.000
 AGREE91        1.000         1.000         1.000         1.000         1.000
 AGREE105       1.000         1.000         1.000         1.000         1.000
 AGREE77        1.000         1.000         1.000         1.000         1.000
 AGREE37        1.000         1.000         1.000         1.000         1.000
 AGREE104       1.000         1.000         1.000         1.000         1.000
 AGREE30        1.000         1.000         1.000         1.000         1.000
 AGREE6         1.000         1.000         1.000         1.000         1.000
 AGREE45        1.000         1.000         1.000         1.000         1.000
 AGREE83        1.000         1.000         1.000         1.000         1.000
 AGREE80        1.000         1.000         1.000         1.000         1.000
 AGREE79        1.000         1.000         1.000         1.000         1.000
 AGREE92        1.000         1.000         1.000         1.000         1.000
 AGREE78        1.000         1.000         1.000         1.000         1.000
 AGREE97        1.000         1.000         1.000         1.000         1.000
 AGREE96        1.000         1.000         1.000         1.000         1.000
 AGREE25        1.000         1.000         1.000         1.000         1.000
 AGREE13        1.000         1.000         1.000         1.000         1.000
 AGREE39        1.000         1.000         1.000         1.000         1.000
 AGREE56        1.000         1.000         1.000         1.000         1.000
 AGREE71        1.000         1.000         1.000         1.000         1.000
 AGREE99        1.000         1.000         1.000         1.000         1.000
 AGREE43        1.000         1.000         1.000         1.000         1.000
 AGREE103       1.000         1.000         1.000         1.000         1.000
 AGREE93        1.000         1.000         1.000         1.000         1.000
 AGREE55        1.000         1.000         1.000         1.000         1.000
 AGREE100       1.000         1.000         1.000         1.000         1.000
 AGREE75        1.000         1.000         1.000         1.000         1.000


           Covariance Coverage
              AGREE84       AGREE52       AGREE36       AGREE67       AGREE98
              ________      ________      ________      ________      ________
 AGREE84        1.000
 AGREE52        1.000         1.000
 AGREE36        1.000         1.000         1.000
 AGREE67        1.000         1.000         1.000         1.000
 AGREE98        1.000         1.000         1.000         1.000         1.000
 AGREE109       1.000         1.000         1.000         1.000         1.000
 AGREE106       1.000         1.000         1.000         1.000         1.000
 AGREE91        1.000         1.000         1.000         1.000         1.000
 AGREE105       1.000         1.000         1.000         1.000         1.000
 AGREE77        1.000         1.000         1.000         1.000         1.000
 AGREE37        1.000         1.000         1.000         1.000         1.000
 AGREE104       1.000         1.000         1.000         1.000         1.000
 AGREE30        1.000         1.000         1.000         1.000         1.000
 AGREE6         1.000         1.000         1.000         1.000         1.000
 AGREE45        1.000         1.000         1.000         1.000         1.000
 AGREE83        1.000         1.000         1.000         1.000         1.000
 AGREE80        1.000         1.000         1.000         1.000         1.000
 AGREE79        1.000         1.000         1.000         1.000         1.000
 AGREE92        1.000         1.000         1.000         1.000         1.000
 AGREE78        1.000         1.000         1.000         1.000         1.000
 AGREE97        1.000         1.000         1.000         1.000         1.000
 AGREE96        1.000         1.000         1.000         1.000         1.000
 AGREE25        1.000         1.000         1.000         1.000         1.000
 AGREE13        1.000         1.000         1.000         1.000         1.000
 AGREE39        1.000         1.000         1.000         1.000         1.000
 AGREE56        1.000         1.000         1.000         1.000         1.000
 AGREE71        1.000         1.000         1.000         1.000         1.000
 AGREE99        1.000         1.000         1.000         1.000         1.000
 AGREE43        1.000         1.000         1.000         1.000         1.000
 AGREE103       1.000         1.000         1.000         1.000         1.000
 AGREE93        1.000         1.000         1.000         1.000         1.000
 AGREE55        1.000         1.000         1.000         1.000         1.000
 AGREE100       1.000         1.000         1.000         1.000         1.000
 AGREE75        1.000         1.000         1.000         1.000         1.000


           Covariance Coverage
              AGREE109      AGREE106      AGREE91       AGREE105      AGREE77
              ________      ________      ________      ________      ________
 AGREE109       1.000
 AGREE106       1.000         1.000
 AGREE91        1.000         1.000         1.000
 AGREE105       1.000         1.000         1.000         1.000
 AGREE77        1.000         1.000         1.000         1.000         1.000
 AGREE37        1.000         1.000         1.000         1.000         1.000
 AGREE104       1.000         1.000         1.000         1.000         1.000
 AGREE30        1.000         1.000         1.000         1.000         1.000
 AGREE6         1.000         1.000         1.000         1.000         1.000
 AGREE45        1.000         1.000         1.000         1.000         1.000
 AGREE83        1.000         1.000         1.000         1.000         1.000
 AGREE80        1.000         1.000         1.000         1.000         1.000
 AGREE79        1.000         1.000         1.000         1.000         1.000
 AGREE92        1.000         1.000         1.000         1.000         1.000
 AGREE78        1.000         1.000         1.000         1.000         1.000
 AGREE97        1.000         1.000         1.000         1.000         1.000
 AGREE96        1.000         1.000         1.000         1.000         1.000
 AGREE25        1.000         1.000         1.000         1.000         1.000
 AGREE13        1.000         1.000         1.000         1.000         1.000
 AGREE39        1.000         1.000         1.000         1.000         1.000
 AGREE56        1.000         1.000         1.000         1.000         1.000
 AGREE71        1.000         1.000         1.000         1.000         1.000
 AGREE99        1.000         1.000         1.000         1.000         1.000
 AGREE43        1.000         1.000         1.000         1.000         1.000
 AGREE103       1.000         1.000         1.000         1.000         1.000
 AGREE93        1.000         1.000         1.000         1.000         1.000
 AGREE55        1.000         1.000         1.000         1.000         1.000
 AGREE100       1.000         1.000         1.000         1.000         1.000
 AGREE75        1.000         1.000         1.000         1.000         1.000


           Covariance Coverage
              AGREE37       AGREE104      AGREE30       AGREE6        AGREE45
              ________      ________      ________      ________      ________
 AGREE37        1.000
 AGREE104       1.000         1.000
 AGREE30        1.000         1.000         1.000
 AGREE6         1.000         1.000         1.000         1.000
 AGREE45        1.000         1.000         1.000         1.000         1.000
 AGREE83        1.000         1.000         1.000         1.000         1.000
 AGREE80        1.000         1.000         1.000         1.000         1.000
 AGREE79        1.000         1.000         1.000         1.000         1.000
 AGREE92        1.000         1.000         1.000         1.000         1.000
 AGREE78        1.000         1.000         1.000         1.000         1.000
 AGREE97        1.000         1.000         1.000         1.000         1.000
 AGREE96        1.000         1.000         1.000         1.000         1.000
 AGREE25        1.000         1.000         1.000         1.000         1.000
 AGREE13        1.000         1.000         1.000         1.000         1.000
 AGREE39        1.000         1.000         1.000         1.000         1.000
 AGREE56        1.000         1.000         1.000         1.000         1.000
 AGREE71        1.000         1.000         1.000         1.000         1.000
 AGREE99        1.000         1.000         1.000         1.000         1.000
 AGREE43        1.000         1.000         1.000         1.000         1.000
 AGREE103       1.000         1.000         1.000         1.000         1.000
 AGREE93        1.000         1.000         1.000         1.000         1.000
 AGREE55        1.000         1.000         1.000         1.000         1.000
 AGREE100       1.000         1.000         1.000         1.000         1.000
 AGREE75        1.000         1.000         1.000         1.000         1.000


           Covariance Coverage
              AGREE83       AGREE80       AGREE79       AGREE92       AGREE78
              ________      ________      ________      ________      ________
 AGREE83        1.000
 AGREE80        1.000         1.000
 AGREE79        1.000         1.000         1.000
 AGREE92        1.000         1.000         1.000         1.000
 AGREE78        1.000         1.000         1.000         1.000         1.000
 AGREE97        1.000         1.000         1.000         1.000         1.000
 AGREE96        1.000         1.000         1.000         1.000         1.000
 AGREE25        1.000         1.000         1.000         1.000         1.000
 AGREE13        1.000         1.000         1.000         1.000         1.000
 AGREE39        1.000         1.000         1.000         1.000         1.000
 AGREE56        1.000         1.000         1.000         1.000         1.000
 AGREE71        1.000         1.000         1.000         1.000         1.000
 AGREE99        1.000         1.000         1.000         1.000         1.000
 AGREE43        1.000         1.000         1.000         1.000         1.000
 AGREE103       1.000         1.000         1.000         1.000         1.000
 AGREE93        1.000         1.000         1.000         1.000         1.000
 AGREE55        1.000         1.000         1.000         1.000         1.000
 AGREE100       1.000         1.000         1.000         1.000         1.000
 AGREE75        1.000         1.000         1.000         1.000         1.000


           Covariance Coverage
              AGREE97       AGREE96       AGREE25       AGREE13       AGREE39
              ________      ________      ________      ________      ________
 AGREE97        1.000
 AGREE96        1.000         1.000
 AGREE25        1.000         1.000         1.000
 AGREE13        1.000         1.000         1.000         1.000
 AGREE39        1.000         1.000         1.000         1.000         1.000
 AGREE56        1.000         1.000         1.000         1.000         1.000
 AGREE71        1.000         1.000         1.000         1.000         1.000
 AGREE99        1.000         1.000         1.000         1.000         1.000
 AGREE43        1.000         1.000         1.000         1.000         1.000
 AGREE103       1.000         1.000         1.000         1.000         1.000
 AGREE93        1.000         1.000         1.000         1.000         1.000
 AGREE55        1.000         1.000         1.000         1.000         1.000
 AGREE100       1.000         1.000         1.000         1.000         1.000
 AGREE75        1.000         1.000         1.000         1.000         1.000


           Covariance Coverage
              AGREE56       AGREE71       AGREE99       AGREE43       AGREE103
              ________      ________      ________      ________      ________
 AGREE56        1.000
 AGREE71        1.000         1.000
 AGREE99        1.000         1.000         1.000
 AGREE43        1.000         1.000         1.000         1.000
 AGREE103       1.000         1.000         1.000         1.000         1.000
 AGREE93        1.000         1.000         1.000         1.000         1.000
 AGREE55        1.000         1.000         1.000         1.000         1.000
 AGREE100       1.000         1.000         1.000         1.000         1.000
 AGREE75        1.000         1.000         1.000         1.000         1.000


           Covariance Coverage
              AGREE93       AGREE55       AGREE100      AGREE75
              ________      ________      ________      ________
 AGREE93        1.000
 AGREE55        1.000         1.000
 AGREE100       1.000         1.000         1.000
 AGREE75        1.000         1.000         1.000         1.000


UNIVARIATE PROPORTIONS AND COUNTS FOR CATEGORICAL VARIABLES

    AGREE2
      Category 1    0.006        2.000
      Category 2    0.050       18.000
      Category 3    0.177       64.000
      Category 4    0.515      186.000
      Category 5    0.252       91.000
    AGREE72
      Category 1    0.014        5.000
      Category 2    0.033       12.000
      Category 3    0.166       60.000
      Category 4    0.460      166.000
      Category 5    0.327      118.000
    AGREE73
      Category 1    0.006        2.000
      Category 2    0.150       54.000
      Category 3    0.454      164.000
      Category 4    0.391      141.000
    AGREE4
      Category 1    0.006        2.000
      Category 2    0.025        9.000
      Category 3    0.177       64.000
      Category 4    0.418      151.000
      Category 5    0.374      135.000
    AGREE18
      Category 1    0.014        5.000
      Category 2    0.033       12.000
      Category 3    0.175       63.000
      Category 4    0.357      129.000
      Category 5    0.421      152.000
    AGREE84
      Category 1    0.266       96.000
      Category 2    0.421      152.000
      Category 3    0.260       94.000
      Category 4    0.044       16.000
      Category 5    0.008        3.000
    AGREE52
      Category 1    0.371      134.000
      Category 2    0.368      133.000
      Category 3    0.183       66.000
      Category 4    0.061       22.000
      Category 5    0.017        6.000
    AGREE36
      Category 1    0.338      122.000
      Category 2    0.416      150.000
      Category 3    0.158       57.000
      Category 4    0.055       20.000
      Category 5    0.033       12.000
    AGREE67
      Category 1    0.368      133.000
      Category 2    0.416      150.000
      Category 3    0.163       59.000
      Category 4    0.044       16.000
      Category 5    0.008        3.000
    AGREE98
      Category 1    0.299      108.000
      Category 2    0.463      167.000
      Category 3    0.177       64.000
      Category 4    0.036       13.000
      Category 5    0.025        9.000
    AGREE109
      Category 1    0.114       41.000
      Category 2    0.327      118.000
      Category 3    0.324      117.000
      Category 4    0.141       51.000
      Category 5    0.094       34.000
    AGREE106
      Category 1    0.066       24.000
      Category 2    0.374      135.000
      Category 3    0.380      137.000
      Category 4    0.139       50.000
      Category 5    0.042       15.000
    AGREE91
      Category 1    0.233       84.000
      Category 2    0.363      131.000
      Category 3    0.274       99.000
      Category 4    0.091       33.000
      Category 5    0.039       14.000
    AGREE105
      Category 1    0.053       19.000
      Category 2    0.177       64.000
      Category 3    0.396      143.000
      Category 4    0.249       90.000
      Category 5    0.125       45.000
    AGREE77
      Category 1    0.136       49.000
      Category 2    0.241       87.000
      Category 3    0.332      120.000
      Category 4    0.194       70.000
      Category 5    0.097       35.000
    AGREE37
      Category 1    0.091       33.000
      Category 2    0.233       84.000
      Category 3    0.454      164.000
      Category 4    0.175       63.000
      Category 5    0.047       17.000
    AGREE104
      Category 1    0.019        7.000
      Category 2    0.072       26.000
      Category 3    0.271       98.000
      Category 4    0.374      135.000
      Category 5    0.263       95.000
    AGREE30
      Category 1    0.163       59.000
      Category 2    0.357      129.000
      Category 3    0.271       98.000
      Category 4    0.155       56.000
      Category 5    0.053       19.000
    AGREE6
      Category 1    0.125       45.000
      Category 2    0.357      129.000
      Category 3    0.357      129.000
      Category 4    0.122       44.000
      Category 5    0.039       14.000
    AGREE45
      Category 1    0.058       21.000
      Category 2    0.230       83.000
      Category 3    0.416      150.000
      Category 4    0.247       89.000
      Category 5    0.050       18.000
    AGREE83
      Category 1    0.150       54.000
      Category 2    0.335      121.000
      Category 3    0.305      110.000
      Category 4    0.169       61.000
      Category 5    0.042       15.000
    AGREE80
      Category 1    0.260       94.000
      Category 2    0.346      125.000
      Category 3    0.260       94.000
      Category 4    0.108       39.000
      Category 5    0.025        9.000
    AGREE79
      Category 1    0.177       64.000
      Category 2    0.352      127.000
      Category 3    0.266       96.000
      Category 4    0.158       57.000
      Category 5    0.047       17.000
    AGREE92
      Category 1    0.130       47.000
      Category 2    0.346      125.000
      Category 3    0.363      131.000
      Category 4    0.122       44.000
      Category 5    0.039       14.000
    AGREE78
      Category 1    0.053       19.000
      Category 2    0.166       60.000
      Category 3    0.440      159.000
      Category 4    0.244       88.000
      Category 5    0.097       35.000
    AGREE97
      Category 1    0.047       17.000
      Category 2    0.152       55.000
      Category 3    0.385      139.000
      Category 4    0.319      115.000
      Category 5    0.097       35.000
    AGREE96
      Category 1    0.053       19.000
      Category 2    0.158       57.000
      Category 3    0.321      116.000
      Category 4    0.324      117.000
      Category 5    0.144       52.000
    AGREE25
      Category 1    0.025        9.000
      Category 2    0.114       41.000
      Category 3    0.335      121.000
      Category 4    0.366      132.000
      Category 5    0.161       58.000
    AGREE13
      Category 1    0.017        6.000
      Category 2    0.061       22.000
      Category 3    0.319      115.000
      Category 4    0.368      133.000
      Category 5    0.235       85.000
    AGREE39
      Category 1    0.194       70.000
      Category 2    0.482      174.000
      Category 3    0.194       70.000
      Category 4    0.089       32.000
      Category 5    0.042       15.000
    AGREE56
      Category 1    0.249       90.000
      Category 2    0.355      128.000
      Category 3    0.260       94.000
      Category 4    0.102       37.000
      Category 5    0.033       12.000
    AGREE71
      Category 1    0.019        7.000
      Category 2    0.064       23.000
      Category 3    0.241       87.000
      Category 4    0.391      141.000
      Category 5    0.285      103.000
    AGREE99
      Category 1    0.288      104.000
      Category 2    0.429      155.000
      Category 3    0.186       67.000
      Category 4    0.078       28.000
      Category 5    0.019        7.000
    AGREE43
      Category 1    0.152       55.000
      Category 2    0.360      130.000
      Category 3    0.269       97.000
      Category 4    0.144       52.000
      Category 5    0.075       27.000
    AGREE103
      Category 1    0.183       66.000
      Category 2    0.377      136.000
      Category 3    0.316      114.000
      Category 4    0.083       30.000
      Category 5    0.042       15.000
    AGREE93
      Category 1    0.014        5.000
      Category 2    0.080       29.000
      Category 3    0.407      147.000
      Category 4    0.330      119.000
      Category 5    0.169       61.000
    AGREE55
      Category 1    0.233       84.000
      Category 2    0.429      155.000
      Category 3    0.235       85.000
      Category 4    0.086       31.000
      Category 5    0.017        6.000
    AGREE100
      Category 1    0.066       24.000
      Category 2    0.188       68.000
      Category 3    0.391      141.000
      Category 4    0.258       93.000
      Category 5    0.097       35.000
    AGREE75
      Category 1    0.044       16.000
      Category 2    0.136       49.000
      Category 3    0.222       80.000
      Category 4    0.255       92.000
      Category 5    0.343      124.000



THE MODEL ESTIMATION TERMINATED NORMALLY



MODEL FIT INFORMATION

Number of Free Parameters                      201

Chi-Square Test of Model Fit

          Value                           2858.340*
          Degrees of Freedom                   695
          P-Value                           0.0000

*   The chi-square value for MLM, MLMV, MLR, ULSMV, WLSM and WLSMV cannot be used
    for chi-square difference testing in the regular way.  MLM, MLR and WLSM
    chi-square difference testing is described on the Mplus website.  MLMV, WLSMV,
    and ULSMV difference testing is done using the DIFFTEST option.

RMSEA (Root Mean Square Error Of Approximation)

          Estimate                           0.093
          90 Percent C.I.                    0.089  0.096
          Probability RMSEA <= .05           0.000

CFI/TLI

          CFI                                0.657
          TLI                                0.635

Chi-Square Test of Model Fit for the Baseline Model

          Value                           7051.815
          Degrees of Freedom                   741
          P-Value                           0.0000

WRMR (Weighted Root Mean Square Residual)

          Value                              2.329



MODEL RESULTS

                                                    Two-Tailed
                    Estimate       S.E.  Est./S.E.    P-Value

 APPRECI  BY
    AGREE2             1.000      0.000    999.000    999.000
    AGREE72            1.208      0.068     17.822      0.000
    AGREE73            1.159      0.079     14.683      0.000
    AGREE4             0.943      0.073     12.992      0.000
    AGREE18            0.831      0.073     11.460      0.000

 MEAN     BY
    AGREE84            1.000      0.000    999.000    999.000
    AGREE52            0.781      0.026     30.006      0.000
    AGREE36            0.660      0.034     19.138      0.000
    AGREE67            0.683      0.033     20.854      0.000
    AGREE98            0.521      0.040     13.027      0.000

 SUPER    BY
    AGREE109           1.000      0.000    999.000    999.000
    AGREE106           0.946      0.076     12.493      0.000
    AGREE91            1.008      0.090     11.254      0.000
    AGREE105           0.909      0.079     11.551      0.000
    AGREE77            0.993      0.081     12.276      0.000

 NEED     BY
    AGREE37            1.000      0.000    999.000    999.000
    AGREE104          -0.225      0.306     -0.736      0.462
    AGREE30            3.474      1.172      2.965      0.003
    AGREE6             0.970      0.326      2.976      0.003
    AGREE45            2.037      0.586      3.474      0.001

 CRYBABE  BY
    AGREE83            1.000      0.000    999.000    999.000
    AGREE80            1.627      0.575      2.828      0.005
    AGREE79            3.303      1.037      3.186      0.001
    AGREE92            4.459      1.431      3.116      0.002
    AGREE78           -0.007      0.343     -0.022      0.983

 TRUST    BY
    AGREE97            1.000      0.000    999.000    999.000
    AGREE96            1.080      0.087     12.451      0.000
    AGREE25            1.063      0.076     13.906      0.000
    AGREE13            0.770      0.093      8.236      0.000
    AGREE39           -0.542      0.087     -6.253      0.000

 MANIPUL  BY
    AGREE56            1.000      0.000    999.000    999.000
    AGREE71           -0.935      0.088    -10.643      0.000
    AGREE99            1.070      0.081     13.133      0.000
    AGREE43            0.796      0.079     10.125      0.000
    AGREE103           0.908      0.085     10.698      0.000

 ALTRUIS  BY
    AGREE93            1.000      0.000    999.000    999.000
    AGREE55           -0.217      0.101     -2.140      0.032
    AGREE100           0.522      0.099      5.258      0.000
    AGREE75            1.016      0.109      9.310      0.000

 AGREE    BY
    APPRECI           -0.406      0.033    -12.143      0.000
    MEAN               1.000      0.000    999.000    999.000
    SUPER              0.432      0.034     12.631      0.000
    NEED               0.088      0.030      2.972      0.003
    CRYBABE            0.110      0.036      3.036      0.002
    TRUST             -0.243      0.035     -6.995      0.000
    MANIPUL            0.519      0.038     13.734      0.000
    ALTRUIS           -0.460      0.040    -11.582      0.000

 TRUST    WITH
    APPRECI            0.213      0.028      7.655      0.000

 Thresholds
    AGREE2$1          -2.540      0.247    -10.300      0.000
    AGREE2$2          -1.595      0.108    -14.818      0.000
    AGREE2$3          -0.730      0.073    -10.032      0.000
    AGREE2$4           0.668      0.072      9.329      0.000
    AGREE72$1         -2.201      0.174    -12.655      0.000
    AGREE72$2         -1.674      0.113    -14.758      0.000
    AGREE72$3         -0.795      0.074    -10.725      0.000
    AGREE72$4          0.449      0.068      6.555      0.000
    AGREE73$1         -2.540      0.247    -10.300      0.000
    AGREE73$2         -1.015      0.080    -12.697      0.000
    AGREE73$3          0.278      0.067      4.153      0.000
    AGREE4$1          -2.540      0.247    -10.300      0.000
    AGREE4$2          -1.874      0.131    -14.278      0.000
    AGREE4$3          -0.814      0.075    -10.920      0.000
    AGREE4$4           0.321      0.067      4.781      0.000
    AGREE18$1         -2.201      0.174    -12.655      0.000
    AGREE18$2         -1.674      0.113    -14.758      0.000
    AGREE18$3         -0.767      0.074    -10.430      0.000
    AGREE18$4          0.199      0.066      2.998      0.003
    AGREE84$1         -0.625      0.071     -8.822      0.000
    AGREE84$2          0.487      0.069      7.074      0.000
    AGREE84$3          1.620      0.109     14.807      0.000
    AGREE84$4          2.395      0.211     11.361      0.000
    AGREE52$1         -0.329      0.067     -4.886      0.000
    AGREE52$2          0.642      0.071      9.025      0.000
    AGREE52$3          1.422      0.097     14.665      0.000
    AGREE52$4          2.129      0.163     13.086      0.000
    AGREE36$1         -0.418      0.068     -6.139      0.000
    AGREE36$2          0.685      0.072      9.531      0.000
    AGREE36$3          1.349      0.093     14.481      0.000
    AGREE36$4          1.835      0.127     14.406      0.000
    AGREE67$1         -0.336      0.067     -4.991      0.000
    AGREE67$2          0.786      0.074     10.627      0.000
    AGREE67$3          1.620      0.109     14.807      0.000
    AGREE67$4          2.395      0.211     11.361      0.000
    AGREE98$1         -0.527      0.069     -7.591      0.000
    AGREE98$2          0.712      0.072      9.832      0.000
    AGREE98$3          1.547      0.104     14.815      0.000
    AGREE98$4          1.961      0.141     13.935      0.000
    AGREE109$1        -1.208      0.087    -13.914      0.000
    AGREE109$2        -0.150      0.066     -2.262      0.024
    AGREE109$3         0.721      0.073      9.932      0.000
    AGREE109$4         1.315      0.092     14.371      0.000
    AGREE106$1        -1.503      0.102    -14.786      0.000
    AGREE106$2        -0.150      0.066     -2.262      0.024
    AGREE106$3         0.915      0.077     11.877      0.000
    AGREE106$4         1.733      0.118     14.664      0.000
    AGREE91$1         -0.730      0.073    -10.032      0.000
    AGREE91$2          0.242      0.067      3.628      0.000
    AGREE91$3          1.125      0.084     13.457      0.000
    AGREE91$4          1.765      0.121     14.596      0.000
    AGREE105$1        -1.620      0.109    -14.807      0.000
    AGREE105$2        -0.739      0.073    -10.132      0.000
    AGREE105$3         0.321      0.067      4.781      0.000
    AGREE105$4         1.152      0.085     13.614      0.000
    AGREE77$1         -1.100      0.083    -13.294      0.000
    AGREE77$2         -0.314      0.067     -4.677      0.000
    AGREE77$3          0.551      0.070      7.900      0.000
    AGREE77$4          1.299      0.091     14.312      0.000
    AGREE37$1         -1.332      0.092    -14.427      0.000
    AGREE37$2         -0.456      0.069     -6.659      0.000
    AGREE37$3          0.767      0.074     10.430      0.000
    AGREE37$4          1.674      0.113     14.758      0.000
    AGREE104$1        -2.067      0.154    -13.429      0.000
    AGREE104$2        -1.332      0.092    -14.427      0.000
    AGREE104$3        -0.351      0.067     -5.200      0.000
    AGREE104$4         0.634      0.071      8.923      0.000
    AGREE30$1         -0.980      0.079    -12.429      0.000
    AGREE30$2          0.052      0.066      0.789      0.430
    AGREE30$3          0.814      0.075     10.920      0.000
    AGREE30$4          1.620      0.109     14.807      0.000
    AGREE6$1          -1.152      0.085    -13.614      0.000
    AGREE6$2          -0.045      0.066     -0.684      0.494
    AGREE6$3           0.992      0.079     12.519      0.000
    AGREE6$4           1.765      0.121     14.596      0.000
    AGREE45$1         -1.570      0.106    -14.820      0.000
    AGREE45$2         -0.559      0.070     -8.003      0.000
    AGREE45$3          0.535      0.070      7.694      0.000
    AGREE45$4          1.646      0.111     14.788      0.000
    AGREE83$1         -1.038      0.081    -12.872      0.000
    AGREE83$2         -0.038      0.066     -0.579      0.563
    AGREE83$3          0.805      0.074     10.823      0.000
    AGREE83$4          1.733      0.118     14.664      0.000
    AGREE80$1         -0.642      0.071     -9.025      0.000
    AGREE80$2          0.271      0.067      4.048      0.000
    AGREE80$3          1.112      0.083     13.376      0.000
    AGREE80$4          1.961      0.141     13.935      0.000
    AGREE79$1         -0.926      0.077    -11.970      0.000
    AGREE79$2          0.073      0.066      1.105      0.269
    AGREE79$3          0.824      0.075     11.018      0.000
    AGREE79$4          1.674      0.113     14.758      0.000
    AGREE92$1         -1.125      0.084    -13.457      0.000
    AGREE92$2         -0.059      0.066     -0.895      0.371
    AGREE92$3          0.992      0.079     12.519      0.000
    AGREE92$4          1.765      0.121     14.596      0.000
    AGREE78$1         -1.620      0.109    -14.807      0.000
    AGREE78$2         -0.776      0.074    -10.528      0.000
    AGREE78$3          0.410      0.068      6.035      0.000
    AGREE78$4          1.299      0.091     14.312      0.000
    AGREE97$1         -1.674      0.113    -14.758      0.000
    AGREE97$2         -0.844      0.075    -11.211      0.000
    AGREE97$3          0.213      0.067      3.208      0.001
    AGREE97$4          1.299      0.091     14.312      0.000
    AGREE96$1         -1.620      0.109    -14.807      0.000
    AGREE96$2         -0.805      0.074    -10.823      0.000
    AGREE96$3          0.080      0.066      1.210      0.226
    AGREE96$4          1.062      0.081     13.043      0.000
    AGREE25$1         -1.961      0.141    -13.935      0.000
    AGREE25$2         -1.087      0.082    -13.212      0.000
    AGREE25$3         -0.066      0.066     -1.000      0.317
    AGREE25$4          0.992      0.079     12.519      0.000
    AGREE13$1         -2.129      0.163    -13.086      0.000
    AGREE13$2         -1.422      0.097    -14.665      0.000
    AGREE13$3         -0.263      0.067     -3.943      0.000
    AGREE13$4          0.721      0.073      9.932      0.000
    AGREE39$1         -0.864      0.076    -11.403      0.000
    AGREE39$2          0.456      0.069      6.659      0.000
    AGREE39$3          1.125      0.084     13.457      0.000
    AGREE39$4          1.733      0.118     14.664      0.000
    AGREE56$1         -0.677      0.072     -9.430      0.000
    AGREE56$2          0.263      0.067      3.943      0.000
    AGREE56$3          1.100      0.083     13.294      0.000
    AGREE56$4          1.835      0.127     14.406      0.000
    AGREE71$1         -2.067      0.154    -13.429      0.000
    AGREE71$2         -1.385      0.095    -14.580      0.000
    AGREE71$3         -0.456      0.069     -6.659      0.000
    AGREE71$4          0.567      0.070      8.105      0.000
    AGREE99$1         -0.559      0.070     -8.003      0.000
    AGREE99$2          0.575      0.070      8.208      0.000
    AGREE99$3          1.299      0.091     14.312      0.000
    AGREE99$4          2.067      0.154     13.429      0.000
    AGREE43$1         -1.026      0.080    -12.784      0.000
    AGREE43$2          0.031      0.066      0.474      0.636
    AGREE43$3          0.776      0.074     10.528      0.000
    AGREE43$4          1.441      0.098     14.702      0.000
    AGREE103$1        -0.905      0.077    -11.783      0.000
    AGREE103$2         0.150      0.066      2.262      0.024
    AGREE103$3         1.152      0.085     13.614      0.000
    AGREE103$4         1.733      0.118     14.664      0.000
    AGREE93$1         -2.201      0.174    -12.655      0.000
    AGREE93$2         -1.315      0.092    -14.371      0.000
    AGREE93$3          0.003      0.066      0.053      0.958
    AGREE93$4          0.958      0.078     12.247      0.000
    AGREE55$1         -0.730      0.073    -10.032      0.000
    AGREE55$2          0.418      0.068      6.139      0.000
    AGREE55$3          1.267      0.089     14.187      0.000
    AGREE55$4          2.129      0.163     13.086      0.000
    AGREE100$1        -1.503      0.102    -14.786      0.000
    AGREE100$2        -0.659      0.071     -9.228      0.000
    AGREE100$3         0.373      0.068      5.513      0.000
    AGREE100$4         1.299      0.091     14.312      0.000
    AGREE75$1         -1.703      0.116    -14.718      0.000
    AGREE75$2         -0.915      0.077    -11.877      0.000
    AGREE75$3         -0.249      0.067     -3.733      0.000
    AGREE75$4          0.403      0.068      5.930      0.000

 Variances
    AGREE              1.000      0.000    999.000    999.000

 Residual Variances
    APPRECI            0.312      0.038      8.267      0.000
    MEAN               0.000      0.000    999.000    999.000
    SUPER              0.269      0.035      7.712      0.000
    NEED               0.050      0.026      1.903      0.057
    CRYBABE            0.022      0.014      1.596      0.110
    TRUST              0.411      0.043      9.563      0.000
    MANIPUL            0.119      0.024      4.997      0.000
    ALTRUIS            0.173      0.042      4.144      0.000


STANDARDIZED MODEL RESULTS


STDYX Standardization

                                                    Two-Tailed
                    Estimate       S.E.  Est./S.E.    P-Value

 APPRECI  BY
    AGREE2             0.690      0.036     19.233      0.000
    AGREE72            0.834      0.028     29.458      0.000
    AGREE73            0.800      0.035     23.186      0.000
    AGREE4             0.651      0.037     17.479      0.000
    AGREE18            0.574      0.039     14.580      0.000

 MEAN     BY
    AGREE84            1.000      0.000    999.000    999.000
    AGREE52            0.781      0.026     30.006      0.000
    AGREE36            0.660      0.034     19.138      0.000
    AGREE67            0.683      0.033     20.854      0.000
    AGREE98            0.521      0.040     13.027      0.000

 SUPER    BY
    AGREE109           0.675      0.038     17.618      0.000
    AGREE106           0.639      0.039     16.192      0.000
    AGREE91            0.680      0.045     15.180      0.000
    AGREE105           0.613      0.040     15.158      0.000
    AGREE77            0.670      0.041     16.393      0.000

 NEED     BY
    AGREE37            0.241      0.064      3.737      0.000
    AGREE104          -0.054      0.072     -0.757      0.449
    AGREE30            0.836      0.105      7.983      0.000
    AGREE6             0.233      0.070      3.332      0.001
    AGREE45            0.490      0.064      7.673      0.000

 CRYBABE  BY
    AGREE83            0.185      0.058      3.197      0.001
    AGREE80            0.301      0.059      5.107      0.000
    AGREE79            0.612      0.050     12.166      0.000
    AGREE92            0.825      0.058     14.184      0.000
    AGREE78           -0.001      0.063     -0.022      0.983

 TRUST    BY
    AGREE97            0.686      0.034     19.914      0.000
    AGREE96            0.741      0.039     19.225      0.000
    AGREE25            0.729      0.039     18.503      0.000
    AGREE13            0.528      0.056      9.415      0.000
    AGREE39           -0.372      0.054     -6.895      0.000

 MANIPUL  BY
    AGREE56            0.623      0.038     16.255      0.000
    AGREE71           -0.583      0.043    -13.528      0.000
    AGREE99            0.667      0.038     17.779      0.000
    AGREE43            0.497      0.041     11.997      0.000
    AGREE103           0.566      0.042     13.500      0.000

 ALTRUIS  BY
    AGREE93            0.620      0.047     13.118      0.000
    AGREE55           -0.135      0.062     -2.174      0.030
    AGREE100           0.324      0.057      5.703      0.000
    AGREE75            0.630      0.052     12.219      0.000

 AGREE    BY
    APPRECI           -0.588      0.036    -16.109      0.000
    MEAN               1.000      0.000    999.000    999.000
    SUPER              0.641      0.033     19.505      0.000
    NEED               0.366      0.054      6.798      0.000
    CRYBABE            0.592      0.050     11.753      0.000
    TRUST             -0.354      0.046     -7.680      0.000
    MANIPUL            0.833      0.030     27.655      0.000
    ALTRUIS           -0.741      0.047    -15.874      0.000

 TRUST    WITH
    APPRECI            0.595      0.050     11.830      0.000

 Thresholds
    AGREE2$1          -2.540      0.247    -10.300      0.000
    AGREE2$2          -1.595      0.108    -14.818      0.000
    AGREE2$3          -0.730      0.073    -10.032      0.000
    AGREE2$4           0.668      0.072      9.329      0.000
    AGREE72$1         -2.201      0.174    -12.655      0.000
    AGREE72$2         -1.674      0.113    -14.758      0.000
    AGREE72$3         -0.795      0.074    -10.725      0.000
    AGREE72$4          0.449      0.068      6.555      0.000
    AGREE73$1         -2.540      0.247    -10.300      0.000
    AGREE73$2         -1.015      0.080    -12.697      0.000
    AGREE73$3          0.278      0.067      4.153      0.000
    AGREE4$1          -2.540      0.247    -10.300      0.000
    AGREE4$2          -1.874      0.131    -14.278      0.000
    AGREE4$3          -0.814      0.075    -10.920      0.000
    AGREE4$4           0.321      0.067      4.781      0.000
    AGREE18$1         -2.201      0.174    -12.655      0.000
    AGREE18$2         -1.674      0.113    -14.758      0.000
    AGREE18$3         -0.767      0.074    -10.430      0.000
    AGREE18$4          0.199      0.066      2.998      0.003
    AGREE84$1         -0.625      0.071     -8.822      0.000
    AGREE84$2          0.487      0.069      7.074      0.000
    AGREE84$3          1.620      0.109     14.807      0.000
    AGREE84$4          2.395      0.211     11.361      0.000
    AGREE52$1         -0.329      0.067     -4.886      0.000
    AGREE52$2          0.642      0.071      9.025      0.000
    AGREE52$3          1.422      0.097     14.665      0.000
    AGREE52$4          2.129      0.163     13.086      0.000
    AGREE36$1         -0.418      0.068     -6.139      0.000
    AGREE36$2          0.685      0.072      9.531      0.000
    AGREE36$3          1.349      0.093     14.481      0.000
    AGREE36$4          1.835      0.127     14.406      0.000
    AGREE67$1         -0.336      0.067     -4.991      0.000
    AGREE67$2          0.786      0.074     10.627      0.000
    AGREE67$3          1.620      0.109     14.807      0.000
    AGREE67$4          2.395      0.211     11.361      0.000
    AGREE98$1         -0.527      0.069     -7.591      0.000
    AGREE98$2          0.712      0.072      9.832      0.000
    AGREE98$3          1.547      0.104     14.815      0.000
    AGREE98$4          1.961      0.141     13.935      0.000
    AGREE109$1        -1.208      0.087    -13.914      0.000
    AGREE109$2        -0.150      0.066     -2.262      0.024
    AGREE109$3         0.721      0.073      9.932      0.000
    AGREE109$4         1.315      0.092     14.371      0.000
    AGREE106$1        -1.503      0.102    -14.786      0.000
    AGREE106$2        -0.150      0.066     -2.262      0.024
    AGREE106$3         0.915      0.077     11.877      0.000
    AGREE106$4         1.733      0.118     14.664      0.000
    AGREE91$1         -0.730      0.073    -10.032      0.000
    AGREE91$2          0.242      0.067      3.628      0.000
    AGREE91$3          1.125      0.084     13.457      0.000
    AGREE91$4          1.765      0.121     14.596      0.000
    AGREE105$1        -1.620      0.109    -14.807      0.000
    AGREE105$2        -0.739      0.073    -10.132      0.000
    AGREE105$3         0.321      0.067      4.781      0.000
    AGREE105$4         1.152      0.085     13.614      0.000
    AGREE77$1         -1.100      0.083    -13.294      0.000
    AGREE77$2         -0.314      0.067     -4.677      0.000
    AGREE77$3          0.551      0.070      7.900      0.000
    AGREE77$4          1.299      0.091     14.312      0.000
    AGREE37$1         -1.332      0.092    -14.427      0.000
    AGREE37$2         -0.456      0.069     -6.659      0.000
    AGREE37$3          0.767      0.074     10.430      0.000
    AGREE37$4          1.674      0.113     14.758      0.000
    AGREE104$1        -2.067      0.154    -13.429      0.000
    AGREE104$2        -1.332      0.092    -14.427      0.000
    AGREE104$3        -0.351      0.067     -5.200      0.000
    AGREE104$4         0.634      0.071      8.923      0.000
    AGREE30$1         -0.980      0.079    -12.429      0.000
    AGREE30$2          0.052      0.066      0.789      0.430
    AGREE30$3          0.814      0.075     10.920      0.000
    AGREE30$4          1.620      0.109     14.807      0.000
    AGREE6$1          -1.152      0.085    -13.614      0.000
    AGREE6$2          -0.045      0.066     -0.684      0.494
    AGREE6$3           0.992      0.079     12.519      0.000
    AGREE6$4           1.765      0.121     14.596      0.000
    AGREE45$1         -1.570      0.106    -14.820      0.000
    AGREE45$2         -0.559      0.070     -8.003      0.000
    AGREE45$3          0.535      0.070      7.694      0.000
    AGREE45$4          1.646      0.111     14.788      0.000
    AGREE83$1         -1.038      0.081    -12.872      0.000
    AGREE83$2         -0.038      0.066     -0.579      0.563
    AGREE83$3          0.805      0.074     10.823      0.000
    AGREE83$4          1.733      0.118     14.664      0.000
    AGREE80$1         -0.642      0.071     -9.025      0.000
    AGREE80$2          0.271      0.067      4.048      0.000
    AGREE80$3          1.112      0.083     13.376      0.000
    AGREE80$4          1.961      0.141     13.935      0.000
    AGREE79$1         -0.926      0.077    -11.970      0.000
    AGREE79$2          0.073      0.066      1.105      0.269
    AGREE79$3          0.824      0.075     11.018      0.000
    AGREE79$4          1.674      0.113     14.758      0.000
    AGREE92$1         -1.125      0.084    -13.457      0.000
    AGREE92$2         -0.059      0.066     -0.895      0.371
    AGREE92$3          0.992      0.079     12.519      0.000
    AGREE92$4          1.765      0.121     14.596      0.000
    AGREE78$1         -1.620      0.109    -14.807      0.000
    AGREE78$2         -0.776      0.074    -10.528      0.000
    AGREE78$3          0.410      0.068      6.035      0.000
    AGREE78$4          1.299      0.091     14.312      0.000
    AGREE97$1         -1.674      0.113    -14.758      0.000
    AGREE97$2         -0.844      0.075    -11.211      0.000
    AGREE97$3          0.213      0.067      3.208      0.001
    AGREE97$4          1.299      0.091     14.312      0.000
    AGREE96$1         -1.620      0.109    -14.807      0.000
    AGREE96$2         -0.805      0.074    -10.823      0.000
    AGREE96$3          0.080      0.066      1.210      0.226
    AGREE96$4          1.062      0.081     13.043      0.000
    AGREE25$1         -1.961      0.141    -13.935      0.000
    AGREE25$2         -1.087      0.082    -13.212      0.000
    AGREE25$3         -0.066      0.066     -1.000      0.317
    AGREE25$4          0.992      0.079     12.519      0.000
    AGREE13$1         -2.129      0.163    -13.086      0.000
    AGREE13$2         -1.422      0.097    -14.665      0.000
    AGREE13$3         -0.263      0.067     -3.943      0.000
    AGREE13$4          0.721      0.073      9.932      0.000
    AGREE39$1         -0.864      0.076    -11.403      0.000
    AGREE39$2          0.456      0.069      6.659      0.000
    AGREE39$3          1.125      0.084     13.457      0.000
    AGREE39$4          1.733      0.118     14.664      0.000
    AGREE56$1         -0.677      0.072     -9.430      0.000
    AGREE56$2          0.263      0.067      3.943      0.000
    AGREE56$3          1.100      0.083     13.294      0.000
    AGREE56$4          1.835      0.127     14.406      0.000
    AGREE71$1         -2.067      0.154    -13.429      0.000
    AGREE71$2         -1.385      0.095    -14.580      0.000
    AGREE71$3         -0.456      0.069     -6.659      0.000
    AGREE71$4          0.567      0.070      8.105      0.000
    AGREE99$1         -0.559      0.070     -8.003      0.000
    AGREE99$2          0.575      0.070      8.208      0.000
    AGREE99$3          1.299      0.091     14.312      0.000
    AGREE99$4          2.067      0.154     13.429      0.000
    AGREE43$1         -1.026      0.080    -12.784      0.000
    AGREE43$2          0.031      0.066      0.474      0.636
    AGREE43$3          0.776      0.074     10.528      0.000
    AGREE43$4          1.441      0.098     14.702      0.000
    AGREE103$1        -0.905      0.077    -11.783      0.000
    AGREE103$2         0.150      0.066      2.262      0.024
    AGREE103$3         1.152      0.085     13.614      0.000
    AGREE103$4         1.733      0.118     14.664      0.000
    AGREE93$1         -2.201      0.174    -12.655      0.000
    AGREE93$2         -1.315      0.092    -14.371      0.000
    AGREE93$3          0.003      0.066      0.053      0.958
    AGREE93$4          0.958      0.078     12.247      0.000
    AGREE55$1         -0.730      0.073    -10.032      0.000
    AGREE55$2          0.418      0.068      6.139      0.000
    AGREE55$3          1.267      0.089     14.187      0.000
    AGREE55$4          2.129      0.163     13.086      0.000
    AGREE100$1        -1.503      0.102    -14.786      0.000
    AGREE100$2        -0.659      0.071     -9.228      0.000
    AGREE100$3         0.373      0.068      5.513      0.000
    AGREE100$4         1.299      0.091     14.312      0.000
    AGREE75$1         -1.703      0.116    -14.718      0.000
    AGREE75$2         -0.915      0.077    -11.877      0.000
    AGREE75$3         -0.249      0.067     -3.733      0.000
    AGREE75$4          0.403      0.068      5.930      0.000

 Variances
    AGREE              1.000      0.000    999.000    999.000

 Residual Variances
    APPRECI            0.655      0.043     15.259      0.000
    MEAN               0.000    999.000    999.000    999.000
    SUPER              0.590      0.042     14.018      0.000
    NEED               0.866      0.039     21.941      0.000
    CRYBABE            0.650      0.060     10.915      0.000
    TRUST              0.874      0.033     26.727      0.000
    MANIPUL            0.306      0.050      6.107      0.000
    ALTRUIS            0.450      0.069      6.504      0.000


R-SQUARE

    Observed                                        Two-Tailed   Residual
    Variable        Estimate       S.E.  Est./S.E.    P-Value    Variance

    AGREE2             0.477      0.050      9.616      0.000      0.523
    AGREE72            0.696      0.047     14.729      0.000      0.304
    AGREE73            0.640      0.055     11.593      0.000      0.360
    AGREE4             0.424      0.048      8.740      0.000      0.576
    AGREE18            0.329      0.045      7.290      0.000      0.671
    AGREE84            1.000      0.000    999.000    999.000      0.000
    AGREE52            0.610      0.041     15.003      0.000      0.390
    AGREE36            0.436      0.046      9.569      0.000      0.564
    AGREE67            0.466      0.045     10.427      0.000      0.534
    AGREE98            0.271      0.042      6.513      0.000      0.729
    AGREE109           0.456      0.052      8.809      0.000      0.544
    AGREE106           0.408      0.050      8.096      0.000      0.592
    AGREE91            0.463      0.061      7.590      0.000      0.537
    AGREE105           0.376      0.050      7.579      0.000      0.624
    AGREE77            0.450      0.055      8.197      0.000      0.550
    AGREE37            0.058      0.031      1.869      0.062      0.942
    AGREE104           0.003      0.008      0.378      0.705      0.997
    AGREE30            0.699      0.175      3.991      0.000      0.301
    AGREE6             0.054      0.033      1.666      0.096      0.946
    AGREE45            0.240      0.063      3.837      0.000      0.760
    AGREE83            0.034      0.021      1.598      0.110      0.966
    AGREE80            0.091      0.036      2.554      0.011      0.909
    AGREE79            0.374      0.061      6.083      0.000      0.626
    AGREE92            0.681      0.096      7.092      0.000      0.319
    AGREE78            0.000      0.000      0.011      0.991      1.000
    AGREE97            0.471      0.047      9.957      0.000      0.529
    AGREE96            0.549      0.057      9.612      0.000      0.451
    AGREE25            0.532      0.057      9.251      0.000      0.468
    AGREE13            0.279      0.059      4.707      0.000      0.721
    AGREE39            0.138      0.040      3.447      0.001      0.862
    AGREE56            0.389      0.048      8.128      0.000      0.611
    AGREE71            0.340      0.050      6.764      0.000      0.660
    AGREE99            0.445      0.050      8.890      0.000      0.555
    AGREE43            0.247      0.041      5.999      0.000      0.753
    AGREE103           0.320      0.047      6.750      0.000      0.680
    AGREE93            0.384      0.059      6.559      0.000      0.616
    AGREE55            0.018      0.017      1.087      0.277      0.982
    AGREE100           0.105      0.037      2.852      0.004      0.895
    AGREE75            0.397      0.065      6.109      0.000      0.603

     Latent                                         Two-Tailed
    Variable        Estimate       S.E.  Est./S.E.    P-Value

    APPRECI            0.345      0.043      8.054      0.000
    MEAN               1.000    999.000    999.000    999.000
    SUPER              0.410      0.042      9.752      0.000
    NEED               0.134      0.039      3.399      0.001
    CRYBABE            0.350      0.060      5.877      0.000
    TRUST              0.126      0.033      3.840      0.000
    MANIPUL            0.694      0.050     13.828      0.000
    ALTRUIS            0.550      0.069      7.937      0.000


QUALITY OF NUMERICAL RESULTS

     Condition Number for the Information Matrix              0.240E-04
       (ratio of smallest to largest eigenvalue)


MODEL MODIFICATION INDICES

NOTE:  Modification indices for direct effects of observed dependent variables
regressed on covariates and residual covariances among observed dependent
variables may not be included.  To include these, request MODINDICES (ALL).

Minimum M.I. value for printing the modification index     4.000

                                   M.I.     E.P.C.  Std E.P.C.  StdYX E.P.C.

BY Statements

APPRECI  BY AGREE84              204.086     0.689      0.476        0.476
APPRECI  BY AGREE52                6.339    -0.227     -0.157       -0.157
APPRECI  BY AGREE98               78.353    -0.772     -0.533       -0.533
APPRECI  BY AGREE109               6.391     0.195      0.135        0.135
APPRECI  BY AGREE106              19.622     0.343      0.237        0.237
APPRECI  BY AGREE105              41.656     0.505      0.348        0.348
APPRECI  BY AGREE37               56.635     0.457      0.315        0.315
APPRECI  BY AGREE104             143.057     0.709      0.489        0.489
APPRECI  BY AGREE30                4.075     0.178      0.123        0.123
APPRECI  BY AGREE6                 5.527     0.146      0.101        0.101
APPRECI  BY AGREE45               10.637     0.250      0.172        0.172
APPRECI  BY AGREE83               34.320     0.444      0.306        0.306
APPRECI  BY AGREE80               17.258     0.324      0.224        0.224
APPRECI  BY AGREE78               70.000     0.609      0.421        0.421
APPRECI  BY AGREE97               45.672    -0.925     -0.638       -0.638
APPRECI  BY AGREE96               37.867    -0.897     -0.620       -0.620
APPRECI  BY AGREE25               10.438     0.449      0.310        0.310
APPRECI  BY AGREE13               30.987     0.700      0.483        0.483
APPRECI  BY AGREE39               65.967    -0.988     -0.682       -0.682
APPRECI  BY AGREE71               92.066     0.791      0.546        0.546
APPRECI  BY AGREE43                8.694     0.268      0.185        0.185
APPRECI  BY AGREE103              14.058     0.327      0.226        0.226
APPRECI  BY AGREE93              120.322     0.927      0.640        0.640
APPRECI  BY AGREE100              41.708     0.551      0.380        0.380
APPRECI  BY AGREE75               18.631     0.409      0.283        0.283
MEAN     BY AGREE73                9.746    -0.201     -0.201       -0.201
MEAN     BY AGREE4                 9.222     0.186      0.186        0.186
MEAN     BY AGREE84              249.515    -0.448     -0.448       -0.448
MEAN     BY AGREE106               7.548    -0.221     -0.221       -0.221
MEAN     BY AGREE91               23.549     0.411      0.411        0.411
MEAN     BY AGREE37               15.238    -0.172     -0.172       -0.172
MEAN     BY AGREE104              58.499    -0.340     -0.340       -0.340
MEAN     BY AGREE6                 4.319    -0.094     -0.094       -0.094
MEAN     BY AGREE83               34.279    -0.425     -0.425       -0.425
MEAN     BY AGREE80                6.353    -0.202     -0.202       -0.202
MEAN     BY AGREE92               36.452     1.426      1.426        1.426
MEAN     BY AGREE78               47.496    -0.516     -0.516       -0.516
MEAN     BY AGREE97               31.973     0.263      0.263        0.263
MEAN     BY AGREE96               43.346     0.318      0.318        0.318
MEAN     BY AGREE25               10.400    -0.150     -0.150       -0.150
MEAN     BY AGREE13               11.925    -0.145     -0.145       -0.145
MEAN     BY AGREE39               99.979     0.411      0.411        0.411
MEAN     BY AGREE71               15.435    -0.867     -0.867       -0.867
MEAN     BY AGREE55               17.859     0.617      0.617        0.617
MEAN     BY AGREE100               5.735     0.405      0.405        0.405
SUPER    BY AGREE72               12.227     0.306      0.206        0.206
SUPER    BY AGREE4                15.646     0.344      0.232        0.232
SUPER    BY AGREE18                6.715     0.223      0.151        0.151
SUPER    BY AGREE84              210.442    -0.742     -0.501       -0.501
SUPER    BY AGREE52                4.111     0.267      0.180        0.180
SUPER    BY AGREE67               12.116     0.441      0.298        0.298
SUPER    BY AGREE98                4.873    -0.300     -0.202       -0.202
SUPER    BY AGREE104              12.750    -0.255     -0.172       -0.172
SUPER    BY AGREE30                6.973     0.306      0.207        0.207
SUPER    BY AGREE45               35.144     0.556      0.376        0.376
SUPER    BY AGREE83                9.429    -0.284     -0.192       -0.192
SUPER    BY AGREE79                9.148     0.356      0.240        0.240
SUPER    BY AGREE92                9.828     0.373      0.252        0.252
SUPER    BY AGREE78                6.153    -0.236     -0.159       -0.159
SUPER    BY AGREE97               35.955     0.432      0.292        0.292
SUPER    BY AGREE96               49.961     0.522      0.353        0.353
SUPER    BY AGREE39              109.031     0.665      0.449        0.449
SUPER    BY AGREE56                4.394     0.247      0.167        0.167
SUPER    BY AGREE71                5.604     0.291      0.197        0.197
SUPER    BY AGREE99                6.736     0.309      0.209        0.209
SUPER    BY AGREE43               30.499     0.628      0.424        0.424
SUPER    BY AGREE103              38.876     0.669      0.451        0.451
SUPER    BY AGREE93                5.094     0.298      0.201        0.201
SUPER    BY AGREE100              27.320     0.619      0.418        0.418
NEED     BY AGREE72                6.295     0.727      0.175        0.175
NEED     BY AGREE4                 5.722     0.706      0.170        0.170
NEED     BY AGREE84              116.936    -2.404     -0.579       -0.579
NEED     BY AGREE67                6.329     0.858      0.207        0.207
NEED     BY AGREE91                6.785     0.802      0.193        0.193
NEED     BY AGREE77                6.946     0.783      0.189        0.189
NEED     BY AGREE80               21.466     1.298      0.313        0.313
NEED     BY AGREE92                6.202     0.769      0.185        0.185
NEED     BY AGREE97               53.286     1.883      0.453        0.453
NEED     BY AGREE96               48.870     1.912      0.460        0.460
NEED     BY AGREE39               53.126     1.848      0.445        0.445
NEED     BY AGREE71               20.085     1.491      0.359        0.359
NEED     BY AGREE103              13.421     1.117      0.269        0.269
NEED     BY AGREE93                9.210     1.022      0.246        0.246
NEED     BY AGREE55               18.435     1.318      0.317        0.317
NEED     BY AGREE100              12.892     1.108      0.267        0.267
CRYBABE  BY AGREE72                4.645     0.830      0.154        0.154
CRYBABE  BY AGREE4                 8.686     1.079      0.200        0.200
CRYBABE  BY AGREE84              183.132    -2.847     -0.527       -0.527
CRYBABE  BY AGREE36                6.889     1.411      0.261        0.261
CRYBABE  BY AGREE91               16.764     1.735      0.321        0.321
CRYBABE  BY AGREE105               4.605     0.826      0.153        0.153
CRYBABE  BY AGREE104              24.257    -1.533     -0.284       -0.284
CRYBABE  BY AGREE45                4.802     0.881      0.163        0.163
CRYBABE  BY AGREE97               25.523     1.551      0.287        0.287
CRYBABE  BY AGREE96               42.939     2.066      0.383        0.383
CRYBABE  BY AGREE25                4.616    -0.664     -0.123       -0.123
CRYBABE  BY AGREE13                6.090    -0.700     -0.130       -0.130
CRYBABE  BY AGREE39               76.840     2.473      0.458        0.458
CRYBABE  BY AGREE55               12.492     1.743      0.323        0.323
TRUST    BY AGREE72                4.290     0.313      0.215        0.215
TRUST    BY AGREE84              145.214     0.711      0.488        0.488
TRUST    BY AGREE52                7.372    -0.214     -0.147       -0.147
TRUST    BY AGREE98               51.907    -0.540     -0.370       -0.370
TRUST    BY AGREE106              17.475     0.302      0.207        0.207
TRUST    BY AGREE105              34.668     0.432      0.296        0.296
TRUST    BY AGREE77                4.211     0.151      0.104        0.104
TRUST    BY AGREE37               66.799     0.509      0.349        0.349
TRUST    BY AGREE104             148.275     0.737      0.506        0.506
TRUST    BY AGREE30                9.223     0.231      0.158        0.158
TRUST    BY AGREE6                 7.455     0.177      0.122        0.122
TRUST    BY AGREE45               20.807     0.327      0.224        0.224
TRUST    BY AGREE83               30.805     0.395      0.271        0.271
TRUST    BY AGREE80               26.310     0.370      0.254        0.254
TRUST    BY AGREE78               62.255     0.538      0.369        0.369
TRUST    BY AGREE71               84.227     0.678      0.465        0.465
TRUST    BY AGREE103              18.998     0.337      0.231        0.231
TRUST    BY AGREE93              115.063     0.756      0.518        0.518
TRUST    BY AGREE100              45.677     0.486      0.333        0.333
TRUST    BY AGREE75               12.862     0.288      0.198        0.198
MANIPUL  BY AGREE73               12.194    -0.357     -0.223       -0.223
MANIPUL  BY AGREE4                 8.010     0.281      0.175        0.175
MANIPUL  BY AGREE84              255.788    -0.797     -0.497       -0.497
MANIPUL  BY AGREE36                5.719     0.695      0.434        0.434
MANIPUL  BY AGREE91               32.735     0.722      0.450        0.450
MANIPUL  BY AGREE37               10.940    -0.251     -0.157       -0.157
MANIPUL  BY AGREE104              46.594    -0.519     -0.324       -0.324
MANIPUL  BY AGREE6                 5.433    -0.182     -0.114       -0.114
MANIPUL  BY AGREE45                4.019     0.237      0.148        0.148
MANIPUL  BY AGREE83               36.985    -0.706     -0.440       -0.440
MANIPUL  BY AGREE80                6.025    -0.308     -0.192       -0.192
MANIPUL  BY AGREE92               18.773     1.070      0.667        0.667
MANIPUL  BY AGREE78               38.916    -0.741     -0.462       -0.462
MANIPUL  BY AGREE97               28.706     0.421      0.262        0.262
MANIPUL  BY AGREE96               40.274     0.514      0.321        0.321
MANIPUL  BY AGREE25                9.414    -0.244     -0.152       -0.152
MANIPUL  BY AGREE13               11.110    -0.238     -0.149       -0.149
MANIPUL  BY AGREE39               97.161     0.687      0.428        0.428
MANIPUL  BY AGREE93                7.247     0.760      0.474        0.474
MANIPUL  BY AGREE55               13.475     0.697      0.435        0.435
MANIPUL  BY AGREE100               5.358     0.476      0.297        0.297
ALTRUIS  BY AGREE2                10.723     0.357      0.221        0.221
ALTRUIS  BY AGREE73               18.920     0.503      0.312        0.312
ALTRUIS  BY AGREE84              256.508     0.916      0.568        0.568
ALTRUIS  BY AGREE98                5.443    -0.645     -0.400       -0.400
ALTRUIS  BY AGREE106              11.463     0.475      0.295        0.295
ALTRUIS  BY AGREE91               10.832    -0.472     -0.293       -0.293
ALTRUIS  BY AGREE105               6.725     0.364      0.226        0.226
ALTRUIS  BY AGREE37               22.928     0.408      0.253        0.253
ALTRUIS  BY AGREE104              57.828     0.660      0.409        0.409
ALTRUIS  BY AGREE6                 6.616     0.222      0.137        0.137
ALTRUIS  BY AGREE83               28.018     0.681      0.422        0.422
ALTRUIS  BY AGREE80                7.328     0.381      0.236        0.236
ALTRUIS  BY AGREE78               51.856     0.942      0.584        0.584
ALTRUIS  BY AGREE97               19.114    -0.386     -0.239       -0.239
ALTRUIS  BY AGREE96               22.705    -0.433     -0.268       -0.268
ALTRUIS  BY AGREE25               26.237     0.441      0.274        0.274
ALTRUIS  BY AGREE13               19.402     0.350      0.217        0.217
ALTRUIS  BY AGREE39               84.874    -0.731     -0.453       -0.453
ALTRUIS  BY AGREE71               12.335     0.784      0.486        0.486
ALTRUIS  BY AGREE43                7.788     0.646      0.400        0.400
AGREE    BY AGREE73                9.746    -0.201     -0.201       -0.201
AGREE    BY AGREE4                 9.222     0.186      0.186        0.186
AGREE    BY AGREE84              249.515    -0.448     -0.448       -0.448
AGREE    BY AGREE106               7.548    -0.221     -0.221       -0.221
AGREE    BY AGREE91               23.549     0.411      0.411        0.411
AGREE    BY AGREE37               15.238    -0.172     -0.172       -0.172
AGREE    BY AGREE104              58.499    -0.340     -0.340       -0.340
AGREE    BY AGREE6                 4.319    -0.094     -0.094       -0.094
AGREE    BY AGREE83               34.279    -0.425     -0.425       -0.425
AGREE    BY AGREE80                6.353    -0.202     -0.202       -0.202
AGREE    BY AGREE92               36.452     1.426      1.426        1.426
AGREE    BY AGREE78               47.496    -0.516     -0.516       -0.516
AGREE    BY AGREE97               31.973     0.263      0.263        0.263
AGREE    BY AGREE96               43.346     0.318      0.318        0.318
AGREE    BY AGREE25               10.400    -0.150     -0.150       -0.150
AGREE    BY AGREE13               11.925    -0.145     -0.145       -0.145
AGREE    BY AGREE39               99.979     0.411      0.411        0.411
AGREE    BY AGREE71               15.435    -0.867     -0.867       -0.867
AGREE    BY AGREE55               17.859     0.617      0.617        0.617
AGREE    BY AGREE100               5.735     0.405      0.405        0.405

ON/BY Statements

APPRECI  ON SUPER    /
SUPER    BY APPRECI               42.493     0.418      0.409        0.409
APPRECI  ON NEED     /
NEED     BY APPRECI                9.060     0.474      0.165        0.165
APPRECI  ON CRYBABE  /
CRYBABE  BY APPRECI                6.694     0.702      0.188        0.188
APPRECI  ON MANIPUL  /
MANIPUL  BY APPRECI                5.613    -0.346     -0.312       -0.312
APPRECI  ON ALTRUIS  /
ALTRUIS  BY APPRECI               96.835     1.243      1.116        1.116
MEAN     ON APPRECI  /
APPRECI  BY MEAN                 113.081     0.498      0.344        0.344
MEAN     ON MEAN     /
MEAN     BY MEAN                 249.516    -0.448     -0.448       -0.448
MEAN     ON SUPER    /
SUPER    BY MEAN                 166.872    -0.658     -0.444       -0.444
MEAN     ON NEED     /
NEED     BY MEAN                  80.750    -1.750     -0.421       -0.421
MEAN     ON CRYBABE  /
CRYBABE  BY MEAN                 151.819    -2.553     -0.473       -0.473
MEAN     ON TRUST    /
TRUST    BY MEAN                  41.866     0.339      0.232        0.232
MEAN     ON MANIPUL  /
MANIPUL  BY MEAN                 258.942    -0.821     -0.512       -0.512
MEAN     ON ALTRUIS  /
ALTRUIS  BY MEAN                 255.169     0.915      0.567        0.567
MEAN     ON AGREE    /
AGREE    BY MEAN                 249.516    -0.448     -0.448       -0.448
SUPER    ON APPRECI  /
APPRECI  BY SUPER                 67.806     0.395      0.404        0.404
SUPER    ON NEED     /
NEED     BY SUPER                 24.389     0.794      0.283        0.283
SUPER    ON CRYBABE  /
CRYBABE  BY SUPER                  9.265     0.810      0.222        0.222
SUPER    ON TRUST    /
TRUST    BY SUPER                 53.137     0.289      0.293        0.293
SUPER    ON MANIPUL  /
MANIPUL  BY SUPER                 58.264     1.148      1.060        1.060
SUPER    ON ALTRUIS  /
ALTRUIS  BY SUPER                 13.983     0.527      0.484        0.484
NEED     ON APPRECI  /
APPRECI  BY NEED                  38.223     0.136      0.389        0.389
NEED     ON SUPER    /
SUPER    BY NEED                  24.390     0.148      0.416        0.416
NEED     ON CRYBABE  /
CRYBABE  BY NEED                   6.166     0.311      0.239        0.239
NEED     ON TRUST    /
TRUST    BY NEED                  51.931     0.131      0.374        0.374
NEED     ON ALTRUIS  /
ALTRUIS  BY NEED                   6.541     0.168      0.433        0.433
CRYBABE  ON APPRECI  /
APPRECI  BY CRYBABE               12.296     0.059      0.218        0.218
CRYBABE  ON SUPER    /
SUPER    BY CRYBABE                9.265     0.067      0.245        0.245
CRYBABE  ON NEED     /
NEED     BY CRYBABE                6.165     0.138      0.179        0.179
CRYBABE  ON TRUST    /
TRUST    BY CRYBABE               10.776     0.045      0.167        0.167
TRUST    ON SUPER    /
SUPER    BY TRUST                 20.124     0.298      0.293        0.293
TRUST    ON NEED     /
NEED     BY TRUST                 39.783     1.039      0.364        0.364
TRUST    ON CRYBABE  /
CRYBABE  BY TRUST                  4.968     0.622      0.168        0.168
TRUST    ON ALTRUIS  /
ALTRUIS  BY TRUST                 68.301     1.091      0.986        0.986
MANIPUL  ON APPRECI  /
APPRECI  BY MANIPUL                4.652    -0.107     -0.118       -0.118
MANIPUL  ON SUPER    /
SUPER    BY MANIPUL               58.266     0.509      0.551        0.551
ALTRUIS  ON APPRECI  /
APPRECI  BY ALTRUIS              177.329     0.815      0.908        0.908
ALTRUIS  ON SUPER    /
SUPER    BY ALTRUIS               13.982     0.339      0.369        0.369
ALTRUIS  ON NEED     /
NEED     BY ALTRUIS                6.541     0.581      0.225        0.225
ALTRUIS  ON TRUST    /
TRUST    BY ALTRUIS              154.453     0.631      0.698        0.698
AGREE    ON APPRECI  /
APPRECI  BY AGREE                249.516     1.103      0.761        0.761
AGREE    ON MEAN     /
MEAN     BY AGREE                249.516    -0.448     -0.448       -0.448
AGREE    ON SUPER    /
SUPER    BY AGREE                249.517    -1.035     -0.699       -0.699
AGREE    ON NEED     /
NEED     BY AGREE                249.514    -5.077     -1.222       -1.222
AGREE    ON CRYBABE  /
CRYBABE  BY AGREE                249.518    -4.086     -0.757       -0.757
AGREE    ON TRUST    /
TRUST    BY AGREE                249.512     1.841      1.263        1.263
AGREE    ON MANIPUL  /
MANIPUL  BY AGREE                249.516    -0.862     -0.537       -0.537
AGREE    ON ALTRUIS  /
ALTRUIS  BY AGREE                249.517     0.974      0.604        0.604
AGREE    ON AGREE    /
AGREE    BY AGREE                249.516    -0.448     -0.448       -0.448

WITH Statements

SUPER    WITH APPRECI             42.493     0.112      0.388        0.388
NEED     WITH APPRECI              9.060     0.024      0.190        0.190
NEED     WITH SUPER               24.390     0.040      0.343        0.343
CRYBABE  WITH APPRECI              6.694     0.016      0.188        0.188
CRYBABE  WITH SUPER                9.265     0.018      0.233        0.233
CRYBABE  WITH NEED                 6.166     0.007      0.207        0.207
TRUST    WITH SUPER               20.125     0.080      0.241        0.241
TRUST    WITH NEED                39.784     0.052      0.363        0.363
TRUST    WITH CRYBABE              4.968     0.014      0.145        0.145
MANIPUL  WITH APPRECI              5.614    -0.041     -0.213       -0.213
MANIPUL  WITH MEAN                39.779    -0.183    999.000      999.000
MANIPUL  WITH SUPER               58.265     0.137      0.764        0.764
ALTRUIS  WITH APPRECI             96.838     0.215      0.926        0.926
ALTRUIS  WITH MEAN                23.529     0.181    999.000      999.000
ALTRUIS  WITH SUPER               13.982     0.091      0.423        0.423
ALTRUIS  WITH NEED                 6.541     0.029      0.313        0.313
ALTRUIS  WITH TRUST               68.297     0.189      0.708        0.708
AGREE    WITH MEAN               249.516    -0.448    999.000      999.000

Variances/Residual Variances

MEAN                              86.512    -0.461     -0.461       -0.461
AGREE                            249.516    -0.895     -0.895       -0.895


DIAGRAM INFORMATION

  Use View Diagram under the Diagram menu in the Mplus Editor to view the diagram.
  If running Mplus from the Mplus Diagrammer, the diagram opens automatically.

  Diagram output
    f:\ipip paper\sample_usa\cfa\domnenmodelle\cfa agreeableness - gesamtmodell_5 items with modifi

     Beginning Time:  15:50:25
        Ending Time:  15:50:52
       Elapsed Time:  00:00:27



MUTHEN & MUTHEN
3463 Stoner Ave.
Los Angeles, CA  90066

Tel: (310) 391-9971
Fax: (310) 391-8971
Web: www.StatModel.com
Support: Support@StatModel.com

Copyright (c) 1998-2013 Muthen & Muthen
