Mplus VERSION 5.2
MUTHEN & MUTHEN
06/26/2012  12:46 PM

INPUT INSTRUCTIONS

  TITLE: Beispiel N1 Analysis

  DATA:
   FILE IS  "ITS_TQIPIP.txt";

  VARIABLE:
   NAMES ARE
  id
  sex
  age
  A1_1
  A1_2
  A1_3
  A1_4
  A1_5
  A2_1
  A2_2
  A2_3
  A2_4
  A2_5
  A3_1
  A3_2
  A3_3
  A3_4
  A3_5
  A4_1
  A4_2
  A4_3
  A4_4
  A4_5
  A5_1
  A5_2
  A5_3
  A5_4
  A5_5
  A6_1
  A6_2
  A6_3
  A6_4
  A6_5
  A7_1
  A7_2
  A7_3
  A7_4
  A7_5
  A8_1
  A8_2
  A8_3
  A8_4
  A8_5
  C1_1
  C1_2
  C1_3
  C1_4
  C1_5
  C2_1
  C2_2
  C2_3
  C2_4
  C2_5
  C3_1
  C3_2
  C3_3
  C3_4
  C3_5
  C4_1
  C4_2
  C4_3
  C4_4
  C4_5
  C5_1
  C5_2
  C5_3
  C5_4
  C5_5
  C6_1
  C6_2
  C6_3
  C6_4
  C6_5
  C7_1
  C7_2
  C7_3
  C7_4
  C7_5
  C8_1
  C8_2
  C8_3
  C8_4
  C8_5
  C9_1
  C9_2
  C9_3
  C9_4
  C9_5
  E1_1
  E1_2
  E1_3
  E1_4
  E1_5
  E2_1
  E2_2
  E2_3
  E2_4
  E2_5
  E3_1
  E3_2
  E3_3
  E3_4
  E3_5
  E4_1
  E4_2
  E4_3
  E4_4
  E4_5
  E5_1
  E5_2
  E5_3
  E5_4
  E5_5
  E6_1
  E6_2
  E6_3
  E6_4
  E6_5
  E7_1
  E7_2
  E7_3
  E7_4
  E7_5
  E8_1
  E8_2
  E8_3
  E8_4
  E8_5
  E9_1
  E9_2
  E9_3
  N1_1
  N1_2
  N1_3
  N1_4
  N1_5
  N2_1
  N2_2
  N2_3
  N2_4
  N2_5
  N3_1
  N3_2
  N3_3
  N3_4
  N3_5
  N4_1
  N4_2
  N4_3
  N4_4
  N4_5
  N5_1
  N5_2
  N5_3
  N5_4
  N5_5
  N6_1
  N6_2
  N6_3
  N6_4
  N6_5
  N7_1
  N7_2
  N7_3
  O1_1
  O1_2
  O1_3
  O1_4
  O1_5
  O2_1
  O2_2
  O2_3
  O2_4
  O2_5
  O3_1
  O3_2
  O3_3
  O3_4
  O3_5
  O4_1
  O4_2
  O4_3
  O4_4
  O4_5
  O5_1
  O5_2
  O5_3
  O5_4
  O5_5
  O6_1
  O6_2
  O6_3
  O6_4
  O6_5
  O7_1
  O7_2
  O7_3
  O7_4
  O7_5
  O8_1
  O8_2
  O8_3
  O8_4
  O9_1
  O9_2
  O9_4
  dataset;

   USEVARIABLES ARE
  C7_1
  C7_2
  C7_3
  C7_4
  C7_5;

  USEOBSERVATIONS ARE (Dataset eq 1);

  MISSING ARE ALL (-99);

  MODEL:

  C7 by
  C7_1
  C7_2
  C7_3
  C7_4
  C7_5;

  ANALYSIS:
   ESTIMATOR IS ML;
   Iterations are 10000;

   OUTPUT: STDYX MODINDICES(4);



INPUT READING TERMINATED NORMALLY



Beispiel N1 Analysis

SUMMARY OF ANALYSIS

Number of groups                                                 1
Number of observations                                         722

Number of dependent variables                                    5
Number of independent variables                                  0
Number of continuous latent variables                            1

Observed dependent variables

  Continuous
   C7_1        C7_2        C7_3        C7_4        C7_5

Continuous latent variables
   C7


Estimator                                                       ML
Information matrix                                        OBSERVED
Maximum number of iterations                                 10000
Convergence criterion                                    0.500D-04
Maximum number of steepest descent iterations                   20
Maximum number of iterations for H1                           2000
Convergence criterion for H1                             0.100D-03

Input data file(s)
  ITS_TQIPIP.txt

Input data format  FREE


SUMMARY OF DATA

     Number of missing data patterns             1


COVARIANCE COVERAGE OF DATA

Minimum covariance coverage value   0.100


     PROPORTION OF DATA PRESENT


           Covariance Coverage
              C7_1          C7_2          C7_3          C7_4          C7_5
              ________      ________      ________      ________      ________
 C7_1           1.000
 C7_2           1.000         1.000
 C7_3           1.000         1.000         1.000
 C7_4           1.000         1.000         1.000         1.000
 C7_5           1.000         1.000         1.000         1.000         1.000



THE MODEL ESTIMATION TERMINATED NORMALLY



TESTS OF MODEL FIT

Chi-Square Test of Model Fit

          Value                             36.008
          Degrees of Freedom                     5
          P-Value                           0.0000

Chi-Square Test of Model Fit for the Baseline Model

          Value                           1131.221
          Degrees of Freedom                    10
          P-Value                           0.0000

CFI/TLI

          CFI                                0.972
          TLI                                0.945

Loglikelihood

          H0 Value                       -4941.465
          H1 Value                       -4923.461

Information Criteria

          Number of Free Parameters             15
          Akaike (AIC)                    9912.929
          Bayesian (BIC)                  9981.660
          Sample-Size Adjusted BIC        9934.030
            (n* = (n + 2) / 24)

RMSEA (Root Mean Square Error Of Approximation)

          Estimate                           0.093
          90 Percent C.I.                    0.066  0.122
          Probability RMSEA <= .05           0.006

SRMR (Standardized Root Mean Square Residual)

          Value                              0.026



MODEL RESULTS

                                                    Two-Tailed
                    Estimate       S.E.  Est./S.E.    P-Value

 C7       BY
    C7_1               1.000      0.000    999.000    999.000
    C7_2               1.118      0.077     14.524      0.000
    C7_3               1.226      0.085     14.477      0.000
    C7_4               0.941      0.068     13.802      0.000
    C7_5               0.811      0.062     13.088      0.000

 Intercepts
    C7_1               2.816      0.046     61.228      0.000
    C7_2               2.691      0.044     61.749      0.000
    C7_3               2.566      0.043     59.213      0.000
    C7_4               2.348      0.037     62.746      0.000
    C7_5               2.371      0.037     64.963      0.000

 Variances
    C7                 0.557      0.069      8.106      0.000

 Residual Variances
    C7_1               0.970      0.059     16.449      0.000
    C7_2               0.675      0.046     14.617      0.000
    C7_3               0.518      0.042     12.238      0.000
    C7_4               0.518      0.034     15.019      0.000
    C7_5               0.596      0.036     16.420      0.000


STANDARDIZED MODEL RESULTS


STDYX Standardization

                                                    Two-Tailed
                    Estimate       S.E.  Est./S.E.    P-Value

 C7       BY
    C7_1               0.604      0.029     21.163      0.000
    C7_2               0.713      0.024     30.021      0.000
    C7_3               0.786      0.021     37.762      0.000
    C7_4               0.698      0.024     28.826      0.000
    C7_5               0.617      0.028     22.284      0.000

 Intercepts
    C7_1               2.279      0.071     32.288      0.000
    C7_2               2.298      0.071     32.363      0.000
    C7_3               2.204      0.069     31.981      0.000
    C7_4               2.335      0.072     32.504      0.000
    C7_5               2.418      0.074     32.801      0.000

 Variances
    C7                 1.000      0.000    999.000    999.000

 Residual Variances
    C7_1               0.635      0.034     18.421      0.000
    C7_2               0.492      0.034     14.550      0.000
    C7_3               0.382      0.033     11.680      0.000
    C7_4               0.512      0.034     15.135      0.000
    C7_5               0.619      0.034     18.110      0.000


R-SQUARE

    Observed                                        Two-Tailed
    Variable        Estimate       S.E.  Est./S.E.    P-Value

    C7_1               0.365      0.034     10.581      0.000
    C7_2               0.508      0.034     15.010      0.000
    C7_3               0.618      0.033     18.881      0.000
    C7_4               0.488      0.034     14.413      0.000
    C7_5               0.381      0.034     11.142      0.000


QUALITY OF NUMERICAL RESULTS

     Condition Number for the Information Matrix              0.236E-01
       (ratio of smallest to largest eigenvalue)


MODEL MODIFICATION INDICES

NOTE:  Modification indices for direct effects of observed dependent variables
regressed on covariates may not be included.  To include these, request
MODINDICES (ALL).

Minimum M.I. value for printing the modification index     4.000

                            M.I.     E.P.C.  Std E.P.C.  StdYX E.P.C.

WITH Statements

C7_2     WITH C7_1         13.995     0.147      0.147        0.182
C7_3     WITH C7_1         16.879    -0.163     -0.163       -0.230
C7_4     WITH C7_2         12.907    -0.117     -0.117       -0.198
C7_4     WITH C7_3         14.383     0.130      0.130        0.251
C7_5     WITH C7_1          6.634     0.087      0.087        0.114


     Beginning Time:  12:46:31
        Ending Time:  12:46:32
       Elapsed Time:  00:00:01



MUTHEN & MUTHEN
3463 Stoner Ave.
Los Angeles, CA  90066

Tel: (310) 391-9971
Fax: (310) 391-8971
Web: www.StatModel.com
Support: Support@StatModel.com

Copyright (c) 1998-2008 Muthen & Muthen
