Mplus VERSION 7.1
MUTHEN & MUTHEN
06/18/2015   4:42 PM

INPUT INSTRUCTIONS


  DATA:
   FILE IS  "ITS_TQIPIP.txt";

  VARIABLE:
   NAMES ARE
  id
  sex
  age
  A1_1
  A1_2
  A1_3
  A1_4
  A1_5
  A2_1
  A2_2
  A2_3
  A2_4
  A2_5
  A3_1
  A3_2
  A3_3
  A3_4
  A3_5
  A4_1
  A4_2
  A4_3
  A4_4
  A4_5
  A5_1
  A5_2
  A5_3
  A5_4
  A5_5
  A6_1
  A6_2
  A6_3
  A6_4
  A6_5
  A7_1
  A7_2
  A7_3
  A7_4
  A7_5
  A8_1
  A8_2
  A8_3
  A8_4
  A8_5
  C1_1
  C1_2
  C1_3
  C1_4
  C1_5
  C2_1
  C2_2
  C2_3
  C2_4
  C2_5
  C3_1
  C3_2
  C3_3
  C3_4
  C3_5
  C4_1
  C4_2
  C4_3
  C4_4
  C4_5
  C5_1
  C5_2
  C5_3
  C5_4
  C5_5
  C6_1
  C6_2
  C6_3
  C6_4
  C6_5
  C7_1
  C7_2
  C7_3
  C7_4
  C7_5
  C8_1
  C8_2
  C8_3
  C8_4
  C8_5
  C9_1
  C9_2
  C9_3
  C9_4
  C9_5
  E1_1
  E1_2
  E1_3
  E1_4
  E1_5
  E2_1
  E2_2
  E2_3
  E2_4
  E2_5
  E3_1
  E3_2
  E3_3
  E3_4
  E3_5
  E4_1
  E4_2
  E4_3
  E4_4
  E4_5
  E5_1
  E5_2
  E5_3
  E5_4
  E5_5
  E6_1
  E6_2
  E6_3
  E6_4
  E6_5
  E7_1
  E7_2
  E7_3
  E7_4
  E7_5
  E8_1
  E8_2
  E8_3
  E8_4
  E8_5
  E9_1
  E9_2
  E9_3
  N1_1
  N1_2
  N1_3
  N1_4
  N1_5
  N2_1
  N2_2
  N2_3
  N2_4
  N2_5
  N3_1
  N3_2
  N3_3
  N3_4
  N3_5
  N4_1
  N4_2
  N4_3
  N4_4
  N4_5
  N5_1
  N5_2
  N5_3
  N5_4
  N5_5
  N6_1
  N6_2
  N6_3
  N6_4
  N6_5
  N7_1
  N7_2
  N7_3
  O1_1
  O1_2
  O1_3
  O1_4
  O1_5
  O2_1
  O2_2
  O2_3
  O2_4
  O2_5
  O3_1
  O3_2
  O3_3
  O3_4
  O3_5
  O4_1
  O4_2
  O4_3
  O4_4
  O4_5
  O5_1
  O5_2
  O5_3
  O5_4
  O5_5
  O6_1
  O6_2
  O6_3
  O6_4
  O6_5
  O7_1
  O7_2
  O7_3
  O7_4
  O7_5
  O8_1
  O8_2
  O8_3
  O8_4
  O9_1
  O9_2
  O9_4
  dataset;

   USEVARIABLES ARE
  C8_1
  C8_2
  C8_3
  C8_4
  C8_5;

  Grouping is Dataset (0 = German 1 = US);

  MISSING ARE ALL (-99);

  MODEL:

  C8 by  C8_1
  C8_2
  C8_3
  C8_4
  C8_5;
  [C8@0];

  Model German:
  ;

  Model US:
  ;

  C8 by
  C8_2
  C8_3
  C8_4
  C8_5;

  [C8_1
  C8_2
  C8_3
  C8_4
  C8_5];

  ANALYSIS:
   ESTIMATOR IS ML;
   Iterations are 10000;

   OUTPUT: STDYX MODINDICES(4);



INPUT READING TERMINATED NORMALLY




SUMMARY OF ANALYSIS

Number of groups                                                 2
Number of observations
   Group GERMAN                                                387
   Group US                                                    722
   Total sample size                                          1109

Number of dependent variables                                    5
Number of independent variables                                  0
Number of continuous latent variables                            1

Observed dependent variables

  Continuous
   C8_1        C8_2        C8_3        C8_4        C8_5

Continuous latent variables
   C8

Variables with special functions

  Grouping variable     DATASET

Estimator                                                       ML
Information matrix                                        OBSERVED
Maximum number of iterations                                 10000
Convergence criterion                                    0.500D-04
Maximum number of steepest descent iterations                   20
Maximum number of iterations for H1                           2000
Convergence criterion for H1                             0.100D-03

Input data file(s)
  ITS_TQIPIP.txt

Input data format  FREE


SUMMARY OF DATA

   Group GERMAN
     Number of missing data patterns             1

   Group US
     Number of missing data patterns             1


COVARIANCE COVERAGE OF DATA

Minimum covariance coverage value   0.100


     PROPORTION OF DATA PRESENT FOR GERMAN


           Covariance Coverage
              C8_1          C8_2          C8_3          C8_4          C8_5
              ________      ________      ________      ________      ________
 C8_1           1.000
 C8_2           1.000         1.000
 C8_3           1.000         1.000         1.000
 C8_4           1.000         1.000         1.000         1.000
 C8_5           1.000         1.000         1.000         1.000         1.000


     PROPORTION OF DATA PRESENT FOR US


           Covariance Coverage
              C8_1          C8_2          C8_3          C8_4          C8_5
              ________      ________      ________      ________      ________
 C8_1           1.000
 C8_2           1.000         1.000
 C8_3           1.000         1.000         1.000
 C8_4           1.000         1.000         1.000         1.000
 C8_5           1.000         1.000         1.000         1.000         1.000



THE MODEL ESTIMATION TERMINATED NORMALLY



MODEL FIT INFORMATION

Number of Free Parameters                       30

Loglikelihood

          H0 Value                       -7332.240
          H1 Value                       -7307.384

Information Criteria

          Akaike (AIC)                   14724.480
          Bayesian (BIC)                 14874.816
          Sample-Size Adjusted BIC       14779.529
            (n* = (n + 2) / 24)

Chi-Square Test of Model Fit

          Value                             49.713
          Degrees of Freedom                    10
          P-Value                           0.0000

Chi-Square Contribution From Each Group

          GERMAN                            28.211
          US                                21.502

RMSEA (Root Mean Square Error Of Approximation)

          Estimate                           0.085
          90 Percent C.I.                    0.062  0.109
          Probability RMSEA <= .05           0.007

CFI/TLI

          CFI                                0.960
          TLI                                0.920

Chi-Square Test of Model Fit for the Baseline Model

          Value                           1012.756
          Degrees of Freedom                    20
          P-Value                           0.0000

SRMR (Standardized Root Mean Square Residual)

          Value                              0.032



MODEL RESULTS

                                                    Two-Tailed
                    Estimate       S.E.  Est./S.E.    P-Value

Group GERMAN

 C8       BY
    C8_1               1.000      0.000    999.000    999.000
    C8_2              -0.839      0.094     -8.960      0.000
    C8_3               0.841      0.106      7.913      0.000
    C8_4               1.087      0.122      8.920      0.000
    C8_5               0.063      0.075      0.841      0.400

 Means
    C8                 0.000      0.000    999.000    999.000

 Intercepts
    C8_1               2.935      0.050     58.786      0.000
    C8_2               3.318      0.050     66.050      0.000
    C8_3               3.380      0.051     66.644      0.000
    C8_4               3.196      0.050     64.216      0.000
    C8_5               3.925      0.043     91.628      0.000

 Variances
    C8                 0.442      0.073      6.074      0.000

 Residual Variances
    C8_1               0.523      0.058      9.094      0.000
    C8_2               0.665      0.059     11.323      0.000
    C8_3               0.683      0.059     11.528      0.000
    C8_4               0.437      0.059      7.459      0.000
    C8_5               0.708      0.051     13.897      0.000

Group US

 C8       BY
    C8_1               1.000      0.000    999.000    999.000
    C8_2              -0.853      0.075    -11.419      0.000
    C8_3               1.032      0.076     13.502      0.000
    C8_4               0.923      0.070     13.156      0.000
    C8_5               0.319      0.050      6.406      0.000

 Means
    C8                 0.000      0.000    999.000    999.000

 Intercepts
    C8_1               2.925      0.041     71.448      0.000
    C8_2               2.625      0.041     63.404      0.000
    C8_3               3.638      0.037     98.965      0.000
    C8_4               3.386      0.039     86.813      0.000
    C8_5               3.392      0.031    110.401      0.000

 Variances
    C8                 0.521      0.062      8.439      0.000

 Residual Variances
    C8_1               0.690      0.049     14.122      0.000
    C8_2               0.859      0.053     16.350      0.000
    C8_3               0.421      0.039     10.800      0.000
    C8_4               0.655      0.044     14.742      0.000
    C8_5               0.629      0.034     18.493      0.000


STANDARDIZED MODEL RESULTS


STDYX Standardization

                                                    Two-Tailed
                    Estimate       S.E.  Est./S.E.    P-Value

Group GERMAN

 C8       BY
    C8_1               0.677      0.043     15.649      0.000
    C8_2              -0.565      0.046    -12.161      0.000
    C8_3               0.561      0.046     12.243      0.000
    C8_4               0.738      0.042     17.616      0.000
    C8_5               0.050      0.059      0.839      0.401

 Means
    C8                 0.000      0.000    999.000    999.000

 Intercepts
    C8_1               2.988      0.119     25.144      0.000
    C8_2               3.357      0.131     25.639      0.000
    C8_3               3.388      0.132     25.672      0.000
    C8_4               3.264      0.128     25.528      0.000
    C8_5               4.658      0.175     26.621      0.000

 Variances
    C8                 1.000      0.000    999.000    999.000

 Residual Variances
    C8_1               0.542      0.059      9.262      0.000
    C8_2               0.681      0.052     12.988      0.000
    C8_3               0.686      0.051     13.355      0.000
    C8_4               0.455      0.062      7.366      0.000
    C8_5               0.998      0.006    167.851      0.000

Group US

 C8       BY
    C8_1               0.656      0.030     22.200      0.000
    C8_2              -0.553      0.032    -17.084      0.000
    C8_3               0.754      0.027     27.855      0.000
    C8_4               0.635      0.030     21.226      0.000
    C8_5               0.279      0.040      6.971      0.000

 Means
    C8                 0.000      0.000    999.000    999.000

 Intercepts
    C8_1               2.659      0.079     33.553      0.000
    C8_2               2.360      0.072     32.595      0.000
    C8_3               3.683      0.104     35.476      0.000
    C8_4               3.231      0.093     34.811      0.000
    C8_5               4.109      0.114     35.931      0.000

 Variances
    C8                 1.000      0.000    999.000    999.000

 Residual Variances
    C8_1               0.570      0.039     14.699      0.000
    C8_2               0.694      0.036     19.367      0.000
    C8_3               0.431      0.041     10.568      0.000
    C8_4               0.596      0.038     15.680      0.000
    C8_5               0.922      0.022     41.367      0.000


R-SQUARE

Group GERMAN

    Observed                                        Two-Tailed
    Variable        Estimate       S.E.  Est./S.E.    P-Value

    C8_1               0.458      0.059      7.825      0.000
    C8_2               0.319      0.052      6.081      0.000
    C8_3               0.314      0.051      6.122      0.000
    C8_4               0.545      0.062      8.808      0.000
    C8_5               0.002      0.006      0.420      0.675

Group US

    Observed                                        Two-Tailed
    Variable        Estimate       S.E.  Est./S.E.    P-Value

    C8_1               0.430      0.039     11.100      0.000
    C8_2               0.306      0.036      8.542      0.000
    C8_3               0.569      0.041     13.928      0.000
    C8_4               0.404      0.038     10.613      0.000
    C8_5               0.078      0.022      3.485      0.000


QUALITY OF NUMERICAL RESULTS

     Condition Number for the Information Matrix              0.759E-02
       (ratio of smallest to largest eigenvalue)


MODEL MODIFICATION INDICES

NOTE:  Modification indices for direct effects of observed dependent variables
regressed on covariates may not be included.  To include these, request
MODINDICES (ALL).

Minimum M.I. value for printing the modification index     4.000

                                   M.I.     E.P.C.  Std E.P.C.  StdYX E.P.C.
Group GERMAN


WITH Statements

C8_2     WITH C8_1                13.009    -0.177     -0.177       -0.301
C8_3     WITH C8_1                 5.737    -0.118     -0.118       -0.198
C8_4     WITH C8_2                 4.026     0.107      0.107        0.199
C8_4     WITH C8_3                13.886     0.200      0.200        0.365
C8_5     WITH C8_3                 6.851     0.101      0.101        0.145
C8_5     WITH C8_4                 8.830    -0.109     -0.109       -0.196

Group US


BY Statements

C8       BY C8_1                 999.000     0.000      0.000        0.000

WITH Statements

C8_2     WITH C8_1                 4.204     0.082      0.082        0.106
C8_4     WITH C8_1                 5.499     0.096      0.096        0.143
C8_5     WITH C8_1                 4.050     0.058      0.058        0.088
C8_5     WITH C8_4                14.602    -0.106     -0.106       -0.164



DIAGRAM INFORMATION

  Use View Diagram under the Diagram menu in the Mplus Editor to view the diagram.
  If running Mplus from the Mplus Diagrammer, the diagram opens automatically.

  Diagram output
    f:\ipip paper\messinvarianz\c\c8\c8 konfigurale invarianz.dgm

     Beginning Time:  16:42:45
        Ending Time:  16:42:46
       Elapsed Time:  00:00:01



MUTHEN & MUTHEN
3463 Stoner Ave.
Los Angeles, CA  90066

Tel: (310) 391-9971
Fax: (310) 391-8971
Web: www.StatModel.com
Support: Support@StatModel.com

Copyright (c) 1998-2013 Muthen & Muthen
