Mplus VERSION 5.2
MUTHEN & MUTHEN
07/04/2012   3:39 PM

INPUT INSTRUCTIONS


  DATA:
   FILE IS  "ITS_TQIPIP.txt";

  VARIABLE:
   NAMES ARE
  id
  sex
  age
  A1_1
  A1_2
  A1_3
  A1_4
  A1_5
  A2_1
  A2_2
  A2_3
  A2_4
  A2_5
  A3_1
  A3_2
  A3_3
  A3_4
  A3_5
  A4_1
  A4_2
  A4_3
  A4_4
  A4_5
  A5_1
  A5_2
  A5_3
  A5_4
  A5_5
  A6_1
  A6_2
  A6_3
  A6_4
  A6_5
  A7_1
  A7_2
  A7_3
  A7_4
  A7_5
  A8_1
  A8_2
  A8_3
  A8_4
  A8_5
  C1_1
  C1_2
  C1_3
  C1_4
  C1_5
  C2_1
  C2_2
  C2_3
  C2_4
  C2_5
  C3_1
  C3_2
  C3_3
  C3_4
  C3_5
  C4_1
  C4_2
  C4_3
  C4_4
  C4_5
  C5_1
  C5_2
  C5_3
  C5_4
  C5_5
  C6_1
  C6_2
  C6_3
  C6_4
  C6_5
  C7_1
  C7_2
  C7_3
  C7_4
  C7_5
  C8_1
  C8_2
  C8_3
  C8_4
  C8_5
  C9_1
  C9_2
  C9_3
  C9_4
  C9_5
  E1_1
  E1_2
  E1_3
  E1_4
  E1_5
  E2_1
  E2_2
  E2_3
  E2_4
  E2_5
  E3_1
  E3_2
  E3_3
  E3_4
  E3_5
  E4_1
  E4_2
  E4_3
  E4_4
  E4_5
  E5_1
  E5_2
  E5_3
  E5_4
  E5_5
  E6_1
  E6_2
  E6_3
  E6_4
  E6_5
  E7_1
  E7_2
  E7_3
  E7_4
  E7_5
  E8_1
  E8_2
  E8_3
  E8_4
  E8_5
  E9_1
  E9_2
  E9_3
  N1_1
  N1_2
  N1_3
  N1_4
  N1_5
  N2_1
  N2_2
  N2_3
  N2_4
  N2_5
  N3_1
  N3_2
  N3_3
  N3_4
  N3_5
  N4_1
  N4_2
  N4_3
  N4_4
  N4_5
  N5_1
  N5_2
  N5_3
  N5_4
  N5_5
  N6_1
  N6_2
  N6_3
  N6_4
  N6_5
  N7_1
  N7_2
  N7_3
  O1_1
  O1_2
  O1_3
  O1_4
  O1_5
  O2_1
  O2_2
  O2_3
  O2_4
  O2_5
  O3_1
  O3_2
  O3_3
  O3_4
  O3_5
  O4_1
  O4_2
  O4_3
  O4_4
  O4_5
  O5_1
  O5_2
  O5_3
  O5_4
  O5_5
  O6_1
  O6_2
  O6_3
  O6_4
  O6_5
  O7_1
  O7_2
  O7_3
  O7_4
  O7_5
  O8_1
  O8_2
  O8_3
  O8_4
  O9_1
  O9_2
  O9_4
  dataset;

   USEVARIABLES ARE
  C8_1
  C8_2
  C8_3
  C8_4
  C8_5;

  Grouping is Dataset (0 = German 1 = US);

  MISSING ARE ALL (-99);

  MODEL:

  C8 by  C8_1
  C8_2
  C8_3
  C8_4
  C8_5;


  Model German:
  ;

  Model US:
  ;





  ANALYSIS:
   ESTIMATOR IS ML;
   Iterations are 10000;

   OUTPUT: STDYX MODINDICES(4);



INPUT READING TERMINATED NORMALLY




SUMMARY OF ANALYSIS

Number of groups                                                 2
Number of observations
   Group GERMAN                                                387
   Group US                                                    722

Number of dependent variables                                    5
Number of independent variables                                  0
Number of continuous latent variables                            1

Observed dependent variables

  Continuous
   C8_1        C8_2        C8_3        C8_4        C8_5

Continuous latent variables
   C8

Variables with special functions

  Grouping variable     DATASET

Estimator                                                       ML
Information matrix                                        OBSERVED
Maximum number of iterations                                 10000
Convergence criterion                                    0.500D-04
Maximum number of steepest descent iterations                   20
Maximum number of iterations for H1                           2000
Convergence criterion for H1                             0.100D-03

Input data file(s)
  ITS_TQIPIP.txt

Input data format  FREE


SUMMARY OF DATA

   Group GERMAN
     Number of missing data patterns             1

   Group US
     Number of missing data patterns             1


COVARIANCE COVERAGE OF DATA

Minimum covariance coverage value   0.100


     PROPORTION OF DATA PRESENT FOR GERMAN


           Covariance Coverage
              C8_1          C8_2          C8_3          C8_4          C8_5
              ________      ________      ________      ________      ________
 C8_1           1.000
 C8_2           1.000         1.000
 C8_3           1.000         1.000         1.000
 C8_4           1.000         1.000         1.000         1.000
 C8_5           1.000         1.000         1.000         1.000         1.000


     PROPORTION OF DATA PRESENT FOR US


           Covariance Coverage
              C8_1          C8_2          C8_3          C8_4          C8_5
              ________      ________      ________      ________      ________
 C8_1           1.000
 C8_2           1.000         1.000
 C8_3           1.000         1.000         1.000
 C8_4           1.000         1.000         1.000         1.000
 C8_5           1.000         1.000         1.000         1.000         1.000



THE MODEL ESTIMATION TERMINATED NORMALLY



TESTS OF MODEL FIT

Chi-Square Test of Model Fit

          Value                            282.763
          Degrees of Freedom                    18
          P-Value                           0.0000

Chi-Square Contributions From Each Group

          GERMAN                           180.186
          US                               102.577

Chi-Square Test of Model Fit for the Baseline Model

          Value                           1012.756
          Degrees of Freedom                    20
          P-Value                           0.0000

CFI/TLI

          CFI                                0.733
          TLI                                0.704

Loglikelihood

          H0 Value                       -7448.765
          H1 Value                       -7307.384

Information Criteria

          Number of Free Parameters             22
          Akaike (AIC)                   14941.530
          Bayesian (BIC)                 15051.777
          Sample-Size Adjusted BIC       14981.899
            (n* = (n + 2) / 24)

RMSEA (Root Mean Square Error Of Approximation)

          Estimate                           0.163
          90 Percent C.I.                    0.146  0.180

SRMR (Standardized Root Mean Square Residual)

          Value                              0.159



MODEL RESULTS

                                                    Two-Tailed
                    Estimate       S.E.  Est./S.E.    P-Value

Group GERMAN

 C8       BY
    C8_1               1.000      0.000    999.000    999.000
    C8_2              -0.951      0.068    -14.055      0.000
    C8_3               1.043      0.066     15.818      0.000
    C8_4               1.039      0.064     16.139      0.000
    C8_5               0.183      0.045      4.032      0.000

 Means
    C8                 0.000      0.000    999.000    999.000

 Intercepts
    C8_1               2.793      0.044     64.155      0.000
    C8_2               3.023      0.047     64.282      0.000
    C8_3               3.396      0.045     76.146      0.000
    C8_4               3.169      0.043     73.320      0.000
    C8_5               3.519      0.030    115.807      0.000

 Variances
    C8                 0.385      0.050      7.740      0.000

 Residual Variances
    C8_1               0.575      0.054     10.688      0.000
    C8_2               0.767      0.069     11.107      0.000
    C8_3               0.637      0.057     11.084      0.000
    C8_4               0.481      0.049      9.748      0.000
    C8_5               0.873      0.068     12.900      0.000

Group US

 C8       BY
    C8_1               1.000      0.000    999.000    999.000
    C8_2              -0.951      0.068    -14.055      0.000
    C8_3               1.043      0.066     15.818      0.000
    C8_4               1.039      0.064     16.139      0.000
    C8_5               0.183      0.045      4.032      0.000

 Means
    C8                 0.227      0.049      4.678      0.000

 Intercepts
    C8_1               2.793      0.044     64.155      0.000
    C8_2               3.023      0.047     64.282      0.000
    C8_3               3.396      0.045     76.146      0.000
    C8_4               3.169      0.043     73.320      0.000
    C8_5               3.519      0.030    115.807      0.000

 Variances
    C8                 0.475      0.052      9.110      0.000

 Residual Variances
    C8_1               0.719      0.048     14.904      0.000
    C8_2               0.888      0.056     15.799      0.000
    C8_3               0.440      0.037     11.742      0.000
    C8_4               0.622      0.044     14.250      0.000
    C8_5               0.675      0.038     17.978      0.000


STANDARDIZED MODEL RESULTS


STDYX Standardization

                                                    Two-Tailed
                    Estimate       S.E.  Est./S.E.    P-Value

Group GERMAN

 C8       BY
    C8_1               0.633      0.033     19.017      0.000
    C8_2              -0.559      0.034    -16.462      0.000
    C8_3               0.630      0.031     20.517      0.000
    C8_4               0.681      0.035     19.676      0.000
    C8_5               0.121      0.030      4.083      0.000

 Means
    C8                 0.000      0.000    999.000    999.000

 Intercepts
    C8_1               2.851      0.111     25.669      0.000
    C8_2               2.863      0.116     24.690      0.000
    C8_3               3.304      0.122     27.175      0.000
    C8_4               3.348      0.120     27.795      0.000
    C8_5               3.738      0.160     23.340      0.000

 Variances
    C8                 1.000      0.000    999.000    999.000

 Residual Variances
    C8_1               0.599      0.042     14.200      0.000
    C8_2               0.688      0.038     18.114      0.000
    C8_3               0.603      0.039     15.597      0.000
    C8_4               0.537      0.047     11.395      0.000
    C8_5               0.985      0.007    138.443      0.000

Group US

 C8       BY
    C8_1               0.631      0.027     23.072      0.000
    C8_2              -0.571      0.028    -20.329      0.000
    C8_3               0.735      0.026     28.276      0.000
    C8_4               0.672      0.025     26.697      0.000
    C8_5               0.152      0.038      3.995      0.000

 Means
    C8                 0.330      0.072      4.601      0.000

 Intercepts
    C8_1               2.557      0.075     34.062      0.000
    C8_2               2.634      0.072     36.620      0.000
    C8_3               3.472      0.101     34.255      0.000
    C8_4               2.976      0.088     33.973      0.000
    C8_5               4.232      0.111     38.149      0.000

 Variances
    C8                 1.000      0.000    999.000    999.000

 Residual Variances
    C8_1               0.602      0.034     17.473      0.000
    C8_2               0.674      0.032     21.003      0.000
    C8_3               0.460      0.038     12.035      0.000
    C8_4               0.549      0.034     16.233      0.000
    C8_5               0.977      0.011     84.980      0.000


R-SQUARE

Group GERMAN

    Observed                                        Two-Tailed
    Variable        Estimate       S.E.  Est./S.E.    P-Value

    C8_1               0.401      0.042      9.508      0.000
    C8_2               0.312      0.038      8.231      0.000
    C8_3               0.397      0.039     10.258      0.000
    C8_4               0.463      0.047      9.838      0.000
    C8_5               0.015      0.007      2.041      0.041

Group US

    Observed                                        Two-Tailed
    Variable        Estimate       S.E.  Est./S.E.    P-Value

    C8_1               0.398      0.034     11.536      0.000
    C8_2               0.326      0.032     10.165      0.000
    C8_3               0.540      0.038     14.138      0.000
    C8_4               0.451      0.034     13.349      0.000
    C8_5               0.023      0.011      1.998      0.046


QUALITY OF NUMERICAL RESULTS

     Condition Number for the Information Matrix              0.138E-01
       (ratio of smallest to largest eigenvalue)


MODEL MODIFICATION INDICES

NOTE:  Modification indices for direct effects of observed dependent variables
regressed on covariates may not be included.  To include these, request
MODINDICES (ALL).

Minimum M.I. value for printing the modification index     4.000

                            M.I.     E.P.C.  Std E.P.C.  StdYX E.P.C.
Group GERMAN


BY Statements

C8       BY C8_3            4.253    -0.176     -0.109       -0.107
C8       BY C8_4            7.926     0.225      0.139        0.147

WITH Statements

C8_3     WITH C8_1          8.224    -0.127     -0.127       -0.210
C8_4     WITH C8_3          4.606     0.095      0.095        0.171
C8_5     WITH C8_1          7.114     0.108      0.108        0.152
C8_5     WITH C8_2         14.737     0.172      0.172        0.211
C8_5     WITH C8_4          6.219    -0.096     -0.096       -0.148

Means/Intercepts/Thresholds

[ C8_1     ]               31.201     0.142      0.142        0.145
[ C8_2     ]               88.604     0.294      0.294        0.279
[ C8_5     ]              107.413     0.406      0.406        0.432

Group US


BY Statements

C8       BY C8_3            4.254     0.064      0.044        0.045
C8       BY C8_4            7.933    -0.097     -0.067       -0.063

WITH Statements

C8_2     WITH C8_1          5.940     0.096      0.096        0.120
C8_5     WITH C8_1         13.204     0.106      0.106        0.152
C8_5     WITH C8_3          4.429     0.053      0.053        0.098
C8_5     WITH C8_4          8.992    -0.084     -0.084       -0.129

Means/Intercepts/Thresholds

[ C8_1     ]               31.209    -0.184     -0.184       -0.168
[ C8_2     ]               88.614    -0.302     -0.302       -0.263
[ C8_5     ]              107.410    -0.190     -0.190       -0.229



     Beginning Time:  15:39:16
        Ending Time:  15:39:17
       Elapsed Time:  00:00:01



MUTHEN & MUTHEN
3463 Stoner Ave.
Los Angeles, CA  90066

Tel: (310) 391-9971
Fax: (310) 391-8971
Web: www.StatModel.com
Support: Support@StatModel.com

Copyright (c) 1998-2008 Muthen & Muthen
