Mplus VERSION 5.2
MUTHEN & MUTHEN
07/05/2012   2:53 PM

INPUT INSTRUCTIONS


  DATA:
   FILE IS  "ITS_TQIPIP.txt";

  VARIABLE:
   NAMES ARE
  id
  sex
  age
  A1_1
  A1_2
  A1_3
  A1_4
  A1_5
  A2_1
  A2_2
  A2_3
  A2_4
  A2_5
  A3_1
  A3_2
  A3_3
  A3_4
  A3_5
  A4_1
  A4_2
  A4_3
  A4_4
  A4_5
  A5_1
  A5_2
  A5_3
  A5_4
  A5_5
  A6_1
  A6_2
  A6_3
  A6_4
  A6_5
  A7_1
  A7_2
  A7_3
  A7_4
  A7_5
  A8_1
  A8_2
  A8_3
  A8_4
  A8_5
  C1_1
  C1_2
  C1_3
  C1_4
  C1_5
  C2_1
  C2_2
  C2_3
  C2_4
  C2_5
  C3_1
  C3_2
  C3_3
  C3_4
  C3_5
  C4_1
  C4_2
  C4_3
  C4_4
  C4_5
  C5_1
  C5_2
  C5_3
  C5_4
  C5_5
  C6_1
  C6_2
  C6_3
  C6_4
  C6_5
  C7_1
  C7_2
  C7_3
  C7_4
  C7_5
  C8_1
  C8_2
  C8_3
  C8_4
  C8_5
  C9_1
  C9_2
  C9_3
  C9_4
  C9_5
  E1_1
  E1_2
  E1_3
  E1_4
  E1_5
  E2_1
  E2_2
  E2_3
  E2_4
  E2_5
  E3_1
  E3_2
  E3_3
  E3_4
  E3_5
  E4_1
  E4_2
  E4_3
  E4_4
  E4_5
  E5_1
  E5_2
  E5_3
  E5_4
  E5_5
  E6_1
  E6_2
  E6_3
  E6_4
  E6_5
  E7_1
  E7_2
  E7_3
  E7_4
  E7_5
  E8_1
  E8_2
  E8_3
  E8_4
  E8_5
  E9_1
  E9_2
  E9_3
  N1_1
  N1_2
  N1_3
  N1_4
  N1_5
  N2_1
  N2_2
  N2_3
  N2_4
  N2_5
  N3_1
  N3_2
  N3_3
  N3_4
  N3_5
  N4_1
  N4_2
  N4_3
  N4_4
  N4_5
  N5_1
  N5_2
  N5_3
  N5_4
  N5_5
  N6_1
  N6_2
  N6_3
  N6_4
  N6_5
  N7_1
  N7_2
  N7_3
  O1_1
  O1_2
  O1_3
  O1_4
  O1_5
  O2_1
  O2_2
  O2_3
  O2_4
  O2_5
  O3_1
  O3_2
  O3_3
  O3_4
  O3_5
  O4_1
  O4_2
  O4_3
  O4_4
  O4_5
  O5_1
  O5_2
  O5_3
  O5_4
  O5_5
  O6_1
  O6_2
  O6_3
  O6_4
  O6_5
  O7_1
  O7_2
  O7_3
  O7_4
  O7_5
  O8_1
  O8_2
  O8_3
  O8_4
  O9_1
  O9_2
  O9_4
  dataset;

   USEVARIABLES ARE
  E8_1
  E8_2
  E8_3
  E8_4
  E8_5;

  Grouping is Dataset (0 = German 1 = US);

  MISSING ARE ALL (-99);

  MODEL:

  E8 by  E8_1
  E8_2
  E8_3
  E8_4
  E8_5;
  [E8@0];

  Model German:
  ;

  Model US:
  ;

  E8 by
  E8_2
  E8_3
  E8_4
  E8_5;

  [E8_1
  E8_2
  E8_3
  E8_4
  E8_5];

  ANALYSIS:
   ESTIMATOR IS ML;
   Iterations are 10000;

   OUTPUT: STDYX MODINDICES(4);



INPUT READING TERMINATED NORMALLY




SUMMARY OF ANALYSIS

Number of groups                                                 2
Number of observations
   Group GERMAN                                                387
   Group US                                                    722

Number of dependent variables                                    5
Number of independent variables                                  0
Number of continuous latent variables                            1

Observed dependent variables

  Continuous
   E8_1        E8_2        E8_3        E8_4        E8_5

Continuous latent variables
   E8

Variables with special functions

  Grouping variable     DATASET

Estimator                                                       ML
Information matrix                                        OBSERVED
Maximum number of iterations                                 10000
Convergence criterion                                    0.500D-04
Maximum number of steepest descent iterations                   20
Maximum number of iterations for H1                           2000
Convergence criterion for H1                             0.100D-03

Input data file(s)
  ITS_TQIPIP.txt

Input data format  FREE


SUMMARY OF DATA

   Group GERMAN
     Number of missing data patterns             1

   Group US
     Number of missing data patterns             1


COVARIANCE COVERAGE OF DATA

Minimum covariance coverage value   0.100


     PROPORTION OF DATA PRESENT FOR GERMAN


           Covariance Coverage
              E8_1          E8_2          E8_3          E8_4          E8_5
              ________      ________      ________      ________      ________
 E8_1           1.000
 E8_2           1.000         1.000
 E8_3           1.000         1.000         1.000
 E8_4           1.000         1.000         1.000         1.000
 E8_5           1.000         1.000         1.000         1.000         1.000


     PROPORTION OF DATA PRESENT FOR US


           Covariance Coverage
              E8_1          E8_2          E8_3          E8_4          E8_5
              ________      ________      ________      ________      ________
 E8_1           1.000
 E8_2           1.000         1.000
 E8_3           1.000         1.000         1.000
 E8_4           1.000         1.000         1.000         1.000
 E8_5           1.000         1.000         1.000         1.000         1.000



THE MODEL ESTIMATION TERMINATED NORMALLY



TESTS OF MODEL FIT

Chi-Square Test of Model Fit

          Value                             53.406
          Degrees of Freedom                    10
          P-Value                           0.0000

Chi-Square Contributions From Each Group

          GERMAN                            27.585
          US                                25.820

Chi-Square Test of Model Fit for the Baseline Model

          Value                           1008.787
          Degrees of Freedom                    20
          P-Value                           0.0000

CFI/TLI

          CFI                                0.956
          TLI                                0.912

Loglikelihood

          H0 Value                       -7129.491
          H1 Value                       -7102.788

Information Criteria

          Number of Free Parameters             30
          Akaike (AIC)                   14318.983
          Bayesian (BIC)                 14469.319
          Sample-Size Adjusted BIC       14374.031
            (n* = (n + 2) / 24)

RMSEA (Root Mean Square Error Of Approximation)

          Estimate                           0.088
          90 Percent C.I.                    0.066  0.112

SRMR (Standardized Root Mean Square Residual)

          Value                              0.035



MODEL RESULTS

                                                    Two-Tailed
                    Estimate       S.E.  Est./S.E.    P-Value

Group GERMAN

 E8       BY
    E8_1               1.000      0.000    999.000    999.000
    E8_2               0.962      0.077     12.547      0.000
    E8_3               0.773      0.080      9.683      0.000
    E8_4               0.537      0.074      7.221      0.000
    E8_5               0.221      0.065      3.414      0.001

 Means
    E8                 0.000      0.000    999.000    999.000

 Intercepts
    E8_1               3.450      0.045     76.850      0.000
    E8_2               3.419      0.046     74.878      0.000
    E8_3               3.230      0.049     65.291      0.000
    E8_4               3.367      0.048     70.676      0.000
    E8_5               3.140      0.041     76.166      0.000

 Variances
    E8                 0.517      0.063      8.212      0.000

 Residual Variances
    E8_1               0.262      0.039      6.694      0.000
    E8_2               0.328      0.039      8.363      0.000
    E8_3               0.638      0.053     12.034      0.000
    E8_4               0.729      0.055     13.180      0.000
    E8_5               0.632      0.046     13.765      0.000

Group US

 E8       BY
    E8_1               1.000      0.000    999.000    999.000
    E8_2               0.758      0.065     11.731      0.000
    E8_3               0.772      0.074     10.431      0.000
    E8_4               0.993      0.081     12.195      0.000
    E8_5               0.583      0.064      9.149      0.000

 Means
    E8                 0.000      0.000    999.000    999.000

 Intercepts
    E8_1               3.691      0.036    101.593      0.000
    E8_2               3.529      0.036     97.008      0.000
    E8_3               3.247      0.039     83.601      0.000
    E8_4               3.504      0.039     90.101      0.000
    E8_5               3.598      0.033    108.484      0.000

 Variances
    E8                 0.478      0.055      8.759      0.000

 Residual Variances
    E8_1               0.475      0.041     11.460      0.000
    E8_2               0.680      0.042     16.016      0.000
    E8_3               0.804      0.049     16.438      0.000
    E8_4               0.620      0.047     13.214      0.000
    E8_5               0.632      0.037     17.023      0.000


STANDARDIZED MODEL RESULTS


STDYX Standardization

                                                    Two-Tailed
                    Estimate       S.E.  Est./S.E.    P-Value

Group GERMAN

 E8       BY
    E8_1               0.814      0.032     25.437      0.000
    E8_2               0.770      0.033     23.628      0.000
    E8_3               0.571      0.042     13.555      0.000
    E8_4               0.412      0.049      8.457      0.000
    E8_5               0.196      0.055      3.544      0.000

 Means
    E8                 0.000      0.000    999.000    999.000

 Intercepts
    E8_1               3.907      0.149     26.159      0.000
    E8_2               3.806      0.146     26.079      0.000
    E8_3               3.319      0.130     25.594      0.000
    E8_4               3.593      0.139     25.887      0.000
    E8_5               3.872      0.148     26.132      0.000

 Variances
    E8                 1.000      0.000    999.000    999.000

 Residual Variances
    E8_1               0.337      0.052      6.454      0.000
    E8_2               0.407      0.050      8.094      0.000
    E8_3               0.674      0.048     13.987      0.000
    E8_4               0.830      0.040     20.645      0.000
    E8_5               0.962      0.022     44.428      0.000

Group US

 E8       BY
    E8_1               0.709      0.031     23.086      0.000
    E8_2               0.537      0.035     15.496      0.000
    E8_3               0.511      0.035     14.525      0.000
    E8_4               0.657      0.032     20.815      0.000
    E8_5               0.453      0.037     12.094      0.000

 Means
    E8                 0.000      0.000    999.000    999.000

 Intercepts
    E8_1               3.781      0.106     35.591      0.000
    E8_2               3.610      0.102     35.382      0.000
    E8_3               3.111      0.090     34.594      0.000
    E8_4               3.353      0.096     35.014      0.000
    E8_5               4.037      0.113     35.863      0.000

 Variances
    E8                 1.000      0.000    999.000    999.000

 Residual Variances
    E8_1               0.498      0.043     11.451      0.000
    E8_2               0.712      0.037     19.161      0.000
    E8_3               0.738      0.036     20.497      0.000
    E8_4               0.568      0.042     13.669      0.000
    E8_5               0.795      0.034     23.463      0.000


R-SQUARE

Group GERMAN

    Observed                                        Two-Tailed
    Variable        Estimate       S.E.  Est./S.E.    P-Value

    E8_1               0.663      0.052     12.718      0.000
    E8_2               0.593      0.050     11.814      0.000
    E8_3               0.326      0.048      6.778      0.000
    E8_4               0.170      0.040      4.229      0.000
    E8_5               0.038      0.022      1.772      0.076

Group US

    Observed                                        Two-Tailed
    Variable        Estimate       S.E.  Est./S.E.    P-Value

    E8_1               0.502      0.043     11.543      0.000
    E8_2               0.288      0.037      7.748      0.000
    E8_3               0.262      0.036      7.263      0.000
    E8_4               0.432      0.042     10.407      0.000
    E8_5               0.205      0.034      6.047      0.000


QUALITY OF NUMERICAL RESULTS

     Condition Number for the Information Matrix              0.155E-01
       (ratio of smallest to largest eigenvalue)


MODEL MODIFICATION INDICES

NOTE:  Modification indices for direct effects of observed dependent variables
regressed on covariates may not be included.  To include these, request
MODINDICES (ALL).

Minimum M.I. value for printing the modification index     4.000

                            M.I.     E.P.C.  Std E.P.C.  StdYX E.P.C.
Group GERMAN


WITH Statements

E8_2     WITH E8_1         18.437     0.346      0.346        1.180
E8_3     WITH E8_1          5.630    -0.121     -0.121       -0.296
E8_4     WITH E8_3          5.852     0.093      0.093        0.137
E8_5     WITH E8_2          5.263    -0.068     -0.068       -0.149
E8_5     WITH E8_3         17.991     0.147      0.147        0.231

Group US


WITH Statements

E8_2     WITH E8_1         21.341     0.164      0.164        0.288
E8_4     WITH E8_2          8.383    -0.105     -0.105       -0.161
E8_5     WITH E8_1         11.147    -0.101     -0.101       -0.185
E8_5     WITH E8_3          4.010     0.062      0.062        0.086
E8_5     WITH E8_4          8.870     0.094      0.094        0.150



     Beginning Time:  14:53:04
        Ending Time:  14:53:05
       Elapsed Time:  00:00:01



MUTHEN & MUTHEN
3463 Stoner Ave.
Los Angeles, CA  90066

Tel: (310) 391-9971
Fax: (310) 391-8971
Web: www.StatModel.com
Support: Support@StatModel.com

Copyright (c) 1998-2008 Muthen & Muthen
