Mplus VERSION 7.1
MUTHEN & MUTHEN
08/13/2015  10:20 AM

INPUT INSTRUCTIONS

  TITLE:

  DATA:
  FILE IS  "factorscores_CFA.txt";
  Variable:
  Names are
  VPN
  A1
  A2
  A3
  A4
  A5
  A6
  A7
  A8
  C1
  C2
  C3
  C4
  C5
  C6
  C7
  C8
  C9
  E1
  E2
  E3
  E4
  E5
  E6
  E7
  E8
  E9
  N1
  N2
  N3
  N4
  N5
  N6
  N7
  O1
  O2
  O3
  O4
  O5
  O6
  O7
  O8
  O9
  ;

  USEVARIABLES ARE
  A1
  A2
  A3
  A4
  A5
  A6
  A7
  A8
  C1
  C2
  C3
  C4
  C5
  C6
  C7
  C8
  C9
  E1
  E2
  E3
  E4
  E5
  E6
  E7
  E8
  E9
  N1
  N2
  N3
  N4
  N5
  N6
  N7
  O1
  O2
  O3
  O4
  O5
  O6
  O7
  O8
  O9
  ;

  MISSING ARE ALL (-99);

  Analysis:
  ESTIMATOR IS ML;
  iterations = 10000;
  ROTATION=TARGET;

  Model:

  A by A1-O9 C1~0 (*t)
  C2~0 (*t)
  C3~0 (*t)
  C4~0 (*t)
  C5~0 (*t)
  C6~0 (*t)
  C7~0 (*t)
  C8~0 (*t)
  C9~0 (*t)
  E1~0 (*t)
  E2~0 (*t)
  E3~0 (*t)
  E4~0 (*t)
  E5~0 (*t)
  E6~0 (*t)
  E7~0 (*t)
  E8~0 (*t)
  E9~0 (*t)
  N1~0 (*t)
  N2~0 (*t)
  N3~0 (*t)
  N4~0 (*t)
  N5~0 (*t)
  N6~0 (*t)
  N7~0 (*t)
  O1~0 (*t)
  O2~0 (*t)
  O3~0 (*t)
  O4~0 (*t)
  O5~0 (*t)
  O6~0 (*t)
  O7~0 (*t)
  O8~0 (*t)
  O9~0 (*t)
   ;


  !SE by
  !agree
  !consc
  !extra
  !neuro
  !open;



  OUTPUT: STDYX MODINDICES(4);



INPUT READING TERMINATED NORMALLY




SUMMARY OF ANALYSIS

Number of groups                                                 1
Number of observations                                         361

Number of dependent variables                                   42
Number of independent variables                                  0
Number of continuous latent variables                            1

Observed dependent variables

  Continuous
   A1          A2          A3          A4          A5          A6
   A7          A8          C1          C2          C3          C4
   C5          C6          C7          C8          C9          E1
   E2          E3          E4          E5          E6          E7
   E8          E9          N1          N2          N3          N4
   N5          N6          N7          O1          O2          O3
   O4          O5          O6          O7          O8          O9

Continuous latent variables

  EFA factors
  *t:   A


Estimator                                                       ML
Rotation                                                    TARGET
Row standardization                                    CORRELATION
Type of rotation                                           OBLIQUE
Information matrix                                        OBSERVED
Maximum number of iterations                                 10000
Convergence criterion                                    0.500D-04
Maximum number of steepest descent iterations                   20
Maximum number of iterations for H1                           2000
Convergence criterion for H1                             0.100D-03
Optimization Specifications for the Exploratory Factor Analysis
Rotation Algorithm
  Number of random starts                                       30
  Maximum number of iterations                             1000000
  Derivative convergence criterion                       0.100D-04

Input data file(s)
  factorscores_CFA.txt

Input data format  FREE


SUMMARY OF DATA

     Number of missing data patterns             1


COVARIANCE COVERAGE OF DATA

Minimum covariance coverage value   0.100


     PROPORTION OF DATA PRESENT


           Covariance Coverage
              A1            A2            A3            A4            A5
              ________      ________      ________      ________      ________
 A1             1.000
 A2             1.000         1.000
 A3             1.000         1.000         1.000
 A4             1.000         1.000         1.000         1.000
 A5             1.000         1.000         1.000         1.000         1.000
 A6             1.000         1.000         1.000         1.000         1.000
 A7             1.000         1.000         1.000         1.000         1.000
 A8             1.000         1.000         1.000         1.000         1.000
 C1             1.000         1.000         1.000         1.000         1.000
 C2             1.000         1.000         1.000         1.000         1.000
 C3             1.000         1.000         1.000         1.000         1.000
 C4             1.000         1.000         1.000         1.000         1.000
 C5             1.000         1.000         1.000         1.000         1.000
 C6             1.000         1.000         1.000         1.000         1.000
 C7             1.000         1.000         1.000         1.000         1.000
 C8             1.000         1.000         1.000         1.000         1.000
 C9             1.000         1.000         1.000         1.000         1.000
 E1             1.000         1.000         1.000         1.000         1.000
 E2             1.000         1.000         1.000         1.000         1.000
 E3             1.000         1.000         1.000         1.000         1.000
 E4             1.000         1.000         1.000         1.000         1.000
 E5             1.000         1.000         1.000         1.000         1.000
 E6             1.000         1.000         1.000         1.000         1.000
 E7             1.000         1.000         1.000         1.000         1.000
 E8             1.000         1.000         1.000         1.000         1.000
 E9             1.000         1.000         1.000         1.000         1.000
 N1             1.000         1.000         1.000         1.000         1.000
 N2             1.000         1.000         1.000         1.000         1.000
 N3             1.000         1.000         1.000         1.000         1.000
 N4             1.000         1.000         1.000         1.000         1.000
 N5             1.000         1.000         1.000         1.000         1.000
 N6             1.000         1.000         1.000         1.000         1.000
 N7             1.000         1.000         1.000         1.000         1.000
 O1             1.000         1.000         1.000         1.000         1.000
 O2             1.000         1.000         1.000         1.000         1.000
 O3             1.000         1.000         1.000         1.000         1.000
 O4             1.000         1.000         1.000         1.000         1.000
 O5             1.000         1.000         1.000         1.000         1.000
 O6             1.000         1.000         1.000         1.000         1.000
 O7             1.000         1.000         1.000         1.000         1.000
 O8             1.000         1.000         1.000         1.000         1.000
 O9             1.000         1.000         1.000         1.000         1.000


           Covariance Coverage
              A6            A7            A8            C1            C2
              ________      ________      ________      ________      ________
 A6             1.000
 A7             1.000         1.000
 A8             1.000         1.000         1.000
 C1             1.000         1.000         1.000         1.000
 C2             1.000         1.000         1.000         1.000         1.000
 C3             1.000         1.000         1.000         1.000         1.000
 C4             1.000         1.000         1.000         1.000         1.000
 C5             1.000         1.000         1.000         1.000         1.000
 C6             1.000         1.000         1.000         1.000         1.000
 C7             1.000         1.000         1.000         1.000         1.000
 C8             1.000         1.000         1.000         1.000         1.000
 C9             1.000         1.000         1.000         1.000         1.000
 E1             1.000         1.000         1.000         1.000         1.000
 E2             1.000         1.000         1.000         1.000         1.000
 E3             1.000         1.000         1.000         1.000         1.000
 E4             1.000         1.000         1.000         1.000         1.000
 E5             1.000         1.000         1.000         1.000         1.000
 E6             1.000         1.000         1.000         1.000         1.000
 E7             1.000         1.000         1.000         1.000         1.000
 E8             1.000         1.000         1.000         1.000         1.000
 E9             1.000         1.000         1.000         1.000         1.000
 N1             1.000         1.000         1.000         1.000         1.000
 N2             1.000         1.000         1.000         1.000         1.000
 N3             1.000         1.000         1.000         1.000         1.000
 N4             1.000         1.000         1.000         1.000         1.000
 N5             1.000         1.000         1.000         1.000         1.000
 N6             1.000         1.000         1.000         1.000         1.000
 N7             1.000         1.000         1.000         1.000         1.000
 O1             1.000         1.000         1.000         1.000         1.000
 O2             1.000         1.000         1.000         1.000         1.000
 O3             1.000         1.000         1.000         1.000         1.000
 O4             1.000         1.000         1.000         1.000         1.000
 O5             1.000         1.000         1.000         1.000         1.000
 O6             1.000         1.000         1.000         1.000         1.000
 O7             1.000         1.000         1.000         1.000         1.000
 O8             1.000         1.000         1.000         1.000         1.000
 O9             1.000         1.000         1.000         1.000         1.000


           Covariance Coverage
              C3            C4            C5            C6            C7
              ________      ________      ________      ________      ________
 C3             1.000
 C4             1.000         1.000
 C5             1.000         1.000         1.000
 C6             1.000         1.000         1.000         1.000
 C7             1.000         1.000         1.000         1.000         1.000
 C8             1.000         1.000         1.000         1.000         1.000
 C9             1.000         1.000         1.000         1.000         1.000
 E1             1.000         1.000         1.000         1.000         1.000
 E2             1.000         1.000         1.000         1.000         1.000
 E3             1.000         1.000         1.000         1.000         1.000
 E4             1.000         1.000         1.000         1.000         1.000
 E5             1.000         1.000         1.000         1.000         1.000
 E6             1.000         1.000         1.000         1.000         1.000
 E7             1.000         1.000         1.000         1.000         1.000
 E8             1.000         1.000         1.000         1.000         1.000
 E9             1.000         1.000         1.000         1.000         1.000
 N1             1.000         1.000         1.000         1.000         1.000
 N2             1.000         1.000         1.000         1.000         1.000
 N3             1.000         1.000         1.000         1.000         1.000
 N4             1.000         1.000         1.000         1.000         1.000
 N5             1.000         1.000         1.000         1.000         1.000
 N6             1.000         1.000         1.000         1.000         1.000
 N7             1.000         1.000         1.000         1.000         1.000
 O1             1.000         1.000         1.000         1.000         1.000
 O2             1.000         1.000         1.000         1.000         1.000
 O3             1.000         1.000         1.000         1.000         1.000
 O4             1.000         1.000         1.000         1.000         1.000
 O5             1.000         1.000         1.000         1.000         1.000
 O6             1.000         1.000         1.000         1.000         1.000
 O7             1.000         1.000         1.000         1.000         1.000
 O8             1.000         1.000         1.000         1.000         1.000
 O9             1.000         1.000         1.000         1.000         1.000


           Covariance Coverage
              C8            C9            E1            E2            E3
              ________      ________      ________      ________      ________
 C8             1.000
 C9             1.000         1.000
 E1             1.000         1.000         1.000
 E2             1.000         1.000         1.000         1.000
 E3             1.000         1.000         1.000         1.000         1.000
 E4             1.000         1.000         1.000         1.000         1.000
 E5             1.000         1.000         1.000         1.000         1.000
 E6             1.000         1.000         1.000         1.000         1.000
 E7             1.000         1.000         1.000         1.000         1.000
 E8             1.000         1.000         1.000         1.000         1.000
 E9             1.000         1.000         1.000         1.000         1.000
 N1             1.000         1.000         1.000         1.000         1.000
 N2             1.000         1.000         1.000         1.000         1.000
 N3             1.000         1.000         1.000         1.000         1.000
 N4             1.000         1.000         1.000         1.000         1.000
 N5             1.000         1.000         1.000         1.000         1.000
 N6             1.000         1.000         1.000         1.000         1.000
 N7             1.000         1.000         1.000         1.000         1.000
 O1             1.000         1.000         1.000         1.000         1.000
 O2             1.000         1.000         1.000         1.000         1.000
 O3             1.000         1.000         1.000         1.000         1.000
 O4             1.000         1.000         1.000         1.000         1.000
 O5             1.000         1.000         1.000         1.000         1.000
 O6             1.000         1.000         1.000         1.000         1.000
 O7             1.000         1.000         1.000         1.000         1.000
 O8             1.000         1.000         1.000         1.000         1.000
 O9             1.000         1.000         1.000         1.000         1.000


           Covariance Coverage
              E4            E5            E6            E7            E8
              ________      ________      ________      ________      ________
 E4             1.000
 E5             1.000         1.000
 E6             1.000         1.000         1.000
 E7             1.000         1.000         1.000         1.000
 E8             1.000         1.000         1.000         1.000         1.000
 E9             1.000         1.000         1.000         1.000         1.000
 N1             1.000         1.000         1.000         1.000         1.000
 N2             1.000         1.000         1.000         1.000         1.000
 N3             1.000         1.000         1.000         1.000         1.000
 N4             1.000         1.000         1.000         1.000         1.000
 N5             1.000         1.000         1.000         1.000         1.000
 N6             1.000         1.000         1.000         1.000         1.000
 N7             1.000         1.000         1.000         1.000         1.000
 O1             1.000         1.000         1.000         1.000         1.000
 O2             1.000         1.000         1.000         1.000         1.000
 O3             1.000         1.000         1.000         1.000         1.000
 O4             1.000         1.000         1.000         1.000         1.000
 O5             1.000         1.000         1.000         1.000         1.000
 O6             1.000         1.000         1.000         1.000         1.000
 O7             1.000         1.000         1.000         1.000         1.000
 O8             1.000         1.000         1.000         1.000         1.000
 O9             1.000         1.000         1.000         1.000         1.000


           Covariance Coverage
              E9            N1            N2            N3            N4
              ________      ________      ________      ________      ________
 E9             1.000
 N1             1.000         1.000
 N2             1.000         1.000         1.000
 N3             1.000         1.000         1.000         1.000
 N4             1.000         1.000         1.000         1.000         1.000
 N5             1.000         1.000         1.000         1.000         1.000
 N6             1.000         1.000         1.000         1.000         1.000
 N7             1.000         1.000         1.000         1.000         1.000
 O1             1.000         1.000         1.000         1.000         1.000
 O2             1.000         1.000         1.000         1.000         1.000
 O3             1.000         1.000         1.000         1.000         1.000
 O4             1.000         1.000         1.000         1.000         1.000
 O5             1.000         1.000         1.000         1.000         1.000
 O6             1.000         1.000         1.000         1.000         1.000
 O7             1.000         1.000         1.000         1.000         1.000
 O8             1.000         1.000         1.000         1.000         1.000
 O9             1.000         1.000         1.000         1.000         1.000


           Covariance Coverage
              N5            N6            N7            O1            O2
              ________      ________      ________      ________      ________
 N5             1.000
 N6             1.000         1.000
 N7             1.000         1.000         1.000
 O1             1.000         1.000         1.000         1.000
 O2             1.000         1.000         1.000         1.000         1.000
 O3             1.000         1.000         1.000         1.000         1.000
 O4             1.000         1.000         1.000         1.000         1.000
 O5             1.000         1.000         1.000         1.000         1.000
 O6             1.000         1.000         1.000         1.000         1.000
 O7             1.000         1.000         1.000         1.000         1.000
 O8             1.000         1.000         1.000         1.000         1.000
 O9             1.000         1.000         1.000         1.000         1.000


           Covariance Coverage
              O3            O4            O5            O6            O7
              ________      ________      ________      ________      ________
 O3             1.000
 O4             1.000         1.000
 O5             1.000         1.000         1.000
 O6             1.000         1.000         1.000         1.000
 O7             1.000         1.000         1.000         1.000         1.000
 O8             1.000         1.000         1.000         1.000         1.000
 O9             1.000         1.000         1.000         1.000         1.000


           Covariance Coverage
              O8            O9
              ________      ________
 O8             1.000
 O9             1.000         1.000



THE MODEL ESTIMATION TERMINATED NORMALLY



MODEL FIT INFORMATION

Number of Free Parameters                      126

Loglikelihood

          H0 Value                      -12501.187
          H1 Value                       -9284.659

Information Criteria

          Akaike (AIC)                   25254.373
          Bayesian (BIC)                 25744.372
          Sample-Size Adjusted BIC       25344.633
            (n* = (n + 2) / 24)

Chi-Square Test of Model Fit

          Value                           6433.056
          Degrees of Freedom                   819
          P-Value                           0.0000

RMSEA (Root Mean Square Error Of Approximation)

          Estimate                           0.138
          90 Percent C.I.                    0.135  0.141
          Probability RMSEA <= .05           0.000

CFI/TLI

          CFI                                0.348
          TLI                                0.314

Chi-Square Test of Model Fit for the Baseline Model

          Value                           9470.446
          Degrees of Freedom                   861
          P-Value                           0.0000

SRMR (Standardized Root Mean Square Residual)

          Value                              0.153



MODEL RESULTS

                                                    Two-Tailed
                    Estimate       S.E.  Est./S.E.    P-Value

 A        BY
    A1                 0.384      0.028     13.556      0.000
    A2                -0.254      0.028     -9.195      0.000
    A3                 0.013      0.035      0.382      0.702
    A4                -0.038      0.022     -1.776      0.076
    A5                -0.096      0.026     -3.641      0.000
    A6                 0.254      0.038      6.756      0.000
    A7                -0.158      0.031     -5.099      0.000
    A8                 0.204      0.023      8.820      0.000
    C1                 0.197      0.044      4.445      0.000
    C2                -0.524      0.040    -13.254      0.000
    C3                -0.089      0.024     -3.782      0.000
    C4                 0.280      0.038      7.395      0.000
    C5                 0.465      0.032     14.698      0.000
    C6                 0.158      0.017      9.573      0.000
    C7                -0.145      0.035     -4.139      0.000
    C8                 0.233      0.031      7.511      0.000
    C9                 0.195      0.020      9.915      0.000
    E1                -0.257      0.027     -9.479      0.000
    E2                -0.047      0.038     -1.232      0.218
    E3                -0.041      0.038     -1.096      0.273
    E4                 0.524      0.031     16.869      0.000
    E5                 0.198      0.027      7.239      0.000
    E6                 0.204      0.040      5.117      0.000
    E7                 0.277      0.035      8.008      0.000
    E8                 0.318      0.031     10.180      0.000
    E9                 0.367      0.035     10.625      0.000
    N1                -0.246      0.037     -6.590      0.000
    N2                -0.323      0.032    -10.207      0.000
    N3                -0.176      0.035     -4.948      0.000
    N4                 0.424      0.035     12.216      0.000
    N5                -0.294      0.025    -11.647      0.000
    N6                -0.108      0.039     -2.807      0.005
    N7                -0.133      0.029     -4.506      0.000
    O1                 0.278      0.026     10.563      0.000
    O2                 0.446      0.034     13.144      0.000
    O3                 0.392      0.025     15.477      0.000
    O4                 0.261      0.045      5.847      0.000
    O5                 0.361      0.039      9.310      0.000
    O6                 0.394      0.032     12.276      0.000
    O7                 0.595      0.036     16.691      0.000
    O8                 0.211      0.037      5.759      0.000
    O9                 0.440      0.035     12.461      0.000

 Intercepts
    A1                -0.005      0.031     -0.174      0.862
    A2                 0.013      0.028      0.454      0.650
    A3                 0.001      0.033      0.018      0.986
    A4                 0.000      0.021     -0.004      0.997
    A5                 0.001      0.025      0.020      0.984
    A6                -0.004      0.037     -0.113      0.910
    A7                 0.003      0.030      0.091      0.928
    A8                -0.002      0.024     -0.084      0.933
    C1                -0.007      0.043     -0.157      0.875
    C2                 0.031      0.043      0.727      0.467
    C3                 0.000      0.022     -0.001      1.000
    C4                 0.000      0.038     -0.013      0.990
    C5                -0.005      0.035     -0.135      0.893
    C6                -0.002      0.017     -0.101      0.920
    C7                 0.004      0.034      0.126      0.900
    C8                 0.002      0.031      0.078      0.938
    C9                 0.000      0.020     -0.016      0.988
    E1                 0.003      0.028      0.094      0.925
    E2                 0.005      0.037      0.136      0.892
    E3                -0.001      0.036     -0.026      0.979
    E4                -0.014      0.036     -0.387      0.698
    E5                 0.000      0.027     -0.005      0.996
    E6                -0.003      0.039     -0.079      0.937
    E7                -0.013      0.035     -0.365      0.715
    E8                -0.003      0.032     -0.104      0.917
    E9                -0.003      0.036     -0.090      0.929
    N1                 0.002      0.037      0.064      0.949
    N2                 0.011      0.033      0.331      0.740
    N3                 0.000      0.034     -0.008      0.994
    N4                 0.001      0.037      0.025      0.980
    N5                 0.003      0.026      0.115      0.909
    N6                 0.007      0.037      0.189      0.850
    N7                 0.001      0.029      0.042      0.967
    O1                 0.002      0.027      0.073      0.942
    O2                -0.029      0.037     -0.798      0.425
    O3                -0.002      0.029     -0.053      0.958
    O4                -0.004      0.044     -0.084      0.933
    O5                -0.003      0.040     -0.081      0.935
    O6                -0.001      0.034     -0.038      0.970
    O7                -0.019      0.041     -0.474      0.636
    O8                 0.000      0.036     -0.005      0.996
    O9                -0.008      0.038     -0.207      0.836

 Variances
    A                  1.000      0.000    999.000    999.000

 Residual Variances
    A1                 0.199      0.016     12.627      0.000
    A2                 0.219      0.017     13.032      0.000
    A3                 0.403      0.030     13.434      0.000
    A4                 0.155      0.012     13.424      0.000
    A5                 0.223      0.017     13.377      0.000
    A6                 0.441      0.033     13.271      0.000
    A7                 0.302      0.023     13.322      0.000
    A8                 0.159      0.012     13.164      0.000
    C1                 0.628      0.047     13.354      0.000
    C2                 0.386      0.031     12.519      0.000
    C3                 0.175      0.013     13.363      0.000
    C4                 0.438      0.033     13.225      0.000
    C5                 0.231      0.019     12.394      0.000
    C6                 0.079      0.006     13.062      0.000
    C7                 0.394      0.029     13.366      0.000
    C8                 0.296      0.022     13.249      0.000
    C9                 0.111      0.009     13.074      0.000
    E1                 0.213      0.016     13.074      0.000
    E2                 0.483      0.036     13.429      0.000
    E3                 0.472      0.035     13.431      0.000
    E4                 0.192      0.016     11.897      0.000
    E5                 0.226      0.017     13.185      0.000
    E6                 0.500      0.038     13.322      0.000
    E7                 0.361      0.027     13.196      0.000
    E8                 0.276      0.021     12.982      0.000
    E9                 0.335      0.026     12.985      0.000
    N1                 0.431      0.033     13.251      0.000
    N2                 0.277      0.021     12.899      0.000
    N3                 0.394      0.030     13.317      0.000
    N4                 0.317      0.025     12.820      0.000
    N5                 0.166      0.013     12.643      0.000
    N6                 0.487      0.036     13.404      0.000
    N7                 0.276      0.021     13.350      0.000
    O1                 0.191      0.015     12.891      0.000
    O2                 0.292      0.023     12.734      0.000
    O3                 0.141      0.012     12.137      0.000
    O4                 0.631      0.047     13.313      0.000
    O5                 0.441      0.034     13.115      0.000
    O6                 0.265      0.021     12.649      0.000
    O7                 0.256      0.022     11.910      0.000
    O8                 0.425      0.032     13.313      0.000
    O9                 0.324      0.025     12.783      0.000


STANDARDIZED MODEL RESULTS


STDYX Standardization

                                                    Two-Tailed
                    Estimate       S.E.  Est./S.E.    P-Value

 A        BY
    A1                 0.653      0.032     20.131      0.000
    A2                -0.476      0.043    -10.976      0.000
    A3                 0.021      0.055      0.382      0.702
    A4                -0.097      0.054     -1.788      0.074
    A5                -0.199      0.053     -3.743      0.000
    A6                 0.357      0.048      7.431      0.000
    A7                -0.276      0.051     -5.383      0.000
    A8                 0.455      0.044     10.385      0.000
    C1                 0.241      0.052      4.631      0.000
    C2                -0.645      0.033    -19.283      0.000
    C3                -0.208      0.053     -3.896      0.000
    C4                 0.389      0.047      8.290      0.000
    C5                 0.695      0.030     23.495      0.000
    C6                 0.491      0.042     11.606      0.000
    C7                -0.225      0.052     -4.289      0.000
    C8                 0.393      0.046      8.452      0.000
    C9                 0.504      0.041     12.197      0.000
    E1                -0.486      0.042    -11.448      0.000
    E2                -0.068      0.055     -1.236      0.217
    E3                -0.060      0.055     -1.098      0.272
    E4                 0.767      0.024     31.820      0.000
    E5                 0.385      0.048      8.075      0.000
    E6                 0.277      0.051      5.403      0.000
    E7                 0.418      0.046      9.158      0.000
    E8                 0.518      0.041     12.660      0.000
    E9                 0.536      0.040     13.485      0.000
    N1                -0.351      0.049     -7.214      0.000
    N2                -0.522      0.041    -12.701      0.000
    N3                -0.269      0.052     -5.207      0.000
    N4                 0.601      0.036     16.789      0.000
    N5                -0.585      0.038    -15.495      0.000
    N6                -0.154      0.054     -2.854      0.004
    N7                -0.245      0.052     -4.701      0.000
    O1                 0.537      0.040     13.358      0.000
    O2                 0.637      0.033     19.049      0.000
    O3                 0.723      0.028     26.105      0.000
    O4                 0.312      0.050      6.279      0.000
    O5                 0.478      0.043     11.170      0.000
    O6                 0.608      0.036     16.895      0.000
    O7                 0.762      0.025     30.995      0.000
    O8                 0.308      0.050      6.171      0.000
    O9                 0.611      0.035     17.357      0.000

 Intercepts
    A1                -0.009      0.053     -0.174      0.862
    A2                 0.024      0.053      0.454      0.650
    A3                 0.001      0.053      0.018      0.986
    A4                 0.000      0.053     -0.004      0.997
    A5                 0.001      0.053      0.020      0.984
    A6                -0.006      0.053     -0.113      0.910
    A7                 0.005      0.053      0.091      0.928
    A8                -0.004      0.053     -0.084      0.933
    C1                -0.008      0.053     -0.157      0.875
    C2                 0.038      0.053      0.727      0.468
    C3                 0.000      0.053     -0.001      1.000
    C4                -0.001      0.053     -0.013      0.990
    C5                -0.007      0.053     -0.135      0.893
    C6                -0.005      0.053     -0.101      0.920
    C7                 0.007      0.053      0.126      0.900
    C8                 0.004      0.053      0.078      0.938
    C9                -0.001      0.053     -0.016      0.988
    E1                 0.005      0.053      0.094      0.925
    E2                 0.007      0.053      0.136      0.892
    E3                -0.001      0.053     -0.026      0.979
    E4                -0.020      0.053     -0.387      0.698
    E5                 0.000      0.053     -0.005      0.996
    E6                -0.004      0.053     -0.079      0.937
    E7                -0.019      0.053     -0.365      0.715
    E8                -0.005      0.053     -0.104      0.917
    E9                -0.005      0.053     -0.090      0.929
    N1                 0.003      0.053      0.064      0.949
    N2                 0.017      0.053      0.331      0.740
    N3                 0.000      0.053     -0.008      0.994
    N4                 0.001      0.053      0.025      0.980
    N5                 0.006      0.053      0.115      0.909
    N6                 0.010      0.053      0.189      0.850
    N7                 0.002      0.053      0.042      0.967
    O1                 0.004      0.053      0.073      0.942
    O2                -0.042      0.053     -0.798      0.425
    O3                -0.003      0.053     -0.053      0.958
    O4                -0.004      0.053     -0.084      0.933
    O5                -0.004      0.053     -0.081      0.935
    O6                -0.002      0.053     -0.038      0.970
    O7                -0.025      0.053     -0.474      0.636
    O8                 0.000      0.053     -0.005      0.996
    O9                -0.011      0.053     -0.207      0.836

 Variances
    A                  1.000      0.000    999.000    999.000

 Residual Variances
    A1                 0.574      0.042     13.537      0.000
    A2                 0.773      0.041     18.687      0.000
    A3                 1.000      0.002    426.298      0.000
    A4                 0.991      0.011     93.485      0.000
    A5                 0.960      0.021     45.295      0.000
    A6                 0.872      0.034     25.382      0.000
    A7                 0.924      0.028     32.643      0.000
    A8                 0.793      0.040     19.913      0.000
    C1                 0.942      0.025     37.458      0.000
    C2                 0.584      0.043     13.550      0.000
    C3                 0.957      0.022     43.050      0.000
    C4                 0.848      0.037     23.207      0.000
    C5                 0.517      0.041     12.579      0.000
    C6                 0.759      0.042     18.290      0.000
    C7                 0.949      0.024     40.223      0.000
    C8                 0.846      0.037     23.136      0.000
    C9                 0.746      0.042     17.879      0.000
    E1                 0.763      0.041     18.470      0.000
    E2                 0.995      0.007    132.972      0.000
    E3                 0.996      0.007    150.949      0.000
    E4                 0.412      0.037     11.153      0.000
    E5                 0.852      0.037     23.232      0.000
    E6                 0.923      0.028     32.549      0.000
    E7                 0.825      0.038     21.623      0.000
    E8                 0.731      0.042     17.223      0.000
    E9                 0.713      0.043     16.726      0.000
    N1                 0.877      0.034     25.631      0.000
    N2                 0.727      0.043     16.918      0.000
    N3                 0.927      0.028     33.295      0.000
    N4                 0.638      0.043     14.824      0.000
    N5                 0.658      0.044     14.895      0.000
    N6                 0.976      0.017     59.018      0.000
    N7                 0.940      0.025     36.921      0.000
    O1                 0.712      0.043     16.509      0.000
    O2                 0.595      0.043     13.979      0.000
    O3                 0.477      0.040     11.919      0.000
    O4                 0.903      0.031     29.087      0.000
    O5                 0.772      0.041     18.890      0.000
    O6                 0.631      0.044     14.432      0.000
    O7                 0.420      0.037     11.226      0.000
    O8                 0.905      0.031     29.446      0.000
    O9                 0.627      0.043     14.559      0.000


R-SQUARE

    Observed                                        Two-Tailed
    Variable        Estimate       S.E.  Est./S.E.    P-Value

    A1                 0.426      0.042     10.065      0.000
    A2                 0.227      0.041      5.488      0.000
    A3                 0.000      0.002      0.191      0.848
    A4                 0.009      0.011      0.894      0.371
    A5                 0.040      0.021      1.871      0.061
    A6                 0.128      0.034      3.715      0.000
    A7                 0.076      0.028      2.691      0.007
    A8                 0.207      0.040      5.193      0.000
    C1                 0.058      0.025      2.316      0.021
    C2                 0.416      0.043      9.641      0.000
    C3                 0.043      0.022      1.948      0.051
    C4                 0.152      0.037      4.145      0.000
    C5                 0.483      0.041     11.747      0.000
    C6                 0.241      0.042      5.803      0.000
    C7                 0.051      0.024      2.145      0.032
    C8                 0.154      0.037      4.226      0.000
    C9                 0.254      0.042      6.099      0.000
    E1                 0.237      0.041      5.724      0.000
    E2                 0.005      0.007      0.618      0.537
    E3                 0.004      0.007      0.549      0.583
    E4                 0.588      0.037     15.910      0.000
    E5                 0.148      0.037      4.038      0.000
    E6                 0.077      0.028      2.702      0.007
    E7                 0.175      0.038      4.579      0.000
    E8                 0.269      0.042      6.330      0.000
    E9                 0.287      0.043      6.743      0.000
    N1                 0.123      0.034      3.607      0.000
    N2                 0.273      0.043      6.350      0.000
    N3                 0.073      0.028      2.603      0.009
    N4                 0.362      0.043      8.395      0.000
    N5                 0.342      0.044      7.747      0.000
    N6                 0.024      0.017      1.427      0.154
    N7                 0.060      0.025      2.350      0.019
    O1                 0.288      0.043      6.679      0.000
    O2                 0.405      0.043      9.524      0.000
    O3                 0.523      0.040     13.052      0.000
    O4                 0.097      0.031      3.140      0.002
    O5                 0.228      0.041      5.585      0.000
    O6                 0.369      0.044      8.447      0.000
    O7                 0.580      0.037     15.498      0.000
    O8                 0.095      0.031      3.085      0.002
    O9                 0.373      0.043      8.679      0.000


QUALITY OF NUMERICAL RESULTS

     Condition Number for the Information Matrix              0.576E-01
       (ratio of smallest to largest eigenvalue)


MODEL MODIFICATION INDICES

NOTE:  Modification indices for direct effects of observed dependent variables
regressed on covariates may not be included.  To include these, request
MODINDICES (ALL).

Minimum M.I. value for printing the modification index     4.000

                                   M.I.     E.P.C.  Std E.P.C.  StdYX E.P.C.

WITH Statements

A2       WITH A1                  20.746    -0.052     -0.052       -0.249
A3       WITH A1                  11.361    -0.052     -0.052       -0.182
A3       WITH A2                 130.260     0.180      0.180        0.607
A4       WITH A1                  12.046     0.033      0.033        0.188
A4       WITH A2                   7.322     0.026      0.026        0.144
A4       WITH A3                  30.992     0.073      0.073        0.293
A5       WITH A1                   4.277     0.024      0.024        0.112
A5       WITH A2                  20.591     0.053      0.053        0.242
A5       WITH A3                  23.899     0.077      0.077        0.258
A5       WITH A4                  16.883     0.040      0.040        0.217
A6       WITH A1                  33.986     0.094      0.094        0.317
A6       WITH A2                   4.157    -0.034     -0.034       -0.109
A6       WITH A4                  47.969     0.096      0.096        0.367
A6       WITH A5                  15.144     0.065      0.065        0.206
A7       WITH A1                  16.591    -0.054     -0.054       -0.221
A7       WITH A2                  99.979     0.137      0.137        0.533
A7       WITH A3                 108.137     0.191      0.191        0.549
A7       WITH A4                  12.820     0.041      0.041        0.189
A7       WITH A5                   4.727     0.030      0.030        0.115
A8       WITH A1                  31.732     0.055      0.055        0.308
A8       WITH A2                  20.645    -0.046     -0.046       -0.244
A8       WITH A3                  11.895    -0.046     -0.046       -0.183
A8       WITH A4                   8.481     0.024      0.024        0.155
A8       WITH A6                  17.474     0.059      0.059        0.223
A8       WITH A7                   7.789    -0.033     -0.033       -0.149
C1       WITH A1                  12.166    -0.067     -0.067       -0.189
C1       WITH A2                  85.283     0.183      0.183        0.492
C1       WITH A3                 147.890     0.323      0.323        0.641
C1       WITH A4                   8.557     0.048      0.048        0.154
C1       WITH A5                  15.925     0.079      0.079        0.211
C1       WITH A7                  74.421     0.199      0.199        0.456
C2       WITH A1                   4.472     0.033      0.033        0.118
C2       WITH A2                  17.817     0.067      0.067        0.231
C2       WITH A3                   5.175     0.048      0.048        0.123
C2       WITH A4                  28.267     0.070      0.070        0.287
C2       WITH A5                  26.305     0.081      0.081        0.277
C2       WITH A6                  18.809     0.097      0.097        0.236
C2       WITH A8                   7.192     0.036      0.036        0.146
C3       WITH A2                  43.681     0.069      0.069        0.352
C3       WITH A3                  50.223     0.099      0.099        0.374
C3       WITH A4                  26.995     0.045      0.045        0.274
C3       WITH A5                  56.018     0.078      0.078        0.395
C3       WITH A6                   8.781     0.044      0.044        0.157
C3       WITH A7                  69.363     0.101      0.101        0.440
C3       WITH C1                  19.211     0.077      0.077        0.232
C3       WITH C2                  25.203     0.070      0.070        0.271
C4       WITH A3                   5.412     0.052      0.052        0.123
C4       WITH A4                  13.553     0.051      0.051        0.195
C4       WITH A6                   4.616    -0.050     -0.050       -0.114
C4       WITH A8                   6.389    -0.036     -0.036       -0.135
C4       WITH C1                  14.661     0.107      0.107        0.203
C4       WITH C3                   6.161    -0.036     -0.036       -0.132
C5       WITH A1                   4.518    -0.026     -0.026       -0.119
C5       WITH A6                   7.063    -0.046     -0.046       -0.146
C5       WITH A8                   7.749    -0.029     -0.029       -0.153
C5       WITH C1                  12.504     0.074      0.074        0.193
C5       WITH C2                  29.532    -0.091     -0.091       -0.305
C5       WITH C3                   8.277    -0.032     -0.032       -0.157
C5       WITH C4                  94.544     0.170      0.170        0.533
C6       WITH A4                   8.850     0.017      0.017        0.158
C6       WITH A7                  10.312    -0.026     -0.026       -0.171
C6       WITH C3                  14.815    -0.024     -0.024       -0.205
C6       WITH C4                 100.114     0.100      0.100        0.536
C6       WITH C5                  42.256     0.048      0.048        0.359
C7       WITH A2                  13.679     0.058      0.058        0.197
C7       WITH A3                   7.134     0.056      0.056        0.141
C7       WITH A5                   6.686     0.040      0.040        0.137
C7       WITH A6                   4.715     0.048      0.048        0.115
C7       WITH A7                  15.796     0.072      0.072        0.210
C7       WITH A8                  13.533     0.049      0.049        0.196
C7       WITH C1                   5.932     0.064      0.064        0.129
C7       WITH C2                  13.979     0.079      0.079        0.202
C7       WITH C3                  62.751     0.110      0.110        0.418
C7       WITH C4                  31.534    -0.124     -0.124       -0.298
C7       WITH C5                  28.642    -0.088     -0.088       -0.292
C7       WITH C6                   8.946    -0.028     -0.028       -0.159
C8       WITH A3                   5.606     0.043      0.043        0.125
C8       WITH A4                   9.271     0.035      0.035        0.161
C8       WITH A8                   4.079    -0.023     -0.023       -0.108
C8       WITH C3                  14.098     0.045      0.045        0.199
C8       WITH C4                  20.383     0.087      0.087        0.241
C8       WITH C5                  18.737     0.062      0.062        0.237
C8       WITH C6                  10.328     0.026      0.026        0.172
C8       WITH C7                   5.140     0.041      0.041        0.120
C9       WITH A1                   8.497    -0.024     -0.024       -0.160
C9       WITH C3                   4.316    -0.015     -0.015       -0.111
C9       WITH C4                  28.945     0.064      0.064        0.289
C9       WITH C5                  19.819     0.039      0.039        0.246
C9       WITH C6                   4.364     0.011      0.011        0.113
C9       WITH C7                  12.876    -0.040     -0.040       -0.192
E1       WITH A3                   6.311    -0.039     -0.039       -0.134
E1       WITH A5                   6.844    -0.030     -0.030       -0.139
E1       WITH C3                   5.775    -0.025     -0.025       -0.128
E1       WITH C4                   8.982     0.049      0.049        0.161
E1       WITH C5                   7.264     0.033      0.033        0.149
E1       WITH C6                  23.719     0.034      0.034        0.262
E1       WITH C7                   6.485    -0.039     -0.039       -0.136
E2       WITH A1                  14.071    -0.063     -0.063       -0.203
E2       WITH A2                  69.083     0.144      0.144        0.442
E2       WITH A3                  64.904     0.187      0.187        0.424
E2       WITH A7                  89.175     0.190      0.190        0.499
E2       WITH C1                  33.887     0.169      0.169        0.307
E2       WITH C3                  96.056     0.150      0.150        0.517
E2       WITH C4                  28.895    -0.131     -0.131       -0.285
E2       WITH C5                  14.084    -0.068     -0.068       -0.204
E2       WITH C6                  54.691    -0.077     -0.077       -0.394
E2       WITH C7                  41.162     0.148      0.148        0.338
E2       WITH E1                  11.836    -0.059     -0.059       -0.183
E3       WITH A6                  12.259    -0.085     -0.085       -0.185
E3       WITH C4                  18.481     0.104      0.104        0.228
E3       WITH C5                   5.944     0.044      0.044        0.133
E3       WITH C6                  20.415     0.046      0.046        0.240
E3       WITH E1                  70.910     0.142      0.142        0.448
E4       WITH A6                  12.665     0.058      0.058        0.199
E4       WITH C3                   5.807     0.025      0.025        0.134
E4       WITH C4                   7.644    -0.045     -0.045       -0.155
E4       WITH C6                  16.303    -0.028     -0.028       -0.227
E4       WITH E1                   6.836    -0.030     -0.030       -0.147
E4       WITH E3                  14.504    -0.064     -0.064       -0.211
E5       WITH A1                   8.693    -0.034     -0.034       -0.160
E5       WITH A2                  78.707     0.106      0.106        0.475
E5       WITH A3                 139.793     0.189      0.189        0.626
E5       WITH A5                  23.232     0.057      0.057        0.256
E5       WITH A7                 101.959     0.140      0.140        0.536
E5       WITH C1                 163.883     0.256      0.256        0.679
E5       WITH C2                  10.402     0.052      0.052        0.175
E5       WITH C3                  47.719     0.073      0.073        0.366
E5       WITH C7                  15.550     0.062      0.062        0.209
E5       WITH E1                  17.275    -0.049     -0.049       -0.223
E5       WITH E2                  62.570     0.138      0.138        0.419
E6       WITH A2                  13.801     0.066      0.066        0.198
E6       WITH A3                  17.537     0.099      0.099        0.221
E6       WITH A4                   7.305     0.040      0.040        0.143
E6       WITH A5                  78.792     0.157      0.157        0.469
E6       WITH A6                  15.805     0.099      0.099        0.211
E6       WITH A7                  12.807     0.074      0.074        0.189
E6       WITH A8                   5.916     0.037      0.037        0.130
E6       WITH C1                   9.253     0.090      0.090        0.161
E6       WITH C2                  20.118     0.107      0.107        0.243
E6       WITH C3                  55.571     0.116      0.116        0.394
E6       WITH C4                   9.078    -0.075     -0.075       -0.160
E6       WITH C5                   6.789    -0.048     -0.048       -0.142
E6       WITH C6                  18.059    -0.045     -0.045       -0.227
E6       WITH C7                  24.483     0.116      0.116        0.262
E6       WITH C9                   7.401    -0.034     -0.034       -0.145
E6       WITH E1                  86.222    -0.162     -0.162       -0.496
E6       WITH E2                  11.468     0.088      0.088        0.179
E6       WITH E3                  25.157    -0.129     -0.129       -0.265
E6       WITH E4                  25.870     0.088      0.088        0.283
E6       WITH E5                  38.891     0.111      0.111        0.331
E7       WITH A2                  22.386     0.071      0.071        0.254
E7       WITH A3                  10.342     0.065      0.065        0.171
E7       WITH A7                  22.234     0.083      0.083        0.251
E7       WITH C2                   4.179     0.042      0.042        0.111
E7       WITH C3                  37.892     0.082      0.082        0.327
E7       WITH C4                   5.711    -0.051     -0.051       -0.128
E7       WITH C5                  11.502    -0.054     -0.054       -0.186
E7       WITH C6                  11.348    -0.030     -0.030       -0.181
E7       WITH C7                  10.675     0.065      0.065        0.174
E7       WITH E1                  17.158    -0.062     -0.062       -0.222
E7       WITH E2                  30.710     0.123      0.123        0.294
E7       WITH E4                   4.837     0.032      0.032        0.123
E7       WITH E5                  14.072     0.057      0.057        0.200
E7       WITH E6                  26.687     0.117      0.117        0.275
E8       WITH A1                   5.966     0.031      0.031        0.134
E8       WITH A2                   5.856     0.032      0.032        0.130
E8       WITH A3                  18.014     0.075      0.075        0.226
E8       WITH A4                  15.472     0.043      0.043        0.210
E8       WITH A5                  32.591     0.076      0.076        0.305
E8       WITH A6                  29.370     0.101      0.101        0.291
E8       WITH A7                  14.020     0.058      0.058        0.200
E8       WITH C2                   7.890     0.050      0.050        0.154
E8       WITH C3                  28.851     0.063      0.063        0.287
E8       WITH C4                   5.460    -0.044     -0.044       -0.125
E8       WITH C5                   7.041    -0.037     -0.037       -0.147
E8       WITH C6                  10.879    -0.026     -0.026       -0.178
E8       WITH C7                  17.929     0.075      0.075        0.226
E8       WITH C9                   8.150    -0.027     -0.027       -0.154
E8       WITH E1                  94.191    -0.127     -0.127       -0.524
E8       WITH E2                  12.733     0.069      0.069        0.190
E8       WITH E3                  57.004    -0.145     -0.145       -0.403
E8       WITH E4                  20.793     0.059      0.059        0.257
E8       WITH E5                  14.732     0.051      0.051        0.206
E8       WITH E6                  76.351     0.174      0.174        0.467
E8       WITH E7                  17.960     0.072      0.072        0.228
E9       WITH A1                  15.737    -0.056     -0.056       -0.218
E9       WITH A2                   7.072     0.039      0.039        0.144
E9       WITH A7                   5.077     0.038      0.038        0.121
E9       WITH C4                   4.459    -0.043     -0.043       -0.113
E9       WITH C6                  21.498    -0.041     -0.041       -0.251
E9       WITH C9                   5.372     0.024      0.024        0.125
E9       WITH E1                  24.318    -0.071     -0.071       -0.266
E9       WITH E2                  25.069     0.107      0.107        0.267
E9       WITH E3                  27.098    -0.110     -0.110       -0.278
E9       WITH E4                  19.705     0.064      0.064        0.251
E9       WITH E6                  19.246     0.096      0.096        0.235
E9       WITH E7                   4.522     0.040      0.040        0.114
E9       WITH E8                   6.160     0.041      0.041        0.134
N1       WITH A2                  85.296     0.152      0.152        0.494
N1       WITH A3                  54.427     0.163      0.163        0.390
N1       WITH A5                  82.443     0.149      0.149        0.481
N1       WITH A6                   4.181    -0.047     -0.047       -0.109
N1       WITH A7                  43.219     0.126      0.126        0.349
N1       WITH A8                   5.714    -0.033     -0.033       -0.128
N1       WITH C1                  65.658     0.224      0.224        0.430
N1       WITH C2                   4.830     0.049      0.049        0.119
N1       WITH C3                  65.747     0.118      0.118        0.430
N1       WITH C4                   4.903     0.051      0.051        0.118
N1       WITH C7                  18.419     0.094      0.094        0.227
N1       WITH C8                   5.408     0.044      0.044        0.124
N1       WITH E2                  27.310     0.126      0.126        0.276
N1       WITH E3                   5.784     0.057      0.057        0.127
N1       WITH E5                  63.872     0.133      0.133        0.425
N1       WITH E6                  28.919     0.133      0.133        0.285
N1       WITH E7                   7.493     0.058      0.058        0.146
N1       WITH E8                  12.228     0.065      0.065        0.187
N2       WITH A1                   7.277     0.035      0.035        0.148
N2       WITH A2                   9.536     0.041      0.041        0.167
N2       WITH A3                  10.361     0.057      0.057        0.172
N2       WITH A4                  19.676     0.049      0.049        0.237
N2       WITH A5                  20.832     0.061      0.061        0.244
N2       WITH A7                  13.503     0.057      0.057        0.197
N2       WITH A8                   4.503     0.024      0.024        0.114
N2       WITH C1                   6.372     0.056      0.056        0.135
N2       WITH C2                  22.091     0.084      0.084        0.258
N2       WITH C3                  34.356     0.069      0.069        0.313
N2       WITH C4                   9.483     0.058      0.058        0.165
N2       WITH C6                  20.617     0.036      0.036        0.245
N2       WITH C7                  17.087     0.073      0.073        0.221
N2       WITH C8                   8.007     0.044      0.044        0.152
N2       WITH E1                  10.861     0.043      0.043        0.178
N2       WITH E3                  29.850     0.105      0.105        0.291
N2       WITH E4                  35.902    -0.078     -0.078       -0.338
N2       WITH E5                   7.447     0.037      0.037        0.146
N2       WITH E9                  15.840    -0.066     -0.066       -0.216
N2       WITH N1                  17.585     0.078      0.078        0.225
N3       WITH A1                  16.050     0.061      0.061        0.217
N3       WITH A3                  12.771     0.075      0.075        0.189
N3       WITH A4                  59.057     0.100      0.100        0.406
N3       WITH A5                  60.104     0.121      0.121        0.410
N3       WITH A6                   4.953     0.049      0.049        0.118
N3       WITH A7                   8.623     0.054      0.054        0.155
N3       WITH A8                   9.434     0.041      0.041        0.164
N3       WITH C1                  12.055     0.091      0.091        0.184
N3       WITH C2                  20.878     0.096      0.096        0.247
N3       WITH C3                  68.394     0.115      0.115        0.437
N3       WITH C4                  17.352     0.092      0.092        0.221
N3       WITH C5                   5.588     0.039      0.039        0.129
N3       WITH C6                  22.170     0.044      0.044        0.251
N3       WITH C7                  20.416     0.094      0.094        0.239
N3       WITH C8                  27.599     0.095      0.095        0.279
N3       WITH E3                   9.108     0.069      0.069        0.159
N3       WITH E4                  12.584    -0.054     -0.054       -0.197
N3       WITH E5                   7.363     0.043      0.043        0.144
N3       WITH E6                  11.104     0.078      0.078        0.176
N3       WITH E9                  12.728    -0.069     -0.069       -0.191
N3       WITH N1                  32.960     0.126      0.126        0.305
N3       WITH N2                 109.109     0.185      0.185        0.559
N4       WITH A1                  15.242    -0.054     -0.054       -0.216
N4       WITH A2                  17.476     0.060      0.060        0.227
N4       WITH A3                  25.635     0.097      0.097        0.272
N4       WITH A5                  16.574    -0.058     -0.058       -0.219
N4       WITH A6                  10.601    -0.066     -0.066       -0.176
N4       WITH A7                  16.597     0.068      0.068        0.219
N4       WITH C1                   6.548     0.061      0.061        0.138
N4       WITH C2                   4.859    -0.043     -0.043       -0.122
N4       WITH C3                   4.939     0.028      0.028        0.120
N4       WITH C5                   5.613    -0.036     -0.036       -0.132
N4       WITH E2                  48.000     0.146      0.146        0.372
N4       WITH E3                   5.174     0.047      0.047        0.122
N4       WITH E5                  18.760     0.063      0.063        0.234
N4       WITH E6                   7.734    -0.060     -0.060       -0.150
N4       WITH E9                   7.454     0.049      0.049        0.149
N4       WITH N3                   9.498    -0.059     -0.059       -0.166
N5       WITH A1                   7.037     0.027      0.027        0.146
N5       WITH A2                  22.868     0.049      0.049        0.259
N5       WITH A3                  10.354     0.045      0.045        0.173
N5       WITH A4                  44.710     0.057      0.057        0.359
N5       WITH A5                  43.428     0.068      0.068        0.354
N5       WITH A6                  25.959     0.074      0.074        0.275
N5       WITH A7                  10.124     0.038      0.038        0.171
N5       WITH A8                  16.476     0.036      0.036        0.220
N5       WITH C1                   7.686     0.048      0.048        0.149
N5       WITH C2                 123.670     0.155      0.155        0.613
N5       WITH C3                  63.308     0.073      0.073        0.427
N5       WITH C5                  16.139    -0.044     -0.044       -0.224
N5       WITH C7                  46.719     0.094      0.094        0.367
N5       WITH C8                   5.540     0.028      0.028        0.127
N5       WITH C9                   6.727    -0.019     -0.019       -0.141
N5       WITH E2                  11.032     0.050      0.050        0.178
N5       WITH E3                   7.372     0.041      0.041        0.146
N5       WITH E5                  14.744     0.040      0.040        0.207
N5       WITH E6                  28.423     0.083      0.083        0.287
N5       WITH E7                  16.123     0.053      0.053        0.217
N5       WITH E8                  13.533     0.043      0.043        0.200
N5       WITH E9                   7.331    -0.035     -0.035       -0.147
N5       WITH N1                  19.562     0.064      0.064        0.238
N5       WITH N2                  68.105     0.096      0.096        0.449
N5       WITH N3                  68.800     0.114      0.114        0.446
N6       WITH A1                  20.780     0.077      0.077        0.247
N6       WITH A4                  27.715     0.076      0.076        0.277
N6       WITH A5                 116.552     0.188      0.188        0.570
N6       WITH A6                   5.109     0.055      0.055        0.120
N6       WITH A8                  13.911     0.055      0.055        0.198
N6       WITH C2                  16.243     0.094      0.094        0.218
N6       WITH C3                  32.124     0.087      0.087        0.299
N6       WITH C4                  13.258     0.089      0.089        0.193
N6       WITH C5                   6.012     0.045      0.045        0.134
N6       WITH C8                  12.670     0.072      0.072        0.189
N6       WITH E2                   6.907    -0.067     -0.067       -0.138
N6       WITH E3                   7.160     0.068      0.068        0.141
N6       WITH E6                  32.511     0.149      0.149        0.301
N6       WITH E9                   6.229    -0.054     -0.054       -0.133
N6       WITH N1                  31.983     0.137      0.137        0.299
N6       WITH N2                  36.170     0.118      0.118        0.321
N6       WITH N3                  94.522     0.225      0.225        0.514
N6       WITH N4                  44.817    -0.141     -0.141       -0.360
N6       WITH N5                  29.135     0.082      0.082        0.290
N7       WITH A2                   8.400     0.038      0.038        0.154
N7       WITH A3                  38.362     0.109      0.109        0.327
N7       WITH A4                  90.694     0.104      0.104        0.503
N7       WITH A5                  72.880     0.112      0.112        0.451
N7       WITH A6                  26.448     0.095      0.095        0.273
N7       WITH A7                  22.496     0.072      0.072        0.251
N7       WITH C1                  15.295     0.086      0.086        0.207
N7       WITH C2                  17.172     0.073      0.073        0.224
N7       WITH C3                  64.370     0.093      0.093        0.424
N7       WITH C4                   8.687     0.054      0.054        0.156
N7       WITH C6                   5.984     0.019      0.019        0.130
N7       WITH C7                  15.096     0.068      0.068        0.205
N7       WITH C8                   8.101     0.043      0.043        0.151
N7       WITH E5                   8.013     0.037      0.037        0.150
N7       WITH E6                  22.492     0.093      0.093        0.251
N7       WITH E8                   9.360     0.045      0.045        0.164
N7       WITH N1                  22.707     0.087      0.087        0.253
N7       WITH N2                  43.041     0.097      0.097        0.351
N7       WITH N3                  77.750     0.154      0.154        0.466
N7       WITH N5                  41.155     0.074      0.074        0.345
N7       WITH N6                  65.080     0.156      0.156        0.426
O1       WITH A1                   6.354    -0.027     -0.027       -0.139
O1       WITH A2                  58.467     0.084      0.084        0.413
O1       WITH A3                  39.043     0.092      0.092        0.334
O1       WITH A6                   8.557    -0.046     -0.046       -0.157
O1       WITH A7                  64.194     0.103      0.103        0.429
O1       WITH C1                  21.899     0.087      0.087        0.250
O1       WITH C3                  58.151     0.074      0.074        0.408
O1       WITH C4                  10.465    -0.050     -0.050       -0.174
O1       WITH C5                   8.162    -0.033     -0.033       -0.158
O1       WITH C6                   7.331    -0.018     -0.018       -0.146
O1       WITH C7                  14.819     0.056      0.056        0.206
O1       WITH E2                  91.896     0.155      0.155        0.512
O1       WITH E3                  16.985     0.066      0.066        0.220
O1       WITH E4                   5.438    -0.025     -0.025       -0.132
O1       WITH E5                  58.042     0.085      0.085        0.409
O1       WITH E7                  37.632     0.087      0.087        0.330
O1       WITH E9                   4.976     0.031      0.031        0.121
O1       WITH N1                  20.316     0.069      0.069        0.242
O1       WITH N2                  22.058     0.058      0.058        0.254
O1       WITH N3                   4.459     0.031      0.031        0.113
O1       WITH N4                  31.577     0.075      0.075        0.307
O1       WITH N5                  20.776     0.044      0.044        0.248
O1       WITH N6                   4.103    -0.033     -0.033       -0.108
O2       WITH A2                   5.089    -0.031     -0.031       -0.123
O2       WITH A5                   6.086     0.034      0.034        0.133
O2       WITH C3                  17.449     0.051      0.051        0.226
O2       WITH C7                  10.437     0.059      0.059        0.175
O2       WITH C9                  19.342    -0.043     -0.043       -0.240
O2       WITH E2                   8.945     0.061      0.061        0.161
O2       WITH E8                  13.852     0.058      0.058        0.204
O2       WITH E9                   4.607    -0.037     -0.037       -0.118
O2       WITH N3                   9.146     0.055      0.055        0.164
O2       WITH N4                   4.591    -0.036     -0.036       -0.118
O2       WITH N6                   6.428     0.052      0.052        0.137
O2       WITH N7                  16.560     0.062      0.062        0.220
O3       WITH A1                  19.011     0.041      0.041        0.247
O3       WITH A2                   5.367     0.023      0.023        0.128
O3       WITH A3                   4.506     0.028      0.028        0.116
O3       WITH C2                  24.380     0.065      0.065        0.279
O3       WITH C3                   7.409     0.023      0.023        0.149
O3       WITH C5                  14.019    -0.039     -0.039       -0.214
O3       WITH C7                  16.303     0.052      0.052        0.222
O3       WITH E3                   5.148     0.032      0.032        0.124
O3       WITH E4                  14.591    -0.037     -0.037       -0.223
O3       WITH E5                  19.776     0.044      0.044        0.245
O3       WITH E7                  11.210     0.042      0.042        0.185
O3       WITH N2                  20.853     0.050      0.050        0.254
O3       WITH N3                  11.127     0.043      0.043        0.183
O3       WITH N4                   6.177     0.029      0.029        0.140
O3       WITH N5                  35.087     0.051      0.051        0.332
O3       WITH O1                  46.406     0.062      0.062        0.380
O3       WITH O2                   6.121    -0.028     -0.028       -0.140
O4       WITH A5                   7.825     0.056      0.056        0.148
O4       WITH C2                  13.427     0.098      0.098        0.199
O4       WITH C7                   4.684     0.057      0.057        0.115
O4       WITH C8                   4.838    -0.051     -0.051       -0.117
O4       WITH C9                   4.967     0.032      0.032        0.119
O4       WITH E1                  10.012     0.062      0.062        0.169
O4       WITH E2                   4.884    -0.064     -0.064       -0.117
O4       WITH E3                  17.444     0.120      0.120        0.221
O4       WITH E4                   8.025    -0.055     -0.055       -0.158
O4       WITH E8                   7.860    -0.063     -0.063       -0.150
O4       WITH E9                   4.335    -0.051     -0.051       -0.112
O4       WITH N2                  21.846     0.105      0.105        0.250
O4       WITH N3                   9.551     0.082      0.082        0.164
O4       WITH N4                   8.385    -0.070     -0.070       -0.156
O4       WITH N5                  16.968     0.072      0.072        0.222
O4       WITH N6                  12.199     0.102      0.102        0.185
O4       WITH O3                  18.472     0.070      0.070        0.236
O5       WITH A8                   4.639     0.031      0.031        0.116
O5       WITH C2                  12.826     0.081      0.081        0.196
O5       WITH C4                   6.012    -0.058     -0.058       -0.131
O5       WITH C5                   6.435    -0.045     -0.045       -0.140
O5       WITH C7                  14.680     0.085      0.085        0.204
O5       WITH N2                  15.437     0.074      0.074        0.212
O5       WITH N3                   5.281     0.051      0.051        0.123
O5       WITH N4                   4.474    -0.043     -0.043       -0.115
O5       WITH N5                  23.974     0.072      0.072        0.266
O5       WITH N6                   4.710     0.053      0.053        0.116
O5       WITH O1                   6.252     0.039      0.039        0.135
O5       WITH O2                   9.200     0.059      0.059        0.166
O5       WITH O3                   9.487     0.043      0.043        0.171
O5       WITH O4                  54.683     0.208      0.208        0.395
O6       WITH A2                   9.623     0.041      0.041        0.169
O6       WITH A3                  18.068     0.075      0.075        0.228
O6       WITH A4                   4.027     0.022      0.022        0.108
O6       WITH A5                  14.348     0.050      0.050        0.204
O6       WITH A7                  10.308     0.049      0.049        0.173
O6       WITH C1                  20.992     0.101      0.101        0.247
O6       WITH C2                  13.358     0.065      0.065        0.202
O6       WITH C3                  21.834     0.054      0.054        0.252
O6       WITH C4                   4.850     0.041      0.041        0.119
O6       WITH C6                  24.479     0.039      0.039        0.269
O6       WITH C7                  10.270     0.056      0.056        0.173
O6       WITH C9                   6.674    -0.024     -0.024       -0.141
O6       WITH E1                  16.281     0.052      0.052        0.220
O6       WITH E3                  46.293     0.129      0.129        0.366
O6       WITH E4                  23.035    -0.062     -0.062       -0.274
O6       WITH E5                  26.998     0.069      0.069        0.281
O6       WITH E8                   7.636    -0.041     -0.041       -0.151
O6       WITH E9                  24.760    -0.081     -0.081       -0.272
O6       WITH N1                   6.935     0.048      0.048        0.142
O6       WITH N2                  37.300     0.090      0.090        0.333
O6       WITH N3                  48.751     0.122      0.122        0.376
O6       WITH N5                  18.513     0.050      0.050        0.236
O6       WITH N6                  12.625     0.069      0.069        0.191
O6       WITH N7                  24.956     0.073      0.073        0.269
O6       WITH O1                  23.916     0.060      0.060        0.267
O6       WITH O2                   6.775     0.040      0.040        0.144
O6       WITH O3                  23.005     0.052      0.052        0.270
O6       WITH O4                  14.159     0.083      0.083        0.203
O6       WITH O5                  11.097     0.062      0.062        0.181
O7       WITH A1                  11.756     0.044      0.044        0.197
O7       WITH C2                   6.751     0.047      0.047        0.149
O7       WITH C6                   6.558     0.020      0.020        0.144
O7       WITH C9                  16.649    -0.039     -0.039       -0.229
O7       WITH E1                   8.262     0.038      0.038        0.161
O7       WITH E2                   4.444    -0.041     -0.041       -0.117
O7       WITH E3                  20.919     0.088      0.088        0.253
O7       WITH E8                   4.336    -0.031     -0.031       -0.117
O7       WITH E9                  19.292    -0.073     -0.073       -0.248
O7       WITH N2                  23.909     0.073      0.073        0.275
O7       WITH N3                  19.256     0.077      0.077        0.244
O7       WITH N5                   8.357     0.034      0.034        0.164
O7       WITH N6                   7.881     0.055      0.055        0.156
O7       WITH O1                   9.886     0.039      0.039        0.177
O7       WITH O2                  22.538     0.074      0.074        0.271
O7       WITH O3                   4.423     0.023      0.023        0.123
O7       WITH O4                  21.535     0.104      0.104        0.258
O7       WITH O5                  15.557     0.074      0.074        0.221
O7       WITH O6                  55.721     0.111      0.111        0.425
O8       WITH A1                  10.734     0.052      0.052        0.178
O8       WITH A5                  81.412     0.147      0.147        0.477
O8       WITH A6                  49.149     0.161      0.161        0.372
O8       WITH A7                   6.719    -0.049     -0.049       -0.137
O8       WITH A8                   7.134     0.037      0.037        0.142
O8       WITH C2                  17.262     0.091      0.091        0.225
O8       WITH C3                   4.051     0.029      0.029        0.106
O8       WITH C4                  18.363    -0.098     -0.098       -0.228
O8       WITH C5                  14.201    -0.065     -0.065       -0.206
O8       WITH C6                   7.419    -0.027     -0.027       -0.146
O8       WITH C9                  15.040    -0.045     -0.045       -0.207
O8       WITH E1                  28.792    -0.086     -0.086       -0.287
O8       WITH E3                  27.146    -0.123     -0.123       -0.275
O8       WITH E4                  15.817     0.063      0.063        0.222
O8       WITH E6                  77.987     0.216      0.216        0.468
O8       WITH E8                  29.330     0.099      0.099        0.290
O8       WITH N2                   4.849    -0.040     -0.040       -0.118
O8       WITH N4                  23.010    -0.095     -0.095       -0.259
O8       WITH N5                   4.110     0.029      0.029        0.109
O8       WITH N6                  30.153     0.132      0.132        0.290
O8       WITH N7                   7.170     0.049      0.049        0.142
O9       WITH A2                   5.811     0.035      0.035        0.131
O9       WITH A3                   8.930     0.058      0.058        0.161
O9       WITH A7                   5.518     0.040      0.040        0.127
O9       WITH C1                   9.010     0.073      0.073        0.162
O9       WITH C4                   4.428     0.043      0.043        0.114
O9       WITH C6                   5.868     0.021      0.021        0.132
O9       WITH C9                  22.653     0.049      0.049        0.259
O9       WITH E1                   9.914     0.045      0.045        0.171
O9       WITH E3                  31.501     0.118      0.118        0.302
O9       WITH E4                   4.717    -0.031     -0.031       -0.124
O9       WITH E5                  13.910     0.055      0.055        0.202
O9       WITH E6                   9.363    -0.066     -0.066       -0.165
O9       WITH E8                  16.578    -0.066     -0.066       -0.222
O9       WITH E9                   6.323    -0.045     -0.045       -0.137
O9       WITH N2                   6.139     0.041      0.041        0.135
O9       WITH N4                  20.075     0.079      0.079        0.246
O9       WITH N5                   9.983     0.040      0.040        0.173
O9       WITH O1                  12.139     0.047      0.047        0.190
O9       WITH O2                  11.886    -0.059     -0.059       -0.191
O9       WITH O3                  16.163     0.048      0.048        0.226
O9       WITH O4                  16.847     0.100      0.100        0.222
O9       WITH O6                  18.447     0.069      0.069        0.236
O9       WITH O8                   7.823    -0.056     -0.056       -0.151


DIAGRAM INFORMATION

  Use View Diagram under the Diagram menu in the Mplus Editor to view the diagram.
  If running Mplus from the Mplus Diagrammer, the diagram opens automatically.

  Diagram output
    f:\ipip paper\sample_usa\cfa\gesamtmodell\esem\esem_with target rotation_try.dgm

     Beginning Time:  10:20:07
        Ending Time:  10:20:09
       Elapsed Time:  00:00:02



MUTHEN & MUTHEN
3463 Stoner Ave.
Los Angeles, CA  90066

Tel: (310) 391-9971
Fax: (310) 391-8971
Web: www.StatModel.com
Support: Support@StatModel.com

Copyright (c) 1998-2013 Muthen & Muthen
