Mplus VERSION 8.4 (Mac)
MUTHEN & MUTHEN
06/19/2020   4:34 PM

INPUT INSTRUCTIONS

  TITLE:

  DATA:
  FILE IS  "factorscores_CFA.txt";
  Variable:
  Names are
  VPN
  A1
  A2
  A3
  A4
  A5
  A6
  A7
  A8
  C1
  C2
  C3
  C4
  C5
  C6
  C7
  C8
  C9
  E1
  E2
  E3
  E4
  E5
  E6
  E7
  E8
  E9
  N1
  N2
  N3
  N4
  N5
  N6
  N7
  O1
  O2
  O3
  O4
  O5
  O6
  O7
  O8
  O9
  ;

  USEVARIABLES ARE
  A1
  A2
  A3
  A6
  A7
  A8
  C1
  C2
  C3
  C4
  C5
  C6
  C7
  C8
  C9
  E1
  E3
  E4
  E5
  E6
  E7
  E8
  E9
  N1
  N2
  N3
  N4
  N5
  N6
  N7
  O1
  O2
  O3
  O4
  O5
  O6
  O7
  O9
  ;

  MISSING ARE ALL (-99);

  Model:

  agree consc extra neuro open by
  A1
  A2
  A3
  A6
  A7
  A8
  C1
  C2
  C3
  C4
  C5
  C6
  C7
  C8
  C9
  E1
  E3
  E4
  E5
  E6
  E7
  E8
  E9
  N1
  N2
  N3
  N4
  N5
  N6
  N7
  O1
  O2
  O3
  O4
  O5
  O6
  O7
  O9
  (*1);

  N5 with C2;
  E5 with C1;

  !SE by
  !agree
  !consc
  !extra
  !neuro
  !open;

  Analysis:
  ESTIMATOR IS ML;
  iterations = 10000;

  OUTPUT: STDYX MODINDICES(4);



INPUT READING TERMINATED NORMALLY




SUMMARY OF ANALYSIS

Number of groups                                                 1
Number of observations                                         361

Number of dependent variables                                   38
Number of independent variables                                  0
Number of continuous latent variables                            5

Observed dependent variables

  Continuous
   A1          A2          A3          A6          A7          A8
   C1          C2          C3          C4          C5          C6
   C7          C8          C9          E1          E3          E4
   E5          E6          E7          E8          E9          N1
   N2          N3          N4          N5          N6          N7
   O1          O2          O3          O4          O5          O6
   O7          O9

Continuous latent variables

  EFA factors
  *1:   AGREE       CONSC       EXTRA       NEURO       OPEN


Estimator                                                       ML
Rotation                                                    GEOMIN
Row standardization                                    CORRELATION
Type of rotation                                           OBLIQUE
Epsilon value                                               Varies
Information matrix                                        OBSERVED
Maximum number of iterations                                 10000
Convergence criterion                                    0.500D-04
Maximum number of steepest descent iterations                   20
Maximum number of iterations for H1                           2000
Convergence criterion for H1                             0.100D-03
Optimization Specifications for the Exploratory Factor Analysis
Rotation Algorithm
  Number of random starts                                       30
  Maximum number of iterations                               10000
  Derivative convergence criterion                       0.100D-04

Input data file(s)
  factorscores_CFA.txt

Input data format  FREE


SUMMARY OF DATA

     Number of missing data patterns             1


COVARIANCE COVERAGE OF DATA

Minimum covariance coverage value   0.100


     PROPORTION OF DATA PRESENT


           Covariance Coverage
              A1            A2            A3            A6            A7
              ________      ________      ________      ________      ________
 A1             1.000
 A2             1.000         1.000
 A3             1.000         1.000         1.000
 A6             1.000         1.000         1.000         1.000
 A7             1.000         1.000         1.000         1.000         1.000
 A8             1.000         1.000         1.000         1.000         1.000
 C1             1.000         1.000         1.000         1.000         1.000
 C2             1.000         1.000         1.000         1.000         1.000
 C3             1.000         1.000         1.000         1.000         1.000
 C4             1.000         1.000         1.000         1.000         1.000
 C5             1.000         1.000         1.000         1.000         1.000
 C6             1.000         1.000         1.000         1.000         1.000
 C7             1.000         1.000         1.000         1.000         1.000
 C8             1.000         1.000         1.000         1.000         1.000
 C9             1.000         1.000         1.000         1.000         1.000
 E1             1.000         1.000         1.000         1.000         1.000
 E3             1.000         1.000         1.000         1.000         1.000
 E4             1.000         1.000         1.000         1.000         1.000
 E5             1.000         1.000         1.000         1.000         1.000
 E6             1.000         1.000         1.000         1.000         1.000
 E7             1.000         1.000         1.000         1.000         1.000
 E8             1.000         1.000         1.000         1.000         1.000
 E9             1.000         1.000         1.000         1.000         1.000
 N1             1.000         1.000         1.000         1.000         1.000
 N2             1.000         1.000         1.000         1.000         1.000
 N3             1.000         1.000         1.000         1.000         1.000
 N4             1.000         1.000         1.000         1.000         1.000
 N5             1.000         1.000         1.000         1.000         1.000
 N6             1.000         1.000         1.000         1.000         1.000
 N7             1.000         1.000         1.000         1.000         1.000
 O1             1.000         1.000         1.000         1.000         1.000
 O2             1.000         1.000         1.000         1.000         1.000
 O3             1.000         1.000         1.000         1.000         1.000
 O4             1.000         1.000         1.000         1.000         1.000
 O5             1.000         1.000         1.000         1.000         1.000
 O6             1.000         1.000         1.000         1.000         1.000
 O7             1.000         1.000         1.000         1.000         1.000
 O9             1.000         1.000         1.000         1.000         1.000


           Covariance Coverage
              A8            C1            C2            C3            C4
              ________      ________      ________      ________      ________
 A8             1.000
 C1             1.000         1.000
 C2             1.000         1.000         1.000
 C3             1.000         1.000         1.000         1.000
 C4             1.000         1.000         1.000         1.000         1.000
 C5             1.000         1.000         1.000         1.000         1.000
 C6             1.000         1.000         1.000         1.000         1.000
 C7             1.000         1.000         1.000         1.000         1.000
 C8             1.000         1.000         1.000         1.000         1.000
 C9             1.000         1.000         1.000         1.000         1.000
 E1             1.000         1.000         1.000         1.000         1.000
 E3             1.000         1.000         1.000         1.000         1.000
 E4             1.000         1.000         1.000         1.000         1.000
 E5             1.000         1.000         1.000         1.000         1.000
 E6             1.000         1.000         1.000         1.000         1.000
 E7             1.000         1.000         1.000         1.000         1.000
 E8             1.000         1.000         1.000         1.000         1.000
 E9             1.000         1.000         1.000         1.000         1.000
 N1             1.000         1.000         1.000         1.000         1.000
 N2             1.000         1.000         1.000         1.000         1.000
 N3             1.000         1.000         1.000         1.000         1.000
 N4             1.000         1.000         1.000         1.000         1.000
 N5             1.000         1.000         1.000         1.000         1.000
 N6             1.000         1.000         1.000         1.000         1.000
 N7             1.000         1.000         1.000         1.000         1.000
 O1             1.000         1.000         1.000         1.000         1.000
 O2             1.000         1.000         1.000         1.000         1.000
 O3             1.000         1.000         1.000         1.000         1.000
 O4             1.000         1.000         1.000         1.000         1.000
 O5             1.000         1.000         1.000         1.000         1.000
 O6             1.000         1.000         1.000         1.000         1.000
 O7             1.000         1.000         1.000         1.000         1.000
 O9             1.000         1.000         1.000         1.000         1.000


           Covariance Coverage
              C5            C6            C7            C8            C9
              ________      ________      ________      ________      ________
 C5             1.000
 C6             1.000         1.000
 C7             1.000         1.000         1.000
 C8             1.000         1.000         1.000         1.000
 C9             1.000         1.000         1.000         1.000         1.000
 E1             1.000         1.000         1.000         1.000         1.000
 E3             1.000         1.000         1.000         1.000         1.000
 E4             1.000         1.000         1.000         1.000         1.000
 E5             1.000         1.000         1.000         1.000         1.000
 E6             1.000         1.000         1.000         1.000         1.000
 E7             1.000         1.000         1.000         1.000         1.000
 E8             1.000         1.000         1.000         1.000         1.000
 E9             1.000         1.000         1.000         1.000         1.000
 N1             1.000         1.000         1.000         1.000         1.000
 N2             1.000         1.000         1.000         1.000         1.000
 N3             1.000         1.000         1.000         1.000         1.000
 N4             1.000         1.000         1.000         1.000         1.000
 N5             1.000         1.000         1.000         1.000         1.000
 N6             1.000         1.000         1.000         1.000         1.000
 N7             1.000         1.000         1.000         1.000         1.000
 O1             1.000         1.000         1.000         1.000         1.000
 O2             1.000         1.000         1.000         1.000         1.000
 O3             1.000         1.000         1.000         1.000         1.000
 O4             1.000         1.000         1.000         1.000         1.000
 O5             1.000         1.000         1.000         1.000         1.000
 O6             1.000         1.000         1.000         1.000         1.000
 O7             1.000         1.000         1.000         1.000         1.000
 O9             1.000         1.000         1.000         1.000         1.000


           Covariance Coverage
              E1            E3            E4            E5            E6
              ________      ________      ________      ________      ________
 E1             1.000
 E3             1.000         1.000
 E4             1.000         1.000         1.000
 E5             1.000         1.000         1.000         1.000
 E6             1.000         1.000         1.000         1.000         1.000
 E7             1.000         1.000         1.000         1.000         1.000
 E8             1.000         1.000         1.000         1.000         1.000
 E9             1.000         1.000         1.000         1.000         1.000
 N1             1.000         1.000         1.000         1.000         1.000
 N2             1.000         1.000         1.000         1.000         1.000
 N3             1.000         1.000         1.000         1.000         1.000
 N4             1.000         1.000         1.000         1.000         1.000
 N5             1.000         1.000         1.000         1.000         1.000
 N6             1.000         1.000         1.000         1.000         1.000
 N7             1.000         1.000         1.000         1.000         1.000
 O1             1.000         1.000         1.000         1.000         1.000
 O2             1.000         1.000         1.000         1.000         1.000
 O3             1.000         1.000         1.000         1.000         1.000
 O4             1.000         1.000         1.000         1.000         1.000
 O5             1.000         1.000         1.000         1.000         1.000
 O6             1.000         1.000         1.000         1.000         1.000
 O7             1.000         1.000         1.000         1.000         1.000
 O9             1.000         1.000         1.000         1.000         1.000


           Covariance Coverage
              E7            E8            E9            N1            N2
              ________      ________      ________      ________      ________
 E7             1.000
 E8             1.000         1.000
 E9             1.000         1.000         1.000
 N1             1.000         1.000         1.000         1.000
 N2             1.000         1.000         1.000         1.000         1.000
 N3             1.000         1.000         1.000         1.000         1.000
 N4             1.000         1.000         1.000         1.000         1.000
 N5             1.000         1.000         1.000         1.000         1.000
 N6             1.000         1.000         1.000         1.000         1.000
 N7             1.000         1.000         1.000         1.000         1.000
 O1             1.000         1.000         1.000         1.000         1.000
 O2             1.000         1.000         1.000         1.000         1.000
 O3             1.000         1.000         1.000         1.000         1.000
 O4             1.000         1.000         1.000         1.000         1.000
 O5             1.000         1.000         1.000         1.000         1.000
 O6             1.000         1.000         1.000         1.000         1.000
 O7             1.000         1.000         1.000         1.000         1.000
 O9             1.000         1.000         1.000         1.000         1.000


           Covariance Coverage
              N3            N4            N5            N6            N7
              ________      ________      ________      ________      ________
 N3             1.000
 N4             1.000         1.000
 N5             1.000         1.000         1.000
 N6             1.000         1.000         1.000         1.000
 N7             1.000         1.000         1.000         1.000         1.000
 O1             1.000         1.000         1.000         1.000         1.000
 O2             1.000         1.000         1.000         1.000         1.000
 O3             1.000         1.000         1.000         1.000         1.000
 O4             1.000         1.000         1.000         1.000         1.000
 O5             1.000         1.000         1.000         1.000         1.000
 O6             1.000         1.000         1.000         1.000         1.000
 O7             1.000         1.000         1.000         1.000         1.000
 O9             1.000         1.000         1.000         1.000         1.000


           Covariance Coverage
              O1            O2            O3            O4            O5
              ________      ________      ________      ________      ________
 O1             1.000
 O2             1.000         1.000
 O3             1.000         1.000         1.000
 O4             1.000         1.000         1.000         1.000
 O5             1.000         1.000         1.000         1.000         1.000
 O6             1.000         1.000         1.000         1.000         1.000
 O7             1.000         1.000         1.000         1.000         1.000
 O9             1.000         1.000         1.000         1.000         1.000


           Covariance Coverage
              O6            O7            O9
              ________      ________      ________
 O6             1.000
 O7             1.000         1.000
 O9             1.000         1.000         1.000



UNIVARIATE SAMPLE STATISTICS


     UNIVARIATE HIGHER-ORDER MOMENT DESCRIPTIVE STATISTICS

         Variable/         Mean/     Skewness/   Minimum/ % with                Percentiles
        Sample Size      Variance    Kurtosis    Maximum  Min/Max      20%/60%    40%/80%    Median

     A1                   -0.005       0.014      -1.707    0.28%      -0.526     -0.164     -0.041
             361.000       0.346      -0.575       0.991   11.63%       0.102      0.542
     A2                    0.013       0.256      -0.937    4.71%      -0.491     -0.114      0.018
             361.000       0.284      -0.328       1.688    0.28%       0.087      0.490
     A3                    0.001       0.017      -1.746    0.83%      -0.595     -0.132      0.017
             361.000       0.403       0.144       1.867    0.55%       0.191      0.495
     A6                   -0.004      -0.150      -1.935    0.28%      -0.574     -0.215     -0.001
             361.000       0.506      -0.026       1.595    0.83%       0.181      0.543
     A7                    0.003       0.012      -1.285    1.94%      -0.507     -0.133      0.025
             361.000       0.326      -0.152       1.772    0.28%       0.157      0.483
     A8                   -0.002      -0.072      -1.324    0.28%      -0.339     -0.102      0.008
             361.000       0.200      -0.089       1.079    0.83%       0.101      0.355
     C1                   -0.007      -0.062      -2.168    0.55%      -0.800     -0.159     -0.073
             361.000       0.667      -0.343       1.949    0.28%       0.046      0.681
     C2                    0.031       0.222      -1.521    1.39%      -0.830     -0.101      0.024
             361.000       0.660      -0.478       2.238    0.28%       0.140      0.864
     C3                    0.000      -0.053      -1.231    0.83%      -0.360     -0.113     -0.021
             361.000       0.183       0.187       1.317    0.28%       0.111      0.358
     C4                    0.000       0.113      -1.990    0.28%      -0.552     -0.177     -0.028
             361.000       0.516       0.127       1.828    1.66%       0.186      0.556
     C5                   -0.005       0.009      -1.997    0.28%      -0.653     -0.175      0.024
             361.000       0.447      -0.488       1.269    6.93%       0.159      0.625
     C6                   -0.002       0.030      -1.140    0.28%      -0.291     -0.098     -0.019
             361.000       0.104      -0.096       0.787    0.55%       0.077      0.267
     C7                    0.004       0.128      -1.397    2.49%      -0.553     -0.152      0.002
             361.000       0.415      -0.055       1.838    0.55%       0.165      0.563
     C8                    0.002       0.284      -1.407    0.28%      -0.486     -0.183     -0.029
             361.000       0.350      -0.151       1.386    1.11%       0.107      0.447
     C9                    0.000       0.014      -1.212    0.28%      -0.293     -0.080     -0.016
             361.000       0.149       0.312       1.168    0.55%       0.071      0.315
     E1                    0.003       0.075      -1.341    0.28%      -0.474     -0.120      0.009
             361.000       0.279      -0.258       1.495    0.28%       0.135      0.449
     E3                   -0.001      -0.063      -1.960    0.28%      -0.530     -0.131     -0.020
             361.000       0.474       0.130       1.745    0.28%       0.158      0.571
     E4                   -0.014      -0.268      -2.409    0.28%      -0.579     -0.196      0.054
             361.000       0.467      -0.080       1.243    4.71%       0.188      0.616
     E5                    0.000      -0.054      -1.710    0.55%      -0.416     -0.095      0.026
             361.000       0.265       0.582       1.474    1.11%       0.099      0.408
     E6                   -0.003      -0.056      -1.881    0.28%      -0.632     -0.192      0.012
             361.000       0.542      -0.254       1.808    0.55%       0.176      0.595
     E7                   -0.013      -0.276      -2.299    0.28%      -0.619     -0.176      0.058
             361.000       0.438      -0.110       1.323    2.77%       0.200      0.547
     E8                   -0.003      -0.161      -2.165    0.28%      -0.574     -0.151      0.012
             361.000       0.377       0.117       1.510    0.83%       0.232      0.499
     E9                   -0.003      -0.081      -2.007    0.28%      -0.490     -0.284      0.033
             361.000       0.470      -0.120       1.411    4.71%       0.145      0.492
     N1                    0.002      -0.033      -1.543    1.11%      -0.619     -0.174     -0.012
             361.000       0.492      -0.358       1.873    0.28%       0.189      0.631
     N2                    0.011       0.312      -1.173    4.71%      -0.536     -0.212     -0.016
             361.000       0.381      -0.120       2.008    0.28%       0.178      0.538
     N3                    0.000      -0.042      -1.750    1.11%      -0.525     -0.150      0.011
             361.000       0.425      -0.004       1.854    0.28%       0.165      0.539
     N4                    0.001       0.321      -2.093    0.28%      -0.555     -0.277     -0.016
             361.000       0.497       0.160       1.754    2.77%       0.142      0.507
     N5                    0.003       0.065      -1.090    1.66%      -0.392     -0.126      0.002
             361.000       0.252      -0.249       1.337    0.28%       0.115      0.430
     N6                    0.007       0.138      -1.743    0.28%      -0.604     -0.198     -0.016
             361.000       0.498      -0.198       1.937    0.83%       0.151      0.610
     N7                    0.001      -0.001      -1.178    3.05%      -0.424     -0.111     -0.016
             361.000       0.293      -0.196       1.476    0.28%       0.067      0.458
     O1                    0.002       0.382      -1.276    0.28%      -0.366     -0.203     -0.079
             361.000       0.268      -0.078       1.250    2.77%       0.105      0.372
     O2                   -0.029      -0.274      -2.082    0.28%      -0.630     -0.228     -0.026
             361.000       0.491      -0.625       1.128    6.93%       0.211      0.633
     O3                   -0.002       0.032      -2.100    0.28%      -0.480     -0.133     -0.023
             361.000       0.294       0.433       1.315    2.49%       0.167      0.410
     O4                   -0.004      -0.064      -1.836    3.05%      -0.690     -0.231     -0.013
             361.000       0.700      -0.461       1.652    4.16%       0.223      0.719
     O5                   -0.003      -0.008      -1.925    0.55%      -0.673     -0.230     -0.046
             361.000       0.571      -0.437       1.470    5.26%       0.185      0.648
     O6                   -0.001       0.160      -1.671    0.28%      -0.583     -0.208     -0.051
             361.000       0.420      -0.624       1.279    5.26%       0.123      0.621
     O7                   -0.019      -0.199      -2.360    0.28%      -0.672     -0.308     -0.070
             361.000       0.610      -0.630       1.184   12.74%       0.228      0.759
     O9                   -0.008      -0.100      -2.544    0.28%      -0.703     -0.221      0.044
             361.000       0.518      -0.292       1.277    8.59%       0.213      0.551


THE MODEL ESTIMATION TERMINATED NORMALLY



MODEL FIT INFORMATION

Number of Free Parameters                      258

Loglikelihood

          H0 Value                       -9413.816
          H1 Value                       -8720.674

Information Criteria

          Akaike (AIC)                   19343.633
          Bayesian (BIC)                 20346.963
          Sample-Size Adjusted BIC       19528.451
            (n* = (n + 2) / 24)

Chi-Square Test of Model Fit

          Value                           1386.284
          Degrees of Freedom                   521
          P-Value                           0.0000

RMSEA (Root Mean Square Error Of Approximation)

          Estimate                           0.068
          90 Percent C.I.                    0.064  0.072
          Probability RMSEA <= .05           0.000

CFI/TLI

          CFI                                0.885
          TLI                                0.845

Chi-Square Test of Model Fit for the Baseline Model

          Value                           8232.327
          Degrees of Freedom                   703
          P-Value                           0.0000

SRMR (Standardized Root Mean Square Residual)

          Value                              0.035



MODEL RESULTS

                                                    Two-Tailed
                    Estimate       S.E.  Est./S.E.    P-Value

 AGREE    BY
    A1                -0.227      0.055     -4.136      0.000
    A2                 0.355      0.025     14.293      0.000
    A3                 0.478      0.035     13.846      0.000
    A6                -0.163      0.051     -3.183      0.001
    A7                 0.372      0.032     11.528      0.000
    A8                -0.160      0.043     -3.724      0.000
    C1                 0.507      0.043     11.693      0.000
    C2                 0.038      0.036      1.048      0.295
    C3                 0.122      0.040      3.075      0.002
    C4                 0.117      0.111      1.055      0.291
    C5                 0.033      0.043      0.757      0.449
    C6                -0.026      0.023     -1.110      0.267
    C7                 0.028      0.066      0.435      0.664
    C8                 0.031      0.032      0.971      0.331
    C9                 0.048      0.021      2.230      0.026
    E1                -0.044      0.038     -1.158      0.247
    E3                 0.044      0.039      1.127      0.260
    E4                -0.048      0.052     -0.922      0.357
    E5                 0.292      0.057      5.144      0.000
    E6                 0.078      0.055      1.408      0.159
    E7                 0.083      0.102      0.819      0.413
    E8                 0.032      0.044      0.735      0.462
    E9                 0.087      0.056      1.569      0.117
    N1                 0.314      0.051      6.179      0.000
    N2                 0.033      0.026      1.257      0.209
    N3                -0.013      0.039     -0.323      0.746
    N4                 0.170      0.106      1.600      0.110
    N5                 0.021      0.018      1.191      0.234
    N6                -0.141      0.086     -1.639      0.101
    N7                 0.067      0.048      1.406      0.160
    O1                 0.140      0.116      1.202      0.229
    O2                -0.126      0.069     -1.842      0.065
    O3                -0.030      0.090     -0.332      0.740
    O4                -0.156      0.094     -1.657      0.097
    O5                -0.187      0.107     -1.752      0.080
    O6                 0.005      0.072      0.068      0.946
    O7                -0.177      0.103     -1.722      0.085
    O9                 0.067      0.080      0.844      0.399

 CONSC    BY
    A1                 0.056      0.045      1.244      0.213
    A2                -0.086      0.086     -1.009      0.313
    A3                 0.060      0.098      0.618      0.537
    A6                 0.001      0.034      0.037      0.970
    A7                -0.080      0.088     -0.899      0.369
    A8                -0.012      0.024     -0.481      0.631
    C1                 0.236      0.094      2.510      0.012
    C2                -0.224      0.095     -2.350      0.019
    C3                -0.122      0.075     -1.621      0.105
    C4                 0.597      0.037     16.078      0.000
    C5                 0.441      0.051      8.666      0.000
    C6                 0.189      0.023      8.266      0.000
    C7                -0.292      0.078     -3.733      0.000
    C8                 0.206      0.040      5.108      0.000
    C9                 0.156      0.029      5.414      0.000
    E1                 0.009      0.024      0.366      0.714
    E3                 0.057      0.050      1.148      0.251
    E4                 0.105      0.052      2.031      0.042
    E5                 0.021      0.054      0.393      0.694
    E6                -0.058      0.064     -0.901      0.367
    E7                -0.128      0.047     -2.729      0.006
    E8                 0.007      0.026      0.264      0.792
    E9                 0.032      0.041      0.772      0.440
    N1                 0.022      0.088      0.249      0.804
    N2                -0.052      0.082     -0.640      0.522
    N3                 0.094      0.099      0.953      0.340
    N4                -0.004      0.025     -0.169      0.866
    N5                -0.163      0.074     -2.219      0.027
    N6                 0.163      0.074      2.194      0.028
    N7                 0.064      0.074      0.866      0.386
    O1                -0.118      0.044     -2.679      0.007
    O2                 0.065      0.045      1.427      0.154
    O3                -0.007      0.024     -0.300      0.764
    O4                -0.036      0.046     -0.793      0.428
    O5                -0.078      0.049     -1.603      0.109
    O6                 0.094      0.048      1.945      0.052
    O7                 0.092      0.055      1.658      0.097
    O9                 0.125      0.045      2.760      0.006

 EXTRA    BY
    A1                 0.153      0.047      3.288      0.001
    A2                -0.093      0.039     -2.385      0.017
    A3                 0.048      0.035      1.356      0.175
    A6                 0.290      0.051      5.653      0.000
    A7                -0.018      0.025     -0.710      0.478
    A8                 0.108      0.034      3.199      0.001
    C1                 0.075      0.050      1.502      0.133
    C2                -0.163      0.059     -2.774      0.006
    C3                 0.039      0.027      1.444      0.149
    C4                -0.050      0.046     -1.085      0.278
    C5                 0.101      0.052      1.948      0.051
    C6                -0.056      0.025     -2.255      0.024
    C7                 0.020      0.030      0.683      0.494
    C8                 0.075      0.043      1.729      0.084
    C9                 0.036      0.026      1.379      0.168
    E1                -0.396      0.029    -13.664      0.000
    E3                -0.476      0.044    -10.837      0.000
    E4                 0.378      0.044      8.674      0.000
    E5                 0.105      0.029      3.572      0.000
    E6                 0.513      0.039     13.310      0.000
    E7                 0.192      0.038      4.995      0.000
    E8                 0.460      0.035     13.156      0.000
    E9                 0.342      0.045      7.614      0.000
    N1                -0.037      0.037     -0.985      0.324
    N2                -0.305      0.046     -6.648      0.000
    N3                -0.159      0.058     -2.753      0.006
    N4                 0.050      0.038      1.322      0.186
    N5                -0.120      0.038     -3.156      0.002
    N6                 0.039      0.046      0.837      0.402
    N7                 0.007      0.030      0.241      0.810
    O1                -0.007      0.012     -0.628      0.530
    O2                 0.199      0.050      4.017      0.000
    O3                 0.039      0.031      1.261      0.207
    O4                -0.144      0.059     -2.434      0.015
    O5                 0.022      0.040      0.541      0.588
    O6                -0.093      0.045     -2.062      0.039
    O7                 0.038      0.046      0.828      0.408
    O9                -0.073      0.042     -1.729      0.084

 NEURO    BY
    A1                 0.275      0.077      3.583      0.000
    A2                -0.076      0.107     -0.707      0.480
    A3                 0.052      0.130      0.396      0.692
    A6                 0.102      0.079      1.286      0.198
    A7                -0.016      0.092     -0.173      0.863
    A8                 0.157      0.054      2.890      0.004
    C1                 0.119      0.145      0.819      0.413
    C2                -0.161      0.051     -3.162      0.002
    C3                 0.069      0.039      1.765      0.078
    C4                 0.006      0.030      0.205      0.838
    C5                 0.132      0.051      2.589      0.010
    C6                 0.105      0.026      4.074      0.000
    C7                 0.118      0.044      2.687      0.007
    C8                 0.117      0.044      2.642      0.008
    C9                 0.058      0.032      1.840      0.066
    E1                 0.003      0.025      0.120      0.905
    E3                 0.316      0.054      5.881      0.000
    E4                 0.172      0.049      3.521      0.000
    E5                 0.193      0.090      2.146      0.032
    E6                 0.000      0.021     -0.015      0.988
    E7                 0.267      0.057      4.701      0.000
    E8                 0.048      0.038      1.288      0.198
    E9                 0.065      0.054      1.212      0.226
    N1                -0.101      0.079     -1.278      0.201
    N2                 0.055      0.035      1.575      0.115
    N3                 0.074      0.052      1.427      0.153
    N4                 0.366      0.090      4.058      0.000
    N5                -0.003      0.019     -0.151      0.880
    N6                -0.069      0.094     -0.730      0.466
    N7                -0.045      0.034     -1.313      0.189
    O1                 0.410      0.069      5.904      0.000
    O2                 0.308      0.062      4.998      0.000
    O3                 0.413      0.034     12.175      0.000
    O4                 0.456      0.063      7.263      0.000
    O5                 0.446      0.062      7.225      0.000
    O6                 0.504      0.044     11.325      0.000
    O7                 0.559      0.061      9.097      0.000
    O9                 0.441      0.062      7.056      0.000

 OPEN     BY
    A1                 0.052      0.051      1.024      0.306
    A2                 0.071      0.063      1.128      0.259
    A3                 0.073      0.045      1.638      0.102
    A6                 0.152      0.056      2.709      0.007
    A7                 0.092      0.058      1.594      0.111
    A8                 0.056      0.034      1.650      0.099
    C1                 0.046      0.031      1.499      0.134
    C2                 0.346      0.085      4.096      0.000
    C3                 0.234      0.039      5.951      0.000
    C4                 0.020      0.065      0.303      0.762
    C5                -0.098      0.082     -1.206      0.228
    C6                 0.000      0.022      0.015      0.988
    C7                 0.241      0.062      3.912      0.000
    C8                 0.086      0.045      1.897      0.058
    C9                -0.096      0.035     -2.745      0.006
    E1                 0.017      0.041      0.405      0.685
    E3                 0.023      0.039      0.593      0.553
    E4                -0.115      0.077     -1.498      0.134
    E5                 0.001      0.015      0.084      0.933
    E6                 0.263      0.048      5.517      0.000
    E7                -0.020      0.028     -0.728      0.467
    E8                 0.081      0.053      1.537      0.124
    E9                -0.185      0.058     -3.178      0.001
    N1                 0.283      0.057      4.985      0.000
    N2                 0.338      0.065      5.177      0.000
    N3                 0.501      0.041     12.327      0.000
    N4                -0.289      0.039     -7.358      0.000
    N5                 0.286      0.058      4.974      0.000
    N6                 0.518      0.039     13.296      0.000
    N7                 0.345      0.032     10.784      0.000
    O1                -0.079      0.032     -2.522      0.012
    O2                 0.030      0.050      0.607      0.544
    O3                -0.056      0.030     -1.858      0.063
    O4                 0.083      0.046      1.783      0.075
    O5                 0.036      0.037      0.978      0.328
    O6                 0.043      0.029      1.508      0.132
    O7                -0.044      0.053     -0.827      0.408
    O9                -0.147      0.041     -3.553      0.000

 CONSC    WITH
    AGREE             -0.148      0.143     -1.030      0.303

 EXTRA    WITH
    AGREE             -0.010      0.090     -0.115      0.909
    CONSC              0.164      0.057      2.844      0.004

 NEURO    WITH
    AGREE              0.069      0.057      1.222      0.222
    CONSC              0.377      0.049      7.613      0.000
    EXTRA              0.452      0.051      8.848      0.000

 OPEN     WITH
    AGREE              0.203      0.050      4.019      0.000
    CONSC             -0.144      0.071     -2.014      0.044
    EXTRA             -0.130      0.063     -2.060      0.039
    NEURO             -0.049      0.171     -0.285      0.776

 N5       WITH
    C2                 0.075      0.012      6.373      0.000

 E5       WITH
    C1                 0.074      0.013      5.739      0.000

 Intercepts
    A1                -0.005      0.031     -0.174      0.862
    A2                 0.013      0.028      0.454      0.650
    A3                 0.001      0.033      0.018      0.986
    A6                -0.004      0.037     -0.113      0.910
    A7                 0.003      0.030      0.091      0.928
    A8                -0.002      0.024     -0.084      0.933
    C1                -0.007      0.043     -0.157      0.875
    C2                 0.031      0.043      0.727      0.467
    C3                 0.000      0.022     -0.001      1.000
    C4                 0.000      0.038     -0.013      0.990
    C5                -0.005      0.035     -0.135      0.893
    C6                -0.002      0.017     -0.101      0.920
    C7                 0.004      0.034      0.126      0.900
    C8                 0.002      0.031      0.078      0.938
    C9                 0.000      0.020     -0.016      0.988
    E1                 0.003      0.028      0.094      0.925
    E3                -0.001      0.036     -0.026      0.979
    E4                -0.014      0.036     -0.387      0.698
    E5                 0.000      0.027     -0.005      0.996
    E6                -0.003      0.039     -0.079      0.937
    E7                -0.013      0.035     -0.365      0.715
    E8                -0.003      0.032     -0.104      0.917
    E9                -0.003      0.036     -0.090      0.929
    N1                 0.002      0.037      0.064      0.949
    N2                 0.011      0.033      0.331      0.740
    N3                 0.000      0.034     -0.008      0.994
    N4                 0.001      0.037      0.025      0.980
    N5                 0.003      0.026      0.115      0.909
    N6                 0.007      0.037      0.189      0.850
    N7                 0.001      0.029      0.042      0.967
    O1                 0.002      0.027      0.073      0.942
    O2                -0.029      0.037     -0.798      0.425
    O3                -0.002      0.029     -0.053      0.958
    O4                -0.004      0.044     -0.084      0.933
    O5                -0.003      0.040     -0.081      0.935
    O6                -0.001      0.034     -0.038      0.970
    O7                -0.019      0.041     -0.474      0.636
    O9                -0.008      0.038     -0.207      0.836

 Variances
    AGREE              1.000      0.000    999.000    999.000
    CONSC              1.000      0.000    999.000    999.000
    EXTRA              1.000      0.000    999.000    999.000
    NEURO              1.000      0.000    999.000    999.000
    OPEN               1.000      0.000    999.000    999.000

 Residual Variances
    A1                 0.150      0.013     11.820      0.000
    A2                 0.096      0.009     10.537      0.000
    A3                 0.149      0.015     10.115      0.000
    A6                 0.359      0.029     12.593      0.000
    A7                 0.147      0.013     11.510      0.000
    A8                 0.131      0.010     12.565      0.000
    C1                 0.320      0.029     11.167      0.000
    C2                 0.324      0.026     12.352      0.000
    C3                 0.076      0.007     11.292      0.000
    C4                 0.173      0.021      8.371      0.000
    C5                 0.133      0.013      9.871      0.000
    C6                 0.046      0.004     11.327      0.000
    C7                 0.261      0.021     12.287      0.000
    C8                 0.258      0.020     12.920      0.000
    C9                 0.096      0.008     12.692      0.000
    E1                 0.121      0.011     11.043      0.000
    E3                 0.269      0.024     11.277      0.000
    E4                 0.162      0.014     11.597      0.000
    E5                 0.104      0.009     11.072      0.000
    E6                 0.231      0.022     10.414      0.000
    E7                 0.288      0.023     12.707      0.000
    E8                 0.144      0.014     10.521      0.000
    E9                 0.268      0.021     12.466      0.000
    N1                 0.266      0.022     12.213      0.000
    N2                 0.144      0.013     11.162      0.000
    N3                 0.143      0.015      9.799      0.000
    N4                 0.231      0.020     11.779      0.000
    N5                 0.096      0.008     11.355      0.000
    N6                 0.234      0.023     10.303      0.000
    N7                 0.164      0.014     11.948      0.000
    O1                 0.090      0.009      9.826      0.000
    O2                 0.268      0.021     12.619      0.000
    O3                 0.105      0.009     11.323      0.000
    O4                 0.525      0.042     12.644      0.000
    O5                 0.367      0.029     12.467      0.000
    O6                 0.159      0.014     11.229      0.000
    O7                 0.197      0.018     11.204      0.000
    O9                 0.261      0.021     12.248      0.000


STANDARDIZED MODEL RESULTS


STDYX Standardization

                                                    Two-Tailed
                    Estimate       S.E.  Est./S.E.    P-Value

 AGREE    BY
    A1                -0.386      0.092     -4.197      0.000
    A2                 0.666      0.036     18.321      0.000
    A3                 0.753      0.041     18.545      0.000
    A6                -0.230      0.071     -3.228      0.001
    A7                 0.651      0.046     14.026      0.000
    A8                -0.357      0.094     -3.798      0.000
    C1                 0.621      0.043     14.284      0.000
    C2                 0.047      0.044      1.048      0.294
    C3                 0.287      0.092      3.104      0.002
    C4                 0.163      0.154      1.058      0.290
    C5                 0.049      0.065      0.759      0.448
    C6                -0.079      0.071     -1.109      0.268
    C7                 0.044      0.102      0.435      0.664
    C8                 0.052      0.054      0.973      0.331
    C9                 0.123      0.055      2.244      0.025
    E1                -0.083      0.072     -1.159      0.246
    E3                 0.064      0.056      1.128      0.259
    E4                -0.070      0.075     -0.922      0.356
    E5                 0.567      0.107      5.295      0.000
    E6                 0.106      0.075      1.412      0.158
    E7                 0.126      0.153      0.819      0.413
    E8                 0.053      0.071      0.736      0.462
    E9                 0.128      0.081      1.572      0.116
    N1                 0.448      0.069      6.468      0.000
    N2                 0.053      0.042      1.258      0.208
    N3                -0.019      0.059     -0.323      0.746
    N4                 0.241      0.151      1.602      0.109
    N5                 0.042      0.035      1.191      0.234
    N6                -0.199      0.121     -1.645      0.100
    N7                 0.124      0.088      1.407      0.159
    O1                 0.270      0.225      1.202      0.229
    O2                -0.181      0.098     -1.848      0.065
    O3                -0.055      0.165     -0.332      0.740
    O4                -0.187      0.112     -1.663      0.096
    O5                -0.248      0.141     -1.758      0.079
    O6                 0.008      0.112      0.068      0.946
    O7                -0.227      0.131     -1.726      0.084
    O9                 0.094      0.111      0.844      0.399

 CONSC    BY
    A1                 0.095      0.076      1.245      0.213
    A2                -0.162      0.161     -1.010      0.313
    A3                 0.095      0.154      0.618      0.537
    A6                 0.002      0.047      0.037      0.970
    A7                -0.139      0.155     -0.899      0.369
    A8                -0.026      0.054     -0.481      0.631
    C1                 0.289      0.115      2.523      0.012
    C2                -0.275      0.116     -2.366      0.018
    C3                -0.286      0.176     -1.622      0.105
    C4                 0.831      0.033     25.157      0.000
    C5                 0.659      0.069      9.486      0.000
    C6                 0.585      0.064      9.108      0.000
    C7                -0.453      0.118     -3.822      0.000
    C8                 0.347      0.065      5.338      0.000
    C9                 0.403      0.071      5.679      0.000
    E1                 0.017      0.045      0.366      0.714
    E3                 0.083      0.072      1.148      0.251
    E4                 0.154      0.076      2.038      0.042
    E5                 0.041      0.104      0.393      0.694
    E6                -0.078      0.087     -0.902      0.367
    E7                -0.193      0.070     -2.755      0.006
    E8                 0.011      0.043      0.264      0.792
    E9                 0.046      0.060      0.772      0.440
    N1                 0.031      0.125      0.249      0.804
    N2                -0.085      0.133     -0.640      0.522
    N3                 0.145      0.151      0.956      0.339
    N4                -0.006      0.035     -0.169      0.866
    N5                -0.326      0.146     -2.228      0.026
    N6                 0.231      0.105      2.211      0.027
    N7                 0.119      0.137      0.868      0.386
    O1                -0.228      0.085     -2.690      0.007
    O2                 0.093      0.065      1.430      0.153
    O3                -0.013      0.045     -0.300      0.764
    O4                -0.043      0.054     -0.793      0.428
    O5                -0.104      0.065     -1.607      0.108
    O6                 0.145      0.074      1.948      0.051
    O7                 0.118      0.071      1.661      0.097
    O9                 0.173      0.062      2.781      0.005

 EXTRA    BY
    A1                 0.261      0.078      3.323      0.001
    A2                -0.175      0.073     -2.392      0.017
    A3                 0.076      0.056      1.357      0.175
    A6                 0.408      0.068      5.972      0.000
    A7                -0.031      0.044     -0.710      0.478
    A8                 0.242      0.075      3.244      0.001
    C1                 0.092      0.061      1.505      0.132
    C2                -0.200      0.072     -2.798      0.005
    C3                 0.091      0.063      1.448      0.148
    C4                -0.070      0.064     -1.087      0.277
    C5                 0.151      0.077      1.953      0.051
    C6                -0.175      0.077     -2.268      0.023
    C7                 0.031      0.046      0.684      0.494
    C8                 0.126      0.073      1.736      0.083
    C9                 0.094      0.068      1.383      0.167
    E1                -0.750      0.039    -19.050      0.000
    E3                -0.691      0.053    -13.049      0.000
    E4                 0.554      0.058      9.540      0.000
    E5                 0.203      0.056      3.603      0.000
    E6                 0.698      0.041     17.042      0.000
    E7                 0.290      0.056      5.180      0.000
    E8                 0.749      0.043     17.227      0.000
    E9                 0.500      0.060      8.357      0.000
    N1                -0.053      0.053     -0.986      0.324
    N2                -0.494      0.072     -6.896      0.000
    N3                -0.244      0.088     -2.752      0.006
    N4                 0.072      0.054      1.325      0.185
    N5                -0.239      0.075     -3.175      0.001
    N6                 0.055      0.065      0.838      0.402
    N7                 0.013      0.054      0.241      0.810
    O1                -0.014      0.023     -0.629      0.530
    O2                 0.284      0.069      4.103      0.000
    O3                 0.071      0.056      1.262      0.207
    O4                -0.172      0.070     -2.453      0.014
    O5                 0.029      0.053      0.541      0.588
    O6                -0.144      0.070     -2.069      0.039
    O7                 0.049      0.059      0.828      0.408
    O9                -0.102      0.059     -1.733      0.083

 NEURO    BY
    A1                 0.467      0.128      3.643      0.000
    A2                -0.142      0.201     -0.707      0.479
    A3                 0.081      0.205      0.396      0.692
    A6                 0.143      0.111      1.289      0.197
    A7                -0.028      0.161     -0.173      0.863
    A8                 0.351      0.120      2.925      0.003
    C1                 0.145      0.177      0.819      0.413
    C2                -0.198      0.062     -3.184      0.001
    C3                 0.162      0.091      1.768      0.077
    C4                 0.009      0.042      0.205      0.838
    C5                 0.197      0.076      2.607      0.009
    C6                 0.326      0.079      4.145      0.000
    C7                 0.184      0.068      2.710      0.007
    C8                 0.197      0.074      2.672      0.008
    C9                 0.151      0.082      1.850      0.064
    E1                 0.006      0.048      0.120      0.905
    E3                 0.459      0.075      6.122      0.000
    E4                 0.252      0.071      3.556      0.000
    E5                 0.375      0.174      2.155      0.031
    E6                 0.000      0.029     -0.015      0.988
    E7                 0.403      0.083      4.874      0.000
    E8                 0.079      0.061      1.290      0.197
    E9                 0.095      0.079      1.214      0.225
    N1                -0.144      0.113     -1.280      0.201
    N2                 0.090      0.057      1.579      0.114
    N3                 0.113      0.079      1.432      0.152
    N4                 0.519      0.125      4.148      0.000
    N5                -0.006      0.037     -0.151      0.880
    N6                -0.097      0.133     -0.730      0.466
    N7                -0.082      0.063     -1.313      0.189
    O1                 0.792      0.129      6.151      0.000
    O2                 0.440      0.085      5.185      0.000
    O3                 0.760      0.050     15.192      0.000
    O4                 0.545      0.068      8.009      0.000
    O5                 0.590      0.075      7.898      0.000
    O6                 0.777      0.057     13.685      0.000
    O7                 0.716      0.071     10.097      0.000
    O9                 0.613      0.080      7.620      0.000

 OPEN     BY
    A1                 0.089      0.087      1.025      0.305
    A2                 0.134      0.119      1.131      0.258
    A3                 0.115      0.070      1.646      0.100
    A6                 0.214      0.078      2.739      0.006
    A7                 0.161      0.100      1.601      0.109
    A8                 0.125      0.076      1.656      0.098
    C1                 0.056      0.037      1.501      0.133
    C2                 0.426      0.102      4.181      0.000
    C3                 0.548      0.088      6.240      0.000
    C4                 0.027      0.090      0.303      0.762
    C5                -0.147      0.122     -1.204      0.229
    C6                 0.001      0.067      0.015      0.988
    C7                 0.374      0.094      3.988      0.000
    C8                 0.145      0.076      1.907      0.057
    C9                -0.248      0.090     -2.769      0.006
    E1                 0.031      0.078      0.405      0.685
    E3                 0.034      0.057      0.593      0.553
    E4                -0.168      0.112     -1.499      0.134
    E5                 0.002      0.028      0.084      0.933
    E6                 0.357      0.063      5.662      0.000
    E7                -0.031      0.043     -0.728      0.466
    E8                 0.132      0.086      1.541      0.123
    E9                -0.271      0.084     -3.215      0.001
    N1                 0.403      0.078      5.182      0.000
    N2                 0.547      0.102      5.358      0.000
    N3                 0.768      0.050     15.447      0.000
    N4                -0.409      0.053     -7.770      0.000
    N5                 0.570      0.111      5.123      0.000
    N6                 0.734      0.041     17.683      0.000
    N7                 0.637      0.048     13.403      0.000
    O1                -0.154      0.061     -2.533      0.011
    O2                 0.043      0.071      0.608      0.543
    O3                -0.103      0.056     -1.861      0.063
    O4                 0.099      0.055      1.790      0.073
    O5                 0.047      0.048      0.979      0.328
    O6                 0.067      0.044      1.509      0.131
    O7                -0.056      0.067     -0.826      0.409
    O9                -0.205      0.057     -3.589      0.000

 CONSC    WITH
    AGREE             -0.148      0.143     -1.030      0.303

 EXTRA    WITH
    AGREE             -0.010      0.090     -0.115      0.909
    CONSC              0.164      0.057      2.844      0.004

 NEURO    WITH
    AGREE              0.069      0.057      1.222      0.222
    CONSC              0.377      0.049      7.613      0.000
    EXTRA              0.452      0.051      8.848      0.000

 OPEN     WITH
    AGREE              0.203      0.050      4.019      0.000
    CONSC             -0.144      0.071     -2.014      0.044
    EXTRA             -0.130      0.063     -2.060      0.039
    NEURO             -0.049      0.171     -0.285      0.776

 N5       WITH
    C2                 0.424      0.048      8.867      0.000

 E5       WITH
    C1                 0.406      0.051      7.939      0.000

 Intercepts
    A1                -0.009      0.053     -0.174      0.862
    A2                 0.024      0.053      0.454      0.650
    A3                 0.001      0.053      0.018      0.986
    A6                -0.006      0.053     -0.113      0.910
    A7                 0.005      0.053      0.091      0.928
    A8                -0.004      0.053     -0.084      0.933
    C1                -0.008      0.053     -0.157      0.875
    C2                 0.038      0.053      0.727      0.468
    C3                 0.000      0.053     -0.001      1.000
    C4                -0.001      0.053     -0.013      0.990
    C5                -0.007      0.053     -0.135      0.893
    C6                -0.005      0.053     -0.101      0.920
    C7                 0.007      0.053      0.126      0.900
    C8                 0.004      0.053      0.078      0.938
    C9                -0.001      0.053     -0.016      0.988
    E1                 0.005      0.053      0.094      0.925
    E3                -0.001      0.053     -0.026      0.979
    E4                -0.020      0.053     -0.387      0.698
    E5                 0.000      0.053     -0.005      0.996
    E6                -0.004      0.053     -0.079      0.937
    E7                -0.019      0.053     -0.365      0.715
    E8                -0.005      0.053     -0.104      0.917
    E9                -0.005      0.053     -0.090      0.929
    N1                 0.003      0.053      0.064      0.949
    N2                 0.017      0.053      0.331      0.740
    N3                 0.000      0.053     -0.008      0.994
    N4                 0.001      0.053      0.025      0.980
    N5                 0.006      0.053      0.115      0.909
    N6                 0.010      0.053      0.189      0.850
    N7                 0.002      0.053      0.042      0.967
    O1                 0.004      0.053      0.073      0.942
    O2                -0.042      0.053     -0.798      0.425
    O3                -0.003      0.053     -0.053      0.958
    O4                -0.004      0.053     -0.084      0.933
    O5                -0.004      0.053     -0.081      0.935
    O6                -0.002      0.053     -0.038      0.970
    O7                -0.025      0.053     -0.474      0.636
    O9                -0.011      0.053     -0.207      0.836

 Variances
    AGREE              1.000      0.000    999.000    999.000
    CONSC              1.000      0.000    999.000    999.000
    EXTRA              1.000      0.000    999.000    999.000
    NEURO              1.000      0.000    999.000    999.000
    OPEN               1.000      0.000    999.000    999.000

 Residual Variances
    A1                 0.434      0.039     11.262      0.000
    A2                 0.340      0.035      9.630      0.000
    A3                 0.369      0.039      9.440      0.000
    A6                 0.710      0.045     15.844      0.000
    A7                 0.450      0.040     11.107      0.000
    A8                 0.654      0.044     14.699      0.000
    C1                 0.480      0.044     11.018      0.000
    C2                 0.491      0.040     12.260      0.000
    C3                 0.414      0.039     10.660      0.000
    C4                 0.335      0.042      7.880      0.000
    C5                 0.297      0.033      8.940      0.000
    C6                 0.446      0.041     10.918      0.000
    C7                 0.628      0.045     13.857      0.000
    C8                 0.736      0.043     17.198      0.000
    C9                 0.645      0.044     14.735      0.000
    E1                 0.433      0.041     10.577      0.000
    E3                 0.568      0.048     11.864      0.000
    E4                 0.347      0.033     10.467      0.000
    E5                 0.391      0.038     10.333      0.000
    E6                 0.427      0.043      9.986      0.000
    E7                 0.657      0.044     14.979      0.000
    E8                 0.381      0.039      9.827      0.000
    E9                 0.570      0.043     13.291      0.000
    N1                 0.541      0.043     12.646      0.000
    N2                 0.377      0.037     10.323      0.000
    N3                 0.338      0.037      9.048      0.000
    N4                 0.464      0.040     11.466      0.000
    N5                 0.379      0.036     10.486      0.000
    N6                 0.469      0.046     10.119      0.000
    N7                 0.558      0.045     12.538      0.000
    O1                 0.337      0.037      9.067      0.000
    O2                 0.545      0.041     13.151      0.000
    O3                 0.356      0.035     10.320      0.000
    O4                 0.751      0.044     16.964      0.000
    O5                 0.642      0.045     14.346      0.000
    O6                 0.378      0.036     10.382      0.000
    O7                 0.323      0.032     10.035      0.000
    O9                 0.503      0.041     12.282      0.000


R-SQUARE

    Observed                                        Two-Tailed
    Variable        Estimate       S.E.  Est./S.E.    P-Value

    A1                 0.566      0.039     14.663      0.000
    A2                 0.660      0.035     18.726      0.000
    A3                 0.631      0.039     16.124      0.000
    A6                 0.290      0.045      6.486      0.000
    A7                 0.550      0.040     13.596      0.000
    A8                 0.346      0.044      7.780      0.000
    C1                 0.520      0.044     11.922      0.000
    C2                 0.509      0.040     12.707      0.000
    C3                 0.586      0.039     15.113      0.000
    C4                 0.665      0.042     15.665      0.000
    C5                 0.703      0.033     21.157      0.000
    C6                 0.554      0.041     13.544      0.000
    C7                 0.372      0.045      8.215      0.000
    C8                 0.264      0.043      6.184      0.000
    C9                 0.355      0.044      8.124      0.000
    E1                 0.567      0.041     13.832      0.000
    E3                 0.432      0.048      9.005      0.000
    E4                 0.653      0.033     19.678      0.000
    E5                 0.609      0.038     16.099      0.000
    E6                 0.573      0.043     13.398      0.000
    E7                 0.343      0.044      7.832      0.000
    E8                 0.619      0.039     15.977      0.000
    E9                 0.430      0.043     10.030      0.000
    N1                 0.459      0.043     10.741      0.000
    N2                 0.623      0.037     17.031      0.000
    N3                 0.662      0.037     17.756      0.000
    N4                 0.536      0.040     13.245      0.000
    N5                 0.621      0.036     17.168      0.000
    N6                 0.531      0.046     11.465      0.000
    N7                 0.442      0.045      9.927      0.000
    O1                 0.663      0.037     17.837      0.000
    O2                 0.455      0.041     10.983      0.000
    O3                 0.644      0.035     18.629      0.000
    O4                 0.249      0.044      5.628      0.000
    O5                 0.358      0.045      7.994      0.000
    O6                 0.622      0.036     17.053      0.000
    O7                 0.677      0.032     21.054      0.000
    O9                 0.497      0.041     12.120      0.000


QUALITY OF NUMERICAL RESULTS

     Condition Number for the Information Matrix              0.384E-03
       (ratio of smallest to largest eigenvalue)


MODEL MODIFICATION INDICES

NOTE:  Modification indices for direct effects of observed dependent variables
regressed on covariates may not be included.  To include these, request
MODINDICES (ALL).

Minimum M.I. value for printing the modification index     4.000

                                   M.I.     E.P.C.  Std E.P.C.  StdYX E.P.C.

WITH Statements

A3       WITH A1                   4.658     0.021      0.021        0.139
A6       WITH A1                  12.639     0.048      0.048        0.206
A6       WITH A3                   7.950     0.040      0.040        0.174
A8       WITH A1                   5.083     0.018      0.018        0.131
C1       WITH A3                  19.746     0.058      0.058        0.266
C1       WITH A8                   4.444     0.022      0.022        0.109
C2       WITH A2                   8.437     0.028      0.028        0.156
C3       WITH C1                   6.998    -0.022     -0.022       -0.144
C4       WITH C1                   4.942    -0.034     -0.034       -0.143
C4       WITH C2                   4.518     0.030      0.030        0.127
C5       WITH A3                  10.591    -0.031     -0.031       -0.224
C5       WITH C2                  24.223    -0.057     -0.057       -0.273
C6       WITH A7                   7.997    -0.014     -0.014       -0.173
C6       WITH C2                   4.218     0.013      0.013        0.107
C6       WITH C3                  11.327    -0.012     -0.012       -0.208
C6       WITH C4                  18.069     0.030      0.030        0.332
C7       WITH A8                   4.571     0.022      0.022        0.121
C8       WITH A8                   6.180    -0.025     -0.025       -0.138
C8       WITH C3                   7.572     0.022      0.022        0.160
C8       WITH C7                   8.020     0.041      0.041        0.159
C9       WITH A8                   5.111     0.014      0.014        0.126
E1       WITH A6                   6.560     0.032      0.032        0.153
E1       WITH C3                   7.003     0.016      0.016        0.165
E3       WITH C2                   4.102    -0.031     -0.031       -0.105
E3       WITH E1                   7.187     0.031      0.031        0.173
E4       WITH C3                  11.145     0.022      0.022        0.203
E4       WITH C9                   4.367     0.015      0.015        0.121
E4       WITH E1                  23.117     0.043      0.043        0.304
E4       WITH E3                   7.243     0.035      0.035        0.166
E5       WITH A2                  11.752    -0.020     -0.020       -0.199
E5       WITH E1                   5.978    -0.015     -0.015       -0.135
E5       WITH E4                  11.582    -0.024     -0.024       -0.184
E6       WITH A1                  12.619    -0.042     -0.042       -0.223
E6       WITH A7                   6.065    -0.029     -0.029       -0.156
E6       WITH E1                  10.596    -0.037     -0.037       -0.223
E6       WITH E5                  13.273     0.032      0.032        0.207
E7       WITH C1                  15.407    -0.061     -0.061       -0.202
E7       WITH C4                  11.407     0.051      0.051        0.227
E8       WITH A3                   4.480     0.021      0.021        0.142
E8       WITH C4                   4.774     0.025      0.025        0.158
E8       WITH C6                   8.516     0.015      0.015        0.185
E8       WITH E1                   8.554    -0.027     -0.027       -0.201
E8       WITH E3                   5.224    -0.030     -0.030       -0.152
E8       WITH E6                   4.251    -0.027     -0.027       -0.148
E9       WITH A1                   6.642    -0.030     -0.030       -0.149
E9       WITH A3                   6.705    -0.032     -0.032       -0.161
E9       WITH A8                   6.856     0.028      0.028        0.147
E9       WITH C5                   5.118     0.027      0.027        0.141
E9       WITH C9                   8.145     0.026      0.026        0.160
E9       WITH E5                   6.236    -0.022     -0.022       -0.131
E9       WITH E6                   4.455     0.032      0.032        0.130
E9       WITH E8                   8.103    -0.034     -0.034       -0.176
N1       WITH A2                  15.432     0.040      0.040        0.247
N1       WITH A3                   7.507    -0.035     -0.035       -0.176
N1       WITH A6                  15.047    -0.068     -0.068       -0.219
N2       WITH E4                  15.420    -0.038     -0.038       -0.246
N3       WITH A2                   4.998    -0.018     -0.018       -0.153
N3       WITH C3                   6.566     0.018      0.018        0.175
N3       WITH E3                  11.836    -0.045     -0.045       -0.229
N3       WITH E4                   7.521    -0.027     -0.027       -0.180
N3       WITH E7                   6.050    -0.031     -0.031       -0.154
N4       WITH A8                   7.494     0.027      0.027        0.158
N4       WITH C2                   4.794    -0.031     -0.031       -0.112
N4       WITH C3                   9.531     0.025      0.025        0.187
N4       WITH C5                   4.524    -0.024     -0.024       -0.136
N4       WITH C7                   6.041     0.035      0.035        0.143
N4       WITH C8                   6.608     0.036      0.036        0.146
N4       WITH E6                   7.463    -0.040     -0.040       -0.171
N4       WITH E7                   5.750    -0.036     -0.036       -0.138
N4       WITH N1                   4.962    -0.032     -0.032       -0.130
N5       WITH A6                   6.309     0.024      0.024        0.129
N6       WITH A3                   7.908    -0.035     -0.035       -0.189
N6       WITH A6                  10.538    -0.058     -0.058       -0.199
N6       WITH C6                  24.633    -0.033     -0.033       -0.319
N6       WITH E3                  22.552     0.076      0.076        0.303
N6       WITH E4                  10.527     0.040      0.040        0.204
N6       WITH E6                   9.804     0.049      0.049        0.211
N6       WITH E8                   5.287    -0.028     -0.028       -0.153
N6       WITH N1                  16.871     0.063      0.063        0.254
N6       WITH N4                   6.574    -0.038     -0.038       -0.166
N7       WITH A3                  14.361     0.037      0.037        0.240
N7       WITH A6                  14.034     0.052      0.052        0.215
N7       WITH E5                   5.150    -0.016     -0.016       -0.121
N7       WITH N1                   6.063    -0.030     -0.030       -0.144
N7       WITH N4                   6.658     0.030      0.030        0.154
O1       WITH A3                   7.604    -0.022     -0.022       -0.193
O1       WITH A6                   9.134    -0.034     -0.034       -0.188
O1       WITH C3                   7.982     0.015      0.015        0.187
O1       WITH C5                   5.773     0.018      0.018        0.167
O1       WITH C7                   7.224    -0.026     -0.026       -0.171
O1       WITH E7                   4.770     0.022      0.022        0.138
O1       WITH E9                  11.571     0.033      0.033        0.213
O1       WITH N2                   4.147     0.015      0.015        0.135
O1       WITH N7                   6.140    -0.019     -0.019       -0.159
O2       WITH A2                   5.048    -0.022     -0.022       -0.137
O2       WITH A8                   8.169    -0.030     -0.030       -0.160
O2       WITH C2                   5.205    -0.033     -0.033       -0.113
O2       WITH C3                   7.824     0.023      0.023        0.164
O2       WITH C5                   6.392     0.029      0.029        0.156
O2       WITH C9                   9.320    -0.027     -0.027       -0.170
O2       WITH E1                   7.858     0.030      0.030        0.166
O2       WITH E8                   5.998     0.029      0.029        0.149
O2       WITH N5                   4.168    -0.017     -0.017       -0.105
O2       WITH N7                   5.823     0.029      0.029        0.138
O3       WITH A1                  20.235     0.034      0.034        0.274
O3       WITH A7                   5.070    -0.017     -0.017       -0.138
O3       WITH C2                   4.282     0.020      0.020        0.107
O3       WITH C3                   6.061    -0.013     -0.013       -0.152
O3       WITH C5                   5.554    -0.018     -0.018       -0.153
O3       WITH C6                   4.167     0.009      0.009        0.125
O3       WITH C9                   4.343     0.012      0.012        0.121
O3       WITH E3                   6.168    -0.026     -0.026       -0.154
O3       WITH E4                   5.277    -0.018     -0.018       -0.140
O3       WITH E5                   4.142     0.012      0.012        0.111
O3       WITH O2                  22.325    -0.047     -0.047       -0.278
O4       WITH A2                  10.328     0.044      0.044        0.195
O4       WITH C3                   8.626    -0.034     -0.034       -0.172
O4       WITH C8                  10.989    -0.067     -0.067       -0.182
O4       WITH C9                  19.290     0.055      0.055        0.244
O4       WITH E6                  14.067     0.079      0.079        0.227
O4       WITH N4                  11.898    -0.069     -0.069       -0.198
O4       WITH N6                   4.660     0.046      0.046        0.131
O5       WITH A2                   6.750     0.030      0.030        0.159
O5       WITH C3                   7.795    -0.027     -0.027       -0.165
O5       WITH E8                   6.123     0.034      0.034        0.150
O5       WITH N4                   4.301    -0.035     -0.035       -0.120
O5       WITH O4                  32.159     0.140      0.140        0.319
O6       WITH C9                  12.292    -0.025     -0.025       -0.206
O6       WITH E5                   4.231     0.015      0.015        0.113
O6       WITH E9                   4.360    -0.026     -0.026       -0.124
O6       WITH N2                   9.164    -0.029     -0.029       -0.191
O6       WITH N5                   9.854    -0.021     -0.021       -0.171
O7       WITH A2                   5.671     0.021      0.021        0.155
O7       WITH A8                  10.330    -0.031     -0.031       -0.191
O7       WITH C9                  11.277    -0.027     -0.027       -0.197
O7       WITH E4                   5.353     0.025      0.025        0.142
O7       WITH N5                   4.158    -0.015     -0.015       -0.111
O7       WITH O2                  15.409     0.054      0.054        0.233
O7       WITH O3                   7.493    -0.025     -0.025       -0.176
O7       WITH O6                  15.588     0.045      0.045        0.255
O9       WITH A6                   6.652     0.045      0.045        0.146
O9       WITH C8                   5.688    -0.035     -0.035       -0.134
O9       WITH C9                  20.691     0.041      0.041        0.257
O9       WITH N4                   4.887     0.032      0.032        0.131
O9       WITH N5                   6.316     0.021      0.021        0.131
O9       WITH O2                  10.103    -0.047     -0.047       -0.180
O9       WITH O4                   8.528     0.061      0.061        0.165


     Beginning Time:  16:34:10
        Ending Time:  16:34:11
       Elapsed Time:  00:00:01



MUTHEN & MUTHEN
3463 Stoner Ave.
Los Angeles, CA  90066

Tel: (310) 391-9971
Fax: (310) 391-8971
Web: www.StatModel.com
Support: Support@StatModel.com

Copyright (c) 1998-2019 Muthen & Muthen
