Mplus VERSION 8.4 (Mac)
MUTHEN & MUTHEN
06/19/2020   4:39 PM

INPUT INSTRUCTIONS

  TITLE:

  DATA:
  FILE IS  "factor scores after invariance.txt";
  Variable:
  Names are
  country
  A8
  A1
  A5
  A7
  A2
  A4
  A3
  A6
  C1
  C6
  C5
  C3
  C7
  C2
  C8
  C9
  C4
  E9
  E5
  E6
  E7
  E4
  E3
  E2
  E1
  E8
  N3
  N2
  N1
  N5
  N4
  N7
  N6
  O7
  O6
  O3
  O2
  O5
  O8
  O4
  O1
  O9
  ;

  USEVARIABLES ARE
  A1
  A2
  A3
  A6
  A7
  A8
  C1
  C2
  C3
  C4
  C5
  C6
  C7
  C8
  C9
  E1
  E3
  E4
  E5
  E6
  E7
  E8
  E9
  N1
  N2
  N3
  N4
  N5
  N6
  N7
  O1
  O2
  O3
  O4
  O5
  O6
  O7
  O9
  ;

  MISSING ARE ALL (-999);

  Model:

  agree consc extra neuro open by
  A1
  A2
  A3
  A6
  A7
  A8
  C1
  C2
  C3
  C4
  C5
  C6
  C7
  C8
  C9
  E1
  E3
  E4
  E5
  E6
  E7
  E8
  E9
  N1
  N2
  N3
  N4
  N5
  N6
  N7
  O1
  O2
  O3
  O4
  O5
  O6
  O7
  O9
  (*1);

  N5 with C2;
  E5 with C1;


  !SE by
  !agree
  !consc
  !extra
  !neuro
  !open;

  Analysis:
  ESTIMATOR IS ML;
  iterations = 10000;

  OUTPUT: STDYX MODINDICES(4);



INPUT READING TERMINATED NORMALLY




SUMMARY OF ANALYSIS

Number of groups                                                 1
Number of observations                                         748

Number of dependent variables                                   38
Number of independent variables                                  0
Number of continuous latent variables                            5

Observed dependent variables

  Continuous
   A1          A2          A3          A6          A7          A8
   C1          C2          C3          C4          C5          C6
   C7          C8          C9          E1          E3          E4
   E5          E6          E7          E8          E9          N1
   N2          N3          N4          N5          N6          N7
   O1          O2          O3          O4          O5          O6
   O7          O9

Continuous latent variables

  EFA factors
  *1:   AGREE       CONSC       EXTRA       NEURO       OPEN


Estimator                                                       ML
Rotation                                                    GEOMIN
Row standardization                                    CORRELATION
Type of rotation                                           OBLIQUE
Epsilon value                                               Varies
Information matrix                                        OBSERVED
Maximum number of iterations                                 10000
Convergence criterion                                    0.500D-04
Maximum number of steepest descent iterations                   20
Maximum number of iterations for H1                           2000
Convergence criterion for H1                             0.100D-03
Optimization Specifications for the Exploratory Factor Analysis
Rotation Algorithm
  Number of random starts                                       30
  Maximum number of iterations                               10000
  Derivative convergence criterion                       0.100D-04

Input data file(s)
  factor scores after invariance.txt

Input data format  FREE


SUMMARY OF DATA

     Number of missing data patterns             1


COVARIANCE COVERAGE OF DATA

Minimum covariance coverage value   0.100


     PROPORTION OF DATA PRESENT


           Covariance Coverage
              A1            A2            A3            A6            A7
              ________      ________      ________      ________      ________
 A1             1.000
 A2             1.000         1.000
 A3             1.000         1.000         1.000
 A6             1.000         1.000         1.000         1.000
 A7             1.000         1.000         1.000         1.000         1.000
 A8             1.000         1.000         1.000         1.000         1.000
 C1             1.000         1.000         1.000         1.000         1.000
 C2             1.000         1.000         1.000         1.000         1.000
 C3             1.000         1.000         1.000         1.000         1.000
 C4             1.000         1.000         1.000         1.000         1.000
 C5             1.000         1.000         1.000         1.000         1.000
 C6             1.000         1.000         1.000         1.000         1.000
 C7             1.000         1.000         1.000         1.000         1.000
 C8             1.000         1.000         1.000         1.000         1.000
 C9             1.000         1.000         1.000         1.000         1.000
 E1             1.000         1.000         1.000         1.000         1.000
 E3             1.000         1.000         1.000         1.000         1.000
 E4             1.000         1.000         1.000         1.000         1.000
 E5             1.000         1.000         1.000         1.000         1.000
 E6             1.000         1.000         1.000         1.000         1.000
 E7             1.000         1.000         1.000         1.000         1.000
 E8             1.000         1.000         1.000         1.000         1.000
 E9             1.000         1.000         1.000         1.000         1.000
 N1             1.000         1.000         1.000         1.000         1.000
 N2             1.000         1.000         1.000         1.000         1.000
 N3             1.000         1.000         1.000         1.000         1.000
 N4             1.000         1.000         1.000         1.000         1.000
 N5             1.000         1.000         1.000         1.000         1.000
 N6             1.000         1.000         1.000         1.000         1.000
 N7             1.000         1.000         1.000         1.000         1.000
 O1             1.000         1.000         1.000         1.000         1.000
 O2             1.000         1.000         1.000         1.000         1.000
 O3             1.000         1.000         1.000         1.000         1.000
 O4             1.000         1.000         1.000         1.000         1.000
 O5             1.000         1.000         1.000         1.000         1.000
 O6             1.000         1.000         1.000         1.000         1.000
 O7             1.000         1.000         1.000         1.000         1.000
 O9             1.000         1.000         1.000         1.000         1.000


           Covariance Coverage
              A8            C1            C2            C3            C4
              ________      ________      ________      ________      ________
 A8             1.000
 C1             1.000         1.000
 C2             1.000         1.000         1.000
 C3             1.000         1.000         1.000         1.000
 C4             1.000         1.000         1.000         1.000         1.000
 C5             1.000         1.000         1.000         1.000         1.000
 C6             1.000         1.000         1.000         1.000         1.000
 C7             1.000         1.000         1.000         1.000         1.000
 C8             1.000         1.000         1.000         1.000         1.000
 C9             1.000         1.000         1.000         1.000         1.000
 E1             1.000         1.000         1.000         1.000         1.000
 E3             1.000         1.000         1.000         1.000         1.000
 E4             1.000         1.000         1.000         1.000         1.000
 E5             1.000         1.000         1.000         1.000         1.000
 E6             1.000         1.000         1.000         1.000         1.000
 E7             1.000         1.000         1.000         1.000         1.000
 E8             1.000         1.000         1.000         1.000         1.000
 E9             1.000         1.000         1.000         1.000         1.000
 N1             1.000         1.000         1.000         1.000         1.000
 N2             1.000         1.000         1.000         1.000         1.000
 N3             1.000         1.000         1.000         1.000         1.000
 N4             1.000         1.000         1.000         1.000         1.000
 N5             1.000         1.000         1.000         1.000         1.000
 N6             1.000         1.000         1.000         1.000         1.000
 N7             1.000         1.000         1.000         1.000         1.000
 O1             1.000         1.000         1.000         1.000         1.000
 O2             1.000         1.000         1.000         1.000         1.000
 O3             1.000         1.000         1.000         1.000         1.000
 O4             1.000         1.000         1.000         1.000         1.000
 O5             1.000         1.000         1.000         1.000         1.000
 O6             1.000         1.000         1.000         1.000         1.000
 O7             1.000         1.000         1.000         1.000         1.000
 O9             1.000         1.000         1.000         1.000         1.000


           Covariance Coverage
              C5            C6            C7            C8            C9
              ________      ________      ________      ________      ________
 C5             1.000
 C6             1.000         1.000
 C7             1.000         1.000         1.000
 C8             1.000         1.000         1.000         1.000
 C9             1.000         1.000         1.000         1.000         1.000
 E1             1.000         1.000         1.000         1.000         1.000
 E3             1.000         1.000         1.000         1.000         1.000
 E4             1.000         1.000         1.000         1.000         1.000
 E5             1.000         1.000         1.000         1.000         1.000
 E6             1.000         1.000         1.000         1.000         1.000
 E7             1.000         1.000         1.000         1.000         1.000
 E8             1.000         1.000         1.000         1.000         1.000
 E9             1.000         1.000         1.000         1.000         1.000
 N1             1.000         1.000         1.000         1.000         1.000
 N2             1.000         1.000         1.000         1.000         1.000
 N3             1.000         1.000         1.000         1.000         1.000
 N4             1.000         1.000         1.000         1.000         1.000
 N5             1.000         1.000         1.000         1.000         1.000
 N6             1.000         1.000         1.000         1.000         1.000
 N7             1.000         1.000         1.000         1.000         1.000
 O1             1.000         1.000         1.000         1.000         1.000
 O2             1.000         1.000         1.000         1.000         1.000
 O3             1.000         1.000         1.000         1.000         1.000
 O4             1.000         1.000         1.000         1.000         1.000
 O5             1.000         1.000         1.000         1.000         1.000
 O6             1.000         1.000         1.000         1.000         1.000
 O7             1.000         1.000         1.000         1.000         1.000
 O9             1.000         1.000         1.000         1.000         1.000


           Covariance Coverage
              E1            E3            E4            E5            E6
              ________      ________      ________      ________      ________
 E1             1.000
 E3             1.000         1.000
 E4             1.000         1.000         1.000
 E5             1.000         1.000         1.000         1.000
 E6             1.000         1.000         1.000         1.000         1.000
 E7             1.000         1.000         1.000         1.000         1.000
 E8             1.000         1.000         1.000         1.000         1.000
 E9             1.000         1.000         1.000         1.000         1.000
 N1             1.000         1.000         1.000         1.000         1.000
 N2             1.000         1.000         1.000         1.000         1.000
 N3             1.000         1.000         1.000         1.000         1.000
 N4             1.000         1.000         1.000         1.000         1.000
 N5             1.000         1.000         1.000         1.000         1.000
 N6             1.000         1.000         1.000         1.000         1.000
 N7             1.000         1.000         1.000         1.000         1.000
 O1             1.000         1.000         1.000         1.000         1.000
 O2             1.000         1.000         1.000         1.000         1.000
 O3             1.000         1.000         1.000         1.000         1.000
 O4             1.000         1.000         1.000         1.000         1.000
 O5             1.000         1.000         1.000         1.000         1.000
 O6             1.000         1.000         1.000         1.000         1.000
 O7             1.000         1.000         1.000         1.000         1.000
 O9             1.000         1.000         1.000         1.000         1.000


           Covariance Coverage
              E7            E8            E9            N1            N2
              ________      ________      ________      ________      ________
 E7             1.000
 E8             1.000         1.000
 E9             1.000         1.000         1.000
 N1             1.000         1.000         1.000         1.000
 N2             1.000         1.000         1.000         1.000         1.000
 N3             1.000         1.000         1.000         1.000         1.000
 N4             1.000         1.000         1.000         1.000         1.000
 N5             1.000         1.000         1.000         1.000         1.000
 N6             1.000         1.000         1.000         1.000         1.000
 N7             1.000         1.000         1.000         1.000         1.000
 O1             1.000         1.000         1.000         1.000         1.000
 O2             1.000         1.000         1.000         1.000         1.000
 O3             1.000         1.000         1.000         1.000         1.000
 O4             1.000         1.000         1.000         1.000         1.000
 O5             1.000         1.000         1.000         1.000         1.000
 O6             1.000         1.000         1.000         1.000         1.000
 O7             1.000         1.000         1.000         1.000         1.000
 O9             1.000         1.000         1.000         1.000         1.000


           Covariance Coverage
              N3            N4            N5            N6            N7
              ________      ________      ________      ________      ________
 N3             1.000
 N4             1.000         1.000
 N5             1.000         1.000         1.000
 N6             1.000         1.000         1.000         1.000
 N7             1.000         1.000         1.000         1.000         1.000
 O1             1.000         1.000         1.000         1.000         1.000
 O2             1.000         1.000         1.000         1.000         1.000
 O3             1.000         1.000         1.000         1.000         1.000
 O4             1.000         1.000         1.000         1.000         1.000
 O5             1.000         1.000         1.000         1.000         1.000
 O6             1.000         1.000         1.000         1.000         1.000
 O7             1.000         1.000         1.000         1.000         1.000
 O9             1.000         1.000         1.000         1.000         1.000


           Covariance Coverage
              O1            O2            O3            O4            O5
              ________      ________      ________      ________      ________
 O1             1.000
 O2             1.000         1.000
 O3             1.000         1.000         1.000
 O4             1.000         1.000         1.000         1.000
 O5             1.000         1.000         1.000         1.000         1.000
 O6             1.000         1.000         1.000         1.000         1.000
 O7             1.000         1.000         1.000         1.000         1.000
 O9             1.000         1.000         1.000         1.000         1.000


           Covariance Coverage
              O6            O7            O9
              ________      ________      ________
 O6             1.000
 O7             1.000         1.000
 O9             1.000         1.000         1.000



UNIVARIATE SAMPLE STATISTICS


     UNIVARIATE HIGHER-ORDER MOMENT DESCRIPTIVE STATISTICS

         Variable/         Mean/     Skewness/   Minimum/ % with                Percentiles
        Sample Size      Variance    Kurtosis    Maximum  Min/Max      20%/60%    40%/80%    Median

     A1                   -0.058       0.803      -0.704    3.07%      -0.533     -0.256     -0.109
             748.000       0.236       0.286       1.816    0.13%      -0.002      0.342
     A2                    0.030       0.037      -1.174    0.40%      -0.347     -0.098      0.009
             748.000       0.201      -0.072       1.391    0.13%       0.122      0.423
     A3                    0.079       0.454      -1.075    0.27%      -0.702     -0.109     -0.018
             748.000       0.541      -0.350       2.366    0.13%       0.073      0.760
     A6                   -0.116       0.175      -1.766    0.13%      -0.583     -0.274     -0.146
             748.000       0.333      -0.085       1.240    0.53%      -0.009      0.344
     A7                    0.025      -0.203      -1.192    0.13%      -0.245     -0.062      0.051
             748.000       0.099      -0.013       0.799    0.27%       0.137      0.273
     A8                    0.419       0.013      -1.257    0.40%      -0.189      0.216      0.399
             748.000       0.485      -0.488       2.303    0.27%       0.616      1.041
     C1                   -0.088      -0.249      -2.181    0.40%      -0.644     -0.240     -0.081
             748.000       0.506       0.086       1.421    2.27%       0.044      0.483
     C2                   -0.027       0.112      -1.668    0.67%      -0.639     -0.222     -0.042
             748.000       0.486      -0.338       1.900    0.13%       0.141      0.557
     C3                   -0.033       0.234      -1.384    0.27%      -0.547     -0.211     -0.036
             748.000       0.358      -0.263       1.809    0.13%       0.094      0.464
     C4                    0.177       0.205      -1.467    0.13%      -0.452     -0.040      0.152
             748.000       0.505      -0.373       2.137    0.40%       0.357      0.793
     C5                    0.030      -0.259      -1.802    0.27%      -0.440     -0.118      0.045
             748.000       0.416       0.036       1.528    0.13%       0.194      0.585
     C6                   -0.190      -0.575      -2.074    0.27%      -0.645     -0.302     -0.143
             748.000       0.325       0.081       0.809    2.27%       0.023      0.331
     C7                   -0.108      -0.392      -2.233    0.13%      -0.628     -0.209     -0.037
             748.000       0.411      -0.040       1.283    0.40%       0.127      0.404
     C8                    0.088       0.458      -0.801    0.80%      -0.312     -0.066      0.034
             748.000       0.208       0.067       1.817    0.13%       0.148      0.481
     C9                    0.170       0.130      -1.020    1.47%      -0.239      0.043      0.175
             748.000       0.255      -0.104       1.736    0.27%       0.307      0.598
     E1                   -0.040       0.293      -1.574    0.13%      -0.646     -0.239     -0.082
             748.000       0.433      -0.075       1.994    0.13%       0.120      0.510
     E3                    0.426      -1.060      -1.359    0.13%       0.147      0.428      0.441
             748.000       0.143       1.300       0.943    5.61%       0.475      0.782
     E4                   -0.160      -0.415      -1.867    0.27%      -0.518     -0.307     -0.120
             748.000       0.216       0.547       0.918    0.13%       0.009      0.219
     E5                   -0.039      -1.118      -2.959    0.13%      -0.471     -0.174      0.105
             748.000       0.468       1.121       0.710    3.34%       0.374      0.578
     E6                    0.281      -0.511      -2.261    0.80%      -0.644      0.122      0.464
             748.000       1.201      -0.558       1.886    2.01%       0.723      1.353
     E7                    0.047      -0.409      -2.377    0.13%      -0.472     -0.069      0.213
             748.000       0.431       0.280       1.386    1.34%       0.326      0.457
     E8                   -0.010      -0.045      -2.087    0.13%      -0.878     -0.130     -0.061
             748.000       0.770      -0.378       1.842    0.13%       0.026      0.790
     E9                    0.075      -0.266      -1.773    0.13%      -0.445     -0.007      0.118
             748.000       0.347      -0.378       1.127    2.41%       0.193      0.631
     N1                   -0.162      -0.122      -2.214    0.13%      -0.661     -0.299     -0.132
             748.000       0.390      -0.054       1.375    0.80%       0.001      0.343
     N2                    0.107      -0.195      -1.073    0.13%      -0.132      0.024      0.106
             748.000       0.104       0.396       1.051    0.27%       0.173      0.382
     N3                    0.649      -0.223      -1.204    0.13%       0.145      0.520      0.665
             748.000       0.322      -0.286       1.801    0.80%       0.817      1.146
     N4                    0.538      -0.125      -1.714    0.13%      -0.168      0.381      0.579
             748.000       0.645      -0.342       2.339    0.27%       0.761      1.193
     N5                   -0.245      -0.071      -1.989    0.13%      -0.810     -0.359     -0.213
             748.000       0.420       0.085       1.701    0.27%      -0.083      0.272
     N6                   -0.134       0.459      -1.440    0.67%      -0.789     -0.390     -0.230
             748.000       0.521      -0.149       2.058    0.53%      -0.015      0.497
     N7                    0.000      -0.497      -2.562    0.13%      -0.566     -0.099      0.102
             748.000       0.411       0.169       1.147    1.34%       0.196      0.553
     O1                    0.000      -0.032      -1.530    0.13%      -0.370     -0.123     -0.002
             748.000       0.243       0.049       1.167    1.34%       0.126      0.371
     O2                   -0.127      -0.691      -2.186    0.13%      -0.539     -0.243     -0.150
             748.000       0.305       0.434       0.620    6.15%       0.058      0.456
     O3                   -0.156      -0.232      -2.449    0.13%      -0.650     -0.317     -0.154
             748.000       0.405       0.427       1.373    0.13%       0.008      0.338
     O4                    0.171      -0.089      -1.931    0.13%      -0.781     -0.018      0.046
             748.000       0.779      -0.558       1.943    0.94%       0.421      0.951
     O5                    0.510      -0.232      -1.515    0.13%       0.144      0.381      0.541
             748.000       0.182       0.662       1.435    1.20%       0.676      0.782
     O6                    0.183       0.370      -1.271    0.40%      -0.460     -0.105      0.088
             748.000       0.572      -0.276       2.495    0.13%       0.343      0.804
     O7                    0.000       0.683      -1.037    4.55%      -0.590     -0.268     -0.095
             748.000       0.464       0.085       2.188    0.13%       0.081      0.581
     O9                    0.000       0.021      -0.891    0.13%      -0.164     -0.052      0.001
             748.000       0.070       2.256       1.082    0.13%       0.054      0.160


THE MODEL ESTIMATION TERMINATED NORMALLY



MODEL FIT INFORMATION

Number of Free Parameters                      258

Loglikelihood

          H0 Value                      -19772.178
          H1 Value                      -18376.600

Information Criteria

          Akaike (AIC)                   40060.357
          Bayesian (BIC)                 41251.646
          Sample-Size Adjusted BIC       40432.398
            (n* = (n + 2) / 24)

Chi-Square Test of Model Fit

          Value                           2791.156
          Degrees of Freedom                   521
          P-Value                           0.0000

RMSEA (Root Mean Square Error Of Approximation)

          Estimate                           0.076
          90 Percent C.I.                    0.074  0.079
          Probability RMSEA <= .05           0.000

CFI/TLI

          CFI                                0.825
          TLI                                0.764

Chi-Square Test of Model Fit for the Baseline Model

          Value                          13680.187
          Degrees of Freedom                   703
          P-Value                           0.0000

SRMR (Standardized Root Mean Square Residual)

          Value                              0.042



MODEL RESULTS

                                                    Two-Tailed
                    Estimate       S.E.  Est./S.E.    P-Value

 AGREE    BY
    A1                 0.089      0.030      3.006      0.003
    A2                 0.228      0.018     12.822      0.000
    A3                 0.318      0.053      5.979      0.000
    A6                 0.058      0.025      2.298      0.022
    A7                 0.001      0.007      0.200      0.841
    A8                 0.456      0.029     15.683      0.000
    C1                -0.168      0.059     -2.842      0.004
    C2                 0.464      0.043     10.717      0.000
    C3                -0.033      0.056     -0.594      0.553
    C4                 0.575      0.027     21.572      0.000
    C5                 0.033      0.049      0.681      0.496
    C6                -0.162      0.052     -3.106      0.002
    C7                 0.031      0.052      0.596      0.551
    C8                 0.256      0.036      7.063      0.000
    C9                 0.345      0.023     15.203      0.000
    E1                 0.129      0.028      4.539      0.000
    E3                 0.051      0.022      2.327      0.020
    E4                -0.006      0.020     -0.307      0.759
    E5                -0.001      0.036     -0.040      0.968
    E6                 0.123      0.043      2.837      0.005
    E7                -0.121      0.025     -4.860      0.000
    E8                 0.079      0.032      2.452      0.014
    E9                 0.108      0.021      5.174      0.000
    N1                 0.026      0.025      1.060      0.289
    N2                -0.037      0.019     -1.938      0.053
    N3                -0.056      0.042     -1.337      0.181
    N4                 0.315      0.072      4.351      0.000
    N5                -0.010      0.019     -0.501      0.616
    N6                -0.025      0.022     -1.134      0.257
    N7                 0.001      0.026      0.033      0.973
    O1                -0.008      0.010     -0.797      0.426
    O2                -0.043      0.023     -1.824      0.068
    O3                -0.301      0.025    -12.180      0.000
    O4                 0.306      0.071      4.297      0.000
    O5                -0.030      0.016     -1.894      0.058
    O6                 0.383      0.030     12.681      0.000
    O7                 0.305      0.061      4.994      0.000
    O9                 0.102      0.010      9.781      0.000

 CONSC    BY
    A1                -0.055      0.023     -2.391      0.017
    A2                 0.056      0.051      1.105      0.269
    A3                -0.163      0.104     -1.560      0.119
    A6                 0.005      0.036      0.140      0.889
    A7                -0.053      0.024     -2.168      0.030
    A8                 0.151      0.097      1.549      0.121
    C1                 0.299      0.083      3.589      0.000
    C2                -0.231      0.076     -3.047      0.002
    C3                -0.439      0.022    -19.925      0.000
    C4                 0.075      0.086      0.868      0.385
    C5                -0.398      0.036    -10.962      0.000
    C6                 0.302      0.055      5.519      0.000
    C7                 0.375      0.030     12.406      0.000
    C8                -0.128      0.077     -1.668      0.095
    C9                -0.063      0.058     -1.085      0.278
    E1                -0.015      0.022     -0.670      0.503
    E3                 0.077      0.029      2.689      0.007
    E4                 0.037      0.021      1.759      0.079
    E5                 0.209      0.029      7.248      0.000
    E6                -0.023      0.064     -0.360      0.719
    E7                -0.010      0.029     -0.358      0.721
    E8                 0.124      0.066      1.879      0.060
    E9                -0.063      0.038     -1.684      0.092
    N1                -0.050      0.075     -0.659      0.510
    N2                 0.045      0.031      1.448      0.148
    N3                 0.094      0.084      1.127      0.260
    N4                 0.584      0.044     13.133      0.000
    N5                 0.148      0.054      2.722      0.006
    N6                 0.075      0.035      2.130      0.033
    N7                 0.227      0.030      7.488      0.000
    O1                 0.004      0.014      0.276      0.782
    O2                 0.031      0.021      1.501      0.133
    O3                 0.038      0.058      0.649      0.516
    O4                 0.486      0.067      7.219      0.000
    O5                 0.019      0.017      1.070      0.285
    O6                 0.008      0.040      0.198      0.843
    O7                -0.336      0.071     -4.751      0.000
    O9                -0.006      0.014     -0.413      0.680

 EXTRA    BY
    A1                 0.311      0.017     18.778      0.000
    A2                 0.165      0.022      7.482      0.000
    A3                 0.012      0.020      0.615      0.538
    A6                 0.045      0.025      1.778      0.075
    A7                -0.043      0.015     -2.943      0.003
    A8                -0.155      0.036     -4.304      0.000
    C1                 0.099      0.025      4.026      0.000
    C2                 0.020      0.017      1.188      0.235
    C3                -0.031      0.027     -1.141      0.254
    C4                -0.179      0.030     -5.981      0.000
    C5                 0.017      0.018      0.935      0.350
    C6                 0.026      0.016      1.600      0.110
    C7                 0.017      0.022      0.778      0.437
    C8                 0.016      0.013      1.278      0.201
    C9                 0.018      0.015      1.204      0.229
    E1                 0.484      0.022     21.566      0.000
    E3                -0.155      0.015    -10.050      0.000
    E4                -0.094      0.018     -5.120      0.000
    E5                 0.003      0.023      0.109      0.913
    E6                -0.194      0.045     -4.306      0.000
    E7                 0.095      0.024      4.019      0.000
    E8                 0.551      0.032     17.307      0.000
    E9                 0.036      0.017      2.158      0.031
    N1                 0.044      0.034      1.282      0.200
    N2                 0.002      0.011      0.137      0.891
    N3                 0.010      0.020      0.479      0.632
    N4                 0.082      0.044      1.850      0.064
    N5                 0.431      0.022     19.923      0.000
    N6                 0.415      0.030     13.669      0.000
    N7                 0.091      0.032      2.834      0.005
    O1                 0.211      0.020     10.418      0.000
    O2                -0.027      0.015     -1.754      0.079
    O3                 0.195      0.023      8.553      0.000
    O4                -0.174      0.048     -3.602      0.000
    O5                -0.007      0.013     -0.561      0.575
    O6                 0.233      0.030      7.814      0.000
    O7                 0.078      0.022      3.611      0.000
    O9                 0.010      0.010      1.009      0.313

 NEURO    BY
    A1                -0.106      0.020     -5.201      0.000
    A2                 0.009      0.012      0.734      0.463
    A3                -0.091      0.029     -3.121      0.002
    A6                 0.004      0.024      0.179      0.858
    A7                 0.115      0.014      7.995      0.000
    A8                 0.086      0.029      3.000      0.003
    C1                -0.022      0.024     -0.901      0.367
    C2                 0.028      0.020      1.384      0.166
    C3                -0.012      0.019     -0.624      0.533
    C4                -0.013      0.014     -0.878      0.380
    C5                 0.265      0.029      9.224      0.000
    C6                 0.050      0.021      2.363      0.018
    C7                 0.017      0.024      0.707      0.480
    C8                 0.001      0.012      0.066      0.947
    C9                 0.015      0.017      0.878      0.380
    E1                 0.002      0.016      0.137      0.891
    E3                 0.181      0.018     10.231      0.000
    E4                 0.063      0.023      2.758      0.006
    E5                 0.215      0.031      6.922      0.000
    E6                 0.544      0.048     11.282      0.000
    E7                 0.325      0.031     10.497      0.000
    E8                 0.027      0.025      1.079      0.281
    E9                 0.441      0.028     15.786      0.000
    N1                -0.006      0.019     -0.318      0.750
    N2                 0.041      0.015      2.786      0.005
    N3                 0.064      0.023      2.860      0.004
    N4                -0.032      0.022     -1.466      0.143
    N5                 0.035      0.020      1.756      0.079
    N6                 0.042      0.028      1.494      0.135
    N7                 0.232      0.028      8.160      0.000
    O1                 0.298      0.022     13.779      0.000
    O2                 0.359      0.026     13.983      0.000
    O3                 0.205      0.027      7.519      0.000
    O4                 0.087      0.036      2.413      0.016
    O5                 0.283      0.020     14.189      0.000
    O6                -0.094      0.031     -3.000      0.003
    O7                 0.008      0.020      0.406      0.685
    O9                -0.021      0.012     -1.765      0.078

 OPEN     BY
    A1                -0.038      0.034     -1.129      0.259
    A2                -0.105      0.033     -3.231      0.001
    A3                -0.250      0.039     -6.415      0.000
    A6                 0.250      0.029      8.486      0.000
    A7                 0.155      0.013     12.318      0.000
    A8                -0.029      0.020     -1.496      0.135
    C1                 0.195      0.046      4.217      0.000
    C2                 0.112      0.035      3.241      0.001
    C3                 0.018      0.033      0.542      0.588
    C4                 0.154      0.030      5.194      0.000
    C5                 0.009      0.019      0.492      0.622
    C6                 0.081      0.034      2.338      0.019
    C7                 0.069      0.037      1.854      0.064
    C8                -0.157      0.024     -6.655      0.000
    C9                 0.043      0.023      1.862      0.063
    E1                 0.083      0.069      1.211      0.226
    E3                 0.007      0.009      0.841      0.400
    E4                 0.047      0.022      2.147      0.032
    E5                 0.034      0.037      0.931      0.352
    E6                -0.060      0.043     -1.394      0.163
    E7                 0.077      0.040      1.937      0.053
    E8                 0.232      0.093      2.483      0.013
    E9                 0.047      0.033      1.416      0.157
    N1                 0.447      0.027     16.300      0.000
    N2                 0.120      0.017      7.170      0.000
    N3                 0.397      0.031     12.746      0.000
    N4                -0.003      0.043     -0.069      0.945
    N5                 0.128      0.073      1.748      0.081
    N6                -0.169      0.063     -2.697      0.007
    N7                -0.108      0.044     -2.458      0.014
    O1                -0.074      0.045     -1.664      0.096
    O2                 0.070      0.029      2.455      0.014
    O3                 0.028      0.035      0.796      0.426
    O4                -0.024      0.028     -0.844      0.399
    O5                -0.020      0.019     -1.041      0.298
    O6                 0.042      0.038      1.107      0.268
    O7                -0.034      0.028     -1.218      0.223
    O9                 0.044      0.013      3.298      0.001

 CONSC    WITH
    AGREE             -0.116      0.056     -2.083      0.037

 EXTRA    WITH
    AGREE              0.119      0.065      1.835      0.066
    CONSC              0.120      0.040      3.014      0.003

 NEURO    WITH
    AGREE             -0.029      0.066     -0.434      0.664
    CONSC              0.375      0.065      5.794      0.000
    EXTRA              0.086      0.055      1.565      0.118

 OPEN     WITH
    AGREE             -0.150      0.036     -4.175      0.000
    CONSC              0.165      0.098      1.673      0.094
    EXTRA              0.047      0.046      1.023      0.306
    NEURO              0.367      0.041      8.871      0.000

 N5       WITH
    C2                 0.007      0.008      0.824      0.410

 E5       WITH
    C1                -0.020      0.012     -1.627      0.104

 Intercepts
    A1                -0.058      0.018     -3.257      0.001
    A2                 0.030      0.016      1.818      0.069
    A3                 0.079      0.027      2.955      0.003
    A6                -0.116      0.021     -5.500      0.000
    A7                 0.025      0.012      2.138      0.033
    A8                 0.419      0.025     16.465      0.000
    C1                -0.088      0.026     -3.385      0.001
    C2                -0.027      0.025     -1.059      0.290
    C3                -0.033      0.022     -1.515      0.130
    C4                 0.177      0.026      6.810      0.000
    C5                 0.030      0.024      1.259      0.208
    C6                -0.190      0.021     -9.123      0.000
    C7                -0.108      0.023     -4.589      0.000
    C8                 0.088      0.017      5.263      0.000
    C9                 0.170      0.018      9.208      0.000
    E1                -0.040      0.024     -1.680      0.093
    E3                 0.426      0.014     30.786      0.000
    E4                -0.160      0.017     -9.389      0.000
    E5                -0.039      0.025     -1.543      0.123
    E6                 0.281      0.040      7.024      0.000
    E7                 0.047      0.024      1.971      0.049
    E8                -0.010      0.032     -0.296      0.767
    E9                 0.075      0.022      3.460      0.001
    N1                -0.162      0.023     -7.079      0.000
    N2                 0.107      0.012      9.032      0.000
    N3                 0.649      0.021     31.282      0.000
    N4                 0.538      0.029     18.335      0.000
    N5                -0.245      0.024    -10.340      0.000
    N6                -0.134      0.026     -5.059      0.000
    N7                 0.000      0.023      0.000      1.000
    O1                 0.000      0.018      0.000      1.000
    O2                -0.127      0.020     -6.296      0.000
    O3                -0.156      0.023     -6.710      0.000
    O4                 0.171      0.032      5.307      0.000
    O5                 0.510      0.016     32.708      0.000
    O6                 0.183      0.028      6.631      0.000
    O7                 0.000      0.025      0.000      1.000
    O9                 0.000      0.010      0.000      1.000

 Variances
    AGREE              1.000      0.000    999.000    999.000
    CONSC              1.000      0.000    999.000    999.000
    EXTRA              1.000      0.000    999.000    999.000
    NEURO              1.000      0.000    999.000    999.000
    OPEN               1.000      0.000    999.000    999.000

 Residual Variances
    A1                 0.109      0.007     15.931      0.000
    A2                 0.096      0.006     16.550      0.000
    A3                 0.264      0.015     17.359      0.000
    A6                 0.267      0.015     18.048      0.000
    A7                 0.052      0.003     15.963      0.000
    A8                 0.254      0.016     16.306      0.000
    C1                 0.303      0.017     17.894      0.000
    C2                 0.205      0.013     15.601      0.000
    C3                 0.162      0.010     15.774      0.000
    C4                 0.178      0.013     13.208      0.000
    C5                 0.263      0.016     16.561      0.000
    C6                 0.159      0.009     17.333      0.000
    C7                 0.251      0.014     17.640      0.000
    C8                 0.074      0.005     15.685      0.000
    C9                 0.129      0.008     17.061      0.000
    E1                 0.161      0.011     14.475      0.000
    E3                 0.078      0.005     16.593      0.000
    E4                 0.197      0.010     19.061      0.000
    E5                 0.335      0.018     18.528      0.000
    E6                 0.903      0.050     18.010      0.000
    E7                 0.272      0.015     17.851      0.000
    E8                 0.341      0.022     15.734      0.000
    E9                 0.140      0.010     14.322      0.000
    N1                 0.196      0.014     14.157      0.000
    N2                 0.076      0.004     18.460      0.000
    N3                 0.104      0.009     12.109      0.000
    N4                 0.236      0.017     13.963      0.000
    N5                 0.158      0.011     15.042      0.000
    N6                 0.319      0.019     16.821      0.000
    N7                 0.264      0.015     17.664      0.000
    O1                 0.111      0.008     14.637      0.000
    O2                 0.139      0.009     16.152      0.000
    O3                 0.217      0.013     17.233      0.000
    O4                 0.453      0.027     16.869      0.000
    O5                 0.100      0.006     16.416      0.000
    O6                 0.348      0.020     17.725      0.000
    O7                 0.223      0.013     16.837      0.000
    O9                 0.059      0.003     18.609      0.000


STANDARDIZED MODEL RESULTS


STDYX Standardization

                                                    Two-Tailed
                    Estimate       S.E.  Est./S.E.    P-Value

 AGREE    BY
    A1                 0.182      0.060      3.022      0.003
    A2                 0.508      0.036     14.272      0.000
    A3                 0.432      0.071      6.095      0.000
    A6                 0.101      0.044      2.306      0.021
    A7                 0.004      0.021      0.200      0.841
    A8                 0.655      0.035     18.891      0.000
    C1                -0.236      0.083     -2.848      0.004
    C2                 0.665      0.058     11.527      0.000
    C3                -0.056      0.094     -0.594      0.553
    C4                 0.808      0.027     29.712      0.000
    C5                 0.051      0.075      0.681      0.496
    C6                -0.285      0.092     -3.109      0.002
    C7                 0.048      0.081      0.596      0.551
    C8                 0.562      0.078      7.231      0.000
    C9                 0.684      0.037     18.485      0.000
    E1                 0.195      0.043      4.585      0.000
    E3                 0.135      0.058      2.333      0.020
    E4                -0.013      0.043     -0.307      0.759
    E5                -0.002      0.053     -0.040      0.968
    E6                 0.112      0.039      2.852      0.004
    E7                -0.184      0.037     -4.925      0.000
    E8                 0.090      0.037      2.456      0.014
    E9                 0.183      0.035      5.216      0.000
    N1                 0.042      0.039      1.060      0.289
    N2                -0.116      0.060     -1.942      0.052
    N3                -0.099      0.074     -1.337      0.181
    N4                 0.392      0.090      4.373      0.000
    N5                -0.015      0.030     -0.501      0.616
    N6                -0.035      0.031     -1.134      0.257
    N7                 0.001      0.040      0.033      0.973
    O1                -0.016      0.020     -0.797      0.426
    O2                -0.077      0.042     -1.826      0.068
    O3                -0.474      0.035    -13.347      0.000
    O4                 0.347      0.080      4.338      0.000
    O5                -0.070      0.037     -1.897      0.058
    O6                 0.507      0.035     14.486      0.000
    O7                 0.448      0.089      5.051      0.000
    O9                 0.385      0.036     10.738      0.000

 CONSC    BY
    A1                -0.113      0.047     -2.396      0.017
    A2                 0.125      0.113      1.106      0.269
    A3                -0.222      0.142     -1.563      0.118
    A6                 0.009      0.062      0.140      0.889
    A7                -0.167      0.077     -2.173      0.030
    A8                 0.216      0.139      1.552      0.121
    C1                 0.420      0.115      3.635      0.000
    C2                -0.331      0.108     -3.056      0.002
    C3                -0.733      0.026    -28.285      0.000
    C4                 0.105      0.121      0.869      0.385
    C5                -0.616      0.051    -12.056      0.000
    C6                 0.529      0.093      5.674      0.000
    C7                 0.585      0.041     14.247      0.000
    C8                -0.281      0.168     -1.671      0.095
    C9                -0.126      0.116     -1.085      0.278
    E1                -0.023      0.034     -0.671      0.502
    E3                 0.204      0.075      2.698      0.007
    E4                 0.080      0.045      1.764      0.078
    E5                 0.305      0.040      7.567      0.000
    E6                -0.021      0.059     -0.360      0.719
    E7                -0.016      0.045     -0.357      0.721
    E8                 0.141      0.075      1.880      0.060
    E9                -0.108      0.064     -1.685      0.092
    N1                -0.080      0.121     -0.659      0.510
    N2                 0.139      0.096      1.450      0.147
    N3                 0.166      0.147      1.128      0.259
    N4                 0.727      0.050     14.521      0.000
    N5                 0.229      0.084      2.731      0.006
    N6                 0.103      0.048      2.135      0.033
    N7                 0.355      0.046      7.785      0.000
    O1                 0.008      0.029      0.276      0.782
    O2                 0.057      0.038      1.502      0.133
    O3                 0.060      0.092      0.649      0.516
    O4                 0.551      0.073      7.515      0.000
    O5                 0.044      0.041      1.070      0.285
    O6                 0.011      0.053      0.198      0.843
    O7                -0.493      0.102     -4.830      0.000
    O9                -0.021      0.052     -0.413      0.680

 EXTRA    BY
    A1                 0.640      0.026     24.163      0.000
    A2                 0.368      0.048      7.719      0.000
    A3                 0.017      0.027      0.615      0.538
    A6                 0.078      0.044      1.781      0.075
    A7                -0.137      0.047     -2.952      0.003
    A8                -0.223      0.051     -4.334      0.000
    C1                 0.139      0.034      4.059      0.000
    C2                 0.028      0.024      1.189      0.235
    C3                -0.052      0.046     -1.142      0.254
    C4                -0.252      0.042     -6.044      0.000
    C5                 0.026      0.028      0.936      0.349
    C6                 0.046      0.029      1.600      0.110
    C7                 0.027      0.034      0.778      0.437
    C8                 0.035      0.028      1.278      0.201
    C9                 0.036      0.030      1.204      0.228
    E1                 0.735      0.024     30.480      0.000
    E3                -0.409      0.038    -10.648      0.000
    E4                -0.203      0.039     -5.247      0.000
    E5                 0.004      0.033      0.109      0.913
    E6                -0.177      0.041     -4.360      0.000
    E7                 0.145      0.036      4.055      0.000
    E8                 0.628      0.030     21.113      0.000
    E9                 0.061      0.028      2.163      0.031
    N1                 0.071      0.055      1.282      0.200
    N2                 0.005      0.034      0.137      0.891
    N3                 0.017      0.036      0.479      0.632
    N4                 0.102      0.055      1.856      0.063
    N5                 0.665      0.026     25.600      0.000
    N6                 0.574      0.036     15.990      0.000
    N7                 0.142      0.050      2.849      0.004
    O1                 0.428      0.039     11.066      0.000
    O2                -0.049      0.028     -1.755      0.079
    O3                 0.306      0.034      8.879      0.000
    O4                -0.197      0.054     -3.616      0.000
    O5                -0.017      0.030     -0.561      0.575
    O6                 0.309      0.038      8.121      0.000
    O7                 0.114      0.032      3.631      0.000
    O9                 0.037      0.037      1.010      0.313

 NEURO    BY
    A1                -0.218      0.042     -5.251      0.000
    A2                 0.020      0.027      0.734      0.463
    A3                -0.123      0.039     -3.134      0.002
    A6                 0.007      0.042      0.179      0.858
    A7                 0.366      0.044      8.309      0.000
    A8                 0.123      0.041      3.009      0.003
    C1                -0.031      0.034     -0.902      0.367
    C2                 0.040      0.029      1.385      0.166
    C3                -0.020      0.031     -0.624      0.533
    C4                -0.018      0.020     -0.878      0.380
    C5                 0.410      0.042      9.730      0.000
    C6                 0.087      0.037      2.369      0.018
    C7                 0.027      0.038      0.707      0.480
    C8                 0.002      0.026      0.066      0.947
    C9                 0.030      0.034      0.878      0.380
    E1                 0.003      0.025      0.137      0.891
    E3                 0.478      0.044     10.970      0.000
    E4                 0.135      0.049      2.778      0.005
    E5                 0.314      0.044      7.196      0.000
    E6                 0.497      0.039     12.646      0.000
    E7                 0.495      0.043     11.451      0.000
    E8                 0.031      0.029      1.079      0.281
    E9                 0.749      0.040     18.605      0.000
    N1                -0.010      0.031     -0.318      0.750
    N2                 0.127      0.045      2.802      0.005
    N3                 0.113      0.040      2.868      0.004
    N4                -0.040      0.027     -1.467      0.142
    N5                 0.053      0.030      1.758      0.079
    N6                 0.058      0.039      1.496      0.135
    N7                 0.363      0.042      8.556      0.000
    O1                 0.604      0.039     15.351      0.000
    O2                 0.650      0.040     16.129      0.000
    O3                 0.323      0.042      7.748      0.000
    O4                 0.099      0.041      2.418      0.016
    O5                 0.664      0.040     16.744      0.000
    O6                -0.124      0.041     -3.012      0.003
    O7                 0.012      0.030      0.406      0.685
    O9                -0.080      0.045     -1.769      0.077

 OPEN     BY
    A1                -0.079      0.069     -1.130      0.259
    A2                -0.235      0.072     -3.243      0.001
    A3                -0.340      0.052     -6.553      0.000
    A6                 0.433      0.048      9.083      0.000
    A7                 0.493      0.036     13.655      0.000
    A8                -0.042      0.028     -1.496      0.135
    C1                 0.274      0.064      4.251      0.000
    C2                 0.161      0.050      3.257      0.001
    C3                 0.030      0.056      0.543      0.587
    C4                 0.216      0.041      5.237      0.000
    C5                 0.015      0.030      0.492      0.622
    C6                 0.141      0.060      2.338      0.019
    C7                 0.108      0.058      1.855      0.064
    C8                -0.344      0.051     -6.754      0.000
    C9                 0.085      0.045      1.866      0.062
    E1                 0.127      0.105      1.212      0.226
    E3                 0.020      0.023      0.841      0.400
    E4                 0.101      0.047      2.156      0.031
    E5                 0.050      0.054      0.931      0.352
    E6                -0.055      0.039     -1.396      0.163
    E7                 0.117      0.060      1.941      0.052
    E8                 0.264      0.106      2.495      0.013
    E9                 0.080      0.056      1.417      0.156
    N1                 0.715      0.035     20.343      0.000
    N2                 0.371      0.050      7.483      0.000
    N3                 0.699      0.050     13.926      0.000
    N4                -0.004      0.054     -0.069      0.945
    N5                 0.197      0.113      1.751      0.080
    N6                -0.234      0.086     -2.709      0.007
    N7                -0.169      0.068     -2.466      0.014
    O1                -0.151      0.091     -1.664      0.096
    O2                 0.127      0.052      2.461      0.014
    O3                 0.044      0.055      0.796      0.426
    O4                -0.027      0.032     -0.844      0.399
    O5                -0.047      0.045     -1.041      0.298
    O6                 0.055      0.050      1.108      0.268
    O7                -0.050      0.041     -1.217      0.224
    O9                 0.165      0.050      3.328      0.001

 CONSC    WITH
    AGREE             -0.116      0.056     -2.083      0.037

 EXTRA    WITH
    AGREE              0.119      0.065      1.835      0.066
    CONSC              0.120      0.040      3.014      0.003

 NEURO    WITH
    AGREE             -0.029      0.066     -0.434      0.664
    CONSC              0.375      0.065      5.794      0.000
    EXTRA              0.086      0.055      1.565      0.118

 OPEN     WITH
    AGREE             -0.150      0.036     -4.175      0.000
    CONSC              0.165      0.098      1.673      0.094
    EXTRA              0.047      0.046      1.023      0.306
    NEURO              0.367      0.041      8.871      0.000

 N5       WITH
    C2                 0.038      0.046      0.826      0.409

 E5       WITH
    C1                -0.063      0.039     -1.632      0.103

 Intercepts
    A1                -0.119      0.037     -3.245      0.001
    A2                 0.066      0.037      1.816      0.069
    A3                 0.108      0.037      2.947      0.003
    A6                -0.201      0.037     -5.445      0.000
    A7                 0.078      0.037      2.134      0.033
    A8                 0.602      0.040     15.150      0.000
    C1                -0.124      0.037     -3.372      0.001
    C2                -0.039      0.037     -1.058      0.290
    C3                -0.055      0.037     -1.514      0.130
    C4                 0.249      0.037      6.707      0.000
    C5                 0.046      0.037      1.258      0.208
    C6                -0.334      0.038     -8.880      0.000
    C7                -0.168      0.037     -4.557      0.000
    C8                 0.192      0.037      5.215      0.000
    C9                 0.337      0.038      8.957      0.000
    E1                -0.061      0.037     -1.678      0.093
    E3                 1.126      0.047     24.087      0.000
    E4                -0.343      0.038     -9.124      0.000
    E5                -0.056      0.037     -1.542      0.123
    E6                 0.257      0.037      6.911      0.000
    E7                 0.072      0.037      1.968      0.049
    E8                -0.011      0.037     -0.296      0.767
    E9                 0.127      0.037      3.446      0.001
    N1                -0.259      0.037     -6.963      0.000
    N2                 0.330      0.038      8.796      0.000
    N3                 1.144      0.047     24.323      0.000
    N4                 0.670      0.040     16.568      0.000
    N5                -0.378      0.038     -9.989      0.000
    N6                -0.185      0.037     -5.017      0.000
    N7                 0.000      0.037      0.000      1.000
    O1                 0.000      0.037      0.000      1.000
    O2                -0.230      0.037     -6.214      0.000
    O3                -0.245      0.037     -6.612      0.000
    O4                 0.194      0.037      5.258      0.000
    O5                 1.196      0.048     24.975      0.000
    O6                 0.242      0.037      6.536      0.000
    O7                 0.000      0.037      0.000      1.000
    O9                 0.000      0.037      0.000      1.000

 Variances
    AGREE              1.000      0.000    999.000    999.000
    CONSC              1.000      0.000    999.000    999.000
    EXTRA              1.000      0.000    999.000    999.000
    NEURO              1.000      0.000    999.000    999.000
    OPEN               1.000      0.000    999.000    999.000

 Residual Variances
    A1                 0.463      0.030     15.547      0.000
    A2                 0.476      0.029     16.272      0.000
    A3                 0.488      0.028     17.189      0.000
    A6                 0.801      0.031     26.151      0.000
    A7                 0.527      0.032     16.262      0.000
    A8                 0.524      0.032     16.586      0.000
    C1                 0.599      0.031     19.642      0.000
    C2                 0.422      0.028     14.867      0.000
    C3                 0.451      0.030     15.283      0.000
    C4                 0.352      0.028     12.383      0.000
    C5                 0.632      0.034     18.445      0.000
    C6                 0.488      0.028     17.173      0.000
    C7                 0.612      0.031     19.552      0.000
    C8                 0.359      0.025     14.403      0.000
    C9                 0.505      0.029     17.129      0.000
    E1                 0.372      0.027     13.535      0.000
    E3                 0.541      0.032     17.123      0.000
    E4                 0.912      0.021     42.671      0.000
    E5                 0.717      0.030     23.870      0.000
    E6                 0.752      0.031     24.018      0.000
    E7                 0.632      0.031     20.276      0.000
    E8                 0.442      0.029     15.162      0.000
    E9                 0.402      0.030     13.606      0.000
    N1                 0.503      0.035     14.180      0.000
    N2                 0.730      0.030     24.239      0.000
    N3                 0.323      0.028     11.347      0.000
    N4                 0.366      0.028     13.082      0.000
    N5                 0.377      0.027     14.035      0.000
    N6                 0.613      0.033     18.469      0.000
    N7                 0.643      0.032     20.251      0.000
    O1                 0.456      0.032     14.285      0.000
    O2                 0.457      0.029     15.693      0.000
    O3                 0.537      0.030     17.762      0.000
    O4                 0.581      0.032     18.022      0.000
    O5                 0.551      0.032     17.053      0.000
    O6                 0.608      0.031     19.585      0.000
    O7                 0.481      0.029     16.595      0.000
    O9                 0.838      0.028     30.416      0.000


R-SQUARE

    Observed                                        Two-Tailed
    Variable        Estimate       S.E.  Est./S.E.    P-Value

    A1                 0.537      0.030     18.022      0.000
    A2                 0.524      0.029     17.879      0.000
    A3                 0.512      0.028     18.057      0.000
    A6                 0.199      0.031      6.512      0.000
    A7                 0.473      0.032     14.610      0.000
    A8                 0.476      0.032     15.094      0.000
    C1                 0.401      0.031     13.131      0.000
    C2                 0.578      0.028     20.342      0.000
    C3                 0.549      0.030     18.606      0.000
    C4                 0.648      0.028     22.752      0.000
    C5                 0.368      0.034     10.733      0.000
    C6                 0.512      0.028     17.991      0.000
    C7                 0.388      0.031     12.405      0.000
    C8                 0.641      0.025     25.758      0.000
    C9                 0.495      0.029     16.783      0.000
    E1                 0.628      0.027     22.865      0.000
    E3                 0.459      0.032     14.504      0.000
    E4                 0.088      0.021      4.117      0.000
    E5                 0.283      0.030      9.442      0.000
    E6                 0.248      0.031      7.905      0.000
    E7                 0.368      0.031     11.808      0.000
    E8                 0.558      0.029     19.142      0.000
    E9                 0.598      0.030     20.281      0.000
    N1                 0.497      0.035     14.010      0.000
    N2                 0.270      0.030      8.943      0.000
    N3                 0.677      0.028     23.787      0.000
    N4                 0.634      0.028     22.615      0.000
    N5                 0.623      0.027     23.177      0.000
    N6                 0.387      0.033     11.675      0.000
    N7                 0.357      0.032     11.225      0.000
    O1                 0.544      0.032     17.011      0.000
    O2                 0.543      0.029     18.611      0.000
    O3                 0.463      0.030     15.319      0.000
    O4                 0.419      0.032     12.974      0.000
    O5                 0.449      0.032     13.904      0.000
    O6                 0.392      0.031     12.644      0.000
    O7                 0.519      0.029     17.930      0.000
    O9                 0.162      0.028      5.885      0.000


QUALITY OF NUMERICAL RESULTS

     Condition Number for the Information Matrix              0.411E-03
       (ratio of smallest to largest eigenvalue)


MODEL MODIFICATION INDICES

NOTE:  Modification indices for direct effects of observed dependent variables
regressed on covariates may not be included.  To include these, request
MODINDICES (ALL).

Minimum M.I. value for printing the modification index     4.000

                                   M.I.     E.P.C.  Std E.P.C.  StdYX E.P.C.

WITH Statements

A6       WITH A2                  17.856     0.027      0.027        0.170
A7       WITH A2                  28.464    -0.016     -0.016       -0.227
A7       WITH A3                   8.413     0.014      0.014        0.121
A7       WITH A6                  16.427    -0.020     -0.020       -0.165
A8       WITH A1                  22.933     0.034      0.034        0.205
A8       WITH A3                   4.854    -0.024     -0.024       -0.091
A8       WITH A6                  22.431    -0.050     -0.050       -0.191
A8       WITH A7                   8.748     0.014      0.014        0.125
C1       WITH A3                   4.167     0.023      0.023        0.081
C2       WITH A1                   7.328    -0.018     -0.018       -0.120
C2       WITH A2                  16.205     0.024      0.024        0.174
C2       WITH A6                  21.759     0.045      0.045        0.193
C2       WITH A8                  63.145    -0.079     -0.079       -0.347
C3       WITH A1                   6.450     0.015      0.015        0.111
C3       WITH A2                   5.648     0.013      0.013        0.103
C4       WITH A2                   7.166     0.016      0.016        0.125
C4       WITH A3                   8.539    -0.029     -0.029       -0.133
C4       WITH A7                  26.482    -0.023     -0.023       -0.242
C4       WITH A8                  28.822     0.057      0.057        0.267
C4       WITH C3                   4.514     0.017      0.017        0.101
C5       WITH A2                   6.191     0.017      0.017        0.105
C5       WITH C2                   4.722    -0.022     -0.022       -0.094
C5       WITH C3                  22.402     0.043      0.043        0.211
C5       WITH C4                  13.842     0.037      0.037        0.173
C6       WITH A1                   4.768     0.012      0.012        0.091
C6       WITH A2                  20.606     0.023      0.023        0.187
C6       WITH A3                   4.795     0.018      0.018        0.089
C6       WITH A8                  14.790    -0.032     -0.032       -0.159
C6       WITH C3                  22.227     0.033      0.033        0.204
C6       WITH C4                  12.045     0.027      0.027        0.158
C6       WITH C5                  13.833     0.032      0.032        0.155
C7       WITH A8                  18.973    -0.045     -0.045       -0.179
C7       WITH C2                  10.533     0.031      0.031        0.136
C7       WITH C4                  14.997    -0.037     -0.037       -0.175
C7       WITH C5                  26.538    -0.055     -0.055       -0.213
C8       WITH A3                 150.417     0.074      0.074        0.529
C8       WITH A6                  10.949     0.019      0.019        0.136
C8       WITH A7                   6.652     0.007      0.007        0.112
C8       WITH A8                   9.124    -0.018     -0.018       -0.131
C8       WITH C4                   6.247    -0.014     -0.014       -0.120
C8       WITH C7                  18.268     0.024      0.024        0.179
C9       WITH A1                   4.572    -0.011     -0.011       -0.090
C9       WITH A3                  18.399    -0.032     -0.032       -0.175
C9       WITH A6                   7.949    -0.021     -0.021       -0.112
C9       WITH A8                   8.912     0.023      0.023        0.126
E1       WITH A2                   7.111    -0.015     -0.015       -0.122
E1       WITH A6                  15.204    -0.035     -0.035       -0.167
E1       WITH A7                   7.789     0.011      0.011        0.125
E1       WITH C4                  12.302    -0.029     -0.029       -0.173
E1       WITH C9                  61.405     0.050      0.050        0.347
E3       WITH A1                  20.406    -0.018     -0.018       -0.199
E3       WITH C5                   4.153    -0.012     -0.012       -0.086
E3       WITH C6                  11.557    -0.016     -0.016       -0.140
E3       WITH E1                   6.697     0.013      0.013        0.118
E4       WITH A1                  28.133    -0.031     -0.031       -0.213
E4       WITH A6                  14.334     0.033      0.033        0.143
E4       WITH A8                  45.635    -0.060     -0.060       -0.267
E4       WITH C1                   9.926     0.029      0.029        0.120
E4       WITH C2                  47.200     0.056      0.056        0.277
E4       WITH C3                   6.675     0.019      0.019        0.104
E4       WITH C6                  13.640     0.025      0.025        0.143
E4       WITH C7                  17.437     0.036      0.036        0.160
E4       WITH C8                  20.969     0.022      0.022        0.184
E4       WITH C9                   7.679    -0.017     -0.017       -0.108
E4       WITH E1                  13.793    -0.028     -0.028       -0.156
E5       WITH A2                   9.486     0.022      0.022        0.123
E5       WITH A8                   4.785    -0.026     -0.026       -0.088
E5       WITH C2                   9.920     0.034      0.034        0.129
E5       WITH C3                   6.176     0.024      0.024        0.103
E5       WITH C6                  29.967     0.050      0.050        0.216
E5       WITH C7                   9.396     0.035      0.035        0.119
E6       WITH A2                   5.447    -0.028     -0.028       -0.094
E6       WITH A6                  19.697    -0.085     -0.085       -0.172
E6       WITH A8                   4.850     0.043      0.043        0.090
E6       WITH C7                   6.575    -0.048     -0.048       -0.101
E6       WITH E4                   9.181    -0.049     -0.049       -0.115
E7       WITH A8                   7.151     0.029      0.029        0.109
E7       WITH C2                  11.292    -0.033     -0.033       -0.140
E7       WITH C7                   4.052    -0.021     -0.021       -0.080
E7       WITH C8                   8.317     0.017      0.017        0.120
E7       WITH E6                   7.567     0.054      0.054        0.108
E8       WITH A1                   6.541    -0.022     -0.022       -0.115
E8       WITH A2                  33.301    -0.045     -0.045       -0.248
E8       WITH A6                   5.925    -0.030     -0.030       -0.100
E8       WITH C1                  11.173    -0.045     -0.045       -0.139
E8       WITH C2                  14.495    -0.045     -0.045       -0.170
E8       WITH C6                   5.882    -0.024     -0.024       -0.102
E8       WITH E1                  30.151     0.063      0.063        0.270
E8       WITH E3                   7.776     0.020      0.020        0.120
E9       WITH A7                  15.390     0.015      0.015        0.181
E9       WITH C1                  18.131    -0.038     -0.038       -0.185
E9       WITH C8                   4.725    -0.010     -0.010       -0.100
E9       WITH E3                   7.489    -0.013     -0.013       -0.127
E9       WITH E4                   4.792    -0.015     -0.015       -0.092
E9       WITH E8                   4.928     0.022      0.022        0.101
N1       WITH A3                  11.769     0.034      0.034        0.151
N1       WITH A7                  50.665     0.034      0.034        0.334
N1       WITH A8                   6.705    -0.026     -0.026       -0.115
N1       WITH C6                   7.085     0.020      0.020        0.116
N1       WITH C7                  13.898     0.036      0.036        0.161
N1       WITH C8                   4.779     0.012      0.012        0.101
N1       WITH E5                   4.111    -0.022     -0.022       -0.086
N1       WITH E7                   7.654    -0.027     -0.027       -0.119
N1       WITH E8                   8.492    -0.035     -0.035       -0.134
N2       WITH A8                  19.249     0.024      0.024        0.176
N2       WITH C1                  31.367     0.033      0.033        0.217
N2       WITH C2                  13.104    -0.018     -0.018       -0.148
N2       WITH C6                  11.035    -0.014     -0.014       -0.130
N2       WITH C7                  15.063    -0.021     -0.021       -0.151
N2       WITH E3                   5.141     0.007      0.007        0.091
N2       WITH E5                   8.599    -0.018     -0.018       -0.112
N2       WITH E6                   7.884     0.028      0.028        0.108
N2       WITH E7                  54.702     0.041      0.041        0.286
N2       WITH E9                  27.837    -0.023     -0.023       -0.225
N3       WITH A1                   6.466     0.013      0.013        0.121
N3       WITH A2                  12.082     0.017      0.017        0.166
N3       WITH A3                   4.791    -0.017     -0.017       -0.104
N3       WITH A6                  50.933     0.055      0.055        0.330
N3       WITH A7                  13.870    -0.014     -0.014       -0.188
N3       WITH C1                  11.819     0.028      0.028        0.158
N3       WITH C4                   4.898     0.016      0.016        0.117
N3       WITH E1                  34.806    -0.038     -0.038       -0.294
N3       WITH E3                   4.319    -0.009     -0.009       -0.097
N3       WITH E5                   8.521     0.024      0.024        0.131
N3       WITH N2                  14.664     0.016      0.016        0.175
N4       WITH A8                   6.355    -0.029     -0.029       -0.120
N4       WITH C2                   4.099     0.021      0.021        0.095
N4       WITH C3                  19.690    -0.045     -0.045       -0.230
N4       WITH C9                   4.300    -0.016     -0.016       -0.094
N4       WITH E3                   5.826    -0.015     -0.015       -0.111
N4       WITH E7                   5.292    -0.026     -0.026       -0.102
N4       WITH N1                   4.594     0.022      0.022        0.104
N4       WITH N2                   5.066    -0.013     -0.013       -0.098
N5       WITH A1                  19.601    -0.027     -0.027       -0.205
N5       WITH A2                  11.122    -0.018     -0.018       -0.147
N5       WITH A3                   5.860     0.021      0.021        0.104
N5       WITH A8                   5.382    -0.020     -0.020       -0.102
N5       WITH C1                  15.148    -0.036     -0.036       -0.166
N5       WITH C6                   6.481    -0.017     -0.017       -0.110
N5       WITH C9                  17.718    -0.026     -0.026       -0.184
N5       WITH E1                   9.835     0.026      0.026        0.160
N5       WITH E4                  14.133     0.027      0.027        0.154
N5       WITH E5                   8.495    -0.028     -0.028       -0.121
N5       WITH E8                 110.468     0.116      0.116        0.500
N5       WITH N3                  16.815    -0.026     -0.026       -0.202
N5       WITH N4                  10.658     0.030      0.030        0.157
N6       WITH A1                   5.092     0.018      0.018        0.097
N6       WITH A2                  33.818     0.043      0.043        0.244
N6       WITH A3                  11.640    -0.040     -0.040       -0.138
N6       WITH A7                  17.139    -0.022     -0.022       -0.174
N6       WITH C1                  27.954     0.066      0.066        0.212
N6       WITH C3                   5.371     0.022      0.022        0.099
N6       WITH C4                  14.995     0.043      0.043        0.180
N6       WITH E1                  10.556    -0.033     -0.033       -0.147
N6       WITH E4                   6.234     0.024      0.024        0.097
N6       WITH E5                  16.777     0.053      0.053        0.161
N6       WITH E8                  11.172    -0.047     -0.047       -0.143
N6       WITH E9                   5.625    -0.022     -0.022       -0.105
N6       WITH N1                   4.115    -0.022     -0.022       -0.090
N6       WITH N3                   7.193     0.023      0.023        0.125
N6       WITH N4                  17.620    -0.052     -0.052       -0.189
N6       WITH N5                  13.175    -0.036     -0.036       -0.160
N7       WITH A2                   9.515     0.020      0.020        0.126
N7       WITH A8                   6.942    -0.028     -0.028       -0.108
N7       WITH C4                   9.531    -0.030     -0.030       -0.139
N7       WITH C5                   7.059     0.029      0.029        0.109
N7       WITH C6                   8.163     0.024      0.024        0.115
N7       WITH C7                   8.947     0.031      0.031        0.119
N7       WITH E8                  24.317    -0.061     -0.061       -0.205
N7       WITH N1                  11.017     0.033      0.033        0.145
N7       WITH N4                   5.397     0.026      0.026        0.105
O1       WITH A2                   7.416     0.012      0.012        0.121
O1       WITH A3                  10.427    -0.024     -0.024       -0.139
O1       WITH A7                  16.060    -0.014     -0.014       -0.178
O1       WITH C1                  13.145     0.028      0.028        0.154
O1       WITH C3                   4.122    -0.012     -0.012       -0.092
O1       WITH C6                   5.204    -0.013     -0.013       -0.098
O1       WITH C7                   7.068    -0.019     -0.019       -0.114
O1       WITH E1                   8.851    -0.019     -0.019       -0.142
O1       WITH E8                   5.513    -0.021     -0.021       -0.106
O1       WITH N2                   8.192     0.011      0.011        0.120
O1       WITH N3                   8.720     0.016      0.016        0.146
O1       WITH N5                   6.333    -0.016     -0.016       -0.117
O1       WITH N6                  17.422     0.035      0.035        0.185
O2       WITH A7                   4.647    -0.008     -0.008       -0.093
O2       WITH A8                  11.616    -0.027     -0.027       -0.145
O2       WITH C2                  14.361     0.028      0.028        0.164
O2       WITH C6                  12.982     0.022      0.022        0.150
O2       WITH C7                   4.938     0.017      0.017        0.092
O2       WITH C9                   4.695    -0.012     -0.012       -0.091
O2       WITH E5                  48.124     0.061      0.061        0.281
O2       WITH E6                   9.818     0.046      0.046        0.130
O2       WITH E9                  19.074     0.030      0.030        0.213
O2       WITH N2                  28.704    -0.022     -0.022       -0.217
O2       WITH N7                   4.205    -0.016     -0.016       -0.085
O3       WITH A2                   7.872     0.017      0.017        0.116
O3       WITH C1                   7.692     0.028      0.028        0.111
O3       WITH C6                   5.683     0.018      0.018        0.097
O3       WITH E4                  22.520     0.038      0.038        0.184
O3       WITH E7                  14.751     0.038      0.038        0.155
O3       WITH E8                  19.407    -0.051     -0.051       -0.186
O3       WITH N6                  16.593     0.044      0.044        0.167
O3       WITH O2                  12.216    -0.026     -0.026       -0.147
O4       WITH A2                   6.793    -0.023     -0.023       -0.109
O4       WITH A8                  41.718     0.094      0.094        0.276
O4       WITH C2                   6.832    -0.034     -0.034       -0.112
O4       WITH C3                   4.020     0.024      0.024        0.089
O4       WITH C6                   4.141    -0.022     -0.022       -0.084
O4       WITH C8                   8.566    -0.023     -0.023       -0.125
O4       WITH E5                  13.353    -0.057     -0.057       -0.146
O4       WITH E8                   4.154     0.034      0.034        0.087
O4       WITH N3                   7.986    -0.029     -0.029       -0.131
O4       WITH N5                   6.491     0.030      0.030        0.111
O5       WITH A3                  11.415     0.023      0.023        0.139
O5       WITH A7                   8.460     0.009      0.009        0.124
O5       WITH C4                   7.985    -0.018     -0.018       -0.131
O5       WITH C8                   6.534     0.009      0.009        0.110
O5       WITH E3                  15.770     0.015      0.015        0.171
O5       WITH E4                   5.592     0.013      0.013        0.093
O5       WITH E5                  15.131    -0.029     -0.029       -0.156
O5       WITH N2                   4.557     0.007      0.007        0.085
O5       WITH N5                   5.423     0.013      0.013        0.102
O5       WITH N7                   5.545     0.016      0.016        0.097
O5       WITH O2                  14.157    -0.020     -0.020       -0.166
O5       WITH O3                   4.835     0.014      0.014        0.092
O6       WITH A1                  45.078     0.055      0.055        0.281
O6       WITH A2                   4.840     0.016      0.016        0.090
O6       WITH A8                  32.988     0.070      0.070        0.235
O6       WITH C4                  12.218     0.040      0.040        0.159
O6       WITH C7                  11.588    -0.040     -0.040       -0.135
O6       WITH C8                  11.928    -0.023     -0.023       -0.144
O6       WITH C9                   4.774    -0.019     -0.019       -0.089
O6       WITH E1                   9.796    -0.033     -0.033       -0.138
O6       WITH E4                  18.769    -0.043     -0.043       -0.166
O6       WITH N3                  12.069     0.030      0.030        0.157
O6       WITH N5                   8.874    -0.030     -0.030       -0.127
O6       WITH O1                   7.128     0.022      0.022        0.114
O6       WITH O3                  15.228    -0.043     -0.043       -0.156
O6       WITH O4                   5.720    -0.038     -0.038       -0.097
O7       WITH A1                   5.461    -0.016     -0.016       -0.099
O7       WITH A6                   7.422     0.026      0.026        0.109
O7       WITH A8                  27.486    -0.052     -0.052       -0.219
O7       WITH C1                  10.768     0.035      0.035        0.133
O7       WITH C2                  78.695     0.083      0.083        0.388
O7       WITH C3                   6.793    -0.022     -0.022       -0.113
O7       WITH C5                   6.321    -0.026     -0.026       -0.106
O7       WITH C6                  51.289    -0.056     -0.056       -0.297
O7       WITH C7                   6.497     0.025      0.025        0.104
O7       WITH E4                  34.533     0.048      0.048        0.230
O7       WITH E5                   6.466    -0.028     -0.028       -0.101
O7       WITH E6                  10.920    -0.059     -0.059       -0.133
O7       WITH E8                  12.365    -0.041     -0.041       -0.149
O7       WITH E9                   9.644    -0.024     -0.024       -0.139
O7       WITH N5                   5.279     0.019      0.019        0.100
O7       WITH N7                   4.040     0.020      0.020        0.082
O7       WITH O1                  23.633     0.033      0.033        0.212
O7       WITH O3                   9.421     0.028      0.028        0.126
O7       WITH O6                   8.659    -0.033     -0.033       -0.119
O9       WITH A3                   8.543     0.014      0.014        0.114
O9       WITH A8                  10.438    -0.016     -0.016       -0.129
O9       WITH C2                   5.291     0.010      0.010        0.094
O9       WITH C4                   5.401    -0.011     -0.011       -0.103
O9       WITH C5                   4.175    -0.010     -0.010       -0.081
O9       WITH C6                  14.081     0.014      0.014        0.146
O9       WITH C7                  25.313     0.024      0.024        0.195
O9       WITH C8                  24.876     0.013      0.013        0.203
O9       WITH C9                  28.890     0.018      0.018        0.212
O9       WITH E1                  24.571     0.020      0.020        0.210
O9       WITH E3                  10.138     0.009      0.009        0.127
O9       WITH E4                  15.856     0.016      0.016        0.149
O9       WITH E9                   5.272    -0.009     -0.009       -0.097
O9       WITH N1                  12.008     0.016      0.016        0.146
O9       WITH N3                   7.880    -0.010     -0.010       -0.125
O9       WITH O1                  20.647    -0.015     -0.015       -0.189
O9       WITH O3                  19.457     0.020      0.020        0.173
O9       WITH O6                  47.096    -0.038     -0.038       -0.265


     Beginning Time:  16:39:58
        Ending Time:  16:40:00
       Elapsed Time:  00:00:02



MUTHEN & MUTHEN
3463 Stoner Ave.
Los Angeles, CA  90066

Tel: (310) 391-9971
Fax: (310) 391-8971
Web: www.StatModel.com
Support: Support@StatModel.com

Copyright (c) 1998-2019 Muthen & Muthen
