Mplus VERSION 7.1
MUTHEN & MUTHEN
06/09/2015   2:27 PM

INPUT INSTRUCTIONS

  TITLE:

  DATA:
  FILE IS  "factorscores_CFA.txt";
  Variable:
  Names are
  VPN
  A1
  A2
  A3
  A4
  A5
  A6
  A7
  A8
  C1
  C2
  C3
  C4
  C5
  C6
  C7
  C8
  C9
  E1
  E2
  E3
  E4
  E5
  E6
  E7
  E8
  E9
  N1
  N2
  N3
  N4
  N5
  N6
  N7
  O1
  O2
  O3
  O4
  O5
  O6
  O7
  O8
  O9
  ;

  USEVARIABLES ARE
  A1
  A2
  A3
  A6
  A7
  A8
  C1
  C2
  C3
  C4
  C5
  C6
  C7
  C8
  C9
  E1
  E3
  E4
  E5
  E6
  E7
  E8
  E9
  N1
  N2
  N3
  N4
  N5
  N6
  N7
  O1
  O2
  O3
  O4
  O5
  O6
  O7
  O9
  ;

  MISSING ARE ALL (-99);

  Model:

  agree consc extra neuro open by
  A1
  A2
  A3
  A6
  A7
  A8
  C1
  C2
  C3
  C4
  C5
  C6
  C7
  C8
  C9
  E1
  E3
  E4
  E5
  E6
  E7
  E8
  E9
  N1
  N2
  N3
  N4
  N5
  N6
  N7
  O1
  O2
  O3
  O4
  O5
  O6
  O7
  O9
  (*1);

  !SE by
  !agree
  !consc
  !extra
  !neuro
  !open;

  Analysis:
  ESTIMATOR IS ML;
  iterations = 10000;

  OUTPUT: STDYX MODINDICES(4);



INPUT READING TERMINATED NORMALLY




SUMMARY OF ANALYSIS

Number of groups                                                 1
Number of observations                                         361

Number of dependent variables                                   38
Number of independent variables                                  0
Number of continuous latent variables                            5

Observed dependent variables

  Continuous
   A1          A2          A3          A6          A7          A8
   C1          C2          C3          C4          C5          C6
   C7          C8          C9          E1          E3          E4
   E5          E6          E7          E8          E9          N1
   N2          N3          N4          N5          N6          N7
   O1          O2          O3          O4          O5          O6
   O7          O9

Continuous latent variables

  EFA factors
  *1:   AGREE       CONSC       EXTRA       NEURO       OPEN


Estimator                                                       ML
Rotation                                                    GEOMIN
Row standardization                                    CORRELATION
Type of rotation                                           OBLIQUE
Epsilon value                                               Varies
Information matrix                                        OBSERVED
Maximum number of iterations                                 10000
Convergence criterion                                    0.500D-04
Maximum number of steepest descent iterations                   20
Maximum number of iterations for H1                           2000
Convergence criterion for H1                             0.100D-03
Optimization Specifications for the Exploratory Factor Analysis
Rotation Algorithm
  Number of random starts                                       30
  Maximum number of iterations                               10000
  Derivative convergence criterion                       0.100D-04

Input data file(s)
  factorscores_CFA.txt

Input data format  FREE


SUMMARY OF DATA

     Number of missing data patterns             1


COVARIANCE COVERAGE OF DATA

Minimum covariance coverage value   0.100


     PROPORTION OF DATA PRESENT


           Covariance Coverage
              A1            A2            A3            A6            A7
              ________      ________      ________      ________      ________
 A1             1.000
 A2             1.000         1.000
 A3             1.000         1.000         1.000
 A6             1.000         1.000         1.000         1.000
 A7             1.000         1.000         1.000         1.000         1.000
 A8             1.000         1.000         1.000         1.000         1.000
 C1             1.000         1.000         1.000         1.000         1.000
 C2             1.000         1.000         1.000         1.000         1.000
 C3             1.000         1.000         1.000         1.000         1.000
 C4             1.000         1.000         1.000         1.000         1.000
 C5             1.000         1.000         1.000         1.000         1.000
 C6             1.000         1.000         1.000         1.000         1.000
 C7             1.000         1.000         1.000         1.000         1.000
 C8             1.000         1.000         1.000         1.000         1.000
 C9             1.000         1.000         1.000         1.000         1.000
 E1             1.000         1.000         1.000         1.000         1.000
 E3             1.000         1.000         1.000         1.000         1.000
 E4             1.000         1.000         1.000         1.000         1.000
 E5             1.000         1.000         1.000         1.000         1.000
 E6             1.000         1.000         1.000         1.000         1.000
 E7             1.000         1.000         1.000         1.000         1.000
 E8             1.000         1.000         1.000         1.000         1.000
 E9             1.000         1.000         1.000         1.000         1.000
 N1             1.000         1.000         1.000         1.000         1.000
 N2             1.000         1.000         1.000         1.000         1.000
 N3             1.000         1.000         1.000         1.000         1.000
 N4             1.000         1.000         1.000         1.000         1.000
 N5             1.000         1.000         1.000         1.000         1.000
 N6             1.000         1.000         1.000         1.000         1.000
 N7             1.000         1.000         1.000         1.000         1.000
 O1             1.000         1.000         1.000         1.000         1.000
 O2             1.000         1.000         1.000         1.000         1.000
 O3             1.000         1.000         1.000         1.000         1.000
 O4             1.000         1.000         1.000         1.000         1.000
 O5             1.000         1.000         1.000         1.000         1.000
 O6             1.000         1.000         1.000         1.000         1.000
 O7             1.000         1.000         1.000         1.000         1.000
 O9             1.000         1.000         1.000         1.000         1.000


           Covariance Coverage
              A8            C1            C2            C3            C4
              ________      ________      ________      ________      ________
 A8             1.000
 C1             1.000         1.000
 C2             1.000         1.000         1.000
 C3             1.000         1.000         1.000         1.000
 C4             1.000         1.000         1.000         1.000         1.000
 C5             1.000         1.000         1.000         1.000         1.000
 C6             1.000         1.000         1.000         1.000         1.000
 C7             1.000         1.000         1.000         1.000         1.000
 C8             1.000         1.000         1.000         1.000         1.000
 C9             1.000         1.000         1.000         1.000         1.000
 E1             1.000         1.000         1.000         1.000         1.000
 E3             1.000         1.000         1.000         1.000         1.000
 E4             1.000         1.000         1.000         1.000         1.000
 E5             1.000         1.000         1.000         1.000         1.000
 E6             1.000         1.000         1.000         1.000         1.000
 E7             1.000         1.000         1.000         1.000         1.000
 E8             1.000         1.000         1.000         1.000         1.000
 E9             1.000         1.000         1.000         1.000         1.000
 N1             1.000         1.000         1.000         1.000         1.000
 N2             1.000         1.000         1.000         1.000         1.000
 N3             1.000         1.000         1.000         1.000         1.000
 N4             1.000         1.000         1.000         1.000         1.000
 N5             1.000         1.000         1.000         1.000         1.000
 N6             1.000         1.000         1.000         1.000         1.000
 N7             1.000         1.000         1.000         1.000         1.000
 O1             1.000         1.000         1.000         1.000         1.000
 O2             1.000         1.000         1.000         1.000         1.000
 O3             1.000         1.000         1.000         1.000         1.000
 O4             1.000         1.000         1.000         1.000         1.000
 O5             1.000         1.000         1.000         1.000         1.000
 O6             1.000         1.000         1.000         1.000         1.000
 O7             1.000         1.000         1.000         1.000         1.000
 O9             1.000         1.000         1.000         1.000         1.000


           Covariance Coverage
              C5            C6            C7            C8            C9
              ________      ________      ________      ________      ________
 C5             1.000
 C6             1.000         1.000
 C7             1.000         1.000         1.000
 C8             1.000         1.000         1.000         1.000
 C9             1.000         1.000         1.000         1.000         1.000
 E1             1.000         1.000         1.000         1.000         1.000
 E3             1.000         1.000         1.000         1.000         1.000
 E4             1.000         1.000         1.000         1.000         1.000
 E5             1.000         1.000         1.000         1.000         1.000
 E6             1.000         1.000         1.000         1.000         1.000
 E7             1.000         1.000         1.000         1.000         1.000
 E8             1.000         1.000         1.000         1.000         1.000
 E9             1.000         1.000         1.000         1.000         1.000
 N1             1.000         1.000         1.000         1.000         1.000
 N2             1.000         1.000         1.000         1.000         1.000
 N3             1.000         1.000         1.000         1.000         1.000
 N4             1.000         1.000         1.000         1.000         1.000
 N5             1.000         1.000         1.000         1.000         1.000
 N6             1.000         1.000         1.000         1.000         1.000
 N7             1.000         1.000         1.000         1.000         1.000
 O1             1.000         1.000         1.000         1.000         1.000
 O2             1.000         1.000         1.000         1.000         1.000
 O3             1.000         1.000         1.000         1.000         1.000
 O4             1.000         1.000         1.000         1.000         1.000
 O5             1.000         1.000         1.000         1.000         1.000
 O6             1.000         1.000         1.000         1.000         1.000
 O7             1.000         1.000         1.000         1.000         1.000
 O9             1.000         1.000         1.000         1.000         1.000


           Covariance Coverage
              E1            E3            E4            E5            E6
              ________      ________      ________      ________      ________
 E1             1.000
 E3             1.000         1.000
 E4             1.000         1.000         1.000
 E5             1.000         1.000         1.000         1.000
 E6             1.000         1.000         1.000         1.000         1.000
 E7             1.000         1.000         1.000         1.000         1.000
 E8             1.000         1.000         1.000         1.000         1.000
 E9             1.000         1.000         1.000         1.000         1.000
 N1             1.000         1.000         1.000         1.000         1.000
 N2             1.000         1.000         1.000         1.000         1.000
 N3             1.000         1.000         1.000         1.000         1.000
 N4             1.000         1.000         1.000         1.000         1.000
 N5             1.000         1.000         1.000         1.000         1.000
 N6             1.000         1.000         1.000         1.000         1.000
 N7             1.000         1.000         1.000         1.000         1.000
 O1             1.000         1.000         1.000         1.000         1.000
 O2             1.000         1.000         1.000         1.000         1.000
 O3             1.000         1.000         1.000         1.000         1.000
 O4             1.000         1.000         1.000         1.000         1.000
 O5             1.000         1.000         1.000         1.000         1.000
 O6             1.000         1.000         1.000         1.000         1.000
 O7             1.000         1.000         1.000         1.000         1.000
 O9             1.000         1.000         1.000         1.000         1.000


           Covariance Coverage
              E7            E8            E9            N1            N2
              ________      ________      ________      ________      ________
 E7             1.000
 E8             1.000         1.000
 E9             1.000         1.000         1.000
 N1             1.000         1.000         1.000         1.000
 N2             1.000         1.000         1.000         1.000         1.000
 N3             1.000         1.000         1.000         1.000         1.000
 N4             1.000         1.000         1.000         1.000         1.000
 N5             1.000         1.000         1.000         1.000         1.000
 N6             1.000         1.000         1.000         1.000         1.000
 N7             1.000         1.000         1.000         1.000         1.000
 O1             1.000         1.000         1.000         1.000         1.000
 O2             1.000         1.000         1.000         1.000         1.000
 O3             1.000         1.000         1.000         1.000         1.000
 O4             1.000         1.000         1.000         1.000         1.000
 O5             1.000         1.000         1.000         1.000         1.000
 O6             1.000         1.000         1.000         1.000         1.000
 O7             1.000         1.000         1.000         1.000         1.000
 O9             1.000         1.000         1.000         1.000         1.000


           Covariance Coverage
              N3            N4            N5            N6            N7
              ________      ________      ________      ________      ________
 N3             1.000
 N4             1.000         1.000
 N5             1.000         1.000         1.000
 N6             1.000         1.000         1.000         1.000
 N7             1.000         1.000         1.000         1.000         1.000
 O1             1.000         1.000         1.000         1.000         1.000
 O2             1.000         1.000         1.000         1.000         1.000
 O3             1.000         1.000         1.000         1.000         1.000
 O4             1.000         1.000         1.000         1.000         1.000
 O5             1.000         1.000         1.000         1.000         1.000
 O6             1.000         1.000         1.000         1.000         1.000
 O7             1.000         1.000         1.000         1.000         1.000
 O9             1.000         1.000         1.000         1.000         1.000


           Covariance Coverage
              O1            O2            O3            O4            O5
              ________      ________      ________      ________      ________
 O1             1.000
 O2             1.000         1.000
 O3             1.000         1.000         1.000
 O4             1.000         1.000         1.000         1.000
 O5             1.000         1.000         1.000         1.000         1.000
 O6             1.000         1.000         1.000         1.000         1.000
 O7             1.000         1.000         1.000         1.000         1.000
 O9             1.000         1.000         1.000         1.000         1.000


           Covariance Coverage
              O6            O7            O9
              ________      ________      ________
 O6             1.000
 O7             1.000         1.000
 O9             1.000         1.000         1.000



THE MODEL ESTIMATION TERMINATED NORMALLY



MODEL FIT INFORMATION

Number of Free Parameters                      256

Loglikelihood

          H0 Value                       -9465.927
          H1 Value                       -8720.674

Information Criteria

          Akaike (AIC)                   19443.854
          Bayesian (BIC)                 20439.406
          Sample-Size Adjusted BIC       19627.239
            (n* = (n + 2) / 24)

Chi-Square Test of Model Fit

          Value                           1490.505
          Degrees of Freedom                   523
          P-Value                           0.0000

RMSEA (Root Mean Square Error Of Approximation)

          Estimate                           0.072
          90 Percent C.I.                    0.067  0.076
          Probability RMSEA <= .05           0.000

CFI/TLI

          CFI                                0.872
          TLI                                0.827

Chi-Square Test of Model Fit for the Baseline Model

          Value                           8232.327
          Degrees of Freedom                   703
          P-Value                           0.0000

SRMR (Standardized Root Mean Square Residual)

          Value                              0.036



MODEL RESULTS

                                                    Two-Tailed
                    Estimate       S.E.  Est./S.E.    P-Value

 AGREE    BY
    A1                -0.226      0.040     -5.581      0.000
    A2                 0.340      0.025     13.505      0.000
    A3                 0.481      0.034     14.298      0.000
    A6                -0.163      0.045     -3.609      0.000
    A7                 0.363      0.029     12.334      0.000
    A8                -0.155      0.031     -4.941      0.000
    C1                 0.553      0.043     12.795      0.000
    C2                 0.027      0.031      0.857      0.391
    C3                 0.113      0.028      4.040      0.000
    C4                 0.131      0.063      2.065      0.039
    C5                 0.045      0.032      1.414      0.157
    C6                -0.023      0.016     -1.383      0.167
    C7                 0.021      0.037      0.556      0.578
    C8                 0.032      0.031      1.035      0.301
    C9                 0.047      0.020      2.274      0.023
    E1                -0.044      0.030     -1.475      0.140
    E3                 0.031      0.029      1.072      0.284
    E4                -0.056      0.039     -1.406      0.160
    E5                 0.309      0.040      7.647      0.000
    E6                 0.083      0.045      1.836      0.066
    E7                 0.053      0.062      0.861      0.389
    E8                 0.030      0.033      0.912      0.362
    E9                 0.073      0.044      1.663      0.096
    N1                 0.322      0.041      7.822      0.000
    N2                 0.032      0.024      1.347      0.178
    N3                 0.002      0.027      0.064      0.949
    N4                 0.144      0.072      1.999      0.046
    N5                 0.014      0.015      0.877      0.381
    N6                -0.115      0.064     -1.783      0.075
    N7                 0.074      0.037      1.979      0.048
    O1                 0.114      0.072      1.574      0.116
    O2                -0.129      0.050     -2.590      0.010
    O3                -0.044      0.058     -0.762      0.446
    O4                -0.174      0.067     -2.609      0.009
    O5                -0.204      0.070     -2.934      0.003
    O6                -0.001      0.045     -0.020      0.984
    O7                -0.192      0.068     -2.833      0.005
    O9                 0.052      0.055      0.950      0.342

 CONSC    BY
    A1                 0.073      0.039      1.877      0.060
    A2                -0.116      0.051     -2.286      0.022
    A3                 0.037      0.051      0.721      0.471
    A6                 0.005      0.034      0.156      0.876
    A7                -0.098      0.051     -1.929      0.054
    A8                -0.001      0.020     -0.058      0.954
    C1                 0.223      0.061      3.688      0.000
    C2                -0.264      0.083     -3.192      0.001
    C3                -0.129      0.052     -2.458      0.014
    C4                 0.586      0.037     15.964      0.000
    C5                 0.456      0.046      9.934      0.000
    C6                 0.188      0.020      9.312      0.000
    C7                -0.296      0.062     -4.790      0.000
    C8                 0.207      0.040      5.148      0.000
    C9                 0.155      0.028      5.547      0.000
    E1                 0.008      0.025      0.304      0.761
    E3                 0.054      0.047      1.145      0.252
    E4                 0.116      0.049      2.381      0.017
    E5                 0.020      0.029      0.709      0.479
    E6                -0.057      0.050     -1.129      0.259
    E7                -0.135      0.041     -3.283      0.001
    E8                 0.007      0.026      0.281      0.779
    E9                 0.029      0.042      0.692      0.489
    N1                 0.007      0.050      0.147      0.883
    N2                -0.062      0.070     -0.880      0.379
    N3                 0.094      0.086      1.087      0.277
    N4                -0.009      0.029     -0.322      0.747
    N5                -0.183      0.061     -2.992      0.003
    N6                 0.174      0.073      2.380      0.017
    N7                 0.057      0.059      0.973      0.330
    O1                -0.122      0.034     -3.576      0.000
    O2                 0.085      0.046      1.833      0.067
    O3                -0.006      0.024     -0.262      0.794
    O4                -0.034      0.045     -0.743      0.458
    O5                -0.072      0.048     -1.503      0.133
    O6                 0.100      0.047      2.103      0.035
    O7                 0.107      0.051      2.113      0.035
    O9                 0.123      0.045      2.711      0.007

 EXTRA    BY
    A1                 0.153      0.043      3.534      0.000
    A2                -0.097      0.036     -2.657      0.008
    A3                 0.040      0.031      1.306      0.192
    A6                 0.289      0.050      5.820      0.000
    A7                -0.019      0.024     -0.825      0.409
    A8                 0.110      0.032      3.493      0.000
    C1                 0.066      0.046      1.439      0.150
    C2                -0.165      0.062     -2.665      0.008
    C3                 0.041      0.028      1.489      0.137
    C4                -0.070      0.057     -1.228      0.220
    C5                 0.089      0.058      1.529      0.126
    C6                -0.063      0.026     -2.381      0.017
    C7                 0.029      0.033      0.878      0.380
    C8                 0.067      0.044      1.532      0.126
    C9                 0.030      0.026      1.136      0.256
    E1                -0.395      0.028    -14.017      0.000
    E3                -0.478      0.042    -11.448      0.000
    E4                 0.374      0.044      8.514      0.000
    E5                 0.101      0.028      3.579      0.000
    E6                 0.514      0.039     13.176      0.000
    E7                 0.191      0.039      4.957      0.000
    E8                 0.457      0.035     12.953      0.000
    E9                 0.337      0.043      7.822      0.000
    N1                -0.039      0.037     -1.048      0.294
    N2                -0.302      0.043     -7.052      0.000
    N3                -0.158      0.051     -3.092      0.002
    N4                 0.045      0.036      1.262      0.207
    N5                -0.118      0.038     -3.072      0.002
    N6                 0.039      0.039      1.005      0.315
    N7                 0.005      0.027      0.187      0.852
    O1                -0.007      0.013     -0.559      0.576
    O2                 0.199      0.048      4.127      0.000
    O3                 0.036      0.029      1.218      0.223
    O4                -0.145      0.056     -2.584      0.010
    O5                 0.023      0.038      0.615      0.539
    O6                -0.098      0.043     -2.273      0.023
    O7                 0.035      0.042      0.827      0.408
    O9                -0.082      0.044     -1.870      0.061

 NEURO    BY
    A1                 0.262      0.058      4.524      0.000
    A2                -0.053      0.067     -0.782      0.434
    A3                 0.075      0.091      0.819      0.413
    A6                 0.097      0.065      1.510      0.131
    A7                 0.000      0.050     -0.010      0.992
    A8                 0.149      0.042      3.582      0.000
    C1                 0.144      0.112      1.284      0.199
    C2                -0.138      0.055     -2.513      0.012
    C3                 0.070      0.030      2.306      0.021
    C4                 0.009      0.029      0.303      0.762
    C5                 0.123      0.050      2.447      0.014
    C6                 0.104      0.024      4.352      0.000
    C7                 0.119      0.043      2.795      0.005
    C8                 0.113      0.044      2.551      0.011
    C9                 0.062      0.030      2.065      0.039
    E1                -0.001      0.026     -0.041      0.968
    E3                 0.314      0.047      6.642      0.000
    E4                 0.170      0.045      3.748      0.000
    E5                 0.205      0.066      3.109      0.002
    E6                -0.001      0.021     -0.033      0.974
    E7                 0.274      0.047      5.790      0.000
    E8                 0.051      0.038      1.347      0.178
    E9                 0.075      0.050      1.504      0.132
    N1                -0.095      0.060     -1.572      0.116
    N2                 0.051      0.034      1.512      0.130
    N3                 0.059      0.046      1.281      0.200
    N4                 0.379      0.068      5.571      0.000
    N5                 0.003      0.018      0.179      0.858
    N6                -0.091      0.076     -1.198      0.231
    N7                -0.048      0.035     -1.381      0.167
    O1                 0.417      0.047      8.797      0.000
    O2                 0.294      0.055      5.393      0.000
    O3                 0.417      0.033     12.805      0.000
    O4                 0.454      0.060      7.594      0.000
    O5                 0.443      0.055      7.986      0.000
    O6                 0.503      0.043     11.651      0.000
    O7                 0.551      0.055     10.078      0.000
    O9                 0.448      0.054      8.268      0.000

 OPEN     BY
    A1                 0.056      0.045      1.240      0.215
    A2                 0.069      0.053      1.305      0.192
    A3                 0.064      0.036      1.782      0.075
    A6                 0.161      0.051      3.138      0.002
    A7                 0.082      0.048      1.729      0.084
    A8                 0.059      0.031      1.905      0.057
    C1                 0.033      0.028      1.207      0.228
    C2                 0.371      0.077      4.839      0.000
    C3                 0.228      0.034      6.711      0.000
    C4                 0.024      0.055      0.443      0.658
    C5                -0.098      0.071     -1.384      0.166
    C6                 0.004      0.018      0.235      0.814
    C7                 0.235      0.055      4.269      0.000
    C8                 0.087      0.042      2.097      0.036
    C9                -0.093      0.031     -2.974      0.003
    E1                 0.013      0.036      0.368      0.713
    E3                 0.020      0.033      0.615      0.538
    E4                -0.111      0.067     -1.658      0.097
    E5                -0.004      0.014     -0.264      0.792
    E6                 0.265      0.046      5.794      0.000
    E7                -0.018      0.028     -0.642      0.521
    E8                 0.084      0.047      1.783      0.075
    E9                -0.181      0.053     -3.445      0.001
    N1                 0.273      0.049      5.616      0.000
    N2                 0.334      0.057      5.853      0.000
    N3                 0.492      0.037     13.130      0.000
    N4                -0.289      0.037     -7.769      0.000
    N5                 0.295      0.051      5.810      0.000
    N6                 0.514      0.039     13.239      0.000
    N7                 0.341      0.030     11.256      0.000
    O1                -0.082      0.029     -2.767      0.006
    O2                 0.027      0.044      0.612      0.540
    O3                -0.051      0.028     -1.826      0.068
    O4                 0.089      0.047      1.906      0.057
    O5                 0.043      0.037      1.150      0.250
    O6                 0.042      0.028      1.531      0.126
    O7                -0.039      0.045     -0.869      0.385
    O9                -0.142      0.039     -3.636      0.000

 CONSC    WITH
    AGREE             -0.158      0.107     -1.483      0.138

 EXTRA    WITH
    AGREE             -0.014      0.068     -0.214      0.830
    CONSC              0.184      0.053      3.457      0.001

 NEURO    WITH
    AGREE              0.078      0.062      1.255      0.209
    CONSC              0.386      0.052      7.416      0.000
    EXTRA              0.451      0.046      9.890      0.000

 OPEN     WITH
    AGREE              0.193      0.050      3.892      0.000
    CONSC             -0.140      0.068     -2.052      0.040
    EXTRA             -0.127      0.059     -2.169      0.030
    NEURO             -0.025      0.133     -0.191      0.849

 Intercepts
    A1                -0.005      0.031     -0.174      0.862
    A2                 0.013      0.028      0.454      0.650
    A3                 0.001      0.033      0.018      0.986
    A6                -0.004      0.037     -0.113      0.910
    A7                 0.003      0.030      0.091      0.928
    A8                -0.002      0.024     -0.084      0.933
    C1                -0.007      0.043     -0.157      0.875
    C2                 0.031      0.043      0.727      0.467
    C3                 0.000      0.022     -0.001      1.000
    C4                 0.000      0.038     -0.013      0.990
    C5                -0.005      0.035     -0.135      0.893
    C6                -0.002      0.017     -0.101      0.920
    C7                 0.004      0.034      0.126      0.900
    C8                 0.002      0.031      0.078      0.938
    C9                 0.000      0.020     -0.016      0.988
    E1                 0.003      0.028      0.094      0.925
    E3                -0.001      0.036     -0.026      0.979
    E4                -0.014      0.036     -0.387      0.698
    E5                 0.000      0.027     -0.005      0.996
    E6                -0.003      0.039     -0.079      0.937
    E7                -0.013      0.035     -0.365      0.715
    E8                -0.003      0.032     -0.104      0.917
    E9                -0.003      0.036     -0.090      0.929
    N1                 0.002      0.037      0.064      0.949
    N2                 0.011      0.033      0.331      0.740
    N3                 0.000      0.034     -0.008      0.994
    N4                 0.001      0.037      0.025      0.980
    N5                 0.003      0.026      0.115      0.909
    N6                 0.007      0.037      0.189      0.850
    N7                 0.001      0.029      0.042      0.967
    O1                 0.002      0.027      0.073      0.942
    O2                -0.029      0.037     -0.798      0.425
    O3                -0.002      0.029     -0.053      0.958
    O4                -0.004      0.044     -0.084      0.933
    O5                -0.003      0.040     -0.081      0.935
    O6                -0.001      0.034     -0.038      0.970
    O7                -0.019      0.041     -0.474      0.636
    O9                -0.008      0.038     -0.207      0.836

 Variances
    AGREE              1.000      0.000    999.000    999.000
    CONSC              1.000      0.000    999.000    999.000
    EXTRA              1.000      0.000    999.000    999.000
    NEURO              1.000      0.000    999.000    999.000
    OPEN               1.000      0.000    999.000    999.000

 Residual Variances
    A1                 0.151      0.013     11.870      0.000
    A2                 0.100      0.009     10.946      0.000
    A3                 0.144      0.014     10.502      0.000
    A6                 0.358      0.028     12.573      0.000
    A7                 0.151      0.013     11.773      0.000
    A8                 0.132      0.011     12.611      0.000
    C1                 0.270      0.025     10.780      0.000
    C2                 0.290      0.024     12.124      0.000
    C3                 0.080      0.007     11.547      0.000
    C4                 0.187      0.021      8.895      0.000
    C5                 0.129      0.013      9.916      0.000
    C6                 0.047      0.004     11.341      0.000
    C7                 0.264      0.021     12.350      0.000
    C8                 0.259      0.020     12.929      0.000
    C9                 0.098      0.008     12.790      0.000
    E1                 0.122      0.011     11.097      0.000
    E3                 0.271      0.024     11.295      0.000
    E4                 0.162      0.014     11.661      0.000
    E5                 0.087      0.008     10.653      0.000
    E6                 0.229      0.022     10.389      0.000
    E7                 0.291      0.023     12.702      0.000
    E8                 0.145      0.014     10.566      0.000
    E9                 0.271      0.022     12.557      0.000
    N1                 0.268      0.022     12.309      0.000
    N2                 0.145      0.013     11.298      0.000
    N3                 0.149      0.015     10.043      0.000
    N4                 0.233      0.020     11.878      0.000
    N5                 0.084      0.008     10.890      0.000
    N6                 0.236      0.023     10.308      0.000
    N7                 0.166      0.014     12.006      0.000
    O1                 0.094      0.009      9.954      0.000
    O2                 0.267      0.021     12.629      0.000
    O3                 0.104      0.009     11.198      0.000
    O4                 0.521      0.041     12.618      0.000
    O5                 0.364      0.029     12.434      0.000
    O6                 0.157      0.014     11.198      0.000
    O7                 0.195      0.018     11.154      0.000
    O9                 0.262      0.021     12.281      0.000


STANDARDIZED MODEL RESULTS


STDYX Standardization

                                                    Two-Tailed
                    Estimate       S.E.  Est./S.E.    P-Value

 AGREE    BY
    A1                -0.383      0.067     -5.745      0.000
    A2                 0.638      0.038     16.911      0.000
    A3                 0.757      0.039     19.470      0.000
    A6                -0.229      0.062     -3.675      0.000
    A7                 0.635      0.041     15.685      0.000
    A8                -0.347      0.068     -5.118      0.000
    C1                 0.677      0.043     15.864      0.000
    C2                 0.033      0.038      0.858      0.391
    C3                 0.265      0.065      4.106      0.000
    C4                 0.183      0.088      2.078      0.038
    C5                 0.068      0.048      1.419      0.156
    C6                -0.071      0.051     -1.382      0.167
    C7                 0.032      0.058      0.556      0.578
    C8                 0.054      0.052      1.036      0.300
    C9                 0.120      0.053      2.288      0.022
    E1                -0.082      0.056     -1.478      0.139
    E3                 0.045      0.042      1.072      0.284
    E4                -0.081      0.058     -1.407      0.159
    E5                 0.600      0.074      8.082      0.000
    E6                 0.113      0.061      1.845      0.065
    E7                 0.080      0.093      0.861      0.389
    E8                 0.048      0.053      0.913      0.361
    E9                 0.106      0.064      1.666      0.096
    N1                 0.460      0.054      8.460      0.000
    N2                 0.052      0.038      1.349      0.177
    N3                 0.003      0.042      0.064      0.949
    N4                 0.204      0.102      2.003      0.045
    N5                 0.027      0.031      0.877      0.380
    N6                -0.162      0.091     -1.789      0.074
    N7                 0.136      0.068      1.985      0.047
    O1                 0.220      0.139      1.575      0.115
    O2                -0.184      0.071     -2.607      0.009
    O3                -0.082      0.107     -0.763      0.445
    O4                -0.208      0.079     -2.633      0.008
    O5                -0.270      0.091     -2.966      0.003
    O6                -0.001      0.069     -0.020      0.984
    O7                -0.246      0.086     -2.848      0.004
    O9                 0.073      0.077      0.950      0.342

 CONSC    BY
    A1                 0.124      0.066      1.882      0.060
    A2                -0.218      0.095     -2.295      0.022
    A3                 0.058      0.081      0.721      0.471
    A6                 0.007      0.048      0.156      0.876
    A7                -0.172      0.089     -1.933      0.053
    A8                -0.003      0.045     -0.058      0.954
    C1                 0.273      0.073      3.730      0.000
    C2                -0.325      0.101     -3.228      0.001
    C3                -0.302      0.122     -2.466      0.014
    C4                 0.816      0.033     25.103      0.000
    C5                 0.681      0.061     11.174      0.000
    C6                 0.585      0.055     10.549      0.000
    C7                -0.460      0.093     -4.966      0.000
    C8                 0.350      0.065      5.384      0.000
    C9                 0.400      0.069      5.837      0.000
    E1                 0.015      0.048      0.305      0.761
    E3                 0.078      0.068      1.145      0.252
    E4                 0.169      0.071      2.390      0.017
    E5                 0.039      0.055      0.709      0.478
    E6                -0.077      0.068     -1.130      0.259
    E7                -0.203      0.061     -3.328      0.001
    E8                 0.012      0.042      0.281      0.779
    E9                 0.042      0.061      0.692      0.489
    N1                 0.011      0.072      0.147      0.883
    N2                -0.100      0.114     -0.879      0.379
    N3                 0.144      0.132      1.091      0.275
    N4                -0.013      0.041     -0.322      0.747
    N5                -0.365      0.121     -3.011      0.003
    N6                 0.247      0.103      2.400      0.016
    N7                 0.106      0.109      0.975      0.329
    O1                -0.236      0.066     -3.601      0.000
    O2                 0.121      0.066      1.838      0.066
    O3                -0.012      0.045     -0.262      0.794
    O4                -0.040      0.054     -0.743      0.458
    O5                -0.095      0.063     -1.506      0.132
    O6                 0.154      0.073      2.106      0.035
    O7                 0.137      0.065      2.119      0.034
    O9                 0.170      0.062      2.730      0.006

 EXTRA    BY
    A1                 0.261      0.073      3.582      0.000
    A2                -0.181      0.068     -2.669      0.008
    A3                 0.063      0.048      1.308      0.191
    A6                 0.407      0.066      6.167      0.000
    A7                -0.034      0.041     -0.825      0.409
    A8                 0.246      0.069      3.555      0.000
    C1                 0.081      0.056      1.442      0.149
    C2                -0.203      0.076     -2.685      0.007
    C3                 0.096      0.064      1.493      0.135
    C4                -0.097      0.079     -1.230      0.219
    C5                 0.133      0.087      1.532      0.125
    C6                -0.194      0.081     -2.396      0.017
    C7                 0.045      0.051      0.879      0.379
    C8                 0.114      0.074      1.537      0.124
    C9                 0.077      0.067      1.138      0.255
    E1                -0.746      0.037    -20.025      0.000
    E3                -0.694      0.049    -14.173      0.000
    E4                 0.547      0.058      9.357      0.000
    E5                 0.196      0.054      3.612      0.000
    E6                 0.699      0.042     16.729      0.000
    E7                 0.289      0.056      5.137      0.000
    E8                 0.744      0.044     16.759      0.000
    E9                 0.492      0.057      8.646      0.000
    N1                -0.055      0.053     -1.049      0.294
    N2                -0.489      0.066     -7.372      0.000
    N3                -0.243      0.078     -3.096      0.002
    N4                 0.064      0.051      1.265      0.206
    N5                -0.234      0.076     -3.089      0.002
    N6                 0.055      0.055      1.006      0.314
    N7                 0.009      0.050      0.187      0.852
    O1                -0.014      0.024     -0.559      0.576
    O2                 0.284      0.067      4.223      0.000
    O3                 0.066      0.054      1.219      0.223
    O4                -0.173      0.066     -2.607      0.009
    O5                 0.031      0.050      0.615      0.539
    O6                -0.152      0.067     -2.281      0.023
    O7                 0.044      0.054      0.828      0.408
    O9                -0.114      0.061     -1.875      0.061

 NEURO    BY
    A1                 0.446      0.096      4.639      0.000
    A2                -0.099      0.127     -0.782      0.434
    A3                 0.118      0.144      0.820      0.412
    A6                 0.137      0.091      1.514      0.130
    A7                -0.001      0.088     -0.010      0.992
    A8                 0.334      0.091      3.652      0.000
    C1                 0.177      0.137      1.286      0.198
    C2                -0.169      0.067     -2.527      0.012
    C3                 0.163      0.070      2.315      0.021
    C4                 0.012      0.041      0.303      0.762
    C5                 0.184      0.075      2.462      0.014
    C6                 0.321      0.072      4.440      0.000
    C7                 0.185      0.065      2.820      0.005
    C8                 0.191      0.074      2.579      0.010
    C9                 0.160      0.077      2.079      0.038
    E1                -0.002      0.049     -0.041      0.968
    E3                 0.456      0.065      6.984      0.000
    E4                 0.249      0.066      3.791      0.000
    E5                 0.398      0.127      3.138      0.002
    E6                -0.001      0.028     -0.033      0.974
    E7                 0.414      0.068      6.122      0.000
    E8                 0.083      0.062      1.349      0.177
    E9                 0.110      0.073      1.508      0.132
    N1                -0.135      0.086     -1.574      0.115
    N2                 0.083      0.055      1.516      0.130
    N3                 0.090      0.070      1.284      0.199
    N4                 0.537      0.092      5.811      0.000
    N5                 0.006      0.035      0.179      0.858
    N6                -0.129      0.108     -1.198      0.231
    N7                -0.089      0.064     -1.382      0.167
    O1                 0.806      0.083      9.710      0.000
    O2                 0.420      0.075      5.623      0.000
    O3                 0.768      0.047     16.413      0.000
    O4                 0.543      0.064      8.441      0.000
    O5                 0.586      0.066      8.904      0.000
    O6                 0.776      0.055     14.228      0.000
    O7                 0.706      0.062     11.423      0.000
    O9                 0.623      0.068      9.204      0.000

 OPEN     BY
    A1                 0.095      0.076      1.241      0.214
    A2                 0.130      0.100      1.308      0.191
    A3                 0.102      0.057      1.791      0.073
    A6                 0.226      0.071      3.185      0.001
    A7                 0.144      0.083      1.738      0.082
    A8                 0.132      0.069      1.913      0.056
    C1                 0.041      0.034      1.208      0.227
    C2                 0.457      0.092      4.965      0.000
    C3                 0.533      0.075      7.138      0.000
    C4                 0.034      0.076      0.443      0.658
    C5                -0.147      0.107     -1.382      0.167
    C6                 0.013      0.055      0.235      0.814
    C7                 0.364      0.083      4.376      0.000
    C8                 0.148      0.070      2.110      0.035
    C9                -0.240      0.080     -3.005      0.003
    E1                 0.025      0.067      0.368      0.713
    E3                 0.029      0.048      0.615      0.539
    E4                -0.163      0.098     -1.658      0.097
    E5                -0.007      0.027     -0.264      0.792
    E6                 0.360      0.060      5.959      0.000
    E7                -0.027      0.043     -0.642      0.521
    E8                 0.137      0.077      1.789      0.074
    E9                -0.264      0.076     -3.491      0.000
    N1                 0.389      0.066      5.895      0.000
    N2                 0.540      0.088      6.111      0.000
    N3                 0.755      0.044     17.123      0.000
    N4                -0.411      0.050     -8.253      0.000
    N5                 0.587      0.097      6.031      0.000
    N6                 0.729      0.041     17.579      0.000
    N7                 0.629      0.044     14.306      0.000
    O1                -0.158      0.057     -2.780      0.005
    O2                 0.038      0.063      0.612      0.540
    O3                -0.095      0.052     -1.829      0.067
    O4                 0.107      0.056      1.914      0.056
    O5                 0.056      0.049      1.151      0.250
    O6                 0.065      0.042      1.532      0.125
    O7                -0.050      0.058     -0.869      0.385
    O9                -0.197      0.054     -3.675      0.000

 CONSC    WITH
    AGREE             -0.158      0.107     -1.483      0.138

 EXTRA    WITH
    AGREE             -0.014      0.068     -0.214      0.830
    CONSC              0.184      0.053      3.457      0.001

 NEURO    WITH
    AGREE              0.078      0.062      1.255      0.209
    CONSC              0.386      0.052      7.416      0.000
    EXTRA              0.451      0.046      9.890      0.000

 OPEN     WITH
    AGREE              0.193      0.050      3.892      0.000
    CONSC             -0.140      0.068     -2.052      0.040
    EXTRA             -0.127      0.059     -2.169      0.030
    NEURO             -0.025      0.133     -0.191      0.849

 Intercepts
    A1                -0.009      0.053     -0.174      0.862
    A2                 0.024      0.053      0.454      0.650
    A3                 0.001      0.053      0.018      0.986
    A6                -0.006      0.053     -0.113      0.910
    A7                 0.005      0.053      0.091      0.928
    A8                -0.004      0.053     -0.084      0.933
    C1                -0.008      0.053     -0.157      0.875
    C2                 0.038      0.053      0.727      0.468
    C3                 0.000      0.053     -0.001      1.000
    C4                -0.001      0.053     -0.013      0.990
    C5                -0.007      0.053     -0.135      0.893
    C6                -0.005      0.053     -0.101      0.920
    C7                 0.007      0.053      0.126      0.900
    C8                 0.004      0.053      0.078      0.938
    C9                -0.001      0.053     -0.016      0.988
    E1                 0.005      0.053      0.094      0.925
    E3                -0.001      0.053     -0.026      0.979
    E4                -0.020      0.053     -0.387      0.698
    E5                 0.000      0.053     -0.005      0.996
    E6                -0.004      0.053     -0.079      0.937
    E7                -0.019      0.053     -0.365      0.715
    E8                -0.005      0.053     -0.104      0.917
    E9                -0.005      0.053     -0.090      0.929
    N1                 0.003      0.053      0.064      0.949
    N2                 0.017      0.053      0.331      0.740
    N3                 0.000      0.053     -0.008      0.994
    N4                 0.001      0.053      0.025      0.980
    N5                 0.006      0.053      0.115      0.909
    N6                 0.010      0.053      0.189      0.850
    N7                 0.002      0.053      0.042      0.967
    O1                 0.004      0.053      0.073      0.942
    O2                -0.042      0.053     -0.798      0.425
    O3                -0.003      0.053     -0.053      0.958
    O4                -0.004      0.053     -0.084      0.933
    O5                -0.004      0.053     -0.081      0.935
    O6                -0.002      0.053     -0.038      0.970
    O7                -0.025      0.053     -0.474      0.636
    O9                -0.011      0.053     -0.207      0.836

 Variances
    AGREE              1.000      0.000    999.000    999.000
    CONSC              1.000      0.000    999.000    999.000
    EXTRA              1.000      0.000    999.000    999.000
    NEURO              1.000      0.000    999.000    999.000
    OPEN               1.000      0.000    999.000    999.000

 Residual Variances
    A1                 0.438      0.039     11.330      0.000
    A2                 0.354      0.035     10.017      0.000
    A3                 0.357      0.037      9.691      0.000
    A6                 0.707      0.045     15.751      0.000
    A7                 0.464      0.040     11.458      0.000
    A8                 0.661      0.044     14.898      0.000
    C1                 0.405      0.040     10.176      0.000
    C2                 0.439      0.038     11.566      0.000
    C3                 0.440      0.040     11.067      0.000
    C4                 0.363      0.043      8.404      0.000
    C5                 0.288      0.032      8.936      0.000
    C6                 0.457      0.042     11.012      0.000
    C7                 0.635      0.045     14.058      0.000
    C8                 0.739      0.043     17.321      0.000
    C9                 0.655      0.043     15.077      0.000
    E1                 0.436      0.041     10.639      0.000
    E3                 0.572      0.048     11.919      0.000
    E4                 0.347      0.033     10.512      0.000
    E5                 0.330      0.034      9.670      0.000
    E6                 0.424      0.043      9.945      0.000
    E7                 0.665      0.044     15.132      0.000
    E8                 0.384      0.039      9.878      0.000
    E9                 0.577      0.043     13.498      0.000
    N1                 0.545      0.043     12.807      0.000
    N2                 0.380      0.036     10.444      0.000
    N3                 0.352      0.038      9.302      0.000
    N4                 0.470      0.040     11.606      0.000
    N5                 0.333      0.034      9.861      0.000
    N6                 0.473      0.047     10.149      0.000
    N7                 0.566      0.045     12.691      0.000
    O1                 0.350      0.038      9.225      0.000
    O2                 0.544      0.041     13.154      0.000
    O3                 0.354      0.035     10.211      0.000
    O4                 0.745      0.044     16.743      0.000
    O5                 0.638      0.045     14.223      0.000
    O6                 0.373      0.036     10.326      0.000
    O7                 0.320      0.032      9.985      0.000
    O9                 0.507      0.041     12.353      0.000


R-SQUARE

    Observed                                        Two-Tailed
    Variable        Estimate       S.E.  Est./S.E.    P-Value

    A1                 0.562      0.039     14.567      0.000
    A2                 0.646      0.035     18.297      0.000
    A3                 0.643      0.037     17.437      0.000
    A6                 0.293      0.045      6.523      0.000
    A7                 0.536      0.040     13.251      0.000
    A8                 0.339      0.044      7.646      0.000
    C1                 0.595      0.040     14.946      0.000
    C2                 0.561      0.038     14.760      0.000
    C3                 0.560      0.040     14.090      0.000
    C4                 0.637      0.043     14.746      0.000
    C5                 0.712      0.032     22.134      0.000
    C6                 0.543      0.042     13.066      0.000
    C7                 0.365      0.045      8.080      0.000
    C8                 0.261      0.043      6.115      0.000
    C9                 0.345      0.043      7.953      0.000
    E1                 0.564      0.041     13.787      0.000
    E3                 0.428      0.048      8.914      0.000
    E4                 0.653      0.033     19.785      0.000
    E5                 0.670      0.034     19.625      0.000
    E6                 0.576      0.043     13.532      0.000
    E7                 0.335      0.044      7.614      0.000
    E8                 0.616      0.039     15.875      0.000
    E9                 0.423      0.043      9.894      0.000
    N1                 0.455      0.043     10.675      0.000
    N2                 0.620      0.036     17.066      0.000
    N3                 0.648      0.038     17.142      0.000
    N4                 0.530      0.040     13.102      0.000
    N5                 0.667      0.034     19.768      0.000
    N6                 0.527      0.047     11.295      0.000
    N7                 0.434      0.045      9.742      0.000
    O1                 0.650      0.038     17.106      0.000
    O2                 0.456      0.041     11.015      0.000
    O3                 0.646      0.035     18.619      0.000
    O4                 0.255      0.044      5.734      0.000
    O5                 0.362      0.045      8.083      0.000
    O6                 0.627      0.036     17.343      0.000
    O7                 0.680      0.032     21.203      0.000
    O9                 0.493      0.041     12.017      0.000


QUALITY OF NUMERICAL RESULTS

     Condition Number for the Information Matrix              0.877E-03
       (ratio of smallest to largest eigenvalue)


MODEL MODIFICATION INDICES

NOTE:  Modification indices for direct effects of observed dependent variables
regressed on covariates may not be included.  To include these, request
MODINDICES (ALL).

Minimum M.I. value for printing the modification index     4.000

                                   M.I.     E.P.C.  Std E.P.C.  StdYX E.P.C.

WITH Statements

A6       WITH A1                  12.800     0.048      0.048        0.207
A6       WITH A3                   7.973     0.039      0.039        0.172
A8       WITH A1                   5.941     0.020      0.020        0.141
A8       WITH A2                   6.512    -0.018     -0.018       -0.153
C1       WITH A3                  10.055     0.044      0.044        0.223
C1       WITH A8                   9.129     0.034      0.034        0.181
C2       WITH A2                  10.245     0.033      0.033        0.194
C2       WITH A6                   5.168     0.041      0.041        0.129
C2       WITH A7                   5.114    -0.028     -0.028       -0.132
C3       WITH A7                   6.285     0.017      0.017        0.152
C3       WITH C1                  15.482    -0.036     -0.036       -0.244
C3       WITH C2                   6.236    -0.023     -0.023       -0.148
C4       WITH C1                   5.611    -0.038     -0.038       -0.171
C4       WITH C2                  11.561     0.053      0.053        0.226
C5       WITH A3                   9.864    -0.029     -0.029       -0.214
C5       WITH C2                  16.678    -0.051     -0.051       -0.262
C6       WITH A7                   8.445    -0.015     -0.015       -0.176
C6       WITH C2                  11.462     0.024      0.024        0.201
C6       WITH C3                  13.666    -0.014     -0.014       -0.225
C6       WITH C4                  24.225     0.034      0.034        0.363
C7       WITH A8                   4.320     0.022      0.022        0.117
C7       WITH C2                   4.088    -0.032     -0.032       -0.116
C7       WITH C4                   4.936    -0.033     -0.033       -0.150
C8       WITH A8                   6.590    -0.026     -0.026       -0.142
C8       WITH C3                   7.649     0.023      0.023        0.159
C8       WITH C5                   4.362     0.024      0.024        0.130
C8       WITH C7                   7.598     0.040      0.040        0.154
C9       WITH A8                   4.400     0.013      0.013        0.116
C9       WITH C4                   4.270     0.018      0.018        0.136
E1       WITH A6                   6.308     0.031      0.031        0.150
E1       WITH C3                   6.757     0.016      0.016        0.160
E3       WITH C2                   4.063    -0.034     -0.034       -0.120
E3       WITH C3                   4.151     0.018      0.018        0.124
E3       WITH E1                   7.197     0.031      0.031        0.173
E4       WITH A2                   4.492     0.017      0.017        0.132
E4       WITH A7                   4.064     0.019      0.019        0.120
E4       WITH C3                  11.028     0.023      0.023        0.199
E4       WITH C9                   5.096     0.016      0.016        0.130
E4       WITH E1                  20.958     0.040      0.040        0.288
E4       WITH E3                   7.296     0.035      0.035        0.166
E5       WITH A2                  20.305    -0.028     -0.028       -0.299
E5       WITH A8                   4.540     0.014      0.014        0.128
E5       WITH C1                  49.000     0.073      0.073        0.476
E5       WITH C3                   5.700    -0.013     -0.013       -0.150
E5       WITH C5                   4.520    -0.015     -0.015       -0.142
E5       WITH E4                  12.707    -0.026     -0.026       -0.222
E6       WITH A1                  12.862    -0.042     -0.042       -0.226
E6       WITH A7                   5.417    -0.027     -0.027       -0.146
E6       WITH E1                  10.102    -0.036     -0.036       -0.217
E6       WITH E5                   9.570     0.029      0.029        0.204
E7       WITH C1                  22.426    -0.079     -0.079       -0.281
E7       WITH C3                   5.321     0.020      0.020        0.134
E7       WITH C4                  11.812     0.052      0.052        0.224
E8       WITH A3                   5.179     0.022      0.022        0.150
E8       WITH C4                   6.160     0.029      0.029        0.174
E8       WITH C6                   9.107     0.016      0.016        0.191
E8       WITH E1                   9.159    -0.027     -0.027       -0.207
E8       WITH E3                   5.071    -0.029     -0.029       -0.149
E8       WITH E6                   4.380    -0.027     -0.027       -0.150
E9       WITH A1                   7.589    -0.032     -0.032       -0.159
E9       WITH A3                   4.736    -0.026     -0.026       -0.133
E9       WITH A8                   5.669     0.025      0.025        0.133
E9       WITH C5                   6.223     0.029      0.029        0.155
E9       WITH C9                   9.509     0.028      0.028        0.171
E9       WITH E5                   8.309    -0.027     -0.027       -0.174
E9       WITH E6                   4.813     0.034      0.034        0.135
E9       WITH E8                   6.657    -0.031     -0.031       -0.158
N1       WITH A2                  16.581     0.041      0.041        0.249
N1       WITH A3                   8.006    -0.035     -0.035       -0.178
N1       WITH A6                  15.679    -0.069     -0.069       -0.223
N1       WITH A8                   4.287    -0.022     -0.022       -0.117
N1       WITH C3                   4.159     0.018      0.018        0.120
N1       WITH E3                   4.571     0.034      0.034        0.127
N2       WITH E4                  14.500    -0.036     -0.036       -0.236
N3       WITH A2                   5.206    -0.019     -0.019       -0.151
N3       WITH C2                   8.878    -0.040     -0.040       -0.191
N3       WITH C3                  10.239     0.023      0.023        0.211
N3       WITH E3                   9.509    -0.041     -0.041       -0.202
N3       WITH E4                   7.319    -0.027     -0.027       -0.175
N3       WITH E7                   5.429    -0.030     -0.030       -0.144
N3       WITH N2                   5.334     0.024      0.024        0.161
N4       WITH A8                   6.264     0.025      0.025        0.143
N4       WITH C1                   5.568    -0.036     -0.036       -0.145
N4       WITH C3                  10.458     0.026      0.026        0.193
N4       WITH C7                   5.311     0.033      0.033        0.134
N4       WITH C8                   7.607     0.038      0.038        0.156
N4       WITH E6                   6.463    -0.037     -0.037       -0.159
N4       WITH N1                   4.309    -0.030     -0.030       -0.120
N5       WITH A2                   5.769     0.014      0.014        0.153
N5       WITH A6                  10.497     0.033      0.033        0.192
N5       WITH C2                  57.660     0.073      0.073        0.469
N5       WITH C3                   4.869    -0.012     -0.012       -0.140
N5       WITH C4                   4.225     0.018      0.018        0.145
N5       WITH C6                   9.016     0.012      0.012        0.187
N6       WITH A2                   4.207    -0.021     -0.021       -0.133
N6       WITH A3                   7.964    -0.034     -0.034       -0.187
N6       WITH A6                  11.117    -0.059     -0.059       -0.204
N6       WITH C6                  27.340    -0.035     -0.035       -0.335
N6       WITH E3                  22.300     0.076      0.076        0.301
N6       WITH E4                   9.553     0.038      0.038        0.194
N6       WITH E6                   9.255     0.048      0.048        0.205
N6       WITH E8                   5.800    -0.029     -0.029       -0.159
N6       WITH N1                  17.351     0.065      0.065        0.257
N6       WITH N4                   6.822    -0.039     -0.039       -0.167
N6       WITH N5                   4.480    -0.020     -0.020       -0.139
N7       WITH A3                  16.979     0.040      0.040        0.257
N7       WITH A6                  12.663     0.050      0.050        0.203
N7       WITH A7                   4.147     0.019      0.019        0.120
N7       WITH C3                   5.163     0.016      0.016        0.136
N7       WITH E5                   8.856    -0.022     -0.022       -0.183
N7       WITH N1                   4.442    -0.026     -0.026       -0.123
N7       WITH N4                   7.202     0.031      0.031        0.159
O1       WITH A3                   5.732    -0.019     -0.019       -0.163
O1       WITH A6                   9.798    -0.035     -0.035       -0.193
O1       WITH A7                   5.351     0.018      0.018        0.149
O1       WITH C1                   5.124    -0.024     -0.024       -0.150
O1       WITH C2                   5.459    -0.024     -0.024       -0.146
O1       WITH C3                  12.351     0.020      0.020        0.227
O1       WITH C5                   6.987     0.020      0.020        0.183
O1       WITH C7                   6.138    -0.024     -0.024       -0.156
O1       WITH E7                   7.009     0.027      0.027        0.165
O1       WITH E9                  11.954     0.034      0.034        0.214
O1       WITH N2                   5.297     0.017      0.017        0.150
O1       WITH N7                   4.486    -0.017     -0.017       -0.134
O2       WITH A2                   4.119    -0.020     -0.020       -0.121
O2       WITH A8                   7.632    -0.029     -0.029       -0.155
O2       WITH C2                  11.696    -0.054     -0.054       -0.193
O2       WITH C3                   9.564     0.026      0.026        0.179
O2       WITH C5                   4.571     0.025      0.025        0.133
O2       WITH C9                  10.326    -0.029     -0.029       -0.178
O2       WITH E1                   8.116     0.030      0.030        0.169
O2       WITH E8                   5.954     0.029      0.029        0.148
O2       WITH N5                   9.715    -0.028     -0.028       -0.185
O2       WITH N7                   6.771     0.031      0.031        0.148
O3       WITH A1                  20.078     0.034      0.034        0.274
O3       WITH A7                   5.591    -0.018     -0.018       -0.143
O3       WITH C2                   7.266     0.028      0.028        0.160
O3       WITH C3                   6.625    -0.014     -0.014       -0.157
O3       WITH C6                   4.607     0.009      0.009        0.132
O3       WITH C9                   5.026     0.013      0.013        0.131
O3       WITH E3                   6.170    -0.026     -0.026       -0.154
O3       WITH E4                   4.519    -0.017     -0.017       -0.129
O3       WITH E5                   4.936     0.013      0.013        0.141
O3       WITH N5                   5.123     0.013      0.013        0.141
O3       WITH O2                  22.167    -0.046     -0.046       -0.278
O4       WITH A2                   8.330     0.039      0.039        0.172
O4       WITH C3                   8.532    -0.035     -0.035       -0.169
O4       WITH C8                  11.208    -0.068     -0.068       -0.184
O4       WITH C9                  19.036     0.055      0.055        0.241
O4       WITH E6                  13.876     0.078      0.078        0.226
O4       WITH N4                  11.533    -0.068     -0.068       -0.194
O4       WITH N6                   4.427     0.045      0.045        0.127
O5       WITH A2                   4.734     0.025      0.025        0.131
O5       WITH C3                   7.980    -0.028     -0.028       -0.165
O5       WITH E8                   5.574     0.033      0.033        0.143
O5       WITH N4                   4.238    -0.035     -0.035       -0.119
O5       WITH N7                   4.300    -0.029     -0.029       -0.119
O5       WITH O4                  31.104     0.137      0.137        0.314
O6       WITH C9                  13.211    -0.026     -0.026       -0.213
O6       WITH E5                   5.500     0.018      0.018        0.150
O6       WITH E9                   4.555    -0.026     -0.026       -0.126
O6       WITH N2                   8.321    -0.027     -0.027       -0.181
O6       WITH N5                   7.858    -0.020     -0.020       -0.176
O7       WITH A2                   5.099     0.020      0.020        0.144
O7       WITH A8                  10.188    -0.031     -0.031       -0.190
O7       WITH C9                  11.334    -0.027     -0.027       -0.197
O7       WITH E4                   4.868     0.024      0.024        0.135
O7       WITH O2                  15.089     0.053      0.053        0.231
O7       WITH O3                   8.046    -0.026     -0.026       -0.183
O7       WITH O6                  15.304     0.044      0.044        0.254
O9       WITH A6                   6.661     0.045      0.045        0.146
O9       WITH C7                   4.198    -0.031     -0.031       -0.117
O9       WITH C8                   5.067    -0.033     -0.033       -0.126
O9       WITH C9                  22.049     0.042      0.042        0.264
O9       WITH N4                   5.805     0.035      0.035        0.141
O9       WITH N5                  10.790     0.029      0.029        0.198
O9       WITH O2                  10.257    -0.048     -0.048       -0.181
O9       WITH O4                   8.200     0.060      0.060        0.162


DIAGRAM INFORMATION

  Use View Diagram under the Diagram menu in the Mplus Editor to view the diagram.
  If running Mplus from the Mplus Diagrammer, the diagram opens automatically.

  Diagram output
    f:\ipip paper\sample_usa\cfa\gesamtmodell\esem\esem_all facets on all domains without o8, a5, a4

     Beginning Time:  14:27:52
        Ending Time:  14:27:54
       Elapsed Time:  00:00:02



MUTHEN & MUTHEN
3463 Stoner Ave.
Los Angeles, CA  90066

Tel: (310) 391-9971
Fax: (310) 391-8971
Web: www.StatModel.com
Support: Support@StatModel.com

Copyright (c) 1998-2013 Muthen & Muthen
