Mplus VERSION 8.4 (Mac)
MUTHEN & MUTHEN
06/19/2020   4:45 PM

INPUT INSTRUCTIONS

  TITLE:

  DATA:
  FILE IS  "factor scores after invariance.txt";
  Variable:
  Names are
  country
  A8
  A1
  A5
  A7
  A2
  A4
  A3
  A6
  C1
  C6
  C5
  C3
  C7
  C2
  C8
  C9
  C4
  E9
  E5
  E6
  E7
  E4
  E3
  E2
  E1
  E8
  N3
  N2
  N1
  N5
  N4
  N7
  N6
  O7
  O6
  O3
  O2
  O5
  O8
  O4
  O1
  O9
  ;

  USEVARIABLES ARE
  A1
  A2
  A3
  A4
  A5
  A6
  A8
  C1
  C2
  C3
  C4
  C5
  C6
  C7
  C8
  E1
  E2
  E3
  E4
  E6
  E7
  E8
  E9
  N1
  N2
  N3
  N5
  N6
  N7
  O1
  O2
  O3
  O4
  O5
  O6
  O8
  O9
  ;

  MISSING ARE ALL (-999);

  Model:

  agree consc extra neuro open by
  A1
  A2
  A3
  A4
  A5
  A6
  A8
  C1
  C2
  C3
  C4
  C5
  C6
  C7
  C8
  E1
  E2
  E3
  E4
  E6
  E7
  E8
  E9
  N1
  N2
  N3
  N5
  N6
  N7
  O1
  O2
  O3
  O4
  O5
  O6
  O8
  O9
  (*1);

  !N5 with C2;
  !E5 with C1;


  !SE by
  !agree
  !consc
  !extra
  !neuro
  !open;

  Analysis:
  ESTIMATOR IS ML;
  iterations = 10000;

  OUTPUT: STDYX MODINDICES(4);



INPUT READING TERMINATED NORMALLY




SUMMARY OF ANALYSIS

Number of groups                                                 1
Number of observations                                         748

Number of dependent variables                                   37
Number of independent variables                                  0
Number of continuous latent variables                            5

Observed dependent variables

  Continuous
   A1          A2          A3          A4          A5          A6
   A8          C1          C2          C3          C4          C5
   C6          C7          C8          E1          E2          E3
   E4          E6          E7          E8          E9          N1
   N2          N3          N5          N6          N7          O1
   O2          O3          O4          O5          O6          O8
   O9

Continuous latent variables

  EFA factors
  *1:   AGREE       CONSC       EXTRA       NEURO       OPEN


Estimator                                                       ML
Rotation                                                    GEOMIN
Row standardization                                    CORRELATION
Type of rotation                                           OBLIQUE
Epsilon value                                               Varies
Information matrix                                        OBSERVED
Maximum number of iterations                                 10000
Convergence criterion                                    0.500D-04
Maximum number of steepest descent iterations                   20
Maximum number of iterations for H1                           2000
Convergence criterion for H1                             0.100D-03
Optimization Specifications for the Exploratory Factor Analysis
Rotation Algorithm
  Number of random starts                                       30
  Maximum number of iterations                               10000
  Derivative convergence criterion                       0.100D-04

Input data file(s)
  factor scores after invariance.txt

Input data format  FREE


SUMMARY OF DATA

     Number of missing data patterns             1


COVARIANCE COVERAGE OF DATA

Minimum covariance coverage value   0.100


     PROPORTION OF DATA PRESENT


           Covariance Coverage
              A1            A2            A3            A4            A5
              ________      ________      ________      ________      ________
 A1             1.000
 A2             1.000         1.000
 A3             1.000         1.000         1.000
 A4             1.000         1.000         1.000         1.000
 A5             1.000         1.000         1.000         1.000         1.000
 A6             1.000         1.000         1.000         1.000         1.000
 A8             1.000         1.000         1.000         1.000         1.000
 C1             1.000         1.000         1.000         1.000         1.000
 C2             1.000         1.000         1.000         1.000         1.000
 C3             1.000         1.000         1.000         1.000         1.000
 C4             1.000         1.000         1.000         1.000         1.000
 C5             1.000         1.000         1.000         1.000         1.000
 C6             1.000         1.000         1.000         1.000         1.000
 C7             1.000         1.000         1.000         1.000         1.000
 C8             1.000         1.000         1.000         1.000         1.000
 E1             1.000         1.000         1.000         1.000         1.000
 E2             1.000         1.000         1.000         1.000         1.000
 E3             1.000         1.000         1.000         1.000         1.000
 E4             1.000         1.000         1.000         1.000         1.000
 E6             1.000         1.000         1.000         1.000         1.000
 E7             1.000         1.000         1.000         1.000         1.000
 E8             1.000         1.000         1.000         1.000         1.000
 E9             1.000         1.000         1.000         1.000         1.000
 N1             1.000         1.000         1.000         1.000         1.000
 N2             1.000         1.000         1.000         1.000         1.000
 N3             1.000         1.000         1.000         1.000         1.000
 N5             1.000         1.000         1.000         1.000         1.000
 N6             1.000         1.000         1.000         1.000         1.000
 N7             1.000         1.000         1.000         1.000         1.000
 O1             1.000         1.000         1.000         1.000         1.000
 O2             1.000         1.000         1.000         1.000         1.000
 O3             1.000         1.000         1.000         1.000         1.000
 O4             1.000         1.000         1.000         1.000         1.000
 O5             1.000         1.000         1.000         1.000         1.000
 O6             1.000         1.000         1.000         1.000         1.000
 O8             1.000         1.000         1.000         1.000         1.000
 O9             1.000         1.000         1.000         1.000         1.000


           Covariance Coverage
              A6            A8            C1            C2            C3
              ________      ________      ________      ________      ________
 A6             1.000
 A8             1.000         1.000
 C1             1.000         1.000         1.000
 C2             1.000         1.000         1.000         1.000
 C3             1.000         1.000         1.000         1.000         1.000
 C4             1.000         1.000         1.000         1.000         1.000
 C5             1.000         1.000         1.000         1.000         1.000
 C6             1.000         1.000         1.000         1.000         1.000
 C7             1.000         1.000         1.000         1.000         1.000
 C8             1.000         1.000         1.000         1.000         1.000
 E1             1.000         1.000         1.000         1.000         1.000
 E2             1.000         1.000         1.000         1.000         1.000
 E3             1.000         1.000         1.000         1.000         1.000
 E4             1.000         1.000         1.000         1.000         1.000
 E6             1.000         1.000         1.000         1.000         1.000
 E7             1.000         1.000         1.000         1.000         1.000
 E8             1.000         1.000         1.000         1.000         1.000
 E9             1.000         1.000         1.000         1.000         1.000
 N1             1.000         1.000         1.000         1.000         1.000
 N2             1.000         1.000         1.000         1.000         1.000
 N3             1.000         1.000         1.000         1.000         1.000
 N5             1.000         1.000         1.000         1.000         1.000
 N6             1.000         1.000         1.000         1.000         1.000
 N7             1.000         1.000         1.000         1.000         1.000
 O1             1.000         1.000         1.000         1.000         1.000
 O2             1.000         1.000         1.000         1.000         1.000
 O3             1.000         1.000         1.000         1.000         1.000
 O4             1.000         1.000         1.000         1.000         1.000
 O5             1.000         1.000         1.000         1.000         1.000
 O6             1.000         1.000         1.000         1.000         1.000
 O8             1.000         1.000         1.000         1.000         1.000
 O9             1.000         1.000         1.000         1.000         1.000


           Covariance Coverage
              C4            C5            C6            C7            C8
              ________      ________      ________      ________      ________
 C4             1.000
 C5             1.000         1.000
 C6             1.000         1.000         1.000
 C7             1.000         1.000         1.000         1.000
 C8             1.000         1.000         1.000         1.000         1.000
 E1             1.000         1.000         1.000         1.000         1.000
 E2             1.000         1.000         1.000         1.000         1.000
 E3             1.000         1.000         1.000         1.000         1.000
 E4             1.000         1.000         1.000         1.000         1.000
 E6             1.000         1.000         1.000         1.000         1.000
 E7             1.000         1.000         1.000         1.000         1.000
 E8             1.000         1.000         1.000         1.000         1.000
 E9             1.000         1.000         1.000         1.000         1.000
 N1             1.000         1.000         1.000         1.000         1.000
 N2             1.000         1.000         1.000         1.000         1.000
 N3             1.000         1.000         1.000         1.000         1.000
 N5             1.000         1.000         1.000         1.000         1.000
 N6             1.000         1.000         1.000         1.000         1.000
 N7             1.000         1.000         1.000         1.000         1.000
 O1             1.000         1.000         1.000         1.000         1.000
 O2             1.000         1.000         1.000         1.000         1.000
 O3             1.000         1.000         1.000         1.000         1.000
 O4             1.000         1.000         1.000         1.000         1.000
 O5             1.000         1.000         1.000         1.000         1.000
 O6             1.000         1.000         1.000         1.000         1.000
 O8             1.000         1.000         1.000         1.000         1.000
 O9             1.000         1.000         1.000         1.000         1.000


           Covariance Coverage
              E1            E2            E3            E4            E6
              ________      ________      ________      ________      ________
 E1             1.000
 E2             1.000         1.000
 E3             1.000         1.000         1.000
 E4             1.000         1.000         1.000         1.000
 E6             1.000         1.000         1.000         1.000         1.000
 E7             1.000         1.000         1.000         1.000         1.000
 E8             1.000         1.000         1.000         1.000         1.000
 E9             1.000         1.000         1.000         1.000         1.000
 N1             1.000         1.000         1.000         1.000         1.000
 N2             1.000         1.000         1.000         1.000         1.000
 N3             1.000         1.000         1.000         1.000         1.000
 N5             1.000         1.000         1.000         1.000         1.000
 N6             1.000         1.000         1.000         1.000         1.000
 N7             1.000         1.000         1.000         1.000         1.000
 O1             1.000         1.000         1.000         1.000         1.000
 O2             1.000         1.000         1.000         1.000         1.000
 O3             1.000         1.000         1.000         1.000         1.000
 O4             1.000         1.000         1.000         1.000         1.000
 O5             1.000         1.000         1.000         1.000         1.000
 O6             1.000         1.000         1.000         1.000         1.000
 O8             1.000         1.000         1.000         1.000         1.000
 O9             1.000         1.000         1.000         1.000         1.000


           Covariance Coverage
              E7            E8            E9            N1            N2
              ________      ________      ________      ________      ________
 E7             1.000
 E8             1.000         1.000
 E9             1.000         1.000         1.000
 N1             1.000         1.000         1.000         1.000
 N2             1.000         1.000         1.000         1.000         1.000
 N3             1.000         1.000         1.000         1.000         1.000
 N5             1.000         1.000         1.000         1.000         1.000
 N6             1.000         1.000         1.000         1.000         1.000
 N7             1.000         1.000         1.000         1.000         1.000
 O1             1.000         1.000         1.000         1.000         1.000
 O2             1.000         1.000         1.000         1.000         1.000
 O3             1.000         1.000         1.000         1.000         1.000
 O4             1.000         1.000         1.000         1.000         1.000
 O5             1.000         1.000         1.000         1.000         1.000
 O6             1.000         1.000         1.000         1.000         1.000
 O8             1.000         1.000         1.000         1.000         1.000
 O9             1.000         1.000         1.000         1.000         1.000


           Covariance Coverage
              N3            N5            N6            N7            O1
              ________      ________      ________      ________      ________
 N3             1.000
 N5             1.000         1.000
 N6             1.000         1.000         1.000
 N7             1.000         1.000         1.000         1.000
 O1             1.000         1.000         1.000         1.000         1.000
 O2             1.000         1.000         1.000         1.000         1.000
 O3             1.000         1.000         1.000         1.000         1.000
 O4             1.000         1.000         1.000         1.000         1.000
 O5             1.000         1.000         1.000         1.000         1.000
 O6             1.000         1.000         1.000         1.000         1.000
 O8             1.000         1.000         1.000         1.000         1.000
 O9             1.000         1.000         1.000         1.000         1.000


           Covariance Coverage
              O2            O3            O4            O5            O6
              ________      ________      ________      ________      ________
 O2             1.000
 O3             1.000         1.000
 O4             1.000         1.000         1.000
 O5             1.000         1.000         1.000         1.000
 O6             1.000         1.000         1.000         1.000         1.000
 O8             1.000         1.000         1.000         1.000         1.000
 O9             1.000         1.000         1.000         1.000         1.000


           Covariance Coverage
              O8            O9
              ________      ________
 O8             1.000
 O9             1.000         1.000



UNIVARIATE SAMPLE STATISTICS


     UNIVARIATE HIGHER-ORDER MOMENT DESCRIPTIVE STATISTICS

         Variable/         Mean/     Skewness/   Minimum/ % with                Percentiles
        Sample Size      Variance    Kurtosis    Maximum  Min/Max      20%/60%    40%/80%    Median

     A1                   -0.058       0.803      -0.704    3.07%      -0.533     -0.256     -0.109
             748.000       0.236       0.286       1.816    0.13%      -0.002      0.342
     A2                    0.030       0.037      -1.174    0.40%      -0.347     -0.098      0.009
             748.000       0.201      -0.072       1.391    0.13%       0.122      0.423
     A3                    0.079       0.454      -1.075    0.27%      -0.702     -0.109     -0.018
             748.000       0.541      -0.350       2.366    0.13%       0.073      0.760
     A4                   -0.099       0.464      -1.230    3.07%      -0.718     -0.319     -0.175
             748.000       0.464      -0.115       1.991    0.13%       0.024      0.479
     A5                   -0.100      -0.369      -2.108    0.13%      -0.618     -0.257     -0.089
             748.000       0.451       0.103       1.401    0.40%       0.114      0.481
     A6                   -0.116       0.175      -1.766    0.13%      -0.583     -0.274     -0.146
             748.000       0.333      -0.085       1.240    0.53%      -0.009      0.344
     A8                    0.419       0.013      -1.257    0.40%      -0.189      0.216      0.399
             748.000       0.485      -0.488       2.303    0.27%       0.616      1.041
     C1                   -0.088      -0.249      -2.181    0.40%      -0.644     -0.240     -0.081
             748.000       0.506       0.086       1.421    2.27%       0.044      0.483
     C2                   -0.027       0.112      -1.668    0.67%      -0.639     -0.222     -0.042
             748.000       0.486      -0.338       1.900    0.13%       0.141      0.557
     C3                   -0.033       0.234      -1.384    0.27%      -0.547     -0.211     -0.036
             748.000       0.358      -0.263       1.809    0.13%       0.094      0.464
     C4                    0.177       0.205      -1.467    0.13%      -0.452     -0.040      0.152
             748.000       0.505      -0.373       2.137    0.40%       0.357      0.793
     C5                    0.030      -0.259      -1.802    0.27%      -0.440     -0.118      0.045
             748.000       0.416       0.036       1.528    0.13%       0.194      0.585
     C6                   -0.190      -0.575      -2.074    0.27%      -0.645     -0.302     -0.143
             748.000       0.325       0.081       0.809    2.27%       0.023      0.331
     C7                   -0.108      -0.392      -2.233    0.13%      -0.628     -0.209     -0.037
             748.000       0.411      -0.040       1.283    0.40%       0.127      0.404
     C8                    0.088       0.458      -0.801    0.80%      -0.312     -0.066      0.034
             748.000       0.208       0.067       1.817    0.13%       0.148      0.481
     E1                   -0.040       0.293      -1.574    0.13%      -0.646     -0.239     -0.082
             748.000       0.433      -0.075       1.994    0.13%       0.120      0.510
     E2                   -0.059       0.354      -1.214    0.94%      -0.566     -0.228     -0.081
             748.000       0.309      -0.002       1.960    0.13%       0.041      0.395
     E3                    0.426      -1.060      -1.359    0.13%       0.147      0.428      0.441
             748.000       0.143       1.300       0.943    5.61%       0.475      0.782
     E4                   -0.160      -0.415      -1.867    0.27%      -0.518     -0.307     -0.120
             748.000       0.216       0.547       0.918    0.13%       0.009      0.219
     E6                    0.281      -0.511      -2.261    0.80%      -0.644      0.122      0.464
             748.000       1.201      -0.558       1.886    2.01%       0.723      1.353
     E7                    0.047      -0.409      -2.377    0.13%      -0.472     -0.069      0.213
             748.000       0.431       0.280       1.386    1.34%       0.326      0.457
     E8                   -0.010      -0.045      -2.087    0.13%      -0.878     -0.130     -0.061
             748.000       0.770      -0.378       1.842    0.13%       0.026      0.790
     E9                    0.075      -0.266      -1.773    0.13%      -0.445     -0.007      0.118
             748.000       0.347      -0.378       1.127    2.41%       0.193      0.631
     N1                   -0.162      -0.122      -2.214    0.13%      -0.661     -0.299     -0.132
             748.000       0.390      -0.054       1.375    0.80%       0.001      0.343
     N2                    0.107      -0.195      -1.073    0.13%      -0.132      0.024      0.106
             748.000       0.104       0.396       1.051    0.27%       0.173      0.382
     N3                    0.649      -0.223      -1.204    0.13%       0.145      0.520      0.665
             748.000       0.322      -0.286       1.801    0.80%       0.817      1.146
     N5                   -0.245      -0.071      -1.989    0.13%      -0.810     -0.359     -0.213
             748.000       0.420       0.085       1.701    0.27%      -0.083      0.272
     N6                   -0.134       0.459      -1.440    0.67%      -0.789     -0.390     -0.230
             748.000       0.521      -0.149       2.058    0.53%      -0.015      0.497
     N7                    0.000      -0.497      -2.562    0.13%      -0.566     -0.099      0.102
             748.000       0.411       0.169       1.147    1.34%       0.196      0.553
     O1                    0.000      -0.032      -1.530    0.13%      -0.370     -0.123     -0.002
             748.000       0.243       0.049       1.167    1.34%       0.126      0.371
     O2                   -0.127      -0.691      -2.186    0.13%      -0.539     -0.243     -0.150
             748.000       0.305       0.434       0.620    6.15%       0.058      0.456
     O3                   -0.156      -0.232      -2.449    0.13%      -0.650     -0.317     -0.154
             748.000       0.405       0.427       1.373    0.13%       0.008      0.338
     O4                    0.171      -0.089      -1.931    0.13%      -0.781     -0.018      0.046
             748.000       0.779      -0.558       1.943    0.94%       0.421      0.951
     O5                    0.510      -0.232      -1.515    0.13%       0.144      0.381      0.541
             748.000       0.182       0.662       1.435    1.20%       0.676      0.782
     O6                    0.183       0.370      -1.271    0.40%      -0.460     -0.105      0.088
             748.000       0.572      -0.276       2.495    0.13%       0.343      0.804
     O8                    0.000      -0.281      -2.214    0.13%      -0.662     -0.197      0.087
             748.000       0.647      -0.449       1.417    2.54%       0.226      0.828
     O9                    0.000       0.021      -0.891    0.13%      -0.164     -0.052      0.001
             748.000       0.070       2.256       1.082    0.13%       0.054      0.160


THE MODEL ESTIMATION TERMINATED NORMALLY



MODEL FIT INFORMATION

Number of Free Parameters                      249

Loglikelihood

          H0 Value                      -20146.613
          H1 Value                      -18864.180

Information Criteria

          Akaike (AIC)                   40791.225
          Bayesian (BIC)                 41940.959
          Sample-Size Adjusted BIC       41150.288
            (n* = (n + 2) / 24)

Chi-Square Test of Model Fit

          Value                           2564.865
          Degrees of Freedom                   491
          P-Value                           0.0000

RMSEA (Root Mean Square Error Of Approximation)

          Estimate                           0.075
          90 Percent C.I.                    0.072  0.078
          Probability RMSEA <= .05           0.000

CFI/TLI

          CFI                                0.824
          TLI                                0.761

Chi-Square Test of Model Fit for the Baseline Model

          Value                          12429.120
          Degrees of Freedom                   666
          P-Value                           0.0000

SRMR (Standardized Root Mean Square Residual)

          Value                              0.044



MODEL RESULTS

                                                    Two-Tailed
                    Estimate       S.E.  Est./S.E.    P-Value

 AGREE    BY
    A1                 0.029      0.014      2.010      0.044
    A2                 0.173      0.020      8.617      0.000
    A3                 0.258      0.033      7.799      0.000
    A4                 0.100      0.031      3.227      0.001
    A5                 0.082      0.029      2.880      0.004
    A6                 0.100      0.026      3.854      0.000
    A8                 0.440      0.029     15.190      0.000
    C1                -0.147      0.031     -4.703      0.000
    C2                 0.442      0.028     16.020      0.000
    C3                -0.004      0.018     -0.223      0.823
    C4                 0.599      0.025     24.161      0.000
    C5                 0.047      0.025      1.888      0.059
    C6                -0.136      0.024     -5.642      0.000
    C7                 0.028      0.022      1.292      0.196
    C8                 0.209      0.021      9.999      0.000
    E1                 0.040      0.018      2.210      0.027
    E2                 0.020      0.016      1.273      0.203
    E3                 0.073      0.015      4.808      0.000
    E4                 0.020      0.018      1.111      0.267
    E6                 0.145      0.045      3.213      0.001
    E7                -0.103      0.026     -4.007      0.000
    E8                 0.031      0.020      1.542      0.123
    E9                 0.102      0.023      4.429      0.000
    N1                 0.083      0.031      2.631      0.009
    N2                -0.014      0.012     -1.162      0.245
    N3                 0.024      0.022      1.103      0.270
    N5                -0.057      0.020     -2.829      0.005
    N6                -0.106      0.031     -3.467      0.001
    N7                -0.047      0.025     -1.895      0.058
    O1                -0.050      0.018     -2.754      0.006
    O2                -0.015      0.013     -1.140      0.254
    O3                -0.308      0.024    -12.730      0.000
    O4                 0.293      0.040      7.397      0.000
    O5                -0.030      0.015     -1.977      0.048
    O6                 0.342      0.028     12.343      0.000
    O8                 0.055      0.029      1.891      0.059
    O9                 0.094      0.011      8.685      0.000

 CONSC    BY
    A1                 0.335      0.016     20.669      0.000
    A2                 0.241      0.016     15.309      0.000
    A3                 0.095      0.027      3.538      0.000
    A4                 0.240      0.026      9.364      0.000
    A5                -0.058      0.025     -2.356      0.018
    A6                 0.035      0.020      1.738      0.082
    A8                -0.004      0.014     -0.280      0.780
    C1                 0.065      0.025      2.625      0.009
    C2                 0.107      0.026      4.097      0.000
    C3                -0.075      0.021     -3.505      0.000
    C4                -0.029      0.018     -1.550      0.121
    C5                 0.001      0.012      0.057      0.954
    C6                 0.007      0.013      0.542      0.588
    C7                 0.054      0.022      2.444      0.015
    C8                 0.080      0.017      4.815      0.000
    E1                 0.496      0.021     23.211      0.000
    E2                 0.390      0.018     21.098      0.000
    E3                -0.128      0.014     -9.308      0.000
    E4                -0.103      0.018     -5.758      0.000
    E6                -0.145      0.041     -3.526      0.000
    E7                 0.063      0.023      2.722      0.006
    E8                 0.546      0.030     18.461      0.000
    E9                 0.065      0.020      3.191      0.001
    N1                 0.012      0.014      0.848      0.397
    N2                -0.012      0.011     -1.124      0.261
    N3                -0.028      0.016     -1.788      0.074
    N5                 0.416      0.022     19.356      0.000
    N6                 0.430      0.026     16.840      0.000
    N7                 0.130      0.024      5.328      0.000
    O1                 0.217      0.018     12.251      0.000
    O2                -0.039      0.017     -2.262      0.024
    O3                 0.124      0.024      5.202      0.000
    O4                -0.050      0.026     -1.881      0.060
    O5                -0.003      0.011     -0.253      0.800
    O6                 0.334      0.027     12.245      0.000
    O8                -0.069      0.029     -2.390      0.017
    O9                 0.033      0.010      3.261      0.001

 EXTRA    BY
    A1                -0.078      0.020     -3.942      0.000
    A2                 0.087      0.019      4.480      0.000
    A3                -0.052      0.027     -1.918      0.055
    A4                 0.038      0.027      1.382      0.167
    A5                 0.294      0.032      9.301      0.000
    A6                -0.039      0.025     -1.549      0.121
    A8                 0.199      0.039      5.068      0.000
    C1                 0.233      0.031      7.630      0.000
    C2                -0.160      0.040     -4.049      0.000
    C3                -0.402      0.023    -17.296      0.000
    C4                 0.112      0.045      2.496      0.013
    C5                -0.389      0.029    -13.317      0.000
    C6                 0.237      0.024      9.951      0.000
    C7                 0.398      0.026     15.151      0.000
    C8                -0.044      0.020     -2.267      0.023
    E1                -0.037      0.020     -1.820      0.069
    E2                -0.033      0.020     -1.673      0.094
    E3                 0.114      0.018      6.280      0.000
    E4                 0.072      0.022      3.213      0.001
    E6                -0.011      0.035     -0.315      0.753
    E7                -0.028      0.022     -1.245      0.213
    E8                 0.038      0.025      1.508      0.132
    E9                -0.044      0.023     -1.948      0.051
    N1                -0.110      0.028     -3.901      0.000
    N2                 0.016      0.012      1.304      0.192
    N3                -0.004      0.013     -0.309      0.757
    N5                 0.083      0.024      3.423      0.001
    N6                 0.084      0.032      2.626      0.009
    N7                 0.237      0.026      8.978      0.000
    O1                 0.002      0.012      0.196      0.845
    O2                 0.020      0.017      1.226      0.220
    O3                 0.018      0.016      1.125      0.260
    O4                 0.524      0.040     13.086      0.000
    O5                 0.046      0.017      2.720      0.007
    O6                -0.022      0.022     -1.032      0.302
    O8                 0.064      0.033      1.954      0.051
    O9                 0.023      0.013      1.716      0.086

 NEURO    BY
    A1                -0.018      0.014     -1.340      0.180
    A2                -0.097      0.019     -5.018      0.000
    A3                -0.363      0.032    -11.230      0.000
    A4                -0.186      0.030     -6.093      0.000
    A5                 0.014      0.027      0.511      0.609
    A6                 0.268      0.025     10.612      0.000
    A8                -0.074      0.032     -2.312      0.021
    C1                 0.292      0.032      9.051      0.000
    C2                 0.007      0.017      0.396      0.692
    C3                -0.054      0.024     -2.245      0.025
    C4                 0.071      0.033      2.148      0.032
    C5                -0.018      0.017     -1.050      0.294
    C6                 0.158      0.026      6.197      0.000
    C7                 0.103      0.028      3.720      0.000
    C8                -0.233      0.020    -11.684      0.000
    E1                 0.127      0.027      4.635      0.000
    E2                -0.015      0.018     -0.833      0.405
    E3                 0.004      0.009      0.405      0.685
    E4                 0.030      0.021      1.445      0.148
    E6                -0.059      0.043     -1.367      0.172
    E7                 0.158      0.029      5.481      0.000
    E8                 0.338      0.038      8.919      0.000
    E9                 0.068      0.022      3.101      0.002
    N1                 0.424      0.025     17.087      0.000
    N2                 0.151      0.014     10.956      0.000
    N3                 0.468      0.021     22.425      0.000
    N5                 0.223      0.030      7.436      0.000
    N6                -0.075      0.030     -2.482      0.013
    N7                -0.038      0.024     -1.625      0.104
    O1                 0.006      0.012      0.477      0.633
    O2                 0.120      0.021      5.746      0.000
    O3                 0.125      0.032      3.924      0.000
    O4                -0.016      0.026     -0.623      0.533
    O5                 0.007      0.014      0.527      0.598
    O6                 0.048      0.027      1.769      0.077
    O8                -0.021      0.029     -0.702      0.483
    O9                 0.013      0.012      1.077      0.282

 OPEN     BY
    A1                -0.087      0.019     -4.698      0.000
    A2                 0.004      0.010      0.402      0.687
    A3                -0.063      0.026     -2.436      0.015
    A4                -0.008      0.026     -0.318      0.750
    A5                 0.065      0.031      2.129      0.033
    A6                 0.005      0.023      0.225      0.822
    A8                 0.059      0.027      2.201      0.028
    C1                -0.048      0.025     -1.898      0.058
    C2                 0.039      0.022      1.809      0.070
    C3                 0.008      0.017      0.468      0.640
    C4                -0.019      0.017     -1.124      0.261
    C5                 0.281      0.027     10.540      0.000
    C6                 0.040      0.021      1.930      0.054
    C7                -0.016      0.021     -0.784      0.433
    C8                 0.015      0.012      1.296      0.195
    E1                 0.008      0.017      0.469      0.639
    E2                -0.035      0.020     -1.783      0.075
    E3                 0.152      0.016      9.696      0.000
    E4                 0.057      0.022      2.582      0.010
    E6                 0.564      0.046     12.263      0.000
    E7                 0.296      0.027     11.009      0.000
    E8                 0.024      0.025      0.967      0.334
    E9                 0.421      0.023     18.614      0.000
    N1                -0.004      0.017     -0.244      0.807
    N2                 0.029      0.014      2.150      0.032
    N3                 0.045      0.018      2.435      0.015
    N5                 0.035      0.019      1.885      0.059
    N6                 0.035      0.026      1.380      0.168
    N7                 0.203      0.027      7.609      0.000
    O1                 0.284      0.018     15.643      0.000
    O2                 0.344      0.021     16.598      0.000
    O3                 0.181      0.026      7.033      0.000
    O4                 0.052      0.032      1.637      0.102
    O5                 0.260      0.017     15.169      0.000
    O6                -0.084      0.030     -2.811      0.005
    O8                 0.441      0.034     13.128      0.000
    O9                -0.024      0.012     -2.039      0.041

 CONSC    WITH
    AGREE              0.051      0.033      1.530      0.126

 EXTRA    WITH
    AGREE             -0.184      0.039     -4.678      0.000
    CONSC              0.014      0.037      0.364      0.716

 NEURO    WITH
    AGREE             -0.183      0.039     -4.663      0.000
    CONSC             -0.032      0.038     -0.840      0.401
    EXTRA              0.274      0.036      7.526      0.000

 OPEN     WITH
    AGREE             -0.004      0.042     -0.098      0.922
    CONSC              0.007      0.038      0.176      0.860
    EXTRA              0.333      0.037      9.005      0.000
    NEURO              0.349      0.039      8.888      0.000

 Intercepts
    A1                -0.058      0.018     -3.257      0.001
    A2                 0.030      0.016      1.818      0.069
    A3                 0.079      0.027      2.955      0.003
    A4                -0.099      0.025     -3.980      0.000
    A5                -0.100      0.025     -4.072      0.000
    A6                -0.116      0.021     -5.500      0.000
    A8                 0.419      0.025     16.465      0.000
    C1                -0.088      0.026     -3.385      0.001
    C2                -0.027      0.025     -1.059      0.290
    C3                -0.033      0.022     -1.515      0.130
    C4                 0.177      0.026      6.810      0.000
    C5                 0.030      0.024      1.259      0.208
    C6                -0.190      0.021     -9.123      0.000
    C7                -0.108      0.023     -4.589      0.000
    C8                 0.088      0.017      5.263      0.000
    E1                -0.040      0.024     -1.680      0.093
    E2                -0.059      0.020     -2.915      0.004
    E3                 0.426      0.014     30.786      0.000
    E4                -0.160      0.017     -9.389      0.000
    E6                 0.281      0.040      7.024      0.000
    E7                 0.047      0.024      1.971      0.049
    E8                -0.010      0.032     -0.296      0.767
    E9                 0.075      0.022      3.460      0.001
    N1                -0.162      0.023     -7.079      0.000
    N2                 0.107      0.012      9.032      0.000
    N3                 0.649      0.021     31.282      0.000
    N5                -0.245      0.024    -10.340      0.000
    N6                -0.134      0.026     -5.059      0.000
    N7                 0.000      0.023      0.000      1.000
    O1                 0.000      0.018      0.000      1.000
    O2                -0.127      0.020     -6.296      0.000
    O3                -0.156      0.023     -6.710      0.000
    O4                 0.171      0.032      5.307      0.000
    O5                 0.510      0.016     32.708      0.000
    O6                 0.183      0.028      6.631      0.000
    O8                 0.000      0.029      0.000      1.000
    O9                 0.000      0.010      0.000      1.000

 Variances
    AGREE              1.000      0.000    999.000    999.000
    CONSC              1.000      0.000    999.000    999.000
    EXTRA              1.000      0.000    999.000    999.000
    NEURO              1.000      0.000    999.000    999.000
    OPEN               1.000      0.000    999.000    999.000

 Residual Variances
    A1                 0.102      0.006     16.005      0.000
    A2                 0.094      0.006     16.304      0.000
    A3                 0.254      0.015     16.974      0.000
    A4                 0.352      0.019     18.446      0.000
    A5                 0.345      0.019     17.748      0.000
    A6                 0.263      0.015     17.831      0.000
    A8                 0.267      0.017     15.723      0.000
    C1                 0.292      0.017     17.481      0.000
    C2                 0.228      0.015     15.282      0.000
    C3                 0.179      0.012     15.000      0.000
    C4                 0.167      0.015     11.394      0.000
    C5                 0.248      0.016     15.127      0.000
    C6                 0.173      0.010     17.197      0.000
    C7                 0.225      0.014     15.582      0.000
    C8                 0.074      0.005     15.164      0.000
    E1                 0.174      0.011     15.475      0.000
    E2                 0.151      0.009     16.811      0.000
    E3                 0.078      0.005     16.843      0.000
    E4                 0.192      0.010     18.965      0.000
    E6                 0.864      0.049     17.736      0.000
    E7                 0.274      0.015     17.912      0.000
    E8                 0.355      0.022     16.079      0.000
    E9                 0.144      0.010     14.496      0.000
    N1                 0.228      0.015     15.444      0.000
    N2                 0.074      0.004     18.326      0.000
    N3                 0.090      0.008     10.720      0.000
    N5                 0.168      0.011     15.601      0.000
    N6                 0.316      0.018     17.102      0.000
    N7                 0.267      0.015     17.511      0.000
    O1                 0.112      0.007     15.282      0.000
    O2                 0.135      0.008     16.002      0.000
    O3                 0.214      0.013     17.057      0.000
    O4                 0.457      0.029     15.983      0.000
    O5                 0.101      0.006     16.739      0.000
    O6                 0.329      0.019     17.199      0.000
    O8                 0.431      0.025     17.538      0.000
    O9                 0.060      0.003     18.560      0.000


STANDARDIZED MODEL RESULTS


STDYX Standardization

                                                    Two-Tailed
                    Estimate       S.E.  Est./S.E.    P-Value

 AGREE    BY
    A1                 0.059      0.029      2.013      0.044
    A2                 0.386      0.043      8.982      0.000
    A3                 0.351      0.044      8.032      0.000
    A4                 0.147      0.045      3.250      0.001
    A5                 0.123      0.042      2.895      0.004
    A6                 0.173      0.044      3.901      0.000
    A8                 0.631      0.034     18.449      0.000
    C1                -0.206      0.043     -4.752      0.000
    C2                 0.634      0.033     19.389      0.000
    C3                -0.007      0.031     -0.223      0.823
    C4                 0.843      0.021     39.814      0.000
    C5                 0.073      0.038      1.890      0.059
    C6                -0.238      0.042     -5.731      0.000
    C7                 0.044      0.034      1.293      0.196
    C8                 0.458      0.044     10.482      0.000
    E1                 0.061      0.028      2.214      0.027
    E2                 0.036      0.029      1.275      0.202
    E3                 0.192      0.040      4.854      0.000
    E4                 0.044      0.040      1.112      0.266
    E6                 0.132      0.041      3.235      0.001
    E7                -0.157      0.039     -4.043      0.000
    E8                 0.035      0.023      1.543      0.123
    E9                 0.173      0.039      4.457      0.000
    N1                 0.133      0.050      2.644      0.008
    N2                -0.043      0.037     -1.162      0.245
    N3                 0.042      0.038      1.106      0.269
    N5                -0.088      0.031     -2.833      0.005
    N6                -0.146      0.042     -3.489      0.000
    N7                -0.074      0.039     -1.897      0.058
    O1                -0.101      0.037     -2.762      0.006
    O2                -0.027      0.023     -1.141      0.254
    O3                -0.485      0.034    -14.179      0.000
    O4                 0.332      0.044      7.614      0.000
    O5                -0.071      0.036     -1.980      0.048
    O6                 0.452      0.033     13.728      0.000
    O8                 0.068      0.036      1.894      0.058
    O9                 0.357      0.038      9.336      0.000

 CONSC    BY
    A1                 0.689      0.024     29.214      0.000
    A2                 0.538      0.030     17.763      0.000
    A3                 0.129      0.036      3.559      0.000
    A4                 0.353      0.035     10.097      0.000
    A5                -0.086      0.036     -2.365      0.018
    A6                 0.061      0.035      1.741      0.082
    A8                -0.006      0.020     -0.280      0.780
    C1                 0.091      0.035      2.630      0.009
    C2                 0.154      0.037      4.119      0.000
    C3                -0.125      0.035     -3.525      0.000
    C4                -0.040      0.026     -1.552      0.121
    C5                 0.001      0.019      0.057      0.954
    C6                 0.013      0.023      0.542      0.588
    C7                 0.084      0.034      2.451      0.014
    C8                 0.176      0.036      4.854      0.000
    E1                 0.754      0.020     38.171      0.000
    E2                 0.702      0.021     32.689      0.000
    E3                -0.337      0.035     -9.758      0.000
    E4                -0.221      0.037     -5.937      0.000
    E6                -0.133      0.037     -3.553      0.000
    E7                 0.096      0.035      2.731      0.006
    E8                 0.622      0.027     23.448      0.000
    E9                 0.110      0.034      3.204      0.001
    N1                 0.019      0.022      0.848      0.397
    N2                -0.037      0.033     -1.125      0.261
    N3                -0.049      0.027     -1.792      0.073
    N5                 0.643      0.026     24.510      0.000
    N6                 0.596      0.027     21.947      0.000
    N7                 0.203      0.037      5.426      0.000
    O1                 0.439      0.033     13.338      0.000
    O2                -0.071      0.031     -2.265      0.023
    O3                 0.195      0.037      5.267      0.000
    O4                -0.056      0.030     -1.883      0.060
    O5                -0.006      0.025     -0.253      0.800
    O6                 0.441      0.032     13.583      0.000
    O8                -0.085      0.036     -2.397      0.017
    O9                 0.126      0.038      3.290      0.001

 EXTRA    BY
    A1                -0.161      0.041     -3.966      0.000
    A2                 0.195      0.043      4.511      0.000
    A3                -0.071      0.037     -1.922      0.055
    A4                 0.056      0.040      1.383      0.167
    A5                 0.437      0.043     10.068      0.000
    A6                -0.068      0.044     -1.552      0.121
    A8                 0.285      0.056      5.140      0.000
    C1                 0.327      0.041      7.921      0.000
    C2                -0.230      0.056     -4.084      0.000
    C3                -0.671      0.030    -22.108      0.000
    C4                 0.157      0.063      2.501      0.012
    C5                -0.604      0.040    -15.220      0.000
    C6                 0.416      0.039     10.626      0.000
    C7                 0.622      0.034     18.245      0.000
    C8                -0.097      0.043     -2.274      0.023
    E1                -0.056      0.031     -1.821      0.069
    E2                -0.060      0.036     -1.675      0.094
    E3                 0.300      0.047      6.429      0.000
    E4                 0.155      0.048      3.243      0.001
    E6                -0.010      0.032     -0.315      0.753
    E7                -0.042      0.034     -1.245      0.213
    E8                 0.043      0.029      1.509      0.131
    E9                -0.074      0.038     -1.949      0.051
    N1                -0.177      0.045     -3.931      0.000
    N2                 0.050      0.039      1.305      0.192
    N3                -0.007      0.024     -0.309      0.757
    N5                 0.129      0.037      3.436      0.001
    N6                 0.116      0.044      2.634      0.008
    N7                 0.370      0.039      9.530      0.000
    O1                 0.005      0.024      0.196      0.845
    O2                 0.037      0.030      1.227      0.220
    O3                 0.029      0.026      1.126      0.260
    O4                 0.594      0.039     15.063      0.000
    O5                 0.107      0.039      2.729      0.006
    O6                -0.030      0.029     -1.032      0.302
    O8                 0.079      0.041      1.958      0.050
    O9                 0.086      0.050      1.720      0.086

 NEURO    BY
    A1                -0.037      0.028     -1.342      0.180
    A2                -0.216      0.043     -5.062      0.000
    A3                -0.493      0.040    -12.186      0.000
    A4                -0.273      0.043     -6.275      0.000
    A5                 0.021      0.040      0.512      0.609
    A6                 0.464      0.039     11.779      0.000
    A8                -0.106      0.046     -2.314      0.021
    C1                 0.411      0.043      9.604      0.000
    C2                 0.010      0.025      0.396      0.692
    C3                -0.091      0.040     -2.250      0.024
    C4                 0.100      0.046      2.154      0.031
    C5                -0.028      0.027     -1.050      0.294
    C6                 0.277      0.044      6.347      0.000
    C7                 0.161      0.043      3.749      0.000
    C8                -0.511      0.041    -12.459      0.000
    E1                 0.193      0.041      4.662      0.000
    E2                -0.027      0.032     -0.833      0.405
    E3                 0.010      0.024      0.405      0.685
    E4                 0.065      0.045      1.448      0.148
    E6                -0.054      0.039     -1.368      0.171
    E7                 0.240      0.043      5.601      0.000
    E8                 0.385      0.042      9.274      0.000
    E9                 0.115      0.037      3.112      0.002
    N1                 0.679      0.031     22.174      0.000
    N2                 0.467      0.038     12.231      0.000
    N3                 0.824      0.025     32.780      0.000
    N5                 0.344      0.045      7.623      0.000
    N6                -0.104      0.042     -2.489      0.013
    N7                -0.060      0.037     -1.626      0.104
    O1                 0.011      0.024      0.477      0.633
    O2                 0.217      0.037      5.839      0.000
    O3                 0.196      0.049      3.959      0.000
    O4                -0.018      0.029     -0.623      0.533
    O5                 0.018      0.033      0.527      0.598
    O6                 0.063      0.036      1.772      0.076
    O8                -0.026      0.036     -0.702      0.483
    O9                 0.047      0.044      1.078      0.281

 OPEN     BY
    A1                -0.179      0.038     -4.731      0.000
    A2                 0.009      0.023      0.402      0.687
    A3                -0.086      0.035     -2.441      0.015
    A4                -0.012      0.039     -0.318      0.750
    A5                 0.097      0.045      2.136      0.033
    A6                 0.009      0.039      0.225      0.822
    A8                 0.085      0.039      2.204      0.027
    C1                -0.068      0.036     -1.900      0.057
    C2                 0.056      0.031      1.810      0.070
    C3                 0.013      0.028      0.468      0.640
    C4                -0.026      0.023     -1.124      0.261
    C5                 0.435      0.039     11.253      0.000
    C6                 0.070      0.036      1.933      0.053
    C7                -0.025      0.032     -0.785      0.433
    C8                 0.033      0.025      1.296      0.195
    E1                 0.012      0.026      0.470      0.639
    E2                -0.063      0.035     -1.785      0.074
    E3                 0.402      0.039     10.297      0.000
    E4                 0.123      0.047      2.597      0.009
    E6                 0.515      0.037     14.051      0.000
    E7                 0.451      0.037     12.084      0.000
    E8                 0.028      0.028      0.967      0.333
    E9                 0.714      0.030     24.001      0.000
    N1                -0.007      0.028     -0.244      0.807
    N2                 0.090      0.042      2.156      0.031
    N3                 0.079      0.032      2.437      0.015
    N5                 0.054      0.029      1.888      0.059
    N6                 0.049      0.036      1.381      0.167
    N7                 0.316      0.040      7.926      0.000
    O1                 0.575      0.032     18.131      0.000
    O2                 0.622      0.031     20.263      0.000
    O3                 0.284      0.039      7.212      0.000
    O4                 0.059      0.036      1.639      0.101
    O5                 0.610      0.033     18.409      0.000
    O6                -0.111      0.040     -2.820      0.005
    O8                 0.548      0.036     15.340      0.000
    O9                -0.092      0.045     -2.046      0.041

 CONSC    WITH
    AGREE              0.051      0.033      1.530      0.126

 EXTRA    WITH
    AGREE             -0.184      0.039     -4.678      0.000
    CONSC              0.014      0.037      0.364      0.716

 NEURO    WITH
    AGREE             -0.183      0.039     -4.663      0.000
    CONSC             -0.032      0.038     -0.840      0.401
    EXTRA              0.274      0.036      7.526      0.000

 OPEN     WITH
    AGREE             -0.004      0.042     -0.098      0.922
    CONSC              0.007      0.038      0.176      0.860
    EXTRA              0.333      0.037      9.005      0.000
    NEURO              0.349      0.039      8.888      0.000

 Intercepts
    A1                -0.119      0.037     -3.245      0.001
    A2                 0.066      0.037      1.816      0.069
    A3                 0.108      0.037      2.947      0.003
    A4                -0.146      0.037     -3.959      0.000
    A5                -0.149      0.037     -4.050      0.000
    A6                -0.201      0.037     -5.445      0.000
    A8                 0.602      0.040     15.150      0.000
    C1                -0.124      0.037     -3.372      0.001
    C2                -0.039      0.037     -1.058      0.290
    C3                -0.055      0.037     -1.514      0.130
    C4                 0.249      0.037      6.707      0.000
    C5                 0.046      0.037      1.258      0.208
    C6                -0.334      0.038     -8.880      0.000
    C7                -0.168      0.037     -4.557      0.000
    C8                 0.192      0.037      5.215      0.000
    E1                -0.061      0.037     -1.678      0.093
    E2                -0.107      0.037     -2.906      0.004
    E3                 1.126      0.047     24.087      0.000
    E4                -0.343      0.038     -9.124      0.000
    E6                 0.257      0.037      6.911      0.000
    E7                 0.072      0.037      1.968      0.049
    E8                -0.011      0.037     -0.296      0.767
    E9                 0.127      0.037      3.446      0.001
    N1                -0.259      0.037     -6.963      0.000
    N2                 0.330      0.038      8.796      0.000
    N3                 1.144      0.047     24.323      0.000
    N5                -0.378      0.038     -9.989      0.000
    N6                -0.185      0.037     -5.017      0.000
    N7                 0.000      0.037      0.000      1.000
    O1                 0.000      0.037      0.000      1.000
    O2                -0.230      0.037     -6.214      0.000
    O3                -0.245      0.037     -6.612      0.000
    O4                 0.194      0.037      5.258      0.000
    O5                 1.196      0.048     24.975      0.000
    O6                 0.242      0.037      6.536      0.000
    O8                 0.000      0.037      0.000      1.000
    O9                 0.000      0.037      0.000      1.000

 Variances
    AGREE              1.000      0.000    999.000    999.000
    CONSC              1.000      0.000    999.000    999.000
    EXTRA              1.000      0.000    999.000    999.000
    NEURO              1.000      0.000    999.000    999.000
    OPEN               1.000      0.000    999.000    999.000

 Residual Variances
    A1                 0.430      0.028     15.292      0.000
    A2                 0.466      0.029     15.923      0.000
    A3                 0.470      0.028     16.595      0.000
    A4                 0.759      0.030     25.383      0.000
    A5                 0.765      0.032     23.855      0.000
    A6                 0.788      0.032     24.942      0.000
    A8                 0.551      0.034     16.279      0.000
    C1                 0.577      0.031     18.702      0.000
    C2                 0.468      0.031     14.988      0.000
    C3                 0.499      0.033     14.991      0.000
    C4                 0.331      0.031     10.779      0.000
    C5                 0.598      0.037     16.119      0.000
    C6                 0.531      0.030     17.642      0.000
    C7                 0.548      0.034     16.095      0.000
    C8                 0.359      0.026     13.996      0.000
    E1                 0.401      0.028     14.578      0.000
    E2                 0.490      0.029     16.685      0.000
    E3                 0.546      0.031     17.464      0.000
    E4                 0.887      0.024     37.497      0.000
    E6                 0.720      0.032     22.343      0.000
    E7                 0.637      0.031     20.474      0.000
    E8                 0.461      0.029     15.659      0.000
    E9                 0.414      0.030     13.843      0.000
    N1                 0.583      0.036     16.338      0.000
    N2                 0.713      0.031     23.331      0.000
    N3                 0.279      0.028     10.060      0.000
    N5                 0.401      0.027     14.681      0.000
    N6                 0.606      0.032     18.716      0.000
    N7                 0.649      0.032     20.155      0.000
    O1                 0.460      0.031     14.912      0.000
    O2                 0.441      0.029     15.395      0.000
    O3                 0.530      0.030     17.467      0.000
    O4                 0.587      0.034     17.029      0.000
    O5                 0.555      0.032     17.473      0.000
    O6                 0.575      0.031     18.324      0.000
    O8                 0.666      0.032     20.579      0.000
    O9                 0.858      0.027     31.795      0.000


R-SQUARE

    Observed                                        Two-Tailed
    Variable        Estimate       S.E.  Est./S.E.    P-Value

    A1                 0.570      0.028     20.241      0.000
    A2                 0.534      0.029     18.249      0.000
    A3                 0.530      0.028     18.712      0.000
    A4                 0.241      0.030      8.043      0.000
    A5                 0.235      0.032      7.326      0.000
    A6                 0.212      0.032      6.728      0.000
    A8                 0.449      0.034     13.279      0.000
    C1                 0.423      0.031     13.697      0.000
    C2                 0.532      0.031     17.020      0.000
    C3                 0.501      0.033     15.051      0.000
    C4                 0.669      0.031     21.783      0.000
    C5                 0.402      0.037     10.857      0.000
    C6                 0.469      0.030     15.552      0.000
    C7                 0.452      0.034     13.261      0.000
    C8                 0.641      0.026     25.037      0.000
    E1                 0.599      0.028     21.781      0.000
    E2                 0.510      0.029     17.370      0.000
    E3                 0.454      0.031     14.517      0.000
    E4                 0.113      0.024      4.780      0.000
    E6                 0.280      0.032      8.695      0.000
    E7                 0.363      0.031     11.681      0.000
    E8                 0.539      0.029     18.328      0.000
    E9                 0.586      0.030     19.590      0.000
    N1                 0.417      0.036     11.664      0.000
    N2                 0.287      0.031      9.380      0.000
    N3                 0.721      0.028     25.939      0.000
    N5                 0.599      0.027     21.962      0.000
    N6                 0.394      0.032     12.194      0.000
    N7                 0.351      0.032     10.878      0.000
    O1                 0.540      0.031     17.523      0.000
    O2                 0.559      0.029     19.489      0.000
    O3                 0.470      0.030     15.501      0.000
    O4                 0.413      0.034     11.973      0.000
    O5                 0.445      0.032     14.016      0.000
    O6                 0.425      0.031     13.530      0.000
    O8                 0.334      0.032     10.301      0.000
    O9                 0.142      0.027      5.267      0.000


QUALITY OF NUMERICAL RESULTS

     Condition Number for the Information Matrix              0.223E-02
       (ratio of smallest to largest eigenvalue)


MODEL MODIFICATION INDICES

NOTE:  Modification indices for direct effects of observed dependent variables
regressed on covariates may not be included.  To include these, request
MODINDICES (ALL).

Minimum M.I. value for printing the modification index     4.000

                                   M.I.     E.P.C.  Std E.P.C.  StdYX E.P.C.

WITH Statements

A4       WITH A2                  23.012     0.035      0.035        0.195
A5       WITH A3                   6.437     0.030      0.030        0.101
A5       WITH A4                   6.228     0.033      0.033        0.096
A6       WITH A2                  15.035     0.025      0.025        0.158
A6       WITH A3                   6.694     0.027      0.027        0.103
A6       WITH A4                  34.537     0.069      0.069        0.226
A8       WITH A1                  14.806     0.027      0.027        0.166
A8       WITH A3                   9.637    -0.034     -0.034       -0.130
A8       WITH A4                  46.222    -0.084     -0.084       -0.273
A8       WITH A5                  23.076    -0.060     -0.060       -0.196
A8       WITH A6                  30.555    -0.059     -0.059       -0.224
C1       WITH A3                   8.099     0.032      0.032        0.116
C2       WITH A1                   9.477    -0.021     -0.021       -0.135
C2       WITH A2                  10.415     0.021      0.021        0.141
C2       WITH A4                  15.151     0.045      0.045        0.160
C2       WITH A5                   5.084     0.026      0.026        0.093
C2       WITH A6                  21.207     0.047      0.047        0.192
C2       WITH A8                  65.009    -0.088     -0.088       -0.357
C3       WITH A4                   4.553     0.022      0.022        0.089
C3       WITH A5                  24.626     0.053      0.053        0.213
C4       WITH A1                   4.284    -0.014     -0.014       -0.104
C4       WITH A3                  16.784    -0.042     -0.042       -0.202
C4       WITH A5                   7.981    -0.032     -0.032       -0.135
C4       WITH A6                   4.338    -0.021     -0.021       -0.100
C4       WITH A8                  39.197     0.074      0.074        0.349
C5       WITH A2                   5.495     0.016      0.016        0.104
C5       WITH C2                   4.064    -0.022     -0.022       -0.092
C5       WITH C3                  27.796     0.054      0.054        0.258
C5       WITH C4                   7.661     0.029      0.029        0.142
C6       WITH A1                   6.225     0.014      0.014        0.105
C6       WITH A2                  14.752     0.020      0.020        0.160
C6       WITH A4                   5.077     0.022      0.022        0.089
C6       WITH A5                  36.709     0.059      0.059        0.242
C6       WITH A8                  13.243    -0.032     -0.032       -0.151
C6       WITH C2                  10.805    -0.028     -0.028       -0.141
C6       WITH C3                   6.467     0.020      0.020        0.113
C6       WITH C4                   8.126     0.024      0.024        0.139
C6       WITH C5                  11.352     0.031      0.031        0.148
C7       WITH A4                   5.770     0.027      0.027        0.097
C7       WITH A5                  37.044     0.071      0.071        0.253
C7       WITH A8                  22.194    -0.050     -0.050       -0.204
C7       WITH C1                   4.614    -0.023     -0.023       -0.091
C7       WITH C2                  14.069     0.037      0.037        0.165
C7       WITH C4                  16.729    -0.040     -0.040       -0.206
C7       WITH C5                  10.418    -0.036     -0.036       -0.151
C8       WITH A3                 144.738     0.074      0.074        0.537
C8       WITH A5                  20.588     0.030      0.030        0.189
C8       WITH A6                  17.263     0.024      0.024        0.174
C8       WITH A8                  12.674    -0.022     -0.022       -0.158
C8       WITH C2                   9.305     0.018      0.018        0.139
C8       WITH C4                   8.617    -0.017     -0.017       -0.155
C8       WITH C7                  13.664     0.021      0.021        0.163
E1       WITH A2                   8.554    -0.017     -0.017       -0.130
E1       WITH A4                  12.701    -0.036     -0.036       -0.148
E1       WITH A5                   5.240     0.023      0.023        0.095
E1       WITH A6                   7.540    -0.024     -0.024       -0.115
E1       WITH C4                   5.805    -0.021     -0.021       -0.123
E1       WITH C6                   5.839    -0.018     -0.018       -0.103
E2       WITH A3                   5.323    -0.019     -0.019       -0.096
E2       WITH A6                   5.037    -0.018     -0.018       -0.090
E2       WITH A8                   7.886     0.024      0.024        0.118
E2       WITH C4                   6.416     0.020      0.020        0.125
E2       WITH C8                   6.510    -0.012     -0.012       -0.111
E3       WITH A1                  15.796    -0.015     -0.015       -0.173
E3       WITH A8                   6.454     0.016      0.016        0.108
E3       WITH C6                  15.397    -0.019     -0.019       -0.162
E3       WITH E1                   4.998     0.011      0.011        0.098
E4       WITH A1                  16.858    -0.023     -0.023       -0.166
E4       WITH A3                   4.181     0.018      0.018        0.080
E4       WITH A4                  36.406     0.059      0.059        0.227
E4       WITH A5                  25.125     0.049      0.049        0.191
E4       WITH A6                  17.131     0.035      0.035        0.157
E4       WITH A8                  54.173    -0.066     -0.066       -0.292
E4       WITH C1                   7.088     0.024      0.024        0.103
E4       WITH C2                  56.310     0.064      0.064        0.304
E4       WITH C3                  20.307     0.034      0.034        0.186
E4       WITH C6                   6.764     0.018      0.018        0.101
E4       WITH C7                   8.835     0.025      0.025        0.119
E4       WITH C8                  21.987     0.023      0.023        0.191
E4       WITH E1                   6.687    -0.019     -0.019       -0.106
E4       WITH E2                   8.528    -0.020     -0.020       -0.115
E6       WITH A2                   4.664    -0.025     -0.025       -0.089
E6       WITH A6                  26.602    -0.096     -0.096       -0.202
E6       WITH A8                   7.674     0.055      0.055        0.114
E6       WITH C2                   7.845    -0.052     -0.052       -0.117
E6       WITH E4                  13.296    -0.057     -0.057       -0.140
E7       WITH A4                  12.275    -0.042     -0.042       -0.135
E7       WITH A8                   6.211     0.028      0.028        0.102
E7       WITH C2                  11.785    -0.036     -0.036       -0.143
E7       WITH C7                   4.788    -0.022     -0.022       -0.090
E7       WITH C8                   9.993     0.019      0.019        0.133
E7       WITH E6                   5.625     0.046      0.046        0.094
E8       WITH A1                   8.672    -0.025     -0.025       -0.130
E8       WITH A2                  41.280    -0.050     -0.050       -0.276
E8       WITH A6                   5.348    -0.029     -0.029       -0.094
E8       WITH C1                  10.238    -0.043     -0.043       -0.133
E8       WITH C2                   9.353    -0.038     -0.038       -0.133
E8       WITH C5                   6.840    -0.034     -0.034       -0.115
E8       WITH C8                   4.660     0.015      0.015        0.095
E8       WITH E1                  42.662     0.074      0.074        0.299
E8       WITH E2                   5.876    -0.024     -0.024       -0.105
E8       WITH E3                   5.635     0.017      0.017        0.100
E9       WITH A8                   5.100     0.020      0.020        0.102
E9       WITH C1                  14.567    -0.034     -0.034       -0.167
E9       WITH C6                   4.265    -0.014     -0.014       -0.091
E9       WITH C8                   6.117    -0.012     -0.012       -0.115
E9       WITH E4                   5.108    -0.016     -0.016       -0.095
E9       WITH E6                   7.281    -0.043     -0.043       -0.121
E9       WITH E8                   6.685     0.026      0.026        0.116
N1       WITH A2                   9.638    -0.020     -0.020       -0.135
N1       WITH A3                  11.663     0.035      0.035        0.147
N1       WITH A4                   6.149    -0.029     -0.029       -0.102
N1       WITH A5                  15.878     0.046      0.046        0.164
N1       WITH A8                  11.203    -0.036     -0.036       -0.144
N1       WITH C2                   8.132     0.029      0.029        0.127
N1       WITH C7                  23.646     0.048      0.048        0.212
N1       WITH C8                   6.706     0.015      0.015        0.117
N1       WITH E1                   5.442     0.021      0.021        0.104
N1       WITH E7                   5.889    -0.025     -0.025       -0.101
N1       WITH E9                   6.608     0.021      0.021        0.117
N2       WITH A4                   8.254    -0.018     -0.018       -0.110
N2       WITH A5                   9.703    -0.019     -0.019       -0.120
N2       WITH A8                  19.923     0.025      0.025        0.180
N2       WITH C1                  29.090     0.031      0.031        0.212
N2       WITH C2                  12.578    -0.019     -0.019       -0.146
N2       WITH C6                  10.123    -0.014     -0.014       -0.126
N2       WITH C7                  17.890    -0.022     -0.022       -0.172
N2       WITH E3                   6.369     0.008      0.008        0.101
N2       WITH E6                   9.320     0.030      0.030        0.119
N2       WITH E7                  51.706     0.040      0.040        0.279
N2       WITH E9                  22.658    -0.021     -0.021       -0.204
N3       WITH A1                   8.250     0.014      0.014        0.148
N3       WITH A2                  10.205     0.015      0.015        0.166
N3       WITH A6                  41.308     0.051      0.051        0.330
N3       WITH C1                   9.113     0.025      0.025        0.153
N3       WITH E1                  31.459    -0.037     -0.037       -0.293
N3       WITH N2                   5.746     0.010      0.010        0.121
N5       WITH A1                  18.498    -0.025     -0.025       -0.194
N5       WITH A2                  12.840    -0.020     -0.020       -0.157
N5       WITH A3                   7.046     0.023      0.023        0.113
N5       WITH A8                  11.030    -0.030     -0.030       -0.143
N5       WITH C1                  13.991    -0.035     -0.035       -0.158
N5       WITH C3                   5.870    -0.019     -0.019       -0.109
N5       WITH E1                  18.588     0.035      0.035        0.202
N5       WITH E4                  16.394     0.029      0.029        0.164
N5       WITH E8                 124.185     0.123      0.123        0.505
N5       WITH N2                   5.570    -0.011     -0.011       -0.097
N5       WITH N3                  19.706    -0.029     -0.029       -0.233
N6       WITH A2                  27.830     0.038      0.038        0.222
N6       WITH A3                  11.319    -0.039     -0.039       -0.137
N6       WITH A4                  13.869     0.049      0.049        0.147
N6       WITH C1                  20.548     0.056      0.056        0.183
N6       WITH C3                   6.498     0.026      0.026        0.110
N6       WITH C4                  10.848     0.037      0.037        0.162
N6       WITH E1                  15.210    -0.040     -0.040       -0.170
N6       WITH E3                   4.489    -0.014     -0.014       -0.087
N6       WITH E4                   6.049     0.024      0.024        0.096
N6       WITH E8                  13.077    -0.051     -0.051       -0.152
N6       WITH E9                   8.121    -0.027     -0.027       -0.125
N6       WITH N1                  10.107    -0.036     -0.036       -0.135
N6       WITH N3                   6.339     0.021      0.021        0.127
N6       WITH N5                  14.653    -0.038     -0.038       -0.165
N7       WITH A2                  12.586     0.023      0.023        0.147
N7       WITH C3                   4.442    -0.020     -0.020       -0.092
N7       WITH C5                  11.265     0.037      0.037        0.144
N7       WITH C6                   9.418     0.027      0.027        0.125
N7       WITH C7                   4.817     0.023      0.023        0.093
N7       WITH E1                   4.086    -0.018     -0.018       -0.086
N7       WITH E2                   6.351     0.021      0.021        0.103
N7       WITH E8                  22.563    -0.060     -0.060       -0.196
N7       WITH N1                   4.686     0.023      0.023        0.092
N7       WITH N3                   7.034     0.020      0.020        0.132
O1       WITH A2                  12.011     0.016      0.016        0.153
O1       WITH A3                   7.128    -0.019     -0.019       -0.114
O1       WITH A5                  19.564    -0.036     -0.036       -0.185
O1       WITH C1                  11.052     0.025      0.025        0.141
O1       WITH C3                   7.558    -0.018     -0.018       -0.124
O1       WITH C6                   6.381    -0.015     -0.015       -0.108
O1       WITH C7                   7.664    -0.019     -0.019       -0.122
O1       WITH E1                   7.109    -0.017     -0.017       -0.122
O1       WITH E8                   4.802    -0.019     -0.019       -0.097
O1       WITH N1                   5.597    -0.017     -0.017       -0.105
O1       WITH N2                   5.702     0.009      0.009        0.099
O1       WITH N5                   5.765    -0.015     -0.015       -0.108
O1       WITH N6                  18.464     0.035      0.035        0.186
O2       WITH A8                   9.355    -0.025     -0.025       -0.131
O2       WITH C1                   5.028    -0.019     -0.019       -0.094
O2       WITH C2                   7.498     0.021      0.021        0.120
O2       WITH C5                   8.550    -0.024     -0.024       -0.133
O2       WITH C6                  14.850     0.025      0.025        0.162
O2       WITH C7                   9.507     0.023      0.023        0.134
O2       WITH E2                   7.357    -0.017     -0.017       -0.116
O2       WITH E9                  16.354     0.028      0.028        0.199
O2       WITH N2                  32.863    -0.023     -0.023       -0.234
O3       WITH A2                   5.458     0.014      0.014        0.098
O3       WITH A4                  11.520     0.037      0.037        0.134
O3       WITH A5                   6.381     0.027      0.027        0.101
O3       WITH A6                   5.220     0.022      0.022        0.091
O3       WITH C5                   8.990     0.030      0.030        0.130
O3       WITH C8                   4.181     0.011      0.011        0.089
O3       WITH E4                  23.280     0.038      0.038        0.188
O3       WITH E7                  18.031     0.042      0.042        0.172
O3       WITH E8                  17.166    -0.048     -0.048       -0.173
O3       WITH N6                  12.175     0.037      0.037        0.143
O3       WITH O2                   9.476    -0.022     -0.022       -0.131
O4       WITH A2                   4.969    -0.020     -0.020       -0.097
O4       WITH A4                   6.385    -0.041     -0.041       -0.102
O4       WITH A8                  63.261     0.122      0.122        0.350
O4       WITH C2                   9.502    -0.043     -0.043       -0.135
O4       WITH C8                  15.590    -0.032     -0.032       -0.174
O4       WITH E8                   5.069     0.039      0.039        0.096
O4       WITH E9                   6.176     0.029      0.029        0.113
O4       WITH N3                   9.259    -0.032     -0.032       -0.155
O4       WITH N5                   6.111     0.030      0.030        0.108
O4       WITH O2                   4.369    -0.022     -0.022       -0.090
O5       WITH A3                   8.873     0.020      0.020        0.123
O5       WITH C4                   7.260    -0.017     -0.017       -0.133
O5       WITH C8                   4.048     0.008      0.008        0.087
O5       WITH E3                  18.837     0.016      0.016        0.184
O5       WITH N2                   6.248     0.009      0.009        0.100
O5       WITH N6                   5.016    -0.016     -0.016       -0.092
O5       WITH N7                   4.348     0.014      0.014        0.086
O5       WITH O2                  14.460    -0.020     -0.020       -0.168
O5       WITH O3                   4.688     0.013      0.013        0.090
O6       WITH A1                  30.613     0.043      0.043        0.235
O6       WITH A5                  32.041    -0.076     -0.076       -0.224
O6       WITH A8                  31.437     0.069      0.069        0.234
O6       WITH C4                   4.923     0.026      0.026        0.112
O6       WITH C7                   5.033    -0.026     -0.026       -0.094
O6       WITH C8                  13.439    -0.025     -0.025       -0.157
O6       WITH E1                   9.338    -0.032     -0.032       -0.132
O6       WITH E4                  15.216    -0.038     -0.038       -0.151
O6       WITH E9                   5.582    -0.023     -0.023       -0.104
O6       WITH N1                   4.944    -0.026     -0.026       -0.094
O6       WITH N5                   8.133    -0.028     -0.028       -0.121
O6       WITH O1                   8.587     0.024      0.024        0.125
O6       WITH O3                  13.919    -0.041     -0.041       -0.153
O8       WITH A1                   4.581     0.019      0.019        0.090
O8       WITH A2                   5.810    -0.020     -0.020       -0.099
O8       WITH A4                   6.867     0.040      0.040        0.102
O8       WITH A8                   5.810    -0.034     -0.034       -0.099
O8       WITH C6                   6.476     0.028      0.028        0.102
O8       WITH C8                   5.088     0.017      0.017        0.096
O8       WITH E2                   4.060    -0.021     -0.021       -0.083
O8       WITH E3                  12.847    -0.027     -0.027       -0.148
O8       WITH E4                   4.881     0.025      0.025        0.085
O8       WITH E6                  33.521     0.142      0.142        0.233
O8       WITH N6                   5.453     0.035      0.035        0.094
O8       WITH O2                  13.979     0.038      0.038        0.160
O8       WITH O3                   4.108    -0.025     -0.025       -0.082
O9       WITH A3                   8.166     0.014      0.014        0.112
O9       WITH A5                  74.421     0.048      0.048        0.330
O9       WITH A8                  13.071    -0.018     -0.018       -0.145
O9       WITH C2                  19.303     0.021      0.021        0.180
O9       WITH C3                  10.645     0.014      0.014        0.135
O9       WITH C7                  15.126     0.018      0.018        0.157
O9       WITH C8                  29.721     0.015      0.015        0.224
O9       WITH E1                  32.234     0.024      0.024        0.233
O9       WITH E3                   7.033     0.007      0.007        0.105
O9       WITH E4                  16.015     0.016      0.016        0.150
O9       WITH N1                  29.194     0.026      0.026        0.219
O9       WITH O1                  22.075    -0.016     -0.016       -0.193
O9       WITH O3                  16.973     0.018      0.018        0.162
O9       WITH O4                   6.478    -0.017     -0.017       -0.103
O9       WITH O6                  49.301    -0.039     -0.039       -0.275


     Beginning Time:  16:45:30
        Ending Time:  16:45:32
       Elapsed Time:  00:00:02



MUTHEN & MUTHEN
3463 Stoner Ave.
Los Angeles, CA  90066

Tel: (310) 391-9971
Fax: (310) 391-8971
Web: www.StatModel.com
Support: Support@StatModel.com

Copyright (c) 1998-2019 Muthen & Muthen
