Mplus VERSION 7.1
MUTHEN & MUTHEN
06/10/2015   4:53 PM

INPUT INSTRUCTIONS

  TITLE:

  DATA:
  FILE IS  "factorscores_CFA.txt";
  Variable:
  Names are
  VPN
  A1
  A2
  A3
  A4
  A5
  A6
  A7
  A8
  C1
  C2
  C3
  C4
  C5
  C6
  C7
  C8
  C9
  E1
  E2
  E3
  E4
  E5
  E6
  E7
  E8
  E9
  N1
  N2
  N3
  N4
  N5
  N6
  N7
  O1
  O2
  O3
  O4
  O5
  O6
  O7
  O8
  O9
  ;

  USEVARIABLES ARE
  A1
  A2
  A3
  A6
  A7
  A8
  C1
  C2
  C3
  C4
  C5
  C6
  C7
  C8
  C9
  E1
  E3
  E4
  E5
  E6
  E7
  E8
  E9
  N1
  N2
  N3
  N4
  N5
  N6
  N7
  O1
  O2
  O3
  O4
  O5
  O6
  O7
  O9
  ;

  MISSING ARE ALL (-99);

  Model:

  agree consc extra neuro open by
  A1
  A2
  A3
  A6
  A7
  A8
  C1
  C2
  C3
  C4
  C5
  C6
  C7
  C8
  C9
  E1
  E3
  E4
  E5
  E6
  E7
  E8
  E9
  N1
  N2
  N3
  N4
  N5
  N6
  N7
  O1
  O2
  O3
  O4
  O5
  O6
  O7
  O9
  (*1);

  N5 with C2;
  E5 with C1;
  C6 with C4;
  C5 with C8;

  !SE by
  !agree
  !consc
  !extra
  !neuro
  !open;

  Analysis:
  ESTIMATOR IS ML;
  iterations = 10000;

  OUTPUT: STDYX MODINDICES(4);



INPUT READING TERMINATED NORMALLY




SUMMARY OF ANALYSIS

Number of groups                                                 1
Number of observations                                         361

Number of dependent variables                                   38
Number of independent variables                                  0
Number of continuous latent variables                            5

Observed dependent variables

  Continuous
   A1          A2          A3          A6          A7          A8
   C1          C2          C3          C4          C5          C6
   C7          C8          C9          E1          E3          E4
   E5          E6          E7          E8          E9          N1
   N2          N3          N4          N5          N6          N7
   O1          O2          O3          O4          O5          O6
   O7          O9

Continuous latent variables

  EFA factors
  *1:   AGREE       CONSC       EXTRA       NEURO       OPEN


Estimator                                                       ML
Rotation                                                    GEOMIN
Row standardization                                    CORRELATION
Type of rotation                                           OBLIQUE
Epsilon value                                               Varies
Information matrix                                        OBSERVED
Maximum number of iterations                                 10000
Convergence criterion                                    0.500D-04
Maximum number of steepest descent iterations                   20
Maximum number of iterations for H1                           2000
Convergence criterion for H1                             0.100D-03
Optimization Specifications for the Exploratory Factor Analysis
Rotation Algorithm
  Number of random starts                                       30
  Maximum number of iterations                               10000
  Derivative convergence criterion                       0.100D-04

Input data file(s)
  factorscores_CFA.txt

Input data format  FREE


SUMMARY OF DATA

     Number of missing data patterns             1


COVARIANCE COVERAGE OF DATA

Minimum covariance coverage value   0.100


     PROPORTION OF DATA PRESENT


           Covariance Coverage
              A1            A2            A3            A6            A7
              ________      ________      ________      ________      ________
 A1             1.000
 A2             1.000         1.000
 A3             1.000         1.000         1.000
 A6             1.000         1.000         1.000         1.000
 A7             1.000         1.000         1.000         1.000         1.000
 A8             1.000         1.000         1.000         1.000         1.000
 C1             1.000         1.000         1.000         1.000         1.000
 C2             1.000         1.000         1.000         1.000         1.000
 C3             1.000         1.000         1.000         1.000         1.000
 C4             1.000         1.000         1.000         1.000         1.000
 C5             1.000         1.000         1.000         1.000         1.000
 C6             1.000         1.000         1.000         1.000         1.000
 C7             1.000         1.000         1.000         1.000         1.000
 C8             1.000         1.000         1.000         1.000         1.000
 C9             1.000         1.000         1.000         1.000         1.000
 E1             1.000         1.000         1.000         1.000         1.000
 E3             1.000         1.000         1.000         1.000         1.000
 E4             1.000         1.000         1.000         1.000         1.000
 E5             1.000         1.000         1.000         1.000         1.000
 E6             1.000         1.000         1.000         1.000         1.000
 E7             1.000         1.000         1.000         1.000         1.000
 E8             1.000         1.000         1.000         1.000         1.000
 E9             1.000         1.000         1.000         1.000         1.000
 N1             1.000         1.000         1.000         1.000         1.000
 N2             1.000         1.000         1.000         1.000         1.000
 N3             1.000         1.000         1.000         1.000         1.000
 N4             1.000         1.000         1.000         1.000         1.000
 N5             1.000         1.000         1.000         1.000         1.000
 N6             1.000         1.000         1.000         1.000         1.000
 N7             1.000         1.000         1.000         1.000         1.000
 O1             1.000         1.000         1.000         1.000         1.000
 O2             1.000         1.000         1.000         1.000         1.000
 O3             1.000         1.000         1.000         1.000         1.000
 O4             1.000         1.000         1.000         1.000         1.000
 O5             1.000         1.000         1.000         1.000         1.000
 O6             1.000         1.000         1.000         1.000         1.000
 O7             1.000         1.000         1.000         1.000         1.000
 O9             1.000         1.000         1.000         1.000         1.000


           Covariance Coverage
              A8            C1            C2            C3            C4
              ________      ________      ________      ________      ________
 A8             1.000
 C1             1.000         1.000
 C2             1.000         1.000         1.000
 C3             1.000         1.000         1.000         1.000
 C4             1.000         1.000         1.000         1.000         1.000
 C5             1.000         1.000         1.000         1.000         1.000
 C6             1.000         1.000         1.000         1.000         1.000
 C7             1.000         1.000         1.000         1.000         1.000
 C8             1.000         1.000         1.000         1.000         1.000
 C9             1.000         1.000         1.000         1.000         1.000
 E1             1.000         1.000         1.000         1.000         1.000
 E3             1.000         1.000         1.000         1.000         1.000
 E4             1.000         1.000         1.000         1.000         1.000
 E5             1.000         1.000         1.000         1.000         1.000
 E6             1.000         1.000         1.000         1.000         1.000
 E7             1.000         1.000         1.000         1.000         1.000
 E8             1.000         1.000         1.000         1.000         1.000
 E9             1.000         1.000         1.000         1.000         1.000
 N1             1.000         1.000         1.000         1.000         1.000
 N2             1.000         1.000         1.000         1.000         1.000
 N3             1.000         1.000         1.000         1.000         1.000
 N4             1.000         1.000         1.000         1.000         1.000
 N5             1.000         1.000         1.000         1.000         1.000
 N6             1.000         1.000         1.000         1.000         1.000
 N7             1.000         1.000         1.000         1.000         1.000
 O1             1.000         1.000         1.000         1.000         1.000
 O2             1.000         1.000         1.000         1.000         1.000
 O3             1.000         1.000         1.000         1.000         1.000
 O4             1.000         1.000         1.000         1.000         1.000
 O5             1.000         1.000         1.000         1.000         1.000
 O6             1.000         1.000         1.000         1.000         1.000
 O7             1.000         1.000         1.000         1.000         1.000
 O9             1.000         1.000         1.000         1.000         1.000


           Covariance Coverage
              C5            C6            C7            C8            C9
              ________      ________      ________      ________      ________
 C5             1.000
 C6             1.000         1.000
 C7             1.000         1.000         1.000
 C8             1.000         1.000         1.000         1.000
 C9             1.000         1.000         1.000         1.000         1.000
 E1             1.000         1.000         1.000         1.000         1.000
 E3             1.000         1.000         1.000         1.000         1.000
 E4             1.000         1.000         1.000         1.000         1.000
 E5             1.000         1.000         1.000         1.000         1.000
 E6             1.000         1.000         1.000         1.000         1.000
 E7             1.000         1.000         1.000         1.000         1.000
 E8             1.000         1.000         1.000         1.000         1.000
 E9             1.000         1.000         1.000         1.000         1.000
 N1             1.000         1.000         1.000         1.000         1.000
 N2             1.000         1.000         1.000         1.000         1.000
 N3             1.000         1.000         1.000         1.000         1.000
 N4             1.000         1.000         1.000         1.000         1.000
 N5             1.000         1.000         1.000         1.000         1.000
 N6             1.000         1.000         1.000         1.000         1.000
 N7             1.000         1.000         1.000         1.000         1.000
 O1             1.000         1.000         1.000         1.000         1.000
 O2             1.000         1.000         1.000         1.000         1.000
 O3             1.000         1.000         1.000         1.000         1.000
 O4             1.000         1.000         1.000         1.000         1.000
 O5             1.000         1.000         1.000         1.000         1.000
 O6             1.000         1.000         1.000         1.000         1.000
 O7             1.000         1.000         1.000         1.000         1.000
 O9             1.000         1.000         1.000         1.000         1.000


           Covariance Coverage
              E1            E3            E4            E5            E6
              ________      ________      ________      ________      ________
 E1             1.000
 E3             1.000         1.000
 E4             1.000         1.000         1.000
 E5             1.000         1.000         1.000         1.000
 E6             1.000         1.000         1.000         1.000         1.000
 E7             1.000         1.000         1.000         1.000         1.000
 E8             1.000         1.000         1.000         1.000         1.000
 E9             1.000         1.000         1.000         1.000         1.000
 N1             1.000         1.000         1.000         1.000         1.000
 N2             1.000         1.000         1.000         1.000         1.000
 N3             1.000         1.000         1.000         1.000         1.000
 N4             1.000         1.000         1.000         1.000         1.000
 N5             1.000         1.000         1.000         1.000         1.000
 N6             1.000         1.000         1.000         1.000         1.000
 N7             1.000         1.000         1.000         1.000         1.000
 O1             1.000         1.000         1.000         1.000         1.000
 O2             1.000         1.000         1.000         1.000         1.000
 O3             1.000         1.000         1.000         1.000         1.000
 O4             1.000         1.000         1.000         1.000         1.000
 O5             1.000         1.000         1.000         1.000         1.000
 O6             1.000         1.000         1.000         1.000         1.000
 O7             1.000         1.000         1.000         1.000         1.000
 O9             1.000         1.000         1.000         1.000         1.000


           Covariance Coverage
              E7            E8            E9            N1            N2
              ________      ________      ________      ________      ________
 E7             1.000
 E8             1.000         1.000
 E9             1.000         1.000         1.000
 N1             1.000         1.000         1.000         1.000
 N2             1.000         1.000         1.000         1.000         1.000
 N3             1.000         1.000         1.000         1.000         1.000
 N4             1.000         1.000         1.000         1.000         1.000
 N5             1.000         1.000         1.000         1.000         1.000
 N6             1.000         1.000         1.000         1.000         1.000
 N7             1.000         1.000         1.000         1.000         1.000
 O1             1.000         1.000         1.000         1.000         1.000
 O2             1.000         1.000         1.000         1.000         1.000
 O3             1.000         1.000         1.000         1.000         1.000
 O4             1.000         1.000         1.000         1.000         1.000
 O5             1.000         1.000         1.000         1.000         1.000
 O6             1.000         1.000         1.000         1.000         1.000
 O7             1.000         1.000         1.000         1.000         1.000
 O9             1.000         1.000         1.000         1.000         1.000


           Covariance Coverage
              N3            N4            N5            N6            N7
              ________      ________      ________      ________      ________
 N3             1.000
 N4             1.000         1.000
 N5             1.000         1.000         1.000
 N6             1.000         1.000         1.000         1.000
 N7             1.000         1.000         1.000         1.000         1.000
 O1             1.000         1.000         1.000         1.000         1.000
 O2             1.000         1.000         1.000         1.000         1.000
 O3             1.000         1.000         1.000         1.000         1.000
 O4             1.000         1.000         1.000         1.000         1.000
 O5             1.000         1.000         1.000         1.000         1.000
 O6             1.000         1.000         1.000         1.000         1.000
 O7             1.000         1.000         1.000         1.000         1.000
 O9             1.000         1.000         1.000         1.000         1.000


           Covariance Coverage
              O1            O2            O3            O4            O5
              ________      ________      ________      ________      ________
 O1             1.000
 O2             1.000         1.000
 O3             1.000         1.000         1.000
 O4             1.000         1.000         1.000         1.000
 O5             1.000         1.000         1.000         1.000         1.000
 O6             1.000         1.000         1.000         1.000         1.000
 O7             1.000         1.000         1.000         1.000         1.000
 O9             1.000         1.000         1.000         1.000         1.000


           Covariance Coverage
              O6            O7            O9
              ________      ________      ________
 O6             1.000
 O7             1.000         1.000
 O9             1.000         1.000         1.000



THE MODEL ESTIMATION TERMINATED NORMALLY



MODEL FIT INFORMATION

Number of Free Parameters                      260

Loglikelihood

          H0 Value                       -9402.926
          H1 Value                       -8720.674

Information Criteria

          Akaike (AIC)                   19325.852
          Bayesian (BIC)                 20336.961
          Sample-Size Adjusted BIC       19512.103
            (n* = (n + 2) / 24)

Chi-Square Test of Model Fit

          Value                           1364.503
          Degrees of Freedom                   519
          P-Value                           0.0000

RMSEA (Root Mean Square Error Of Approximation)

          Estimate                           0.067
          90 Percent C.I.                    0.063  0.072
          Probability RMSEA <= .05           0.000

CFI/TLI

          CFI                                0.888
          TLI                                0.848

Chi-Square Test of Model Fit for the Baseline Model

          Value                           8232.327
          Degrees of Freedom                   703
          P-Value                           0.0000

SRMR (Standardized Root Mean Square Residual)

          Value                              0.035



MODEL RESULTS

                                                    Two-Tailed
                    Estimate       S.E.  Est./S.E.    P-Value

 AGREE    BY
    A1                -0.231      0.047     -4.915      0.000
    A2                 0.352      0.026     13.693      0.000
    A3                 0.478      0.036     13.177      0.000
    A6                -0.162      0.046     -3.519      0.000
    A7                 0.371      0.030     12.192      0.000
    A8                -0.164      0.035     -4.648      0.000
    C1                 0.517      0.046     11.128      0.000
    C2                 0.034      0.035      0.962      0.336
    C3                 0.122      0.030      4.106      0.000
    C4                 0.141      0.074      1.917      0.055
    C5                 0.052      0.038      1.377      0.168
    C6                -0.027      0.018     -1.514      0.130
    C7                 0.014      0.042      0.340      0.734
    C8                 0.035      0.032      1.074      0.283
    C9                 0.051      0.021      2.387      0.017
    E1                -0.040      0.031     -1.294      0.196
    E3                 0.039      0.038      1.046      0.296
    E4                -0.049      0.044     -1.120      0.263
    E5                 0.284      0.051      5.537      0.000
    E6                 0.081      0.045      1.794      0.073
    E7                 0.064      0.080      0.804      0.421
    E8                 0.030      0.035      0.858      0.391
    E9                 0.081      0.049      1.658      0.097
    N1                 0.328      0.047      6.963      0.000
    N2                 0.037      0.025      1.468      0.142
    N3                 0.006      0.036      0.169      0.866
    N4                 0.145      0.095      1.523      0.128
    N5                 0.018      0.015      1.138      0.255
    N6                -0.107      0.085     -1.264      0.206
    N7                 0.082      0.045      1.830      0.067
    O1                 0.117      0.095      1.230      0.219
    O2                -0.128      0.057     -2.221      0.026
    O3                -0.049      0.078     -0.625      0.532
    O4                -0.166      0.079     -2.112      0.035
    O5                -0.205      0.086     -2.381      0.017
    O6                -0.006      0.062     -0.098      0.922
    O7                -0.190      0.087     -2.189      0.029
    O9                 0.056      0.072      0.778      0.437

 CONSC    BY
    A1                 0.067      0.042      1.598      0.110
    A2                -0.119      0.049     -2.446      0.014
    A3                 0.034      0.047      0.718      0.473
    A6                 0.003      0.035      0.095      0.924
    A7                -0.099      0.047     -2.101      0.036
    A8                -0.007      0.022     -0.342      0.733
    C1                 0.228      0.053      4.286      0.000
    C2                -0.295      0.066     -4.460      0.000
    C3                -0.144      0.040     -3.642      0.000
    C4                 0.567      0.039     14.380      0.000
    C5                 0.476      0.045     10.486      0.000
    C6                 0.166      0.023      7.356      0.000
    C7                -0.328      0.050     -6.582      0.000
    C8                 0.187      0.041      4.509      0.000
    C9                 0.170      0.026      6.471      0.000
    E1                -0.001      0.024     -0.035      0.972
    E3                 0.041      0.037      1.105      0.269
    E4                 0.146      0.046      3.199      0.001
    E5                 0.012      0.025      0.474      0.636
    E6                -0.064      0.046     -1.398      0.162
    E7                -0.132      0.042     -3.145      0.002
    E8                 0.008      0.025      0.304      0.761
    E9                 0.064      0.044      1.455      0.146
    N1                -0.010      0.041     -0.241      0.810
    N2                -0.105      0.053     -1.998      0.046
    N3                 0.045      0.054      0.836      0.403
    N4                 0.009      0.026      0.330      0.742
    N5                -0.212      0.044     -4.763      0.000
    N6                 0.151      0.056      2.676      0.007
    N7                 0.032      0.039      0.822      0.411
    O1                -0.118      0.033     -3.550      0.000
    O2                 0.090      0.049      1.829      0.067
    O3                -0.011      0.025     -0.426      0.670
    O4                -0.033      0.046     -0.720      0.471
    O5                -0.080      0.050     -1.587      0.112
    O6                 0.086      0.043      1.993      0.046
    O7                 0.112      0.054      2.064      0.039
    O9                 0.140      0.045      3.111      0.002

 EXTRA    BY
    A1                 0.143      0.040      3.586      0.000
    A2                -0.088      0.034     -2.591      0.010
    A3                 0.041      0.030      1.352      0.176
    A6                 0.282      0.048      5.871      0.000
    A7                -0.015      0.022     -0.696      0.486
    A8                 0.104      0.030      3.455      0.001
    C1                 0.057      0.041      1.380      0.168
    C2                -0.152      0.055     -2.755      0.006
    C3                 0.039      0.024      1.602      0.109
    C4                -0.072      0.048     -1.480      0.139
    C5                 0.076      0.048      1.578      0.115
    C6                -0.066      0.022     -3.001      0.003
    C7                 0.027      0.030      0.910      0.363
    C8                 0.059      0.039      1.491      0.136
    C9                 0.029      0.024      1.207      0.228
    E1                -0.396      0.028    -14.217      0.000
    E3                -0.481      0.041    -11.864      0.000
    E4                 0.369      0.041      8.976      0.000
    E5                 0.099      0.026      3.778      0.000
    E6                 0.509      0.038     13.406      0.000
    E7                 0.195      0.038      5.110      0.000
    E8                 0.455      0.035     13.130      0.000
    E9                 0.341      0.041      8.280      0.000
    N1                -0.041      0.036     -1.130      0.258
    N2                -0.307      0.038     -8.127      0.000
    N3                -0.174      0.041     -4.218      0.000
    N4                 0.048      0.035      1.399      0.162
    N5                -0.116      0.034     -3.437      0.001
    N6                 0.022      0.026      0.857      0.392
    N7                -0.002      0.025     -0.092      0.926
    O1                -0.007      0.013     -0.529      0.597
    O2                 0.187      0.045      4.133      0.000
    O3                 0.032      0.027      1.195      0.232
    O4                -0.152      0.053     -2.862      0.004
    O5                 0.017      0.036      0.474      0.635
    O6                -0.109      0.038     -2.878      0.004
    O7                 0.023      0.035      0.646      0.518
    O9                -0.086      0.041     -2.113      0.035

 NEURO    BY
    A1                 0.266      0.075      3.548      0.000
    A2                -0.058      0.093     -0.621      0.534
    A3                 0.076      0.115      0.668      0.504
    A6                 0.095      0.076      1.248      0.212
    A7                -0.003      0.075     -0.039      0.969
    A8                 0.151      0.053      2.861      0.004
    C1                 0.140      0.125      1.125      0.261
    C2                -0.158      0.048     -3.310      0.001
    C3                 0.067      0.035      1.946      0.052
    C4                 0.014      0.025      0.561      0.575
    C5                 0.128      0.048      2.659      0.008
    C6                 0.113      0.025      4.580      0.000
    C7                 0.121      0.043      2.808      0.005
    C8                 0.123      0.044      2.766      0.006
    C9                 0.062      0.029      2.114      0.034
    E1                -0.004      0.025     -0.171      0.864
    E3                 0.313      0.048      6.506      0.000
    E4                 0.171      0.046      3.726      0.000
    E5                 0.211      0.075      2.804      0.005
    E6                -0.002      0.020     -0.082      0.935
    E7                 0.278      0.051      5.439      0.000
    E8                 0.055      0.038      1.453      0.146
    E9                 0.075      0.052      1.441      0.150
    N1                -0.099      0.073     -1.353      0.176
    N2                 0.049      0.032      1.536      0.125
    N3                 0.058      0.054      1.074      0.283
    N4                 0.390      0.076      5.137      0.000
    N5                -0.004      0.016     -0.226      0.821
    N6                -0.105      0.096     -1.085      0.278
    N7                -0.052      0.037     -1.407      0.159
    O1                 0.421      0.055      7.596      0.000
    O2                 0.298      0.062      4.773      0.000
    O3                 0.423      0.031     13.709      0.000
    O4                 0.446      0.067      6.679      0.000
    O5                 0.443      0.064      6.868      0.000
    O6                 0.508      0.041     12.422      0.000
    O7                 0.554      0.064      8.673      0.000
    O9                 0.450      0.052      8.619      0.000

 OPEN     BY
    A1                 0.072      0.041      1.749      0.080
    A2                 0.044      0.043      1.029      0.304
    A3                 0.061      0.038      1.583      0.114
    A6                 0.166      0.048      3.479      0.001
    A7                 0.070      0.042      1.655      0.098
    A8                 0.065      0.030      2.154      0.031
    C1                 0.052      0.034      1.535      0.125
    C2                 0.306      0.066      4.656      0.000
    C3                 0.216      0.031      6.943      0.000
    C4                 0.055      0.050      1.108      0.268
    C5                -0.054      0.057     -0.954      0.340
    C6                 0.010      0.014      0.696      0.487
    C7                 0.209      0.051      4.080      0.000
    C8                 0.100      0.038      2.669      0.008
    C9                -0.080      0.029     -2.765      0.006
    E1                 0.003      0.028      0.117      0.907
    E3                 0.011      0.024      0.448      0.654
    E4                -0.082      0.055     -1.490      0.136
    E5                -0.002      0.014     -0.129      0.898
    E6                 0.270      0.042      6.441      0.000
    E7                -0.026      0.029     -0.887      0.375
    E8                 0.095      0.040      2.393      0.017
    E9                -0.165      0.047     -3.494      0.000
    N1                 0.266      0.047      5.632      0.000
    N2                 0.309      0.048      6.373      0.000
    N3                 0.489      0.036     13.558      0.000
    N4                -0.285      0.038     -7.425      0.000
    N5                 0.257      0.043      5.954      0.000
    N6                 0.532      0.038     14.144      0.000
    N7                 0.339      0.031     10.990      0.000
    O1                -0.089      0.029     -3.017      0.003
    O2                 0.052      0.043      1.211      0.226
    O3                -0.052      0.029     -1.781      0.075
    O4                 0.084      0.048      1.750      0.080
    O5                 0.039      0.038      1.005      0.315
    O6                 0.050      0.030      1.676      0.094
    O7                -0.021      0.039     -0.557      0.578
    O9                -0.133      0.039     -3.388      0.001

 CONSC    WITH
    AGREE             -0.191      0.132     -1.448      0.148

 EXTRA    WITH
    AGREE             -0.026      0.074     -0.351      0.725
    CONSC              0.182      0.053      3.423      0.001

 NEURO    WITH
    AGREE              0.068      0.068      0.996      0.319
    CONSC              0.392      0.054      7.266      0.000
    EXTRA              0.448      0.045      9.839      0.000

 OPEN     WITH
    AGREE              0.190      0.052      3.656      0.000
    CONSC             -0.134      0.061     -2.178      0.029
    EXTRA             -0.115      0.063     -1.834      0.067
    NEURO              0.021      0.131      0.159      0.873

 N5       WITH
    C2                 0.070      0.012      6.033      0.000

 E5       WITH
    C1                 0.074      0.013      5.691      0.000

 C6       WITH
    C4                 0.032      0.008      3.901      0.000

 C5       WITH
    C8                 0.022      0.012      1.772      0.076

 Intercepts
    A1                -0.005      0.031     -0.174      0.862
    A2                 0.013      0.028      0.454      0.650
    A3                 0.001      0.033      0.018      0.986
    A6                -0.004      0.037     -0.113      0.910
    A7                 0.003      0.030      0.091      0.928
    A8                -0.002      0.024     -0.084      0.933
    C1                -0.007      0.043     -0.157      0.875
    C2                 0.031      0.043      0.727      0.467
    C3                 0.000      0.022     -0.001      1.000
    C4                 0.000      0.038     -0.013      0.990
    C5                -0.005      0.035     -0.135      0.893
    C6                -0.002      0.017     -0.101      0.920
    C7                 0.004      0.034      0.126      0.900
    C8                 0.002      0.031      0.078      0.938
    C9                 0.000      0.020     -0.016      0.988
    E1                 0.003      0.028      0.094      0.925
    E3                -0.001      0.036     -0.026      0.979
    E4                -0.014      0.036     -0.387      0.698
    E5                 0.000      0.027     -0.005      0.996
    E6                -0.003      0.039     -0.079      0.937
    E7                -0.013      0.035     -0.365      0.715
    E8                -0.003      0.032     -0.104      0.917
    E9                -0.003      0.036     -0.090      0.929
    N1                 0.002      0.037      0.064      0.949
    N2                 0.011      0.033      0.331      0.740
    N3                 0.000      0.034     -0.008      0.994
    N4                 0.001      0.037      0.025      0.980
    N5                 0.003      0.026      0.115      0.909
    N6                 0.007      0.037      0.189      0.850
    N7                 0.001      0.029      0.042      0.967
    O1                 0.002      0.027      0.073      0.942
    O2                -0.029      0.037     -0.798      0.425
    O3                -0.002      0.029     -0.053      0.958
    O4                -0.004      0.044     -0.084      0.933
    O5                -0.003      0.040     -0.081      0.935
    O6                -0.001      0.034     -0.038      0.970
    O7                -0.019      0.041     -0.474      0.636
    O9                -0.008      0.038     -0.207      0.836

 Variances
    AGREE              1.000      0.000    999.000    999.000
    CONSC              1.000      0.000    999.000    999.000
    EXTRA              1.000      0.000    999.000    999.000
    NEURO              1.000      0.000    999.000    999.000
    OPEN               1.000      0.000    999.000    999.000

 Residual Variances
    A1                 0.150      0.013     11.826      0.000
    A2                 0.096      0.009     10.533      0.000
    A3                 0.149      0.015     10.086      0.000
    A6                 0.359      0.029     12.602      0.000
    A7                 0.147      0.013     11.507      0.000
    A8                 0.131      0.010     12.561      0.000
    C1                 0.315      0.029     10.983      0.000
    C2                 0.316      0.026     12.185      0.000
    C3                 0.077      0.007     11.313      0.000
    C4                 0.210      0.023      9.025      0.000
    C5                 0.125      0.014      8.937      0.000
    C6                 0.053      0.005     11.366      0.000
    C7                 0.258      0.021     12.116      0.000
    C8                 0.264      0.021     12.782      0.000
    C9                 0.096      0.008     12.568      0.000
    E1                 0.120      0.011     11.023      0.000
    E3                 0.270      0.024     11.280      0.000
    E4                 0.162      0.014     11.594      0.000
    E5                 0.103      0.009     11.056      0.000
    E6                 0.230      0.022     10.382      0.000
    E7                 0.286      0.023     12.644      0.000
    E8                 0.143      0.014     10.510      0.000
    E9                 0.268      0.021     12.469      0.000
    N1                 0.264      0.022     12.160      0.000
    N2                 0.145      0.013     11.199      0.000
    N3                 0.144      0.015      9.708      0.000
    N4                 0.230      0.020     11.757      0.000
    N5                 0.093      0.008     11.171      0.000
    N6                 0.223      0.023      9.829      0.000
    N7                 0.164      0.014     11.923      0.000
    O1                 0.092      0.009      9.866      0.000
    O2                 0.268      0.021     12.635      0.000
    O3                 0.104      0.009     11.231      0.000
    O4                 0.526      0.041     12.676      0.000
    O5                 0.366      0.029     12.455      0.000
    O6                 0.158      0.014     11.175      0.000
    O7                 0.197      0.018     11.221      0.000
    O9                 0.259      0.021     12.209      0.000


STANDARDIZED MODEL RESULTS


STDYX Standardization

                                                    Two-Tailed
                    Estimate       S.E.  Est./S.E.    P-Value

 AGREE    BY
    A1                -0.392      0.078     -5.022      0.000
    A2                 0.660      0.038     17.290      0.000
    A3                 0.753      0.044     17.001      0.000
    A6                -0.228      0.064     -3.581      0.000
    A7                 0.649      0.042     15.356      0.000
    A8                -0.366      0.076     -4.793      0.000
    C1                 0.632      0.048     13.282      0.000
    C2                 0.042      0.043      0.963      0.335
    C3                 0.285      0.068      4.172      0.000
    C4                 0.196      0.102      1.929      0.054
    C5                 0.078      0.057      1.382      0.167
    C6                -0.083      0.055     -1.514      0.130
    C7                 0.022      0.066      0.340      0.734
    C8                 0.059      0.055      1.075      0.282
    C9                 0.133      0.055      2.403      0.016
    E1                -0.076      0.059     -1.297      0.195
    E3                 0.057      0.055      1.046      0.296
    E4                -0.072      0.064     -1.121      0.262
    E5                 0.552      0.097      5.716      0.000
    E6                 0.111      0.061      1.802      0.072
    E7                 0.097      0.120      0.805      0.421
    E8                 0.048      0.056      0.859      0.390
    E9                 0.119      0.071      1.662      0.097
    N1                 0.468      0.063      7.404      0.000
    N2                 0.060      0.041      1.471      0.141
    N3                 0.009      0.055      0.169      0.866
    N4                 0.206      0.135      1.524      0.127
    N5                 0.035      0.031      1.139      0.255
    N6                -0.152      0.120     -1.266      0.205
    N7                 0.152      0.083      1.835      0.067
    O1                 0.226      0.184      1.231      0.218
    O2                -0.182      0.082     -2.231      0.026
    O3                -0.090      0.144     -0.626      0.532
    O4                -0.199      0.094     -2.124      0.034
    O5                -0.272      0.113     -2.398      0.017
    O6                -0.009      0.096     -0.098      0.922
    O7                -0.243      0.111     -2.196      0.028
    O9                 0.078      0.100      0.778      0.437

 CONSC    BY
    A1                 0.114      0.071      1.600      0.110
    A2                -0.224      0.091     -2.455      0.014
    A3                 0.054      0.075      0.719      0.472
    A6                 0.005      0.050      0.095      0.924
    A7                -0.174      0.083     -2.107      0.035
    A8                -0.017      0.049     -0.342      0.733
    C1                 0.279      0.064      4.336      0.000
    C2                -0.363      0.080     -4.566      0.000
    C3                -0.337      0.092     -3.670      0.000
    C4                 0.790      0.038     20.534      0.000
    C5                 0.711      0.059     11.967      0.000
    C6                 0.515      0.064      8.001      0.000
    C7                -0.509      0.072     -7.037      0.000
    C8                 0.316      0.068      4.664      0.000
    C9                 0.439      0.063      6.934      0.000
    E1                -0.002      0.045     -0.035      0.972
    E3                 0.059      0.053      1.106      0.269
    E4                 0.214      0.066      3.220      0.001
    E5                 0.023      0.049      0.474      0.636
    E6                -0.087      0.062     -1.400      0.161
    E7                -0.200      0.063     -3.183      0.001
    E8                 0.012      0.041      0.304      0.761
    E9                 0.094      0.064      1.457      0.145
    N1                -0.014      0.058     -0.241      0.810
    N2                -0.171      0.085     -1.998      0.046
    N3                 0.069      0.082      0.838      0.402
    N4                 0.012      0.037      0.330      0.742
    N5                -0.421      0.087     -4.848      0.000
    N6                 0.213      0.079      2.699      0.007
    N7                 0.060      0.073      0.824      0.410
    O1                -0.227      0.064     -3.571      0.000
    O2                 0.129      0.070      1.835      0.067
    O3                -0.020      0.047     -0.426      0.670
    O4                -0.040      0.055     -0.721      0.471
    O5                -0.105      0.066     -1.591      0.112
    O6                 0.133      0.067      1.996      0.046
    O7                 0.143      0.069      2.070      0.038
    O9                 0.195      0.062      3.143      0.002

 EXTRA    BY
    A1                 0.242      0.067      3.633      0.000
    A2                -0.165      0.064     -2.601      0.009
    A3                 0.065      0.048      1.354      0.176
    A6                 0.396      0.064      6.226      0.000
    A7                -0.027      0.038     -0.696      0.486
    A8                 0.232      0.066      3.512      0.000
    C1                 0.070      0.051      1.382      0.167
    C2                -0.187      0.067     -2.778      0.005
    C3                 0.091      0.056      1.607      0.108
    C4                -0.100      0.067     -1.483      0.138
    C5                 0.114      0.072      1.581      0.114
    C6                -0.204      0.067     -3.025      0.002
    C7                 0.042      0.046      0.911      0.362
    C8                 0.099      0.066      1.496      0.135
    C9                 0.075      0.062      1.209      0.227
    E1                -0.748      0.037    -20.465      0.000
    E3                -0.699      0.047    -14.918      0.000
    E4                 0.540      0.054      9.921      0.000
    E5                 0.192      0.050      3.812      0.000
    E6                 0.691      0.040     17.154      0.000
    E7                 0.295      0.056      5.304      0.000
    E8                 0.741      0.044     17.017      0.000
    E9                 0.498      0.054      9.254      0.000
    N1                -0.058      0.052     -1.131      0.258
    N2                -0.497      0.057     -8.647      0.000
    N3                -0.267      0.063     -4.248      0.000
    N4                 0.069      0.049      1.401      0.161
    N5                -0.231      0.067     -3.462      0.001
    N6                 0.032      0.037      0.857      0.391
    N7                -0.004      0.046     -0.092      0.926
    O1                -0.013      0.025     -0.530      0.596
    O2                 0.267      0.063      4.226      0.000
    O3                 0.059      0.049      1.196      0.232
    O4                -0.182      0.063     -2.894      0.004
    O5                 0.022      0.047      0.474      0.635
    O6                -0.168      0.058     -2.893      0.004
    O7                 0.029      0.045      0.647      0.518
    O9                -0.120      0.056     -2.119      0.034

 NEURO    BY
    A1                 0.452      0.125      3.607      0.000
    A2                -0.109      0.175     -0.622      0.534
    A3                 0.121      0.181      0.668      0.504
    A6                 0.133      0.106      1.251      0.211
    A7                -0.005      0.130     -0.039      0.969
    A8                 0.338      0.117      2.897      0.004
    C1                 0.172      0.153      1.127      0.260
    C2                -0.194      0.058     -3.334      0.001
    C3                 0.158      0.081      1.951      0.051
    C4                 0.019      0.035      0.561      0.575
    C5                 0.192      0.072      2.674      0.007
    C6                 0.352      0.075      4.667      0.000
    C7                 0.187      0.066      2.833      0.005
    C8                 0.207      0.074      2.802      0.005
    C9                 0.160      0.075      2.129      0.033
    E1                -0.008      0.048     -0.171      0.864
    E3                 0.455      0.067      6.825      0.000
    E4                 0.251      0.067      3.769      0.000
    E5                 0.410      0.145      2.827      0.005
    E6                -0.002      0.027     -0.082      0.935
    E7                 0.420      0.074      5.710      0.000
    E8                 0.089      0.061      1.456      0.145
    E9                 0.109      0.075      1.444      0.149
    N1                -0.142      0.104     -1.355      0.176
    N2                 0.080      0.052      1.539      0.124
    N3                 0.089      0.082      1.075      0.282
    N4                 0.554      0.104      5.326      0.000
    N5                -0.007      0.033     -0.226      0.821
    N6                -0.148      0.136     -1.085      0.278
    N7                -0.096      0.068     -1.408      0.159
    O1                 0.815      0.100      8.153      0.000
    O2                 0.425      0.086      4.937      0.000
    O3                 0.779      0.042     18.342      0.000
    O4                 0.533      0.074      7.246      0.000
    O5                 0.586      0.079      7.435      0.000
    O6                 0.784      0.050     15.663      0.000
    O7                 0.710      0.075      9.486      0.000
    O9                 0.626      0.065      9.666      0.000

 OPEN     BY
    A1                 0.122      0.070      1.752      0.080
    A2                 0.083      0.080      1.031      0.303
    A3                 0.096      0.060      1.590      0.112
    A6                 0.233      0.066      3.542      0.000
    A7                 0.122      0.073      1.664      0.096
    A8                 0.144      0.067      2.165      0.030
    C1                 0.064      0.042      1.538      0.124
    C2                 0.376      0.079      4.778      0.000
    C3                 0.507      0.068      7.417      0.000
    C4                 0.076      0.069      1.109      0.267
    C5                -0.081      0.085     -0.953      0.341
    C6                 0.030      0.043      0.696      0.486
    C7                 0.325      0.078      4.176      0.000
    C8                 0.169      0.063      2.698      0.007
    C9                -0.206      0.074     -2.790      0.005
    E1                 0.006      0.054      0.117      0.907
    E3                 0.016      0.036      0.448      0.654
    E4                -0.119      0.080     -1.490      0.136
    E5                -0.004      0.027     -0.129      0.898
    E6                 0.367      0.055      6.673      0.000
    E7                -0.039      0.044     -0.887      0.375
    E8                 0.155      0.064      2.403      0.016
    E9                -0.241      0.068     -3.544      0.000
    N1                 0.379      0.064      5.904      0.000
    N2                 0.500      0.075      6.697      0.000
    N3                 0.750      0.042     17.882      0.000
    N4                -0.404      0.052     -7.836      0.000
    N5                 0.512      0.082      6.214      0.000
    N6                 0.754      0.038     19.813      0.000
    N7                 0.625      0.046     13.700      0.000
    O1                -0.172      0.057     -3.033      0.002
    O2                 0.074      0.061      1.213      0.225
    O3                -0.096      0.054     -1.784      0.074
    O4                 0.100      0.057      1.756      0.079
    O5                 0.051      0.051      1.006      0.315
    O6                 0.076      0.046      1.677      0.094
    O7                -0.028      0.049     -0.557      0.578
    O9                -0.185      0.054     -3.417      0.001

 CONSC    WITH
    AGREE             -0.191      0.132     -1.448      0.148

 EXTRA    WITH
    AGREE             -0.026      0.074     -0.351      0.725
    CONSC              0.182      0.053      3.423      0.001

 NEURO    WITH
    AGREE              0.068      0.068      0.996      0.319
    CONSC              0.392      0.054      7.266      0.000
    EXTRA              0.448      0.045      9.839      0.000

 OPEN     WITH
    AGREE              0.190      0.052      3.656      0.000
    CONSC             -0.134      0.061     -2.178      0.029
    EXTRA             -0.115      0.063     -1.834      0.067
    NEURO              0.021      0.131      0.159      0.873

 N5       WITH
    C2                 0.407      0.049      8.246      0.000

 E5       WITH
    C1                 0.407      0.052      7.885      0.000

 C6       WITH
    C4                 0.299      0.062      4.819      0.000

 C5       WITH
    C8                 0.118      0.064      1.848      0.065

 Intercepts
    A1                -0.009      0.053     -0.174      0.862
    A2                 0.024      0.053      0.454      0.650
    A3                 0.001      0.053      0.018      0.986
    A6                -0.006      0.053     -0.113      0.910
    A7                 0.005      0.053      0.091      0.928
    A8                -0.004      0.053     -0.084      0.933
    C1                -0.008      0.053     -0.157      0.875
    C2                 0.038      0.053      0.727      0.468
    C3                 0.000      0.053     -0.001      1.000
    C4                -0.001      0.053     -0.013      0.990
    C5                -0.007      0.053     -0.135      0.893
    C6                -0.005      0.053     -0.101      0.920
    C7                 0.007      0.053      0.126      0.900
    C8                 0.004      0.053      0.078      0.938
    C9                -0.001      0.053     -0.016      0.988
    E1                 0.005      0.053      0.094      0.925
    E3                -0.001      0.053     -0.026      0.979
    E4                -0.020      0.053     -0.387      0.698
    E5                 0.000      0.053     -0.005      0.996
    E6                -0.004      0.053     -0.079      0.937
    E7                -0.019      0.053     -0.365      0.715
    E8                -0.005      0.053     -0.104      0.917
    E9                -0.005      0.053     -0.090      0.929
    N1                 0.003      0.053      0.064      0.949
    N2                 0.017      0.053      0.331      0.740
    N3                 0.000      0.053     -0.008      0.994
    N4                 0.001      0.053      0.025      0.980
    N5                 0.006      0.053      0.115      0.909
    N6                 0.010      0.053      0.189      0.850
    N7                 0.002      0.053      0.042      0.967
    O1                 0.004      0.053      0.073      0.942
    O2                -0.042      0.053     -0.798      0.425
    O3                -0.003      0.053     -0.053      0.958
    O4                -0.004      0.053     -0.084      0.933
    O5                -0.004      0.053     -0.081      0.935
    O6                -0.002      0.053     -0.038      0.970
    O7                -0.025      0.053     -0.474      0.636
    O9                -0.011      0.053     -0.207      0.836

 Variances
    AGREE              1.000      0.000    999.000    999.000
    CONSC              1.000      0.000    999.000    999.000
    EXTRA              1.000      0.000    999.000    999.000
    NEURO              1.000      0.000    999.000    999.000
    OPEN               1.000      0.000    999.000    999.000

 Residual Variances
    A1                 0.434      0.039     11.264      0.000
    A2                 0.338      0.035      9.621      0.000
    A3                 0.370      0.039      9.420      0.000
    A6                 0.710      0.045     15.880      0.000
    A7                 0.450      0.041     11.110      0.000
    A8                 0.653      0.044     14.669      0.000
    C1                 0.473      0.044     10.789      0.000
    C2                 0.478      0.040     11.973      0.000
    C3                 0.420      0.039     10.724      0.000
    C4                 0.407      0.047      8.667      0.000
    C5                 0.281      0.034      8.178      0.000
    C6                 0.513      0.045     11.476      0.000
    C7                 0.623      0.046     13.542      0.000
    C8                 0.753      0.043     17.366      0.000
    C9                 0.643      0.044     14.508      0.000
    E1                 0.430      0.041     10.538      0.000
    E3                 0.569      0.048     11.873      0.000
    E4                 0.346      0.033     10.459      0.000
    E5                 0.390      0.038     10.317      0.000
    E6                 0.425      0.043      9.947      0.000
    E7                 0.652      0.044     14.797      0.000
    E8                 0.378      0.039      9.804      0.000
    E9                 0.570      0.043     13.298      0.000
    N1                 0.537      0.043     12.551      0.000
    N2                 0.380      0.037     10.365      0.000
    N3                 0.339      0.038      8.983      0.000
    N4                 0.463      0.040     11.435      0.000
    N5                 0.368      0.036     10.275      0.000
    N6                 0.447      0.047      9.562      0.000
    N7                 0.559      0.045     12.516      0.000
    O1                 0.344      0.038      9.129      0.000
    O2                 0.545      0.041     13.169      0.000
    O3                 0.353      0.034     10.226      0.000
    O4                 0.752      0.044     17.062      0.000
    O5                 0.641      0.045     14.312      0.000
    O6                 0.377      0.036     10.327      0.000
    O7                 0.322      0.032     10.045      0.000
    O9                 0.500      0.041     12.208      0.000


R-SQUARE

    Observed                                        Two-Tailed
    Variable        Estimate       S.E.  Est./S.E.    P-Value

    A1                 0.566      0.039     14.687      0.000
    A2                 0.662      0.035     18.805      0.000
    A3                 0.630      0.039     16.027      0.000
    A6                 0.290      0.045      6.474      0.000
    A7                 0.550      0.041     13.552      0.000
    A8                 0.347      0.044      7.808      0.000
    C1                 0.527      0.044     12.029      0.000
    C2                 0.522      0.040     13.063      0.000
    C3                 0.580      0.039     14.789      0.000
    C4                 0.593      0.047     12.649      0.000
    C5                 0.719      0.034     20.964      0.000
    C6                 0.487      0.045     10.879      0.000
    C7                 0.377      0.046      8.207      0.000
    C8                 0.247      0.043      5.692      0.000
    C9                 0.357      0.044      8.070      0.000
    E1                 0.570      0.041     13.967      0.000
    E3                 0.431      0.048      8.992      0.000
    E4                 0.654      0.033     19.733      0.000
    E5                 0.610      0.038     16.114      0.000
    E6                 0.575      0.043     13.443      0.000
    E7                 0.348      0.044      7.886      0.000
    E8                 0.622      0.039     16.123      0.000
    E9                 0.430      0.043     10.026      0.000
    N1                 0.463      0.043     10.802      0.000
    N2                 0.620      0.037     16.943      0.000
    N3                 0.661      0.038     17.513      0.000
    N4                 0.537      0.040     13.277      0.000
    N5                 0.632      0.036     17.612      0.000
    N6                 0.553      0.047     11.821      0.000
    N7                 0.441      0.045      9.885      0.000
    O1                 0.656      0.038     17.391      0.000
    O2                 0.455      0.041     10.998      0.000
    O3                 0.647      0.034     18.781      0.000
    O4                 0.248      0.044      5.639      0.000
    O5                 0.359      0.045      8.011      0.000
    O6                 0.623      0.036     17.102      0.000
    O7                 0.678      0.032     21.114      0.000
    O9                 0.500      0.041     12.215      0.000


QUALITY OF NUMERICAL RESULTS

     Condition Number for the Information Matrix              0.635E-03
       (ratio of smallest to largest eigenvalue)


MODEL MODIFICATION INDICES

NOTE:  Modification indices for direct effects of observed dependent variables
regressed on covariates may not be included.  To include these, request
MODINDICES (ALL).

Minimum M.I. value for printing the modification index     4.000

                                   M.I.     E.P.C.  Std E.P.C.  StdYX E.P.C.

WITH Statements

A3       WITH A1                   4.508     0.020      0.020        0.137
A6       WITH A1                  12.635     0.048      0.048        0.206
A6       WITH A3                   8.012     0.040      0.040        0.174
A8       WITH A1                   4.982     0.018      0.018        0.130
C1       WITH A3                  19.739     0.058      0.058        0.268
C1       WITH A8                   4.915     0.023      0.023        0.116
C2       WITH A2                   8.281     0.027      0.027        0.157
C3       WITH C1                   7.652    -0.024     -0.024       -0.151
C5       WITH A3                  12.509    -0.034     -0.034       -0.251
C5       WITH C2                  21.378    -0.054     -0.054       -0.270
C6       WITH A7                   7.830    -0.014     -0.014       -0.156
C6       WITH C3                  12.233    -0.013     -0.013       -0.196
C7       WITH A8                   4.440     0.022      0.022        0.120
C7       WITH C1                   4.465     0.032      0.032        0.112
C7       WITH C4                   4.723    -0.032     -0.032       -0.135
C8       WITH A8                   5.651    -0.024     -0.024       -0.129
C8       WITH C3                   5.183     0.019      0.019        0.131
C8       WITH C7                   6.588     0.038      0.038        0.144
C9       WITH A8                   5.334     0.014      0.014        0.129
C9       WITH C4                   4.282     0.018      0.018        0.125
E1       WITH A6                   6.689     0.032      0.032        0.154
E1       WITH C3                   7.323     0.016      0.016        0.169
E3       WITH C1                   4.280    -0.033     -0.033       -0.113
E3       WITH E1                   6.772     0.030      0.030        0.169
E4       WITH C3                  11.501     0.023      0.023        0.206
E4       WITH E1                  22.665     0.042      0.042        0.302
E4       WITH E3                   6.752     0.033      0.033        0.160
E5       WITH A2                  12.153    -0.020     -0.020       -0.202
E5       WITH E1                   5.664    -0.015     -0.015       -0.132
E5       WITH E4                  11.158    -0.023     -0.023       -0.180
E6       WITH A1                  12.681    -0.042     -0.042       -0.224
E6       WITH A7                   5.870    -0.028     -0.028       -0.154
E6       WITH E1                   9.967    -0.036     -0.036       -0.217
E6       WITH E5                  13.150     0.032      0.032        0.206
E7       WITH C1                  14.642    -0.060     -0.060       -0.199
E7       WITH C3                   4.236     0.018      0.018        0.121
E7       WITH C4                   8.265     0.042      0.042        0.171
E7       WITH E3                   4.219     0.033      0.033        0.120
E8       WITH A3                   5.275     0.022      0.022        0.154
E8       WITH C6                   5.296     0.012      0.012        0.133
E8       WITH E1                   7.625    -0.025     -0.025       -0.191
E8       WITH E3                   4.834    -0.029     -0.029       -0.146
E8       WITH E6                   5.000    -0.029     -0.029       -0.161
E9       WITH A1                   6.579    -0.030     -0.030       -0.148
E9       WITH A3                   6.775    -0.032     -0.032       -0.161
E9       WITH A8                   6.941     0.028      0.028        0.148
E9       WITH C5                   4.764     0.026      0.026        0.140
E9       WITH C9                   8.003     0.025      0.025        0.159
E9       WITH E5                   6.121    -0.022     -0.022       -0.130
E9       WITH E6                   4.515     0.033      0.033        0.131
E9       WITH E8                   8.390    -0.035     -0.035       -0.179
N1       WITH A2                  16.145     0.040      0.040        0.253
N1       WITH A3                   7.854    -0.036     -0.036       -0.180
N1       WITH A6                  14.964    -0.068     -0.068       -0.219
N2       WITH E4                  15.611    -0.038     -0.038       -0.247
N3       WITH A2                   4.535    -0.017     -0.017       -0.146
N3       WITH C3                   6.070     0.018      0.018        0.168
N3       WITH E3                  13.126    -0.048     -0.048       -0.242
N3       WITH E4                   8.715    -0.030     -0.030       -0.194
N3       WITH E7                   5.358    -0.030     -0.030       -0.146
N3       WITH N2                   4.423     0.022      0.022        0.151
N4       WITH A8                   7.321     0.027      0.027        0.156
N4       WITH C2                   5.097    -0.032     -0.032       -0.117
N4       WITH C3                   9.362     0.025      0.025        0.185
N4       WITH C5                   5.419    -0.026     -0.026       -0.153
N4       WITH C7                   5.446     0.033      0.033        0.137
N4       WITH C8                   8.129     0.039      0.039        0.160
N4       WITH E6                   7.413    -0.039     -0.039       -0.171
N4       WITH E7                   6.172    -0.037     -0.037       -0.144
N4       WITH N1                   4.615    -0.031     -0.031       -0.126
N5       WITH A6                   6.449     0.024      0.024        0.132
N6       WITH A3                   9.519    -0.038     -0.038       -0.210
N6       WITH A6                  11.046    -0.059     -0.059       -0.207
N6       WITH C6                  19.305    -0.029     -0.029       -0.262
N6       WITH E3                  21.875     0.074      0.074        0.304
N6       WITH E4                   9.430     0.037      0.037        0.197
N6       WITH E6                  10.361     0.050      0.050        0.221
N6       WITH E8                   4.605    -0.026     -0.026       -0.145
N6       WITH N1                  15.408     0.060      0.060        0.248
N6       WITH N4                   5.480    -0.035     -0.035       -0.155
N7       WITH A3                  14.646     0.038      0.038        0.242
N7       WITH A6                  14.325     0.053      0.053        0.217
N7       WITH E5                   5.031    -0.016     -0.016       -0.120
N7       WITH N1                   6.545    -0.031     -0.031       -0.150
N7       WITH N4                   6.966     0.031      0.031        0.157
O1       WITH A3                   8.174    -0.023     -0.023       -0.199
O1       WITH A6                   9.422    -0.035     -0.035       -0.190
O1       WITH C3                   9.701     0.017      0.017        0.205
O1       WITH C5                   6.768     0.020      0.020        0.186
O1       WITH C6                   4.131    -0.008     -0.008       -0.121
O1       WITH C7                   6.942    -0.026     -0.026       -0.168
O1       WITH E7                   4.893     0.023      0.023        0.139
O1       WITH E9                  11.767     0.034      0.034        0.214
O1       WITH N7                   6.431    -0.020     -0.020       -0.162
O2       WITH A2                   4.861    -0.022     -0.022       -0.134
O2       WITH A8                   7.863    -0.029     -0.029       -0.157
O2       WITH C2                   5.186    -0.033     -0.033       -0.114
O2       WITH C3                   8.700     0.025      0.025        0.173
O2       WITH C5                   4.746     0.025      0.025        0.139
O2       WITH C9                  10.654    -0.029     -0.029       -0.182
O2       WITH E1                   7.630     0.029      0.029        0.164
O2       WITH E8                   6.325     0.030      0.030        0.153
O2       WITH N7                   5.390     0.028      0.028        0.133
O2       WITH O1                   4.058     0.020      0.020        0.125
O3       WITH A1                  20.156     0.034      0.034        0.275
O3       WITH A7                   4.961    -0.017     -0.017       -0.137
O3       WITH C3                   6.367    -0.014     -0.014       -0.156
O3       WITH C5                   4.048    -0.015     -0.015       -0.134
O3       WITH C9                   5.532     0.014      0.014        0.138
O3       WITH E3                   5.473    -0.024     -0.024       -0.145
O3       WITH E4                   4.740    -0.017     -0.017       -0.133
O3       WITH O2                  21.774    -0.046     -0.046       -0.275
O4       WITH A2                  10.445     0.044      0.044        0.195
O4       WITH C3                   7.682    -0.032     -0.032       -0.162
O4       WITH C8                  12.122    -0.070     -0.070       -0.188
O4       WITH C9                  18.295     0.053      0.053        0.238
O4       WITH E6                  14.260     0.079      0.079        0.228
O4       WITH N3                   4.430    -0.036     -0.036       -0.133
O4       WITH N4                  11.902    -0.069     -0.069       -0.198
O4       WITH N6                   4.602     0.045      0.045        0.132
O5       WITH A2                   6.450     0.029      0.029        0.156
O5       WITH C3                   7.262    -0.027     -0.027       -0.159
O5       WITH E8                   5.548     0.033      0.033        0.143
O5       WITH N4                   4.537    -0.036     -0.036       -0.124
O5       WITH O4                  32.574     0.141      0.141        0.320
O6       WITH C6                   4.416     0.011      0.011        0.120
O6       WITH C9                  12.787    -0.026     -0.026       -0.211
O6       WITH E5                   4.276     0.015      0.015        0.114
O6       WITH E9                   4.307    -0.025     -0.025       -0.123
O6       WITH N2                   8.911    -0.028     -0.028       -0.188
O6       WITH N5                   9.785    -0.021     -0.021       -0.173
O7       WITH A2                   5.880     0.022      0.022        0.158
O7       WITH A8                  10.305    -0.031     -0.031       -0.191
O7       WITH C9                  12.196    -0.028     -0.028       -0.206
O7       WITH E4                   5.234     0.025      0.025        0.140
O7       WITH O2                  15.341     0.053      0.053        0.233
O7       WITH O3                   7.405    -0.025     -0.025       -0.175
O7       WITH O6                  14.999     0.044      0.044        0.251
O9       WITH A6                   6.618     0.044      0.044        0.146
O9       WITH C8                   5.219    -0.033     -0.033       -0.127
O9       WITH C9                  20.035     0.040      0.040        0.254
O9       WITH N4                   5.149     0.033      0.033        0.134
O9       WITH N5                   7.302     0.022      0.022        0.143
O9       WITH O2                  10.836    -0.049     -0.049       -0.186
O9       WITH O4                   8.153     0.060      0.060        0.162


DIAGRAM INFORMATION

  Use View Diagram under the Diagram menu in the Mplus Editor to view the diagram.
  If running Mplus from the Mplus Diagrammer, the diagram opens automatically.

  Diagram output
    f:\ipip paper\sample_usa\cfa\gesamtmodell\esem\esem_all facets on all domains without o8, a5, a4

     Beginning Time:  16:53:57
        Ending Time:  16:54:00
       Elapsed Time:  00:00:03



MUTHEN & MUTHEN
3463 Stoner Ave.
Los Angeles, CA  90066

Tel: (310) 391-9971
Fax: (310) 391-8971
Web: www.StatModel.com
Support: Support@StatModel.com

Copyright (c) 1998-2013 Muthen & Muthen
