Mplus VERSION 7.1
MUTHEN & MUTHEN
06/09/2015   2:19 PM

INPUT INSTRUCTIONS

  TITLE:

  DATA:
  FILE IS  "factorscores_CFA.txt";
  Variable:
  Names are
  VPN
  A1
  A2
  A3
  A4
  A5
  A6
  A7
  A8
  C1
  C2
  C3
  C4
  C5
  C6
  C7
  C8
  C9
  E1
  E2
  E3
  E4
  E5
  E6
  E7
  E8
  E9
  N1
  N2
  N3
  N4
  N5
  N6
  N7
  O1
  O2
  O3
  O4
  O5
  O6
  O7
  O8
  O9
  ;

  USEVARIABLES ARE
  A1
  A2
  A3
  A5
  A6
  A7
  A8
  C1
  C2
  C3
  C4
  C5
  C6
  C7
  C8
  C9
  E1
  E2
  E3
  E4
  E5
  E6
  E7
  E8
  E9
  N1
  N2
  N3
  N4
  N5
  N6
  N7
  O1
  O2
  O3
  O4
  O5
  O6
  O7
  O9
  ;

  MISSING ARE ALL (-99);

  Model:

  agree consc extra neuro open by
  A1
  A2
  A3
  A5
  A6
  A7
  A8
  C1
  C2
  C3
  C4
  C5
  C6
  C7
  C8
  C9
  E1
  E2
  E3
  E4
  E5
  E6
  E7
  E8
  E9
  N1
  N2
  N3
  N4
  N5
  N6
  N7
  O1
  O2
  O3
  O4
  O5
  O6
  O7
  O9
  (*1);

  !SE by
  !agree
  !consc
  !extra
  !neuro
  !open;

  Analysis:
  ESTIMATOR IS ML;
  iterations = 10000;

  OUTPUT: STDYX MODINDICES(4);



INPUT READING TERMINATED NORMALLY




SUMMARY OF ANALYSIS

Number of groups                                                 1
Number of observations                                         361

Number of dependent variables                                   40
Number of independent variables                                  0
Number of continuous latent variables                            5

Observed dependent variables

  Continuous
   A1          A2          A3          A5          A6          A7
   A8          C1          C2          C3          C4          C5
   C6          C7          C8          C9          E1          E2
   E3          E4          E5          E6          E7          E8
   E9          N1          N2          N3          N4          N5
   N6          N7          O1          O2          O3          O4
   O5          O6          O7          O9

Continuous latent variables

  EFA factors
  *1:   AGREE       CONSC       EXTRA       NEURO       OPEN


Estimator                                                       ML
Rotation                                                    GEOMIN
Row standardization                                    CORRELATION
Type of rotation                                           OBLIQUE
Epsilon value                                               Varies
Information matrix                                        OBSERVED
Maximum number of iterations                                 10000
Convergence criterion                                    0.500D-04
Maximum number of steepest descent iterations                   20
Maximum number of iterations for H1                           2000
Convergence criterion for H1                             0.100D-03
Optimization Specifications for the Exploratory Factor Analysis
Rotation Algorithm
  Number of random starts                                       30
  Maximum number of iterations                               10000
  Derivative convergence criterion                       0.100D-04

Input data file(s)
  factorscores_CFA.txt

Input data format  FREE


SUMMARY OF DATA

     Number of missing data patterns             1


COVARIANCE COVERAGE OF DATA

Minimum covariance coverage value   0.100


     PROPORTION OF DATA PRESENT


           Covariance Coverage
              A1            A2            A3            A5            A6
              ________      ________      ________      ________      ________
 A1             1.000
 A2             1.000         1.000
 A3             1.000         1.000         1.000
 A5             1.000         1.000         1.000         1.000
 A6             1.000         1.000         1.000         1.000         1.000
 A7             1.000         1.000         1.000         1.000         1.000
 A8             1.000         1.000         1.000         1.000         1.000
 C1             1.000         1.000         1.000         1.000         1.000
 C2             1.000         1.000         1.000         1.000         1.000
 C3             1.000         1.000         1.000         1.000         1.000
 C4             1.000         1.000         1.000         1.000         1.000
 C5             1.000         1.000         1.000         1.000         1.000
 C6             1.000         1.000         1.000         1.000         1.000
 C7             1.000         1.000         1.000         1.000         1.000
 C8             1.000         1.000         1.000         1.000         1.000
 C9             1.000         1.000         1.000         1.000         1.000
 E1             1.000         1.000         1.000         1.000         1.000
 E2             1.000         1.000         1.000         1.000         1.000
 E3             1.000         1.000         1.000         1.000         1.000
 E4             1.000         1.000         1.000         1.000         1.000
 E5             1.000         1.000         1.000         1.000         1.000
 E6             1.000         1.000         1.000         1.000         1.000
 E7             1.000         1.000         1.000         1.000         1.000
 E8             1.000         1.000         1.000         1.000         1.000
 E9             1.000         1.000         1.000         1.000         1.000
 N1             1.000         1.000         1.000         1.000         1.000
 N2             1.000         1.000         1.000         1.000         1.000
 N3             1.000         1.000         1.000         1.000         1.000
 N4             1.000         1.000         1.000         1.000         1.000
 N5             1.000         1.000         1.000         1.000         1.000
 N6             1.000         1.000         1.000         1.000         1.000
 N7             1.000         1.000         1.000         1.000         1.000
 O1             1.000         1.000         1.000         1.000         1.000
 O2             1.000         1.000         1.000         1.000         1.000
 O3             1.000         1.000         1.000         1.000         1.000
 O4             1.000         1.000         1.000         1.000         1.000
 O5             1.000         1.000         1.000         1.000         1.000
 O6             1.000         1.000         1.000         1.000         1.000
 O7             1.000         1.000         1.000         1.000         1.000
 O9             1.000         1.000         1.000         1.000         1.000


           Covariance Coverage
              A7            A8            C1            C2            C3
              ________      ________      ________      ________      ________
 A7             1.000
 A8             1.000         1.000
 C1             1.000         1.000         1.000
 C2             1.000         1.000         1.000         1.000
 C3             1.000         1.000         1.000         1.000         1.000
 C4             1.000         1.000         1.000         1.000         1.000
 C5             1.000         1.000         1.000         1.000         1.000
 C6             1.000         1.000         1.000         1.000         1.000
 C7             1.000         1.000         1.000         1.000         1.000
 C8             1.000         1.000         1.000         1.000         1.000
 C9             1.000         1.000         1.000         1.000         1.000
 E1             1.000         1.000         1.000         1.000         1.000
 E2             1.000         1.000         1.000         1.000         1.000
 E3             1.000         1.000         1.000         1.000         1.000
 E4             1.000         1.000         1.000         1.000         1.000
 E5             1.000         1.000         1.000         1.000         1.000
 E6             1.000         1.000         1.000         1.000         1.000
 E7             1.000         1.000         1.000         1.000         1.000
 E8             1.000         1.000         1.000         1.000         1.000
 E9             1.000         1.000         1.000         1.000         1.000
 N1             1.000         1.000         1.000         1.000         1.000
 N2             1.000         1.000         1.000         1.000         1.000
 N3             1.000         1.000         1.000         1.000         1.000
 N4             1.000         1.000         1.000         1.000         1.000
 N5             1.000         1.000         1.000         1.000         1.000
 N6             1.000         1.000         1.000         1.000         1.000
 N7             1.000         1.000         1.000         1.000         1.000
 O1             1.000         1.000         1.000         1.000         1.000
 O2             1.000         1.000         1.000         1.000         1.000
 O3             1.000         1.000         1.000         1.000         1.000
 O4             1.000         1.000         1.000         1.000         1.000
 O5             1.000         1.000         1.000         1.000         1.000
 O6             1.000         1.000         1.000         1.000         1.000
 O7             1.000         1.000         1.000         1.000         1.000
 O9             1.000         1.000         1.000         1.000         1.000


           Covariance Coverage
              C4            C5            C6            C7            C8
              ________      ________      ________      ________      ________
 C4             1.000
 C5             1.000         1.000
 C6             1.000         1.000         1.000
 C7             1.000         1.000         1.000         1.000
 C8             1.000         1.000         1.000         1.000         1.000
 C9             1.000         1.000         1.000         1.000         1.000
 E1             1.000         1.000         1.000         1.000         1.000
 E2             1.000         1.000         1.000         1.000         1.000
 E3             1.000         1.000         1.000         1.000         1.000
 E4             1.000         1.000         1.000         1.000         1.000
 E5             1.000         1.000         1.000         1.000         1.000
 E6             1.000         1.000         1.000         1.000         1.000
 E7             1.000         1.000         1.000         1.000         1.000
 E8             1.000         1.000         1.000         1.000         1.000
 E9             1.000         1.000         1.000         1.000         1.000
 N1             1.000         1.000         1.000         1.000         1.000
 N2             1.000         1.000         1.000         1.000         1.000
 N3             1.000         1.000         1.000         1.000         1.000
 N4             1.000         1.000         1.000         1.000         1.000
 N5             1.000         1.000         1.000         1.000         1.000
 N6             1.000         1.000         1.000         1.000         1.000
 N7             1.000         1.000         1.000         1.000         1.000
 O1             1.000         1.000         1.000         1.000         1.000
 O2             1.000         1.000         1.000         1.000         1.000
 O3             1.000         1.000         1.000         1.000         1.000
 O4             1.000         1.000         1.000         1.000         1.000
 O5             1.000         1.000         1.000         1.000         1.000
 O6             1.000         1.000         1.000         1.000         1.000
 O7             1.000         1.000         1.000         1.000         1.000
 O9             1.000         1.000         1.000         1.000         1.000


           Covariance Coverage
              C9            E1            E2            E3            E4
              ________      ________      ________      ________      ________
 C9             1.000
 E1             1.000         1.000
 E2             1.000         1.000         1.000
 E3             1.000         1.000         1.000         1.000
 E4             1.000         1.000         1.000         1.000         1.000
 E5             1.000         1.000         1.000         1.000         1.000
 E6             1.000         1.000         1.000         1.000         1.000
 E7             1.000         1.000         1.000         1.000         1.000
 E8             1.000         1.000         1.000         1.000         1.000
 E9             1.000         1.000         1.000         1.000         1.000
 N1             1.000         1.000         1.000         1.000         1.000
 N2             1.000         1.000         1.000         1.000         1.000
 N3             1.000         1.000         1.000         1.000         1.000
 N4             1.000         1.000         1.000         1.000         1.000
 N5             1.000         1.000         1.000         1.000         1.000
 N6             1.000         1.000         1.000         1.000         1.000
 N7             1.000         1.000         1.000         1.000         1.000
 O1             1.000         1.000         1.000         1.000         1.000
 O2             1.000         1.000         1.000         1.000         1.000
 O3             1.000         1.000         1.000         1.000         1.000
 O4             1.000         1.000         1.000         1.000         1.000
 O5             1.000         1.000         1.000         1.000         1.000
 O6             1.000         1.000         1.000         1.000         1.000
 O7             1.000         1.000         1.000         1.000         1.000
 O9             1.000         1.000         1.000         1.000         1.000


           Covariance Coverage
              E5            E6            E7            E8            E9
              ________      ________      ________      ________      ________
 E5             1.000
 E6             1.000         1.000
 E7             1.000         1.000         1.000
 E8             1.000         1.000         1.000         1.000
 E9             1.000         1.000         1.000         1.000         1.000
 N1             1.000         1.000         1.000         1.000         1.000
 N2             1.000         1.000         1.000         1.000         1.000
 N3             1.000         1.000         1.000         1.000         1.000
 N4             1.000         1.000         1.000         1.000         1.000
 N5             1.000         1.000         1.000         1.000         1.000
 N6             1.000         1.000         1.000         1.000         1.000
 N7             1.000         1.000         1.000         1.000         1.000
 O1             1.000         1.000         1.000         1.000         1.000
 O2             1.000         1.000         1.000         1.000         1.000
 O3             1.000         1.000         1.000         1.000         1.000
 O4             1.000         1.000         1.000         1.000         1.000
 O5             1.000         1.000         1.000         1.000         1.000
 O6             1.000         1.000         1.000         1.000         1.000
 O7             1.000         1.000         1.000         1.000         1.000
 O9             1.000         1.000         1.000         1.000         1.000


           Covariance Coverage
              N1            N2            N3            N4            N5
              ________      ________      ________      ________      ________
 N1             1.000
 N2             1.000         1.000
 N3             1.000         1.000         1.000
 N4             1.000         1.000         1.000         1.000
 N5             1.000         1.000         1.000         1.000         1.000
 N6             1.000         1.000         1.000         1.000         1.000
 N7             1.000         1.000         1.000         1.000         1.000
 O1             1.000         1.000         1.000         1.000         1.000
 O2             1.000         1.000         1.000         1.000         1.000
 O3             1.000         1.000         1.000         1.000         1.000
 O4             1.000         1.000         1.000         1.000         1.000
 O5             1.000         1.000         1.000         1.000         1.000
 O6             1.000         1.000         1.000         1.000         1.000
 O7             1.000         1.000         1.000         1.000         1.000
 O9             1.000         1.000         1.000         1.000         1.000


           Covariance Coverage
              N6            N7            O1            O2            O3
              ________      ________      ________      ________      ________
 N6             1.000
 N7             1.000         1.000
 O1             1.000         1.000         1.000
 O2             1.000         1.000         1.000         1.000
 O3             1.000         1.000         1.000         1.000         1.000
 O4             1.000         1.000         1.000         1.000         1.000
 O5             1.000         1.000         1.000         1.000         1.000
 O6             1.000         1.000         1.000         1.000         1.000
 O7             1.000         1.000         1.000         1.000         1.000
 O9             1.000         1.000         1.000         1.000         1.000


           Covariance Coverage
              O4            O5            O6            O7            O9
              ________      ________      ________      ________      ________
 O4             1.000
 O5             1.000         1.000
 O6             1.000         1.000         1.000
 O7             1.000         1.000         1.000         1.000
 O9             1.000         1.000         1.000         1.000         1.000



THE MODEL ESTIMATION TERMINATED NORMALLY



MODEL FIT INFORMATION

Number of Free Parameters                      270

Loglikelihood

          H0 Value                       -9855.991
          H1 Value                       -9003.799

Information Criteria

          Akaike (AIC)                   20251.982
          Bayesian (BIC)                 21301.979
          Sample-Size Adjusted BIC       20445.396
            (n* = (n + 2) / 24)

Chi-Square Test of Model Fit

          Value                           1704.384
          Degrees of Freedom                   590
          P-Value                           0.0000

RMSEA (Root Mean Square Error Of Approximation)

          Estimate                           0.072
          90 Percent C.I.                    0.068  0.076
          Probability RMSEA <= .05           0.000

CFI/TLI

          CFI                                0.863
          TLI                                0.819

Chi-Square Test of Model Fit for the Baseline Model

          Value                           8926.922
          Degrees of Freedom                   780
          P-Value                           0.0000

SRMR (Standardized Root Mean Square Residual)

          Value                              0.037



MODEL RESULTS

                                                    Two-Tailed
                    Estimate       S.E.  Est./S.E.    P-Value

 AGREE    BY
    A1                -0.184      0.130     -1.416      0.157
    A2                 0.333      0.040      8.237      0.000
    A3                 0.481      0.033     14.505      0.000
    A5                 0.019      0.026      0.727      0.467
    A6                -0.140      0.119     -1.177      0.239
    A7                 0.378      0.029     13.203      0.000
    A8                -0.125      0.099     -1.268      0.205
    C1                 0.538      0.062      8.698      0.000
    C2                 0.003      0.027      0.120      0.905
    C3                 0.147      0.089      1.654      0.098
    C4                 0.045      0.193      0.234      0.815
    C5                 0.019      0.069      0.270      0.787
    C6                -0.037      0.037     -1.012      0.312
    C7                 0.084      0.161      0.521      0.603
    C8                 0.032      0.031      1.021      0.307
    C9                 0.044      0.030      1.453      0.146
    E1                -0.059      0.074     -0.794      0.427
    E2                 0.435      0.171      2.545      0.011
    E3                 0.059      0.049      1.202      0.229
    E4                -0.016      0.098     -0.163      0.871
    E5                 0.338      0.065      5.201      0.000
    E6                 0.087      0.116      0.747      0.455
    E7                 0.131      0.184      0.714      0.475
    E8                 0.051      0.105      0.486      0.627
    E9                 0.115      0.085      1.359      0.174
    N1                 0.286      0.076      3.772      0.000
    N2                 0.025      0.022      1.133      0.257
    N3                -0.020      0.022     -0.884      0.376
    N4                 0.242      0.148      1.641      0.101
    N5                 0.020      0.044      0.457      0.648
    N6                -0.181      0.062     -2.930      0.003
    N7                 0.045      0.035      1.293      0.196
    O1                 0.216      0.192      1.124      0.261
    O2                -0.062      0.153     -0.407      0.684
    O3                 0.031      0.162      0.189      0.850
    O4                -0.114      0.167     -0.681      0.496
    O5                -0.116      0.216     -0.536      0.592
    O6                 0.066      0.149      0.447      0.655
    O7                -0.105      0.203     -0.520      0.603
    O9                 0.121      0.118      1.023      0.306

 CONSC    BY
    A1                 0.020      0.037      0.541      0.589
    A2                -0.048      0.138     -0.351      0.726
    A3                 0.098      0.215      0.458      0.647
    A5                 0.037      0.047      0.784      0.433
    A6                -0.034      0.045     -0.763      0.446
    A7                -0.055      0.164     -0.333      0.739
    A8                -0.034      0.035     -0.977      0.328
    C1                 0.277      0.254      1.089      0.276
    C2                -0.225      0.055     -4.101      0.000
    C3                -0.135      0.099     -1.370      0.171
    C4                 0.542      0.063      8.606      0.000
    C5                 0.396      0.047      8.391      0.000
    C6                 0.169      0.021      8.088      0.000
    C7                -0.295      0.081     -3.633      0.000
    C8                 0.161      0.060      2.713      0.007
    C9                 0.145      0.031      4.670      0.000
    E1                 0.000      0.025      0.020      0.984
    E2                -0.287      0.183     -1.565      0.117
    E3                 0.046      0.089      0.515      0.607
    E4                 0.086      0.034      2.527      0.011
    E5                 0.063      0.166      0.378      0.706
    E6                -0.043      0.064     -0.664      0.507
    E7                -0.125      0.091     -1.375      0.169
    E8                 0.002      0.035      0.059      0.953
    E9                 0.026      0.041      0.647      0.518
    N1                 0.049      0.140      0.348      0.728
    N2                -0.075      0.075     -0.997      0.319
    N3                 0.039      0.075      0.511      0.609
    N4                -0.002      0.101     -0.020      0.984
    N5                -0.173      0.053     -3.278      0.001
    N6                 0.117      0.041      2.838      0.005
    N7                 0.037      0.064      0.571      0.568
    O1                -0.112      0.133     -0.840      0.401
    O2                 0.016      0.036      0.447      0.655
    O3                -0.014      0.063     -0.218      0.827
    O4                -0.046      0.051     -0.910      0.363
    O5                -0.105      0.045     -2.351      0.019
    O6                 0.075      0.113      0.662      0.508
    O7                 0.053      0.047      1.122      0.262
    O9                 0.110      0.107      1.024      0.306

 EXTRA    BY
    A1                 0.041      0.028      1.491      0.136
    A2                 0.094      0.033      2.888      0.004
    A3                 0.085      0.035      2.416      0.016
    A5                 0.355      0.024     14.718      0.000
    A6                 0.150      0.043      3.459      0.001
    A7                 0.084      0.032      2.592      0.010
    A8                 0.047      0.025      1.902      0.057
    C1                 0.055      0.046      1.203      0.229
    C2                 0.383      0.061      6.251      0.000
    C3                 0.225      0.025      8.911      0.000
    C4                 0.020      0.046      0.427      0.670
    C5                -0.111      0.056     -2.000      0.045
    C6                 0.001      0.011      0.127      0.899
    C7                 0.218      0.047      4.693      0.000
    C8                 0.066      0.036      1.821      0.069
    C9                -0.096      0.028     -3.445      0.001
    E1                 0.012      0.037      0.326      0.744
    E2                -0.036      0.031     -1.167      0.243
    E3                 0.029      0.039      0.738      0.461
    E4                -0.113      0.055     -2.054      0.040
    E5                 0.014      0.021      0.675      0.500
    E6                 0.292      0.051      5.696      0.000
    E7                -0.017      0.028     -0.607      0.544
    E8                 0.086      0.048      1.795      0.073
    E9                -0.186      0.053     -3.527      0.000
    N1                 0.312      0.038      8.291      0.000
    N2                 0.325      0.053      6.147      0.000
    N3                 0.473      0.040     11.840      0.000
    N4                -0.304      0.037     -8.258      0.000
    N5                 0.295      0.042      6.959      0.000
    N6                 0.537      0.035     15.163      0.000
    N7                 0.342      0.028     12.141      0.000
    O1                -0.081      0.027     -3.050      0.002
    O2                 0.007      0.032      0.208      0.835
    O3                -0.053      0.025     -2.106      0.035
    O4                 0.107      0.052      2.056      0.040
    O5                 0.039      0.037      1.052      0.293
    O6                 0.043      0.027      1.624      0.104
    O7                -0.047      0.033     -1.422      0.155
    O9                -0.148      0.036     -4.147      0.000

 NEURO    BY
    A1                 0.159      0.087      1.840      0.066
    A2                -0.106      0.073     -1.453      0.146
    A3                 0.024      0.063      0.382      0.703
    A5                 0.102      0.036      2.850      0.004
    A6                 0.285      0.070      4.085      0.000
    A7                -0.045      0.069     -0.650      0.516
    A8                 0.111      0.055      2.039      0.041
    C1                 0.055      0.059      0.940      0.347
    C2                -0.174      0.054     -3.246      0.001
    C3                 0.027      0.021      1.301      0.193
    C4                -0.057      0.062     -0.926      0.354
    C5                 0.098      0.063      1.551      0.121
    C6                -0.055      0.043     -1.277      0.202
    C7                 0.005      0.024      0.218      0.828
    C8                 0.060      0.052      1.156      0.248
    C9                 0.033      0.025      1.346      0.178
    E1                -0.383      0.030    -12.609      0.000
    E2                 0.053      0.087      0.609      0.543
    E3                -0.457      0.056     -8.198      0.000
    E4                 0.378      0.048      7.820      0.000
    E5                 0.094      0.036      2.580      0.010
    E6                 0.512      0.039     13.155      0.000
    E7                 0.183      0.038      4.808      0.000
    E8                 0.444      0.036     12.316      0.000
    E9                 0.332      0.047      7.135      0.000
    N1                -0.036      0.044     -0.823      0.410
    N2                -0.309      0.044     -6.965      0.000
    N3                -0.163      0.074     -2.200      0.028
    N4                 0.036      0.034      1.048      0.294
    N5                -0.127      0.032     -3.926      0.000
    N6                 0.059      0.087      0.680      0.497
    N7                -0.001      0.031     -0.031      0.975
    O1                -0.011      0.012     -0.918      0.359
    O2                 0.200      0.074      2.709      0.007
    O3                 0.041      0.053      0.781      0.435
    O4                -0.117      0.098     -1.197      0.231
    O5                 0.035      0.080      0.444      0.657
    O6                -0.087      0.080     -1.087      0.277
    O7                 0.052      0.103      0.504      0.614
    O9                -0.074      0.056     -1.325      0.185

 OPEN     BY
    A1                 0.330      0.046      7.094      0.000
    A2                -0.153      0.075     -2.035      0.042
    A3                -0.021      0.140     -0.151      0.880
    A5                -0.050      0.027     -1.823      0.068
    A6                 0.156      0.059      2.657      0.008
    A7                -0.088      0.092     -0.959      0.337
    A8                 0.189      0.037      5.070      0.000
    C1                 0.065      0.209      0.312      0.755
    C2                -0.178      0.086     -2.066      0.039
    C3                 0.044      0.035      1.242      0.214
    C4                 0.103      0.144      0.717      0.473
    C5                 0.206      0.123      1.683      0.092
    C6                 0.142      0.046      3.050      0.002
    C7                 0.077      0.049      1.591      0.112
    C8                 0.165      0.077      2.143      0.032
    C9                 0.076      0.058      1.309      0.191
    E1                -0.002      0.034     -0.058      0.954
    E2                 0.026      0.069      0.371      0.711
    E3                 0.291      0.076      3.847      0.000
    E4                 0.207      0.066      3.136      0.002
    E5                 0.133      0.125      1.064      0.287
    E6                -0.001      0.034     -0.037      0.971
    E7                 0.232      0.062      3.746      0.000
    E8                 0.068      0.052      1.314      0.189
    E9                 0.064      0.063      1.005      0.315
    N1                -0.149      0.087     -1.711      0.087
    N2                 0.050      0.038      1.318      0.187
    N3                 0.117      0.042      2.766      0.006
    N4                 0.320      0.105      3.036      0.002
    N5                -0.020      0.037     -0.536      0.592
    N6                 0.012      0.026      0.449      0.653
    N7                -0.019      0.034     -0.566      0.571
    O1                 0.350      0.083      4.206      0.000
    O2                 0.352      0.060      5.879      0.000
    O3                 0.404      0.063      6.399      0.000
    O4                 0.458      0.053      8.713      0.000
    O5                 0.459      0.048      9.499      0.000
    O6                 0.506      0.102      4.955      0.000
    O7                 0.596      0.074      8.012      0.000
    O9                 0.433      0.115      3.766      0.000

 CONSC    WITH
    AGREE             -0.063      0.127     -0.492      0.623

 EXTRA    WITH
    AGREE              0.189      0.048      3.941      0.000
    CONSC             -0.077      0.056     -1.378      0.168

 NEURO    WITH
    AGREE              0.067      0.069      0.970      0.332
    CONSC              0.088      0.092      0.947      0.343
    EXTRA             -0.157      0.066     -2.373      0.018

 OPEN     WITH
    AGREE              0.100      0.164      0.605      0.545
    CONSC              0.291      0.125      2.337      0.019
    EXTRA             -0.104      0.121     -0.857      0.392
    NEURO              0.410      0.108      3.811      0.000

 Intercepts
    A1                -0.005      0.031     -0.174      0.862
    A2                 0.013      0.028      0.454      0.650
    A3                 0.001      0.033      0.018      0.986
    A5                 0.001      0.025      0.020      0.984
    A6                -0.004      0.037     -0.113      0.910
    A7                 0.003      0.030      0.091      0.928
    A8                -0.002      0.024     -0.084      0.933
    C1                -0.007      0.043     -0.157      0.875
    C2                 0.031      0.043      0.727      0.467
    C3                 0.000      0.022     -0.001      1.000
    C4                 0.000      0.038     -0.013      0.990
    C5                -0.005      0.035     -0.135      0.893
    C6                -0.002      0.017     -0.101      0.920
    C7                 0.004      0.034      0.126      0.900
    C8                 0.002      0.031      0.078      0.938
    C9                 0.000      0.020     -0.016      0.988
    E1                 0.003      0.028      0.094      0.925
    E2                 0.005      0.037      0.136      0.892
    E3                -0.001      0.036     -0.026      0.979
    E4                -0.014      0.036     -0.387      0.698
    E5                 0.000      0.027     -0.005      0.996
    E6                -0.003      0.039     -0.079      0.937
    E7                -0.013      0.035     -0.365      0.715
    E8                -0.003      0.032     -0.104      0.917
    E9                -0.003      0.036     -0.090      0.929
    N1                 0.002      0.037      0.064      0.949
    N2                 0.011      0.033      0.331      0.740
    N3                 0.000      0.034     -0.008      0.994
    N4                 0.001      0.037      0.025      0.980
    N5                 0.003      0.026      0.115      0.909
    N6                 0.007      0.037      0.189      0.850
    N7                 0.001      0.029      0.042      0.967
    O1                 0.002      0.027      0.073      0.942
    O2                -0.029      0.037     -0.798      0.425
    O3                -0.002      0.029     -0.053      0.958
    O4                -0.004      0.044     -0.084      0.933
    O5                -0.003      0.040     -0.081      0.935
    O6                -0.001      0.034     -0.038      0.970
    O7                -0.019      0.041     -0.474      0.636
    O9                -0.008      0.038     -0.207      0.836

 Variances
    AGREE              1.000      0.000    999.000    999.000
    CONSC              1.000      0.000    999.000    999.000
    EXTRA              1.000      0.000    999.000    999.000
    NEURO              1.000      0.000    999.000    999.000
    OPEN               1.000      0.000    999.000    999.000

 Residual Variances
    A1                 0.152      0.013     11.925      0.000
    A2                 0.102      0.009     11.249      0.000
    A3                 0.147      0.014     10.676      0.000
    A5                 0.103      0.009     11.030      0.000
    A6                 0.361      0.029     12.673      0.000
    A7                 0.148      0.012     11.870      0.000
    A8                 0.133      0.011     12.640      0.000
    C1                 0.275      0.025     10.787      0.000
    C2                 0.296      0.024     12.247      0.000
    C3                 0.075      0.007     11.471      0.000
    C4                 0.187      0.020      9.335      0.000
    C5                 0.140      0.013     10.543      0.000
    C6                 0.045      0.004     11.293      0.000
    C7                 0.263      0.021     12.371      0.000
    C8                 0.266      0.020     13.055      0.000
    C9                 0.098      0.008     12.799      0.000
    E1                 0.124      0.011     11.199      0.000
    E2                 0.200      0.019     10.730      0.000
    E3                 0.276      0.024     11.415      0.000
    E4                 0.161      0.014     11.617      0.000
    E5                 0.092      0.008     11.040      0.000
    E6                 0.218      0.021     10.394      0.000
    E7                 0.291      0.023     12.786      0.000
    E8                 0.149      0.014     10.815      0.000
    E9                 0.266      0.021     12.518      0.000
    N1                 0.254      0.021     12.214      0.000
    N2                 0.148      0.013     11.321      0.000
    N3                 0.166      0.015     10.868      0.000
    N4                 0.220      0.019     11.897      0.000
    N5                 0.087      0.008     11.120      0.000
    N6                 0.214      0.021     10.392      0.000
    N7                 0.168      0.014     12.296      0.000
    O1                 0.090      0.009     10.244      0.000
    O2                 0.269      0.021     12.628      0.000
    O3                 0.108      0.009     11.455      0.000
    O4                 0.524      0.041     12.670      0.000
    O5                 0.366      0.029     12.465      0.000
    O6                 0.157      0.014     11.240      0.000
    O7                 0.195      0.017     11.182      0.000
    O9                 0.262      0.021     12.340      0.000


STANDARDIZED MODEL RESULTS


STDYX Standardization

                                                    Two-Tailed
                    Estimate       S.E.  Est./S.E.    P-Value

 AGREE    BY
    A1                -0.313      0.220     -1.421      0.155
    A2                 0.626      0.070      8.950      0.000
    A3                 0.759      0.039     19.679      0.000
    A5                 0.040      0.055      0.727      0.467
    A6                -0.196      0.167     -1.179      0.238
    A7                 0.662      0.039     17.194      0.000
    A8                -0.279      0.220     -1.272      0.203
    C1                 0.659      0.071      9.311      0.000
    C2                 0.004      0.033      0.120      0.905
    C3                 0.345      0.208      1.657      0.098
    C4                 0.063      0.268      0.234      0.815
    C5                 0.028      0.103      0.270      0.787
    C6                -0.116      0.114     -1.010      0.312
    C7                 0.130      0.251      0.520      0.603
    C8                 0.054      0.052      1.022      0.307
    C9                 0.114      0.078      1.457      0.145
    E1                -0.111      0.140     -0.796      0.426
    E2                 0.625      0.244      2.560      0.010
    E3                 0.086      0.071      1.203      0.229
    E4                -0.023      0.144     -0.163      0.871
    E5                 0.657      0.121      5.434      0.000
    E6                 0.118      0.157      0.748      0.454
    E7                 0.199      0.278      0.715      0.475
    E8                 0.083      0.171      0.487      0.626
    E9                 0.168      0.123      1.363      0.173
    N1                 0.407      0.106      3.849      0.000
    N2                 0.041      0.036      1.134      0.257
    N3                -0.030      0.034     -0.885      0.376
    N4                 0.344      0.208      1.650      0.099
    N5                 0.040      0.088      0.457      0.648
    N6                -0.257      0.087     -2.954      0.003
    N7                 0.084      0.065      1.295      0.195
    O1                 0.417      0.369      1.129      0.259
    O2                -0.089      0.219     -0.407      0.684
    O3                 0.056      0.299      0.189      0.850
    O4                -0.136      0.200     -0.681      0.496
    O5                -0.153      0.286     -0.536      0.592
    O6                 0.102      0.229      0.447      0.655
    O7                -0.135      0.260     -0.520      0.603
    O9                 0.168      0.164      1.024      0.306

 CONSC    BY
    A1                 0.034      0.063      0.541      0.588
    A2                -0.091      0.258     -0.351      0.725
    A3                 0.155      0.339      0.458      0.647
    A5                 0.076      0.097      0.786      0.432
    A6                -0.048      0.063     -0.763      0.445
    A7                -0.096      0.287     -0.333      0.739
    A8                -0.075      0.077     -0.977      0.328
    C1                 0.339      0.310      1.093      0.274
    C2                -0.277      0.067     -4.164      0.000
    C3                -0.316      0.230     -1.372      0.170
    C4                 0.755      0.081      9.325      0.000
    C5                 0.592      0.067      8.814      0.000
    C6                 0.525      0.061      8.603      0.000
    C7                -0.458      0.123     -3.726      0.000
    C8                 0.273      0.099      2.744      0.006
    C9                 0.375      0.078      4.818      0.000
    E1                 0.001      0.047      0.020      0.984
    E2                -0.412      0.262     -1.571      0.116
    E3                 0.067      0.130      0.515      0.607
    E4                 0.126      0.050      2.533      0.011
    E5                 0.122      0.323      0.378      0.705
    E6                -0.058      0.087     -0.664      0.507
    E7                -0.189      0.137     -1.377      0.169
    E8                 0.003      0.057      0.059      0.953
    E9                 0.039      0.060      0.647      0.517
    N1                 0.070      0.200      0.348      0.728
    N2                -0.121      0.122     -0.998      0.318
    N3                 0.059      0.116      0.511      0.609
    N4                -0.003      0.144     -0.020      0.984
    N5                -0.345      0.104     -3.308      0.001
    N6                 0.165      0.058      2.865      0.004
    N7                 0.068      0.119      0.571      0.568
    O1                -0.217      0.258     -0.839      0.402
    O2                 0.023      0.051      0.447      0.655
    O3                -0.025      0.117     -0.218      0.827
    O4                -0.055      0.061     -0.911      0.362
    O5                -0.139      0.059     -2.366      0.018
    O6                 0.115      0.174      0.662      0.508
    O7                 0.068      0.061      1.121      0.262
    O9                 0.153      0.149      1.024      0.306

 EXTRA    BY
    A1                 0.070      0.047      1.493      0.135
    A2                 0.177      0.061      2.915      0.004
    A3                 0.134      0.055      2.433      0.015
    A5                 0.737      0.034     21.891      0.000
    A6                 0.211      0.060      3.515      0.000
    A7                 0.146      0.056      2.617      0.009
    A8                 0.105      0.055      1.909      0.056
    C1                 0.067      0.056      1.203      0.229
    C2                 0.472      0.072      6.539      0.000
    C3                 0.527      0.054      9.802      0.000
    C4                 0.027      0.064      0.427      0.669
    C5                -0.166      0.083     -1.999      0.046
    C6                 0.004      0.033      0.127      0.899
    C7                 0.339      0.070      4.816      0.000
    C8                 0.111      0.061      1.830      0.067
    C9                -0.248      0.071     -3.500      0.000
    E1                 0.023      0.071      0.326      0.744
    E2                -0.052      0.044     -1.168      0.243
    E3                 0.042      0.057      0.737      0.461
    E4                -0.165      0.080     -2.060      0.039
    E5                 0.028      0.041      0.674      0.500
    E6                 0.396      0.068      5.817      0.000
    E7                -0.025      0.042     -0.607      0.544
    E8                 0.139      0.078      1.796      0.072
    E9                -0.272      0.076     -3.585      0.000
    N1                 0.445      0.048      9.216      0.000
    N2                 0.526      0.082      6.438      0.000
    N3                 0.726      0.049     14.670      0.000
    N4                -0.431      0.049     -8.878      0.000
    N5                 0.588      0.080      7.331      0.000
    N6                 0.761      0.034     22.441      0.000
    N7                 0.631      0.039     16.303      0.000
    O1                -0.157      0.051     -3.057      0.002
    O2                 0.009      0.046      0.208      0.835
    O3                -0.097      0.046     -2.110      0.035
    O4                 0.128      0.062      2.069      0.039
    O5                 0.052      0.049      1.054      0.292
    O6                 0.067      0.041      1.627      0.104
    O7                -0.060      0.042     -1.422      0.155
    O9                -0.206      0.049     -4.211      0.000

 NEURO    BY
    A1                 0.271      0.147      1.843      0.065
    A2                -0.199      0.137     -1.452      0.146
    A3                 0.038      0.099      0.382      0.703
    A5                 0.211      0.073      2.878      0.004
    A6                 0.400      0.095      4.207      0.000
    A7                -0.078      0.120     -0.649      0.516
    A8                 0.248      0.121      2.049      0.040
    C1                 0.067      0.072      0.939      0.348
    C2                -0.214      0.065     -3.276      0.001
    C3                 0.063      0.048      1.304      0.192
    C4                -0.080      0.086     -0.928      0.353
    C5                 0.147      0.095      1.551      0.121
    C6                -0.171      0.133     -1.283      0.200
    C7                 0.008      0.037      0.218      0.828
    C8                 0.102      0.088      1.158      0.247
    C9                 0.087      0.064      1.348      0.178
    E1                -0.725      0.045    -16.289      0.000
    E2                 0.076      0.125      0.609      0.542
    E3                -0.664      0.073     -9.125      0.000
    E4                 0.554      0.066      8.422      0.000
    E5                 0.183      0.071      2.578      0.010
    E6                 0.696      0.042     16.600      0.000
    E7                 0.277      0.056      4.972      0.000
    E8                 0.723      0.046     15.568      0.000
    E9                 0.484      0.063      7.681      0.000
    N1                -0.052      0.063     -0.823      0.411
    N2                -0.500      0.069     -7.276      0.000
    N3                -0.250      0.114     -2.202      0.028
    N4                 0.051      0.049      1.049      0.294
    N5                -0.252      0.064     -3.962      0.000
    N6                 0.083      0.123      0.680      0.496
    N7                -0.002      0.058     -0.031      0.975
    O1                -0.021      0.023     -0.918      0.359
    O2                 0.285      0.104      2.735      0.006
    O3                 0.076      0.097      0.781      0.435
    O4                -0.140      0.117     -1.199      0.230
    O5                 0.047      0.106      0.444      0.657
    O6                -0.134      0.123     -1.088      0.277
    O7                 0.067      0.132      0.504      0.614
    O9                -0.102      0.077     -1.327      0.184

 OPEN     BY
    A1                 0.560      0.074      7.544      0.000
    A2                -0.288      0.141     -2.033      0.042
    A3                -0.033      0.221     -0.151      0.880
    A5                -0.104      0.057     -1.826      0.068
    A6                 0.220      0.082      2.683      0.007
    A7                -0.154      0.161     -0.959      0.338
    A8                 0.422      0.080      5.268      0.000
    C1                 0.080      0.256      0.311      0.756
    C2                -0.219      0.105     -2.078      0.038
    C3                 0.102      0.082      1.244      0.214
    C4                 0.143      0.200      0.718      0.473
    C5                 0.309      0.182      1.694      0.090
    C6                 0.440      0.142      3.107      0.002
    C7                 0.120      0.075      1.593      0.111
    C8                 0.279      0.129      2.162      0.031
    C9                 0.196      0.149      1.313      0.189
    E1                -0.004      0.065     -0.058      0.954
    E2                 0.037      0.099      0.371      0.711
    E3                 0.422      0.108      3.921      0.000
    E4                 0.303      0.096      3.160      0.002
    E5                 0.258      0.243      1.062      0.288
    E6                -0.002      0.046     -0.037      0.971
    E7                 0.350      0.092      3.817      0.000
    E8                 0.110      0.084      1.314      0.189
    E9                 0.093      0.092      1.006      0.315
    N1                -0.213      0.124     -1.712      0.087
    N2                 0.082      0.062      1.320      0.187
    N3                 0.180      0.065      2.781      0.005
    N4                 0.454      0.149      3.053      0.002
    N5                -0.039      0.073     -0.536      0.592
    N6                 0.017      0.037      0.449      0.653
    N7                -0.036      0.063     -0.566      0.571
    O1                 0.677      0.160      4.228      0.000
    O2                 0.502      0.081      6.180      0.000
    O3                 0.745      0.111      6.740      0.000
    O4                 0.548      0.054     10.060      0.000
    O5                 0.608      0.054     11.249      0.000
    O6                 0.781      0.152      5.122      0.000
    O7                 0.763      0.087      8.787      0.000
    O9                 0.602      0.157      3.848      0.000

 CONSC    WITH
    AGREE             -0.063      0.127     -0.492      0.623

 EXTRA    WITH
    AGREE              0.189      0.048      3.941      0.000
    CONSC             -0.077      0.056     -1.378      0.168

 NEURO    WITH
    AGREE              0.067      0.069      0.970      0.332
    CONSC              0.088      0.092      0.947      0.343
    EXTRA             -0.157      0.066     -2.373      0.018

 OPEN     WITH
    AGREE              0.100      0.164      0.605      0.545
    CONSC              0.291      0.125      2.337      0.019
    EXTRA             -0.104      0.121     -0.857      0.392
    NEURO              0.410      0.108      3.811      0.000

 Intercepts
    A1                -0.009      0.053     -0.174      0.862
    A2                 0.024      0.053      0.454      0.650
    A3                 0.001      0.053      0.018      0.986
    A5                 0.001      0.053      0.020      0.984
    A6                -0.006      0.053     -0.113      0.910
    A7                 0.005      0.053      0.091      0.928
    A8                -0.004      0.053     -0.084      0.933
    C1                -0.008      0.053     -0.157      0.875
    C2                 0.038      0.053      0.727      0.468
    C3                 0.000      0.053     -0.001      1.000
    C4                -0.001      0.053     -0.013      0.990
    C5                -0.007      0.053     -0.135      0.893
    C6                -0.005      0.053     -0.101      0.920
    C7                 0.007      0.053      0.126      0.900
    C8                 0.004      0.053      0.078      0.938
    C9                -0.001      0.053     -0.016      0.988
    E1                 0.005      0.053      0.094      0.925
    E2                 0.007      0.053      0.136      0.892
    E3                -0.001      0.053     -0.026      0.979
    E4                -0.020      0.053     -0.387      0.698
    E5                 0.000      0.053     -0.005      0.996
    E6                -0.004      0.053     -0.079      0.937
    E7                -0.019      0.053     -0.365      0.715
    E8                -0.005      0.053     -0.104      0.917
    E9                -0.005      0.053     -0.090      0.929
    N1                 0.003      0.053      0.064      0.949
    N2                 0.017      0.053      0.331      0.740
    N3                 0.000      0.053     -0.008      0.994
    N4                 0.001      0.053      0.025      0.980
    N5                 0.006      0.053      0.115      0.909
    N6                 0.010      0.053      0.189      0.850
    N7                 0.002      0.053      0.042      0.967
    O1                 0.004      0.053      0.073      0.942
    O2                -0.042      0.053     -0.798      0.425
    O3                -0.003      0.053     -0.053      0.958
    O4                -0.004      0.053     -0.084      0.933
    O5                -0.004      0.053     -0.081      0.935
    O6                -0.002      0.053     -0.038      0.970
    O7                -0.025      0.053     -0.474      0.636
    O9                -0.011      0.053     -0.207      0.836

 Variances
    AGREE              1.000      0.000    999.000    999.000
    CONSC              1.000      0.000    999.000    999.000
    EXTRA              1.000      0.000    999.000    999.000
    NEURO              1.000      0.000    999.000    999.000
    OPEN               1.000      0.000    999.000    999.000

 Residual Variances
    A1                 0.439      0.039     11.391      0.000
    A2                 0.360      0.035     10.287      0.000
    A3                 0.365      0.037      9.866      0.000
    A5                 0.445      0.042     10.642      0.000
    A6                 0.714      0.044     16.104      0.000
    A7                 0.454      0.040     11.463      0.000
    A8                 0.664      0.044     15.004      0.000
    C1                 0.412      0.040     10.222      0.000
    C2                 0.449      0.038     11.756      0.000
    C3                 0.409      0.038     10.781      0.000
    C4                 0.363      0.041      8.772      0.000
    C5                 0.313      0.033      9.503      0.000
    C6                 0.431      0.040     10.782      0.000
    C7                 0.633      0.045     14.061      0.000
    C8                 0.760      0.042     18.302      0.000
    C9                 0.655      0.043     15.104      0.000
    E1                 0.444      0.041     10.787      0.000
    E2                 0.413      0.041     10.177      0.000
    E3                 0.583      0.048     12.169      0.000
    E4                 0.345      0.033     10.468      0.000
    E5                 0.349      0.035     10.061      0.000
    E6                 0.403      0.041      9.840      0.000
    E7                 0.666      0.044     15.280      0.000
    E8                 0.394      0.039     10.141      0.000
    E9                 0.567      0.043     13.313      0.000
    N1                 0.516      0.042     12.382      0.000
    N2                 0.388      0.037     10.516      0.000
    N3                 0.392      0.039     10.171      0.000
    N4                 0.444      0.039     11.403      0.000
    N5                 0.346      0.034     10.105      0.000
    N6                 0.430      0.043      9.982      0.000
    N7                 0.573      0.044     13.124      0.000
    O1                 0.335      0.036      9.384      0.000
    O2                 0.547      0.041     13.189      0.000
    O3                 0.366      0.035     10.480      0.000
    O4                 0.749      0.044     16.975      0.000
    O5                 0.641      0.045     14.328      0.000
    O6                 0.374      0.036     10.365      0.000
    O7                 0.320      0.032     10.005      0.000
    O9                 0.507      0.041     12.412      0.000


R-SQUARE

    Observed                                        Two-Tailed
    Variable        Estimate       S.E.  Est./S.E.    P-Value

    A1                 0.561      0.039     14.552      0.000
    A2                 0.640      0.035     18.250      0.000
    A3                 0.635      0.037     17.190      0.000
    A5                 0.555      0.042     13.275      0.000
    A6                 0.286      0.044      6.452      0.000
    A7                 0.546      0.040     13.801      0.000
    A8                 0.336      0.044      7.595      0.000
    C1                 0.588      0.040     14.590      0.000
    C2                 0.551      0.038     14.447      0.000
    C3                 0.591      0.038     15.551      0.000
    C4                 0.637      0.041     15.403      0.000
    C5                 0.687      0.033     20.901      0.000
    C6                 0.569      0.040     14.215      0.000
    C7                 0.367      0.045      8.143      0.000
    C8                 0.240      0.042      5.776      0.000
    C9                 0.345      0.043      7.944      0.000
    E1                 0.556      0.041     13.513      0.000
    E2                 0.587      0.041     14.493      0.000
    E3                 0.417      0.048      8.699      0.000
    E4                 0.655      0.033     19.859      0.000
    E5                 0.651      0.035     18.777      0.000
    E6                 0.597      0.041     14.565      0.000
    E7                 0.334      0.044      7.680      0.000
    E8                 0.606      0.039     15.599      0.000
    E9                 0.433      0.043     10.176      0.000
    N1                 0.484      0.042     11.598      0.000
    N2                 0.612      0.037     16.584      0.000
    N3                 0.608      0.039     15.794      0.000
    N4                 0.556      0.039     14.302      0.000
    N5                 0.654      0.034     19.094      0.000
    N6                 0.570      0.043     13.233      0.000
    N7                 0.427      0.044      9.782      0.000
    O1                 0.665      0.036     18.623      0.000
    O2                 0.453      0.041     10.919      0.000
    O3                 0.634      0.035     18.152      0.000
    O4                 0.251      0.044      5.687      0.000
    O5                 0.359      0.045      8.015      0.000
    O6                 0.626      0.036     17.333      0.000
    O7                 0.680      0.032     21.251      0.000
    O9                 0.493      0.041     12.073      0.000


QUALITY OF NUMERICAL RESULTS

     Condition Number for the Information Matrix              0.203E-03
       (ratio of smallest to largest eigenvalue)


MODEL MODIFICATION INDICES

NOTE:  Modification indices for direct effects of observed dependent variables
regressed on covariates may not be included.  To include these, request
MODINDICES (ALL).

Minimum M.I. value for printing the modification index     4.000

                                   M.I.     E.P.C.  Std E.P.C.  StdYX E.P.C.

WITH Statements

A3       WITH A1                   4.008     0.019      0.019        0.125
A5       WITH A2                   8.893     0.019      0.019        0.186
A6       WITH A1                  13.571     0.050      0.050        0.212
A6       WITH A3                   7.810     0.039      0.039        0.168
A7       WITH A5                  10.263    -0.024     -0.024       -0.195
A8       WITH A1                   6.287     0.021      0.021        0.145
A8       WITH A2                   6.276    -0.017     -0.017       -0.148
C1       WITH A3                  12.396     0.049      0.049        0.242
C1       WITH A8                   9.289     0.035      0.035        0.182
C2       WITH A2                  12.376     0.036      0.036        0.209
C2       WITH A6                   5.212     0.042      0.042        0.128
C3       WITH C1                  16.292    -0.036     -0.036       -0.250
C3       WITH C2                   4.936    -0.020     -0.020       -0.131
C4       WITH A5                   4.300    -0.020     -0.020       -0.141
C4       WITH C1                   7.237    -0.044     -0.044       -0.192
C4       WITH C2                   6.039     0.038      0.038        0.160
C5       WITH A3                  11.647    -0.032     -0.032       -0.224
C5       WITH A5                   4.246    -0.016     -0.016       -0.132
C5       WITH C2                  21.252    -0.058     -0.058       -0.285
C5       WITH C3                   4.859     0.014      0.014        0.140
C6       WITH A7                   4.514    -0.010     -0.010       -0.129
C6       WITH C2                   9.457     0.021      0.021        0.182
C6       WITH C3                   5.233    -0.008     -0.008       -0.140
C6       WITH C4                  15.220     0.026      0.026        0.283
C7       WITH A5                  11.056    -0.033     -0.033       -0.199
C7       WITH A8                   5.549     0.025      0.025        0.133
C8       WITH A5                  11.441    -0.033     -0.033       -0.197
C8       WITH A8                   5.365    -0.024     -0.024       -0.127
C8       WITH C3                  11.064     0.027      0.027        0.190
C8       WITH C5                   7.393     0.031      0.031        0.163
C8       WITH C7                   8.085     0.042      0.042        0.158
C9       WITH A8                   4.316     0.013      0.013        0.115
C9       WITH C4                   4.711     0.019      0.019        0.140
E1       WITH A6                   5.010     0.028      0.028        0.132
E1       WITH C3                   5.969     0.014      0.014        0.150
E2       WITH A5                   6.584    -0.023     -0.023       -0.163
E2       WITH C2                   6.913    -0.039     -0.039       -0.158
E2       WITH C3                  33.990     0.045      0.045        0.368
E2       WITH C5                   9.196     0.033      0.033        0.200
E2       WITH C6                   9.518    -0.019     -0.019       -0.198
E3       WITH A5                   4.454     0.022      0.022        0.131
E3       WITH C1                   4.167    -0.035     -0.035       -0.127
E3       WITH C2                   4.878    -0.037     -0.037       -0.130
E3       WITH E1                   8.933     0.035      0.035        0.189
E4       WITH C3                   9.743     0.021      0.021        0.188
E4       WITH C9                   5.590     0.017      0.017        0.136
E4       WITH E1                  22.107     0.042      0.042        0.295
E4       WITH E3                   7.053     0.034      0.034        0.162
E5       WITH A2                  11.828    -0.021     -0.021       -0.219
E5       WITH A8                   4.098     0.013      0.013        0.119
E5       WITH C1                  51.674     0.076      0.076        0.475
E5       WITH C2                   4.334     0.021      0.021        0.124
E5       WITH C3                   8.989    -0.015     -0.015       -0.186
E5       WITH C5                   8.030    -0.021     -0.021       -0.182
E5       WITH E1                   4.777    -0.015     -0.015       -0.137
E5       WITH E2                   7.647    -0.024     -0.024       -0.178
E5       WITH E4                  14.330    -0.028     -0.028       -0.232
E6       WITH A1                  13.873    -0.043     -0.043       -0.234
E6       WITH A5                   4.051     0.020      0.020        0.135
E6       WITH E1                  11.126    -0.037     -0.037       -0.226
E6       WITH E2                  10.302    -0.044     -0.044       -0.209
E6       WITH E5                  11.251     0.031      0.031        0.217
E7       WITH C1                  20.151    -0.075     -0.075       -0.265
E7       WITH C4                  11.194     0.050      0.050        0.214
E8       WITH A1                   4.099     0.019      0.019        0.125
E8       WITH A3                   5.932     0.023      0.023        0.157
E8       WITH A6                   4.260     0.029      0.029        0.124
E8       WITH C4                   5.336     0.026      0.026        0.158
E8       WITH C6                   9.517     0.016      0.016        0.194
E8       WITH E1                  11.751    -0.031     -0.031       -0.228
E8       WITH E3                   7.667    -0.036     -0.036       -0.178
E8       WITH E6                   4.648    -0.027     -0.027       -0.152
E9       WITH A1                   6.628    -0.030     -0.030       -0.148
E9       WITH A3                   6.045    -0.029     -0.029       -0.149
E9       WITH A8                   5.959     0.026      0.026        0.137
E9       WITH C5                   6.844     0.031      0.031        0.159
E9       WITH C9                   9.734     0.028      0.028        0.174
E9       WITH E2                   7.200     0.037      0.037        0.161
E9       WITH E5                   9.106    -0.028     -0.028       -0.180
E9       WITH E6                   5.101     0.034      0.034        0.139
E9       WITH E8                   6.574    -0.031     -0.031       -0.156
N1       WITH A2                  13.248     0.035      0.035        0.220
N1       WITH A3                  10.166    -0.038     -0.038       -0.199
N1       WITH A5                  21.969     0.046      0.046        0.284
N1       WITH A6                  18.310    -0.073     -0.073       -0.241
N1       WITH A8                   4.325    -0.022     -0.022       -0.118
N1       WITH C2                   5.470    -0.037     -0.037       -0.134
N1       WITH E1                   4.229     0.022      0.022        0.122
N1       WITH E3                   4.770     0.034      0.034        0.129
N2       WITH A5                   6.018    -0.019     -0.019       -0.153
N2       WITH E4                  14.503    -0.036     -0.036       -0.236
N3       WITH A2                   9.371    -0.025     -0.025       -0.193
N3       WITH A5                   7.964    -0.024     -0.024       -0.185
N3       WITH C2                   7.049    -0.036     -0.036       -0.162
N3       WITH C3                  14.826     0.027      0.027        0.243
N3       WITH C5                   4.613     0.021      0.021        0.139
N3       WITH C8                   6.339     0.031      0.031        0.148
N3       WITH E2                   6.348     0.030      0.030        0.162
N3       WITH E3                  11.509    -0.046     -0.046       -0.213
N3       WITH E4                   6.495    -0.026     -0.026       -0.158
N3       WITH E7                   6.044    -0.032     -0.032       -0.146
N3       WITH N2                  10.042     0.033      0.033        0.207
N4       WITH A8                   6.503     0.025      0.025        0.146
N4       WITH C1                   5.466    -0.035     -0.035       -0.143
N4       WITH C3                   5.880     0.019      0.019        0.145
N4       WITH C5                   4.164    -0.022     -0.022       -0.127
N4       WITH C8                   5.513     0.032      0.032        0.133
N4       WITH E2                   4.948     0.029      0.029        0.138
N4       WITH E7                   5.317    -0.033     -0.033       -0.132
N5       WITH A2                   5.799     0.014      0.014        0.150
N5       WITH A6                  11.412     0.035      0.035        0.198
N5       WITH A8                   4.374     0.013      0.013        0.123
N5       WITH C2                  62.070     0.077      0.077        0.477
N5       WITH C3                   4.593    -0.011     -0.011       -0.135
N5       WITH C6                   9.703     0.012      0.012        0.193
N5       WITH E1                   4.443    -0.014     -0.014       -0.131
N5       WITH E8                   4.959     0.016      0.016        0.140
N6       WITH A2                  10.502    -0.031     -0.031       -0.207
N6       WITH A3                  12.329    -0.041     -0.041       -0.229
N6       WITH A5                  18.156     0.043      0.043        0.290
N6       WITH A6                  13.338    -0.062     -0.062       -0.221
N6       WITH C3                   5.764     0.019      0.019        0.152
N6       WITH C6                  34.150    -0.037     -0.037       -0.374
N6       WITH E2                   5.314     0.032      0.032        0.153
N6       WITH E3                  21.336     0.071      0.071        0.292
N6       WITH E4                   9.401     0.036      0.036        0.192
N6       WITH E8                  10.243    -0.037     -0.037       -0.209
N6       WITH N1                   7.550     0.040      0.040        0.170
N6       WITH N5                   7.852    -0.025     -0.025       -0.181
N7       WITH A3                  13.825     0.036      0.036        0.227
N7       WITH A6                  13.595     0.051      0.051        0.208
N7       WITH A7                   5.403     0.021      0.021        0.135
N7       WITH C3                   6.381     0.017      0.017        0.149
N7       WITH E5                  11.442    -0.025     -0.025       -0.202
N7       WITH N1                   8.516    -0.035     -0.035       -0.168
N7       WITH N4                   8.014     0.032      0.032        0.165
O1       WITH A3                   5.849    -0.018     -0.018       -0.161
O1       WITH A6                  10.491    -0.036     -0.036       -0.198
O1       WITH C1                   4.008    -0.021     -0.021       -0.131
O1       WITH C7                  12.485    -0.034     -0.034       -0.221
O1       WITH E7                   5.816     0.024      0.024        0.149
O1       WITH E9                   7.874     0.027      0.027        0.173
O1       WITH N7                   7.073    -0.020     -0.020       -0.165
O2       WITH A2                   7.860    -0.027     -0.027       -0.165
O2       WITH A8                   6.772    -0.027     -0.027       -0.145
O2       WITH C2                  12.502    -0.056     -0.056       -0.199
O2       WITH C3                   7.288     0.022      0.022        0.157
O2       WITH C5                   8.660     0.034      0.034        0.177
O2       WITH C9                   8.767    -0.027     -0.027       -0.164
O2       WITH E1                   8.354     0.031      0.031        0.170
O2       WITH E2                  22.071     0.065      0.065        0.280
O2       WITH E5                   4.431    -0.020     -0.020       -0.124
O2       WITH E8                   5.672     0.028      0.028        0.143
O2       WITH N5                  10.749    -0.029     -0.029       -0.192
O2       WITH N7                   8.037     0.034      0.034        0.160
O3       WITH A1                  18.251     0.033      0.033        0.258
O3       WITH A7                   4.594    -0.016     -0.016       -0.128
O3       WITH C2                   8.744     0.031      0.031        0.174
O3       WITH C3                   7.405    -0.015     -0.015       -0.165
O3       WITH C5                   7.487    -0.021     -0.021       -0.172
O3       WITH E2                  12.088    -0.032     -0.032       -0.216
O3       WITH E3                   5.137    -0.024     -0.024       -0.138
O3       WITH E4                   4.795    -0.017     -0.017       -0.132
O3       WITH E5                   8.715     0.018      0.018        0.182
O3       WITH N5                   6.057     0.015      0.015        0.151
O3       WITH N6                   5.004    -0.021     -0.021       -0.141
O3       WITH O1                   4.051     0.013      0.013        0.134
O3       WITH O2                  24.326    -0.049     -0.049       -0.288
O4       WITH A2                  10.833     0.045      0.045        0.193
O4       WITH C3                   9.218    -0.035     -0.035       -0.176
O4       WITH C4                   4.181    -0.041     -0.041       -0.130
O4       WITH C8                  12.798    -0.073     -0.073       -0.196
O4       WITH C9                  18.447     0.054      0.054        0.237
O4       WITH E2                   7.396    -0.052     -0.052       -0.161
O4       WITH E6                  11.435     0.069      0.069        0.205
O4       WITH N3                   6.314    -0.044     -0.044       -0.150
O4       WITH N4                   7.828    -0.054     -0.054       -0.160
O5       WITH A2                   5.184     0.026      0.026        0.135
O5       WITH C3                  10.022    -0.031     -0.031       -0.185
O5       WITH E8                   4.821     0.031      0.031        0.132
O5       WITH N7                   5.342    -0.033     -0.033       -0.131
O5       WITH O4                  32.212     0.140      0.140        0.319
O6       WITH C9                  13.221    -0.026     -0.026       -0.213
O6       WITH E5                   6.785     0.020      0.020        0.163
O6       WITH E9                   4.355    -0.025     -0.025       -0.123
O6       WITH N1                   4.359    -0.025     -0.025       -0.125
O6       WITH N2                   9.052    -0.029     -0.029       -0.188
O6       WITH N5                   7.586    -0.020     -0.020       -0.171
O7       WITH A2                   5.646     0.021      0.021        0.150
O7       WITH A8                  10.939    -0.032     -0.032       -0.196
O7       WITH C9                  11.022    -0.027     -0.027       -0.194
O7       WITH E4                   4.742     0.024      0.024        0.134
O7       WITH O2                  14.789     0.052      0.052        0.229
O7       WITH O3                   6.692    -0.024     -0.024       -0.165
O7       WITH O6                  15.290     0.044      0.044        0.253
O9       WITH A6                   6.277     0.043      0.043        0.141
O9       WITH C7                   4.916    -0.033     -0.033       -0.126
O9       WITH C8                   6.084    -0.036     -0.036       -0.137
O9       WITH C9                  21.180     0.041      0.041        0.258
O9       WITH N4                   4.817     0.031      0.031        0.128
O9       WITH N5                  10.256     0.029      0.029        0.190
O9       WITH O2                  11.203    -0.050     -0.050       -0.189
O9       WITH O4                  10.070     0.066      0.066        0.179


DIAGRAM INFORMATION

  Use View Diagram under the Diagram menu in the Mplus Editor to view the diagram.
  If running Mplus from the Mplus Diagrammer, the diagram opens automatically.

  Diagram output
    f:\ipip paper\sample_usa\cfa\gesamtmodell\esem\esem_all facets on all domains without o8 + a4.dg

     Beginning Time:  14:19:07
        Ending Time:  14:19:10
       Elapsed Time:  00:00:03



MUTHEN & MUTHEN
3463 Stoner Ave.
Los Angeles, CA  90066

Tel: (310) 391-9971
Fax: (310) 391-8971
Web: www.StatModel.com
Support: Support@StatModel.com

Copyright (c) 1998-2013 Muthen & Muthen
