Mplus VERSION 7.1
MUTHEN & MUTHEN
06/09/2015   2:22 PM

INPUT INSTRUCTIONS

  TITLE:

  DATA:
  FILE IS  "factorscores_CFA.txt";
  Variable:
  Names are
  VPN
  A1
  A2
  A3
  A4
  A5
  A6
  A7
  A8
  C1
  C2
  C3
  C4
  C5
  C6
  C7
  C8
  C9
  E1
  E2
  E3
  E4
  E5
  E6
  E7
  E8
  E9
  N1
  N2
  N3
  N4
  N5
  N6
  N7
  O1
  O2
  O3
  O4
  O5
  O6
  O7
  O8
  O9
  ;

  USEVARIABLES ARE
  A1
  A2
  A3
  A4
  A6
  A7
  A8
  C1
  C2
  C3
  C4
  C5
  C6
  C7
  C8
  C9
  E1
  E2
  E3
  E4
  E5
  E6
  E7
  E8
  E9
  N1
  N2
  N3
  N4
  N5
  N6
  N7
  O1
  O2
  O3
  O4
  O5
  O6
  O7
  O9
  ;

  MISSING ARE ALL (-99);

  Model:

  agree consc extra neuro open by
  A1
  A2
  A3
  A4
  A6
  A7
  A8
  C1
  C2
  C3
  C4
  C5
  C6
  C7
  C8
  C9
  E1
  E2
  E3
  E4
  E5
  E6
  E7
  E8
  E9
  N1
  N2
  N3
  N4
  N5
  N6
  N7
  O1
  O2
  O3
  O4
  O5
  O6
  O7
  O9
  (*1);

  !SE by
  !agree
  !consc
  !extra
  !neuro
  !open;

  Analysis:
  ESTIMATOR IS ML;
  iterations = 10000;

  OUTPUT: STDYX MODINDICES(4);



INPUT READING TERMINATED NORMALLY




SUMMARY OF ANALYSIS

Number of groups                                                 1
Number of observations                                         361

Number of dependent variables                                   40
Number of independent variables                                  0
Number of continuous latent variables                            5

Observed dependent variables

  Continuous
   A1          A2          A3          A4          A6          A7
   A8          C1          C2          C3          C4          C5
   C6          C7          C8          C9          E1          E2
   E3          E4          E5          E6          E7          E8
   E9          N1          N2          N3          N4          N5
   N6          N7          O1          O2          O3          O4
   O5          O6          O7          O9

Continuous latent variables

  EFA factors
  *1:   AGREE       CONSC       EXTRA       NEURO       OPEN


Estimator                                                       ML
Rotation                                                    GEOMIN
Row standardization                                    CORRELATION
Type of rotation                                           OBLIQUE
Epsilon value                                               Varies
Information matrix                                        OBSERVED
Maximum number of iterations                                 10000
Convergence criterion                                    0.500D-04
Maximum number of steepest descent iterations                   20
Maximum number of iterations for H1                           2000
Convergence criterion for H1                             0.100D-03
Optimization Specifications for the Exploratory Factor Analysis
Rotation Algorithm
  Number of random starts                                       30
  Maximum number of iterations                               10000
  Derivative convergence criterion                       0.100D-04

Input data file(s)
  factorscores_CFA.txt

Input data format  FREE


SUMMARY OF DATA

     Number of missing data patterns             1


COVARIANCE COVERAGE OF DATA

Minimum covariance coverage value   0.100


     PROPORTION OF DATA PRESENT


           Covariance Coverage
              A1            A2            A3            A4            A6
              ________      ________      ________      ________      ________
 A1             1.000
 A2             1.000         1.000
 A3             1.000         1.000         1.000
 A4             1.000         1.000         1.000         1.000
 A6             1.000         1.000         1.000         1.000         1.000
 A7             1.000         1.000         1.000         1.000         1.000
 A8             1.000         1.000         1.000         1.000         1.000
 C1             1.000         1.000         1.000         1.000         1.000
 C2             1.000         1.000         1.000         1.000         1.000
 C3             1.000         1.000         1.000         1.000         1.000
 C4             1.000         1.000         1.000         1.000         1.000
 C5             1.000         1.000         1.000         1.000         1.000
 C6             1.000         1.000         1.000         1.000         1.000
 C7             1.000         1.000         1.000         1.000         1.000
 C8             1.000         1.000         1.000         1.000         1.000
 C9             1.000         1.000         1.000         1.000         1.000
 E1             1.000         1.000         1.000         1.000         1.000
 E2             1.000         1.000         1.000         1.000         1.000
 E3             1.000         1.000         1.000         1.000         1.000
 E4             1.000         1.000         1.000         1.000         1.000
 E5             1.000         1.000         1.000         1.000         1.000
 E6             1.000         1.000         1.000         1.000         1.000
 E7             1.000         1.000         1.000         1.000         1.000
 E8             1.000         1.000         1.000         1.000         1.000
 E9             1.000         1.000         1.000         1.000         1.000
 N1             1.000         1.000         1.000         1.000         1.000
 N2             1.000         1.000         1.000         1.000         1.000
 N3             1.000         1.000         1.000         1.000         1.000
 N4             1.000         1.000         1.000         1.000         1.000
 N5             1.000         1.000         1.000         1.000         1.000
 N6             1.000         1.000         1.000         1.000         1.000
 N7             1.000         1.000         1.000         1.000         1.000
 O1             1.000         1.000         1.000         1.000         1.000
 O2             1.000         1.000         1.000         1.000         1.000
 O3             1.000         1.000         1.000         1.000         1.000
 O4             1.000         1.000         1.000         1.000         1.000
 O5             1.000         1.000         1.000         1.000         1.000
 O6             1.000         1.000         1.000         1.000         1.000
 O7             1.000         1.000         1.000         1.000         1.000
 O9             1.000         1.000         1.000         1.000         1.000


           Covariance Coverage
              A7            A8            C1            C2            C3
              ________      ________      ________      ________      ________
 A7             1.000
 A8             1.000         1.000
 C1             1.000         1.000         1.000
 C2             1.000         1.000         1.000         1.000
 C3             1.000         1.000         1.000         1.000         1.000
 C4             1.000         1.000         1.000         1.000         1.000
 C5             1.000         1.000         1.000         1.000         1.000
 C6             1.000         1.000         1.000         1.000         1.000
 C7             1.000         1.000         1.000         1.000         1.000
 C8             1.000         1.000         1.000         1.000         1.000
 C9             1.000         1.000         1.000         1.000         1.000
 E1             1.000         1.000         1.000         1.000         1.000
 E2             1.000         1.000         1.000         1.000         1.000
 E3             1.000         1.000         1.000         1.000         1.000
 E4             1.000         1.000         1.000         1.000         1.000
 E5             1.000         1.000         1.000         1.000         1.000
 E6             1.000         1.000         1.000         1.000         1.000
 E7             1.000         1.000         1.000         1.000         1.000
 E8             1.000         1.000         1.000         1.000         1.000
 E9             1.000         1.000         1.000         1.000         1.000
 N1             1.000         1.000         1.000         1.000         1.000
 N2             1.000         1.000         1.000         1.000         1.000
 N3             1.000         1.000         1.000         1.000         1.000
 N4             1.000         1.000         1.000         1.000         1.000
 N5             1.000         1.000         1.000         1.000         1.000
 N6             1.000         1.000         1.000         1.000         1.000
 N7             1.000         1.000         1.000         1.000         1.000
 O1             1.000         1.000         1.000         1.000         1.000
 O2             1.000         1.000         1.000         1.000         1.000
 O3             1.000         1.000         1.000         1.000         1.000
 O4             1.000         1.000         1.000         1.000         1.000
 O5             1.000         1.000         1.000         1.000         1.000
 O6             1.000         1.000         1.000         1.000         1.000
 O7             1.000         1.000         1.000         1.000         1.000
 O9             1.000         1.000         1.000         1.000         1.000


           Covariance Coverage
              C4            C5            C6            C7            C8
              ________      ________      ________      ________      ________
 C4             1.000
 C5             1.000         1.000
 C6             1.000         1.000         1.000
 C7             1.000         1.000         1.000         1.000
 C8             1.000         1.000         1.000         1.000         1.000
 C9             1.000         1.000         1.000         1.000         1.000
 E1             1.000         1.000         1.000         1.000         1.000
 E2             1.000         1.000         1.000         1.000         1.000
 E3             1.000         1.000         1.000         1.000         1.000
 E4             1.000         1.000         1.000         1.000         1.000
 E5             1.000         1.000         1.000         1.000         1.000
 E6             1.000         1.000         1.000         1.000         1.000
 E7             1.000         1.000         1.000         1.000         1.000
 E8             1.000         1.000         1.000         1.000         1.000
 E9             1.000         1.000         1.000         1.000         1.000
 N1             1.000         1.000         1.000         1.000         1.000
 N2             1.000         1.000         1.000         1.000         1.000
 N3             1.000         1.000         1.000         1.000         1.000
 N4             1.000         1.000         1.000         1.000         1.000
 N5             1.000         1.000         1.000         1.000         1.000
 N6             1.000         1.000         1.000         1.000         1.000
 N7             1.000         1.000         1.000         1.000         1.000
 O1             1.000         1.000         1.000         1.000         1.000
 O2             1.000         1.000         1.000         1.000         1.000
 O3             1.000         1.000         1.000         1.000         1.000
 O4             1.000         1.000         1.000         1.000         1.000
 O5             1.000         1.000         1.000         1.000         1.000
 O6             1.000         1.000         1.000         1.000         1.000
 O7             1.000         1.000         1.000         1.000         1.000
 O9             1.000         1.000         1.000         1.000         1.000


           Covariance Coverage
              C9            E1            E2            E3            E4
              ________      ________      ________      ________      ________
 C9             1.000
 E1             1.000         1.000
 E2             1.000         1.000         1.000
 E3             1.000         1.000         1.000         1.000
 E4             1.000         1.000         1.000         1.000         1.000
 E5             1.000         1.000         1.000         1.000         1.000
 E6             1.000         1.000         1.000         1.000         1.000
 E7             1.000         1.000         1.000         1.000         1.000
 E8             1.000         1.000         1.000         1.000         1.000
 E9             1.000         1.000         1.000         1.000         1.000
 N1             1.000         1.000         1.000         1.000         1.000
 N2             1.000         1.000         1.000         1.000         1.000
 N3             1.000         1.000         1.000         1.000         1.000
 N4             1.000         1.000         1.000         1.000         1.000
 N5             1.000         1.000         1.000         1.000         1.000
 N6             1.000         1.000         1.000         1.000         1.000
 N7             1.000         1.000         1.000         1.000         1.000
 O1             1.000         1.000         1.000         1.000         1.000
 O2             1.000         1.000         1.000         1.000         1.000
 O3             1.000         1.000         1.000         1.000         1.000
 O4             1.000         1.000         1.000         1.000         1.000
 O5             1.000         1.000         1.000         1.000         1.000
 O6             1.000         1.000         1.000         1.000         1.000
 O7             1.000         1.000         1.000         1.000         1.000
 O9             1.000         1.000         1.000         1.000         1.000


           Covariance Coverage
              E5            E6            E7            E8            E9
              ________      ________      ________      ________      ________
 E5             1.000
 E6             1.000         1.000
 E7             1.000         1.000         1.000
 E8             1.000         1.000         1.000         1.000
 E9             1.000         1.000         1.000         1.000         1.000
 N1             1.000         1.000         1.000         1.000         1.000
 N2             1.000         1.000         1.000         1.000         1.000
 N3             1.000         1.000         1.000         1.000         1.000
 N4             1.000         1.000         1.000         1.000         1.000
 N5             1.000         1.000         1.000         1.000         1.000
 N6             1.000         1.000         1.000         1.000         1.000
 N7             1.000         1.000         1.000         1.000         1.000
 O1             1.000         1.000         1.000         1.000         1.000
 O2             1.000         1.000         1.000         1.000         1.000
 O3             1.000         1.000         1.000         1.000         1.000
 O4             1.000         1.000         1.000         1.000         1.000
 O5             1.000         1.000         1.000         1.000         1.000
 O6             1.000         1.000         1.000         1.000         1.000
 O7             1.000         1.000         1.000         1.000         1.000
 O9             1.000         1.000         1.000         1.000         1.000


           Covariance Coverage
              N1            N2            N3            N4            N5
              ________      ________      ________      ________      ________
 N1             1.000
 N2             1.000         1.000
 N3             1.000         1.000         1.000
 N4             1.000         1.000         1.000         1.000
 N5             1.000         1.000         1.000         1.000         1.000
 N6             1.000         1.000         1.000         1.000         1.000
 N7             1.000         1.000         1.000         1.000         1.000
 O1             1.000         1.000         1.000         1.000         1.000
 O2             1.000         1.000         1.000         1.000         1.000
 O3             1.000         1.000         1.000         1.000         1.000
 O4             1.000         1.000         1.000         1.000         1.000
 O5             1.000         1.000         1.000         1.000         1.000
 O6             1.000         1.000         1.000         1.000         1.000
 O7             1.000         1.000         1.000         1.000         1.000
 O9             1.000         1.000         1.000         1.000         1.000


           Covariance Coverage
              N6            N7            O1            O2            O3
              ________      ________      ________      ________      ________
 N6             1.000
 N7             1.000         1.000
 O1             1.000         1.000         1.000
 O2             1.000         1.000         1.000         1.000
 O3             1.000         1.000         1.000         1.000         1.000
 O4             1.000         1.000         1.000         1.000         1.000
 O5             1.000         1.000         1.000         1.000         1.000
 O6             1.000         1.000         1.000         1.000         1.000
 O7             1.000         1.000         1.000         1.000         1.000
 O9             1.000         1.000         1.000         1.000         1.000


           Covariance Coverage
              O4            O5            O6            O7            O9
              ________      ________      ________      ________      ________
 O4             1.000
 O5             1.000         1.000
 O6             1.000         1.000         1.000
 O7             1.000         1.000         1.000         1.000
 O9             1.000         1.000         1.000         1.000         1.000



THE MODEL ESTIMATION TERMINATED NORMALLY



MODEL FIT INFORMATION

Number of Free Parameters                      270

Loglikelihood

          H0 Value                       -9841.258
          H1 Value                       -8987.941

Information Criteria

          Akaike (AIC)                   20222.515
          Bayesian (BIC)                 21272.512
          Sample-Size Adjusted BIC       20415.929
            (n* = (n + 2) / 24)

Chi-Square Test of Model Fit

          Value                           1706.634
          Degrees of Freedom                   590
          P-Value                           0.0000

RMSEA (Root Mean Square Error Of Approximation)

          Estimate                           0.072
          90 Percent C.I.                    0.068  0.076
          Probability RMSEA <= .05           0.000

CFI/TLI

          CFI                                0.861
          TLI                                0.816

Chi-Square Test of Model Fit for the Baseline Model

          Value                           8814.868
          Degrees of Freedom                   780
          P-Value                           0.0000

SRMR (Standardized Root Mean Square Residual)

          Value                              0.038



MODEL RESULTS

                                                    Two-Tailed
                    Estimate       S.E.  Est./S.E.    P-Value

 AGREE    BY
    A1                -0.179      0.041     -4.375      0.000
    A2                 0.332      0.025     13.288      0.000
    A3                 0.478      0.029     16.219      0.000
    A4                 0.014      0.016      0.831      0.406
    A6                -0.126      0.050     -2.536      0.011
    A7                 0.378      0.027     14.052      0.000
    A8                -0.119      0.033     -3.668      0.000
    C1                 0.529      0.039     13.720      0.000
    C2                 0.008      0.027      0.288      0.773
    C3                 0.158      0.029      5.392      0.000
    C4                 0.017      0.034      0.493      0.622
    C5                 0.004      0.017      0.248      0.804
    C6                -0.051      0.016     -3.177      0.001
    C7                 0.097      0.047      2.072      0.038
    C8                 0.026      0.029      0.878      0.380
    C9                 0.036      0.019      1.917      0.055
    E1                -0.082      0.034     -2.387      0.017
    E2                 0.446      0.043     10.475      0.000
    E3                 0.032      0.026      1.245      0.213
    E4                 0.002      0.027      0.059      0.953
    E5                 0.340      0.028     12.327      0.000
    E6                 0.130      0.057      2.273      0.023
    E7                 0.147      0.052      2.834      0.005
    E8                 0.078      0.044      1.752      0.080
    E9                 0.130      0.038      3.444      0.001
    N1                 0.293      0.036      8.160      0.000
    N2                 0.013      0.020      0.678      0.498
    N3                -0.027      0.024     -1.121      0.262
    N4                 0.231      0.041      5.605      0.000
    N5                 0.023      0.019      1.209      0.227
    N6                -0.161      0.040     -4.052      0.000
    N7                 0.048      0.028      1.734      0.083
    O1                 0.218      0.043      5.090      0.000
    O2                -0.053      0.045     -1.172      0.241
    O3                 0.028      0.036      0.777      0.437
    O4                -0.116      0.056     -2.056      0.040
    O5                -0.110      0.058     -1.879      0.060
    O6                 0.056      0.041      1.352      0.177
    O7                -0.108      0.054     -1.998      0.046
    O9                 0.103      0.041      2.501      0.012

 CONSC    BY
    A1                 0.018      0.022      0.821      0.412
    A2                -0.021      0.020     -1.088      0.277
    A3                 0.138      0.046      3.021      0.003
    A4                 0.093      0.026      3.548      0.000
    A6                -0.001      0.032     -0.032      0.975
    A7                -0.016      0.026     -0.601      0.548
    A8                -0.029      0.022     -1.292      0.196
    C1                 0.292      0.068      4.301      0.000
    C2                -0.160      0.052     -3.052      0.002
    C3                -0.097      0.030     -3.225      0.001
    C4                 0.538      0.048     11.200      0.000
    C5                 0.364      0.045      8.008      0.000
    C6                 0.166      0.021      7.740      0.000
    C7                -0.250      0.041     -6.144      0.000
    C8                 0.172      0.040      4.334      0.000
    C9                 0.134      0.026      5.092      0.000
    E1                 0.004      0.019      0.186      0.852
    E2                -0.252      0.042     -5.988      0.000
    E3                 0.039      0.041      0.950      0.342
    E4                 0.058      0.031      1.880      0.060
    E5                 0.068      0.043      1.575      0.115
    E6                -0.031      0.033     -0.944      0.345
    E7                -0.122      0.042     -2.915      0.004
    E8                 0.013      0.024      0.541      0.588
    E9                 0.005      0.029      0.183      0.855
    N1                 0.064      0.039      1.631      0.103
    N2                -0.026      0.028     -0.918      0.358
    N3                 0.100      0.046      2.157      0.031
    N4                -0.011      0.037     -0.304      0.761
    N5                -0.123      0.032     -3.889      0.000
    N6                 0.136      0.049      2.756      0.006
    N7                 0.091      0.037      2.482      0.013
    O1                -0.119      0.045     -2.649      0.008
    O2                 0.005      0.035      0.155      0.877
    O3                -0.019      0.034     -0.557      0.577
    O4                -0.056      0.049     -1.133      0.257
    O5                -0.117      0.045     -2.608      0.009
    O6                 0.073      0.053      1.367      0.172
    O7                 0.026      0.043      0.603      0.547
    O9                 0.098      0.057      1.712      0.087

 EXTRA    BY
    A1                 0.220      0.042      5.290      0.000
    A2                -0.125      0.050     -2.489      0.013
    A3                 0.018      0.033      0.563      0.573
    A4                 0.090      0.034      2.633      0.008
    A6                 0.364      0.046      7.974      0.000
    A7                -0.047      0.046     -1.024      0.306
    A8                 0.154      0.030      5.134      0.000
    C1                 0.035      0.032      1.085      0.278
    C2                -0.095      0.089     -1.068      0.285
    C3                 0.070      0.048      1.459      0.144
    C4                -0.037      0.037     -1.007      0.314
    C5                 0.089      0.059      1.510      0.131
    C6                -0.031      0.020     -1.580      0.114
    C7                 0.066      0.061      1.082      0.279
    C8                 0.099      0.036      2.725      0.006
    C9                 0.022      0.028      0.784      0.433
    E1                -0.362      0.035    -10.450      0.000
    E2                 0.032      0.037      0.863      0.388
    E3                -0.429      0.048     -8.885      0.000
    E4                 0.357      0.058      6.154      0.000
    E5                 0.077      0.025      3.130      0.002
    E6                 0.511      0.041     12.485      0.000
    E7                 0.185      0.038      4.848      0.000
    E8                 0.457      0.033     13.905      0.000
    E9                 0.277      0.056      4.923      0.000
    N1                -0.042      0.056     -0.751      0.453
    N2                -0.218      0.072     -3.032      0.002
    N3                -0.035      0.065     -0.531      0.595
    N4                 0.009      0.034      0.260      0.795
    N5                -0.054      0.063     -0.860      0.390
    N6                 0.144      0.065      2.216      0.027
    N7                 0.079      0.055      1.452      0.146
    O1                -0.014      0.014     -1.058      0.290
    O2                 0.234      0.047      4.936      0.000
    O3                 0.073      0.032      2.285      0.022
    O4                -0.057      0.051     -1.125      0.260
    O5                 0.088      0.048      1.811      0.070
    O6                -0.031      0.030     -1.015      0.310
    O7                 0.100      0.053      1.890      0.059
    O9                -0.056      0.042     -1.325      0.185

 NEURO    BY
    A1                 0.022      0.025      0.888      0.375
    A2                 0.122      0.034      3.601      0.000
    A3                 0.092      0.030      3.098      0.002
    A4                 0.206      0.027      7.615      0.000
    A6                 0.123      0.064      1.932      0.053
    A7                 0.119      0.031      3.825      0.000
    A8                 0.040      0.026      1.514      0.130
    C1                 0.029      0.028      1.019      0.308
    C2                 0.451      0.044     10.327      0.000
    C3                 0.243      0.021     11.723      0.000
    C4                -0.015      0.029     -0.536      0.592
    C5                -0.168      0.037     -4.576      0.000
    C6                 0.004      0.011      0.357      0.721
    C7                 0.268      0.036      7.408      0.000
    C8                 0.056      0.033      1.667      0.096
    C9                -0.111      0.021     -5.165      0.000
    E1                 0.092      0.064      1.436      0.151
    E2                 0.011      0.027      0.403      0.687
    E3                 0.119      0.101      1.184      0.236
    E4                -0.202      0.059     -3.428      0.001
    E5                -0.005      0.014     -0.356      0.722
    E6                 0.165      0.086      1.931      0.053
    E7                -0.030      0.030     -0.987      0.323
    E8                -0.001      0.063     -0.011      0.991
    E9                -0.255      0.055     -4.613      0.000
    N1                 0.281      0.037      7.495      0.000
    N2                 0.412      0.055      7.495      0.000
    N3                 0.524      0.035     15.086      0.000
    N4                -0.275      0.041     -6.727      0.000
    N5                 0.353      0.030     11.866      0.000
    N6                 0.472      0.044     10.797      0.000
    N7                 0.353      0.030     11.605      0.000
    O1                -0.052      0.041     -1.292      0.197
    O2                -0.026      0.034     -0.780      0.435
    O3                -0.040      0.027     -1.473      0.141
    O4                 0.136      0.063      2.160      0.031
    O5                 0.049      0.038      1.300      0.193
    O6                 0.071      0.048      1.490      0.136
    O7                -0.051      0.036     -1.414      0.157
    O9                -0.116      0.051     -2.286      0.022

 OPEN     BY
    A1                 0.293      0.041      7.168      0.000
    A2                -0.126      0.040     -3.126      0.002
    A3                -0.002      0.038     -0.048      0.961
    A4                -0.026      0.022     -1.179      0.238
    A6                 0.098      0.049      2.011      0.044
    A7                -0.075      0.039     -1.929      0.054
    A8                 0.160      0.031      5.244      0.000
    C1                 0.103      0.091      1.141      0.254
    C2                -0.195      0.079     -2.454      0.014
    C3                 0.031      0.027      1.171      0.242
    C4                 0.132      0.108      1.216      0.224
    C5                 0.224      0.094      2.391      0.017
    C6                 0.146      0.037      3.976      0.000
    C7                 0.047      0.056      0.850      0.395
    C8                 0.158      0.053      2.962      0.003
    C9                 0.082      0.042      1.948      0.051
    E1                 0.020      0.024      0.809      0.418
    E2                 0.021      0.035      0.610      0.542
    E3                 0.329      0.044      7.422      0.000
    E4                 0.187      0.056      3.350      0.001
    E5                 0.147      0.045      3.272      0.001
    E6                -0.023      0.026     -0.900      0.368
    E7                 0.215      0.040      5.371      0.000
    E8                 0.031      0.034      0.908      0.364
    E9                 0.056      0.046      1.216      0.224
    N1                -0.112      0.047     -2.364      0.018
    N2                 0.051      0.040      1.255      0.209
    N3                 0.104      0.035      2.978      0.003
    N4                 0.318      0.049      6.499      0.000
    N5                -0.035      0.047     -0.758      0.449
    N6                 0.004      0.020      0.224      0.823
    N7                -0.036      0.027     -1.341      0.180
    O1                 0.356      0.028     12.566      0.000
    O2                 0.326      0.049      6.711      0.000
    O3                 0.389      0.034     11.470      0.000
    O4                 0.451      0.050      9.060      0.000
    O5                 0.436      0.047      9.260      0.000
    O6                 0.504      0.047     10.808      0.000
    O7                 0.580      0.052     11.101      0.000
    O9                 0.436      0.061      7.149      0.000

 CONSC    WITH
    AGREE             -0.060      0.059     -1.024      0.306

 EXTRA    WITH
    AGREE              0.097      0.058      1.668      0.095
    CONSC              0.059      0.073      0.803      0.422

 NEURO    WITH
    AGREE              0.138      0.053      2.605      0.009
    CONSC             -0.066      0.069     -0.957      0.339
    EXTRA             -0.167      0.066     -2.519      0.012

 OPEN     WITH
    AGREE              0.065      0.047      1.381      0.167
    CONSC              0.237      0.097      2.454      0.014
    EXTRA              0.365      0.055      6.686      0.000
    NEURO             -0.219      0.079     -2.760      0.006

 Intercepts
    A1                -0.005      0.031     -0.174      0.862
    A2                 0.013      0.028      0.454      0.650
    A3                 0.001      0.033      0.018      0.986
    A4                 0.000      0.021     -0.004      0.997
    A6                -0.004      0.037     -0.113      0.910
    A7                 0.003      0.030      0.091      0.928
    A8                -0.002      0.024     -0.084      0.933
    C1                -0.007      0.043     -0.157      0.875
    C2                 0.031      0.043      0.727      0.467
    C3                 0.000      0.022     -0.001      1.000
    C4                 0.000      0.038     -0.013      0.990
    C5                -0.005      0.035     -0.135      0.893
    C6                -0.002      0.017     -0.101      0.920
    C7                 0.004      0.034      0.126      0.900
    C8                 0.002      0.031      0.078      0.938
    C9                 0.000      0.020     -0.016      0.988
    E1                 0.003      0.028      0.094      0.925
    E2                 0.005      0.037      0.136      0.892
    E3                -0.001      0.036     -0.026      0.979
    E4                -0.014      0.036     -0.387      0.698
    E5                 0.000      0.027     -0.005      0.996
    E6                -0.003      0.039     -0.079      0.937
    E7                -0.013      0.035     -0.365      0.715
    E8                -0.003      0.032     -0.104      0.917
    E9                -0.003      0.036     -0.090      0.929
    N1                 0.002      0.037      0.064      0.949
    N2                 0.011      0.033      0.331      0.740
    N3                 0.000      0.034     -0.008      0.994
    N4                 0.001      0.037      0.025      0.980
    N5                 0.003      0.026      0.115      0.909
    N6                 0.007      0.037      0.189      0.850
    N7                 0.001      0.029      0.042      0.967
    O1                 0.002      0.027      0.073      0.942
    O2                -0.029      0.037     -0.798      0.425
    O3                -0.002      0.029     -0.053      0.958
    O4                -0.004      0.044     -0.084      0.933
    O5                -0.003      0.040     -0.081      0.935
    O6                -0.001      0.034     -0.038      0.970
    O7                -0.019      0.041     -0.474      0.636
    O9                -0.008      0.038     -0.207      0.836

 Variances
    AGREE              1.000      0.000    999.000    999.000
    CONSC              1.000      0.000    999.000    999.000
    EXTRA              1.000      0.000    999.000    999.000
    NEURO              1.000      0.000    999.000    999.000
    OPEN               1.000      0.000    999.000    999.000

 Residual Variances
    A1                 0.149      0.013     11.839      0.000
    A2                 0.103      0.009     11.267      0.000
    A3                 0.143      0.014     10.486      0.000
    A4                 0.104      0.009     12.084      0.000
    A6                 0.342      0.028     12.354      0.000
    A7                 0.146      0.012     11.844      0.000
    A8                 0.132      0.010     12.602      0.000
    C1                 0.278      0.026     10.846      0.000
    C2                 0.292      0.024     12.154      0.000
    C3                 0.074      0.007     11.372      0.000
    C4                 0.179      0.020      9.113      0.000
    C5                 0.142      0.013     10.687      0.000
    C6                 0.044      0.004     11.258      0.000
    C7                 0.261      0.021     12.386      0.000
    C8                 0.262      0.020     13.001      0.000
    C9                 0.098      0.008     12.795      0.000
    E1                 0.124      0.011     11.143      0.000
    E2                 0.205      0.019     10.966      0.000
    E3                 0.265      0.024     11.187      0.000
    E4                 0.162      0.014     11.652      0.000
    E5                 0.094      0.008     11.075      0.000
    E6                 0.251      0.023     10.826      0.000
    E7                 0.291      0.023     12.787      0.000
    E8                 0.142      0.014     10.516      0.000
    E9                 0.268      0.021     12.535      0.000
    N1                 0.280      0.022     12.487      0.000
    N2                 0.145      0.013     11.320      0.000
    N3                 0.154      0.015     10.392      0.000
    N4                 0.235      0.020     12.034      0.000
    N5                 0.084      0.008     10.905      0.000
    N6                 0.262      0.024     11.140      0.000
    N7                 0.157      0.013     11.856      0.000
    O1                 0.084      0.009      9.754      0.000
    O2                 0.268      0.021     12.620      0.000
    O3                 0.109      0.009     11.521      0.000
    O4                 0.522      0.041     12.642      0.000
    O5                 0.364      0.029     12.443      0.000
    O6                 0.158      0.014     11.252      0.000
    O7                 0.193      0.017     11.128      0.000
    O9                 0.267      0.022     12.370      0.000


STANDARDIZED MODEL RESULTS


STDYX Standardization

                                                    Two-Tailed
                    Estimate       S.E.  Est./S.E.    P-Value

 AGREE    BY
    A1                -0.305      0.069     -4.451      0.000
    A2                 0.623      0.038     16.300      0.000
    A3                 0.753      0.030     25.024      0.000
    A4                 0.035      0.042      0.832      0.406
    A6                -0.177      0.069     -2.555      0.011
    A7                 0.662      0.034     19.361      0.000
    A8                -0.267      0.071     -3.736      0.000
    C1                 0.647      0.037     17.674      0.000
    C2                 0.010      0.034      0.288      0.773
    C3                 0.371      0.067      5.554      0.000
    C4                 0.023      0.047      0.493      0.622
    C5                 0.006      0.025      0.248      0.804
    C6                -0.157      0.049     -3.193      0.001
    C7                 0.150      0.072      2.082      0.037
    C8                 0.043      0.049      0.879      0.380
    C9                 0.094      0.049      1.924      0.054
    E1                -0.155      0.065     -2.404      0.016
    E2                 0.640      0.052     12.223      0.000
    E3                 0.046      0.037      1.245      0.213
    E4                 0.002      0.039      0.059      0.953
    E5                 0.661      0.044     15.074      0.000
    E6                 0.177      0.077      2.290      0.022
    E7                 0.222      0.077      2.874      0.004
    E8                 0.127      0.072      1.761      0.078
    E9                 0.190      0.054      3.492      0.000
    N1                 0.418      0.047      8.941      0.000
    N2                 0.022      0.032      0.678      0.498
    N3                -0.041      0.037     -1.122      0.262
    N4                 0.327      0.057      5.787      0.000
    N5                 0.045      0.037      1.209      0.227
    N6                -0.228      0.055     -4.113      0.000
    N7                 0.088      0.051      1.739      0.082
    O1                 0.421      0.080      5.249      0.000
    O2                -0.075      0.064     -1.173      0.241
    O3                 0.052      0.067      0.778      0.437
    O4                -0.139      0.067     -2.067      0.039
    O5                -0.145      0.077     -1.885      0.059
    O6                 0.086      0.063      1.353      0.176
    O7                -0.138      0.069     -2.003      0.045
    O9                 0.143      0.057      2.514      0.012

 CONSC    BY
    A1                 0.030      0.037      0.821      0.412
    A2                -0.040      0.037     -1.091      0.275
    A3                 0.217      0.071      3.044      0.002
    A4                 0.236      0.065      3.613      0.000
    A6                -0.001      0.045     -0.032      0.975
    A7                -0.028      0.046     -0.602      0.547
    A8                -0.065      0.050     -1.295      0.195
    C1                 0.357      0.081      4.385      0.000
    C2                -0.196      0.064     -3.076      0.002
    C3                -0.228      0.070     -3.254      0.001
    C4                 0.749      0.058     13.001      0.000
    C5                 0.544      0.065      8.331      0.000
    C6                 0.516      0.063      8.133      0.000
    C7                -0.388      0.060     -6.511      0.000
    C8                 0.291      0.065      4.461      0.000
    C9                 0.347      0.066      5.278      0.000
    E1                 0.007      0.036      0.186      0.852
    E2                -0.362      0.059     -6.174      0.000
    E3                 0.057      0.060      0.951      0.342
    E4                 0.086      0.045      1.882      0.060
    E5                 0.133      0.084      1.579      0.114
    E6                -0.042      0.044     -0.944      0.345
    E7                -0.185      0.063     -2.943      0.003
    E8                 0.021      0.039      0.541      0.588
    E9                 0.008      0.043      0.183      0.855
    N1                 0.091      0.056      1.633      0.103
    N2                -0.041      0.045     -0.918      0.358
    N3                 0.153      0.071      2.169      0.030
    N4                -0.016      0.053     -0.304      0.761
    N5                -0.246      0.062     -3.935      0.000
    N6                 0.193      0.069      2.782      0.005
    N7                 0.168      0.067      2.500      0.012
    O1                -0.230      0.087     -2.655      0.008
    O2                 0.008      0.050      0.155      0.877
    O3                -0.035      0.063     -0.558      0.577
    O4                -0.066      0.059     -1.135      0.256
    O5                -0.154      0.059     -2.629      0.009
    O6                 0.112      0.082      1.364      0.173
    O7                 0.033      0.055      0.602      0.547
    O9                 0.137      0.080      1.712      0.087

 EXTRA    BY
    A1                 0.374      0.069      5.437      0.000
    A2                -0.235      0.094     -2.499      0.012
    A3                 0.029      0.051      0.563      0.574
    A4                 0.227      0.085      2.654      0.008
    A6                 0.511      0.057      8.983      0.000
    A7                -0.082      0.080     -1.025      0.306
    A8                 0.343      0.064      5.346      0.000
    C1                 0.042      0.039      1.086      0.278
    C2                -0.117      0.110     -1.069      0.285
    C3                 0.163      0.112      1.461      0.144
    C4                -0.052      0.051     -1.008      0.313
    C5                 0.133      0.088      1.510      0.131
    C6                -0.096      0.060     -1.586      0.113
    C7                 0.103      0.095      1.083      0.279
    C8                 0.167      0.061      2.756      0.006
    C9                 0.056      0.071      0.785      0.433
    E1                -0.685      0.056    -12.246      0.000
    E2                 0.046      0.054      0.863      0.388
    E3                -0.623      0.063     -9.914      0.000
    E4                 0.522      0.082      6.406      0.000
    E5                 0.150      0.048      3.144      0.002
    E6                 0.695      0.044     15.955      0.000
    E7                 0.280      0.056      5.016      0.000
    E8                 0.745      0.039     18.955      0.000
    E9                 0.404      0.079      5.097      0.000
    N1                -0.060      0.080     -0.751      0.452
    N2                -0.353      0.116     -3.056      0.002
    N3                -0.053      0.100     -0.531      0.595
    N4                 0.013      0.048      0.260      0.795
    N5                -0.108      0.125     -0.860      0.390
    N6                 0.204      0.092      2.223      0.026
    N7                 0.147      0.101      1.454      0.146
    O1                -0.028      0.026     -1.059      0.290
    O2                 0.334      0.066      5.089      0.000
    O3                 0.135      0.059      2.287      0.022
    O4                -0.068      0.060     -1.127      0.260
    O5                 0.116      0.064      1.816      0.069
    O6                -0.048      0.047     -1.017      0.309
    O7                 0.128      0.068      1.887      0.059
    O9                -0.077      0.058     -1.329      0.184

 NEURO    BY
    A1                 0.037      0.042      0.887      0.375
    A2                 0.228      0.063      3.644      0.000
    A3                 0.144      0.046      3.123      0.002
    A4                 0.521      0.062      8.417      0.000
    A6                 0.173      0.089      1.940      0.052
    A7                 0.208      0.053      3.886      0.000
    A8                 0.089      0.059      1.517      0.129
    C1                 0.035      0.035      1.019      0.308
    C2                 0.555      0.047     11.845      0.000
    C3                 0.569      0.041     13.803      0.000
    C4                -0.022      0.040     -0.536      0.592
    C5                -0.252      0.054     -4.623      0.000
    C6                 0.012      0.035      0.357      0.721
    C7                 0.416      0.052      8.019      0.000
    C8                 0.094      0.056      1.672      0.094
    C9                -0.287      0.054     -5.359      0.000
    E1                 0.174      0.121      1.438      0.151
    E2                 0.016      0.039      0.403      0.687
    E3                 0.174      0.146      1.186      0.236
    E4                -0.295      0.085     -3.455      0.001
    E5                -0.010      0.028     -0.356      0.722
    E6                 0.225      0.116      1.936      0.053
    E7                -0.045      0.046     -0.988      0.323
    E8                -0.001      0.102     -0.011      0.991
    E9                -0.372      0.079     -4.732      0.000
    N1                 0.400      0.049      8.151      0.000
    N2                 0.667      0.083      8.032      0.000
    N3                 0.804      0.037     21.852      0.000
    N4                -0.390      0.055     -7.064      0.000
    N5                 0.703      0.050     14.146      0.000
    N6                 0.669      0.052     12.975      0.000
    N7                 0.651      0.044     14.786      0.000
    O1                -0.101      0.078     -1.293      0.196
    O2                -0.038      0.048     -0.781      0.435
    O3                -0.073      0.050     -1.473      0.141
    O4                 0.163      0.075      2.176      0.030
    O5                 0.066      0.050      1.302      0.193
    O6                 0.110      0.074      1.495      0.135
    O7                -0.065      0.046     -1.413      0.158
    O9                -0.161      0.070     -2.294      0.022

 OPEN     BY
    A1                 0.497      0.065      7.649      0.000
    A2                -0.238      0.076     -3.145      0.002
    A3                -0.003      0.059     -0.048      0.961
    A4                -0.066      0.056     -1.180      0.238
    A6                 0.138      0.068      2.019      0.043
    A7                -0.132      0.068     -1.934      0.053
    A8                 0.358      0.065      5.462      0.000
    C1                 0.126      0.111      1.142      0.254
    C2                -0.240      0.097     -2.475      0.013
    C3                 0.074      0.063      1.172      0.241
    C4                 0.183      0.150      1.219      0.223
    C5                 0.335      0.139      2.420      0.016
    C6                 0.453      0.111      4.088      0.000
    C7                 0.074      0.086      0.850      0.395
    C8                 0.267      0.089      3.012      0.003
    C9                 0.213      0.108      1.963      0.050
    E1                 0.037      0.046      0.810      0.418
    E2                 0.031      0.050      0.610      0.542
    E3                 0.477      0.060      7.938      0.000
    E4                 0.274      0.081      3.387      0.001
    E5                 0.287      0.087      3.294      0.001
    E6                -0.032      0.035     -0.901      0.368
    E7                 0.325      0.058      5.603      0.000
    E8                 0.051      0.056      0.907      0.364
    E9                 0.081      0.067      1.218      0.223
    N1                -0.160      0.067     -2.376      0.017
    N2                 0.082      0.065      1.256      0.209
    N3                 0.159      0.053      2.993      0.003
    N4                 0.451      0.066      6.843      0.000
    N5                -0.071      0.093     -0.758      0.448
    N6                 0.006      0.028      0.224      0.823
    N7                -0.067      0.050     -1.341      0.180
    O1                 0.687      0.048     14.467      0.000
    O2                 0.466      0.065      7.187      0.000
    O3                 0.717      0.051     14.048      0.000
    O4                 0.539      0.051     10.619      0.000
    O5                 0.576      0.053     10.810      0.000
    O6                 0.778      0.060     13.069      0.000
    O7                 0.743      0.055     13.416      0.000
    O9                 0.607      0.078      7.815      0.000

 CONSC    WITH
    AGREE             -0.060      0.059     -1.024      0.306

 EXTRA    WITH
    AGREE              0.097      0.058      1.668      0.095
    CONSC              0.059      0.073      0.803      0.422

 NEURO    WITH
    AGREE              0.138      0.053      2.605      0.009
    CONSC             -0.066      0.069     -0.957      0.339
    EXTRA             -0.167      0.066     -2.519      0.012

 OPEN     WITH
    AGREE              0.065      0.047      1.381      0.167
    CONSC              0.237      0.097      2.454      0.014
    EXTRA              0.365      0.055      6.686      0.000
    NEURO             -0.219      0.079     -2.760      0.006

 Intercepts
    A1                -0.009      0.053     -0.174      0.862
    A2                 0.024      0.053      0.454      0.650
    A3                 0.001      0.053      0.018      0.986
    A4                 0.000      0.053     -0.004      0.997
    A6                -0.006      0.053     -0.113      0.910
    A7                 0.005      0.053      0.091      0.928
    A8                -0.004      0.053     -0.084      0.933
    C1                -0.008      0.053     -0.157      0.875
    C2                 0.038      0.053      0.727      0.468
    C3                 0.000      0.053     -0.001      1.000
    C4                -0.001      0.053     -0.013      0.990
    C5                -0.007      0.053     -0.135      0.893
    C6                -0.005      0.053     -0.101      0.920
    C7                 0.007      0.053      0.126      0.900
    C8                 0.004      0.053      0.078      0.938
    C9                -0.001      0.053     -0.016      0.988
    E1                 0.005      0.053      0.094      0.925
    E2                 0.007      0.053      0.136      0.892
    E3                -0.001      0.053     -0.026      0.979
    E4                -0.020      0.053     -0.387      0.698
    E5                 0.000      0.053     -0.005      0.996
    E6                -0.004      0.053     -0.079      0.937
    E7                -0.019      0.053     -0.365      0.715
    E8                -0.005      0.053     -0.104      0.917
    E9                -0.005      0.053     -0.090      0.929
    N1                 0.003      0.053      0.064      0.949
    N2                 0.017      0.053      0.331      0.740
    N3                 0.000      0.053     -0.008      0.994
    N4                 0.001      0.053      0.025      0.980
    N5                 0.006      0.053      0.115      0.909
    N6                 0.010      0.053      0.189      0.850
    N7                 0.002      0.053      0.042      0.967
    O1                 0.004      0.053      0.073      0.942
    O2                -0.042      0.053     -0.798      0.425
    O3                -0.003      0.053     -0.053      0.958
    O4                -0.004      0.053     -0.084      0.933
    O5                -0.004      0.053     -0.081      0.935
    O6                -0.002      0.053     -0.038      0.970
    O7                -0.025      0.053     -0.474      0.636
    O9                -0.011      0.053     -0.207      0.836

 Variances
    AGREE              1.000      0.000    999.000    999.000
    CONSC              1.000      0.000    999.000    999.000
    EXTRA              1.000      0.000    999.000    999.000
    NEURO              1.000      0.000    999.000    999.000
    OPEN               1.000      0.000    999.000    999.000

 Residual Variances
    A1                 0.430      0.038     11.242      0.000
    A2                 0.363      0.035     10.316      0.000
    A3                 0.355      0.037      9.666      0.000
    A4                 0.664      0.047     14.095      0.000
    A6                 0.676      0.046     14.739      0.000
    A7                 0.448      0.039     11.391      0.000
    A8                 0.657      0.044     14.815      0.000
    C1                 0.417      0.040     10.304      0.000
    C2                 0.442      0.038     11.612      0.000
    C3                 0.406      0.038     10.679      0.000
    C4                 0.346      0.041      8.529      0.000
    C5                 0.317      0.033      9.628      0.000
    C6                 0.422      0.039     10.685      0.000
    C7                 0.628      0.045     13.998      0.000
    C8                 0.748      0.042     17.753      0.000
    C9                 0.656      0.043     15.117      0.000
    E1                 0.444      0.041     10.739      0.000
    E2                 0.422      0.040     10.439      0.000
    E3                 0.560      0.048     11.680      0.000
    E4                 0.347      0.033     10.507      0.000
    E5                 0.355      0.035     10.122      0.000
    E6                 0.464      0.044     10.583      0.000
    E7                 0.665      0.044     15.277      0.000
    E8                 0.377      0.038      9.804      0.000
    E9                 0.570      0.043     13.374      0.000
    N1                 0.569      0.043     13.307      0.000
    N2                 0.381      0.036     10.471      0.000
    N3                 0.363      0.038      9.635      0.000
    N4                 0.473      0.040     11.784      0.000
    N5                 0.332      0.034      9.866      0.000
    N6                 0.526      0.046     11.346      0.000
    N7                 0.535      0.044     12.192      0.000
    O1                 0.313      0.035      8.914      0.000
    O2                 0.546      0.041     13.162      0.000
    O3                 0.369      0.035     10.552      0.000
    O4                 0.746      0.044     16.832      0.000
    O5                 0.638      0.045     14.241      0.000
    O6                 0.375      0.036     10.381      0.000
    O7                 0.316      0.032      9.944      0.000
    O9                 0.515      0.041     12.529      0.000


R-SQUARE

    Observed                                        Two-Tailed
    Variable        Estimate       S.E.  Est./S.E.    P-Value

    A1                 0.570      0.038     14.911      0.000
    A2                 0.637      0.035     18.103      0.000
    A3                 0.645      0.037     17.583      0.000
    A4                 0.336      0.047      7.139      0.000
    A6                 0.324      0.046      7.067      0.000
    A7                 0.552      0.039     14.049      0.000
    A8                 0.343      0.044      7.732      0.000
    C1                 0.583      0.040     14.399      0.000
    C2                 0.558      0.038     14.682      0.000
    C3                 0.594      0.038     15.595      0.000
    C4                 0.654      0.041     16.103      0.000
    C5                 0.683      0.033     20.768      0.000
    C6                 0.578      0.039     14.658      0.000
    C7                 0.372      0.045      8.303      0.000
    C8                 0.252      0.042      5.993      0.000
    C9                 0.344      0.043      7.916      0.000
    E1                 0.556      0.041     13.429      0.000
    E2                 0.578      0.040     14.284      0.000
    E3                 0.440      0.048      9.194      0.000
    E4                 0.653      0.033     19.757      0.000
    E5                 0.645      0.035     18.394      0.000
    E6                 0.536      0.044     12.215      0.000
    E7                 0.335      0.044      7.687      0.000
    E8                 0.623      0.038     16.194      0.000
    E9                 0.430      0.043     10.098      0.000
    N1                 0.431      0.043     10.074      0.000
    N2                 0.619      0.036     17.006      0.000
    N3                 0.637      0.038     16.872      0.000
    N4                 0.527      0.040     13.116      0.000
    N5                 0.668      0.034     19.865      0.000
    N6                 0.474      0.046     10.218      0.000
    N7                 0.465      0.044     10.604      0.000
    O1                 0.687      0.035     19.598      0.000
    O2                 0.454      0.041     10.958      0.000
    O3                 0.631      0.035     18.021      0.000
    O4                 0.254      0.044      5.727      0.000
    O5                 0.362      0.045      8.084      0.000
    O6                 0.625      0.036     17.274      0.000
    O7                 0.684      0.032     21.519      0.000
    O9                 0.485      0.041     11.804      0.000


QUALITY OF NUMERICAL RESULTS

     Condition Number for the Information Matrix              0.932E-03
       (ratio of smallest to largest eigenvalue)


MODEL MODIFICATION INDICES

NOTE:  Modification indices for direct effects of observed dependent variables
regressed on covariates may not be included.  To include these, request
MODINDICES (ALL).

Minimum M.I. value for printing the modification index     4.000

                                   M.I.     E.P.C.  Std E.P.C.  StdYX E.P.C.

WITH Statements

A3       WITH A2                   4.422     0.017      0.017        0.141
A4       WITH A3                  16.893     0.031      0.031        0.253
A6       WITH A1                  10.226     0.042      0.042        0.187
A6       WITH A3                   5.252     0.031      0.031        0.140
A6       WITH A4                  28.920     0.058      0.058        0.307
A8       WITH A1                   5.074     0.018      0.018        0.131
A8       WITH A2                   6.054    -0.017     -0.017       -0.146
C1       WITH A3                  11.204     0.046      0.046        0.232
C1       WITH A8                   8.225     0.033      0.033        0.171
C2       WITH A2                  13.883     0.039      0.039        0.222
C3       WITH A3                   4.966    -0.015     -0.015       -0.142
C3       WITH C1                  16.505    -0.036     -0.036       -0.252
C3       WITH C2                   6.282    -0.022     -0.022       -0.149
C4       WITH C1                   7.934    -0.045     -0.045       -0.203
C4       WITH C2                   4.266     0.031      0.031        0.136
C5       WITH A3                  14.105    -0.035     -0.035       -0.247
C5       WITH C2                  23.132    -0.060     -0.060       -0.296
C5       WITH C3                   4.208     0.013      0.013        0.130
C6       WITH A7                   5.173    -0.011     -0.011       -0.138
C6       WITH C2                   7.941     0.019      0.019        0.168
C6       WITH C3                   6.761    -0.009     -0.009       -0.161
C6       WITH C4                  10.479     0.021      0.021        0.241
C7       WITH A8                   4.868     0.023      0.023        0.124
C8       WITH A8                   6.908    -0.027     -0.027       -0.145
C8       WITH C3                   9.047     0.024      0.024        0.173
C8       WITH C5                   6.883     0.030      0.030        0.156
C8       WITH C7                   7.159     0.039      0.039        0.149
C9       WITH A8                   4.279     0.013      0.013        0.115
E1       WITH A6                   8.726     0.036      0.036        0.177
E1       WITH C3                   6.746     0.015      0.015        0.160
E2       WITH C2                   6.960    -0.039     -0.039       -0.158
E2       WITH C3                  29.146     0.042      0.042        0.339
E2       WITH C5                   6.748     0.029      0.029        0.169
E2       WITH C6                   8.252    -0.017     -0.017       -0.184
E3       WITH C3                   4.441     0.018      0.018        0.130
E3       WITH E1                   6.853     0.031      0.031        0.169
E4       WITH C3                  10.671     0.022      0.022        0.197
E4       WITH C9                   5.279     0.017      0.017        0.132
E4       WITH E1                  20.410     0.040      0.040        0.283
E4       WITH E3                   8.086     0.036      0.036        0.176
E5       WITH A2                  10.368    -0.020     -0.020       -0.205
E5       WITH A4                  11.249    -0.020     -0.020       -0.200
E5       WITH A8                   4.384     0.014      0.014        0.124
E5       WITH C1                  55.226     0.079      0.079        0.487
E5       WITH C2                   5.217     0.023      0.023        0.136
E5       WITH C3                   7.004    -0.014     -0.014       -0.164
E5       WITH C5                   6.393    -0.019     -0.019       -0.161
E5       WITH E1                   6.017    -0.017     -0.017       -0.153
E5       WITH E2                   8.922    -0.027     -0.027       -0.191
E5       WITH E4                  12.757    -0.027     -0.027       -0.218
E6       WITH A1                  13.285    -0.043     -0.043       -0.225
E6       WITH A4                  17.375    -0.041     -0.041       -0.253
E6       WITH A6                   4.197    -0.037     -0.037       -0.124
E6       WITH E1                  15.329    -0.045     -0.045       -0.257
E6       WITH E2                  15.292    -0.056     -0.056       -0.247
E6       WITH E5                  15.133     0.038      0.038        0.245
E7       WITH C1                  20.356    -0.076     -0.076       -0.266
E7       WITH C4                  12.592     0.052      0.052        0.230
E8       WITH C6                   7.690     0.014      0.014        0.177
E8       WITH E1                  10.152    -0.029     -0.029       -0.218
E9       WITH A1                   6.835    -0.030     -0.030       -0.151
E9       WITH A3                   6.332    -0.030     -0.030       -0.153
E9       WITH A8                   6.341     0.026      0.026        0.141
E9       WITH C5                   6.642     0.030      0.030        0.155
E9       WITH C9                   9.889     0.028      0.028        0.175
E9       WITH E2                   7.213     0.037      0.037        0.160
E9       WITH E5                   9.045    -0.028     -0.028       -0.178
E9       WITH E6                   4.837     0.034      0.034        0.132
E9       WITH E8                   7.106    -0.032     -0.032       -0.164
N1       WITH A2                  15.054     0.039      0.039        0.232
N1       WITH A3                   7.136    -0.033     -0.033       -0.166
N1       WITH A4                  28.764    -0.052     -0.052       -0.305
N1       WITH A6                  16.224    -0.070     -0.070       -0.227
N1       WITH A8                   4.005    -0.022     -0.022       -0.112
N1       WITH C3                   4.841     0.019      0.019        0.129
N1       WITH E6                   5.029     0.035      0.035        0.134
N2       WITH A6                   4.035    -0.027     -0.027       -0.119
N2       WITH E4                  14.264    -0.036     -0.036       -0.234
N3       WITH A2                   8.120    -0.023     -0.023       -0.183
N3       WITH A6                   4.654    -0.031     -0.031       -0.133
N3       WITH C2                  13.718    -0.049     -0.049       -0.233
N3       WITH C3                  12.413     0.025      0.025        0.229
N3       WITH C5                   4.324     0.020      0.020        0.137
N3       WITH E2                   4.734     0.025      0.025        0.142
N3       WITH E3                   6.848    -0.034     -0.034       -0.169
N3       WITH E4                   5.848    -0.024     -0.024       -0.153
N3       WITH E7                   6.374    -0.032     -0.032       -0.153
N3       WITH E8                   4.398    -0.021     -0.021       -0.139
N3       WITH N2                   6.032     0.025      0.025        0.166
N4       WITH A4                  11.771     0.031      0.031        0.199
N4       WITH A8                   7.400     0.027      0.027        0.155
N4       WITH C1                   6.469    -0.040     -0.040       -0.154
N4       WITH C3                   4.100     0.016      0.016        0.120
N4       WITH C5                   5.274    -0.026     -0.026       -0.141
N4       WITH C8                   5.675     0.033      0.033        0.134
N4       WITH E2                   9.100     0.040      0.040        0.184
N4       WITH E6                   9.229    -0.045     -0.045       -0.184
N4       WITH E7                   4.610    -0.032     -0.032       -0.122
N4       WITH N1                   8.586    -0.043     -0.043       -0.167
N5       WITH A2                   7.368     0.016      0.016        0.170
N5       WITH A4                   5.219     0.013      0.013        0.138
N5       WITH A6                   7.408     0.027      0.027        0.162
N5       WITH C2                  58.443     0.073      0.073        0.470
N5       WITH C3                   7.511    -0.014     -0.014       -0.175
N5       WITH C6                   7.717     0.011      0.011        0.174
N6       WITH A2                   5.975    -0.025     -0.025       -0.151
N6       WITH A3                  12.324    -0.043     -0.043       -0.223
N6       WITH A4                   8.301    -0.029     -0.029       -0.174
N6       WITH A6                  15.166    -0.069     -0.069       -0.231
N6       WITH C3                   8.361     0.025      0.025        0.178
N6       WITH C6                  28.961    -0.036     -0.036       -0.334
N6       WITH E3                  20.792     0.074      0.074        0.282
N6       WITH E4                  10.769     0.041      0.041        0.199
N6       WITH E6                  13.269     0.059      0.059        0.230
N6       WITH E8                   4.648    -0.027     -0.027       -0.138
N6       WITH N1                  24.931     0.080      0.080        0.294
N6       WITH N4                  11.080    -0.050     -0.050       -0.202
N6       WITH N5                   6.078    -0.023     -0.023       -0.156
N7       WITH A3                   9.004     0.028      0.028        0.188
N7       WITH A4                  19.794     0.033      0.033        0.262
N7       WITH A6                   6.825     0.035      0.035        0.151
N7       WITH C3                   4.717     0.014      0.014        0.131
N7       WITH E5                   9.422    -0.023     -0.023       -0.186
N7       WITH N4                   6.626     0.029      0.029        0.152
O1       WITH A6                   4.868    -0.024     -0.024       -0.139
O1       WITH C1                   4.226    -0.021     -0.021       -0.137
O1       WITH C5                   4.107     0.015      0.015        0.137
O1       WITH C7                  11.312    -0.032     -0.032       -0.214
O1       WITH E7                   5.265     0.023      0.023        0.145
O1       WITH E9                   8.414     0.027      0.027        0.182
O1       WITH N2                   5.540     0.017      0.017        0.155
O2       WITH A2                   7.620    -0.027     -0.027       -0.163
O2       WITH A8                   7.256    -0.028     -0.028       -0.151
O2       WITH C2                  12.840    -0.057     -0.057       -0.202
O2       WITH C3                   7.275     0.022      0.022        0.157
O2       WITH C5                   8.527     0.034      0.034        0.175
O2       WITH C9                   8.904    -0.027     -0.027       -0.165
O2       WITH E1                   8.536     0.031      0.031        0.172
O2       WITH E2                  19.985     0.062      0.062        0.264
O2       WITH E5                   4.090    -0.019     -0.019       -0.119
O2       WITH E8                   5.481     0.028      0.028        0.143
O2       WITH E9                   4.042    -0.030     -0.030       -0.112
O2       WITH N5                  11.774    -0.030     -0.030       -0.203
O2       WITH N7                   8.765     0.035      0.035        0.169
O3       WITH A1                  18.959     0.033      0.033        0.263
O3       WITH C2                   9.322     0.032      0.032        0.179
O3       WITH C3                   7.699    -0.015     -0.015       -0.168
O3       WITH C5                   8.221    -0.022     -0.022       -0.179
O3       WITH C9                   4.273     0.012      0.012        0.119
O3       WITH E2                   9.356    -0.028     -0.028       -0.189
O3       WITH E3                   5.944    -0.025     -0.025       -0.150
O3       WITH E4                   5.265    -0.018     -0.018       -0.138
O3       WITH E5                   7.797     0.017      0.017        0.171
O3       WITH N5                   7.035     0.016      0.016        0.163
O3       WITH N6                   6.969    -0.027     -0.027       -0.160
O3       WITH O2                  24.847    -0.050     -0.050       -0.291
O4       WITH A2                  10.436     0.044      0.044        0.190
O4       WITH C3                   7.457    -0.031     -0.031       -0.159
O4       WITH C8                  11.718    -0.069     -0.069       -0.188
O4       WITH C9                  18.601     0.054      0.054        0.238
O4       WITH E2                   8.315    -0.056     -0.056       -0.170
O4       WITH E6                  12.766     0.077      0.077        0.212
O4       WITH N3                   4.326    -0.036     -0.036       -0.127
O4       WITH N4                   8.908    -0.059     -0.059       -0.169
O5       WITH A2                   5.018     0.026      0.026        0.133
O5       WITH C3                   8.909    -0.029     -0.029       -0.175
O5       WITH E8                   6.822     0.036      0.036        0.159
O5       WITH N4                   4.028    -0.034     -0.034       -0.115
O5       WITH O4                  31.742     0.138      0.138        0.317
O6       WITH C9                  12.952    -0.026     -0.026       -0.210
O6       WITH E5                   7.075     0.020      0.020        0.166
O6       WITH E9                   4.676    -0.026     -0.026       -0.128
O6       WITH N2                   8.136    -0.027     -0.027       -0.178
O6       WITH N5                   6.481    -0.018     -0.018       -0.159
O6       WITH O1                   4.303    -0.016     -0.016       -0.143
O7       WITH A2                   5.223     0.020      0.020        0.144
O7       WITH A8                  10.065    -0.030     -0.030       -0.189
O7       WITH C9                  10.711    -0.026     -0.026       -0.192
O7       WITH E4                   5.011     0.024      0.024        0.138
O7       WITH O2                  14.976     0.052      0.052        0.231
O7       WITH O3                   7.480    -0.025     -0.025       -0.174
O7       WITH O6                  14.693     0.043      0.043        0.249
O9       WITH A6                   7.994     0.048      0.048        0.160
O9       WITH C7                   4.168    -0.031     -0.031       -0.116
O9       WITH C8                   5.631    -0.035     -0.035       -0.132
O9       WITH C9                  22.202     0.043      0.043        0.264
O9       WITH N4                   7.336     0.039      0.039        0.157
O9       WITH N5                  11.065     0.030      0.030        0.199
O9       WITH O2                  11.253    -0.050     -0.050       -0.189
O9       WITH O4                   8.955     0.063      0.063        0.168


DIAGRAM INFORMATION

  Use View Diagram under the Diagram menu in the Mplus Editor to view the diagram.
  If running Mplus from the Mplus Diagrammer, the diagram opens automatically.

  Diagram output
    f:\ipip paper\sample_usa\cfa\gesamtmodell\esem\esem_all facets on all domains without o8 + a5.dg

     Beginning Time:  14:22:12
        Ending Time:  14:22:15
       Elapsed Time:  00:00:03



MUTHEN & MUTHEN
3463 Stoner Ave.
Los Angeles, CA  90066

Tel: (310) 391-9971
Fax: (310) 391-8971
Web: www.StatModel.com
Support: Support@StatModel.com

Copyright (c) 1998-2013 Muthen & Muthen
