Mplus VERSION 8.4 (Mac)
MUTHEN & MUTHEN
06/19/2020   4:41 PM

INPUT INSTRUCTIONS

  TITLE:

  DATA:
  FILE IS  "factor scores after invariance.txt";
  Variable:
  Names are
  country
  A8
  A1
  A5
  A7
  A2
  A4
  A3
  A6
  C1
  C6
  C5
  C3
  C7
  C2
  C8
  C9
  C4
  E9
  E5
  E6
  E7
  E4
  E3
  E2
  E1
  E8
  N3
  N2
  N1
  N5
  N4
  N7
  N6
  O7
  O6
  O3
  O2
  O5
  O8
  O4
  O1
  O9
  ;

  USEVARIABLES ARE
  A1
  A2
  A3
  A4
  A5
  A6
  A7
  A8
  C1
  C2
  C3
  C4
  C5
  C6
  C7
  C8
  C9
  E1
  E2
  E3
  E4
  E5
  E6
  E7
  E8
  E9
  N1
  N2
  N3
  N4
  N5
  N6
  N7
  O1
  O2
  O3
  O4
  O5
  O6
  O7
  O8
  O9
  ;

  MISSING ARE ALL (-999);

  Model:

  agree consc extra neuro open by
  A1
  A2
  A3
  A4
  A5
  A6
  A7
  A8
  C1
  C2
  C3
  C4
  C5
  C6
  C7
  C8
  C9
  E1
  E2
  E3
  E4
  E5
  E6
  E7
  E8
  E9
  N1
  N2
  N3
  N4
  N5
  N6
  N7
  O1
  O2
  O3
  O4
  O5
  O6
  O7
  O8
  O9
  (*1);

  !N5 with C2;
  !E5 with C1;


  !SE by
  !agree
  !consc
  !extra
  !neuro
  !open;

  Analysis:
  ESTIMATOR IS ML;
  iterations = 10000;

  OUTPUT: STDYX MODINDICES(4);



INPUT READING TERMINATED NORMALLY




SUMMARY OF ANALYSIS

Number of groups                                                 1
Number of observations                                         748

Number of dependent variables                                   42
Number of independent variables                                  0
Number of continuous latent variables                            5

Observed dependent variables

  Continuous
   A1          A2          A3          A4          A5          A6
   A7          A8          C1          C2          C3          C4
   C5          C6          C7          C8          C9          E1
   E2          E3          E4          E5          E6          E7
   E8          E9          N1          N2          N3          N4
   N5          N6          N7          O1          O2          O3
   O4          O5          O6          O7          O8          O9

Continuous latent variables

  EFA factors
  *1:   AGREE       CONSC       EXTRA       NEURO       OPEN


Estimator                                                       ML
Rotation                                                    GEOMIN
Row standardization                                    CORRELATION
Type of rotation                                           OBLIQUE
Epsilon value                                               Varies
Information matrix                                        OBSERVED
Maximum number of iterations                                 10000
Convergence criterion                                    0.500D-04
Maximum number of steepest descent iterations                   20
Maximum number of iterations for H1                           2000
Convergence criterion for H1                             0.100D-03
Optimization Specifications for the Exploratory Factor Analysis
Rotation Algorithm
  Number of random starts                                       30
  Maximum number of iterations                               10000
  Derivative convergence criterion                       0.100D-04

Input data file(s)
  factor scores after invariance.txt

Input data format  FREE


SUMMARY OF DATA

     Number of missing data patterns             1


COVARIANCE COVERAGE OF DATA

Minimum covariance coverage value   0.100


     PROPORTION OF DATA PRESENT


           Covariance Coverage
              A1            A2            A3            A4            A5
              ________      ________      ________      ________      ________
 A1             1.000
 A2             1.000         1.000
 A3             1.000         1.000         1.000
 A4             1.000         1.000         1.000         1.000
 A5             1.000         1.000         1.000         1.000         1.000
 A6             1.000         1.000         1.000         1.000         1.000
 A7             1.000         1.000         1.000         1.000         1.000
 A8             1.000         1.000         1.000         1.000         1.000
 C1             1.000         1.000         1.000         1.000         1.000
 C2             1.000         1.000         1.000         1.000         1.000
 C3             1.000         1.000         1.000         1.000         1.000
 C4             1.000         1.000         1.000         1.000         1.000
 C5             1.000         1.000         1.000         1.000         1.000
 C6             1.000         1.000         1.000         1.000         1.000
 C7             1.000         1.000         1.000         1.000         1.000
 C8             1.000         1.000         1.000         1.000         1.000
 C9             1.000         1.000         1.000         1.000         1.000
 E1             1.000         1.000         1.000         1.000         1.000
 E2             1.000         1.000         1.000         1.000         1.000
 E3             1.000         1.000         1.000         1.000         1.000
 E4             1.000         1.000         1.000         1.000         1.000
 E5             1.000         1.000         1.000         1.000         1.000
 E6             1.000         1.000         1.000         1.000         1.000
 E7             1.000         1.000         1.000         1.000         1.000
 E8             1.000         1.000         1.000         1.000         1.000
 E9             1.000         1.000         1.000         1.000         1.000
 N1             1.000         1.000         1.000         1.000         1.000
 N2             1.000         1.000         1.000         1.000         1.000
 N3             1.000         1.000         1.000         1.000         1.000
 N4             1.000         1.000         1.000         1.000         1.000
 N5             1.000         1.000         1.000         1.000         1.000
 N6             1.000         1.000         1.000         1.000         1.000
 N7             1.000         1.000         1.000         1.000         1.000
 O1             1.000         1.000         1.000         1.000         1.000
 O2             1.000         1.000         1.000         1.000         1.000
 O3             1.000         1.000         1.000         1.000         1.000
 O4             1.000         1.000         1.000         1.000         1.000
 O5             1.000         1.000         1.000         1.000         1.000
 O6             1.000         1.000         1.000         1.000         1.000
 O7             1.000         1.000         1.000         1.000         1.000
 O8             1.000         1.000         1.000         1.000         1.000
 O9             1.000         1.000         1.000         1.000         1.000


           Covariance Coverage
              A6            A7            A8            C1            C2
              ________      ________      ________      ________      ________
 A6             1.000
 A7             1.000         1.000
 A8             1.000         1.000         1.000
 C1             1.000         1.000         1.000         1.000
 C2             1.000         1.000         1.000         1.000         1.000
 C3             1.000         1.000         1.000         1.000         1.000
 C4             1.000         1.000         1.000         1.000         1.000
 C5             1.000         1.000         1.000         1.000         1.000
 C6             1.000         1.000         1.000         1.000         1.000
 C7             1.000         1.000         1.000         1.000         1.000
 C8             1.000         1.000         1.000         1.000         1.000
 C9             1.000         1.000         1.000         1.000         1.000
 E1             1.000         1.000         1.000         1.000         1.000
 E2             1.000         1.000         1.000         1.000         1.000
 E3             1.000         1.000         1.000         1.000         1.000
 E4             1.000         1.000         1.000         1.000         1.000
 E5             1.000         1.000         1.000         1.000         1.000
 E6             1.000         1.000         1.000         1.000         1.000
 E7             1.000         1.000         1.000         1.000         1.000
 E8             1.000         1.000         1.000         1.000         1.000
 E9             1.000         1.000         1.000         1.000         1.000
 N1             1.000         1.000         1.000         1.000         1.000
 N2             1.000         1.000         1.000         1.000         1.000
 N3             1.000         1.000         1.000         1.000         1.000
 N4             1.000         1.000         1.000         1.000         1.000
 N5             1.000         1.000         1.000         1.000         1.000
 N6             1.000         1.000         1.000         1.000         1.000
 N7             1.000         1.000         1.000         1.000         1.000
 O1             1.000         1.000         1.000         1.000         1.000
 O2             1.000         1.000         1.000         1.000         1.000
 O3             1.000         1.000         1.000         1.000         1.000
 O4             1.000         1.000         1.000         1.000         1.000
 O5             1.000         1.000         1.000         1.000         1.000
 O6             1.000         1.000         1.000         1.000         1.000
 O7             1.000         1.000         1.000         1.000         1.000
 O8             1.000         1.000         1.000         1.000         1.000
 O9             1.000         1.000         1.000         1.000         1.000


           Covariance Coverage
              C3            C4            C5            C6            C7
              ________      ________      ________      ________      ________
 C3             1.000
 C4             1.000         1.000
 C5             1.000         1.000         1.000
 C6             1.000         1.000         1.000         1.000
 C7             1.000         1.000         1.000         1.000         1.000
 C8             1.000         1.000         1.000         1.000         1.000
 C9             1.000         1.000         1.000         1.000         1.000
 E1             1.000         1.000         1.000         1.000         1.000
 E2             1.000         1.000         1.000         1.000         1.000
 E3             1.000         1.000         1.000         1.000         1.000
 E4             1.000         1.000         1.000         1.000         1.000
 E5             1.000         1.000         1.000         1.000         1.000
 E6             1.000         1.000         1.000         1.000         1.000
 E7             1.000         1.000         1.000         1.000         1.000
 E8             1.000         1.000         1.000         1.000         1.000
 E9             1.000         1.000         1.000         1.000         1.000
 N1             1.000         1.000         1.000         1.000         1.000
 N2             1.000         1.000         1.000         1.000         1.000
 N3             1.000         1.000         1.000         1.000         1.000
 N4             1.000         1.000         1.000         1.000         1.000
 N5             1.000         1.000         1.000         1.000         1.000
 N6             1.000         1.000         1.000         1.000         1.000
 N7             1.000         1.000         1.000         1.000         1.000
 O1             1.000         1.000         1.000         1.000         1.000
 O2             1.000         1.000         1.000         1.000         1.000
 O3             1.000         1.000         1.000         1.000         1.000
 O4             1.000         1.000         1.000         1.000         1.000
 O5             1.000         1.000         1.000         1.000         1.000
 O6             1.000         1.000         1.000         1.000         1.000
 O7             1.000         1.000         1.000         1.000         1.000
 O8             1.000         1.000         1.000         1.000         1.000
 O9             1.000         1.000         1.000         1.000         1.000


           Covariance Coverage
              C8            C9            E1            E2            E3
              ________      ________      ________      ________      ________
 C8             1.000
 C9             1.000         1.000
 E1             1.000         1.000         1.000
 E2             1.000         1.000         1.000         1.000
 E3             1.000         1.000         1.000         1.000         1.000
 E4             1.000         1.000         1.000         1.000         1.000
 E5             1.000         1.000         1.000         1.000         1.000
 E6             1.000         1.000         1.000         1.000         1.000
 E7             1.000         1.000         1.000         1.000         1.000
 E8             1.000         1.000         1.000         1.000         1.000
 E9             1.000         1.000         1.000         1.000         1.000
 N1             1.000         1.000         1.000         1.000         1.000
 N2             1.000         1.000         1.000         1.000         1.000
 N3             1.000         1.000         1.000         1.000         1.000
 N4             1.000         1.000         1.000         1.000         1.000
 N5             1.000         1.000         1.000         1.000         1.000
 N6             1.000         1.000         1.000         1.000         1.000
 N7             1.000         1.000         1.000         1.000         1.000
 O1             1.000         1.000         1.000         1.000         1.000
 O2             1.000         1.000         1.000         1.000         1.000
 O3             1.000         1.000         1.000         1.000         1.000
 O4             1.000         1.000         1.000         1.000         1.000
 O5             1.000         1.000         1.000         1.000         1.000
 O6             1.000         1.000         1.000         1.000         1.000
 O7             1.000         1.000         1.000         1.000         1.000
 O8             1.000         1.000         1.000         1.000         1.000
 O9             1.000         1.000         1.000         1.000         1.000


           Covariance Coverage
              E4            E5            E6            E7            E8
              ________      ________      ________      ________      ________
 E4             1.000
 E5             1.000         1.000
 E6             1.000         1.000         1.000
 E7             1.000         1.000         1.000         1.000
 E8             1.000         1.000         1.000         1.000         1.000
 E9             1.000         1.000         1.000         1.000         1.000
 N1             1.000         1.000         1.000         1.000         1.000
 N2             1.000         1.000         1.000         1.000         1.000
 N3             1.000         1.000         1.000         1.000         1.000
 N4             1.000         1.000         1.000         1.000         1.000
 N5             1.000         1.000         1.000         1.000         1.000
 N6             1.000         1.000         1.000         1.000         1.000
 N7             1.000         1.000         1.000         1.000         1.000
 O1             1.000         1.000         1.000         1.000         1.000
 O2             1.000         1.000         1.000         1.000         1.000
 O3             1.000         1.000         1.000         1.000         1.000
 O4             1.000         1.000         1.000         1.000         1.000
 O5             1.000         1.000         1.000         1.000         1.000
 O6             1.000         1.000         1.000         1.000         1.000
 O7             1.000         1.000         1.000         1.000         1.000
 O8             1.000         1.000         1.000         1.000         1.000
 O9             1.000         1.000         1.000         1.000         1.000


           Covariance Coverage
              E9            N1            N2            N3            N4
              ________      ________      ________      ________      ________
 E9             1.000
 N1             1.000         1.000
 N2             1.000         1.000         1.000
 N3             1.000         1.000         1.000         1.000
 N4             1.000         1.000         1.000         1.000         1.000
 N5             1.000         1.000         1.000         1.000         1.000
 N6             1.000         1.000         1.000         1.000         1.000
 N7             1.000         1.000         1.000         1.000         1.000
 O1             1.000         1.000         1.000         1.000         1.000
 O2             1.000         1.000         1.000         1.000         1.000
 O3             1.000         1.000         1.000         1.000         1.000
 O4             1.000         1.000         1.000         1.000         1.000
 O5             1.000         1.000         1.000         1.000         1.000
 O6             1.000         1.000         1.000         1.000         1.000
 O7             1.000         1.000         1.000         1.000         1.000
 O8             1.000         1.000         1.000         1.000         1.000
 O9             1.000         1.000         1.000         1.000         1.000


           Covariance Coverage
              N5            N6            N7            O1            O2
              ________      ________      ________      ________      ________
 N5             1.000
 N6             1.000         1.000
 N7             1.000         1.000         1.000
 O1             1.000         1.000         1.000         1.000
 O2             1.000         1.000         1.000         1.000         1.000
 O3             1.000         1.000         1.000         1.000         1.000
 O4             1.000         1.000         1.000         1.000         1.000
 O5             1.000         1.000         1.000         1.000         1.000
 O6             1.000         1.000         1.000         1.000         1.000
 O7             1.000         1.000         1.000         1.000         1.000
 O8             1.000         1.000         1.000         1.000         1.000
 O9             1.000         1.000         1.000         1.000         1.000


           Covariance Coverage
              O3            O4            O5            O6            O7
              ________      ________      ________      ________      ________
 O3             1.000
 O4             1.000         1.000
 O5             1.000         1.000         1.000
 O6             1.000         1.000         1.000         1.000
 O7             1.000         1.000         1.000         1.000         1.000
 O8             1.000         1.000         1.000         1.000         1.000
 O9             1.000         1.000         1.000         1.000         1.000


           Covariance Coverage
              O8            O9
              ________      ________
 O8             1.000
 O9             1.000         1.000



UNIVARIATE SAMPLE STATISTICS


     UNIVARIATE HIGHER-ORDER MOMENT DESCRIPTIVE STATISTICS

         Variable/         Mean/     Skewness/   Minimum/ % with                Percentiles
        Sample Size      Variance    Kurtosis    Maximum  Min/Max      20%/60%    40%/80%    Median

     A1                   -0.058       0.803      -0.704    3.07%      -0.533     -0.256     -0.109
             748.000       0.236       0.286       1.816    0.13%      -0.002      0.342
     A2                    0.030       0.037      -1.174    0.40%      -0.347     -0.098      0.009
             748.000       0.201      -0.072       1.391    0.13%       0.122      0.423
     A3                    0.079       0.454      -1.075    0.27%      -0.702     -0.109     -0.018
             748.000       0.541      -0.350       2.366    0.13%       0.073      0.760
     A4                   -0.099       0.464      -1.230    3.07%      -0.718     -0.319     -0.175
             748.000       0.464      -0.115       1.991    0.13%       0.024      0.479
     A5                   -0.100      -0.369      -2.108    0.13%      -0.618     -0.257     -0.089
             748.000       0.451       0.103       1.401    0.40%       0.114      0.481
     A6                   -0.116       0.175      -1.766    0.13%      -0.583     -0.274     -0.146
             748.000       0.333      -0.085       1.240    0.53%      -0.009      0.344
     A7                    0.025      -0.203      -1.192    0.13%      -0.245     -0.062      0.051
             748.000       0.099      -0.013       0.799    0.27%       0.137      0.273
     A8                    0.419       0.013      -1.257    0.40%      -0.189      0.216      0.399
             748.000       0.485      -0.488       2.303    0.27%       0.616      1.041
     C1                   -0.088      -0.249      -2.181    0.40%      -0.644     -0.240     -0.081
             748.000       0.506       0.086       1.421    2.27%       0.044      0.483
     C2                   -0.027       0.112      -1.668    0.67%      -0.639     -0.222     -0.042
             748.000       0.486      -0.338       1.900    0.13%       0.141      0.557
     C3                   -0.033       0.234      -1.384    0.27%      -0.547     -0.211     -0.036
             748.000       0.358      -0.263       1.809    0.13%       0.094      0.464
     C4                    0.177       0.205      -1.467    0.13%      -0.452     -0.040      0.152
             748.000       0.505      -0.373       2.137    0.40%       0.357      0.793
     C5                    0.030      -0.259      -1.802    0.27%      -0.440     -0.118      0.045
             748.000       0.416       0.036       1.528    0.13%       0.194      0.585
     C6                   -0.190      -0.575      -2.074    0.27%      -0.645     -0.302     -0.143
             748.000       0.325       0.081       0.809    2.27%       0.023      0.331
     C7                   -0.108      -0.392      -2.233    0.13%      -0.628     -0.209     -0.037
             748.000       0.411      -0.040       1.283    0.40%       0.127      0.404
     C8                    0.088       0.458      -0.801    0.80%      -0.312     -0.066      0.034
             748.000       0.208       0.067       1.817    0.13%       0.148      0.481
     C9                    0.170       0.130      -1.020    1.47%      -0.239      0.043      0.175
             748.000       0.255      -0.104       1.736    0.27%       0.307      0.598
     E1                   -0.040       0.293      -1.574    0.13%      -0.646     -0.239     -0.082
             748.000       0.433      -0.075       1.994    0.13%       0.120      0.510
     E2                   -0.059       0.354      -1.214    0.94%      -0.566     -0.228     -0.081
             748.000       0.309      -0.002       1.960    0.13%       0.041      0.395
     E3                    0.426      -1.060      -1.359    0.13%       0.147      0.428      0.441
             748.000       0.143       1.300       0.943    5.61%       0.475      0.782
     E4                   -0.160      -0.415      -1.867    0.27%      -0.518     -0.307     -0.120
             748.000       0.216       0.547       0.918    0.13%       0.009      0.219
     E5                   -0.039      -1.118      -2.959    0.13%      -0.471     -0.174      0.105
             748.000       0.468       1.121       0.710    3.34%       0.374      0.578
     E6                    0.281      -0.511      -2.261    0.80%      -0.644      0.122      0.464
             748.000       1.201      -0.558       1.886    2.01%       0.723      1.353
     E7                    0.047      -0.409      -2.377    0.13%      -0.472     -0.069      0.213
             748.000       0.431       0.280       1.386    1.34%       0.326      0.457
     E8                   -0.010      -0.045      -2.087    0.13%      -0.878     -0.130     -0.061
             748.000       0.770      -0.378       1.842    0.13%       0.026      0.790
     E9                    0.075      -0.266      -1.773    0.13%      -0.445     -0.007      0.118
             748.000       0.347      -0.378       1.127    2.41%       0.193      0.631
     N1                   -0.162      -0.122      -2.214    0.13%      -0.661     -0.299     -0.132
             748.000       0.390      -0.054       1.375    0.80%       0.001      0.343
     N2                    0.107      -0.195      -1.073    0.13%      -0.132      0.024      0.106
             748.000       0.104       0.396       1.051    0.27%       0.173      0.382
     N3                    0.649      -0.223      -1.204    0.13%       0.145      0.520      0.665
             748.000       0.322      -0.286       1.801    0.80%       0.817      1.146
     N4                    0.538      -0.125      -1.714    0.13%      -0.168      0.381      0.579
             748.000       0.645      -0.342       2.339    0.27%       0.761      1.193
     N5                   -0.245      -0.071      -1.989    0.13%      -0.810     -0.359     -0.213
             748.000       0.420       0.085       1.701    0.27%      -0.083      0.272
     N6                   -0.134       0.459      -1.440    0.67%      -0.789     -0.390     -0.230
             748.000       0.521      -0.149       2.058    0.53%      -0.015      0.497
     N7                    0.000      -0.497      -2.562    0.13%      -0.566     -0.099      0.102
             748.000       0.411       0.169       1.147    1.34%       0.196      0.553
     O1                    0.000      -0.032      -1.530    0.13%      -0.370     -0.123     -0.002
             748.000       0.243       0.049       1.167    1.34%       0.126      0.371
     O2                   -0.127      -0.691      -2.186    0.13%      -0.539     -0.243     -0.150
             748.000       0.305       0.434       0.620    6.15%       0.058      0.456
     O3                   -0.156      -0.232      -2.449    0.13%      -0.650     -0.317     -0.154
             748.000       0.405       0.427       1.373    0.13%       0.008      0.338
     O4                    0.171      -0.089      -1.931    0.13%      -0.781     -0.018      0.046
             748.000       0.779      -0.558       1.943    0.94%       0.421      0.951
     O5                    0.510      -0.232      -1.515    0.13%       0.144      0.381      0.541
             748.000       0.182       0.662       1.435    1.20%       0.676      0.782
     O6                    0.183       0.370      -1.271    0.40%      -0.460     -0.105      0.088
             748.000       0.572      -0.276       2.495    0.13%       0.343      0.804
     O7                    0.000       0.683      -1.037    4.55%      -0.590     -0.268     -0.095
             748.000       0.464       0.085       2.188    0.13%       0.081      0.581
     O8                    0.000      -0.281      -2.214    0.13%      -0.662     -0.197      0.087
             748.000       0.647      -0.449       1.417    2.54%       0.226      0.828
     O9                    0.000       0.021      -0.891    0.13%      -0.164     -0.052      0.001
             748.000       0.070       2.256       1.082    0.13%       0.054      0.160


THE MODEL ESTIMATION TERMINATED NORMALLY



MODEL FIT INFORMATION

Number of Free Parameters                      284

Loglikelihood

          H0 Value                      -22313.722
          H1 Value                      -20619.345

Information Criteria

          Akaike (AIC)                   45195.444
          Bayesian (BIC)                 46506.786
          Sample-Size Adjusted BIC       45604.977
            (n* = (n + 2) / 24)

Chi-Square Test of Model Fit

          Value                           3388.753
          Degrees of Freedom                   661
          P-Value                           0.0000

RMSEA (Root Mean Square Error Of Approximation)

          Estimate                           0.074
          90 Percent C.I.                    0.072  0.077
          Probability RMSEA <= .05           0.000

CFI/TLI

          CFI                                0.811
          TLI                                0.754

Chi-Square Test of Model Fit for the Baseline Model

          Value                          15310.744
          Degrees of Freedom                   861
          P-Value                           0.0000

SRMR (Standardized Root Mean Square Residual)

          Value                              0.044



MODEL RESULTS

                                                    Two-Tailed
                    Estimate       S.E.  Est./S.E.    P-Value

 AGREE    BY
    A1                 0.089      0.023      3.836      0.000
    A2                 0.225      0.018     12.370      0.000
    A3                 0.337      0.034      9.904      0.000
    A4                 0.169      0.030      5.576      0.000
    A5                 0.070      0.029      2.441      0.015
    A6                 0.055      0.024      2.315      0.021
    A7                 0.003      0.007      0.520      0.603
    A8                 0.441      0.026     16.891      0.000
    C1                -0.193      0.034     -5.657      0.000
    C2                 0.480      0.027     17.751      0.000
    C3                -0.004      0.022     -0.182      0.856
    C4                 0.565      0.025     22.527      0.000
    C5                 0.055      0.028      1.984      0.047
    C6                -0.182      0.027     -6.792      0.000
    C7                 0.013      0.023      0.572      0.568
    C8                 0.270      0.022     12.503      0.000
    C9                 0.352      0.018     19.534      0.000
    E1                 0.127      0.027      4.693      0.000
    E2                 0.094      0.025      3.801      0.000
    E3                 0.047      0.016      2.956      0.003
    E4                -0.004      0.018     -0.208      0.835
    E5                -0.018      0.024     -0.765      0.444
    E6                 0.122      0.042      2.894      0.004
    E7                -0.125      0.025     -5.095      0.000
    E8                 0.064      0.029      2.202      0.028
    E9                 0.110      0.020      5.398      0.000
    N1                 0.027      0.023      1.148      0.251
    N2                -0.044      0.015     -3.012      0.003
    N3                -0.071      0.029     -2.477      0.013
    N4                 0.278      0.036      7.811      0.000
    N5                -0.022      0.016     -1.366      0.172
    N6                -0.036      0.025     -1.451      0.147
    N7                -0.015      0.018     -0.826      0.409
    O1                -0.015      0.011     -1.342      0.179
    O2                -0.048      0.019     -2.516      0.012
    O3                -0.306      0.023    -13.536      0.000
    O4                 0.279      0.041      6.807      0.000
    O5                -0.031      0.014     -2.171      0.030
    O6                 0.374      0.029     12.790      0.000
    O7                 0.327      0.032     10.080      0.000
    O8                 0.037      0.026      1.436      0.151
    O9                 0.106      0.010     10.348      0.000

 CONSC    BY
    A1                -0.059      0.021     -2.880      0.004
    A2                 0.078      0.023      3.366      0.001
    A3                -0.118      0.044     -2.708      0.007
    A4                 0.008      0.025      0.342      0.733
    A5                 0.269      0.029      9.131      0.000
    A6                 0.001      0.024      0.045      0.964
    A7                -0.056      0.018     -3.216      0.001
    A8                 0.182      0.040      4.507      0.000
    C1                 0.266      0.038      7.010      0.000
    C2                -0.189      0.038     -4.964      0.000
    C3                -0.429      0.022    -19.734      0.000
    C4                 0.112      0.042      2.639      0.008
    C5                -0.385      0.028    -13.877      0.000
    C6                 0.288      0.026     10.911      0.000
    C7                 0.383      0.026     14.903      0.000
    C8                -0.092      0.030     -3.122      0.002
    C9                -0.031      0.024     -1.283      0.200
    E1                -0.016      0.017     -0.934      0.350
    E2                -0.027      0.020     -1.352      0.176
    E3                 0.090      0.018      4.961      0.000
    E4                 0.049      0.021      2.335      0.020
    E5                 0.204      0.027      7.425      0.000
    E6                -0.006      0.036     -0.158      0.874
    E7                -0.019      0.021     -0.898      0.369
    E8                 0.104      0.038      2.766      0.006
    E9                -0.046      0.022     -2.093      0.036
    N1                -0.064      0.039     -1.635      0.102
    N2                 0.033      0.017      1.945      0.052
    N3                 0.068      0.037      1.818      0.069
    N4                 0.597      0.030     19.857      0.000
    N5                 0.130      0.029      4.531      0.000
    N6                 0.070      0.033      2.115      0.034
    N7                 0.232      0.026      9.061      0.000
    O1                 0.002      0.012      0.145      0.884
    O2                 0.030      0.018      1.643      0.100
    O3                 0.018      0.019      0.944      0.345
    O4                 0.517      0.039     13.285      0.000
    O5                 0.025      0.015      1.650      0.099
    O6                 0.016      0.023      0.665      0.506
    O7                -0.305      0.034     -8.936      0.000
    O8                 0.048      0.031      1.564      0.118
    O9                 0.009      0.011      0.814      0.416

 EXTRA    BY
    A1                 0.317      0.016     19.624      0.000
    A2                 0.186      0.020      9.203      0.000
    A3                 0.015      0.018      0.819      0.413
    A4                 0.202      0.026      7.703      0.000
    A5                -0.092      0.029     -3.196      0.001
    A6                 0.034      0.021      1.592      0.111
    A7                -0.052      0.011     -4.631      0.000
    A8                -0.124      0.036     -3.449      0.001
    C1                 0.099      0.024      4.062      0.000
    C2                 0.018      0.016      1.134      0.257
    C3                -0.047      0.026     -1.816      0.069
    C4                -0.158      0.035     -4.530      0.000
    C5                 0.013      0.015      0.870      0.384
    C6                 0.029      0.016      1.797      0.072
    C7                 0.024      0.023      1.036      0.300
    C8                 0.020      0.011      1.759      0.079
    C9                 0.027      0.018      1.523      0.128
    E1                 0.475      0.022     21.318      0.000
    E2                 0.370      0.019     19.457      0.000
    E3                -0.147      0.015     -9.835      0.000
    E4                -0.102      0.018     -5.590      0.000
    E5                 0.011      0.022      0.517      0.605
    E6                -0.178      0.043     -4.189      0.000
    E7                 0.094      0.023      4.017      0.000
    E8                 0.533      0.031     17.115      0.000
    E9                 0.041      0.018      2.312      0.021
    N1                 0.017      0.018      0.947      0.344
    N2                 0.000      0.010     -0.036      0.971
    N3                -0.004      0.012     -0.293      0.769
    N4                 0.107      0.045      2.346      0.019
    N5                 0.421      0.022     19.249      0.000
    N6                 0.437      0.026     16.685      0.000
    N7                 0.115      0.027      4.341      0.000
    O1                 0.223      0.017     13.019      0.000
    O2                -0.029      0.015     -1.923      0.055
    O3                 0.195      0.023      8.413      0.000
    O4                -0.152      0.047     -3.253      0.001
    O5                 0.000      0.012     -0.019      0.985
    O6                 0.248      0.031      7.951      0.000
    O7                 0.070      0.021      3.427      0.001
    O8                -0.083      0.030     -2.779      0.005
    O9                 0.008      0.009      0.891      0.373

 NEURO    BY
    A1                -0.094      0.019     -4.919      0.000
    A2                 0.013      0.012      1.078      0.281
    A3                -0.078      0.027     -2.851      0.004
    A4                 0.004      0.025      0.141      0.888
    A5                 0.077      0.031      2.512      0.012
    A6                 0.015      0.025      0.601      0.548
    A7                 0.104      0.013      7.705      0.000
    A8                 0.060      0.027      2.254      0.024
    C1                -0.019      0.024     -0.808      0.419
    C2                 0.040      0.021      1.849      0.064
    C3                -0.006      0.018     -0.346      0.729
    C4                -0.013      0.014     -0.958      0.338
    C5                 0.257      0.027      9.637      0.000
    C6                 0.056      0.021      2.704      0.007
    C7                 0.016      0.024      0.689      0.491
    C8                 0.008      0.012      0.667      0.505
    C9                 0.002      0.016      0.152      0.879
    E1                -0.002      0.015     -0.114      0.909
    E2                -0.040      0.020     -1.965      0.049
    E3                 0.162      0.016     10.358      0.000
    E4                 0.071      0.022      3.198      0.001
    E5                 0.227      0.029      7.823      0.000
    E6                 0.555      0.046     12.099      0.000
    E7                 0.304      0.028     11.035      0.000
    E8                 0.023      0.024      0.955      0.339
    E9                 0.425      0.023     18.308      0.000
    N1                -0.014      0.020     -0.712      0.477
    N2                 0.034      0.014      2.459      0.014
    N3                 0.064      0.022      2.973      0.003
    N4                -0.032      0.020     -1.575      0.115
    N5                 0.035      0.019      1.873      0.061
    N6                 0.065      0.029      2.252      0.024
    N7                 0.218      0.026      8.322      0.000
    O1                 0.298      0.019     15.965      0.000
    O2                 0.363      0.022     16.839      0.000
    O3                 0.196      0.025      7.703      0.000
    O4                 0.063      0.032      1.958      0.050
    O5                 0.267      0.017     15.675      0.000
    O6                -0.086      0.030     -2.883      0.004
    O7                 0.020      0.020      1.003      0.316
    O8                 0.462      0.034     13.752      0.000
    O9                -0.025      0.012     -2.131      0.033

 OPEN     BY
    A1                -0.013      0.012     -1.055      0.291
    A2                -0.097      0.019     -4.970      0.000
    A3                -0.265      0.042     -6.360      0.000
    A4                -0.187      0.031     -6.024      0.000
    A5                 0.010      0.027      0.373      0.709
    A6                 0.236      0.026      9.004      0.000
    A7                 0.166      0.012     13.371      0.000
    A8                -0.025      0.020     -1.206      0.228
    C1                 0.205      0.039      5.205      0.000
    C2                 0.093      0.041      2.264      0.024
    C3                 0.002      0.021      0.071      0.943
    C4                 0.120      0.037      3.277      0.001
    C5                 0.021      0.021      1.031      0.303
    C6                 0.081      0.031      2.626      0.009
    C7                 0.070      0.027      2.541      0.011
    C8                -0.165      0.027     -6.102      0.000
    C9                 0.048      0.026      1.869      0.062
    E1                 0.149      0.028      5.315      0.000
    E2                -0.008      0.016     -0.489      0.625
    E3                 0.007      0.010      0.736      0.462
    E4                 0.023      0.021      1.131      0.258
    E5                 0.033      0.029      1.136      0.256
    E6                -0.063      0.043     -1.482      0.138
    E7                 0.120      0.032      3.690      0.000
    E8                 0.309      0.041      7.486      0.000
    E9                 0.079      0.024      3.241      0.001
    N1                 0.458      0.024     19.025      0.000
    N2                 0.128      0.016      8.226      0.000
    N3                 0.395      0.026     15.008      0.000
    N4                 0.009      0.021      0.444      0.657
    N5                 0.187      0.033      5.712      0.000
    N6                -0.140      0.034     -4.128      0.000
    N7                -0.077      0.028     -2.731      0.006
    O1                -0.036      0.020     -1.852      0.064
    O2                 0.079      0.023      3.377      0.001
    O3                 0.064      0.035      1.845      0.065
    O4                -0.020      0.026     -0.778      0.437
    O5                 0.002      0.014      0.115      0.908
    O6                 0.059      0.029      2.008      0.045
    O7                -0.042      0.033     -1.279      0.201
    O8                -0.051      0.031     -1.635      0.102
    O9                 0.043      0.013      3.164      0.002

 CONSC    WITH
    AGREE             -0.140      0.040     -3.522      0.000

 EXTRA    WITH
    AGREE              0.109      0.040      2.684      0.007
    CONSC              0.084      0.039      2.186      0.029

 NEURO    WITH
    AGREE             -0.039      0.045     -0.859      0.390
    CONSC              0.355      0.037      9.493      0.000
    EXTRA              0.014      0.038      0.356      0.721

 OPEN     WITH
    AGREE             -0.136      0.035     -3.833      0.000
    CONSC              0.202      0.047      4.270      0.000
    EXTRA             -0.013      0.039     -0.328      0.743
    NEURO              0.347      0.036      9.521      0.000

 Intercepts
    A1                -0.058      0.018     -3.257      0.001
    A2                 0.030      0.016      1.818      0.069
    A3                 0.079      0.027      2.955      0.003
    A4                -0.099      0.025     -3.980      0.000
    A5                -0.100      0.025     -4.072      0.000
    A6                -0.116      0.021     -5.500      0.000
    A7                 0.025      0.012      2.138      0.033
    A8                 0.419      0.025     16.465      0.000
    C1                -0.088      0.026     -3.385      0.001
    C2                -0.027      0.025     -1.059      0.290
    C3                -0.033      0.022     -1.515      0.130
    C4                 0.177      0.026      6.810      0.000
    C5                 0.030      0.024      1.259      0.208
    C6                -0.190      0.021     -9.123      0.000
    C7                -0.108      0.023     -4.589      0.000
    C8                 0.088      0.017      5.263      0.000
    C9                 0.170      0.018      9.208      0.000
    E1                -0.040      0.024     -1.680      0.093
    E2                -0.059      0.020     -2.915      0.004
    E3                 0.426      0.014     30.786      0.000
    E4                -0.160      0.017     -9.389      0.000
    E5                -0.039      0.025     -1.543      0.123
    E6                 0.281      0.040      7.024      0.000
    E7                 0.047      0.024      1.971      0.049
    E8                -0.010      0.032     -0.296      0.767
    E9                 0.075      0.022      3.460      0.001
    N1                -0.162      0.023     -7.079      0.000
    N2                 0.107      0.012      9.032      0.000
    N3                 0.649      0.021     31.282      0.000
    N4                 0.538      0.029     18.335      0.000
    N5                -0.245      0.024    -10.340      0.000
    N6                -0.134      0.026     -5.059      0.000
    N7                 0.000      0.023      0.000      1.000
    O1                 0.000      0.018      0.000      1.000
    O2                -0.127      0.020     -6.296      0.000
    O3                -0.156      0.023     -6.710      0.000
    O4                 0.171      0.032      5.307      0.000
    O5                 0.510      0.016     32.708      0.000
    O6                 0.183      0.028      6.631      0.000
    O7                 0.000      0.025      0.000      1.000
    O8                 0.000      0.029      0.000      1.000
    O9                 0.000      0.010      0.000      1.000

 Variances
    AGREE              1.000      0.000    999.000    999.000
    CONSC              1.000      0.000    999.000    999.000
    EXTRA              1.000      0.000    999.000    999.000
    NEURO              1.000      0.000    999.000    999.000
    OPEN               1.000      0.000    999.000    999.000

 Residual Variances
    A1                 0.106      0.006     16.377      0.000
    A2                 0.091      0.005     16.595      0.000
    A3                 0.265      0.015     17.372      0.000
    A4                 0.343      0.019     18.384      0.000
    A5                 0.355      0.019     18.467      0.000
    A6                 0.274      0.015     18.235      0.000
    A7                 0.051      0.003     15.879      0.000
    A8                 0.270      0.016     16.569      0.000
    C1                 0.306      0.017     17.971      0.000
    C2                 0.207      0.013     15.613      0.000
    C3                 0.167      0.010     16.011      0.000
    C4                 0.188      0.014     13.583      0.000
    C5                 0.264      0.016     16.681      0.000
    C6                 0.155      0.009     17.226      0.000
    C7                 0.242      0.014     17.406      0.000
    C8                 0.074      0.005     15.648      0.000
    C9                 0.128      0.008     16.944      0.000
    E1                 0.164      0.011     15.186      0.000
    E2                 0.153      0.009     16.951      0.000
    E3                 0.080      0.005     17.139      0.000
    E4                 0.195      0.010     19.049      0.000
    E5                 0.331      0.018     18.507      0.000
    E6                 0.879      0.049     17.938      0.000
    E7                 0.275      0.015     18.018      0.000
    E8                 0.350      0.022     16.129      0.000
    E9                 0.141      0.009     14.894      0.000
    N1                 0.194      0.014     14.190      0.000
    N2                 0.076      0.004     18.410      0.000
    N3                 0.112      0.009     13.017      0.000
    N4                 0.240      0.017     14.176      0.000
    N5                 0.163      0.010     15.578      0.000
    N6                 0.304      0.018     16.890      0.000
    N7                 0.266      0.015     17.857      0.000
    O1                 0.109      0.007     14.947      0.000
    O2                 0.131      0.008     15.985      0.000
    O3                 0.219      0.013     17.256      0.000
    O4                 0.451      0.027     16.893      0.000
    O5                 0.103      0.006     16.953      0.000
    O6                 0.349      0.020     17.849      0.000
    O7                 0.223      0.013     16.896      0.000
    O8                 0.426      0.024     17.486      0.000
    O9                 0.058      0.003     18.465      0.000


STANDARDIZED MODEL RESULTS


STDYX Standardization

                                                    Two-Tailed
                    Estimate       S.E.  Est./S.E.    P-Value

 AGREE    BY
    A1                 0.182      0.047      3.872      0.000
    A2                 0.501      0.037     13.568      0.000
    A3                 0.458      0.044     10.489      0.000
    A4                 0.248      0.043      5.715      0.000
    A5                 0.104      0.042      2.451      0.014
    A6                 0.096      0.041      2.325      0.020
    A7                 0.011      0.021      0.521      0.603
    A8                 0.634      0.030     21.451      0.000
    C1                -0.271      0.047     -5.756      0.000
    C2                 0.688      0.031     22.479      0.000
    C3                -0.007      0.037     -0.182      0.856
    C4                 0.795      0.024     33.094      0.000
    C5                 0.085      0.043      1.986      0.047
    C6                -0.319      0.046     -6.930      0.000
    C7                 0.021      0.036      0.572      0.567
    C8                 0.592      0.043     13.620      0.000
    C9                 0.696      0.025     28.131      0.000
    E1                 0.193      0.041      4.739      0.000
    E2                 0.169      0.044      3.837      0.000
    E3                 0.125      0.042      2.965      0.003
    E4                -0.008      0.039     -0.208      0.835
    E5                -0.027      0.035     -0.765      0.444
    E6                 0.111      0.038      2.910      0.004
    E7                -0.191      0.037     -5.172      0.000
    E8                 0.073      0.033      2.205      0.027
    E9                 0.186      0.034      5.449      0.000
    N1                 0.043      0.037      1.149      0.251
    N2                -0.137      0.045     -3.029      0.002
    N3                -0.124      0.050     -2.477      0.013
    N4                 0.347      0.044      7.952      0.000
    N5                -0.034      0.025     -1.366      0.172
    N6                -0.049      0.034     -1.452      0.147
    N7                -0.023      0.028     -0.827      0.408
    O1                -0.030      0.022     -1.344      0.179
    O2                -0.088      0.035     -2.520      0.012
    O3                -0.481      0.032    -15.229      0.000
    O4                 0.316      0.045      6.984      0.000
    O5                -0.073      0.034     -2.175      0.030
    O6                 0.494      0.034     14.622      0.000
    O7                 0.481      0.045     10.747      0.000
    O8                 0.047      0.032      1.437      0.151
    O9                 0.400      0.035     11.483      0.000

 CONSC    BY
    A1                -0.122      0.042     -2.888      0.004
    A2                 0.175      0.052      3.383      0.001
    A3                -0.161      0.059     -2.717      0.007
    A4                 0.012      0.036      0.342      0.733
    A5                 0.401      0.041      9.864      0.000
    A6                 0.002      0.041      0.045      0.964
    A7                -0.179      0.055     -3.231      0.001
    A8                 0.261      0.057      4.561      0.000
    C1                 0.374      0.051      7.278      0.000
    C2                -0.271      0.054     -5.012      0.000
    C3                -0.717      0.026    -27.874      0.000
    C4                 0.158      0.060      2.644      0.008
    C5                -0.597      0.037    -16.219      0.000
    C6                 0.505      0.043     11.858      0.000
    C7                 0.598      0.033     18.168      0.000
    C8                -0.202      0.065     -3.133      0.002
    C9                -0.062      0.048     -1.283      0.200
    E1                -0.024      0.025     -0.934      0.350
    E2                -0.049      0.036     -1.353      0.176
    E3                 0.237      0.047      5.028      0.000
    E4                 0.105      0.045      2.346      0.019
    E5                 0.298      0.038      7.755      0.000
    E6                -0.005      0.033     -0.158      0.874
    E7                -0.029      0.032     -0.898      0.369
    E8                 0.119      0.043      2.773      0.006
    E9                -0.079      0.038     -2.095      0.036
    N1                -0.102      0.063     -1.638      0.101
    N2                 0.101      0.052      1.950      0.051
    N3                 0.119      0.066      1.821      0.069
    N4                 0.743      0.029     25.894      0.000
    N5                 0.201      0.044      4.566      0.000
    N6                 0.097      0.046      2.120      0.034
    N7                 0.362      0.038      9.622      0.000
    O1                 0.004      0.024      0.145      0.884
    O2                 0.055      0.033      1.644      0.100
    O3                 0.028      0.029      0.945      0.345
    O4                 0.585      0.038     15.325      0.000
    O5                 0.059      0.035      1.653      0.098
    O6                 0.021      0.031      0.665      0.506
    O7                -0.448      0.048     -9.371      0.000
    O8                 0.060      0.038      1.566      0.117
    O9                 0.034      0.042      0.814      0.416

 EXTRA    BY
    A1                 0.652      0.025     26.134      0.000
    A2                 0.414      0.043      9.633      0.000
    A3                 0.020      0.024      0.819      0.413
    A4                 0.297      0.037      8.070      0.000
    A5                -0.137      0.043     -3.217      0.001
    A6                 0.059      0.037      1.595      0.111
    A7                -0.165      0.035     -4.675      0.000
    A8                -0.178      0.051     -3.468      0.001
    C1                 0.139      0.034      4.095      0.000
    C2                 0.026      0.023      1.133      0.257
    C3                -0.078      0.043     -1.821      0.069
    C4                -0.223      0.049     -4.566      0.000
    C5                 0.021      0.024      0.870      0.384
    C6                 0.051      0.028      1.799      0.072
    C7                 0.037      0.036      1.037      0.300
    C8                 0.043      0.025      1.760      0.078
    C9                 0.054      0.035      1.524      0.128
    E1                 0.722      0.024     29.882      0.000
    E2                 0.666      0.025     26.935      0.000
    E3                -0.387      0.037    -10.424      0.000
    E4                -0.219      0.038     -5.756      0.000
    E5                 0.016      0.031      0.517      0.605
    E6                -0.163      0.038     -4.239      0.000
    E7                 0.142      0.035      4.052      0.000
    E8                 0.607      0.029     20.880      0.000
    E9                 0.069      0.030      2.319      0.020
    N1                 0.027      0.028      0.947      0.344
    N2                -0.001      0.032     -0.036      0.971
    N3                -0.006      0.022     -0.293      0.769
    N4                 0.133      0.056      2.358      0.018
    N5                 0.650      0.027     24.333      0.000
    N6                 0.605      0.028     21.443      0.000
    N7                 0.180      0.041      4.398      0.000
    O1                 0.453      0.032     14.297      0.000
    O2                -0.053      0.027     -1.924      0.054
    O3                 0.307      0.035      8.724      0.000
    O4                -0.172      0.053     -3.263      0.001
    O5                -0.001      0.027     -0.019      0.985
    O6                 0.328      0.040      8.274      0.000
    O7                 0.104      0.030      3.440      0.001
    O8                -0.103      0.037     -2.789      0.005
    O9                 0.032      0.036      0.891      0.373

 NEURO    BY
    A1                -0.192      0.039     -4.960      0.000
    A2                 0.028      0.026      1.078      0.281
    A3                -0.106      0.037     -2.859      0.004
    A4                 0.005      0.037      0.141      0.888
    A5                 0.115      0.045      2.524      0.012
    A6                 0.026      0.043      0.602      0.547
    A7                 0.329      0.041      7.962      0.000
    A8                 0.086      0.038      2.259      0.024
    C1                -0.027      0.033     -0.808      0.419
    C2                 0.057      0.031      1.851      0.064
    C3                -0.010      0.030     -0.346      0.729
    C4                -0.019      0.020     -0.958      0.338
    C5                 0.398      0.039     10.211      0.000
    C6                 0.098      0.036      2.712      0.007
    C7                 0.025      0.037      0.689      0.491
    C8                 0.017      0.026      0.667      0.505
    C9                 0.005      0.032      0.152      0.879
    E1                -0.003      0.023     -0.114      0.909
    E2                -0.071      0.036     -1.967      0.049
    E3                 0.429      0.039     11.127      0.000
    E4                 0.153      0.047      3.228      0.001
    E5                 0.331      0.040      8.215      0.000
    E6                 0.507      0.037     13.824      0.000
    E7                 0.463      0.038     12.130      0.000
    E8                 0.026      0.027      0.956      0.339
    E9                 0.720      0.031     23.300      0.000
    N1                -0.023      0.032     -0.712      0.477
    N2                 0.106      0.043      2.469      0.014
    N3                 0.113      0.038      2.980      0.003
    N4                -0.040      0.025     -1.576      0.115
    N5                 0.054      0.029      1.875      0.061
    N6                 0.091      0.040      2.257      0.024
    N7                 0.341      0.039      8.739      0.000
    O1                 0.604      0.033     18.545      0.000
    O2                 0.658      0.032     20.757      0.000
    O3                 0.308      0.039      7.952      0.000
    O4                 0.072      0.036      1.961      0.050
    O5                 0.625      0.032     19.421      0.000
    O6                -0.114      0.039     -2.894      0.004
    O7                 0.030      0.030      1.003      0.316
    O8                 0.575      0.035     16.321      0.000
    O9                -0.095      0.044     -2.138      0.032

 OPEN     BY
    A1                -0.027      0.025     -1.056      0.291
    A2                -0.216      0.043     -5.014      0.000
    A3                -0.361      0.055     -6.522      0.000
    A4                -0.275      0.044     -6.195      0.000
    A5                 0.015      0.041      0.373      0.709
    A6                 0.408      0.042      9.727      0.000
    A7                 0.526      0.035     15.127      0.000
    A8                -0.035      0.029     -1.205      0.228
    C1                 0.288      0.054      5.298      0.000
    C2                 0.133      0.059      2.271      0.023
    C3                 0.003      0.035      0.071      0.943
    C4                 0.169      0.051      3.297      0.001
    C5                 0.033      0.032      1.031      0.303
    C6                 0.141      0.054      2.633      0.008
    C7                 0.109      0.043      2.548      0.011
    C8                -0.363      0.059     -6.198      0.000
    C9                 0.095      0.051      1.874      0.061
    E1                 0.227      0.042      5.360      0.000
    E2                -0.015      0.030     -0.489      0.625
    E3                 0.019      0.026      0.736      0.461
    E4                 0.050      0.044      1.133      0.257
    E5                 0.048      0.042      1.137      0.256
    E6                -0.058      0.039     -1.484      0.138
    E7                 0.182      0.049      3.726      0.000
    E8                 0.353      0.046      7.702      0.000
    E9                 0.134      0.041      3.253      0.001
    N1                 0.733      0.028     26.372      0.000
    N2                 0.398      0.046      8.736      0.000
    N3                 0.696      0.040     17.428      0.000
    N4                 0.011      0.026      0.444      0.657
    N5                 0.288      0.050      5.799      0.000
    N6                -0.193      0.046     -4.166      0.000
    N7                -0.120      0.044     -2.740      0.006
    O1                -0.073      0.040     -1.852      0.064
    O2                 0.144      0.042      3.395      0.001
    O3                 0.101      0.055      1.848      0.065
    O4                -0.023      0.030     -0.778      0.436
    O5                 0.004      0.032      0.115      0.908
    O6                 0.078      0.039      2.013      0.044
    O7                -0.061      0.048     -1.278      0.201
    O8                -0.063      0.038     -1.637      0.102
    O9                 0.161      0.050      3.190      0.001

 CONSC    WITH
    AGREE             -0.140      0.040     -3.522      0.000

 EXTRA    WITH
    AGREE              0.109      0.040      2.684      0.007
    CONSC              0.084      0.039      2.186      0.029

 NEURO    WITH
    AGREE             -0.039      0.045     -0.859      0.390
    CONSC              0.355      0.037      9.493      0.000
    EXTRA              0.014      0.038      0.356      0.721

 OPEN     WITH
    AGREE             -0.136      0.035     -3.833      0.000
    CONSC              0.202      0.047      4.270      0.000
    EXTRA             -0.013      0.039     -0.328      0.743
    NEURO              0.347      0.036      9.521      0.000

 Intercepts
    A1                -0.119      0.037     -3.245      0.001
    A2                 0.066      0.037      1.816      0.069
    A3                 0.108      0.037      2.947      0.003
    A4                -0.146      0.037     -3.959      0.000
    A5                -0.149      0.037     -4.050      0.000
    A6                -0.201      0.037     -5.445      0.000
    A7                 0.078      0.037      2.134      0.033
    A8                 0.602      0.040     15.150      0.000
    C1                -0.124      0.037     -3.372      0.001
    C2                -0.039      0.037     -1.058      0.290
    C3                -0.055      0.037     -1.514      0.130
    C4                 0.249      0.037      6.707      0.000
    C5                 0.046      0.037      1.258      0.208
    C6                -0.334      0.038     -8.880      0.000
    C7                -0.168      0.037     -4.557      0.000
    C8                 0.192      0.037      5.215      0.000
    C9                 0.337      0.038      8.957      0.000
    E1                -0.061      0.037     -1.678      0.093
    E2                -0.107      0.037     -2.906      0.004
    E3                 1.126      0.047     24.087      0.000
    E4                -0.343      0.038     -9.124      0.000
    E5                -0.056      0.037     -1.542      0.123
    E6                 0.257      0.037      6.911      0.000
    E7                 0.072      0.037      1.968      0.049
    E8                -0.011      0.037     -0.296      0.767
    E9                 0.127      0.037      3.446      0.001
    N1                -0.259      0.037     -6.963      0.000
    N2                 0.330      0.038      8.796      0.000
    N3                 1.144      0.047     24.323      0.000
    N4                 0.670      0.040     16.568      0.000
    N5                -0.378      0.038     -9.989      0.000
    N6                -0.185      0.037     -5.017      0.000
    N7                 0.000      0.037      0.000      1.000
    O1                 0.000      0.037      0.000      1.000
    O2                -0.230      0.037     -6.214      0.000
    O3                -0.245      0.037     -6.612      0.000
    O4                 0.194      0.037      5.258      0.000
    O5                 1.196      0.048     24.975      0.000
    O6                 0.242      0.037      6.536      0.000
    O7                 0.000      0.037      0.000      1.000
    O8                 0.000      0.037      0.000      1.000
    O9                 0.000      0.037      0.000      1.000

 Variances
    AGREE              1.000      0.000    999.000    999.000
    CONSC              1.000      0.000    999.000    999.000
    EXTRA              1.000      0.000    999.000    999.000
    NEURO              1.000      0.000    999.000    999.000
    OPEN               1.000      0.000    999.000    999.000

 Residual Variances
    A1                 0.448      0.028     15.801      0.000
    A2                 0.452      0.028     16.041      0.000
    A3                 0.490      0.028     17.228      0.000
    A4                 0.741      0.030     24.452      0.000
    A5                 0.786      0.029     26.694      0.000
    A6                 0.823      0.029     27.930      0.000
    A7                 0.512      0.032     16.012      0.000
    A8                 0.557      0.032     17.305      0.000
    C1                 0.605      0.030     19.852      0.000
    C2                 0.425      0.029     14.901      0.000
    C3                 0.467      0.030     15.659      0.000
    C4                 0.372      0.029     12.797      0.000
    C5                 0.634      0.034     18.647      0.000
    C6                 0.477      0.028     16.925      0.000
    C7                 0.589      0.031     18.824      0.000
    C8                 0.357      0.025     14.361      0.000
    C9                 0.500      0.030     16.949      0.000
    E1                 0.379      0.027     14.169      0.000
    E2                 0.495      0.029     16.883      0.000
    E3                 0.557      0.031     17.969      0.000
    E4                 0.900      0.022     40.199      0.000
    E5                 0.707      0.030     23.484      0.000
    E6                 0.732      0.032     23.142      0.000
    E7                 0.639      0.031     20.685      0.000
    E8                 0.454      0.029     15.640      0.000
    E9                 0.405      0.029     14.121      0.000
    N1                 0.498      0.035     14.174      0.000
    N2                 0.728      0.030     24.051      0.000
    N3                 0.346      0.028     12.194      0.000
    N4                 0.372      0.028     13.292      0.000
    N5                 0.389      0.027     14.565      0.000
    N6                 0.584      0.032     18.084      0.000
    N7                 0.649      0.031     20.673      0.000
    O1                 0.447      0.031     14.496      0.000
    O2                 0.430      0.028     15.270      0.000
    O3                 0.541      0.030     17.843      0.000
    O4                 0.580      0.032     18.026      0.000
    O5                 0.568      0.032     17.918      0.000
    O6                 0.610      0.031     19.799      0.000
    O7                 0.482      0.029     16.665      0.000
    O8                 0.657      0.032     20.290      0.000
    O9                 0.829      0.028     29.180      0.000


R-SQUARE

    Observed                                        Two-Tailed
    Variable        Estimate       S.E.  Est./S.E.    P-Value

    A1                 0.552      0.028     19.447      0.000
    A2                 0.548      0.028     19.429      0.000
    A3                 0.510      0.028     17.960      0.000
    A4                 0.259      0.030      8.568      0.000
    A5                 0.214      0.029      7.271      0.000
    A6                 0.177      0.029      6.020      0.000
    A7                 0.488      0.032     15.243      0.000
    A8                 0.443      0.032     13.782      0.000
    C1                 0.395      0.030     12.987      0.000
    C2                 0.575      0.029     20.171      0.000
    C3                 0.533      0.030     17.886      0.000
    C4                 0.628      0.029     21.635      0.000
    C5                 0.366      0.034     10.755      0.000
    C6                 0.523      0.028     18.529      0.000
    C7                 0.411      0.031     13.110      0.000
    C8                 0.643      0.025     25.861      0.000
    C9                 0.500      0.030     16.924      0.000
    E1                 0.621      0.027     23.169      0.000
    E2                 0.505      0.029     17.245      0.000
    E3                 0.443      0.031     14.264      0.000
    E4                 0.100      0.022      4.484      0.000
    E5                 0.293      0.030      9.737      0.000
    E6                 0.268      0.032      8.472      0.000
    E7                 0.361      0.031     11.690      0.000
    E8                 0.546      0.029     18.784      0.000
    E9                 0.595      0.029     20.734      0.000
    N1                 0.502      0.035     14.297      0.000
    N2                 0.272      0.030      8.965      0.000
    N3                 0.654      0.028     23.058      0.000
    N4                 0.628      0.028     22.437      0.000
    N5                 0.611      0.027     22.878      0.000
    N6                 0.416      0.032     12.900      0.000
    N7                 0.351      0.031     11.186      0.000
    O1                 0.553      0.031     17.923      0.000
    O2                 0.570      0.028     20.256      0.000
    O3                 0.459      0.030     15.162      0.000
    O4                 0.420      0.032     13.064      0.000
    O5                 0.432      0.032     13.619      0.000
    O6                 0.390      0.031     12.660      0.000
    O7                 0.518      0.029     17.933      0.000
    O8                 0.343      0.032     10.576      0.000
    O9                 0.171      0.028      6.025      0.000


QUALITY OF NUMERICAL RESULTS

     Condition Number for the Information Matrix              0.188E-02
       (ratio of smallest to largest eigenvalue)


MODEL MODIFICATION INDICES

NOTE:  Modification indices for direct effects of observed dependent variables
regressed on covariates may not be included.  To include these, request
MODINDICES (ALL).

Minimum M.I. value for printing the modification index     4.000

                                   M.I.     E.P.C.  Std E.P.C.  StdYX E.P.C.

WITH Statements

A4       WITH A2                  16.333     0.029      0.029        0.163
A5       WITH A1                   4.327    -0.016     -0.016       -0.084
A5       WITH A3                   6.130     0.030      0.030        0.097
A5       WITH A4                   7.425     0.036      0.036        0.104
A6       WITH A2                  16.345     0.026      0.026        0.162
A6       WITH A4                  33.201     0.068      0.068        0.220
A7       WITH A2                  19.096    -0.013     -0.013       -0.187
A7       WITH A3                   8.971     0.014      0.014        0.125
A7       WITH A4                   5.889    -0.013     -0.013       -0.099
A7       WITH A5                   4.011    -0.011     -0.011       -0.081
A7       WITH A6                  15.082    -0.019     -0.019       -0.158
A8       WITH A1                  17.663     0.030      0.030        0.176
A8       WITH A3                   4.758    -0.024     -0.024       -0.089
A8       WITH A4                  41.389    -0.078     -0.078       -0.255
A8       WITH A5                  22.889    -0.059     -0.059       -0.190
A8       WITH A6                  26.156    -0.055     -0.055       -0.203
A8       WITH A7                   7.673     0.014      0.014        0.116
C2       WITH A1                   7.376    -0.017     -0.017       -0.117
C2       WITH A2                  12.684     0.021      0.021        0.153
C2       WITH A4                  15.121     0.042      0.042        0.159
C2       WITH A6                  24.634     0.048      0.048        0.203
C2       WITH A8                  65.247    -0.082     -0.082       -0.348
C3       WITH A1                   4.458     0.012      0.012        0.091
C3       WITH A2                   4.986     0.012      0.012        0.096
C3       WITH A4                   4.800     0.021      0.021        0.089
C3       WITH A5                  19.064     0.044      0.044        0.179
C4       WITH A2                   6.996     0.016      0.016        0.121
C4       WITH A3                  12.032    -0.035     -0.035       -0.155
C4       WITH A5                   9.744    -0.035     -0.035       -0.136
C4       WITH A7                  24.665    -0.023     -0.023       -0.230
C4       WITH A8                  37.829     0.066      0.066        0.294
C5       WITH A2                   6.787     0.017      0.017        0.109
C5       WITH C2                   4.615    -0.022     -0.022       -0.093
C5       WITH C3                  23.238     0.044      0.044        0.212
C5       WITH C4                  11.869     0.035      0.035        0.157
C6       WITH A1                   6.649     0.014      0.014        0.107
C6       WITH A2                  17.659     0.021      0.021        0.173
C6       WITH A4                   8.393     0.026      0.026        0.114
C6       WITH A5                  37.573     0.057      0.057        0.241
C6       WITH A6                   4.160     0.017      0.017        0.080
C6       WITH A8                  16.119    -0.034     -0.034       -0.164
C6       WITH C3                  26.736     0.036      0.036        0.222
C6       WITH C4                  11.114     0.026      0.026        0.149
C6       WITH C5                  15.560     0.033      0.033        0.164
C7       WITH A4                   8.055     0.032      0.032        0.111
C7       WITH A5                  43.823     0.076      0.076        0.259
C7       WITH A8                  20.317    -0.047     -0.047       -0.184
C7       WITH C2                   9.952     0.030      0.030        0.132
C7       WITH C4                  17.270    -0.040     -0.040       -0.185
C7       WITH C5                  23.064    -0.050     -0.050       -0.199
C8       WITH A3                 150.523     0.074      0.074        0.528
C8       WITH A5                  19.959     0.030      0.030        0.182
C8       WITH A6                   7.528     0.016      0.016        0.112
C8       WITH A7                   8.526     0.008      0.008        0.127
C8       WITH A8                   8.300    -0.018     -0.018       -0.124
C8       WITH C4                  10.784    -0.018     -0.018       -0.155
C8       WITH C7                  14.181     0.021      0.021        0.158
C9       WITH A1                   7.286    -0.013     -0.013       -0.113
C9       WITH A3                  18.941    -0.033     -0.033       -0.178
C9       WITH A5                  10.452     0.027      0.027        0.128
C9       WITH A6                   8.802    -0.022     -0.022       -0.118
C9       WITH A8                  10.121     0.025      0.025        0.133
C9       WITH C2                   5.045    -0.016     -0.016       -0.099
E1       WITH A2                   8.214    -0.016     -0.016       -0.127
E1       WITH A4                  11.969    -0.034     -0.034       -0.144
E1       WITH A5                   4.587     0.021      0.021        0.089
E1       WITH A6                  14.016    -0.033     -0.033       -0.156
E1       WITH A7                   5.158     0.009      0.009        0.100
E1       WITH C4                  18.769    -0.036     -0.036       -0.205
E1       WITH C9                  48.717     0.044      0.044        0.303
E2       WITH A1                   4.208     0.011      0.011        0.089
E2       WITH A6                   6.734    -0.021     -0.021       -0.103
E2       WITH A8                   9.862     0.026      0.026        0.130
E2       WITH C8                   5.535    -0.011     -0.011       -0.101
E2       WITH C9                  11.991     0.020      0.020        0.143
E3       WITH A1                  18.813    -0.017     -0.017       -0.184
E3       WITH A8                   6.369     0.015      0.015        0.105
E3       WITH C6                  15.654    -0.018     -0.018       -0.161
E3       WITH E1                   4.462     0.011      0.011        0.092
E4       WITH A1                  21.590    -0.027     -0.027       -0.185
E4       WITH A4                  36.546     0.059      0.059        0.227
E4       WITH A5                  30.078     0.054      0.054        0.206
E4       WITH A6                  16.412     0.035      0.035        0.152
E4       WITH A8                  49.901    -0.063     -0.063       -0.276
E4       WITH C1                  11.179     0.031      0.031        0.127
E4       WITH C2                  50.238     0.057      0.057        0.285
E4       WITH C3                  11.135     0.024      0.024        0.134
E4       WITH C6                  11.371     0.023      0.023        0.131
E4       WITH C7                  13.836     0.031      0.031        0.143
E4       WITH C8                  15.139     0.019      0.019        0.157
E4       WITH C9                   7.804    -0.017     -0.017       -0.109
E4       WITH E1                   9.356    -0.022     -0.022       -0.126
E4       WITH E2                  10.475    -0.022     -0.022       -0.127
E5       WITH A2                   8.556     0.020      0.020        0.117
E5       WITH C2                   8.007     0.030      0.030        0.115
E5       WITH C3                   4.954     0.021      0.021        0.091
E5       WITH C6                  26.052     0.046      0.046        0.201
E5       WITH C7                   8.365     0.032      0.032        0.113
E6       WITH A2                   5.355    -0.026     -0.026       -0.094
E6       WITH A6                  22.408    -0.090     -0.090       -0.183
E6       WITH A8                   7.545     0.054      0.054        0.110
E6       WITH C2                   5.301    -0.041     -0.041       -0.095
E6       WITH C7                   8.335    -0.053     -0.053       -0.114
E6       WITH E4                  13.981    -0.059     -0.059       -0.142
E7       WITH A4                  11.344    -0.040     -0.040       -0.130
E7       WITH A8                   8.143     0.031      0.031        0.115
E7       WITH C2                  12.027    -0.034     -0.034       -0.143
E7       WITH C7                   4.237    -0.021     -0.021       -0.081
E7       WITH C8                   9.728     0.018      0.018        0.129
E7       WITH E6                   7.081     0.051      0.051        0.104
E8       WITH A1                   5.265    -0.019     -0.019       -0.100
E8       WITH A2                  30.632    -0.042     -0.042       -0.235
E8       WITH A3                   4.606     0.027      0.027        0.089
E8       WITH A6                   4.470    -0.026     -0.026       -0.085
E8       WITH C1                  10.652    -0.044     -0.044       -0.134
E8       WITH C2                   9.569    -0.036     -0.036       -0.134
E8       WITH C5                   4.654    -0.028     -0.028       -0.091
E8       WITH C6                   4.925    -0.021     -0.021       -0.092
E8       WITH C8                   7.157     0.019      0.019        0.116
E8       WITH E1                  34.209     0.065      0.065        0.272
E8       WITH E2                   4.726    -0.022     -0.022       -0.093
E8       WITH E3                   5.066     0.016      0.016        0.094
E9       WITH A7                  16.821     0.016      0.016        0.187
E9       WITH A8                   4.626     0.018      0.018        0.094
E9       WITH C1                  18.984    -0.039     -0.039       -0.186
E9       WITH C6                   5.177    -0.015     -0.015       -0.099
E9       WITH C8                   5.965    -0.011     -0.011       -0.111
E9       WITH E4                   8.020    -0.019     -0.019       -0.118
E9       WITH E6                   4.004    -0.031     -0.031       -0.087
E9       WITH E8                   5.677     0.024      0.024        0.106
N1       WITH A3                  13.331     0.036      0.036        0.161
N1       WITH A5                  13.228     0.040      0.040        0.154
N1       WITH A7                  38.663     0.029      0.029        0.295
N1       WITH A8                  14.421    -0.038     -0.038       -0.167
N1       WITH C6                  10.918     0.025      0.025        0.144
N1       WITH C7                  16.184     0.038      0.038        0.174
N1       WITH C8                   7.133     0.015      0.015        0.124
N1       WITH E3                   7.107    -0.015     -0.015       -0.117
N1       WITH E7                  10.392    -0.032     -0.032       -0.138
N1       WITH E8                  10.970    -0.039     -0.039       -0.151
N2       WITH A4                   6.555    -0.016     -0.016       -0.098
N2       WITH A5                   8.228    -0.018     -0.018       -0.109
N2       WITH A8                  19.417     0.025      0.025        0.175
N2       WITH C1                  34.811     0.035      0.035        0.228
N2       WITH C2                  12.184    -0.018     -0.018       -0.142
N2       WITH C3                   4.715    -0.010     -0.010       -0.088
N2       WITH C4                   5.624     0.012      0.012        0.103
N2       WITH C6                   9.435    -0.013     -0.013       -0.121
N2       WITH C7                  13.594    -0.020     -0.020       -0.144
N2       WITH E3                   6.749     0.008      0.008        0.103
N2       WITH E5                   8.502    -0.018     -0.018       -0.111
N2       WITH E6                   9.431     0.031      0.031        0.119
N2       WITH E7                  52.865     0.041      0.041        0.281
N2       WITH E9                  24.512    -0.022     -0.022       -0.208
N3       WITH A1                   5.353     0.012      0.012        0.106
N3       WITH A2                  14.838     0.018      0.018        0.178
N3       WITH A3                   6.769    -0.020     -0.020       -0.119
N3       WITH A4                   4.261     0.018      0.018        0.091
N3       WITH A6                  64.067     0.062      0.062        0.354
N3       WITH A7                  15.031    -0.014     -0.014       -0.190
N3       WITH C1                  14.750     0.032      0.032        0.171
N3       WITH C2                   6.820     0.018      0.018        0.122
N3       WITH C4                  10.405     0.023      0.023        0.161
N3       WITH E1                  40.572    -0.041     -0.041       -0.304
N3       WITH E3                   4.954    -0.009     -0.009       -0.100
N3       WITH E5                   9.748     0.026      0.026        0.135
N3       WITH E9                   4.883    -0.013     -0.013       -0.106
N3       WITH N2                  14.416     0.015      0.015        0.168
N4       WITH C3                  26.955    -0.052     -0.052       -0.261
N4       WITH C9                   6.014    -0.019     -0.019       -0.111
N4       WITH E3                   7.020    -0.016     -0.016       -0.119
N4       WITH E7                   5.063    -0.025     -0.025       -0.098
N5       WITH A1                  18.486    -0.025     -0.025       -0.192
N5       WITH A2                  11.336    -0.018     -0.018       -0.146
N5       WITH A3                   8.316     0.025      0.025        0.121
N5       WITH A8                  10.489    -0.029     -0.029       -0.138
N5       WITH C1                  13.238    -0.034     -0.034       -0.152
N5       WITH C6                   6.161    -0.017     -0.017       -0.105
N5       WITH C9                  23.380    -0.030     -0.030       -0.206
N5       WITH E1                  12.878     0.028      0.028        0.171
N5       WITH E4                  18.210     0.031      0.031        0.172
N5       WITH E5                   4.848    -0.021     -0.021       -0.090
N5       WITH E8                 112.853     0.116      0.116        0.483
N5       WITH N2                   5.518    -0.011     -0.011       -0.096
N5       WITH N3                  15.680    -0.025     -0.025       -0.187
N5       WITH N4                  12.733     0.033      0.033        0.167
N6       WITH A2                  21.412     0.032      0.032        0.194
N6       WITH A3                  11.692    -0.039     -0.039       -0.139
N6       WITH A4                   9.356     0.039      0.039        0.122
N6       WITH A7                  11.476    -0.018     -0.018       -0.143
N6       WITH C1                  24.944     0.061      0.061        0.200
N6       WITH C3                   5.006     0.021      0.021        0.095
N6       WITH C4                  13.279     0.040      0.040        0.166
N6       WITH E1                   9.893    -0.031     -0.031       -0.138
N6       WITH E4                   7.052     0.025      0.025        0.104
N6       WITH E5                  12.740     0.045      0.045        0.141
N6       WITH E6                   5.131    -0.047     -0.047       -0.091
N6       WITH E8                   8.573    -0.040     -0.040       -0.123
N6       WITH E9                   7.067    -0.024     -0.024       -0.116
N6       WITH N3                   8.927     0.025      0.025        0.136
N6       WITH N4                  18.489    -0.052     -0.052       -0.193
N6       WITH N5                  11.762    -0.033     -0.033       -0.148
N7       WITH A2                   6.947     0.017      0.017        0.108
N7       WITH C4                   8.882    -0.029     -0.029       -0.131
N7       WITH C5                   7.799     0.030      0.030        0.113
N7       WITH C6                   4.999     0.018      0.018        0.090
N7       WITH C7                   6.469     0.026      0.026        0.101
N7       WITH E2                   7.095     0.022      0.022        0.108
N7       WITH E8                  23.141    -0.060     -0.060       -0.197
N7       WITH N1                   9.202     0.030      0.030        0.132
N7       WITH N4                   5.127     0.025      0.025        0.101
O1       WITH A2                   5.209     0.010      0.010        0.101
O1       WITH A3                  10.107    -0.023     -0.023       -0.136
O1       WITH A5                  16.835    -0.034     -0.034       -0.171
O1       WITH A7                  11.926    -0.011     -0.011       -0.153
O1       WITH C1                  11.810     0.026      0.026        0.145
O1       WITH C3                   7.497    -0.016     -0.016       -0.122
O1       WITH C6                   8.381    -0.016     -0.016       -0.125
O1       WITH C7                   7.315    -0.019     -0.019       -0.116
O1       WITH C8                   4.436    -0.008     -0.008       -0.094
O1       WITH E1                   5.424    -0.014     -0.014       -0.108
O1       WITH N2                   9.868     0.012      0.012        0.131
O1       WITH N3                   5.293     0.012      0.012        0.110
O1       WITH N5                   4.098    -0.012     -0.012       -0.092
O1       WITH N6                   9.262     0.025      0.025        0.135
O2       WITH A7                   5.318    -0.008     -0.008       -0.101
O2       WITH A8                   8.953    -0.024     -0.024       -0.126
O2       WITH C1                   5.051    -0.019     -0.019       -0.092
O2       WITH C2                  12.018     0.025      0.025        0.151
O2       WITH C5                   4.857    -0.018     -0.018       -0.095
O2       WITH C6                   9.434     0.018      0.018        0.129
O2       WITH E2                   6.842    -0.016     -0.016       -0.111
O2       WITH E5                  41.302     0.055      0.055        0.263
O2       WITH E9                  10.817     0.021      0.021        0.158
O2       WITH N2                  27.398    -0.021     -0.021       -0.213
O2       WITH N7                   4.904    -0.017     -0.017       -0.092
O3       WITH A2                   5.129     0.013      0.013        0.093
O3       WITH A4                  11.437     0.036      0.036        0.133
O3       WITH A5                  11.244     0.037      0.037        0.132
O3       WITH C1                   7.157     0.028      0.028        0.107
O3       WITH C6                   4.758     0.016      0.016        0.089
O3       WITH E4                  24.963     0.040      0.040        0.193
O3       WITH E5                   5.023    -0.024     -0.024       -0.088
O3       WITH E7                  16.593     0.040      0.040        0.163
O3       WITH E8                  18.636    -0.050     -0.050       -0.180
O3       WITH N6                  11.870     0.036      0.036        0.141
O3       WITH O2                  11.884    -0.025     -0.025       -0.146
O4       WITH A2                   5.510    -0.020     -0.020       -0.098
O4       WITH A4                   4.969    -0.035     -0.035       -0.089
O4       WITH A8                  51.505     0.105      0.105        0.302
O4       WITH C2                   8.791    -0.039     -0.039       -0.126
O4       WITH C6                   8.143    -0.031     -0.031       -0.118
O4       WITH C8                  10.372    -0.025     -0.025       -0.137
O4       WITH E5                  13.376    -0.056     -0.056       -0.146
O4       WITH E7                   4.087     0.029      0.029        0.081
O4       WITH E8                   4.282     0.035      0.035        0.087
O4       WITH E9                   5.187     0.025      0.025        0.100
O4       WITH N3                  10.068    -0.032     -0.032       -0.143
O4       WITH N5                   5.432     0.027      0.027        0.100
O4       WITH O2                   4.922    -0.023     -0.023       -0.094
O5       WITH A3                   8.953     0.020      0.020        0.121
O5       WITH A7                  11.126     0.010      0.010        0.140
O5       WITH C4                   8.793    -0.019     -0.019       -0.133
O5       WITH C8                   4.672     0.008      0.008        0.092
O5       WITH E3                  21.861     0.018      0.018        0.194
O5       WITH E5                  18.374    -0.031     -0.031       -0.170
O5       WITH N2                   5.410     0.008      0.008        0.092
O5       WITH N5                   4.160     0.011      0.011        0.087
O5       WITH N6                   4.046    -0.015     -0.015       -0.083
O5       WITH N7                   8.020     0.019      0.019        0.115
O5       WITH O2                  17.760    -0.021     -0.021       -0.184
O5       WITH O3                   6.649     0.016      0.016        0.106
O6       WITH A1                  38.200     0.049      0.049        0.255
O6       WITH A2                   4.236     0.015      0.015        0.084
O6       WITH A5                  37.862    -0.083     -0.083       -0.237
O6       WITH A8                  35.327     0.074      0.074        0.240
O6       WITH C4                  16.379     0.046      0.046        0.180
O6       WITH C7                   9.632    -0.036     -0.036       -0.123
O6       WITH C8                  10.431    -0.022     -0.022       -0.134
O6       WITH C9                   5.468    -0.020     -0.020       -0.095
O6       WITH E1                  10.741    -0.034     -0.034       -0.140
O6       WITH E4                  16.684    -0.041     -0.041       -0.156
O6       WITH N3                  11.968     0.030      0.030        0.152
O6       WITH N5                   8.449    -0.029     -0.029       -0.121
O6       WITH O1                   6.659     0.021      0.021        0.109
O6       WITH O3                  19.470    -0.049     -0.049       -0.176
O7       WITH A1                   4.653    -0.014     -0.014       -0.091
O7       WITH A4                   4.583     0.023      0.023        0.085
O7       WITH A6                   7.922     0.028      0.028        0.111
O7       WITH A8                  29.011    -0.054     -0.054       -0.222
O7       WITH C1                  12.086     0.037      0.037        0.140
O7       WITH C2                  80.758     0.084      0.084        0.391
O7       WITH C3                   5.367    -0.019     -0.019       -0.100
O7       WITH C5                   7.132    -0.027     -0.027       -0.112
O7       WITH C6                  48.936    -0.054     -0.054       -0.290
O7       WITH C7                   8.243     0.027      0.027        0.117
O7       WITH E2                  10.151    -0.024     -0.024       -0.132
O7       WITH E4                  36.612     0.049      0.049        0.236
O7       WITH E5                   8.765    -0.032     -0.032       -0.117
O7       WITH E6                  13.900    -0.066     -0.066       -0.149
O7       WITH E8                   8.420    -0.034     -0.034       -0.121
O7       WITH E9                  11.074    -0.026     -0.026       -0.146
O7       WITH N5                   8.883     0.024      0.024        0.127
O7       WITH O1                  20.559     0.031      0.031        0.196
O7       WITH O3                   9.657     0.028      0.028        0.127
O7       WITH O6                   8.942    -0.034     -0.034       -0.120
O8       WITH A1                   4.134     0.018      0.018        0.084
O8       WITH A2                   7.554    -0.022     -0.022       -0.113
O8       WITH A4                   5.920     0.036      0.036        0.095
O8       WITH A8                   5.143    -0.031     -0.031       -0.092
O8       WITH C6                   4.270     0.021      0.021        0.083
O8       WITH C8                   5.348     0.017      0.017        0.097
O8       WITH C9                   7.735    -0.026     -0.026       -0.113
O8       WITH E3                  12.936    -0.027     -0.027       -0.147
O8       WITH E4                   4.778     0.024      0.024        0.084
O8       WITH E5                   4.197     0.030      0.030        0.080
O8       WITH E6                  33.348     0.141      0.141        0.231
O8       WITH N7                   4.778    -0.029     -0.029       -0.087
O8       WITH O2                  10.314     0.032      0.032        0.137
O8       WITH O3                   4.722    -0.027     -0.027       -0.088
O9       WITH A3                   8.298     0.014      0.014        0.112
O9       WITH A5                  78.921     0.048      0.048        0.337
O9       WITH A7                   4.169     0.004      0.004        0.082
O9       WITH A8                  13.944    -0.019     -0.019       -0.148
O9       WITH C2                   5.551     0.011      0.011        0.096
O9       WITH C4                   7.598    -0.013     -0.013       -0.121
O9       WITH C6                  12.220     0.013      0.013        0.137
O9       WITH C7                  20.246     0.021      0.021        0.175
O9       WITH C8                  24.907     0.013      0.013        0.203
O9       WITH C9                  25.455     0.017      0.017        0.200
O9       WITH E1                  21.651     0.019      0.019        0.193
O9       WITH E3                   7.385     0.007      0.007        0.107
O9       WITH E4                  16.411     0.016      0.016        0.152
O9       WITH E9                   4.807    -0.008     -0.008       -0.092
O9       WITH N1                  12.759     0.016      0.016        0.151
O9       WITH N3                   6.252    -0.009     -0.009       -0.108
O9       WITH N4                   5.707    -0.012     -0.012       -0.103
O9       WITH N5                   4.447    -0.008     -0.008       -0.086
O9       WITH O1                  19.183    -0.014     -0.014       -0.182
O9       WITH O3                  20.965     0.020      0.020        0.180
O9       WITH O6                  49.003    -0.038     -0.038       -0.270


     Beginning Time:  16:41:27
        Ending Time:  16:41:28
       Elapsed Time:  00:00:01



MUTHEN & MUTHEN
3463 Stoner Ave.
Los Angeles, CA  90066

Tel: (310) 391-9971
Fax: (310) 391-8971
Web: www.StatModel.com
Support: Support@StatModel.com

Copyright (c) 1998-2019 Muthen & Muthen
