Mplus VERSION 7.31 (Mac)
MUTHEN & MUTHEN
06/09/2015   2:01 PM

INPUT INSTRUCTIONS

  TITLE:

  DATA:
  FILE IS  "factorscores_CFA.txt";
  Variable:
  Names are
  VPN
  A1
  A2
  A3
  A4
  A5
  A6
  A7
  A8
  C1
  C2
  C3
  C4
  C5
  C6
  C7
  C8
  C9
  E1
  E2
  E3
  E4
  E5
  E6
  E7
  E8
  E9
  N1
  N2
  N3
  N4
  N5
  N6
  N7
  O1
  O2
  O3
  O4
  O5
  O6
  O7
  O8
  O9
  ;

  USEVARIABLES ARE
  A1
  A2
  A3
  A4
  A5
  A6
  A7
  A8
  C1
  C2
  C3
  C4
  C5
  C6
  C7
  C8
  C9
  E1
  E2
  E3
  E4
  E5
  E6
  E7
  E8
  E9
  N1
  N2
  N3
  N4
  N5
  N6
  N7
  O1
  O2
  O3
  O4
  O5
  O6
  O7
  O8
  O9
  ;

  MISSING ARE ALL (-99);

  Model:

  agree consc extra neuro open by
  A1
  A2
  A3
  A4
  A5
  A6
  A7
  A8
  C1
  C2
  C3
  C4
  C5
  C6
  C7
  C8
  C9
  E1
  E2
  E3
  E4
  E5
  E6
  E7
  E8
  E9
  N1
  N2
  N3
  N4
  N5
  N6
  N7
  O1
  O2
  O3
  O4
  O5
  O6
  O7
  O8
  O9
  (*1);

  !SE by
  !agree
  !consc
  !extra
  !neuro
  !open;

  Analysis:
  ESTIMATOR IS ML;
  iterations = 10000;

  OUTPUT: STDYX MODINDICES(4);



INPUT READING TERMINATED NORMALLY




SUMMARY OF ANALYSIS

Number of groups                                                 1
Number of observations                                         361

Number of dependent variables                                   42
Number of independent variables                                  0
Number of continuous latent variables                            5

Observed dependent variables

  Continuous
   A1          A2          A3          A4          A5          A6
   A7          A8          C1          C2          C3          C4
   C5          C6          C7          C8          C9          E1
   E2          E3          E4          E5          E6          E7
   E8          E9          N1          N2          N3          N4
   N5          N6          N7          O1          O2          O3
   O4          O5          O6          O7          O8          O9

Continuous latent variables

  EFA factors
  *1:   AGREE       CONSC       EXTRA       NEURO       OPEN


Estimator                                                       ML
Rotation                                                    GEOMIN
Row standardization                                    CORRELATION
Type of rotation                                           OBLIQUE
Epsilon value                                               Varies
Information matrix                                        OBSERVED
Maximum number of iterations                                 10000
Convergence criterion                                    0.500D-04
Maximum number of steepest descent iterations                   20
Maximum number of iterations for H1                           2000
Convergence criterion for H1                             0.100D-03
Optimization Specifications for the Exploratory Factor Analysis
Rotation Algorithm
  Number of random starts                                       30
  Maximum number of iterations                               10000
  Derivative convergence criterion                       0.100D-04

Input data file(s)
  factorscores_CFA.txt

Input data format  FREE


SUMMARY OF DATA

     Number of missing data patterns             1


COVARIANCE COVERAGE OF DATA

Minimum covariance coverage value   0.100


     PROPORTION OF DATA PRESENT


           Covariance Coverage
              A1            A2            A3            A4            A5
              ________      ________      ________      ________      ________
 A1             1.000
 A2             1.000         1.000
 A3             1.000         1.000         1.000
 A4             1.000         1.000         1.000         1.000
 A5             1.000         1.000         1.000         1.000         1.000
 A6             1.000         1.000         1.000         1.000         1.000
 A7             1.000         1.000         1.000         1.000         1.000
 A8             1.000         1.000         1.000         1.000         1.000
 C1             1.000         1.000         1.000         1.000         1.000
 C2             1.000         1.000         1.000         1.000         1.000
 C3             1.000         1.000         1.000         1.000         1.000
 C4             1.000         1.000         1.000         1.000         1.000
 C5             1.000         1.000         1.000         1.000         1.000
 C6             1.000         1.000         1.000         1.000         1.000
 C7             1.000         1.000         1.000         1.000         1.000
 C8             1.000         1.000         1.000         1.000         1.000
 C9             1.000         1.000         1.000         1.000         1.000
 E1             1.000         1.000         1.000         1.000         1.000
 E2             1.000         1.000         1.000         1.000         1.000
 E3             1.000         1.000         1.000         1.000         1.000
 E4             1.000         1.000         1.000         1.000         1.000
 E5             1.000         1.000         1.000         1.000         1.000
 E6             1.000         1.000         1.000         1.000         1.000
 E7             1.000         1.000         1.000         1.000         1.000
 E8             1.000         1.000         1.000         1.000         1.000
 E9             1.000         1.000         1.000         1.000         1.000
 N1             1.000         1.000         1.000         1.000         1.000
 N2             1.000         1.000         1.000         1.000         1.000
 N3             1.000         1.000         1.000         1.000         1.000
 N4             1.000         1.000         1.000         1.000         1.000
 N5             1.000         1.000         1.000         1.000         1.000
 N6             1.000         1.000         1.000         1.000         1.000
 N7             1.000         1.000         1.000         1.000         1.000
 O1             1.000         1.000         1.000         1.000         1.000
 O2             1.000         1.000         1.000         1.000         1.000
 O3             1.000         1.000         1.000         1.000         1.000
 O4             1.000         1.000         1.000         1.000         1.000
 O5             1.000         1.000         1.000         1.000         1.000
 O6             1.000         1.000         1.000         1.000         1.000
 O7             1.000         1.000         1.000         1.000         1.000
 O8             1.000         1.000         1.000         1.000         1.000
 O9             1.000         1.000         1.000         1.000         1.000


           Covariance Coverage
              A6            A7            A8            C1            C2
              ________      ________      ________      ________      ________
 A6             1.000
 A7             1.000         1.000
 A8             1.000         1.000         1.000
 C1             1.000         1.000         1.000         1.000
 C2             1.000         1.000         1.000         1.000         1.000
 C3             1.000         1.000         1.000         1.000         1.000
 C4             1.000         1.000         1.000         1.000         1.000
 C5             1.000         1.000         1.000         1.000         1.000
 C6             1.000         1.000         1.000         1.000         1.000
 C7             1.000         1.000         1.000         1.000         1.000
 C8             1.000         1.000         1.000         1.000         1.000
 C9             1.000         1.000         1.000         1.000         1.000
 E1             1.000         1.000         1.000         1.000         1.000
 E2             1.000         1.000         1.000         1.000         1.000
 E3             1.000         1.000         1.000         1.000         1.000
 E4             1.000         1.000         1.000         1.000         1.000
 E5             1.000         1.000         1.000         1.000         1.000
 E6             1.000         1.000         1.000         1.000         1.000
 E7             1.000         1.000         1.000         1.000         1.000
 E8             1.000         1.000         1.000         1.000         1.000
 E9             1.000         1.000         1.000         1.000         1.000
 N1             1.000         1.000         1.000         1.000         1.000
 N2             1.000         1.000         1.000         1.000         1.000
 N3             1.000         1.000         1.000         1.000         1.000
 N4             1.000         1.000         1.000         1.000         1.000
 N5             1.000         1.000         1.000         1.000         1.000
 N6             1.000         1.000         1.000         1.000         1.000
 N7             1.000         1.000         1.000         1.000         1.000
 O1             1.000         1.000         1.000         1.000         1.000
 O2             1.000         1.000         1.000         1.000         1.000
 O3             1.000         1.000         1.000         1.000         1.000
 O4             1.000         1.000         1.000         1.000         1.000
 O5             1.000         1.000         1.000         1.000         1.000
 O6             1.000         1.000         1.000         1.000         1.000
 O7             1.000         1.000         1.000         1.000         1.000
 O8             1.000         1.000         1.000         1.000         1.000
 O9             1.000         1.000         1.000         1.000         1.000


           Covariance Coverage
              C3            C4            C5            C6            C7
              ________      ________      ________      ________      ________
 C3             1.000
 C4             1.000         1.000
 C5             1.000         1.000         1.000
 C6             1.000         1.000         1.000         1.000
 C7             1.000         1.000         1.000         1.000         1.000
 C8             1.000         1.000         1.000         1.000         1.000
 C9             1.000         1.000         1.000         1.000         1.000
 E1             1.000         1.000         1.000         1.000         1.000
 E2             1.000         1.000         1.000         1.000         1.000
 E3             1.000         1.000         1.000         1.000         1.000
 E4             1.000         1.000         1.000         1.000         1.000
 E5             1.000         1.000         1.000         1.000         1.000
 E6             1.000         1.000         1.000         1.000         1.000
 E7             1.000         1.000         1.000         1.000         1.000
 E8             1.000         1.000         1.000         1.000         1.000
 E9             1.000         1.000         1.000         1.000         1.000
 N1             1.000         1.000         1.000         1.000         1.000
 N2             1.000         1.000         1.000         1.000         1.000
 N3             1.000         1.000         1.000         1.000         1.000
 N4             1.000         1.000         1.000         1.000         1.000
 N5             1.000         1.000         1.000         1.000         1.000
 N6             1.000         1.000         1.000         1.000         1.000
 N7             1.000         1.000         1.000         1.000         1.000
 O1             1.000         1.000         1.000         1.000         1.000
 O2             1.000         1.000         1.000         1.000         1.000
 O3             1.000         1.000         1.000         1.000         1.000
 O4             1.000         1.000         1.000         1.000         1.000
 O5             1.000         1.000         1.000         1.000         1.000
 O6             1.000         1.000         1.000         1.000         1.000
 O7             1.000         1.000         1.000         1.000         1.000
 O8             1.000         1.000         1.000         1.000         1.000
 O9             1.000         1.000         1.000         1.000         1.000


           Covariance Coverage
              C8            C9            E1            E2            E3
              ________      ________      ________      ________      ________
 C8             1.000
 C9             1.000         1.000
 E1             1.000         1.000         1.000
 E2             1.000         1.000         1.000         1.000
 E3             1.000         1.000         1.000         1.000         1.000
 E4             1.000         1.000         1.000         1.000         1.000
 E5             1.000         1.000         1.000         1.000         1.000
 E6             1.000         1.000         1.000         1.000         1.000
 E7             1.000         1.000         1.000         1.000         1.000
 E8             1.000         1.000         1.000         1.000         1.000
 E9             1.000         1.000         1.000         1.000         1.000
 N1             1.000         1.000         1.000         1.000         1.000
 N2             1.000         1.000         1.000         1.000         1.000
 N3             1.000         1.000         1.000         1.000         1.000
 N4             1.000         1.000         1.000         1.000         1.000
 N5             1.000         1.000         1.000         1.000         1.000
 N6             1.000         1.000         1.000         1.000         1.000
 N7             1.000         1.000         1.000         1.000         1.000
 O1             1.000         1.000         1.000         1.000         1.000
 O2             1.000         1.000         1.000         1.000         1.000
 O3             1.000         1.000         1.000         1.000         1.000
 O4             1.000         1.000         1.000         1.000         1.000
 O5             1.000         1.000         1.000         1.000         1.000
 O6             1.000         1.000         1.000         1.000         1.000
 O7             1.000         1.000         1.000         1.000         1.000
 O8             1.000         1.000         1.000         1.000         1.000
 O9             1.000         1.000         1.000         1.000         1.000


           Covariance Coverage
              E4            E5            E6            E7            E8
              ________      ________      ________      ________      ________
 E4             1.000
 E5             1.000         1.000
 E6             1.000         1.000         1.000
 E7             1.000         1.000         1.000         1.000
 E8             1.000         1.000         1.000         1.000         1.000
 E9             1.000         1.000         1.000         1.000         1.000
 N1             1.000         1.000         1.000         1.000         1.000
 N2             1.000         1.000         1.000         1.000         1.000
 N3             1.000         1.000         1.000         1.000         1.000
 N4             1.000         1.000         1.000         1.000         1.000
 N5             1.000         1.000         1.000         1.000         1.000
 N6             1.000         1.000         1.000         1.000         1.000
 N7             1.000         1.000         1.000         1.000         1.000
 O1             1.000         1.000         1.000         1.000         1.000
 O2             1.000         1.000         1.000         1.000         1.000
 O3             1.000         1.000         1.000         1.000         1.000
 O4             1.000         1.000         1.000         1.000         1.000
 O5             1.000         1.000         1.000         1.000         1.000
 O6             1.000         1.000         1.000         1.000         1.000
 O7             1.000         1.000         1.000         1.000         1.000
 O8             1.000         1.000         1.000         1.000         1.000
 O9             1.000         1.000         1.000         1.000         1.000


           Covariance Coverage
              E9            N1            N2            N3            N4
              ________      ________      ________      ________      ________
 E9             1.000
 N1             1.000         1.000
 N2             1.000         1.000         1.000
 N3             1.000         1.000         1.000         1.000
 N4             1.000         1.000         1.000         1.000         1.000
 N5             1.000         1.000         1.000         1.000         1.000
 N6             1.000         1.000         1.000         1.000         1.000
 N7             1.000         1.000         1.000         1.000         1.000
 O1             1.000         1.000         1.000         1.000         1.000
 O2             1.000         1.000         1.000         1.000         1.000
 O3             1.000         1.000         1.000         1.000         1.000
 O4             1.000         1.000         1.000         1.000         1.000
 O5             1.000         1.000         1.000         1.000         1.000
 O6             1.000         1.000         1.000         1.000         1.000
 O7             1.000         1.000         1.000         1.000         1.000
 O8             1.000         1.000         1.000         1.000         1.000
 O9             1.000         1.000         1.000         1.000         1.000


           Covariance Coverage
              N5            N6            N7            O1            O2
              ________      ________      ________      ________      ________
 N5             1.000
 N6             1.000         1.000
 N7             1.000         1.000         1.000
 O1             1.000         1.000         1.000         1.000
 O2             1.000         1.000         1.000         1.000         1.000
 O3             1.000         1.000         1.000         1.000         1.000
 O4             1.000         1.000         1.000         1.000         1.000
 O5             1.000         1.000         1.000         1.000         1.000
 O6             1.000         1.000         1.000         1.000         1.000
 O7             1.000         1.000         1.000         1.000         1.000
 O8             1.000         1.000         1.000         1.000         1.000
 O9             1.000         1.000         1.000         1.000         1.000


           Covariance Coverage
              O3            O4            O5            O6            O7
              ________      ________      ________      ________      ________
 O3             1.000
 O4             1.000         1.000
 O5             1.000         1.000         1.000
 O6             1.000         1.000         1.000         1.000
 O7             1.000         1.000         1.000         1.000         1.000
 O8             1.000         1.000         1.000         1.000         1.000
 O9             1.000         1.000         1.000         1.000         1.000


           Covariance Coverage
              O8            O9
              ________      ________
 O8             1.000
 O9             1.000         1.000



THE MODEL ESTIMATION TERMINATED NORMALLY



MODEL FIT INFORMATION

Number of Free Parameters                      284

Loglikelihood

          H0 Value                      -10269.434
          H1 Value                       -9284.659

Information Criteria

          Akaike (AIC)                   21106.867
          Bayesian (BIC)                 22211.308
          Sample-Size Adjusted BIC       21310.310
            (n* = (n + 2) / 24)

Chi-Square Test of Model Fit

          Value                           1969.550
          Degrees of Freedom                   661
          P-Value                           0.0000

RMSEA (Root Mean Square Error Of Approximation)

          Estimate                           0.074
          90 Percent C.I.                    0.070  0.078
          Probability RMSEA <= .05           0.000

CFI/TLI

          CFI                                0.848
          TLI                                0.802

Chi-Square Test of Model Fit for the Baseline Model

          Value                           9470.446
          Degrees of Freedom                   861
          P-Value                           0.0000

SRMR (Standardized Root Mean Square Residual)

          Value                              0.040



MODEL RESULTS

                                                    Two-Tailed
                    Estimate       S.E.  Est./S.E.    P-Value

 AGREE    BY
    A1                -0.166      0.052     -3.191      0.001
    A2                 0.325      0.028     11.477      0.000
    A3                 0.475      0.031     15.515      0.000
    A4                 0.019      0.020      0.968      0.333
    A5                 0.025      0.021      1.177      0.239
    A6                -0.117      0.056     -2.093      0.036
    A7                 0.382      0.027     14.049      0.000
    A8                -0.110      0.040     -2.755      0.006
    C1                 0.523      0.041     12.905      0.000
    C2                 0.001      0.027      0.036      0.971
    C3                 0.165      0.032      5.216      0.000
    C4                 0.017      0.045      0.389      0.697
    C5                 0.010      0.019      0.510      0.610
    C6                -0.048      0.017     -2.841      0.004
    C7                 0.108      0.053      2.024      0.043
    C8                 0.034      0.031      1.108      0.268
    C9                 0.039      0.019      2.060      0.039
    E1                -0.087      0.037     -2.373      0.018
    E2                 0.460      0.049      9.467      0.000
    E3                 0.030      0.029      1.053      0.292
    E4                 0.010      0.035      0.298      0.766
    E5                 0.342      0.030     11.458      0.000
    E6                 0.129      0.061      2.126      0.034
    E7                 0.159      0.063      2.529      0.011
    E8                 0.089      0.049      1.807      0.071
    E9                 0.136      0.042      3.271      0.001
    N1                 0.282      0.039      7.150      0.000
    N2                 0.017      0.021      0.811      0.418
    N3                -0.020      0.022     -0.903      0.366
    N4                 0.247      0.050      4.984      0.000
    N5                 0.025      0.019      1.330      0.184
    N6                -0.172      0.038     -4.547      0.000
    N7                 0.050      0.027      1.830      0.067
    O1                 0.227      0.057      3.993      0.000
    O2                -0.037      0.053     -0.700      0.484
    O3                 0.041      0.052      0.790      0.430
    O4                -0.113      0.067     -1.693      0.091
    O5                -0.098      0.075     -1.303      0.193
    O6                 0.064      0.054      1.183      0.237
    O7                -0.094      0.072     -1.303      0.193
    O8                -0.111      0.053     -2.092      0.036
    O9                 0.113      0.049      2.284      0.022

 CONSC    BY
    A1                 0.016      0.021      0.768      0.443
    A2                -0.032      0.033     -0.955      0.340
    A3                 0.123      0.057      2.172      0.030
    A4                 0.062      0.027      2.343      0.019
    A5                 0.041      0.027      1.508      0.132
    A6                -0.022      0.034     -0.656      0.512
    A7                -0.034      0.042     -0.812      0.417
    A8                -0.034      0.023     -1.471      0.141
    C1                 0.290      0.075      3.888      0.000
    C2                -0.205      0.053     -3.903      0.000
    C3                -0.120      0.036     -3.304      0.001
    C4                 0.544      0.046     11.913      0.000
    C5                 0.385      0.042      9.095      0.000
    C6                 0.167      0.020      8.295      0.000
    C7                -0.282      0.045     -6.334      0.000
    C8                 0.163      0.040      4.064      0.000
    C9                 0.144      0.025      5.729      0.000
    E1                -0.003      0.021     -0.142      0.887
    E2                -0.266      0.053     -5.058      0.000
    E3                 0.041      0.043      0.971      0.331
    E4                 0.081      0.035      2.298      0.022
    E5                 0.072      0.049      1.474      0.141
    E6                -0.035      0.030     -1.171      0.242
    E7                -0.118      0.044     -2.681      0.007
    E8                 0.011      0.024      0.446      0.655
    E9                 0.027      0.033      0.830      0.406
    N1                 0.057      0.047      1.212      0.225
    N2                -0.065      0.043     -1.511      0.131
    N3                 0.052      0.047      1.093      0.274
    N4                 0.004      0.032      0.136      0.891
    N5                -0.159      0.035     -4.513      0.000
    N6                 0.116      0.043      2.716      0.007
    N7                 0.056      0.037      1.511      0.131
    O1                -0.109      0.046     -2.387      0.017
    O2                 0.011      0.035      0.326      0.744
    O3                -0.013      0.031     -0.428      0.668
    O4                -0.052      0.048     -1.099      0.272
    O5                -0.112      0.044     -2.541      0.011
    O6                 0.073      0.052      1.412      0.158
    O7                 0.041      0.041      1.004      0.315
    O8                -0.023      0.030     -0.764      0.445
    O9                 0.110      0.054      2.044      0.041

 EXTRA    BY
    A1                 0.030      0.038      0.786      0.432
    A2                 0.112      0.049      2.286      0.022
    A3                 0.096      0.032      2.953      0.003
    A4                 0.191      0.022      8.602      0.000
    A5                 0.346      0.036      9.582      0.000
    A6                 0.146      0.081      1.796      0.073
    A7                 0.093      0.045      2.071      0.038
    A8                 0.041      0.031      1.315      0.189
    C1                 0.052      0.037      1.403      0.160
    C2                 0.419      0.071      5.926      0.000
    C3                 0.229      0.027      8.404      0.000
    C4                 0.001      0.031      0.047      0.963
    C5                -0.140      0.057     -2.450      0.014
    C6                 0.003      0.009      0.336      0.737
    C7                 0.230      0.049      4.666      0.000
    C8                 0.055      0.036      1.504      0.132
    C9                -0.104      0.027     -3.893      0.000
    E1                 0.049      0.092      0.538      0.590
    E2                -0.026      0.039     -0.659      0.510
    E3                 0.072      0.126      0.569      0.570
    E4                -0.151      0.101     -1.503      0.133
    E5                 0.009      0.017      0.558      0.577
    E6                 0.245      0.122      2.009      0.045
    E7                -0.027      0.032     -0.841      0.401
    E8                 0.043      0.099      0.437      0.662
    E9                -0.216      0.088     -2.444      0.015
    N1                 0.306      0.041      7.519      0.000
    N2                 0.357      0.099      3.609      0.000
    N3                 0.489      0.060      8.167      0.000
    N4                -0.295      0.036     -8.195      0.000
    N5                 0.319      0.056      5.652      0.000
    N6                 0.517      0.042     12.265      0.000
    N7                 0.349      0.027     12.789      0.000
    O1                -0.068      0.043     -1.604      0.109
    O2                -0.015      0.043     -0.340      0.734
    O3                -0.048      0.025     -1.930      0.054
    O4                 0.131      0.066      1.982      0.048
    O5                 0.044      0.036      1.222      0.222
    O6                 0.060      0.047      1.297      0.194
    O7                -0.048      0.031     -1.546      0.122
    O8                 0.178      0.115      1.545      0.122
    O9                -0.131      0.046     -2.866      0.004

 NEURO    BY
    A1                 0.176      0.059      3.000      0.003
    A2                -0.113      0.040     -2.817      0.005
    A3                 0.015      0.027      0.560      0.575
    A4                 0.028      0.040      0.708      0.479
    A5                 0.129      0.061      2.108      0.035
    A6                 0.319      0.059      5.399      0.000
    A7                -0.067      0.039     -1.725      0.085
    A8                 0.122      0.041      3.015      0.003
    C1                 0.043      0.035      1.231      0.218
    C2                -0.141      0.076     -1.862      0.063
    C3                 0.027      0.035      0.774      0.439
    C4                -0.076      0.053     -1.429      0.153
    C5                 0.080      0.044      1.831      0.067
    C6                -0.050      0.032     -1.561      0.118
    C7                 0.012      0.035      0.333      0.739
    C8                 0.057      0.047      1.209      0.227
    C9                 0.023      0.023      0.996      0.319
    E1                -0.369      0.035    -10.437      0.000
    E2                 0.024      0.046      0.527      0.598
    E3                -0.441      0.064     -6.860      0.000
    E4                 0.371      0.044      8.399      0.000
    E5                 0.086      0.025      3.508      0.000
    E6                 0.522      0.042     12.305      0.000
    E7                 0.174      0.037      4.651      0.000
    E8                 0.428      0.032     13.245      0.000
    E9                 0.313      0.062      5.092      0.000
    N1                -0.039      0.048     -0.822      0.411
    N2                -0.297      0.080     -3.726      0.000
    N3                -0.143      0.111     -1.282      0.200
    N4                 0.017      0.040      0.428      0.669
    N5                -0.110      0.059     -1.878      0.060
    N6                 0.089      0.112      0.794      0.427
    N7                 0.012      0.056      0.208      0.835
    O1                -0.011      0.013     -0.822      0.411
    O2                 0.199      0.052      3.809      0.000
    O3                 0.050      0.037      1.327      0.184
    O4                -0.074      0.082     -0.898      0.369
    O5                 0.059      0.064      0.919      0.358
    O6                -0.061      0.067     -0.910      0.363
    O7                 0.074      0.068      1.078      0.281
    O8                 0.453      0.046      9.786      0.000
    O9                -0.064      0.041     -1.542      0.123

 OPEN     BY
    A1                 0.323      0.040      8.146      0.000
    A2                -0.151      0.039     -3.834      0.000
    A3                -0.021      0.045     -0.464      0.642
    A4                -0.004      0.021     -0.176      0.860
    A5                -0.054      0.025     -2.202      0.028
    A6                 0.139      0.048      2.895      0.004
    A7                -0.084      0.043     -1.960      0.050
    A8                 0.183      0.031      5.982      0.000
    C1                 0.071      0.085      0.835      0.404
    C2                -0.186      0.066     -2.844      0.004
    C3                 0.042      0.025      1.658      0.097
    C4                 0.121      0.088      1.385      0.166
    C5                 0.219      0.076      2.884      0.004
    C6                 0.145      0.031      4.725      0.000
    C7                 0.071      0.047      1.505      0.132
    C8                 0.170      0.050      3.373      0.001
    C9                 0.080      0.037      2.165      0.030
    E1                 0.002      0.025      0.074      0.941
    E2                 0.023      0.032      0.706      0.480
    E3                 0.296      0.045      6.584      0.000
    E4                 0.202      0.050      4.059      0.000
    E5                 0.132      0.050      2.626      0.009
    E6                -0.012      0.027     -0.441      0.660
    E7                 0.226      0.044      5.154      0.000
    E8                 0.064      0.039      1.659      0.097
    E9                 0.060      0.045      1.329      0.184
    N1                -0.141      0.049     -2.874      0.004
    N2                 0.057      0.034      1.647      0.100
    N3                 0.122      0.035      3.494      0.000
    N4                 0.317      0.051      6.194      0.000
    N5                -0.023      0.030     -0.760      0.447
    N6                 0.014      0.023      0.601      0.548
    N7                -0.020      0.026     -0.767      0.443
    O1                 0.346      0.035      9.776      0.000
    O2                 0.349      0.047      7.352      0.000
    O3                 0.399      0.036     10.985      0.000
    O4                 0.448      0.051      8.858      0.000
    O5                 0.451      0.048      9.440      0.000
    O6                 0.500      0.050      9.980      0.000
    O7                 0.590      0.052     11.436      0.000
    O8                 0.016      0.030      0.525      0.600
    O9                 0.429      0.059      7.284      0.000

 CONSC    WITH
    AGREE             -0.037      0.067     -0.551      0.581

 EXTRA    WITH
    AGREE              0.151      0.062      2.460      0.014
    CONSC             -0.052      0.061     -0.865      0.387

 NEURO    WITH
    AGREE              0.053      0.073      0.727      0.467
    CONSC              0.093      0.070      1.326      0.185
    EXTRA             -0.129      0.078     -1.655      0.098

 OPEN     WITH
    AGREE              0.080      0.054      1.482      0.138
    CONSC              0.278      0.077      3.599      0.000
    EXTRA             -0.149      0.125     -1.189      0.234
    NEURO              0.386      0.083      4.632      0.000

 Intercepts
    A1                -0.005      0.031     -0.174      0.862
    A2                 0.013      0.028      0.454      0.650
    A3                 0.001      0.033      0.018      0.986
    A4                 0.000      0.021     -0.004      0.997
    A5                 0.001      0.025      0.020      0.984
    A6                -0.004      0.037     -0.113      0.910
    A7                 0.003      0.030      0.091      0.928
    A8                -0.002      0.024     -0.084      0.933
    C1                -0.007      0.043     -0.157      0.875
    C2                 0.031      0.043      0.727      0.467
    C3                 0.000      0.022     -0.001      1.000
    C4                 0.000      0.038     -0.013      0.990
    C5                -0.005      0.035     -0.135      0.893
    C6                -0.002      0.017     -0.101      0.920
    C7                 0.004      0.034      0.126      0.900
    C8                 0.002      0.031      0.078      0.938
    C9                 0.000      0.020     -0.016      0.988
    E1                 0.003      0.028      0.094      0.925
    E2                 0.005      0.037      0.136      0.892
    E3                -0.001      0.036     -0.026      0.979
    E4                -0.014      0.036     -0.387      0.698
    E5                 0.000      0.027     -0.005      0.996
    E6                -0.003      0.039     -0.079      0.937
    E7                -0.013      0.035     -0.365      0.715
    E8                -0.003      0.032     -0.104      0.917
    E9                -0.003      0.036     -0.090      0.929
    N1                 0.002      0.037      0.064      0.949
    N2                 0.011      0.033      0.331      0.740
    N3                 0.000      0.034     -0.008      0.994
    N4                 0.001      0.037      0.025      0.980
    N5                 0.003      0.026      0.115      0.909
    N6                 0.007      0.037      0.189      0.850
    N7                 0.001      0.029      0.042      0.967
    O1                 0.002      0.027      0.073      0.942
    O2                -0.029      0.037     -0.798      0.425
    O3                -0.002      0.029     -0.053      0.958
    O4                -0.004      0.044     -0.084      0.933
    O5                -0.003      0.040     -0.081      0.935
    O6                -0.001      0.034     -0.038      0.970
    O7                -0.019      0.041     -0.474      0.636
    O8                 0.000      0.036     -0.005      0.996
    O9                -0.008      0.038     -0.207      0.836

 Variances
    AGREE              1.000      0.000    999.000    999.000
    CONSC              1.000      0.000    999.000    999.000
    EXTRA              1.000      0.000    999.000    999.000
    NEURO              1.000      0.000    999.000    999.000
    OPEN               1.000      0.000    999.000    999.000

 Residual Variances
    A1                 0.152      0.013     11.989      0.000
    A2                 0.104      0.009     11.345      0.000
    A3                 0.146      0.014     10.602      0.000
    A4                 0.116      0.009     12.680      0.000
    A5                 0.101      0.009     10.967      0.000
    A6                 0.348      0.028     12.616      0.000
    A7                 0.145      0.012     11.800      0.000
    A8                 0.134      0.011     12.693      0.000
    C1                 0.281      0.026     10.885      0.000
    C2                 0.293      0.024     12.238      0.000
    C3                 0.076      0.007     11.561      0.000
    C4                 0.178      0.020      9.097      0.000
    C5                 0.141      0.013     10.638      0.000
    C6                 0.044      0.004     11.296      0.000
    C7                 0.264      0.021     12.395      0.000
    C8                 0.266      0.020     13.066      0.000
    C9                 0.098      0.008     12.788      0.000
    E1                 0.127      0.011     11.469      0.000
    E2                 0.198      0.018     10.706      0.000
    E3                 0.279      0.024     11.559      0.000
    E4                 0.162      0.014     11.780      0.000
    E5                 0.094      0.008     11.084      0.000
    E6                 0.214      0.020     10.633      0.000
    E7                 0.293      0.023     12.807      0.000
    E8                 0.157      0.014     11.292      0.000
    E9                 0.266      0.021     12.547      0.000
    N1                 0.263      0.021     12.313      0.000
    N2                 0.144      0.013     11.254      0.000
    N3                 0.164      0.015     10.893      0.000
    N4                 0.223      0.019     11.974      0.000
    N5                 0.086      0.008     11.110      0.000
    N6                 0.223      0.021     10.827      0.000
    N7                 0.162      0.013     12.233      0.000
    O1                 0.088      0.009     10.188      0.000
    O2                 0.272      0.021     12.680      0.000
    O3                 0.108      0.009     11.477      0.000
    O4                 0.525      0.041     12.677      0.000
    O5                 0.365      0.029     12.452      0.000
    O6                 0.160      0.014     11.331      0.000
    O7                 0.195      0.017     11.153      0.000
    O8                 0.249      0.022     11.483      0.000
    O9                 0.266      0.021     12.424      0.000


STANDARDIZED MODEL RESULTS


STDYX Standardization

                                                    Two-Tailed
                    Estimate       S.E.  Est./S.E.    P-Value

 AGREE    BY
    A1                -0.282      0.088     -3.224      0.001
    A2                 0.609      0.046     13.313      0.000
    A3                 0.749      0.033     22.547      0.000
    A4                 0.049      0.051      0.969      0.333
    A5                 0.052      0.044      1.178      0.239
    A6                -0.165      0.079     -2.101      0.036
    A7                 0.668      0.035     19.261      0.000
    A8                -0.245      0.088     -2.784      0.005
    C1                 0.641      0.040     15.956      0.000
    C2                 0.001      0.033      0.036      0.971
    C3                 0.385      0.072      5.358      0.000
    C4                 0.024      0.063      0.389      0.697
    C5                 0.014      0.028      0.510      0.610
    C6                -0.150      0.053     -2.850      0.004
    C7                 0.168      0.083      2.031      0.042
    C8                 0.058      0.052      1.110      0.267
    C9                 0.102      0.049      2.069      0.039
    E1                -0.165      0.069     -2.391      0.017
    E2                 0.660      0.062     10.605      0.000
    E3                 0.044      0.042      1.055      0.292
    E4                 0.015      0.051      0.298      0.766
    E5                 0.664      0.048     13.737      0.000
    E6                 0.176      0.082      2.144      0.032
    E7                 0.241      0.094      2.559      0.011
    E8                 0.144      0.079      1.819      0.069
    E9                 0.199      0.060      3.315      0.001
    N1                 0.402      0.053      7.618      0.000
    N2                 0.027      0.033      0.810      0.418
    N3                -0.031      0.034     -0.904      0.366
    N4                 0.351      0.069      5.118      0.000
    N5                 0.050      0.038      1.330      0.184
    N6                -0.243      0.053     -4.620      0.000
    N7                 0.092      0.050      1.835      0.066
    O1                 0.438      0.107      4.085      0.000
    O2                -0.053      0.076     -0.700      0.484
    O3                 0.076      0.096      0.790      0.429
    O4                -0.136      0.080     -1.698      0.089
    O5                -0.130      0.099     -1.306      0.192
    O6                 0.099      0.083      1.184      0.236
    O7                -0.120      0.092     -1.305      0.192
    O8                -0.161      0.077     -2.096      0.036
    O9                 0.157      0.068      2.294      0.022

 CONSC    BY
    A1                 0.028      0.036      0.768      0.443
    A2                -0.060      0.063     -0.957      0.339
    A3                 0.194      0.089      2.182      0.029
    A4                 0.158      0.067      2.366      0.018
    A5                 0.085      0.056      1.513      0.130
    A6                -0.031      0.048     -0.656      0.512
    A7                -0.060      0.073     -0.813      0.416
    A8                -0.076      0.052     -1.475      0.140
    C1                 0.356      0.090      3.964      0.000
    C2                -0.253      0.064     -3.944      0.000
    C3                -0.282      0.085     -3.330      0.001
    C4                 0.757      0.053     14.171      0.000
    C5                 0.576      0.060      9.644      0.000
    C6                 0.518      0.059      8.823      0.000
    C7                -0.438      0.065     -6.750      0.000
    C8                 0.276      0.066      4.169      0.000
    C9                 0.373      0.062      6.005      0.000
    E1                -0.006      0.040     -0.142      0.887
    E2                -0.381      0.074     -5.184      0.000
    E3                 0.060      0.062      0.971      0.332
    E4                 0.119      0.052      2.303      0.021
    E5                 0.139      0.094      1.479      0.139
    E6                -0.047      0.040     -1.172      0.241
    E7                -0.178      0.066     -2.701      0.007
    E8                 0.017      0.039      0.446      0.655
    E9                 0.040      0.048      0.831      0.406
    N1                 0.081      0.066      1.213      0.225
    N2                -0.105      0.069     -1.509      0.131
    N3                 0.079      0.072      1.098      0.272
    N4                 0.006      0.045      0.136      0.891
    N5                -0.316      0.069     -4.555      0.000
    N6                 0.164      0.060      2.744      0.006
    N7                 0.103      0.068      1.518      0.129
    O1                -0.211      0.088     -2.388      0.017
    O2                 0.016      0.050      0.326      0.744
    O3                -0.025      0.058     -0.429      0.668
    O4                -0.063      0.057     -1.100      0.271
    O5                -0.149      0.058     -2.561      0.010
    O6                 0.113      0.080      1.410      0.159
    O7                 0.053      0.053      1.003      0.316
    O8                -0.034      0.044     -0.765      0.444
    O9                 0.153      0.075      2.046      0.041

 EXTRA    BY
    A1                 0.051      0.065      0.786      0.432
    A2                 0.211      0.092      2.304      0.021
    A3                 0.151      0.051      2.982      0.003
    A4                 0.484      0.049      9.920      0.000
    A5                 0.717      0.066     10.860      0.000
    A6                 0.205      0.114      1.803      0.071
    A7                 0.163      0.078      2.085      0.037
    A8                 0.092      0.070      1.316      0.188
    C1                 0.063      0.045      1.405      0.160
    C2                 0.516      0.083      6.221      0.000
    C3                 0.536      0.058      9.193      0.000
    C4                 0.002      0.043      0.047      0.963
    C5                -0.210      0.086     -2.455      0.014
    C6                 0.009      0.028      0.336      0.737
    C7                 0.357      0.074      4.812      0.000
    C8                 0.092      0.061      1.509      0.131
    C9                -0.269      0.068     -3.975      0.000
    E1                 0.093      0.173      0.538      0.590
    E2                -0.037      0.056     -0.659      0.510
    E3                 0.104      0.183      0.568      0.570
    E4                -0.221      0.147     -1.506      0.132
    E5                 0.018      0.033      0.558      0.577
    E6                 0.333      0.165      2.021      0.043
    E7                -0.041      0.049     -0.841      0.400
    E8                 0.070      0.160      0.437      0.662
    E9                -0.315      0.128     -2.464      0.014
    N1                 0.437      0.053      8.224      0.000
    N2                 0.578      0.156      3.699      0.000
    N3                 0.750      0.082      9.112      0.000
    N4                -0.419      0.048     -8.796      0.000
    N5                 0.635      0.107      5.932      0.000
    N6                 0.733      0.048     15.327      0.000
    N7                 0.644      0.036     17.687      0.000
    O1                -0.132      0.082     -1.608      0.108
    O2                -0.021      0.061     -0.340      0.733
    O3                -0.088      0.045     -1.934      0.053
    O4                 0.156      0.078      1.994      0.046
    O5                 0.058      0.047      1.223      0.221
    O6                 0.093      0.072      1.298      0.194
    O7                -0.061      0.039     -1.546      0.122
    O8                 0.260      0.168      1.550      0.121
    O9                -0.181      0.063     -2.889      0.004

 NEURO    BY
    A1                 0.298      0.098      3.031      0.002
    A2                -0.213      0.075     -2.828      0.005
    A3                 0.024      0.042      0.561      0.575
    A4                 0.072      0.101      0.708      0.479
    A5                 0.267      0.126      2.118      0.034
    A6                 0.448      0.079      5.692      0.000
    A7                -0.118      0.068     -1.728      0.084
    A8                 0.273      0.089      3.058      0.002
    C1                 0.053      0.043      1.232      0.218
    C2                -0.174      0.093     -1.862      0.063
    C3                 0.063      0.081      0.775      0.439
    C4                -0.106      0.074     -1.434      0.152
    C5                 0.120      0.065      1.832      0.067
    C6                -0.156      0.100     -1.567      0.117
    C7                 0.018      0.054      0.333      0.739
    C8                 0.096      0.080      1.211      0.226
    C9                 0.059      0.059      0.997      0.319
    E1                -0.698      0.056    -12.355      0.000
    E2                 0.035      0.066      0.527      0.598
    E3                -0.641      0.086     -7.434      0.000
    E4                 0.542      0.060      9.092      0.000
    E5                 0.168      0.048      3.528      0.000
    E6                 0.709      0.048     14.803      0.000
    E7                 0.263      0.055      4.801      0.000
    E8                 0.697      0.039     17.671      0.000
    E9                 0.457      0.087      5.269      0.000
    N1                -0.056      0.068     -0.822      0.411
    N2                -0.481      0.129     -3.737      0.000
    N3                -0.219      0.171     -1.280      0.201
    N4                 0.024      0.057      0.428      0.669
    N5                -0.219      0.117     -1.874      0.061
    N6                 0.126      0.159      0.795      0.427
    N7                 0.022      0.104      0.208      0.835
    O1                -0.021      0.026     -0.822      0.411
    O2                 0.284      0.073      3.885      0.000
    O3                 0.092      0.069      1.328      0.184
    O4                -0.088      0.098     -0.898      0.369
    O5                 0.078      0.085      0.920      0.358
    O6                -0.094      0.103     -0.911      0.362
    O7                 0.094      0.088      1.078      0.281
    O8                 0.661      0.058     11.449      0.000
    O9                -0.088      0.057     -1.546      0.122

 OPEN     BY
    A1                 0.549      0.062      8.839      0.000
    A2                -0.284      0.073     -3.863      0.000
    A3                -0.033      0.071     -0.464      0.642
    A4                -0.010      0.054     -0.176      0.860
    A5                -0.112      0.051     -2.207      0.027
    A6                 0.195      0.067      2.925      0.003
    A7                -0.147      0.075     -1.964      0.050
    A8                 0.409      0.065      6.316      0.000
    C1                 0.087      0.104      0.834      0.404
    C2                -0.229      0.080     -2.876      0.004
    C3                 0.097      0.059      1.659      0.097
    C4                 0.169      0.122      1.391      0.164
    C5                 0.328      0.112      2.933      0.003
    C6                 0.451      0.092      4.908      0.000
    C7                 0.110      0.073      1.506      0.132
    C8                 0.286      0.083      3.447      0.001
    C9                 0.206      0.094      2.185      0.029
    E1                 0.004      0.047      0.074      0.941
    E2                 0.033      0.046      0.706      0.480
    E3                 0.430      0.062      6.941      0.000
    E4                 0.295      0.072      4.116      0.000
    E5                 0.256      0.097      2.630      0.009
    E6                -0.016      0.037     -0.441      0.659
    E7                 0.342      0.064      5.356      0.000
    E8                 0.104      0.063      1.659      0.097
    E9                 0.087      0.066      1.330      0.183
    N1                -0.201      0.070     -2.892      0.004
    N2                 0.092      0.056      1.648      0.099
    N3                 0.187      0.053      3.517      0.000
    N4                 0.450      0.070      6.458      0.000
    N5                -0.046      0.060     -0.761      0.447
    N6                 0.020      0.033      0.601      0.548
    N7                -0.036      0.048     -0.768      0.443
    O1                 0.668      0.063     10.555      0.000
    O2                 0.498      0.063      7.968      0.000
    O3                 0.735      0.056     13.091      0.000
    O4                 0.535      0.052     10.288      0.000
    O5                 0.596      0.054     11.112      0.000
    O6                 0.771      0.066     11.630      0.000
    O7                 0.755      0.054     13.883      0.000
    O8                 0.023      0.044      0.524      0.600
    O9                 0.597      0.075      7.963      0.000

 CONSC    WITH
    AGREE             -0.037      0.067     -0.551      0.581

 EXTRA    WITH
    AGREE              0.151      0.062      2.460      0.014
    CONSC             -0.052      0.061     -0.865      0.387

 NEURO    WITH
    AGREE              0.053      0.073      0.727      0.467
    CONSC              0.093      0.070      1.326      0.185
    EXTRA             -0.129      0.078     -1.655      0.098

 OPEN     WITH
    AGREE              0.080      0.054      1.482      0.138
    CONSC              0.278      0.077      3.599      0.000
    EXTRA             -0.149      0.125     -1.189      0.234
    NEURO              0.386      0.083      4.632      0.000

 Intercepts
    A1                -0.009      0.053     -0.174      0.862
    A2                 0.024      0.053      0.454      0.650
    A3                 0.001      0.053      0.018      0.986
    A4                 0.000      0.053     -0.004      0.997
    A5                 0.001      0.053      0.020      0.984
    A6                -0.006      0.053     -0.113      0.910
    A7                 0.005      0.053      0.091      0.928
    A8                -0.004      0.053     -0.084      0.933
    C1                -0.008      0.053     -0.157      0.875
    C2                 0.038      0.053      0.727      0.468
    C3                 0.000      0.053     -0.001      1.000
    C4                -0.001      0.053     -0.013      0.990
    C5                -0.007      0.053     -0.135      0.893
    C6                -0.005      0.053     -0.101      0.920
    C7                 0.007      0.053      0.126      0.900
    C8                 0.004      0.053      0.078      0.938
    C9                -0.001      0.053     -0.016      0.988
    E1                 0.005      0.053      0.094      0.925
    E2                 0.007      0.053      0.136      0.892
    E3                -0.001      0.053     -0.026      0.979
    E4                -0.020      0.053     -0.387      0.698
    E5                 0.000      0.053     -0.005      0.996
    E6                -0.004      0.053     -0.079      0.937
    E7                -0.019      0.053     -0.365      0.715
    E8                -0.005      0.053     -0.104      0.917
    E9                -0.005      0.053     -0.090      0.929
    N1                 0.003      0.053      0.064      0.949
    N2                 0.017      0.053      0.331      0.740
    N3                 0.000      0.053     -0.008      0.994
    N4                 0.001      0.053      0.025      0.980
    N5                 0.006      0.053      0.115      0.909
    N6                 0.010      0.053      0.189      0.850
    N7                 0.002      0.053      0.042      0.967
    O1                 0.004      0.053      0.073      0.942
    O2                -0.042      0.053     -0.798      0.425
    O3                -0.003      0.053     -0.053      0.958
    O4                -0.004      0.053     -0.084      0.933
    O5                -0.004      0.053     -0.081      0.935
    O6                -0.002      0.053     -0.038      0.970
    O7                -0.025      0.053     -0.474      0.636
    O8                 0.000      0.053     -0.005      0.996
    O9                -0.011      0.053     -0.207      0.836

 Variances
    AGREE              1.000      0.000    999.000    999.000
    CONSC              1.000      0.000    999.000    999.000
    EXTRA              1.000      0.000    999.000    999.000
    NEURO              1.000      0.000    999.000    999.000
    OPEN               1.000      0.000    999.000    999.000

 Residual Variances
    A1                 0.440      0.038     11.454      0.000
    A2                 0.365      0.035     10.391      0.000
    A3                 0.362      0.037      9.793      0.000
    A4                 0.741      0.044     16.782      0.000
    A5                 0.436      0.041     10.528      0.000
    A6                 0.687      0.045     15.417      0.000
    A7                 0.444      0.039     11.319      0.000
    A8                 0.667      0.044     15.148      0.000
    C1                 0.421      0.041     10.363      0.000
    C2                 0.444      0.038     11.707      0.000
    C3                 0.415      0.038     10.897      0.000
    C4                 0.346      0.041      8.514      0.000
    C5                 0.315      0.033      9.585      0.000
    C6                 0.425      0.040     10.741      0.000
    C7                 0.637      0.045     14.155      0.000
    C8                 0.760      0.041     18.320      0.000
    C9                 0.653      0.043     15.033      0.000
    E1                 0.454      0.041     11.104      0.000
    E2                 0.408      0.040     10.128      0.000
    E3                 0.590      0.048     12.410      0.000
    E4                 0.346      0.033     10.595      0.000
    E5                 0.354      0.035     10.125      0.000
    E6                 0.394      0.039      9.991      0.000
    E7                 0.669      0.043     15.393      0.000
    E8                 0.417      0.039     10.683      0.000
    E9                 0.567      0.042     13.355      0.000
    N1                 0.535      0.042     12.690      0.000
    N2                 0.378      0.036     10.399      0.000
    N3                 0.386      0.038     10.158      0.000
    N4                 0.448      0.039     11.509      0.000
    N5                 0.341      0.034     10.069      0.000
    N6                 0.448      0.043     10.482      0.000
    N7                 0.553      0.043     12.813      0.000
    O1                 0.329      0.035      9.315      0.000
    O2                 0.554      0.042     13.332      0.000
    O3                 0.368      0.035     10.506      0.000
    O4                 0.751      0.044     17.038      0.000
    O5                 0.639      0.045     14.276      0.000
    O6                 0.381      0.036     10.481      0.000
    O7                 0.319      0.032      9.978      0.000
    O8                 0.531      0.045     11.750      0.000
    O9                 0.514      0.041     12.575      0.000


R-SQUARE

    Observed                                        Two-Tailed
    Variable        Estimate       S.E.  Est./S.E.    P-Value

    A1                 0.560      0.038     14.583      0.000
    A2                 0.635      0.035     18.049      0.000
    A3                 0.638      0.037     17.273      0.000
    A4                 0.259      0.044      5.871      0.000
    A5                 0.564      0.041     13.617      0.000
    A6                 0.313      0.045      7.013      0.000
    A7                 0.556      0.039     14.188      0.000
    A8                 0.333      0.044      7.568      0.000
    C1                 0.579      0.041     14.233      0.000
    C2                 0.556      0.038     14.652      0.000
    C3                 0.585      0.038     15.348      0.000
    C4                 0.654      0.041     16.127      0.000
    C5                 0.685      0.033     20.825      0.000
    C6                 0.575      0.040     14.531      0.000
    C7                 0.363      0.045      8.066      0.000
    C8                 0.240      0.041      5.794      0.000
    C9                 0.347      0.043      8.005      0.000
    E1                 0.546      0.041     13.348      0.000
    E2                 0.592      0.040     14.723      0.000
    E3                 0.410      0.048      8.641      0.000
    E4                 0.654      0.033     19.990      0.000
    E5                 0.646      0.035     18.456      0.000
    E6                 0.606      0.039     15.353      0.000
    E7                 0.331      0.043      7.604      0.000
    E8                 0.583      0.039     14.939      0.000
    E9                 0.433      0.042     10.188      0.000
    N1                 0.465      0.042     11.039      0.000
    N2                 0.622      0.036     17.111      0.000
    N3                 0.614      0.038     16.164      0.000
    N4                 0.552      0.039     14.173      0.000
    N5                 0.659      0.034     19.460      0.000
    N6                 0.552      0.043     12.890      0.000
    N7                 0.447      0.043     10.341      0.000
    O1                 0.671      0.035     18.975      0.000
    O2                 0.446      0.042     10.753      0.000
    O3                 0.632      0.035     18.076      0.000
    O4                 0.249      0.044      5.658      0.000
    O5                 0.361      0.045      8.059      0.000
    O6                 0.619      0.036     17.000      0.000
    O7                 0.681      0.032     21.301      0.000
    O8                 0.469      0.045     10.389      0.000
    O9                 0.486      0.041     11.891      0.000


QUALITY OF NUMERICAL RESULTS

     Condition Number for the Information Matrix              0.666E-03
       (ratio of smallest to largest eigenvalue)


MODEL MODIFICATION INDICES

NOTE:  Modification indices for direct effects of observed dependent variables
regressed on covariates may not be included.  To include these, request
MODINDICES (ALL).

Minimum M.I. value for printing the modification index     4.000

                                   M.I.     E.P.C.  Std E.P.C.  StdYX E.P.C.

BY Statements

NEURO    BY A1                   999.000     0.000      0.000        0.000
NEURO    BY A2                   999.000     0.000      0.000        0.000

WITH Statements

A3       WITH A2                   4.450     0.017      0.017        0.140
A4       WITH A1                   6.796     0.020      0.020        0.148
A4       WITH A3                  17.750     0.033      0.033        0.252
A5       WITH A2                  10.672     0.021      0.021        0.202
A5       WITH A4                  25.892    -0.032     -0.032       -0.300
A6       WITH A1                  11.999     0.046      0.046        0.199
A6       WITH A3                   5.641     0.032      0.032        0.143
A6       WITH A4                  37.668     0.068      0.068        0.339
A7       WITH A4                   4.477     0.016      0.016        0.121
A7       WITH A5                   7.494    -0.020     -0.020       -0.166
A7       WITH A6                   5.361     0.030      0.030        0.133
A8       WITH A1                   6.545     0.021      0.021        0.147
A8       WITH A2                   7.186    -0.019     -0.019       -0.158
A8       WITH A4                   5.491     0.016      0.016        0.129
A8       WITH A5                   4.187    -0.014     -0.014       -0.120
C1       WITH A3                  13.115     0.050      0.050        0.247
C1       WITH A8                   7.064     0.030      0.030        0.157
C2       WITH A2                  13.091     0.037      0.037        0.214
C2       WITH A4                   4.696     0.022      0.022        0.121
C3       WITH A2                   5.084    -0.012     -0.012       -0.138
C3       WITH A3                   5.009    -0.015     -0.015       -0.141
C3       WITH C1                  17.535    -0.038     -0.038       -0.257
C3       WITH C2                   5.371    -0.020     -0.020       -0.136
C4       WITH C1                   7.616    -0.044     -0.044       -0.198
C4       WITH C2                   5.824     0.036      0.036        0.158
C5       WITH A3                  13.250    -0.034     -0.034       -0.238
C5       WITH C2                  21.841    -0.058     -0.058       -0.287
C5       WITH C3                   4.884     0.014      0.014        0.139
C6       WITH A7                   5.444    -0.011     -0.011       -0.142
C6       WITH C2                   8.983     0.020      0.020        0.178
C6       WITH C3                   6.262    -0.009     -0.009       -0.153
C6       WITH C4                  11.097     0.022      0.022        0.246
C7       WITH A5                  10.418    -0.031     -0.031       -0.192
C7       WITH A8                   6.100     0.026      0.026        0.139
C8       WITH A5                  10.489    -0.031     -0.031       -0.188
C8       WITH A8                   5.145    -0.023     -0.023       -0.124
C8       WITH C3                  11.293     0.027      0.027        0.191
C8       WITH C5                   7.427     0.031      0.031        0.162
C8       WITH C7                   8.464     0.043      0.043        0.161
C9       WITH A8                   4.601     0.014      0.014        0.119
E1       WITH A5                   4.287     0.014      0.014        0.128
E1       WITH A6                   6.304     0.031      0.031        0.146
E1       WITH C4                   4.566    -0.022     -0.022       -0.144
E2       WITH A5                   5.192    -0.020     -0.020       -0.144
E2       WITH C2                   5.764    -0.035     -0.035       -0.145
E2       WITH C3                  33.450     0.045      0.045        0.364
E2       WITH C5                   7.569     0.030      0.030        0.180
E2       WITH C6                   9.747    -0.019     -0.019       -0.201
E3       WITH A4                   6.372    -0.026     -0.026       -0.145
E3       WITH A5                   9.349     0.031      0.031        0.187
E3       WITH E1                  10.264     0.037      0.037        0.198
E4       WITH A7                   4.759     0.020      0.020        0.130
E4       WITH C3                  11.799     0.023      0.023        0.205
E4       WITH C9                   6.240     0.018      0.018        0.143
E4       WITH E1                  18.505     0.038      0.038        0.264
E4       WITH E3                   5.980     0.031      0.031        0.147
E5       WITH A2                   9.398    -0.019     -0.019       -0.194
E5       WITH A4                  11.475    -0.021     -0.021       -0.198
E5       WITH C1                  54.900     0.078      0.078        0.483
E5       WITH C2                   4.508     0.021      0.021        0.126
E5       WITH C3                   8.918    -0.015     -0.015       -0.184
E5       WITH C5                   6.940    -0.019     -0.019       -0.168
E5       WITH E2                   8.368    -0.025     -0.025       -0.187
E5       WITH E4                  15.929    -0.030     -0.030       -0.243
E6       WITH A1                  14.802    -0.043     -0.043       -0.238
E6       WITH A4                  10.436    -0.030     -0.030       -0.194
E6       WITH A6                   7.885    -0.047     -0.047       -0.171
E6       WITH E1                  10.489    -0.035     -0.035       -0.212
E6       WITH E2                   7.314    -0.036     -0.036       -0.175
E6       WITH E5                   9.903     0.029      0.029        0.202
E7       WITH C1                  21.034    -0.077     -0.077       -0.269
E7       WITH C4                  12.416     0.052      0.052        0.227
E7       WITH E6                   4.429     0.032      0.032        0.126
E8       WITH A1                   5.032     0.021      0.021        0.135
E8       WITH A4                   4.309     0.016      0.016        0.121
E8       WITH C4                   6.141     0.028      0.028        0.167
E8       WITH C6                   6.847     0.013      0.013        0.161
E8       WITH E1                  16.041    -0.036     -0.036       -0.253
E8       WITH E3                   9.980    -0.041     -0.041       -0.196
E9       WITH A1                   6.155    -0.029     -0.029       -0.142
E9       WITH A3                   6.628    -0.031     -0.031       -0.156
E9       WITH A8                   6.318     0.026      0.026        0.140
E9       WITH C5                   7.127     0.031      0.031        0.161
E9       WITH C9                  10.313     0.029      0.029        0.179
E9       WITH E2                   8.277     0.040      0.040        0.173
E9       WITH E5                  10.171    -0.030     -0.030       -0.189
E9       WITH E6                   4.203     0.030      0.030        0.125
E9       WITH E8                   4.630    -0.026     -0.026       -0.127
N1       WITH A2                  13.840     0.037      0.037        0.223
N1       WITH A3                   9.331    -0.037     -0.037       -0.189
N1       WITH A4                  29.970    -0.053     -0.053       -0.307
N1       WITH A5                  29.103     0.053      0.053        0.323
N1       WITH A6                  20.831    -0.078     -0.078       -0.256
N1       WITH A8                   4.752    -0.023     -0.023       -0.122
N1       WITH C2                   5.096    -0.036     -0.036       -0.129
N1       WITH E1                   4.072     0.022      0.022        0.118
N1       WITH E3                   5.419     0.037      0.037        0.136
N2       WITH E4                  11.923    -0.033     -0.033       -0.214
N2       WITH E8                   4.007     0.019      0.019        0.125
N3       WITH A2                  11.432    -0.028     -0.028       -0.212
N3       WITH A4                   4.926     0.018      0.018        0.133
N3       WITH A5                   5.428    -0.019     -0.019       -0.151
N3       WITH C2                   9.329    -0.041     -0.041       -0.186
N3       WITH C3                  15.287     0.027      0.027        0.245
N3       WITH C5                   4.980     0.022      0.022        0.143
N3       WITH C8                   6.191     0.031      0.031        0.146
N3       WITH E2                   6.243     0.029      0.029        0.160
N3       WITH E3                  12.116    -0.047     -0.047       -0.217
N3       WITH E4                   4.694    -0.022     -0.022       -0.134
N3       WITH E7                   5.364    -0.030     -0.030       -0.137
N3       WITH N2                   8.154     0.029      0.029        0.188
N4       WITH A4                   7.699     0.025      0.025        0.158
N4       WITH A8                   7.068     0.026      0.026        0.151
N4       WITH C1                   5.368    -0.035     -0.035       -0.141
N4       WITH C3                   4.461     0.016      0.016        0.125
N4       WITH C5                   5.906    -0.027     -0.027       -0.150
N4       WITH C8                   4.736     0.030      0.030        0.122
N4       WITH E2                   4.587     0.028      0.028        0.133
N4       WITH E7                   5.290    -0.033     -0.033       -0.131
N5       WITH A2                   5.074     0.013      0.013        0.140
N5       WITH A4                   9.968     0.018      0.018        0.185
N5       WITH A6                  10.310     0.033      0.033        0.188
N5       WITH A8                   4.263     0.013      0.013        0.121
N5       WITH C2                  59.744     0.074      0.074        0.469
N5       WITH C3                   4.590    -0.011     -0.011       -0.134
N5       WITH C6                   8.188     0.011      0.011        0.178
N5       WITH E1                   4.963    -0.014     -0.014       -0.137
N5       WITH E8                   4.755     0.016      0.016        0.135
N6       WITH A2                  10.833    -0.031     -0.031       -0.206
N6       WITH A3                  16.569    -0.047     -0.047       -0.261
N6       WITH A4                   4.569    -0.020     -0.020       -0.127
N6       WITH A5                  18.851     0.043      0.043        0.285
N6       WITH A6                  20.048    -0.074     -0.074       -0.267
N6       WITH C2                   5.288    -0.036     -0.036       -0.139
N6       WITH C3                   7.582     0.022      0.022        0.170
N6       WITH C5                   4.962     0.025      0.025        0.143
N6       WITH C6                  32.958    -0.036     -0.036       -0.361
N6       WITH E2                   5.200     0.031      0.031        0.148
N6       WITH E3                  21.770     0.072      0.072        0.287
N6       WITH E4                   8.901     0.035      0.035        0.183
N6       WITH E8                   7.304    -0.032     -0.032       -0.169
N6       WITH N1                  11.160     0.049      0.049        0.201
N6       WITH N5                   7.977    -0.025     -0.025       -0.179
N7       WITH A3                   9.054     0.028      0.028        0.184
N7       WITH A4                  30.793     0.043      0.043        0.313
N7       WITH A6                  10.522     0.044      0.044        0.183
N7       WITH A7                   4.998     0.020      0.020        0.131
N7       WITH C3                   6.333     0.016      0.016        0.148
N7       WITH E2                   4.016     0.022      0.022        0.121
N7       WITH E5                  12.031    -0.026     -0.026       -0.207
N7       WITH N1                   7.871    -0.033     -0.033       -0.161
N7       WITH N4                   8.279     0.032      0.032        0.167
O1       WITH A4                   8.025    -0.017     -0.017       -0.173
O1       WITH A5                   4.633     0.013      0.013        0.141
O1       WITH A6                   8.286    -0.031     -0.031       -0.176
O1       WITH C7                  13.881    -0.036     -0.036       -0.233
O1       WITH E7                   4.872     0.022      0.022        0.136
O1       WITH E9                   7.241     0.025      0.025        0.166
O1       WITH N7                   5.628    -0.018     -0.018       -0.148
O2       WITH A2                   9.069    -0.030     -0.030       -0.176
O2       WITH A8                   5.673    -0.025     -0.025       -0.132
O2       WITH C2                  12.972    -0.057     -0.057       -0.202
O2       WITH C3                   8.566     0.024      0.024        0.169
O2       WITH C5                   9.444     0.036      0.036        0.184
O2       WITH C9                   8.432    -0.026     -0.026       -0.160
O2       WITH E1                   5.826     0.026      0.026        0.140
O2       WITH E2                  22.427     0.065      0.065        0.282
O2       WITH E5                   4.775    -0.020     -0.020       -0.128
O2       WITH E8                   7.995     0.034      0.034        0.165
O2       WITH N5                  10.087    -0.028     -0.028       -0.186
O2       WITH N7                   9.530     0.037      0.037        0.174
O3       WITH A1                  18.267     0.033      0.033        0.257
O3       WITH A7                   4.509    -0.016     -0.016       -0.127
O3       WITH C2                   9.046     0.031      0.031        0.176
O3       WITH C3                   7.345    -0.015     -0.015       -0.163
O3       WITH C5                   8.040    -0.022     -0.022       -0.177
O3       WITH E2                  11.615    -0.031     -0.031       -0.212
O3       WITH E3                   5.168    -0.024     -0.024       -0.138
O3       WITH E4                   4.625    -0.017     -0.017       -0.129
O3       WITH E5                   8.587     0.018      0.018        0.180
O3       WITH N5                   6.286     0.015      0.015        0.153
O3       WITH N6                   5.631    -0.023     -0.023       -0.147
O3       WITH O1                   4.030     0.013      0.013        0.134
O3       WITH O2                  24.012    -0.049     -0.049       -0.286
O4       WITH A2                  11.836     0.047      0.047        0.201
O4       WITH C3                   9.566    -0.036     -0.036       -0.178
O4       WITH C8                  12.889    -0.073     -0.073       -0.196
O4       WITH C9                  18.956     0.054      0.054        0.240
O4       WITH E2                   7.428    -0.052     -0.052       -0.162
O4       WITH E6                   8.692     0.059      0.059        0.177
O4       WITH E8                   4.785    -0.037     -0.037       -0.127
O4       WITH N3                   6.358    -0.044     -0.044       -0.150
O4       WITH N4                   7.088    -0.052     -0.052       -0.152
O5       WITH A2                   5.261     0.026      0.026        0.136
O5       WITH C3                   9.123    -0.029     -0.029       -0.176
O5       WITH E8                   4.654     0.030      0.030        0.127
O5       WITH N7                   4.764    -0.030     -0.030       -0.124
O5       WITH O4                  31.605     0.138      0.138        0.315
O6       WITH C9                  12.942    -0.026     -0.026       -0.210
O6       WITH E5                   7.886     0.021      0.021        0.174
O6       WITH E9                   5.277    -0.028     -0.028       -0.135
O6       WITH N2                   8.405    -0.027     -0.027       -0.181
O6       WITH N5                   7.724    -0.020     -0.020       -0.172
O7       WITH A2                   5.867     0.022      0.022        0.152
O7       WITH A8                  11.089    -0.032     -0.032       -0.197
O7       WITH C9                  10.610    -0.026     -0.026       -0.191
O7       WITH E4                   4.273     0.022      0.022        0.126
O7       WITH O2                  14.395     0.052      0.052        0.226
O7       WITH O3                   6.829    -0.024     -0.024       -0.167
O7       WITH O6                  15.516     0.045      0.045        0.253
O8       WITH A3                   5.097     0.027      0.027        0.141
O8       WITH A5                  37.895     0.061      0.061        0.382
O8       WITH A6                   5.779     0.041      0.041        0.140
O8       WITH A7                   9.732    -0.036     -0.036       -0.187
O8       WITH C1                   7.236     0.044      0.044        0.165
O8       WITH C3                   9.430    -0.025     -0.025       -0.185
O8       WITH C4                  13.279    -0.051     -0.051       -0.244
O8       WITH C5                   6.131    -0.029     -0.029       -0.154
O8       WITH E2                  10.228    -0.044     -0.044       -0.198
O8       WITH E8                  10.980    -0.041     -0.041       -0.207
O8       WITH N2                   6.997    -0.031     -0.031       -0.162
O8       WITH N3                   7.350    -0.034     -0.034       -0.168
O8       WITH O6                   8.752     0.036      0.036        0.180
O9       WITH A6                   6.488     0.043      0.043        0.143
O9       WITH C7                   5.396    -0.035     -0.035       -0.132
O9       WITH C8                   6.689    -0.038     -0.038       -0.143
O9       WITH C9                  20.671     0.041      0.041        0.254
O9       WITH N4                   5.477     0.033      0.033        0.136
O9       WITH N5                   9.695     0.028      0.028        0.185
O9       WITH O2                  12.294    -0.053     -0.053       -0.197
O9       WITH O4                  10.849     0.069      0.069        0.185


     Beginning Time:  14:01:12
        Ending Time:  14:01:14
       Elapsed Time:  00:00:02



MUTHEN & MUTHEN
3463 Stoner Ave.
Los Angeles, CA  90066

Tel: (310) 391-9971
Fax: (310) 391-8971
Web: www.StatModel.com
Support: Support@StatModel.com

Copyright (c) 1998-2015 Muthen & Muthen
