Mplus VERSION 7.1
MUTHEN & MUTHEN
06/09/2015   2:25 PM

INPUT INSTRUCTIONS

  TITLE:

  DATA:
  FILE IS  "factorscores_CFA.txt";
  Variable:
  Names are
  VPN
  A1
  A2
  A3
  A4
  A5
  A6
  A7
  A8
  C1
  C2
  C3
  C4
  C5
  C6
  C7
  C8
  C9
  E1
  E2
  E3
  E4
  E5
  E6
  E7
  E8
  E9
  N1
  N2
  N3
  N4
  N5
  N6
  N7
  O1
  O2
  O3
  O4
  O5
  O6
  O7
  O8
  O9
  ;

  USEVARIABLES ARE
  A1
  A2
  A3
  A6
  A7
  A8
  C1
  C2
  C3
  C4
  C5
  C6
  C7
  C8
  C9
  E1
  E2
  E3
  E4
  E5
  E6
  E7
  E8
  E9
  N1
  N2
  N3
  N4
  N5
  N6
  N7
  O1
  O2
  O3
  O4
  O5
  O6
  O7
  O9
  ;

  MISSING ARE ALL (-99);

  Model:

  agree consc extra neuro open by
  A1
  A2
  A3
  A6
  A7
  A8
  C1
  C2
  C3
  C4
  C5
  C6
  C7
  C8
  C9
  E1
  E2
  E3
  E4
  E5
  E6
  E7
  E8
  E9
  N1
  N2
  N3
  N4
  N5
  N6
  N7
  O1
  O2
  O3
  O4
  O5
  O6
  O7
  O9
  (*1);

  !SE by
  !agree
  !consc
  !extra
  !neuro
  !open;

  Analysis:
  ESTIMATOR IS ML;
  iterations = 10000;

  OUTPUT: STDYX MODINDICES(4);



INPUT READING TERMINATED NORMALLY




SUMMARY OF ANALYSIS

Number of groups                                                 1
Number of observations                                         361

Number of dependent variables                                   39
Number of independent variables                                  0
Number of continuous latent variables                            5

Observed dependent variables

  Continuous
   A1          A2          A3          A6          A7          A8
   C1          C2          C3          C4          C5          C6
   C7          C8          C9          E1          E2          E3
   E4          E5          E6          E7          E8          E9
   N1          N2          N3          N4          N5          N6
   N7          O1          O2          O3          O4          O5
   O6          O7          O9

Continuous latent variables

  EFA factors
  *1:   AGREE       CONSC       EXTRA       NEURO       OPEN


Estimator                                                       ML
Rotation                                                    GEOMIN
Row standardization                                    CORRELATION
Type of rotation                                           OBLIQUE
Epsilon value                                               Varies
Information matrix                                        OBSERVED
Maximum number of iterations                                 10000
Convergence criterion                                    0.500D-04
Maximum number of steepest descent iterations                   20
Maximum number of iterations for H1                           2000
Convergence criterion for H1                             0.100D-03
Optimization Specifications for the Exploratory Factor Analysis
Rotation Algorithm
  Number of random starts                                       30
  Maximum number of iterations                               10000
  Derivative convergence criterion                       0.100D-04

Input data file(s)
  factorscores_CFA.txt

Input data format  FREE


SUMMARY OF DATA

     Number of missing data patterns             1


COVARIANCE COVERAGE OF DATA

Minimum covariance coverage value   0.100


     PROPORTION OF DATA PRESENT


           Covariance Coverage
              A1            A2            A3            A6            A7
              ________      ________      ________      ________      ________
 A1             1.000
 A2             1.000         1.000
 A3             1.000         1.000         1.000
 A6             1.000         1.000         1.000         1.000
 A7             1.000         1.000         1.000         1.000         1.000
 A8             1.000         1.000         1.000         1.000         1.000
 C1             1.000         1.000         1.000         1.000         1.000
 C2             1.000         1.000         1.000         1.000         1.000
 C3             1.000         1.000         1.000         1.000         1.000
 C4             1.000         1.000         1.000         1.000         1.000
 C5             1.000         1.000         1.000         1.000         1.000
 C6             1.000         1.000         1.000         1.000         1.000
 C7             1.000         1.000         1.000         1.000         1.000
 C8             1.000         1.000         1.000         1.000         1.000
 C9             1.000         1.000         1.000         1.000         1.000
 E1             1.000         1.000         1.000         1.000         1.000
 E2             1.000         1.000         1.000         1.000         1.000
 E3             1.000         1.000         1.000         1.000         1.000
 E4             1.000         1.000         1.000         1.000         1.000
 E5             1.000         1.000         1.000         1.000         1.000
 E6             1.000         1.000         1.000         1.000         1.000
 E7             1.000         1.000         1.000         1.000         1.000
 E8             1.000         1.000         1.000         1.000         1.000
 E9             1.000         1.000         1.000         1.000         1.000
 N1             1.000         1.000         1.000         1.000         1.000
 N2             1.000         1.000         1.000         1.000         1.000
 N3             1.000         1.000         1.000         1.000         1.000
 N4             1.000         1.000         1.000         1.000         1.000
 N5             1.000         1.000         1.000         1.000         1.000
 N6             1.000         1.000         1.000         1.000         1.000
 N7             1.000         1.000         1.000         1.000         1.000
 O1             1.000         1.000         1.000         1.000         1.000
 O2             1.000         1.000         1.000         1.000         1.000
 O3             1.000         1.000         1.000         1.000         1.000
 O4             1.000         1.000         1.000         1.000         1.000
 O5             1.000         1.000         1.000         1.000         1.000
 O6             1.000         1.000         1.000         1.000         1.000
 O7             1.000         1.000         1.000         1.000         1.000
 O9             1.000         1.000         1.000         1.000         1.000


           Covariance Coverage
              A8            C1            C2            C3            C4
              ________      ________      ________      ________      ________
 A8             1.000
 C1             1.000         1.000
 C2             1.000         1.000         1.000
 C3             1.000         1.000         1.000         1.000
 C4             1.000         1.000         1.000         1.000         1.000
 C5             1.000         1.000         1.000         1.000         1.000
 C6             1.000         1.000         1.000         1.000         1.000
 C7             1.000         1.000         1.000         1.000         1.000
 C8             1.000         1.000         1.000         1.000         1.000
 C9             1.000         1.000         1.000         1.000         1.000
 E1             1.000         1.000         1.000         1.000         1.000
 E2             1.000         1.000         1.000         1.000         1.000
 E3             1.000         1.000         1.000         1.000         1.000
 E4             1.000         1.000         1.000         1.000         1.000
 E5             1.000         1.000         1.000         1.000         1.000
 E6             1.000         1.000         1.000         1.000         1.000
 E7             1.000         1.000         1.000         1.000         1.000
 E8             1.000         1.000         1.000         1.000         1.000
 E9             1.000         1.000         1.000         1.000         1.000
 N1             1.000         1.000         1.000         1.000         1.000
 N2             1.000         1.000         1.000         1.000         1.000
 N3             1.000         1.000         1.000         1.000         1.000
 N4             1.000         1.000         1.000         1.000         1.000
 N5             1.000         1.000         1.000         1.000         1.000
 N6             1.000         1.000         1.000         1.000         1.000
 N7             1.000         1.000         1.000         1.000         1.000
 O1             1.000         1.000         1.000         1.000         1.000
 O2             1.000         1.000         1.000         1.000         1.000
 O3             1.000         1.000         1.000         1.000         1.000
 O4             1.000         1.000         1.000         1.000         1.000
 O5             1.000         1.000         1.000         1.000         1.000
 O6             1.000         1.000         1.000         1.000         1.000
 O7             1.000         1.000         1.000         1.000         1.000
 O9             1.000         1.000         1.000         1.000         1.000


           Covariance Coverage
              C5            C6            C7            C8            C9
              ________      ________      ________      ________      ________
 C5             1.000
 C6             1.000         1.000
 C7             1.000         1.000         1.000
 C8             1.000         1.000         1.000         1.000
 C9             1.000         1.000         1.000         1.000         1.000
 E1             1.000         1.000         1.000         1.000         1.000
 E2             1.000         1.000         1.000         1.000         1.000
 E3             1.000         1.000         1.000         1.000         1.000
 E4             1.000         1.000         1.000         1.000         1.000
 E5             1.000         1.000         1.000         1.000         1.000
 E6             1.000         1.000         1.000         1.000         1.000
 E7             1.000         1.000         1.000         1.000         1.000
 E8             1.000         1.000         1.000         1.000         1.000
 E9             1.000         1.000         1.000         1.000         1.000
 N1             1.000         1.000         1.000         1.000         1.000
 N2             1.000         1.000         1.000         1.000         1.000
 N3             1.000         1.000         1.000         1.000         1.000
 N4             1.000         1.000         1.000         1.000         1.000
 N5             1.000         1.000         1.000         1.000         1.000
 N6             1.000         1.000         1.000         1.000         1.000
 N7             1.000         1.000         1.000         1.000         1.000
 O1             1.000         1.000         1.000         1.000         1.000
 O2             1.000         1.000         1.000         1.000         1.000
 O3             1.000         1.000         1.000         1.000         1.000
 O4             1.000         1.000         1.000         1.000         1.000
 O5             1.000         1.000         1.000         1.000         1.000
 O6             1.000         1.000         1.000         1.000         1.000
 O7             1.000         1.000         1.000         1.000         1.000
 O9             1.000         1.000         1.000         1.000         1.000


           Covariance Coverage
              E1            E2            E3            E4            E5
              ________      ________      ________      ________      ________
 E1             1.000
 E2             1.000         1.000
 E3             1.000         1.000         1.000
 E4             1.000         1.000         1.000         1.000
 E5             1.000         1.000         1.000         1.000         1.000
 E6             1.000         1.000         1.000         1.000         1.000
 E7             1.000         1.000         1.000         1.000         1.000
 E8             1.000         1.000         1.000         1.000         1.000
 E9             1.000         1.000         1.000         1.000         1.000
 N1             1.000         1.000         1.000         1.000         1.000
 N2             1.000         1.000         1.000         1.000         1.000
 N3             1.000         1.000         1.000         1.000         1.000
 N4             1.000         1.000         1.000         1.000         1.000
 N5             1.000         1.000         1.000         1.000         1.000
 N6             1.000         1.000         1.000         1.000         1.000
 N7             1.000         1.000         1.000         1.000         1.000
 O1             1.000         1.000         1.000         1.000         1.000
 O2             1.000         1.000         1.000         1.000         1.000
 O3             1.000         1.000         1.000         1.000         1.000
 O4             1.000         1.000         1.000         1.000         1.000
 O5             1.000         1.000         1.000         1.000         1.000
 O6             1.000         1.000         1.000         1.000         1.000
 O7             1.000         1.000         1.000         1.000         1.000
 O9             1.000         1.000         1.000         1.000         1.000


           Covariance Coverage
              E6            E7            E8            E9            N1
              ________      ________      ________      ________      ________
 E6             1.000
 E7             1.000         1.000
 E8             1.000         1.000         1.000
 E9             1.000         1.000         1.000         1.000
 N1             1.000         1.000         1.000         1.000         1.000
 N2             1.000         1.000         1.000         1.000         1.000
 N3             1.000         1.000         1.000         1.000         1.000
 N4             1.000         1.000         1.000         1.000         1.000
 N5             1.000         1.000         1.000         1.000         1.000
 N6             1.000         1.000         1.000         1.000         1.000
 N7             1.000         1.000         1.000         1.000         1.000
 O1             1.000         1.000         1.000         1.000         1.000
 O2             1.000         1.000         1.000         1.000         1.000
 O3             1.000         1.000         1.000         1.000         1.000
 O4             1.000         1.000         1.000         1.000         1.000
 O5             1.000         1.000         1.000         1.000         1.000
 O6             1.000         1.000         1.000         1.000         1.000
 O7             1.000         1.000         1.000         1.000         1.000
 O9             1.000         1.000         1.000         1.000         1.000


           Covariance Coverage
              N2            N3            N4            N5            N6
              ________      ________      ________      ________      ________
 N2             1.000
 N3             1.000         1.000
 N4             1.000         1.000         1.000
 N5             1.000         1.000         1.000         1.000
 N6             1.000         1.000         1.000         1.000         1.000
 N7             1.000         1.000         1.000         1.000         1.000
 O1             1.000         1.000         1.000         1.000         1.000
 O2             1.000         1.000         1.000         1.000         1.000
 O3             1.000         1.000         1.000         1.000         1.000
 O4             1.000         1.000         1.000         1.000         1.000
 O5             1.000         1.000         1.000         1.000         1.000
 O6             1.000         1.000         1.000         1.000         1.000
 O7             1.000         1.000         1.000         1.000         1.000
 O9             1.000         1.000         1.000         1.000         1.000


           Covariance Coverage
              N7            O1            O2            O3            O4
              ________      ________      ________      ________      ________
 N7             1.000
 O1             1.000         1.000
 O2             1.000         1.000         1.000
 O3             1.000         1.000         1.000         1.000
 O4             1.000         1.000         1.000         1.000         1.000
 O5             1.000         1.000         1.000         1.000         1.000
 O6             1.000         1.000         1.000         1.000         1.000
 O7             1.000         1.000         1.000         1.000         1.000
 O9             1.000         1.000         1.000         1.000         1.000


           Covariance Coverage
              O5            O6            O7            O9
              ________      ________      ________      ________
 O5             1.000
 O6             1.000         1.000
 O7             1.000         1.000         1.000
 O9             1.000         1.000         1.000         1.000



THE MODEL ESTIMATION TERMINATED NORMALLY



MODEL FIT INFORMATION

Number of Free Parameters                      263

Loglikelihood

          H0 Value                       -9723.217
          H1 Value                       -8928.025

Information Criteria

          Akaike (AIC)                   19972.435
          Bayesian (BIC)                 20995.210
          Sample-Size Adjusted BIC       20160.835
            (n* = (n + 2) / 24)

Chi-Square Test of Model Fit

          Value                           1590.385
          Degrees of Freedom                   556
          P-Value                           0.0000

RMSEA (Root Mean Square Error Of Approximation)

          Estimate                           0.072
          90 Percent C.I.                    0.068  0.076
          Probability RMSEA <= .05           0.000

CFI/TLI

          CFI                                0.868
          TLI                                0.824

Chi-Square Test of Model Fit for the Baseline Model

          Value                           8580.956
          Degrees of Freedom                   741
          P-Value                           0.0000

SRMR (Standardized Root Mean Square Residual)

          Value                              0.037



MODEL RESULTS

                                                    Two-Tailed
                    Estimate       S.E.  Est./S.E.    P-Value

 AGREE    BY
    A1                -0.168      0.042     -4.015      0.000
    A2                 0.332      0.026     12.773      0.000
    A3                 0.484      0.031     15.817      0.000
    A6                -0.108      0.050     -2.173      0.030
    A7                 0.381      0.028     13.849      0.000
    A8                -0.111      0.033     -3.413      0.001
    C1                 0.535      0.040     13.532      0.000
    C2                 0.016      0.029      0.545      0.586
    C3                 0.168      0.029      5.903      0.000
    C4                 0.017      0.033      0.503      0.615
    C5                 0.005      0.017      0.284      0.777
    C6                -0.049      0.017     -2.958      0.003
    C7                 0.108      0.046      2.358      0.018
    C8                 0.032      0.030      1.082      0.279
    C9                 0.036      0.019      1.877      0.061
    E1                -0.090      0.034     -2.624      0.009
    E2                 0.452      0.040     11.214      0.000
    E3                 0.027      0.027      0.985      0.324
    E4                 0.009      0.025      0.372      0.710
    E5                 0.347      0.027     13.005      0.000
    E6                 0.148      0.060      2.475      0.013
    E7                 0.155      0.050      3.088      0.002
    E8                 0.092      0.044      2.070      0.038
    E9                 0.133      0.036      3.655      0.000
    N1                 0.298      0.039      7.553      0.000
    N2                 0.019      0.021      0.916      0.360
    N3                -0.013      0.022     -0.582      0.561
    N4                 0.233      0.046      5.046      0.000
    N5                 0.031      0.020      1.533      0.125
    N6                -0.149      0.046     -3.239      0.001
    N7                 0.060      0.032      1.874      0.061
    O1                 0.222      0.045      4.899      0.000
    O2                -0.043      0.042     -1.014      0.311
    O3                 0.036      0.040      0.903      0.366
    O4                -0.108      0.060     -1.810      0.070
    O5                -0.100      0.060     -1.668      0.095
    O6                 0.065      0.047      1.384      0.166
    O7                -0.099      0.058     -1.689      0.091
    O9                 0.107      0.048      2.244      0.025

 CONSC    BY
    A1                 0.025      0.025      0.998      0.318
    A2                -0.020      0.019     -1.043      0.297
    A3                 0.143      0.042      3.433      0.001
    A6                -0.017      0.034     -0.501      0.617
    A7                -0.013      0.024     -0.522      0.602
    A8                -0.028      0.023     -1.215      0.225
    C1                 0.320      0.060      5.314      0.000
    C2                -0.171      0.050     -3.447      0.001
    C3                -0.090      0.029     -3.089      0.002
    C4                 0.555      0.048     11.448      0.000
    C5                 0.386      0.045      8.552      0.000
    C6                 0.174      0.024      7.253      0.000
    C7                -0.245      0.041     -6.043      0.000
    C8                 0.186      0.040      4.608      0.000
    C9                 0.137      0.026      5.314      0.000
    E1                 0.003      0.021      0.142      0.887
    E2                -0.252      0.041     -6.180      0.000
    E3                 0.065      0.055      1.183      0.237
    E4                 0.065      0.031      2.123      0.034
    E5                 0.089      0.040      2.226      0.026
    E6                -0.014      0.027     -0.534      0.594
    E7                -0.111      0.041     -2.701      0.007
    E8                 0.014      0.024      0.574      0.566
    E9                 0.005      0.028      0.176      0.860
    N1                 0.090      0.040      2.242      0.025
    N2                -0.014      0.026     -0.538      0.591
    N3                 0.117      0.046      2.517      0.012
    N4                -0.009      0.035     -0.259      0.795
    N5                -0.125      0.029     -4.248      0.000
    N6                 0.159      0.046      3.465      0.001
    N7                 0.087      0.034      2.545      0.011
    O1                -0.097      0.046     -2.118      0.034
    O2                 0.023      0.038      0.602      0.547
    O3                -0.004      0.034     -0.116      0.907
    O4                -0.032      0.050     -0.641      0.522
    O5                -0.094      0.048     -1.961      0.050
    O6                 0.103      0.060      1.721      0.085
    O7                 0.056      0.053      1.059      0.289
    O9                 0.116      0.061      1.904      0.057

 EXTRA    BY
    A1                 0.213      0.040      5.385      0.000
    A2                -0.130      0.047     -2.761      0.006
    A3                 0.010      0.027      0.358      0.721
    A6                 0.336      0.048      7.070      0.000
    A7                -0.055      0.044     -1.237      0.216
    A8                 0.147      0.031      4.787      0.000
    C1                 0.045      0.035      1.297      0.195
    C2                -0.121      0.109     -1.112      0.266
    C3                 0.059      0.058      1.023      0.307
    C4                -0.022      0.039     -0.569      0.569
    C5                 0.110      0.067      1.652      0.099
    C6                -0.029      0.018     -1.577      0.115
    C7                 0.051      0.073      0.702      0.483
    C8                 0.103      0.036      2.829      0.005
    C9                 0.026      0.034      0.757      0.449
    E1                -0.369      0.040     -9.132      0.000
    E2                 0.020      0.032      0.610      0.542
    E3                -0.425      0.058     -7.314      0.000
    E4                 0.365      0.064      5.700      0.000
    E5                 0.084      0.025      3.374      0.001
    E6                 0.525      0.042     12.395      0.000
    E7                 0.184      0.038      4.843      0.000
    E8                 0.454      0.034     13.280      0.000
    E9                 0.286      0.069      4.126      0.000
    N1                -0.032      0.056     -0.568      0.570
    N2                -0.232      0.094     -2.461      0.014
    N3                -0.049      0.096     -0.512      0.609
    N4                 0.004      0.042      0.093      0.926
    N5                -0.074      0.080     -0.915      0.360
    N6                 0.148      0.088      1.680      0.093
    N7                 0.059      0.065      0.906      0.365
    O1                -0.013      0.014     -0.907      0.364
    O2                 0.237      0.045      5.275      0.000
    O3                 0.069      0.030      2.320      0.020
    O4                -0.060      0.061     -0.981      0.326
    O5                 0.087      0.052      1.672      0.095
    O6                -0.031      0.034     -0.908      0.364
    O7                 0.105      0.048      2.200      0.028
    O9                -0.057      0.041     -1.383      0.167

 NEURO    BY
    A1                 0.026      0.030      0.872      0.383
    A2                 0.109      0.042      2.601      0.009
    A3                 0.073      0.031      2.328      0.020
    A6                 0.118      0.070      1.673      0.094
    A7                 0.105      0.036      2.901      0.004
    A8                 0.042      0.029      1.451      0.147
    C1                 0.022      0.028      0.800      0.424
    C2                 0.438      0.052      8.400      0.000
    C3                 0.241      0.022     10.918      0.000
    C4                -0.019      0.031     -0.601      0.548
    C5                -0.161      0.043     -3.759      0.000
    C6                 0.000      0.013     -0.023      0.981
    C7                 0.267      0.038      6.997      0.000
    C8                 0.058      0.035      1.672      0.095
    C9                -0.114      0.022     -5.105      0.000
    E1                 0.074      0.082      0.902      0.367
    E2                -0.003      0.030     -0.116      0.908
    E3                 0.099      0.124      0.792      0.429
    E4                -0.187      0.076     -2.452      0.014
    E5                -0.006      0.015     -0.402      0.688
    E6                 0.200      0.108      1.840      0.066
    E7                -0.028      0.031     -0.890      0.373
    E8                 0.016      0.082      0.193      0.847
    E9                -0.245      0.070     -3.524      0.000
    N1                 0.291      0.039      7.536      0.000
    N2                 0.399      0.073      5.469      0.000
    N3                 0.517      0.043     12.136      0.000
    N4                -0.296      0.044     -6.702      0.000
    N5                 0.342      0.039      8.742      0.000
    N6                 0.494      0.046     10.670      0.000
    N7                 0.342      0.029     11.703      0.000
    O1                -0.061      0.047     -1.282      0.200
    O2                -0.017      0.037     -0.472      0.637
    O3                -0.047      0.030     -1.545      0.122
    O4                 0.130      0.072      1.813      0.070
    O5                 0.052      0.040      1.296      0.195
    O6                 0.062      0.056      1.104      0.270
    O7                -0.049      0.037     -1.342      0.179
    O9                -0.133      0.058     -2.291      0.022

 OPEN     BY
    A1                 0.297      0.044      6.686      0.000
    A2                -0.134      0.050     -2.696      0.007
    A3                -0.026      0.034     -0.753      0.451
    A6                 0.121      0.050      2.391      0.017
    A7                -0.083      0.049     -1.697      0.090
    A8                 0.169      0.031      5.397      0.000
    C1                 0.048      0.061      0.799      0.424
    C2                -0.168      0.078     -2.140      0.032
    C3                 0.038      0.036      1.031      0.302
    C4                 0.070      0.103      0.679      0.497
    C5                 0.175      0.092      1.899      0.058
    C6                 0.128      0.040      3.226      0.001
    C7                 0.072      0.067      1.082      0.279
    C8                 0.136      0.052      2.618      0.009
    C9                 0.067      0.040      1.690      0.091
    E1                 0.020      0.022      0.930      0.352
    E2                 0.037      0.058      0.625      0.532
    E3                 0.308      0.047      6.518      0.000
    E4                 0.180      0.053      3.388      0.001
    E5                 0.123      0.038      3.209      0.001
    E6                -0.030      0.028     -1.074      0.283
    E7                 0.220      0.043      5.146      0.000
    E8                 0.033      0.032      1.051      0.293
    E9                 0.051      0.040      1.267      0.205
    N1                -0.140      0.050     -2.771      0.006
    N2                 0.051      0.039      1.305      0.192
    N3                 0.094      0.036      2.629      0.009
    N4                 0.313      0.043      7.208      0.000
    N5                -0.018      0.041     -0.437      0.662
    N6                -0.011      0.019     -0.605      0.545
    N7                -0.036      0.028     -1.281      0.200
    O1                 0.350      0.032     10.953      0.000
    O2                 0.321      0.050      6.474      0.000
    O3                 0.386      0.033     11.747      0.000
    O4                 0.450      0.050      8.950      0.000
    O5                 0.441      0.047      9.379      0.000
    O6                 0.484      0.047     10.281      0.000
    O7                 0.567      0.057      9.974      0.000
    O9                 0.418      0.059      7.102      0.000

 CONSC    WITH
    AGREE             -0.067      0.069     -0.962      0.336

 EXTRA    WITH
    AGREE              0.070      0.076      0.915      0.360
    CONSC              0.072      0.073      0.994      0.320

 NEURO    WITH
    AGREE              0.131      0.060      2.187      0.029
    CONSC             -0.104      0.069     -1.494      0.135
    EXTRA             -0.188      0.065     -2.906      0.004

 OPEN     WITH
    AGREE              0.079      0.049      1.616      0.106
    CONSC              0.286      0.072      3.960      0.000
    EXTRA              0.364      0.069      5.311      0.000
    NEURO             -0.206      0.110     -1.877      0.060

 Intercepts
    A1                -0.005      0.031     -0.174      0.862
    A2                 0.013      0.028      0.454      0.650
    A3                 0.001      0.033      0.018      0.986
    A6                -0.004      0.037     -0.113      0.910
    A7                 0.003      0.030      0.091      0.928
    A8                -0.002      0.024     -0.084      0.933
    C1                -0.007      0.043     -0.157      0.875
    C2                 0.031      0.043      0.727      0.467
    C3                 0.000      0.022     -0.001      1.000
    C4                 0.000      0.038     -0.013      0.990
    C5                -0.005      0.035     -0.135      0.893
    C6                -0.002      0.017     -0.101      0.920
    C7                 0.004      0.034      0.126      0.900
    C8                 0.002      0.031      0.078      0.938
    C9                 0.000      0.020     -0.016      0.988
    E1                 0.003      0.028      0.094      0.925
    E2                 0.005      0.037      0.136      0.892
    E3                -0.001      0.036     -0.026      0.979
    E4                -0.014      0.036     -0.387      0.698
    E5                 0.000      0.027     -0.005      0.996
    E6                -0.003      0.039     -0.079      0.937
    E7                -0.013      0.035     -0.365      0.715
    E8                -0.003      0.032     -0.104      0.917
    E9                -0.003      0.036     -0.090      0.929
    N1                 0.002      0.037      0.064      0.949
    N2                 0.011      0.033      0.331      0.740
    N3                 0.000      0.034     -0.008      0.994
    N4                 0.001      0.037      0.025      0.980
    N5                 0.003      0.026      0.115      0.909
    N6                 0.007      0.037      0.189      0.850
    N7                 0.001      0.029      0.042      0.967
    O1                 0.002      0.027      0.073      0.942
    O2                -0.029      0.037     -0.798      0.425
    O3                -0.002      0.029     -0.053      0.958
    O4                -0.004      0.044     -0.084      0.933
    O5                -0.003      0.040     -0.081      0.935
    O6                -0.001      0.034     -0.038      0.970
    O7                -0.019      0.041     -0.474      0.636
    O9                -0.008      0.038     -0.207      0.836

 Variances
    AGREE              1.000      0.000    999.000    999.000
    CONSC              1.000      0.000    999.000    999.000
    EXTRA              1.000      0.000    999.000    999.000
    NEURO              1.000      0.000    999.000    999.000
    OPEN               1.000      0.000    999.000    999.000

 Residual Variances
    A1                 0.150      0.013     11.869      0.000
    A2                 0.103      0.009     11.254      0.000
    A3                 0.147      0.014     10.649      0.000
    A6                 0.356      0.028     12.554      0.000
    A7                 0.147      0.012     11.849      0.000
    A8                 0.132      0.010     12.614      0.000
    C1                 0.275      0.026     10.745      0.000
    C2                 0.295      0.024     12.166      0.000
    C3                 0.074      0.007     11.330      0.000
    C4                 0.182      0.020      9.108      0.000
    C5                 0.139      0.013     10.529      0.000
    C6                 0.044      0.004     11.276      0.000
    C7                 0.260      0.021     12.382      0.000
    C8                 0.262      0.020     12.978      0.000
    C9                 0.098      0.008     12.804      0.000
    E1                 0.123      0.011     11.090      0.000
    E2                 0.203      0.019     10.850      0.000
    E3                 0.269      0.024     11.261      0.000
    E4                 0.162      0.014     11.655      0.000
    E5                 0.093      0.008     11.041      0.000
    E6                 0.234      0.022     10.423      0.000
    E7                 0.291      0.023     12.787      0.000
    E8                 0.145      0.014     10.541      0.000
    E9                 0.267      0.021     12.530      0.000
    N1                 0.269      0.022     12.330      0.000
    N2                 0.145      0.013     11.278      0.000
    N3                 0.155      0.015     10.278      0.000
    N4                 0.226      0.019     11.829      0.000
    N5                 0.085      0.008     10.956      0.000
    N6                 0.244      0.023     10.654      0.000
    N7                 0.167      0.014     12.049      0.000
    O1                 0.087      0.009      9.928      0.000
    O2                 0.268      0.021     12.619      0.000
    O3                 0.108      0.009     11.446      0.000
    O4                 0.523      0.041     12.647      0.000
    O5                 0.365      0.029     12.458      0.000
    O6                 0.158      0.014     11.251      0.000
    O7                 0.194      0.017     11.155      0.000
    O9                 0.263      0.021     12.313      0.000


STANDARDIZED MODEL RESULTS


STDYX Standardization

                                                    Two-Tailed
                    Estimate       S.E.  Est./S.E.    P-Value

 AGREE    BY
    A1                -0.286      0.070     -4.062      0.000
    A2                 0.623      0.040     15.430      0.000
    A3                 0.763      0.032     24.145      0.000
    A6                -0.151      0.069     -2.184      0.029
    A7                 0.667      0.035     18.969      0.000
    A8                -0.248      0.072     -3.465      0.001
    C1                 0.655      0.038     17.246      0.000
    C2                 0.019      0.036      0.545      0.586
    C3                 0.394      0.064      6.131      0.000
    C4                 0.023      0.046      0.503      0.615
    C5                 0.007      0.025      0.284      0.777
    C6                -0.152      0.051     -2.972      0.003
    C7                 0.167      0.070      2.373      0.018
    C8                 0.055      0.050      1.084      0.278
    C9                 0.093      0.049      1.884      0.060
    E1                -0.170      0.064     -2.647      0.008
    E2                 0.648      0.048     13.460      0.000
    E3                 0.039      0.040      0.985      0.324
    E4                 0.013      0.036      0.372      0.710
    E5                 0.674      0.041     16.449      0.000
    E6                 0.201      0.080      2.500      0.012
    E7                 0.235      0.075      3.140      0.002
    E8                 0.150      0.072      2.086      0.037
    E9                 0.194      0.052      3.712      0.000
    N1                 0.424      0.052      8.160      0.000
    N2                 0.030      0.033      0.916      0.360
    N3                -0.019      0.033     -0.582      0.560
    N4                 0.330      0.064      5.190      0.000
    N5                 0.062      0.041      1.535      0.125
    N6                -0.211      0.065     -3.270      0.001
    N7                 0.112      0.059      1.881      0.060
    O1                 0.429      0.085      5.064      0.000
    O2                -0.061      0.060     -1.013      0.311
    O3                 0.067      0.074      0.905      0.365
    O4                -0.130      0.071     -1.817      0.069
    O5                -0.133      0.080     -1.672      0.095
    O6                 0.100      0.072      1.389      0.165
    O7                -0.126      0.075     -1.687      0.092
    O9                 0.149      0.066      2.259      0.024

 CONSC    BY
    A1                 0.042      0.042      0.999      0.318
    A2                -0.037      0.035     -1.045      0.296
    A3                 0.225      0.065      3.463      0.001
    A6                -0.024      0.048     -0.501      0.616
    A7                -0.022      0.042     -0.523      0.601
    A8                -0.062      0.051     -1.216      0.224
    C1                 0.392      0.072      5.474      0.000
    C2                -0.210      0.060     -3.483      0.000
    C3                -0.210      0.068     -3.112      0.002
    C4                 0.773      0.057     13.587      0.000
    C5                 0.578      0.064      9.041      0.000
    C6                 0.540      0.071      7.626      0.000
    C7                -0.380      0.060     -6.377      0.000
    C8                 0.315      0.066      4.769      0.000
    C9                 0.354      0.064      5.535      0.000
    E1                 0.006      0.039      0.143      0.887
    E2                -0.361      0.057     -6.383      0.000
    E3                 0.094      0.080      1.184      0.236
    E4                 0.095      0.045      2.128      0.033
    E5                 0.173      0.077      2.237      0.025
    E6                -0.020      0.037     -0.534      0.594
    E7                -0.168      0.062     -2.723      0.006
    E8                 0.023      0.039      0.574      0.566
    E9                 0.007      0.041      0.176      0.860
    N1                 0.129      0.057      2.248      0.025
    N2                -0.023      0.043     -0.538      0.591
    N3                 0.179      0.071      2.534      0.011
    N4                -0.013      0.049     -0.259      0.795
    N5                -0.249      0.058     -4.303      0.000
    N6                 0.225      0.064      3.511      0.000
    N7                 0.161      0.063      2.565      0.010
    O1                -0.187      0.088     -2.120      0.034
    O2                 0.033      0.054      0.602      0.547
    O3                -0.007      0.063     -0.116      0.907
    O4                -0.038      0.060     -0.641      0.521
    O5                -0.125      0.063     -1.970      0.049
    O6                 0.159      0.092      1.720      0.085
    O7                 0.072      0.068      1.058      0.290
    O9                 0.161      0.084      1.907      0.057

 EXTRA    BY
    A1                 0.363      0.065      5.548      0.000
    A2                -0.245      0.088     -2.775      0.006
    A3                 0.015      0.043      0.357      0.721
    A6                 0.473      0.061      7.765      0.000
    A7                -0.096      0.078     -1.238      0.216
    A8                 0.328      0.066      4.959      0.000
    C1                 0.055      0.042      1.298      0.194
    C2                -0.149      0.134     -1.113      0.266
    C3                 0.138      0.135      1.024      0.306
    C4                -0.031      0.054     -0.570      0.569
    C5                 0.164      0.099      1.653      0.098
    C6                -0.089      0.056     -1.582      0.114
    C7                 0.080      0.113      0.702      0.483
    C8                 0.174      0.061      2.864      0.004
    C9                 0.067      0.088      0.758      0.449
    E1                -0.698      0.068    -10.323      0.000
    E2                 0.028      0.046      0.610      0.542
    E3                -0.618      0.078     -7.903      0.000
    E4                 0.535      0.090      5.916      0.000
    E5                 0.164      0.048      3.391      0.001
    E6                 0.713      0.046     15.472      0.000
    E7                 0.279      0.056      5.009      0.000
    E8                 0.740      0.042     17.557      0.000
    E9                 0.417      0.099      4.233      0.000
    N1                -0.045      0.079     -0.568      0.570
    N2                -0.376      0.152     -2.473      0.013
    N3                -0.076      0.148     -0.511      0.609
    N4                 0.005      0.059      0.093      0.926
    N5                -0.146      0.160     -0.915      0.360
    N6                 0.209      0.124      1.683      0.092
    N7                 0.109      0.120      0.907      0.365
    O1                -0.024      0.027     -0.908      0.364
    O2                 0.338      0.062      5.466      0.000
    O3                 0.128      0.055      2.323      0.020
    O4                -0.072      0.073     -0.982      0.326
    O5                 0.115      0.068      1.676      0.094
    O6                -0.048      0.052     -0.909      0.364
    O7                 0.135      0.061      2.200      0.028
    O9                -0.080      0.057     -1.386      0.166

 NEURO    BY
    A1                 0.044      0.051      0.872      0.383
    A2                 0.204      0.078      2.618      0.009
    A3                 0.115      0.049      2.337      0.019
    A6                 0.165      0.099      1.678      0.093
    A7                 0.184      0.063      2.928      0.003
    A8                 0.094      0.065      1.454      0.146
    C1                 0.027      0.034      0.800      0.424
    C2                 0.539      0.059      9.184      0.000
    C3                 0.563      0.045     12.547      0.000
    C4                -0.026      0.043     -0.601      0.548
    C5                -0.240      0.064     -3.787      0.000
    C6                -0.001      0.039     -0.023      0.981
    C7                 0.415      0.055      7.516      0.000
    C8                 0.098      0.059      1.678      0.093
    C9                -0.295      0.056     -5.298      0.000
    E1                 0.140      0.155      0.902      0.367
    E2                -0.005      0.043     -0.116      0.908
    E3                 0.143      0.181      0.792      0.429
    E4                -0.273      0.111     -2.458      0.014
    E5                -0.012      0.029     -0.402      0.688
    E6                 0.271      0.147      1.845      0.065
    E7                -0.042      0.047     -0.891      0.373
    E8                 0.026      0.134      0.193      0.847
    E9                -0.357      0.100     -3.571      0.000
    N1                 0.415      0.051      8.181      0.000
    N2                 0.646      0.114      5.672      0.000
    N3                 0.793      0.053     15.068      0.000
    N4                -0.419      0.060     -7.043      0.000
    N5                 0.681      0.071      9.597      0.000
    N6                 0.700      0.055     12.650      0.000
    N7                 0.631      0.042     15.131      0.000
    O1                -0.118      0.092     -1.284      0.199
    O2                -0.025      0.053     -0.472      0.637
    O3                -0.086      0.056     -1.546      0.122
    O4                 0.155      0.085      1.823      0.068
    O5                 0.069      0.053      1.298      0.194
    O6                 0.095      0.086      1.106      0.269
    O7                -0.063      0.047     -1.342      0.180
    O9                -0.185      0.081     -2.301      0.021

 OPEN     BY
    A1                 0.506      0.071      7.093      0.000
    A2                -0.252      0.093     -2.708      0.007
    A3                -0.041      0.054     -0.753      0.452
    A6                 0.170      0.070      2.408      0.016
    A7                -0.145      0.086     -1.700      0.089
    A8                 0.378      0.067      5.643      0.000
    C1                 0.059      0.074      0.799      0.424
    C2                -0.206      0.096     -2.153      0.031
    C3                 0.088      0.085      1.031      0.302
    C4                 0.097      0.143      0.679      0.497
    C5                 0.262      0.137      1.912      0.056
    C6                 0.396      0.121      3.283      0.001
    C7                 0.112      0.103      1.083      0.279
    C8                 0.230      0.087      2.650      0.008
    C9                 0.173      0.102      1.699      0.089
    E1                 0.039      0.041      0.931      0.352
    E2                 0.052      0.084      0.625      0.532
    E3                 0.447      0.065      6.862      0.000
    E4                 0.263      0.077      3.423      0.001
    E5                 0.238      0.074      3.222      0.001
    E6                -0.041      0.038     -1.076      0.282
    E7                 0.332      0.062      5.349      0.000
    E8                 0.054      0.052      1.050      0.294
    E9                 0.075      0.059      1.268      0.205
    N1                -0.199      0.071     -2.789      0.005
    N2                 0.083      0.064      1.306      0.192
    N3                 0.144      0.055      2.638      0.008
    N4                 0.445      0.058      7.617      0.000
    N5                -0.036      0.083     -0.437      0.662
    N6                -0.016      0.026     -0.605      0.545
    N7                -0.067      0.053     -1.282      0.200
    O1                 0.676      0.056     12.114      0.000
    O2                 0.459      0.066      6.899      0.000
    O3                 0.711      0.049     14.463      0.000
    O4                 0.538      0.051     10.460      0.000
    O5                 0.584      0.053     11.031      0.000
    O6                 0.746      0.062     12.058      0.000
    O7                 0.726      0.063     11.573      0.000
    O9                 0.581      0.075      7.696      0.000

 CONSC    WITH
    AGREE             -0.067      0.069     -0.962      0.336

 EXTRA    WITH
    AGREE              0.070      0.076      0.915      0.360
    CONSC              0.072      0.073      0.994      0.320

 NEURO    WITH
    AGREE              0.131      0.060      2.187      0.029
    CONSC             -0.104      0.069     -1.494      0.135
    EXTRA             -0.188      0.065     -2.906      0.004

 OPEN     WITH
    AGREE              0.079      0.049      1.616      0.106
    CONSC              0.286      0.072      3.960      0.000
    EXTRA              0.364      0.069      5.311      0.000
    NEURO             -0.206      0.110     -1.877      0.060

 Intercepts
    A1                -0.009      0.053     -0.174      0.862
    A2                 0.024      0.053      0.454      0.650
    A3                 0.001      0.053      0.018      0.986
    A6                -0.006      0.053     -0.113      0.910
    A7                 0.005      0.053      0.091      0.928
    A8                -0.004      0.053     -0.084      0.933
    C1                -0.008      0.053     -0.157      0.875
    C2                 0.038      0.053      0.727      0.468
    C3                 0.000      0.053     -0.001      1.000
    C4                -0.001      0.053     -0.013      0.990
    C5                -0.007      0.053     -0.135      0.893
    C6                -0.005      0.053     -0.101      0.920
    C7                 0.007      0.053      0.126      0.900
    C8                 0.004      0.053      0.078      0.938
    C9                -0.001      0.053     -0.016      0.988
    E1                 0.005      0.053      0.094      0.925
    E2                 0.007      0.053      0.136      0.892
    E3                -0.001      0.053     -0.026      0.979
    E4                -0.020      0.053     -0.387      0.698
    E5                 0.000      0.053     -0.005      0.996
    E6                -0.004      0.053     -0.079      0.937
    E7                -0.019      0.053     -0.365      0.715
    E8                -0.005      0.053     -0.104      0.917
    E9                -0.005      0.053     -0.090      0.929
    N1                 0.003      0.053      0.064      0.949
    N2                 0.017      0.053      0.331      0.740
    N3                 0.000      0.053     -0.008      0.994
    N4                 0.001      0.053      0.025      0.980
    N5                 0.006      0.053      0.115      0.909
    N6                 0.010      0.053      0.189      0.850
    N7                 0.002      0.053      0.042      0.967
    O1                 0.004      0.053      0.073      0.942
    O2                -0.042      0.053     -0.798      0.425
    O3                -0.003      0.053     -0.053      0.958
    O4                -0.004      0.053     -0.084      0.933
    O5                -0.004      0.053     -0.081      0.935
    O6                -0.002      0.053     -0.038      0.970
    O7                -0.025      0.053     -0.474      0.636
    O9                -0.011      0.053     -0.207      0.836

 Variances
    AGREE              1.000      0.000    999.000    999.000
    CONSC              1.000      0.000    999.000    999.000
    EXTRA              1.000      0.000    999.000    999.000
    NEURO              1.000      0.000    999.000    999.000
    OPEN               1.000      0.000    999.000    999.000

 Residual Variances
    A1                 0.434      0.038     11.305      0.000
    A2                 0.363      0.035     10.308      0.000
    A3                 0.365      0.037      9.849      0.000
    A6                 0.704      0.045     15.648      0.000
    A7                 0.449      0.039     11.409      0.000
    A8                 0.660      0.044     14.893      0.000
    C1                 0.413      0.040     10.191      0.000
    C2                 0.447      0.038     11.665      0.000
    C3                 0.406      0.038     10.638      0.000
    C4                 0.352      0.041      8.544      0.000
    C5                 0.311      0.033      9.487      0.000
    C6                 0.427      0.040     10.738      0.000
    C7                 0.626      0.045     13.970      0.000
    C8                 0.747      0.042     17.664      0.000
    C9                 0.656      0.043     15.133      0.000
    E1                 0.439      0.041     10.658      0.000
    E2                 0.419      0.041     10.317      0.000
    E3                 0.568      0.048     11.844      0.000
    E4                 0.347      0.033     10.509      0.000
    E5                 0.351      0.035     10.074      0.000
    E6                 0.432      0.043     10.024      0.000
    E7                 0.666      0.044     15.282      0.000
    E8                 0.384      0.039      9.860      0.000
    E9                 0.568      0.043     13.348      0.000
    N1                 0.546      0.043     12.835      0.000
    N2                 0.379      0.036     10.427      0.000
    N3                 0.365      0.038      9.549      0.000
    N4                 0.454      0.040     11.431      0.000
    N5                 0.339      0.034      9.944      0.000
    N6                 0.490      0.046     10.585      0.000
    N7                 0.569      0.045     12.784      0.000
    O1                 0.324      0.036      9.094      0.000
    O2                 0.546      0.041     13.164      0.000
    O3                 0.366      0.035     10.474      0.000
    O4                 0.747      0.044     16.870      0.000
    O5                 0.640      0.045     14.296      0.000
    O6                 0.375      0.036     10.376      0.000
    O7                 0.318      0.032      9.974      0.000
    O9                 0.509      0.041     12.406      0.000


R-SQUARE

    Observed                                        Two-Tailed
    Variable        Estimate       S.E.  Est./S.E.    P-Value

    A1                 0.566      0.038     14.714      0.000
    A2                 0.637      0.035     18.079      0.000
    A3                 0.635      0.037     17.103      0.000
    A6                 0.296      0.045      6.578      0.000
    A7                 0.551      0.039     13.975      0.000
    A8                 0.340      0.044      7.662      0.000
    C1                 0.587      0.040     14.501      0.000
    C2                 0.553      0.038     14.460      0.000
    C3                 0.594      0.038     15.594      0.000
    C4                 0.648      0.041     15.747      0.000
    C5                 0.689      0.033     20.975      0.000
    C6                 0.573      0.040     14.405      0.000
    C7                 0.374      0.045      8.339      0.000
    C8                 0.253      0.042      5.995      0.000
    C9                 0.344      0.043      7.923      0.000
    E1                 0.561      0.041     13.599      0.000
    E2                 0.581      0.041     14.316      0.000
    E3                 0.432      0.048      8.995      0.000
    E4                 0.653      0.033     19.758      0.000
    E5                 0.649      0.035     18.624      0.000
    E6                 0.568      0.043     13.158      0.000
    E7                 0.334      0.044      7.680      0.000
    E8                 0.616      0.039     15.820      0.000
    E9                 0.432      0.043     10.140      0.000
    N1                 0.454      0.043     10.680      0.000
    N2                 0.621      0.036     17.055      0.000
    N3                 0.635      0.038     16.640      0.000
    N4                 0.546      0.040     13.731      0.000
    N5                 0.661      0.034     19.378      0.000
    N6                 0.510      0.046     11.034      0.000
    N7                 0.431      0.045      9.667      0.000
    O1                 0.676      0.036     18.939      0.000
    O2                 0.454      0.041     10.948      0.000
    O3                 0.634      0.035     18.126      0.000
    O4                 0.253      0.044      5.710      0.000
    O5                 0.360      0.045      8.045      0.000
    O6                 0.625      0.036     17.312      0.000
    O7                 0.682      0.032     21.383      0.000
    O9                 0.491      0.041     11.970      0.000


QUALITY OF NUMERICAL RESULTS

     Condition Number for the Information Matrix              0.740E-03
       (ratio of smallest to largest eigenvalue)


MODEL MODIFICATION INDICES

NOTE:  Modification indices for direct effects of observed dependent variables
regressed on covariates may not be included.  To include these, request
MODINDICES (ALL).

Minimum M.I. value for printing the modification index     4.000

                                   M.I.     E.P.C.  Std E.P.C.  StdYX E.P.C.

WITH Statements

A3       WITH A2                   4.729     0.018      0.018        0.145
A6       WITH A1                  12.347     0.047      0.047        0.203
A6       WITH A3                   7.514     0.038      0.038        0.166
A8       WITH A1                   5.673     0.020      0.020        0.138
A8       WITH A2                   6.000    -0.017     -0.017       -0.145
C1       WITH A3                  12.593     0.049      0.049        0.245
C1       WITH A8                   8.735     0.034      0.034        0.176
C2       WITH A2                  13.977     0.039      0.039        0.223
C2       WITH A6                   4.695     0.040      0.040        0.122
C3       WITH C1                  17.781    -0.038     -0.038       -0.263
C3       WITH C2                   5.694    -0.021     -0.021       -0.142
C4       WITH C1                   8.700    -0.048     -0.048       -0.214
C4       WITH C2                   5.418     0.035      0.035        0.153
C5       WITH A3                  12.603    -0.033     -0.033       -0.234
C5       WITH C2                  22.992    -0.060     -0.060       -0.297
C6       WITH A7                   4.786    -0.011     -0.011       -0.133
C6       WITH C2                   8.878     0.020      0.020        0.177
C6       WITH C3                   6.254    -0.009     -0.009       -0.154
C6       WITH C4                  13.001     0.024      0.024        0.267
C7       WITH A8                   4.851     0.023      0.023        0.124
C8       WITH A8                   6.469    -0.026     -0.026       -0.140
C8       WITH C3                   8.904     0.024      0.024        0.172
C8       WITH C5                   6.406     0.029      0.029        0.152
C8       WITH C7                   6.942     0.038      0.038        0.147
C9       WITH A8                   4.419     0.013      0.013        0.116
C9       WITH C4                   4.634     0.019      0.019        0.141
E1       WITH A6                   6.634     0.032      0.032        0.153
E1       WITH C3                   7.425     0.016      0.016        0.169
E2       WITH C2                   7.417    -0.040     -0.040       -0.164
E2       WITH C3                  31.189     0.043      0.043        0.353
E2       WITH C5                   8.582     0.032      0.032        0.192
E2       WITH C6                   8.860    -0.018     -0.018       -0.191
E3       WITH E1                   7.132     0.031      0.031        0.172
E4       WITH C3                  10.744     0.022      0.022        0.198
E4       WITH C9                   5.416     0.017      0.017        0.134
E4       WITH E1                  21.437     0.041      0.041        0.291
E4       WITH E3                   7.411     0.035      0.035        0.168
E5       WITH A2                  10.759    -0.020     -0.020       -0.209
E5       WITH A8                   4.164     0.013      0.013        0.121
E5       WITH C1                  52.947     0.077      0.077        0.481
E5       WITH C2                   4.663     0.021      0.021        0.129
E5       WITH C3                   8.573    -0.015     -0.015       -0.182
E5       WITH C5                   7.963    -0.021     -0.021       -0.182
E5       WITH E1                   5.119    -0.015     -0.015       -0.142
E5       WITH E2                   8.208    -0.025     -0.025       -0.184
E5       WITH E4                  13.488    -0.028     -0.028       -0.225
E6       WITH A1                  14.078    -0.044     -0.044       -0.236
E6       WITH E1                  12.006    -0.040     -0.040       -0.235
E6       WITH E2                  13.576    -0.052     -0.052       -0.238
E6       WITH E5                  12.856     0.034      0.034        0.231
E7       WITH C1                  20.459    -0.076     -0.076       -0.267
E7       WITH C4                  12.024     0.052      0.052        0.224
E8       WITH A3                   5.695     0.023      0.023        0.156
E8       WITH C4                   4.021     0.023      0.023        0.140
E8       WITH C6                   8.571     0.015      0.015        0.186
E8       WITH E1                   9.896    -0.029     -0.029       -0.215
E8       WITH E3                   4.877    -0.029     -0.029       -0.147
E9       WITH A1                   6.684    -0.030     -0.030       -0.149
E9       WITH A3                   6.134    -0.030     -0.030       -0.150
E9       WITH A8                   6.208     0.026      0.026        0.139
E9       WITH C5                   6.973     0.031      0.031        0.160
E9       WITH C9                   9.737     0.028      0.028        0.174
E9       WITH E2                   7.197     0.037      0.037        0.160
E9       WITH E5                   9.067    -0.028     -0.028       -0.179
E9       WITH E6                   5.233     0.035      0.035        0.140
E9       WITH E8                   6.818    -0.032     -0.032       -0.160
N1       WITH A2                  15.539     0.039      0.039        0.237
N1       WITH A3                   7.454    -0.034     -0.034       -0.170
N1       WITH A6                  15.819    -0.069     -0.069       -0.224
N1       WITH A8                   4.205    -0.022     -0.022       -0.116
N1       WITH E3                   4.454     0.034      0.034        0.125
N2       WITH E4                  14.342    -0.036     -0.036       -0.235
N3       WITH A2                   7.596    -0.023     -0.023       -0.178
N3       WITH C2                  11.103    -0.045     -0.045       -0.211
N3       WITH C3                  12.396     0.025      0.025        0.231
N3       WITH E2                   5.925     0.028      0.028        0.160
N3       WITH E3                   8.428    -0.038     -0.038       -0.188
N3       WITH E4                   5.892    -0.025     -0.025       -0.155
N3       WITH E7                   6.642    -0.033     -0.033       -0.157
N3       WITH N2                   5.771     0.025      0.025        0.165
N4       WITH A8                   7.311     0.027      0.027        0.155
N4       WITH C1                   5.470    -0.036     -0.036       -0.144
N4       WITH C3                   5.720     0.019      0.019        0.144
N4       WITH C7                   4.052     0.028      0.028        0.117
N4       WITH C8                   7.140     0.037      0.037        0.151
N4       WITH E2                   7.117     0.035      0.035        0.165
N4       WITH E6                   5.334    -0.033     -0.033       -0.144
N4       WITH E7                   5.105    -0.033     -0.033       -0.129
N4       WITH N1                   5.238    -0.033     -0.033       -0.133
N5       WITH A2                   7.476     0.016      0.016        0.171
N5       WITH A6                  10.206     0.033      0.033        0.189
N5       WITH C2                  61.399     0.076      0.076        0.480
N5       WITH C3                   6.425    -0.013     -0.013       -0.162
N5       WITH C6                   8.815     0.011      0.011        0.185
N6       WITH A2                   6.037    -0.025     -0.025       -0.155
N6       WITH A3                   9.753    -0.038     -0.038       -0.202
N6       WITH A6                  11.075    -0.059     -0.059       -0.201
N6       WITH C3                   7.192     0.023      0.023        0.170
N6       WITH C6                  31.313    -0.037     -0.037       -0.355
N6       WITH E3                  22.345     0.076      0.076        0.298
N6       WITH E4                  11.224     0.041      0.041        0.207
N6       WITH E6                   6.550     0.041      0.041        0.170
N6       WITH E8                   6.734    -0.032     -0.032       -0.170
N6       WITH N1                  17.307     0.065      0.065        0.253
N6       WITH N4                   5.840    -0.036     -0.036       -0.152
N6       WITH N5                   6.069    -0.023     -0.023       -0.159
N7       WITH A3                  13.748     0.036      0.036        0.229
N7       WITH A6                  12.252     0.049      0.049        0.200
N7       WITH C3                   5.909     0.016      0.016        0.146
N7       WITH E5                  10.436    -0.024     -0.024       -0.195
N7       WITH N1                   4.403    -0.026     -0.026       -0.122
N7       WITH N4                   7.058     0.031      0.031        0.157
O1       WITH A3                   5.595    -0.018     -0.018       -0.160
O1       WITH A6                   8.664    -0.032     -0.032       -0.183
O1       WITH C5                   4.584     0.016      0.016        0.144
O1       WITH C7                  10.376    -0.031     -0.031       -0.203
O1       WITH E7                   5.730     0.024      0.024        0.150
O1       WITH E9                   8.057     0.027      0.027        0.177
O1       WITH N2                   5.209     0.017      0.017        0.150
O1       WITH N7                   5.543    -0.018     -0.018       -0.150
O2       WITH A2                   7.543    -0.027     -0.027       -0.162
O2       WITH A8                   7.121    -0.028     -0.028       -0.149
O2       WITH C2                  12.840    -0.057     -0.057       -0.202
O2       WITH C3                   7.139     0.022      0.022        0.156
O2       WITH C5                   8.327     0.034      0.034        0.174
O2       WITH C9                   8.810    -0.027     -0.027       -0.164
O2       WITH E1                   9.031     0.032      0.032        0.178
O2       WITH E2                  21.286     0.064      0.064        0.274
O2       WITH E5                   4.346    -0.019     -0.019       -0.123
O2       WITH E8                   5.320     0.028      0.028        0.140
O2       WITH N5                  11.590    -0.030     -0.030       -0.201
O2       WITH N7                   7.940     0.034      0.034        0.160
O3       WITH A1                  18.852     0.033      0.033        0.263
O3       WITH A7                   4.022    -0.015     -0.015       -0.120
O3       WITH C2                   9.237     0.032      0.032        0.179
O3       WITH C3                   7.221    -0.015     -0.015       -0.163
O3       WITH C5                   7.402    -0.021     -0.021       -0.171
O3       WITH E2                  10.797    -0.030     -0.030       -0.204
O3       WITH E3                   6.008    -0.026     -0.026       -0.151
O3       WITH E4                   5.146    -0.018     -0.018       -0.137
O3       WITH E5                   8.567     0.018      0.018        0.180
O3       WITH N5                   6.909     0.016      0.016        0.162
O3       WITH N6                   5.465    -0.024     -0.024       -0.146
O3       WITH O2                  24.412    -0.049     -0.049       -0.289
O4       WITH A2                  10.655     0.044      0.044        0.192
O4       WITH C3                   7.733    -0.032     -0.032       -0.162
O4       WITH C8                  11.984    -0.070     -0.070       -0.190
O4       WITH C9                  18.315     0.054      0.054        0.236
O4       WITH E2                   8.246    -0.055     -0.055       -0.170
O4       WITH E6                  13.993     0.079      0.079        0.226
O4       WITH N3                   4.749    -0.038     -0.038       -0.134
O4       WITH N4                   9.488    -0.061     -0.061       -0.176
O5       WITH A2                   5.029     0.026      0.026        0.133
O5       WITH C3                   9.445    -0.030     -0.030       -0.181
O5       WITH E8                   5.822     0.034      0.034        0.146
O5       WITH N4                   4.160    -0.034     -0.034       -0.118
O5       WITH N7                   4.565    -0.030     -0.030       -0.122
O5       WITH O4                  31.892     0.139      0.139        0.317
O6       WITH C9                  13.190    -0.026     -0.026       -0.212
O6       WITH E5                   7.005     0.020      0.020        0.166
O6       WITH E9                   4.565    -0.026     -0.026       -0.126
O6       WITH N2                   8.560    -0.028     -0.028       -0.183
O6       WITH N5                   6.798    -0.019     -0.019       -0.163
O7       WITH A2                   5.249     0.020      0.020        0.145
O7       WITH A8                  10.472    -0.031     -0.031       -0.193
O7       WITH C9                  11.021    -0.027     -0.027       -0.195
O7       WITH E4                   4.818     0.024      0.024        0.135
O7       WITH O2                  15.080     0.053      0.053        0.231
O7       WITH O3                   7.339    -0.025     -0.025       -0.173
O7       WITH O6                  14.943     0.044      0.044        0.250
O9       WITH A6                   6.959     0.046      0.046        0.149
O9       WITH C7                   4.144    -0.030     -0.030       -0.116
O9       WITH C8                   5.283    -0.034     -0.034       -0.128
O9       WITH C9                  21.697     0.042      0.042        0.261
O9       WITH N4                   5.593     0.034      0.034        0.139
O9       WITH N5                  11.122     0.030      0.030        0.200
O9       WITH O2                  11.047    -0.050     -0.050       -0.188
O9       WITH O4                   9.065     0.063      0.063        0.170


DIAGRAM INFORMATION

  Use View Diagram under the Diagram menu in the Mplus Editor to view the diagram.
  If running Mplus from the Mplus Diagrammer, the diagram opens automatically.

  Diagram output
    f:\ipip paper\sample_usa\cfa\gesamtmodell\esem\esem_all facets on all domains without o8, a5, a4

     Beginning Time:  14:25:29
        Ending Time:  14:25:32
       Elapsed Time:  00:00:03



MUTHEN & MUTHEN
3463 Stoner Ave.
Los Angeles, CA  90066

Tel: (310) 391-9971
Fax: (310) 391-8971
Web: www.StatModel.com
Support: Support@StatModel.com

Copyright (c) 1998-2013 Muthen & Muthen
