Mplus VERSION 7.1
MUTHEN & MUTHEN
06/09/2015   2:15 PM

INPUT INSTRUCTIONS

  TITLE:

  DATA:
  FILE IS  "factorscores_CFA.txt";
  Variable:
  Names are
  VPN
  A1
  A2
  A3
  A4
  A5
  A6
  A7
  A8
  C1
  C2
  C3
  C4
  C5
  C6
  C7
  C8
  C9
  E1
  E2
  E3
  E4
  E5
  E6
  E7
  E8
  E9
  N1
  N2
  N3
  N4
  N5
  N6
  N7
  O1
  O2
  O3
  O4
  O5
  O6
  O7
  O8
  O9
  ;

  USEVARIABLES ARE
  A1
  A2
  A3
  A4
  A5
  A6
  A7
  A8
  C1
  C2
  C3
  C4
  C5
  C6
  C7
  C8
  C9
  E1
  E2
  E3
  E4
  E5
  E6
  E7
  E8
  E9
  N1
  N2
  N3
  N4
  N5
  N6
  N7
  O1
  O2
  O3
  O4
  O5
  O6
  O7
  O9
  ;

  MISSING ARE ALL (-99);

  Model:

  agree consc extra neuro open by
  A1
  A2
  A3
  A4
  A5
  A6
  A7
  A8
  C1
  C2
  C3
  C4
  C5
  C6
  C7
  C8
  C9
  E1
  E2
  E3
  E4
  E5
  E6
  E7
  E8
  E9
  N1
  N2
  N3
  N4
  N5
  N6
  N7
  O1
  O2
  O3
  O4
  O5
  O6
  O7
  O9
  (*1);

  !SE by
  !agree
  !consc
  !extra
  !neuro
  !open;

  Analysis:
  ESTIMATOR IS ML;
  iterations = 10000;

  OUTPUT: STDYX MODINDICES(4);



INPUT READING TERMINATED NORMALLY




SUMMARY OF ANALYSIS

Number of groups                                                 1
Number of observations                                         361

Number of dependent variables                                   41
Number of independent variables                                  0
Number of continuous latent variables                            5

Observed dependent variables

  Continuous
   A1          A2          A3          A4          A5          A6
   A7          A8          C1          C2          C3          C4
   C5          C6          C7          C8          C9          E1
   E2          E3          E4          E5          E6          E7
   E8          E9          N1          N2          N3          N4
   N5          N6          N7          O1          O2          O3
   O4          O5          O6          O7          O9

Continuous latent variables

  EFA factors
  *1:   AGREE       CONSC       EXTRA       NEURO       OPEN


Estimator                                                       ML
Rotation                                                    GEOMIN
Row standardization                                    CORRELATION
Type of rotation                                           OBLIQUE
Epsilon value                                               Varies
Information matrix                                        OBSERVED
Maximum number of iterations                                 10000
Convergence criterion                                    0.500D-04
Maximum number of steepest descent iterations                   20
Maximum number of iterations for H1                           2000
Convergence criterion for H1                             0.100D-03
Optimization Specifications for the Exploratory Factor Analysis
Rotation Algorithm
  Number of random starts                                       30
  Maximum number of iterations                               10000
  Derivative convergence criterion                       0.100D-04

Input data file(s)
  factorscores_CFA.txt

Input data format  FREE


SUMMARY OF DATA

     Number of missing data patterns             1


COVARIANCE COVERAGE OF DATA

Minimum covariance coverage value   0.100


     PROPORTION OF DATA PRESENT


           Covariance Coverage
              A1            A2            A3            A4            A5
              ________      ________      ________      ________      ________
 A1             1.000
 A2             1.000         1.000
 A3             1.000         1.000         1.000
 A4             1.000         1.000         1.000         1.000
 A5             1.000         1.000         1.000         1.000         1.000
 A6             1.000         1.000         1.000         1.000         1.000
 A7             1.000         1.000         1.000         1.000         1.000
 A8             1.000         1.000         1.000         1.000         1.000
 C1             1.000         1.000         1.000         1.000         1.000
 C2             1.000         1.000         1.000         1.000         1.000
 C3             1.000         1.000         1.000         1.000         1.000
 C4             1.000         1.000         1.000         1.000         1.000
 C5             1.000         1.000         1.000         1.000         1.000
 C6             1.000         1.000         1.000         1.000         1.000
 C7             1.000         1.000         1.000         1.000         1.000
 C8             1.000         1.000         1.000         1.000         1.000
 C9             1.000         1.000         1.000         1.000         1.000
 E1             1.000         1.000         1.000         1.000         1.000
 E2             1.000         1.000         1.000         1.000         1.000
 E3             1.000         1.000         1.000         1.000         1.000
 E4             1.000         1.000         1.000         1.000         1.000
 E5             1.000         1.000         1.000         1.000         1.000
 E6             1.000         1.000         1.000         1.000         1.000
 E7             1.000         1.000         1.000         1.000         1.000
 E8             1.000         1.000         1.000         1.000         1.000
 E9             1.000         1.000         1.000         1.000         1.000
 N1             1.000         1.000         1.000         1.000         1.000
 N2             1.000         1.000         1.000         1.000         1.000
 N3             1.000         1.000         1.000         1.000         1.000
 N4             1.000         1.000         1.000         1.000         1.000
 N5             1.000         1.000         1.000         1.000         1.000
 N6             1.000         1.000         1.000         1.000         1.000
 N7             1.000         1.000         1.000         1.000         1.000
 O1             1.000         1.000         1.000         1.000         1.000
 O2             1.000         1.000         1.000         1.000         1.000
 O3             1.000         1.000         1.000         1.000         1.000
 O4             1.000         1.000         1.000         1.000         1.000
 O5             1.000         1.000         1.000         1.000         1.000
 O6             1.000         1.000         1.000         1.000         1.000
 O7             1.000         1.000         1.000         1.000         1.000
 O9             1.000         1.000         1.000         1.000         1.000


           Covariance Coverage
              A6            A7            A8            C1            C2
              ________      ________      ________      ________      ________
 A6             1.000
 A7             1.000         1.000
 A8             1.000         1.000         1.000
 C1             1.000         1.000         1.000         1.000
 C2             1.000         1.000         1.000         1.000         1.000
 C3             1.000         1.000         1.000         1.000         1.000
 C4             1.000         1.000         1.000         1.000         1.000
 C5             1.000         1.000         1.000         1.000         1.000
 C6             1.000         1.000         1.000         1.000         1.000
 C7             1.000         1.000         1.000         1.000         1.000
 C8             1.000         1.000         1.000         1.000         1.000
 C9             1.000         1.000         1.000         1.000         1.000
 E1             1.000         1.000         1.000         1.000         1.000
 E2             1.000         1.000         1.000         1.000         1.000
 E3             1.000         1.000         1.000         1.000         1.000
 E4             1.000         1.000         1.000         1.000         1.000
 E5             1.000         1.000         1.000         1.000         1.000
 E6             1.000         1.000         1.000         1.000         1.000
 E7             1.000         1.000         1.000         1.000         1.000
 E8             1.000         1.000         1.000         1.000         1.000
 E9             1.000         1.000         1.000         1.000         1.000
 N1             1.000         1.000         1.000         1.000         1.000
 N2             1.000         1.000         1.000         1.000         1.000
 N3             1.000         1.000         1.000         1.000         1.000
 N4             1.000         1.000         1.000         1.000         1.000
 N5             1.000         1.000         1.000         1.000         1.000
 N6             1.000         1.000         1.000         1.000         1.000
 N7             1.000         1.000         1.000         1.000         1.000
 O1             1.000         1.000         1.000         1.000         1.000
 O2             1.000         1.000         1.000         1.000         1.000
 O3             1.000         1.000         1.000         1.000         1.000
 O4             1.000         1.000         1.000         1.000         1.000
 O5             1.000         1.000         1.000         1.000         1.000
 O6             1.000         1.000         1.000         1.000         1.000
 O7             1.000         1.000         1.000         1.000         1.000
 O9             1.000         1.000         1.000         1.000         1.000


           Covariance Coverage
              C3            C4            C5            C6            C7
              ________      ________      ________      ________      ________
 C3             1.000
 C4             1.000         1.000
 C5             1.000         1.000         1.000
 C6             1.000         1.000         1.000         1.000
 C7             1.000         1.000         1.000         1.000         1.000
 C8             1.000         1.000         1.000         1.000         1.000
 C9             1.000         1.000         1.000         1.000         1.000
 E1             1.000         1.000         1.000         1.000         1.000
 E2             1.000         1.000         1.000         1.000         1.000
 E3             1.000         1.000         1.000         1.000         1.000
 E4             1.000         1.000         1.000         1.000         1.000
 E5             1.000         1.000         1.000         1.000         1.000
 E6             1.000         1.000         1.000         1.000         1.000
 E7             1.000         1.000         1.000         1.000         1.000
 E8             1.000         1.000         1.000         1.000         1.000
 E9             1.000         1.000         1.000         1.000         1.000
 N1             1.000         1.000         1.000         1.000         1.000
 N2             1.000         1.000         1.000         1.000         1.000
 N3             1.000         1.000         1.000         1.000         1.000
 N4             1.000         1.000         1.000         1.000         1.000
 N5             1.000         1.000         1.000         1.000         1.000
 N6             1.000         1.000         1.000         1.000         1.000
 N7             1.000         1.000         1.000         1.000         1.000
 O1             1.000         1.000         1.000         1.000         1.000
 O2             1.000         1.000         1.000         1.000         1.000
 O3             1.000         1.000         1.000         1.000         1.000
 O4             1.000         1.000         1.000         1.000         1.000
 O5             1.000         1.000         1.000         1.000         1.000
 O6             1.000         1.000         1.000         1.000         1.000
 O7             1.000         1.000         1.000         1.000         1.000
 O9             1.000         1.000         1.000         1.000         1.000


           Covariance Coverage
              C8            C9            E1            E2            E3
              ________      ________      ________      ________      ________
 C8             1.000
 C9             1.000         1.000
 E1             1.000         1.000         1.000
 E2             1.000         1.000         1.000         1.000
 E3             1.000         1.000         1.000         1.000         1.000
 E4             1.000         1.000         1.000         1.000         1.000
 E5             1.000         1.000         1.000         1.000         1.000
 E6             1.000         1.000         1.000         1.000         1.000
 E7             1.000         1.000         1.000         1.000         1.000
 E8             1.000         1.000         1.000         1.000         1.000
 E9             1.000         1.000         1.000         1.000         1.000
 N1             1.000         1.000         1.000         1.000         1.000
 N2             1.000         1.000         1.000         1.000         1.000
 N3             1.000         1.000         1.000         1.000         1.000
 N4             1.000         1.000         1.000         1.000         1.000
 N5             1.000         1.000         1.000         1.000         1.000
 N6             1.000         1.000         1.000         1.000         1.000
 N7             1.000         1.000         1.000         1.000         1.000
 O1             1.000         1.000         1.000         1.000         1.000
 O2             1.000         1.000         1.000         1.000         1.000
 O3             1.000         1.000         1.000         1.000         1.000
 O4             1.000         1.000         1.000         1.000         1.000
 O5             1.000         1.000         1.000         1.000         1.000
 O6             1.000         1.000         1.000         1.000         1.000
 O7             1.000         1.000         1.000         1.000         1.000
 O9             1.000         1.000         1.000         1.000         1.000


           Covariance Coverage
              E4            E5            E6            E7            E8
              ________      ________      ________      ________      ________
 E4             1.000
 E5             1.000         1.000
 E6             1.000         1.000         1.000
 E7             1.000         1.000         1.000         1.000
 E8             1.000         1.000         1.000         1.000         1.000
 E9             1.000         1.000         1.000         1.000         1.000
 N1             1.000         1.000         1.000         1.000         1.000
 N2             1.000         1.000         1.000         1.000         1.000
 N3             1.000         1.000         1.000         1.000         1.000
 N4             1.000         1.000         1.000         1.000         1.000
 N5             1.000         1.000         1.000         1.000         1.000
 N6             1.000         1.000         1.000         1.000         1.000
 N7             1.000         1.000         1.000         1.000         1.000
 O1             1.000         1.000         1.000         1.000         1.000
 O2             1.000         1.000         1.000         1.000         1.000
 O3             1.000         1.000         1.000         1.000         1.000
 O4             1.000         1.000         1.000         1.000         1.000
 O5             1.000         1.000         1.000         1.000         1.000
 O6             1.000         1.000         1.000         1.000         1.000
 O7             1.000         1.000         1.000         1.000         1.000
 O9             1.000         1.000         1.000         1.000         1.000


           Covariance Coverage
              E9            N1            N2            N3            N4
              ________      ________      ________      ________      ________
 E9             1.000
 N1             1.000         1.000
 N2             1.000         1.000         1.000
 N3             1.000         1.000         1.000         1.000
 N4             1.000         1.000         1.000         1.000         1.000
 N5             1.000         1.000         1.000         1.000         1.000
 N6             1.000         1.000         1.000         1.000         1.000
 N7             1.000         1.000         1.000         1.000         1.000
 O1             1.000         1.000         1.000         1.000         1.000
 O2             1.000         1.000         1.000         1.000         1.000
 O3             1.000         1.000         1.000         1.000         1.000
 O4             1.000         1.000         1.000         1.000         1.000
 O5             1.000         1.000         1.000         1.000         1.000
 O6             1.000         1.000         1.000         1.000         1.000
 O7             1.000         1.000         1.000         1.000         1.000
 O9             1.000         1.000         1.000         1.000         1.000


           Covariance Coverage
              N5            N6            N7            O1            O2
              ________      ________      ________      ________      ________
 N5             1.000
 N6             1.000         1.000
 N7             1.000         1.000         1.000
 O1             1.000         1.000         1.000         1.000
 O2             1.000         1.000         1.000         1.000         1.000
 O3             1.000         1.000         1.000         1.000         1.000
 O4             1.000         1.000         1.000         1.000         1.000
 O5             1.000         1.000         1.000         1.000         1.000
 O6             1.000         1.000         1.000         1.000         1.000
 O7             1.000         1.000         1.000         1.000         1.000
 O9             1.000         1.000         1.000         1.000         1.000


           Covariance Coverage
              O3            O4            O5            O6            O7
              ________      ________      ________      ________      ________
 O3             1.000
 O4             1.000         1.000
 O5             1.000         1.000         1.000
 O6             1.000         1.000         1.000         1.000
 O7             1.000         1.000         1.000         1.000         1.000
 O9             1.000         1.000         1.000         1.000         1.000


           Covariance Coverage
              O9
              ________
 O9             1.000



THE MODEL ESTIMATION TERMINATED NORMALLY



MODEL FIT INFORMATION

Number of Free Parameters                      277

Loglikelihood

          H0 Value                       -9984.447
          H1 Value                       -9061.085

Information Criteria

          Akaike (AIC)                   20522.894
          Bayesian (BIC)                 21600.113
          Sample-Size Adjusted BIC       20721.322
            (n* = (n + 2) / 24)

Chi-Square Test of Model Fit

          Value                           1846.723
          Degrees of Freedom                   625
          P-Value                           0.0000

RMSEA (Root Mean Square Error Of Approximation)

          Estimate                           0.074
          90 Percent C.I.                    0.070  0.077
          Probability RMSEA <= .05           0.000

CFI/TLI

          CFI                                0.854
          TLI                                0.808

Chi-Square Test of Model Fit for the Baseline Model

          Value                           9166.093
          Degrees of Freedom                   820
          P-Value                           0.0000

SRMR (Standardized Root Mean Square Residual)

          Value                              0.039



MODEL RESULTS

                                                    Two-Tailed
                    Estimate       S.E.  Est./S.E.    P-Value

 AGREE    BY
    A1                -0.190      0.061     -3.137      0.002
    A2                 0.334      0.027     12.314      0.000
    A3                 0.478      0.030     16.104      0.000
    A4                 0.013      0.020      0.654      0.513
    A5                 0.020      0.020      0.989      0.323
    A6                -0.146      0.062     -2.333      0.020
    A7                 0.377      0.028     13.696      0.000
    A8                -0.128      0.047     -2.720      0.007
    C1                 0.533      0.041     12.978      0.000
    C2                 0.003      0.027      0.107      0.915
    C3                 0.145      0.043      3.356      0.001
    C4                 0.040      0.077      0.519      0.604
    C5                 0.015      0.027      0.535      0.593
    C6                -0.041      0.022     -1.826      0.068
    C7                 0.082      0.073      1.120      0.263
    C8                 0.027      0.030      0.915      0.360
    C9                 0.042      0.021      1.990      0.047
    E1                -0.060      0.044     -1.365      0.172
    E2                 0.434      0.076      5.690      0.000
    E3                 0.055      0.043      1.279      0.201
    E4                -0.018      0.046     -0.391      0.696
    E5                 0.335      0.037      8.988      0.000
    E6                 0.088      0.070      1.246      0.213
    E7                 0.129      0.086      1.509      0.131
    E8                 0.049      0.056      0.874      0.382
    E9                 0.115      0.049      2.330      0.020
    N1                 0.286      0.041      6.948      0.000
    N2                 0.022      0.022      1.014      0.311
    N3                -0.026      0.022     -1.178      0.239
    N4                 0.236      0.067      3.551      0.000
    N5                 0.018      0.021      0.838      0.402
    N6                -0.181      0.038     -4.768      0.000
    N7                 0.041      0.027      1.556      0.120
    O1                 0.212      0.083      2.545      0.011
    O2                -0.067      0.072     -0.931      0.352
    O3                 0.024      0.067      0.361      0.718
    O4                -0.120      0.082     -1.461      0.144
    O5                -0.121      0.098     -1.241      0.215
    O6                 0.058      0.068      0.847      0.397
    O7                -0.113      0.092     -1.234      0.217
    O9                 0.113      0.060      1.880      0.060

 CONSC    BY
    A1                 0.019      0.021      0.897      0.370
    A2                -0.045      0.055     -0.808      0.419
    A3                 0.107      0.091      1.171      0.242
    A4                 0.060      0.027      2.248      0.025
    A5                 0.030      0.026      1.129      0.259
    A6                -0.022      0.033     -0.652      0.514
    A7                -0.048      0.068     -0.709      0.479
    A8                -0.033      0.024     -1.377      0.169
    C1                 0.273      0.115      2.365      0.018
    C2                -0.212      0.047     -4.484      0.000
    C3                -0.132      0.045     -2.941      0.003
    C4                 0.543      0.050     10.969      0.000
    C5                 0.387      0.043      9.019      0.000
    C6                 0.169      0.021      8.179      0.000
    C7                -0.292      0.047     -6.242      0.000
    C8                 0.161      0.043      3.709      0.000
    C9                 0.145      0.026      5.520      0.000
    E1                 0.002      0.023      0.110      0.912
    E2                -0.282      0.079     -3.556      0.000
    E3                 0.039      0.049      0.792      0.429
    E4                 0.079      0.032      2.447      0.014
    E5                 0.058      0.074      0.778      0.437
    E6                -0.051      0.042     -1.233      0.218
    E7                -0.128      0.053     -2.399      0.016
    E8                 0.003      0.025      0.108      0.914
    E9                 0.023      0.033      0.702      0.482
    N1                 0.039      0.055      0.704      0.482
    N2                -0.070      0.042     -1.678      0.093
    N3                 0.044      0.043      1.025      0.305
    N4                 0.001      0.046      0.020      0.984
    N5                -0.165      0.032     -5.203      0.000
    N6                 0.108      0.040      2.725      0.006
    N7                 0.048      0.037      1.297      0.195
    O1                -0.120      0.065     -1.854      0.064
    O2                 0.009      0.034      0.269      0.788
    O3                -0.017      0.038     -0.449      0.654
    O4                -0.055      0.049     -1.128      0.259
    O5                -0.114      0.044     -2.584      0.010
    O6                 0.068      0.063      1.068      0.285
    O7                 0.041      0.042      0.982      0.326
    O9                 0.107      0.065      1.650      0.099

 EXTRA    BY
    A1                 0.171      0.067      2.564      0.010
    A2                -0.114      0.056     -2.034      0.042
    A3                 0.022      0.038      0.590      0.555
    A4                 0.030      0.025      1.201      0.230
    A5                 0.090      0.029      3.111      0.002
    A6                 0.303      0.060      5.048      0.000
    A7                -0.049      0.050     -0.968      0.333
    A8                 0.119      0.043      2.732      0.006
    C1                 0.048      0.040      1.190      0.234
    C2                -0.177      0.058     -3.056      0.002
    C3                 0.025      0.020      1.240      0.215
    C4                -0.057      0.053     -1.075      0.282
    C5                 0.100      0.059      1.686      0.092
    C6                -0.052      0.033     -1.564      0.118
    C7                 0.005      0.025      0.219      0.826
    C8                 0.063      0.046      1.369      0.171
    C9                 0.036      0.026      1.379      0.168
    E1                -0.386      0.028    -13.780      0.000
    E2                 0.052      0.056      0.931      0.352
    E3                -0.465      0.044    -10.533      0.000
    E4                 0.385      0.050      7.648      0.000
    E5                 0.090      0.028      3.214      0.001
    E6                 0.502      0.038     13.343      0.000
    E7                 0.186      0.039      4.790      0.000
    E8                 0.451      0.036     12.453      0.000
    E9                 0.335      0.041      8.155      0.000
    N1                -0.055      0.047     -1.178      0.239
    N2                -0.313      0.037     -8.439      0.000
    N3                -0.165      0.049     -3.340      0.001
    N4                 0.047      0.035      1.322      0.186
    N5                -0.128      0.032     -3.968      0.000
    N6                 0.048      0.050      0.959      0.338
    N7                 0.002      0.024      0.066      0.947
    O1                -0.012      0.012     -0.941      0.347
    O2                 0.207      0.063      3.282      0.001
    O3                 0.049      0.045      1.078      0.281
    O4                -0.116      0.073     -1.589      0.112
    O5                 0.040      0.060      0.677      0.498
    O6                -0.083      0.061     -1.353      0.176
    O7                 0.060      0.080      0.749      0.454
    O9                -0.066      0.051     -1.296      0.195

 NEURO    BY
    A1                 0.046      0.027      1.668      0.095
    A2                 0.098      0.031      3.205      0.001
    A3                 0.097      0.032      3.017      0.003
    A4                 0.202      0.021      9.434      0.000
    A5                 0.342      0.024     14.132      0.000
    A6                 0.170      0.042      4.054      0.000
    A7                 0.093      0.031      2.994      0.003
    A8                 0.051      0.025      2.087      0.037
    C1                 0.055      0.037      1.511      0.131
    C2                 0.394      0.048      8.177      0.000
    C3                 0.230      0.022     10.514      0.000
    C4                 0.018      0.031      0.581      0.562
    C5                -0.118      0.040     -2.934      0.003
    C6                 0.002      0.009      0.256      0.798
    C7                 0.225      0.038      5.937      0.000
    C8                 0.068      0.033      2.036      0.042
    C9                -0.095      0.023     -4.089      0.000
    E1                 0.013      0.027      0.496      0.620
    E2                -0.023      0.026     -0.909      0.364
    E3                 0.024      0.026      0.925      0.355
    E4                -0.115      0.043     -2.683      0.007
    E5                 0.013      0.017      0.770      0.441
    E6                 0.280      0.043      6.532      0.000
    E7                -0.015      0.027     -0.536      0.592
    E8                 0.089      0.038      2.371      0.018
    E9                -0.186      0.042     -4.376      0.000
    N1                 0.297      0.038      7.860      0.000
    N2                 0.330      0.039      8.382      0.000
    N3                 0.480      0.034     14.219      0.000
    N4                -0.290      0.035     -8.210      0.000
    N5                 0.304      0.031      9.896      0.000
    N6                 0.521      0.035     14.697      0.000
    N7                 0.355      0.027     12.963      0.000
    O1                -0.080      0.025     -3.239      0.001
    O2                 0.006      0.030      0.193      0.847
    O3                -0.048      0.024     -1.985      0.047
    O4                 0.103      0.047      2.197      0.028
    O5                 0.036      0.034      1.062      0.288
    O6                 0.044      0.026      1.661      0.097
    O7                -0.050      0.033     -1.541      0.123
    O9                -0.141      0.035     -4.010      0.000

 OPEN     BY
    A1                 0.319      0.050      6.394      0.000
    A2                -0.141      0.053     -2.652      0.008
    A3                -0.009      0.062     -0.150      0.881
    A4                -0.009      0.022     -0.407      0.684
    A5                -0.045      0.025     -1.814      0.070
    A6                 0.136      0.058      2.337      0.019
    A7                -0.079      0.055     -1.424      0.155
    A8                 0.180      0.036      4.968      0.000
    C1                 0.087      0.114      0.762      0.446
    C2                -0.182      0.077     -2.369      0.018
    C3                 0.045      0.028      1.619      0.105
    C4                 0.115      0.103      1.113      0.266
    C5                 0.215      0.092      2.351      0.019
    C6                 0.144      0.036      3.999      0.000
    C7                 0.072      0.051      1.425      0.154
    C8                 0.167      0.057      2.943      0.003
    C9                 0.078      0.043      1.807      0.071
    E1                 0.004      0.031      0.130      0.896
    E2                 0.029      0.041      0.719      0.472
    E3                 0.307      0.054      5.648      0.000
    E4                 0.201      0.063      3.210      0.001
    E5                 0.144      0.063      2.265      0.023
    E6                -0.003      0.027     -0.125      0.901
    E7                 0.230      0.046      4.958      0.000
    E8                 0.058      0.047      1.231      0.218
    E9                 0.061      0.052      1.178      0.239
    N1                -0.130      0.059     -2.208      0.027
    N2                 0.055      0.042      1.314      0.189
    N3                 0.120      0.036      3.312      0.001
    N4                 0.321      0.061      5.233      0.000
    N5                -0.022      0.036     -0.607      0.544
    N6                 0.014      0.025      0.547      0.584
    N7                -0.022      0.027     -0.803      0.422
    O1                 0.358      0.041      8.628      0.000
    O2                 0.347      0.056      6.226      0.000
    O3                 0.403      0.042      9.619      0.000
    O4                 0.459      0.051      8.947      0.000
    O5                 0.455      0.049      9.285      0.000
    O6                 0.512      0.059      8.695      0.000
    O7                 0.595      0.060      9.906      0.000
    O9                 0.438      0.070      6.226      0.000

 CONSC    WITH
    AGREE             -0.067      0.075     -0.900      0.368

 EXTRA    WITH
    AGREE              0.068      0.051      1.355      0.175
    CONSC              0.092      0.069      1.327      0.184

 NEURO    WITH
    AGREE              0.187      0.049      3.835      0.000
    CONSC             -0.066      0.050     -1.316      0.188
    EXTRA             -0.144      0.055     -2.616      0.009

 OPEN     WITH
    AGREE              0.088      0.061      1.457      0.145
    CONSC              0.281      0.088      3.205      0.001
    EXTRA              0.417      0.060      6.945      0.000
    NEURO             -0.104      0.069     -1.497      0.134

 Intercepts
    A1                -0.005      0.031     -0.174      0.862
    A2                 0.013      0.028      0.454      0.650
    A3                 0.001      0.033      0.018      0.986
    A4                 0.000      0.021     -0.004      0.997
    A5                 0.001      0.025      0.020      0.984
    A6                -0.004      0.037     -0.113      0.910
    A7                 0.003      0.030      0.091      0.928
    A8                -0.002      0.024     -0.084      0.933
    C1                -0.007      0.043     -0.157      0.875
    C2                 0.031      0.043      0.727      0.467
    C3                 0.000      0.022     -0.001      1.000
    C4                 0.000      0.038     -0.013      0.990
    C5                -0.005      0.035     -0.135      0.893
    C6                -0.002      0.017     -0.101      0.920
    C7                 0.004      0.034      0.126      0.900
    C8                 0.002      0.031      0.078      0.938
    C9                 0.000      0.020     -0.016      0.988
    E1                 0.003      0.028      0.094      0.925
    E2                 0.005      0.037      0.136      0.892
    E3                -0.001      0.036     -0.026      0.979
    E4                -0.014      0.036     -0.387      0.698
    E5                 0.000      0.027     -0.005      0.996
    E6                -0.003      0.039     -0.079      0.937
    E7                -0.013      0.035     -0.365      0.715
    E8                -0.003      0.032     -0.104      0.917
    E9                -0.003      0.036     -0.090      0.929
    N1                 0.002      0.037      0.064      0.949
    N2                 0.011      0.033      0.331      0.740
    N3                 0.000      0.034     -0.008      0.994
    N4                 0.001      0.037      0.025      0.980
    N5                 0.003      0.026      0.115      0.909
    N6                 0.007      0.037      0.189      0.850
    N7                 0.001      0.029      0.042      0.967
    O1                 0.002      0.027      0.073      0.942
    O2                -0.029      0.037     -0.798      0.425
    O3                -0.002      0.029     -0.053      0.958
    O4                -0.004      0.044     -0.084      0.933
    O5                -0.003      0.040     -0.081      0.935
    O6                -0.001      0.034     -0.038      0.970
    O7                -0.019      0.041     -0.474      0.636
    O9                -0.008      0.038     -0.207      0.836

 Variances
    AGREE              1.000      0.000    999.000    999.000
    CONSC              1.000      0.000    999.000    999.000
    EXTRA              1.000      0.000    999.000    999.000
    NEURO              1.000      0.000    999.000    999.000
    OPEN               1.000      0.000    999.000    999.000

 Residual Variances
    A1                 0.151      0.013     11.899      0.000
    A2                 0.102      0.009     11.258      0.000
    A3                 0.143      0.014     10.542      0.000
    A4                 0.113      0.009     12.535      0.000
    A5                 0.112      0.010     11.324      0.000
    A6                 0.352      0.028     12.541      0.000
    A7                 0.148      0.012     11.864      0.000
    A8                 0.133      0.010     12.635      0.000
    C1                 0.277      0.026     10.849      0.000
    C2                 0.294      0.024     12.241      0.000
    C3                 0.074      0.006     11.483      0.000
    C4                 0.182      0.020      9.238      0.000
    C5                 0.141      0.013     10.644      0.000
    C6                 0.044      0.004     11.277      0.000
    C7                 0.263      0.021     12.388      0.000
    C8                 0.265      0.020     13.054      0.000
    C9                 0.098      0.008     12.794      0.000
    E1                 0.124      0.011     11.206      0.000
    E2                 0.202      0.019     10.835      0.000
    E3                 0.273      0.024     11.336      0.000
    E4                 0.161      0.014     11.619      0.000
    E5                 0.093      0.008     11.072      0.000
    E6                 0.229      0.022     10.567      0.000
    E7                 0.291      0.023     12.787      0.000
    E8                 0.145      0.014     10.710      0.000
    E9                 0.267      0.021     12.529      0.000
    N1                 0.265      0.021     12.341      0.000
    N2                 0.148      0.013     11.357      0.000
    N3                 0.161      0.015     10.822      0.000
    N4                 0.226      0.019     11.988      0.000
    N5                 0.086      0.008     11.089      0.000
    N6                 0.228      0.021     10.700      0.000
    N7                 0.159      0.013     12.117      0.000
    O1                 0.087      0.009     10.023      0.000
    O2                 0.268      0.021     12.627      0.000
    O3                 0.108      0.009     11.492      0.000
    O4                 0.523      0.041     12.662      0.000
    O5                 0.365      0.029     12.452      0.000
    O6                 0.158      0.014     11.251      0.000
    O7                 0.194      0.017     11.156      0.000
    O9                 0.264      0.021     12.361      0.000


STANDARDIZED MODEL RESULTS


STDYX Standardization

                                                    Two-Tailed
                    Estimate       S.E.  Est./S.E.    P-Value

 AGREE    BY
    A1                -0.323      0.102     -3.171      0.002
    A2                 0.627      0.043     14.722      0.000
    A3                 0.754      0.031     24.359      0.000
    A4                 0.033      0.050      0.655      0.513
    A5                 0.041      0.042      0.990      0.322
    A6                -0.205      0.087     -2.347      0.019
    A7                 0.660      0.036     18.396      0.000
    A8                -0.287      0.104     -2.751      0.006
    C1                 0.653      0.041     15.996      0.000
    C2                 0.004      0.033      0.107      0.915
    C3                 0.340      0.100      3.387      0.001
    C4                 0.056      0.107      0.519      0.604
    C5                 0.022      0.041      0.535      0.593
    C6                -0.127      0.070     -1.824      0.068
    C7                 0.127      0.113      1.120      0.263
    C8                 0.046      0.050      0.916      0.360
    C9                 0.109      0.054      1.999      0.046
    E1                -0.113      0.082     -1.370      0.171
    E2                 0.623      0.106      5.903      0.000
    E3                 0.080      0.062      1.280      0.200
    E4                -0.026      0.067     -0.391      0.696
    E5                 0.650      0.065     10.037      0.000
    E6                 0.119      0.095      1.251      0.211
    E7                 0.195      0.129      1.515      0.130
    E8                 0.080      0.092      0.876      0.381
    E9                 0.168      0.072      2.347      0.019
    N1                 0.408      0.055      7.402      0.000
    N2                 0.035      0.035      1.014      0.310
    N3                -0.040      0.034     -1.179      0.238
    N4                 0.335      0.093      3.607      0.000
    N5                 0.035      0.042      0.838      0.402
    N6                -0.257      0.053     -4.859      0.000
    N7                 0.076      0.049      1.559      0.119
    O1                 0.409      0.159      2.576      0.010
    O2                -0.096      0.103     -0.931      0.352
    O3                 0.045      0.123      0.361      0.718
    O4                -0.143      0.098     -1.464      0.143
    O5                -0.160      0.129     -1.243      0.214
    O6                 0.089      0.105      0.847      0.397
    O7                -0.145      0.117     -1.236      0.216
    O9                 0.157      0.083      1.886      0.059

 CONSC    BY
    A1                 0.032      0.036      0.898      0.369
    A2                -0.084      0.103     -0.809      0.418
    A3                 0.168      0.143      1.173      0.241
    A4                 0.152      0.067      2.267      0.023
    A5                 0.062      0.055      1.132      0.258
    A6                -0.031      0.047     -0.653      0.514
    A7                -0.085      0.119     -0.709      0.478
    A8                -0.073      0.053     -1.379      0.168
    C1                 0.334      0.140      2.387      0.017
    C2                -0.261      0.057     -4.558      0.000
    C3                -0.310      0.104     -2.964      0.003
    C4                 0.756      0.060     12.612      0.000
    C5                 0.579      0.061      9.534      0.000
    C6                 0.524      0.060      8.676      0.000
    C7                -0.453      0.068     -6.668      0.000
    C8                 0.272      0.072      3.787      0.000
    C9                 0.374      0.065      5.767      0.000
    E1                 0.005      0.043      0.110      0.912
    E2                -0.404      0.112     -3.605      0.000
    E3                 0.056      0.071      0.792      0.429
    E4                 0.116      0.047      2.452      0.014
    E5                 0.112      0.144      0.779      0.436
    E6                -0.070      0.056     -1.234      0.217
    E7                -0.194      0.080     -2.414      0.016
    E8                 0.004      0.041      0.108      0.914
    E9                 0.034      0.049      0.703      0.482
    N1                 0.055      0.078      0.703      0.482
    N2                -0.114      0.068     -1.679      0.093
    N3                 0.067      0.066      1.028      0.304
    N4                 0.001      0.065      0.020      0.984
    N5                -0.329      0.062     -5.299      0.000
    N6                 0.154      0.056      2.751      0.006
    N7                 0.089      0.068      1.301      0.193
    O1                -0.231      0.125     -1.852      0.064
    O2                 0.013      0.049      0.269      0.788
    O3                -0.031      0.070     -0.449      0.654
    O4                -0.066      0.058     -1.130      0.258
    O5                -0.151      0.058     -2.604      0.009
    O6                 0.104      0.098      1.067      0.286
    O7                 0.052      0.053      0.981      0.327
    O9                 0.149      0.090      1.651      0.099

 EXTRA    BY
    A1                 0.291      0.113      2.580      0.010
    A2                -0.214      0.105     -2.037      0.042
    A3                 0.035      0.059      0.590      0.555
    A4                 0.075      0.062      1.204      0.229
    A5                 0.188      0.060      3.144      0.002
    A6                 0.426      0.081      5.284      0.000
    A7                -0.085      0.088     -0.969      0.333
    A8                 0.265      0.096      2.760      0.006
    C1                 0.059      0.049      1.190      0.234
    C2                -0.218      0.071     -3.081      0.002
    C3                 0.058      0.046      1.243      0.214
    C4                -0.079      0.073     -1.077      0.281
    C5                 0.150      0.089      1.687      0.092
    C6                -0.162      0.103     -1.572      0.116
    C7                 0.008      0.038      0.219      0.826
    C8                 0.107      0.078      1.372      0.170
    C9                 0.094      0.068      1.381      0.167
    E1                -0.729      0.038    -19.288      0.000
    E2                 0.075      0.081      0.932      0.351
    E3                -0.675      0.053    -12.616      0.000
    E4                 0.563      0.068      8.237      0.000
    E5                 0.174      0.054      3.227      0.001
    E6                 0.682      0.040     17.043      0.000
    E7                 0.280      0.057      4.954      0.000
    E8                 0.735      0.046     15.841      0.000
    E9                 0.489      0.054      9.044      0.000
    N1                -0.079      0.067     -1.178      0.239
    N2                -0.507      0.056     -9.036      0.000
    N3                -0.254      0.076     -3.355      0.001
    N4                 0.066      0.050      1.324      0.186
    N5                -0.254      0.064     -4.004      0.000
    N6                 0.068      0.071      0.960      0.337
    N7                 0.003      0.045      0.066      0.947
    O1                -0.022      0.024     -0.941      0.347
    O2                 0.295      0.089      3.330      0.001
    O3                 0.090      0.084      1.078      0.281
    O4                -0.139      0.087     -1.594      0.111
    O5                 0.053      0.079      0.677      0.498
    O6                -0.128      0.094     -1.357      0.175
    O7                 0.076      0.102      0.749      0.454
    O9                -0.092      0.070     -1.299      0.194

 NEURO    BY
    A1                 0.077      0.046      1.671      0.095
    A2                 0.184      0.057      3.244      0.001
    A3                 0.153      0.050      3.050      0.002
    A4                 0.510      0.045     11.242      0.000
    A5                 0.709      0.034     20.664      0.000
    A6                 0.238      0.057      4.147      0.000
    A7                 0.163      0.054      3.031      0.002
    A8                 0.115      0.055      2.097      0.036
    C1                 0.068      0.045      1.514      0.130
    C2                 0.485      0.055      8.869      0.000
    C3                 0.538      0.045     12.059      0.000
    C4                 0.025      0.043      0.581      0.561
    C5                -0.176      0.060     -2.939      0.003
    C6                 0.007      0.028      0.257      0.798
    C7                 0.349      0.056      6.228      0.000
    C8                 0.114      0.056      2.048      0.041
    C9                -0.244      0.058     -4.180      0.000
    E1                 0.025      0.051      0.496      0.620
    E2                -0.033      0.037     -0.909      0.364
    E3                 0.034      0.037      0.925      0.355
    E4                -0.169      0.063     -2.694      0.007
    E5                 0.025      0.032      0.771      0.441
    E6                 0.380      0.056      6.763      0.000
    E7                -0.022      0.041     -0.536      0.592
    E8                 0.145      0.061      2.379      0.017
    E9                -0.271      0.060     -4.480      0.000
    N1                 0.423      0.049      8.655      0.000
    N2                 0.534      0.058      9.130      0.000
    N3                 0.737      0.037     19.694      0.000
    N4                -0.412      0.047     -8.807      0.000
    N5                 0.605      0.054     11.109      0.000
    N6                 0.737      0.034     21.389      0.000
    N7                 0.655      0.036     18.135      0.000
    O1                -0.155      0.048     -3.255      0.001
    O2                 0.008      0.042      0.193      0.847
    O3                -0.089      0.045     -1.988      0.047
    O4                 0.123      0.056      2.212      0.027
    O5                 0.047      0.045      1.063      0.288
    O6                 0.068      0.041      1.663      0.096
    O7                -0.064      0.042     -1.541      0.123
    O9                -0.196      0.048     -4.067      0.000

 OPEN     BY
    A1                 0.541      0.081      6.716      0.000
    A2                -0.265      0.100     -2.658      0.008
    A3                -0.015      0.098     -0.150      0.881
    A4                -0.023      0.056     -0.407      0.684
    A5                -0.093      0.051     -1.816      0.069
    A6                 0.191      0.081      2.352      0.019
    A7                -0.138      0.097     -1.424      0.154
    A8                 0.402      0.078      5.154      0.000
    C1                 0.107      0.140      0.761      0.446
    C2                -0.224      0.094     -2.386      0.017
    C3                 0.104      0.064      1.622      0.105
    C4                 0.160      0.143      1.116      0.264
    C5                 0.322      0.135      2.380      0.017
    C6                 0.448      0.109      4.120      0.000
    C7                 0.112      0.079      1.426      0.154
    C8                 0.282      0.094      2.992      0.003
    C9                 0.202      0.111      1.818      0.069
    E1                 0.008      0.059      0.130      0.896
    E2                 0.042      0.059      0.719      0.472
    E3                 0.446      0.076      5.869      0.000
    E4                 0.294      0.091      3.233      0.001
    E5                 0.279      0.123      2.265      0.023
    E6                -0.005      0.036     -0.125      0.901
    E7                 0.348      0.068      5.139      0.000
    E8                 0.094      0.076      1.230      0.219
    E9                 0.089      0.076      1.179      0.239
    N1                -0.185      0.084     -2.214      0.027
    N2                 0.090      0.068      1.316      0.188
    N3                 0.184      0.055      3.338      0.001
    N4                 0.455      0.085      5.381      0.000
    N5                -0.044      0.072     -0.607      0.544
    N6                 0.020      0.036      0.547      0.584
    N7                -0.041      0.051     -0.803      0.422
    O1                 0.692      0.076      9.092      0.000
    O2                 0.495      0.075      6.586      0.000
    O3                 0.742      0.068     10.957      0.000
    O4                 0.549      0.053     10.434      0.000
    O5                 0.602      0.055     10.888      0.000
    O6                 0.789      0.081      9.730      0.000
    O7                 0.762      0.067     11.445      0.000
    O9                 0.609      0.092      6.632      0.000

 CONSC    WITH
    AGREE             -0.067      0.075     -0.900      0.368

 EXTRA    WITH
    AGREE              0.068      0.051      1.355      0.175
    CONSC              0.092      0.069      1.327      0.184

 NEURO    WITH
    AGREE              0.187      0.049      3.835      0.000
    CONSC             -0.066      0.050     -1.316      0.188
    EXTRA             -0.144      0.055     -2.616      0.009

 OPEN     WITH
    AGREE              0.088      0.061      1.457      0.145
    CONSC              0.281      0.088      3.205      0.001
    EXTRA              0.417      0.060      6.945      0.000
    NEURO             -0.104      0.069     -1.497      0.134

 Intercepts
    A1                -0.009      0.053     -0.174      0.862
    A2                 0.024      0.053      0.454      0.650
    A3                 0.001      0.053      0.018      0.986
    A4                 0.000      0.053     -0.004      0.997
    A5                 0.001      0.053      0.020      0.984
    A6                -0.006      0.053     -0.113      0.910
    A7                 0.005      0.053      0.091      0.928
    A8                -0.004      0.053     -0.084      0.933
    C1                -0.008      0.053     -0.157      0.875
    C2                 0.038      0.053      0.727      0.468
    C3                 0.000      0.053     -0.001      1.000
    C4                -0.001      0.053     -0.013      0.990
    C5                -0.007      0.053     -0.135      0.893
    C6                -0.005      0.053     -0.101      0.920
    C7                 0.007      0.053      0.126      0.900
    C8                 0.004      0.053      0.078      0.938
    C9                -0.001      0.053     -0.016      0.988
    E1                 0.005      0.053      0.094      0.925
    E2                 0.007      0.053      0.136      0.892
    E3                -0.001      0.053     -0.026      0.979
    E4                -0.020      0.053     -0.387      0.698
    E5                 0.000      0.053     -0.005      0.996
    E6                -0.004      0.053     -0.079      0.937
    E7                -0.019      0.053     -0.365      0.715
    E8                -0.005      0.053     -0.104      0.917
    E9                -0.005      0.053     -0.090      0.929
    N1                 0.003      0.053      0.064      0.949
    N2                 0.017      0.053      0.331      0.740
    N3                 0.000      0.053     -0.008      0.994
    N4                 0.001      0.053      0.025      0.980
    N5                 0.006      0.053      0.115      0.909
    N6                 0.010      0.053      0.189      0.850
    N7                 0.002      0.053      0.042      0.967
    O1                 0.004      0.053      0.073      0.942
    O2                -0.042      0.053     -0.798      0.425
    O3                -0.003      0.053     -0.053      0.958
    O4                -0.004      0.053     -0.084      0.933
    O5                -0.004      0.053     -0.081      0.935
    O6                -0.002      0.053     -0.038      0.970
    O7                -0.025      0.053     -0.474      0.636
    O9                -0.011      0.053     -0.207      0.836

 Variances
    AGREE              1.000      0.000    999.000    999.000
    CONSC              1.000      0.000    999.000    999.000
    EXTRA              1.000      0.000    999.000    999.000
    NEURO              1.000      0.000    999.000    999.000
    OPEN               1.000      0.000    999.000    999.000

 Residual Variances
    A1                 0.436      0.038     11.340      0.000
    A2                 0.361      0.035     10.296      0.000
    A3                 0.356      0.037      9.717      0.000
    A4                 0.723      0.045     16.035      0.000
    A5                 0.482      0.043     11.185      0.000
    A6                 0.696      0.045     15.448      0.000
    A7                 0.452      0.040     11.444      0.000
    A8                 0.662      0.044     14.957      0.000
    C1                 0.415      0.040     10.295      0.000
    C2                 0.445      0.038     11.717      0.000
    C3                 0.408      0.038     10.779      0.000
    C4                 0.353      0.041      8.656      0.000
    C5                 0.315      0.033      9.591      0.000
    C6                 0.426      0.040     10.730      0.000
    C7                 0.634      0.045     14.102      0.000
    C8                 0.757      0.042     18.204      0.000
    C9                 0.655      0.043     15.092      0.000
    E1                 0.445      0.041     10.798      0.000
    E2                 0.416      0.040     10.288      0.000
    E3                 0.576      0.048     12.004      0.000
    E4                 0.345      0.033     10.472      0.000
    E5                 0.353      0.035     10.107      0.000
    E6                 0.424      0.042     10.100      0.000
    E7                 0.665      0.044     15.278      0.000
    E8                 0.385      0.039     10.006      0.000
    E9                 0.568      0.043     13.347      0.000
    N1                 0.539      0.042     12.768      0.000
    N2                 0.387      0.037     10.540      0.000
    N3                 0.380      0.038     10.066      0.000
    N4                 0.456      0.039     11.587      0.000
    N5                 0.340      0.034     10.048      0.000
    N6                 0.458      0.044     10.425      0.000
    N7                 0.543      0.043     12.569      0.000
    O1                 0.323      0.035      9.162      0.000
    O2                 0.547      0.041     13.180      0.000
    O3                 0.368      0.035     10.518      0.000
    O4                 0.748      0.044     16.938      0.000
    O5                 0.640      0.045     14.285      0.000
    O6                 0.375      0.036     10.380      0.000
    O7                 0.319      0.032      9.978      0.000
    O9                 0.510      0.041     12.466      0.000


R-SQUARE

    Observed                                        Two-Tailed
    Variable        Estimate       S.E.  Est./S.E.    P-Value

    A1                 0.564      0.038     14.693      0.000
    A2                 0.639      0.035     18.248      0.000
    A3                 0.644      0.037     17.563      0.000
    A4                 0.277      0.045      6.132      0.000
    A5                 0.518      0.043     12.000      0.000
    A6                 0.304      0.045      6.759      0.000
    A7                 0.548      0.040     13.869      0.000
    A8                 0.338      0.044      7.639      0.000
    C1                 0.585      0.040     14.498      0.000
    C2                 0.555      0.038     14.619      0.000
    C3                 0.592      0.038     15.658      0.000
    C4                 0.647      0.041     15.866      0.000
    C5                 0.685      0.033     20.809      0.000
    C6                 0.574      0.040     14.474      0.000
    C7                 0.366      0.045      8.132      0.000
    C8                 0.243      0.042      5.834      0.000
    C9                 0.345      0.043      7.945      0.000
    E1                 0.555      0.041     13.486      0.000
    E2                 0.584      0.040     14.444      0.000
    E3                 0.424      0.048      8.835      0.000
    E4                 0.655      0.033     19.843      0.000
    E5                 0.647      0.035     18.557      0.000
    E6                 0.576      0.042     13.746      0.000
    E7                 0.335      0.044      7.687      0.000
    E8                 0.615      0.039     15.954      0.000
    E9                 0.432      0.043     10.136      0.000
    N1                 0.461      0.042     10.923      0.000
    N2                 0.613      0.037     16.676      0.000
    N3                 0.620      0.038     16.438      0.000
    N4                 0.544      0.039     13.836      0.000
    N5                 0.660      0.034     19.505      0.000
    N6                 0.542      0.044     12.337      0.000
    N7                 0.457      0.043     10.558      0.000
    O1                 0.677      0.035     19.173      0.000
    O2                 0.453      0.041     10.937      0.000
    O3                 0.632      0.035     18.099      0.000
    O4                 0.252      0.044      5.696      0.000
    O5                 0.360      0.045      8.045      0.000
    O6                 0.625      0.036     17.279      0.000
    O7                 0.681      0.032     21.339      0.000
    O9                 0.490      0.041     11.980      0.000


QUALITY OF NUMERICAL RESULTS

     Condition Number for the Information Matrix              0.728E-03
       (ratio of smallest to largest eigenvalue)


MODEL MODIFICATION INDICES

NOTE:  Modification indices for direct effects of observed dependent variables
regressed on covariates may not be included.  To include these, request
MODINDICES (ALL).

Minimum M.I. value for printing the modification index     4.000

                                   M.I.     E.P.C.  Std E.P.C.  StdYX E.P.C.

BY Statements

NEURO    BY A1                   999.000     0.000      0.000        0.000
NEURO    BY A2                   999.000     0.000      0.000        0.000

WITH Statements

A4       WITH A1                   5.555     0.018      0.018        0.135
A4       WITH A3                  19.200     0.034      0.034        0.265
A5       WITH A2                   8.503     0.019      0.019        0.179
A5       WITH A4                  24.030    -0.032     -0.032       -0.287
A6       WITH A1                  12.100     0.046      0.046        0.201
A6       WITH A3                   6.069     0.034      0.034        0.149
A6       WITH A4                  34.716     0.065      0.065        0.328
A7       WITH A4                   4.184     0.015      0.015        0.117
A7       WITH A5                  10.588    -0.025     -0.025       -0.195
A8       WITH A1                   5.850     0.020      0.020        0.140
A8       WITH A2                   6.365    -0.017     -0.017       -0.149
A8       WITH A4                   4.569     0.015      0.015        0.119
C1       WITH A3                  11.185     0.046      0.046        0.231
C1       WITH A8                   8.622     0.033      0.033        0.175
C2       WITH A2                  12.391     0.036      0.036        0.209
C2       WITH A4                   4.770     0.022      0.022        0.123
C2       WITH A6                   4.090     0.037      0.037        0.114
C3       WITH A3                   4.360    -0.014     -0.014       -0.132
C3       WITH C1                  16.141    -0.036     -0.036       -0.248
C3       WITH C2                   5.607    -0.021     -0.021       -0.140
C4       WITH C1                   7.594    -0.044     -0.044       -0.197
C4       WITH C2                   4.927     0.034      0.034        0.145
C5       WITH A3                  13.117    -0.034     -0.034       -0.238
C5       WITH C2                  22.140    -0.059     -0.059       -0.289
C5       WITH C3                   4.692     0.014      0.014        0.137
C6       WITH A7                   4.910    -0.011     -0.011       -0.134
C6       WITH C2                   8.597     0.020      0.020        0.174
C6       WITH C3                   5.875    -0.009     -0.009       -0.149
C6       WITH C4                  12.321     0.023      0.023        0.258
C7       WITH A5                   9.888    -0.032     -0.032       -0.185
C7       WITH A8                   5.524     0.025      0.025        0.132
C8       WITH A5                   9.702    -0.031     -0.031       -0.178
C8       WITH A8                   5.817    -0.025     -0.025       -0.132
C8       WITH C3                  10.686     0.026      0.026        0.187
C8       WITH C5                   7.250     0.031      0.031        0.160
C8       WITH C7                   8.096     0.042      0.042        0.158
C9       WITH A8                   4.252     0.013      0.013        0.114
E1       WITH A6                   6.397     0.031      0.031        0.150
E1       WITH C3                   6.089     0.015      0.015        0.151
E2       WITH A5                   8.737    -0.028     -0.028       -0.183
E2       WITH C2                   6.376    -0.037     -0.037       -0.152
E2       WITH C3                  33.010     0.044      0.044        0.361
E2       WITH C5                   7.835     0.031      0.031        0.183
E2       WITH C6                   8.855    -0.018     -0.018       -0.191
E3       WITH A4                   4.253    -0.021     -0.021       -0.120
E3       WITH A5                   4.971     0.024      0.024        0.136
E3       WITH C2                   4.244    -0.034     -0.034       -0.122
E3       WITH E1                   8.263     0.034      0.034        0.183
E4       WITH C3                   9.740     0.021      0.021        0.188
E4       WITH C9                   5.533     0.017      0.017        0.135
E4       WITH E1                  21.773     0.041      0.041        0.292
E4       WITH E3                   7.539     0.035      0.035        0.168
E5       WITH A2                  11.203    -0.021     -0.021       -0.213
E5       WITH A4                  10.874    -0.020     -0.020       -0.194
E5       WITH A8                   4.110     0.013      0.013        0.119
E5       WITH C1                  53.714     0.077      0.077        0.481
E5       WITH C2                   4.599     0.021      0.021        0.128
E5       WITH C3                   7.985    -0.015     -0.015       -0.174
E5       WITH C5                   6.774    -0.019     -0.019       -0.166
E5       WITH E1                   5.204    -0.015     -0.015       -0.142
E5       WITH E2                   8.282    -0.025     -0.025       -0.185
E5       WITH E4                  13.746    -0.028     -0.028       -0.227
E6       WITH A1                  14.166    -0.044     -0.044       -0.234
E6       WITH A4                  13.169    -0.035     -0.035       -0.218
E6       WITH A5                   9.445     0.032      0.032        0.197
E6       WITH A6                   4.448    -0.037     -0.037       -0.129
E6       WITH E1                  12.447    -0.040     -0.040       -0.235
E6       WITH E2                  11.720    -0.047     -0.047       -0.220
E6       WITH E5                  13.147     0.034      0.034        0.231
E7       WITH C1                  20.117    -0.075     -0.075       -0.264
E7       WITH C4                  12.065     0.051      0.051        0.223
E8       WITH A3                   4.386     0.020      0.020        0.136
E8       WITH C4                   4.220     0.023      0.023        0.142
E8       WITH C6                   8.625     0.015      0.015        0.186
E8       WITH E1                  11.029    -0.030     -0.030       -0.222
E8       WITH E3                   5.929    -0.032     -0.032       -0.159
E9       WITH A1                   6.658    -0.030     -0.030       -0.149
E9       WITH A3                   6.144    -0.029     -0.029       -0.151
E9       WITH A8                   6.138     0.026      0.026        0.139
E9       WITH C5                   6.620     0.030      0.030        0.155
E9       WITH C9                   9.867     0.028      0.028        0.175
E9       WITH E2                   7.260     0.037      0.037        0.161
E9       WITH E5                   9.148    -0.028     -0.028       -0.180
E9       WITH E6                   4.903     0.033      0.033        0.135
E9       WITH E8                   6.780    -0.031     -0.031       -0.159
N1       WITH A2                  13.578     0.036      0.036        0.221
N1       WITH A3                   9.752    -0.038     -0.038       -0.194
N1       WITH A4                  30.329    -0.054     -0.054       -0.309
N1       WITH A5                  30.295     0.056      0.056        0.325
N1       WITH A6                  19.407    -0.076     -0.076       -0.248
N1       WITH A8                   4.484    -0.022     -0.022       -0.119
N1       WITH C2                   4.856    -0.035     -0.035       -0.125
N1       WITH E3                   4.743     0.034      0.034        0.128
N2       WITH A5                   4.448    -0.017     -0.017       -0.129
N2       WITH E4                  14.573    -0.036     -0.036       -0.236
N3       WITH A2                   9.795    -0.025     -0.025       -0.198
N3       WITH A5                   5.156    -0.020     -0.020       -0.146
N3       WITH C2                   9.781    -0.042     -0.042       -0.191
N3       WITH C3                  13.493     0.025      0.025        0.232
N3       WITH C5                   4.681     0.021      0.021        0.140
N3       WITH C8                   5.528     0.029      0.029        0.139
N3       WITH E2                   6.263     0.029      0.029        0.161
N3       WITH E3                   9.598    -0.041     -0.041       -0.196
N3       WITH E4                   6.631    -0.026     -0.026       -0.160
N3       WITH E7                   5.935    -0.031     -0.031       -0.145
N3       WITH N2                   8.794     0.030      0.030        0.194
N4       WITH A4                   8.811     0.027      0.027        0.169
N4       WITH A8                   7.028     0.026      0.026        0.151
N4       WITH C1                   6.090    -0.038     -0.038       -0.150
N4       WITH C3                   5.246     0.018      0.018        0.136
N4       WITH C5                   5.017    -0.025     -0.025       -0.138
N4       WITH C8                   5.188     0.031      0.031        0.128
N4       WITH E2                   6.348     0.033      0.033        0.155
N4       WITH E6                   4.884    -0.031     -0.031       -0.136
N4       WITH E7                   4.984    -0.033     -0.033       -0.127
N4       WITH N1                   4.578    -0.030     -0.030       -0.123
N5       WITH A2                   5.807     0.014      0.014        0.150
N5       WITH A4                   9.121     0.017      0.017        0.178
N5       WITH A6                   9.186     0.031      0.031        0.178
N5       WITH C2                  59.720     0.074      0.074        0.469
N5       WITH C3                   5.733    -0.012     -0.012       -0.150
N5       WITH C6                   8.597     0.011      0.011        0.182
N5       WITH E1                   4.080    -0.013     -0.013       -0.126
N5       WITH E8                   4.015     0.014      0.014        0.127
N6       WITH A2                   9.442    -0.030     -0.030       -0.193
N6       WITH A3                  15.001    -0.045     -0.045       -0.250
N6       WITH A4                   6.526    -0.025     -0.025       -0.154
N6       WITH A5                  28.726     0.055      0.055        0.345
N6       WITH A6                  17.913    -0.072     -0.072       -0.253
N6       WITH C2                   4.081    -0.032     -0.032       -0.122
N6       WITH C3                   5.759     0.019      0.019        0.149
N6       WITH C6                  32.923    -0.036     -0.036       -0.361
N6       WITH E3                  22.600     0.074      0.074        0.296
N6       WITH E4                   9.233     0.036      0.036        0.187
N6       WITH E8                   9.634    -0.036     -0.036       -0.200
N6       WITH N1                  13.476     0.054      0.054        0.221
N6       WITH N4                   4.443    -0.030     -0.030       -0.131
N6       WITH N5                   8.873    -0.027     -0.027       -0.190
N7       WITH A3                  10.082     0.030      0.030        0.196
N7       WITH A4                  27.741     0.040      0.040        0.300
N7       WITH A6                   9.306     0.041      0.041        0.173
N7       WITH A7                   4.483     0.019      0.019        0.124
N7       WITH C3                   4.970     0.014      0.014        0.133
N7       WITH E5                  10.999    -0.024     -0.024       -0.199
N7       WITH E6                   4.534    -0.025     -0.025       -0.131
N7       WITH N1                   7.321    -0.032     -0.032       -0.156
N7       WITH N4                   8.631     0.033      0.033        0.172
O1       WITH A3                   4.394    -0.016     -0.016       -0.142
O1       WITH A4                   5.865    -0.015     -0.015       -0.150
O1       WITH A6                   7.408    -0.029     -0.029       -0.168
O1       WITH C7                  12.865    -0.034     -0.034       -0.226
O1       WITH E7                   5.439     0.023      0.023        0.145
O1       WITH E9                   8.062     0.027      0.027        0.176
O1       WITH N7                   4.186    -0.015     -0.015       -0.129
O2       WITH A2                   7.857    -0.027     -0.027       -0.165
O2       WITH A8                   6.917    -0.028     -0.028       -0.147
O2       WITH C2                  12.608    -0.056     -0.056       -0.200
O2       WITH C3                   7.275     0.022      0.022        0.156
O2       WITH C5                   8.678     0.034      0.034        0.177
O2       WITH C9                   8.808    -0.027     -0.027       -0.164
O2       WITH E1                   8.344     0.031      0.031        0.170
O2       WITH E2                  21.212     0.064      0.064        0.273
O2       WITH E5                   4.244    -0.019     -0.019       -0.121
O2       WITH E8                   5.617     0.028      0.028        0.143
O2       WITH E9                   4.034    -0.030     -0.030       -0.112
O2       WITH N5                  11.057    -0.030     -0.030       -0.195
O2       WITH N7                   8.525     0.034      0.034        0.165
O3       WITH A1                  18.636     0.033      0.033        0.261
O3       WITH A7                   4.341    -0.016     -0.016       -0.125
O3       WITH C2                   9.099     0.032      0.032        0.177
O3       WITH C3                   7.513    -0.015     -0.015       -0.166
O3       WITH C5                   7.963    -0.022     -0.022       -0.176
O3       WITH C9                   4.036     0.012      0.012        0.116
O3       WITH E2                  10.994    -0.030     -0.030       -0.205
O3       WITH E3                   5.472    -0.025     -0.025       -0.143
O3       WITH E4                   4.891    -0.018     -0.018       -0.133
O3       WITH E5                   8.185     0.018      0.018        0.176
O3       WITH N5                   6.490     0.015      0.015        0.156
O3       WITH N6                   5.877    -0.024     -0.024       -0.150
O3       WITH O2                  24.565    -0.049     -0.049       -0.289
O4       WITH A2                  10.680     0.044      0.044        0.192
O4       WITH A5                   4.102     0.028      0.028        0.117
O4       WITH C3                   8.882    -0.034     -0.034       -0.172
O4       WITH C8                  12.446    -0.072     -0.072       -0.193
O4       WITH C9                  18.606     0.054      0.054        0.238
O4       WITH E2                   7.797    -0.054     -0.054       -0.165
O4       WITH E6                  11.516     0.070      0.070        0.203
O4       WITH N3                   5.881    -0.042     -0.042       -0.145
O4       WITH N4                   7.995    -0.055     -0.055       -0.161
O5       WITH A2                   5.197     0.026      0.026        0.135
O5       WITH C3                   9.548    -0.030     -0.030       -0.181
O5       WITH E8                   5.609     0.033      0.033        0.143
O5       WITH N7                   4.615    -0.030     -0.030       -0.123
O5       WITH O4                  32.092     0.139      0.139        0.318
O6       WITH C9                  13.110    -0.026     -0.026       -0.212
O6       WITH E5                   7.070     0.020      0.020        0.166
O6       WITH E9                   4.528    -0.026     -0.026       -0.126
O6       WITH N2                   8.591    -0.028     -0.028       -0.183
O6       WITH N5                   7.300    -0.020     -0.020       -0.168
O7       WITH A2                   5.619     0.021      0.021        0.149
O7       WITH A8                  10.644    -0.031     -0.031       -0.194
O7       WITH C9                  10.831    -0.027     -0.027       -0.193
O7       WITH E4                   4.875     0.024      0.024        0.136
O7       WITH O2                  14.792     0.052      0.052        0.229
O7       WITH O3                   7.017    -0.024     -0.024       -0.169
O7       WITH O6                  15.230     0.044      0.044        0.253
O9       WITH A6                   7.179     0.046      0.046        0.151
O9       WITH C7                   4.715    -0.033     -0.033       -0.123
O9       WITH C8                   6.089    -0.036     -0.036       -0.137
O9       WITH C9                  21.533     0.042      0.042        0.260
O9       WITH N4                   5.728     0.034      0.034        0.139
O9       WITH N5                  10.611     0.029      0.029        0.194
O9       WITH O2                  11.234    -0.050     -0.050       -0.189
O9       WITH O4                   9.781     0.065      0.065        0.176


DIAGRAM INFORMATION

  Use View Diagram under the Diagram menu in the Mplus Editor to view the diagram.
  If running Mplus from the Mplus Diagrammer, the diagram opens automatically.

  Diagram output
    f:\ipip paper\sample_usa\cfa\gesamtmodell\esem\esem_all facets on all domains without o8.dgm

     Beginning Time:  14:15:44
        Ending Time:  14:15:47
       Elapsed Time:  00:00:03



MUTHEN & MUTHEN
3463 Stoner Ave.
Los Angeles, CA  90066

Tel: (310) 391-9971
Fax: (310) 391-8971
Web: www.StatModel.com
Support: Support@StatModel.com

Copyright (c) 1998-2013 Muthen & Muthen
