Mplus VERSION 7.1
MUTHEN & MUTHEN
06/10/2015   4:33 PM

INPUT INSTRUCTIONS

  TITLE:

  DATA:
  FILE IS  "factorscores_CFA.txt";
  Variable:
  Names are
  VPN
  A1
  A2
  A3
  A4
  A5
  A6
  A7
  A8
  C1
  C2
  C3
  C4
  C5
  C6
  C7
  C8
  C9
  E1
  E2
  E3
  E4
  E5
  E6
  E7
  E8
  E9
  N1
  N2
  N3
  N4
  N5
  N6
  N7
  O1
  O2
  O3
  O4
  O5
  O6
  O7
  O8
  O9
  ;

  USEVARIABLES ARE
  A1
  A2
  A3
  A6
  A7
  A8
  C1
  C2
  C3
  C4
  C5
  C6
  C7
  C8
  C9
  E1
  E3
  E4
  E5
  E6
  E7
  E8
  E9
  N1
  N2
  N3
  N4
  N5
  N6
  N7
  O1
  O2
  O3
  O4
  O5
  O6
  O7
  O9
  ;

  MISSING ARE ALL (-99);

  Model:

  agree consc extra neuro open by
  A1
  A2
  A3
  A6
  A7
  A8
  C1
  C2
  C3
  C4
  C5
  C6
  C7
  C8
  C9
  E1
  E3
  E4
  E5
  E6
  E7
  E8
  E9
  N1
  N2
  N3
  N4
  N5
  N6
  N7
  O1
  O2
  O3
  O4
  O5
  O6
  O7
  O9
  (*1);

  N5 with C2;
  E5 with C1;
  C6 with C4;

  !SE by
  !agree
  !consc
  !extra
  !neuro
  !open;

  Analysis:
  ESTIMATOR IS ML;
  iterations = 10000;

  OUTPUT: STDYX MODINDICES(4);



INPUT READING TERMINATED NORMALLY




SUMMARY OF ANALYSIS

Number of groups                                                 1
Number of observations                                         361

Number of dependent variables                                   38
Number of independent variables                                  0
Number of continuous latent variables                            5

Observed dependent variables

  Continuous
   A1          A2          A3          A6          A7          A8
   C1          C2          C3          C4          C5          C6
   C7          C8          C9          E1          E3          E4
   E5          E6          E7          E8          E9          N1
   N2          N3          N4          N5          N6          N7
   O1          O2          O3          O4          O5          O6
   O7          O9

Continuous latent variables

  EFA factors
  *1:   AGREE       CONSC       EXTRA       NEURO       OPEN


Estimator                                                       ML
Rotation                                                    GEOMIN
Row standardization                                    CORRELATION
Type of rotation                                           OBLIQUE
Epsilon value                                               Varies
Information matrix                                        OBSERVED
Maximum number of iterations                                 10000
Convergence criterion                                    0.500D-04
Maximum number of steepest descent iterations                   20
Maximum number of iterations for H1                           2000
Convergence criterion for H1                             0.100D-03
Optimization Specifications for the Exploratory Factor Analysis
Rotation Algorithm
  Number of random starts                                       30
  Maximum number of iterations                               10000
  Derivative convergence criterion                       0.100D-04

Input data file(s)
  factorscores_CFA.txt

Input data format  FREE


SUMMARY OF DATA

     Number of missing data patterns             1


COVARIANCE COVERAGE OF DATA

Minimum covariance coverage value   0.100


     PROPORTION OF DATA PRESENT


           Covariance Coverage
              A1            A2            A3            A6            A7
              ________      ________      ________      ________      ________
 A1             1.000
 A2             1.000         1.000
 A3             1.000         1.000         1.000
 A6             1.000         1.000         1.000         1.000
 A7             1.000         1.000         1.000         1.000         1.000
 A8             1.000         1.000         1.000         1.000         1.000
 C1             1.000         1.000         1.000         1.000         1.000
 C2             1.000         1.000         1.000         1.000         1.000
 C3             1.000         1.000         1.000         1.000         1.000
 C4             1.000         1.000         1.000         1.000         1.000
 C5             1.000         1.000         1.000         1.000         1.000
 C6             1.000         1.000         1.000         1.000         1.000
 C7             1.000         1.000         1.000         1.000         1.000
 C8             1.000         1.000         1.000         1.000         1.000
 C9             1.000         1.000         1.000         1.000         1.000
 E1             1.000         1.000         1.000         1.000         1.000
 E3             1.000         1.000         1.000         1.000         1.000
 E4             1.000         1.000         1.000         1.000         1.000
 E5             1.000         1.000         1.000         1.000         1.000
 E6             1.000         1.000         1.000         1.000         1.000
 E7             1.000         1.000         1.000         1.000         1.000
 E8             1.000         1.000         1.000         1.000         1.000
 E9             1.000         1.000         1.000         1.000         1.000
 N1             1.000         1.000         1.000         1.000         1.000
 N2             1.000         1.000         1.000         1.000         1.000
 N3             1.000         1.000         1.000         1.000         1.000
 N4             1.000         1.000         1.000         1.000         1.000
 N5             1.000         1.000         1.000         1.000         1.000
 N6             1.000         1.000         1.000         1.000         1.000
 N7             1.000         1.000         1.000         1.000         1.000
 O1             1.000         1.000         1.000         1.000         1.000
 O2             1.000         1.000         1.000         1.000         1.000
 O3             1.000         1.000         1.000         1.000         1.000
 O4             1.000         1.000         1.000         1.000         1.000
 O5             1.000         1.000         1.000         1.000         1.000
 O6             1.000         1.000         1.000         1.000         1.000
 O7             1.000         1.000         1.000         1.000         1.000
 O9             1.000         1.000         1.000         1.000         1.000


           Covariance Coverage
              A8            C1            C2            C3            C4
              ________      ________      ________      ________      ________
 A8             1.000
 C1             1.000         1.000
 C2             1.000         1.000         1.000
 C3             1.000         1.000         1.000         1.000
 C4             1.000         1.000         1.000         1.000         1.000
 C5             1.000         1.000         1.000         1.000         1.000
 C6             1.000         1.000         1.000         1.000         1.000
 C7             1.000         1.000         1.000         1.000         1.000
 C8             1.000         1.000         1.000         1.000         1.000
 C9             1.000         1.000         1.000         1.000         1.000
 E1             1.000         1.000         1.000         1.000         1.000
 E3             1.000         1.000         1.000         1.000         1.000
 E4             1.000         1.000         1.000         1.000         1.000
 E5             1.000         1.000         1.000         1.000         1.000
 E6             1.000         1.000         1.000         1.000         1.000
 E7             1.000         1.000         1.000         1.000         1.000
 E8             1.000         1.000         1.000         1.000         1.000
 E9             1.000         1.000         1.000         1.000         1.000
 N1             1.000         1.000         1.000         1.000         1.000
 N2             1.000         1.000         1.000         1.000         1.000
 N3             1.000         1.000         1.000         1.000         1.000
 N4             1.000         1.000         1.000         1.000         1.000
 N5             1.000         1.000         1.000         1.000         1.000
 N6             1.000         1.000         1.000         1.000         1.000
 N7             1.000         1.000         1.000         1.000         1.000
 O1             1.000         1.000         1.000         1.000         1.000
 O2             1.000         1.000         1.000         1.000         1.000
 O3             1.000         1.000         1.000         1.000         1.000
 O4             1.000         1.000         1.000         1.000         1.000
 O5             1.000         1.000         1.000         1.000         1.000
 O6             1.000         1.000         1.000         1.000         1.000
 O7             1.000         1.000         1.000         1.000         1.000
 O9             1.000         1.000         1.000         1.000         1.000


           Covariance Coverage
              C5            C6            C7            C8            C9
              ________      ________      ________      ________      ________
 C5             1.000
 C6             1.000         1.000
 C7             1.000         1.000         1.000
 C8             1.000         1.000         1.000         1.000
 C9             1.000         1.000         1.000         1.000         1.000
 E1             1.000         1.000         1.000         1.000         1.000
 E3             1.000         1.000         1.000         1.000         1.000
 E4             1.000         1.000         1.000         1.000         1.000
 E5             1.000         1.000         1.000         1.000         1.000
 E6             1.000         1.000         1.000         1.000         1.000
 E7             1.000         1.000         1.000         1.000         1.000
 E8             1.000         1.000         1.000         1.000         1.000
 E9             1.000         1.000         1.000         1.000         1.000
 N1             1.000         1.000         1.000         1.000         1.000
 N2             1.000         1.000         1.000         1.000         1.000
 N3             1.000         1.000         1.000         1.000         1.000
 N4             1.000         1.000         1.000         1.000         1.000
 N5             1.000         1.000         1.000         1.000         1.000
 N6             1.000         1.000         1.000         1.000         1.000
 N7             1.000         1.000         1.000         1.000         1.000
 O1             1.000         1.000         1.000         1.000         1.000
 O2             1.000         1.000         1.000         1.000         1.000
 O3             1.000         1.000         1.000         1.000         1.000
 O4             1.000         1.000         1.000         1.000         1.000
 O5             1.000         1.000         1.000         1.000         1.000
 O6             1.000         1.000         1.000         1.000         1.000
 O7             1.000         1.000         1.000         1.000         1.000
 O9             1.000         1.000         1.000         1.000         1.000


           Covariance Coverage
              E1            E3            E4            E5            E6
              ________      ________      ________      ________      ________
 E1             1.000
 E3             1.000         1.000
 E4             1.000         1.000         1.000
 E5             1.000         1.000         1.000         1.000
 E6             1.000         1.000         1.000         1.000         1.000
 E7             1.000         1.000         1.000         1.000         1.000
 E8             1.000         1.000         1.000         1.000         1.000
 E9             1.000         1.000         1.000         1.000         1.000
 N1             1.000         1.000         1.000         1.000         1.000
 N2             1.000         1.000         1.000         1.000         1.000
 N3             1.000         1.000         1.000         1.000         1.000
 N4             1.000         1.000         1.000         1.000         1.000
 N5             1.000         1.000         1.000         1.000         1.000
 N6             1.000         1.000         1.000         1.000         1.000
 N7             1.000         1.000         1.000         1.000         1.000
 O1             1.000         1.000         1.000         1.000         1.000
 O2             1.000         1.000         1.000         1.000         1.000
 O3             1.000         1.000         1.000         1.000         1.000
 O4             1.000         1.000         1.000         1.000         1.000
 O5             1.000         1.000         1.000         1.000         1.000
 O6             1.000         1.000         1.000         1.000         1.000
 O7             1.000         1.000         1.000         1.000         1.000
 O9             1.000         1.000         1.000         1.000         1.000


           Covariance Coverage
              E7            E8            E9            N1            N2
              ________      ________      ________      ________      ________
 E7             1.000
 E8             1.000         1.000
 E9             1.000         1.000         1.000
 N1             1.000         1.000         1.000         1.000
 N2             1.000         1.000         1.000         1.000         1.000
 N3             1.000         1.000         1.000         1.000         1.000
 N4             1.000         1.000         1.000         1.000         1.000
 N5             1.000         1.000         1.000         1.000         1.000
 N6             1.000         1.000         1.000         1.000         1.000
 N7             1.000         1.000         1.000         1.000         1.000
 O1             1.000         1.000         1.000         1.000         1.000
 O2             1.000         1.000         1.000         1.000         1.000
 O3             1.000         1.000         1.000         1.000         1.000
 O4             1.000         1.000         1.000         1.000         1.000
 O5             1.000         1.000         1.000         1.000         1.000
 O6             1.000         1.000         1.000         1.000         1.000
 O7             1.000         1.000         1.000         1.000         1.000
 O9             1.000         1.000         1.000         1.000         1.000


           Covariance Coverage
              N3            N4            N5            N6            N7
              ________      ________      ________      ________      ________
 N3             1.000
 N4             1.000         1.000
 N5             1.000         1.000         1.000
 N6             1.000         1.000         1.000         1.000
 N7             1.000         1.000         1.000         1.000         1.000
 O1             1.000         1.000         1.000         1.000         1.000
 O2             1.000         1.000         1.000         1.000         1.000
 O3             1.000         1.000         1.000         1.000         1.000
 O4             1.000         1.000         1.000         1.000         1.000
 O5             1.000         1.000         1.000         1.000         1.000
 O6             1.000         1.000         1.000         1.000         1.000
 O7             1.000         1.000         1.000         1.000         1.000
 O9             1.000         1.000         1.000         1.000         1.000


           Covariance Coverage
              O1            O2            O3            O4            O5
              ________      ________      ________      ________      ________
 O1             1.000
 O2             1.000         1.000
 O3             1.000         1.000         1.000
 O4             1.000         1.000         1.000         1.000
 O5             1.000         1.000         1.000         1.000         1.000
 O6             1.000         1.000         1.000         1.000         1.000
 O7             1.000         1.000         1.000         1.000         1.000
 O9             1.000         1.000         1.000         1.000         1.000


           Covariance Coverage
              O6            O7            O9
              ________      ________      ________
 O6             1.000
 O7             1.000         1.000
 O9             1.000         1.000         1.000



THE MODEL ESTIMATION TERMINATED NORMALLY



MODEL FIT INFORMATION

Number of Free Parameters                      259

Loglikelihood

          H0 Value                       -9404.569
          H1 Value                       -8720.674

Information Criteria

          Akaike (AIC)                   19327.138
          Bayesian (BIC)                 20334.357
          Sample-Size Adjusted BIC       19512.672
            (n* = (n + 2) / 24)

Chi-Square Test of Model Fit

          Value                           1367.789
          Degrees of Freedom                   520
          P-Value                           0.0000

RMSEA (Root Mean Square Error Of Approximation)

          Estimate                           0.067
          90 Percent C.I.                    0.063  0.072
          Probability RMSEA <= .05           0.000

CFI/TLI

          CFI                                0.887
          TLI                                0.848

Chi-Square Test of Model Fit for the Baseline Model

          Value                           8232.327
          Degrees of Freedom                   703
          P-Value                           0.0000

SRMR (Standardized Root Mean Square Residual)

          Value                              0.035



MODEL RESULTS

                                                    Two-Tailed
                    Estimate       S.E.  Est./S.E.    P-Value

 AGREE    BY
    A1                -0.231      0.047     -4.859      0.000
    A2                 0.352      0.025     13.813      0.000
    A3                 0.476      0.036     13.245      0.000
    A6                -0.163      0.046     -3.535      0.000
    A7                 0.371      0.030     12.279      0.000
    A8                -0.164      0.036     -4.562      0.000
    C1                 0.513      0.046     11.155      0.000
    C2                 0.033      0.035      0.956      0.339
    C3                 0.123      0.030      4.130      0.000
    C4                 0.134      0.076      1.775      0.076
    C5                 0.050      0.040      1.271      0.204
    C6                -0.028      0.018     -1.554      0.120
    C7                 0.018      0.044      0.418      0.676
    C8                 0.038      0.033      1.157      0.247
    C9                 0.050      0.021      2.356      0.018
    E1                -0.040      0.031     -1.304      0.192
    E3                 0.041      0.038      1.070      0.285
    E4                -0.048      0.043     -1.113      0.266
    E5                 0.285      0.051      5.554      0.000
    E6                 0.080      0.045      1.780      0.075
    E7                 0.068      0.081      0.834      0.404
    E8                 0.029      0.034      0.842      0.400
    E9                 0.083      0.049      1.714      0.086
    N1                 0.325      0.048      6.817      0.000
    N2                 0.036      0.025      1.443      0.149
    N3                 0.002      0.036      0.069      0.945
    N4                 0.151      0.095      1.583      0.114
    N5                 0.018      0.015      1.149      0.250
    N6                -0.114      0.085     -1.341      0.180
    N7                 0.079      0.045      1.745      0.081
    O1                 0.122      0.096      1.275      0.202
    O2                -0.126      0.057     -2.201      0.028
    O3                -0.045      0.079     -0.577      0.564
    O4                -0.166      0.081     -2.052      0.040
    O5                -0.202      0.088     -2.301      0.021
    O6                -0.004      0.063     -0.071      0.944
    O7                -0.187      0.087     -2.135      0.033
    O9                 0.057      0.073      0.788      0.431

 CONSC    BY
    A1                 0.069      0.043      1.602      0.109
    A2                -0.117      0.051     -2.285      0.022
    A3                 0.036      0.051      0.702      0.483
    A6                 0.005      0.036      0.137      0.891
    A7                -0.096      0.050     -1.915      0.055
    A8                -0.008      0.022     -0.358      0.720
    C1                 0.229      0.055      4.134      0.000
    C2                -0.293      0.072     -4.098      0.000
    C3                -0.137      0.044     -3.082      0.002
    C4                 0.568      0.039     14.499      0.000
    C5                 0.482      0.046     10.411      0.000
    C6                 0.167      0.023      7.326      0.000
    C7                -0.319      0.054     -5.869      0.000
    C8                 0.208      0.040      5.154      0.000
    C9                 0.168      0.027      6.229      0.000
    E1                -0.002      0.024     -0.080      0.936
    E3                 0.042      0.039      1.079      0.281
    E4                 0.147      0.048      3.093      0.002
    E5                 0.014      0.027      0.507      0.612
    E6                -0.058      0.046     -1.268      0.205
    E7                -0.131      0.042     -3.103      0.002
    E8                 0.010      0.025      0.386      0.699
    E9                 0.065      0.047      1.392      0.164
    N1                -0.005      0.044     -0.119      0.905
    N2                -0.100      0.061     -1.639      0.101
    N3                 0.054      0.067      0.810      0.418
    N4                 0.010      0.027      0.369      0.712
    N5                -0.207      0.051     -4.105      0.000
    N6                 0.156      0.064      2.455      0.014
    N7                 0.036      0.046      0.774      0.439
    O1                -0.114      0.033     -3.407      0.001
    O2                 0.095      0.050      1.901      0.057
    O3                -0.008      0.025     -0.328      0.743
    O4                -0.035      0.047     -0.753      0.452
    O5                -0.077      0.051     -1.519      0.129
    O6                 0.089      0.046      1.955      0.051
    O7                 0.115      0.055      2.091      0.037
    O9                 0.138      0.045      3.048      0.002

 EXTRA    BY
    A1                 0.142      0.040      3.565      0.000
    A2                -0.087      0.034     -2.553      0.011
    A3                 0.040      0.030      1.338      0.181
    A6                 0.282      0.048      5.856      0.000
    A7                -0.014      0.022     -0.660      0.509
    A8                 0.104      0.030      3.453      0.001
    C1                 0.055      0.040      1.356      0.175
    C2                -0.149      0.056     -2.665      0.008
    C3                 0.041      0.025      1.605      0.108
    C4                -0.077      0.049     -1.567      0.117
    C5                 0.073      0.048      1.501      0.133
    C6                -0.067      0.022     -3.053      0.002
    C7                 0.031      0.032      0.964      0.335
    C8                 0.058      0.040      1.470      0.141
    C9                 0.027      0.023      1.159      0.246
    E1                -0.395      0.028    -14.202      0.000
    E3                -0.481      0.041    -11.806      0.000
    E4                 0.367      0.041      8.918      0.000
    E5                 0.098      0.026      3.806      0.000
    E6                 0.510      0.038     13.312      0.000
    E7                 0.196      0.038      5.126      0.000
    E8                 0.454      0.035     13.122      0.000
    E9                 0.340      0.041      8.219      0.000
    N1                -0.040      0.036     -1.108      0.268
    N2                -0.305      0.039     -7.851      0.000
    N3                -0.173      0.043     -4.009      0.000
    N4                 0.047      0.034      1.381      0.167
    N5                -0.113      0.035     -3.276      0.001
    N6                 0.022      0.027      0.827      0.408
    N7                -0.002      0.026     -0.076      0.939
    O1                -0.006      0.013     -0.462      0.644
    O2                 0.187      0.045      4.111      0.000
    O3                 0.032      0.027      1.188      0.235
    O4                -0.152      0.053     -2.841      0.004
    O5                 0.018      0.036      0.488      0.625
    O6                -0.110      0.038     -2.875      0.004
    O7                 0.022      0.035      0.620      0.535
    O9                -0.088      0.041     -2.169      0.030

 NEURO    BY
    A1                 0.267      0.076      3.509      0.000
    A2                -0.059      0.095     -0.620      0.535
    A3                 0.075      0.116      0.643      0.520
    A6                 0.096      0.077      1.253      0.210
    A7                -0.005      0.076     -0.060      0.952
    A8                 0.152      0.053      2.862      0.004
    C1                 0.138      0.126      1.091      0.275
    C2                -0.155      0.048     -3.221      0.001
    C3                 0.066      0.035      1.888      0.059
    C4                 0.010      0.025      0.413      0.679
    C5                 0.123      0.049      2.506      0.012
    C6                 0.112      0.025      4.480      0.000
    C7                 0.120      0.043      2.765      0.006
    C8                 0.113      0.045      2.533      0.011
    C9                 0.061      0.029      2.081      0.037
    E1                -0.004      0.025     -0.169      0.865
    E3                 0.311      0.049      6.413      0.000
    E4                 0.170      0.047      3.654      0.000
    E5                 0.210      0.077      2.740      0.006
    E6                -0.002      0.020     -0.089      0.929
    E7                 0.278      0.051      5.390      0.000
    E8                 0.055      0.038      1.457      0.145
    E9                 0.073      0.052      1.412      0.158
    N1                -0.101      0.074     -1.364      0.173
    N2                 0.049      0.032      1.536      0.124
    N3                 0.056      0.053      1.053      0.292
    N4                 0.387      0.078      4.996      0.000
    N5                -0.003      0.017     -0.174      0.862
    N6                -0.104      0.097     -1.070      0.285
    N7                -0.052      0.037     -1.410      0.159
    O1                 0.419      0.057      7.387      0.000
    O2                 0.296      0.063      4.690      0.000
    O3                 0.422      0.031     13.534      0.000
    O4                 0.448      0.067      6.737      0.000
    O5                 0.443      0.065      6.862      0.000
    O6                 0.506      0.042     12.187      0.000
    O7                 0.553      0.065      8.550      0.000
    O9                 0.449      0.053      8.437      0.000

 OPEN     BY
    A1                 0.068      0.043      1.573      0.116
    A2                 0.049      0.048      1.025      0.305
    A3                 0.063      0.040      1.585      0.113
    A6                 0.163      0.049      3.312      0.001
    A7                 0.074      0.046      1.634      0.102
    A8                 0.063      0.031      2.046      0.041
    C1                 0.052      0.035      1.516      0.130
    C2                 0.311      0.072      4.337      0.000
    C3                 0.220      0.033      6.647      0.000
    C4                 0.048      0.054      0.896      0.370
    C5                -0.059      0.065     -0.902      0.367
    C6                 0.007      0.015      0.499      0.618
    C7                 0.215      0.055      3.945      0.000
    C8                 0.101      0.040      2.487      0.013
    C9                -0.082      0.031     -2.671      0.008
    E1                 0.005      0.031      0.161      0.872
    E3                 0.013      0.027      0.482      0.630
    E4                -0.086      0.061     -1.423      0.155
    E5                -0.001      0.014     -0.040      0.968
    E6                 0.270      0.043      6.327      0.000
    E7                -0.024      0.029     -0.848      0.396
    E8                 0.093      0.042      2.202      0.028
    E9                -0.167      0.050     -3.317      0.001
    N1                 0.270      0.049      5.488      0.000
    N2                 0.314      0.053      5.913      0.000
    N3                 0.492      0.037     13.246      0.000
    N4                -0.285      0.038     -7.404      0.000
    N5                 0.262      0.048      5.493      0.000
    N6                 0.531      0.038     13.922      0.000
    N7                 0.339      0.031     10.892      0.000
    O1                -0.086      0.030     -2.898      0.004
    O2                 0.049      0.045      1.091      0.275
    O3                -0.052      0.029     -1.798      0.072
    O4                 0.083      0.048      1.744      0.081
    O5                 0.038      0.038      1.005      0.315
    O6                 0.049      0.029      1.655      0.098
    O7                -0.025      0.042     -0.591      0.554
    O9                -0.136      0.040     -3.388      0.001

 CONSC    WITH
    AGREE             -0.179      0.135     -1.323      0.186

 EXTRA    WITH
    AGREE             -0.022      0.075     -0.293      0.769
    CONSC              0.188      0.053      3.538      0.000

 NEURO    WITH
    AGREE              0.066      0.067      0.981      0.327
    CONSC              0.397      0.053      7.469      0.000
    EXTRA              0.447      0.046      9.720      0.000

 OPEN     WITH
    AGREE              0.193      0.050      3.836      0.000
    CONSC             -0.136      0.062     -2.206      0.027
    EXTRA             -0.115      0.063     -1.843      0.065
    NEURO              0.014      0.138      0.102      0.919

 N5       WITH
    C2                 0.070      0.012      6.044      0.000

 E5       WITH
    C1                 0.074      0.013      5.743      0.000

 C6       WITH
    C4                 0.032      0.008      3.960      0.000

 Intercepts
    A1                -0.005      0.031     -0.174      0.862
    A2                 0.013      0.028      0.454      0.650
    A3                 0.001      0.033      0.018      0.986
    A6                -0.004      0.037     -0.113      0.910
    A7                 0.003      0.030      0.091      0.928
    A8                -0.002      0.024     -0.084      0.933
    C1                -0.007      0.043     -0.157      0.875
    C2                 0.031      0.043      0.727      0.467
    C3                 0.000      0.022     -0.001      1.000
    C4                 0.000      0.038     -0.013      0.990
    C5                -0.005      0.035     -0.135      0.893
    C6                -0.002      0.017     -0.101      0.920
    C7                 0.004      0.034      0.126      0.900
    C8                 0.002      0.031      0.078      0.938
    C9                 0.000      0.020     -0.016      0.988
    E1                 0.003      0.028      0.094      0.925
    E3                -0.001      0.036     -0.026      0.979
    E4                -0.014      0.036     -0.387      0.698
    E5                 0.000      0.027     -0.005      0.996
    E6                -0.003      0.039     -0.079      0.937
    E7                -0.013      0.035     -0.365      0.715
    E8                -0.003      0.032     -0.104      0.917
    E9                -0.003      0.036     -0.090      0.929
    N1                 0.002      0.037      0.064      0.949
    N2                 0.011      0.033      0.331      0.740
    N3                 0.000      0.034     -0.008      0.994
    N4                 0.001      0.037      0.025      0.980
    N5                 0.003      0.026      0.115      0.909
    N6                 0.007      0.037      0.189      0.850
    N7                 0.001      0.029      0.042      0.967
    O1                 0.002      0.027      0.073      0.942
    O2                -0.029      0.037     -0.798      0.425
    O3                -0.002      0.029     -0.053      0.958
    O4                -0.004      0.044     -0.084      0.933
    O5                -0.003      0.040     -0.081      0.935
    O6                -0.001      0.034     -0.038      0.970
    O7                -0.019      0.041     -0.474      0.636
    O9                -0.008      0.038     -0.207      0.836

 Variances
    AGREE              1.000      0.000    999.000    999.000
    CONSC              1.000      0.000    999.000    999.000
    EXTRA              1.000      0.000    999.000    999.000
    NEURO              1.000      0.000    999.000    999.000
    OPEN               1.000      0.000    999.000    999.000

 Residual Variances
    A1                 0.150      0.013     11.826      0.000
    A2                 0.096      0.009     10.529      0.000
    A3                 0.150      0.015     10.122      0.000
    A6                 0.360      0.029     12.602      0.000
    A7                 0.147      0.013     11.500      0.000
    A8                 0.131      0.010     12.551      0.000
    C1                 0.318      0.029     11.056      0.000
    C2                 0.315      0.026     12.200      0.000
    C3                 0.077      0.007     11.334      0.000
    C4                 0.210      0.023      9.169      0.000
    C5                 0.121      0.014      8.813      0.000
    C6                 0.053      0.005     11.443      0.000
    C7                 0.260      0.021     12.179      0.000
    C8                 0.258      0.020     12.863      0.000
    C9                 0.096      0.008     12.598      0.000
    E1                 0.120      0.011     11.025      0.000
    E3                 0.270      0.024     11.282      0.000
    E4                 0.162      0.014     11.607      0.000
    E5                 0.104      0.009     11.067      0.000
    E6                 0.230      0.022     10.377      0.000
    E7                 0.285      0.023     12.643      0.000
    E8                 0.143      0.014     10.516      0.000
    E9                 0.268      0.021     12.468      0.000
    N1                 0.264      0.022     12.165      0.000
    N2                 0.145      0.013     11.197      0.000
    N3                 0.144      0.015      9.701      0.000
    N4                 0.230      0.020     11.763      0.000
    N5                 0.093      0.008     11.197      0.000
    N6                 0.224      0.023      9.910      0.000
    N7                 0.164      0.014     11.951      0.000
    O1                 0.092      0.009      9.899      0.000
    O2                 0.267      0.021     12.639      0.000
    O3                 0.104      0.009     11.230      0.000
    O4                 0.525      0.041     12.662      0.000
    O5                 0.366      0.029     12.451      0.000
    O6                 0.159      0.014     11.183      0.000
    O7                 0.197      0.018     11.226      0.000
    O9                 0.259      0.021     12.216      0.000


STANDARDIZED MODEL RESULTS


STDYX Standardization

                                                    Two-Tailed
                    Estimate       S.E.  Est./S.E.    P-Value

 AGREE    BY
    A1                -0.392      0.079     -4.962      0.000
    A2                 0.661      0.038     17.502      0.000
    A3                 0.750      0.044     17.156      0.000
    A6                -0.230      0.064     -3.598      0.000
    A7                 0.650      0.042     15.517      0.000
    A8                -0.366      0.078     -4.699      0.000
    C1                 0.628      0.047     13.349      0.000
    C2                 0.041      0.042      0.957      0.339
    C3                 0.287      0.068      4.198      0.000
    C4                 0.187      0.105      1.785      0.074
    C5                 0.075      0.059      1.276      0.202
    C6                -0.086      0.056     -1.554      0.120
    C7                 0.029      0.068      0.418      0.676
    C8                 0.065      0.056      1.160      0.246
    C9                 0.130      0.055      2.371      0.018
    E1                -0.076      0.059     -1.307      0.191
    E3                 0.060      0.056      1.070      0.285
    E4                -0.070      0.063     -1.114      0.265
    E5                 0.553      0.096      5.735      0.000
    E6                 0.109      0.061      1.788      0.074
    E7                 0.102      0.123      0.834      0.404
    E8                 0.047      0.056      0.843      0.399
    E9                 0.122      0.071      1.718      0.086
    N1                 0.464      0.064      7.221      0.000
    N2                 0.058      0.040      1.445      0.148
    N3                 0.004      0.055      0.069      0.945
    N4                 0.214      0.135      1.584      0.113
    N5                 0.035      0.031      1.150      0.250
    N6                -0.161      0.120     -1.343      0.179
    N7                 0.145      0.083      1.749      0.080
    O1                 0.236      0.185      1.276      0.202
    O2                -0.180      0.082     -2.210      0.027
    O3                -0.084      0.145     -0.577      0.564
    O4                -0.198      0.096     -2.064      0.039
    O5                -0.267      0.115     -2.316      0.021
    O6                -0.007      0.097     -0.071      0.944
    O7                -0.239      0.112     -2.141      0.032
    O9                 0.080      0.101      0.788      0.431

 CONSC    BY
    A1                 0.117      0.073      1.605      0.109
    A2                -0.221      0.096     -2.292      0.022
    A3                 0.056      0.080      0.703      0.482
    A6                 0.007      0.050      0.137      0.891
    A7                -0.168      0.088     -1.919      0.055
    A8                -0.018      0.049     -0.358      0.720
    C1                 0.281      0.067      4.180      0.000
    C2                -0.361      0.086     -4.181      0.000
    C3                -0.321      0.104     -3.096      0.002
    C4                 0.791      0.038     20.946      0.000
    C5                 0.721      0.061     11.866      0.000
    C6                 0.517      0.065      7.968      0.000
    C7                -0.495      0.080     -6.189      0.000
    C8                 0.352      0.065      5.389      0.000
    C9                 0.435      0.066      6.643      0.000
    E1                -0.004      0.046     -0.080      0.936
    E3                 0.061      0.057      1.080      0.280
    E4                 0.216      0.069      3.113      0.002
    E5                 0.027      0.052      0.507      0.612
    E6                -0.079      0.062     -1.270      0.204
    E7                -0.197      0.063     -3.140      0.002
    E8                 0.016      0.041      0.386      0.699
    E9                 0.095      0.068      1.394      0.163
    N1                -0.008      0.063     -0.119      0.905
    N2                -0.162      0.099     -1.638      0.101
    N3                 0.083      0.103      0.812      0.417
    N4                 0.014      0.038      0.369      0.712
    N5                -0.413      0.099     -4.158      0.000
    N6                 0.221      0.089      2.475      0.013
    N7                 0.066      0.085      0.775      0.438
    O1                -0.221      0.064     -3.425      0.001
    O2                 0.135      0.071      1.908      0.056
    O3                -0.015      0.047     -0.328      0.743
    O4                -0.042      0.056     -0.753      0.452
    O5                -0.102      0.067     -1.523      0.128
    O6                 0.138      0.070      1.958      0.050
    O7                 0.148      0.070      2.097      0.036
    O9                 0.192      0.062      3.078      0.002

 EXTRA    BY
    A1                 0.241      0.067      3.610      0.000
    A2                -0.164      0.064     -2.562      0.010
    A3                 0.063      0.047      1.340      0.180
    A6                 0.396      0.064      6.208      0.000
    A7                -0.025      0.038     -0.660      0.509
    A8                 0.232      0.066      3.510      0.000
    C1                 0.067      0.049      1.358      0.175
    C2                -0.183      0.068     -2.686      0.007
    C3                 0.095      0.059      1.610      0.107
    C4                -0.107      0.068     -1.571      0.116
    C5                 0.108      0.072      1.504      0.133
    C6                -0.208      0.068     -3.078      0.002
    C7                 0.048      0.050      0.965      0.334
    C8                 0.098      0.067      1.475      0.140
    C9                 0.070      0.060      1.161      0.246
    E1                -0.747      0.037    -20.409      0.000
    E3                -0.698      0.047    -14.808      0.000
    E4                 0.537      0.055      9.839      0.000
    E5                 0.191      0.050      3.840      0.000
    E6                 0.692      0.041     16.968      0.000
    E7                 0.296      0.056      5.323      0.000
    E8                 0.740      0.044     16.986      0.000
    E9                 0.496      0.054      9.169      0.000
    N1                -0.058      0.052     -1.109      0.268
    N2                -0.493      0.059     -8.310      0.000
    N3                -0.265      0.066     -4.030      0.000
    N4                 0.067      0.049      1.383      0.167
    N5                -0.226      0.068     -3.297      0.001
    N6                 0.032      0.039      0.827      0.408
    N7                -0.004      0.048     -0.076      0.939
    O1                -0.011      0.025     -0.462      0.644
    O2                 0.266      0.063      4.202      0.000
    O3                 0.058      0.049      1.188      0.235
    O4                -0.182      0.063     -2.873      0.004
    O5                 0.023      0.048      0.488      0.625
    O6                -0.169      0.058     -2.890      0.004
    O7                 0.028      0.045      0.620      0.535
    O9                -0.122      0.056     -2.176      0.030

 NEURO    BY
    A1                 0.453      0.127      3.566      0.000
    A2                -0.111      0.178     -0.620      0.535
    A3                 0.118      0.183      0.643      0.520
    A6                 0.135      0.108      1.256      0.209
    A7                -0.008      0.133     -0.060      0.952
    A8                 0.341      0.118      2.897      0.004
    C1                 0.168      0.154      1.093      0.275
    C2                -0.191      0.059     -3.243      0.001
    C3                 0.154      0.081      1.892      0.058
    C4                 0.014      0.035      0.413      0.679
    C5                 0.184      0.073      2.518      0.012
    C6                 0.349      0.076      4.560      0.000
    C7                 0.186      0.067      2.790      0.005
    C8                 0.191      0.075      2.560      0.010
    C9                 0.158      0.075      2.095      0.036
    E1                -0.008      0.048     -0.169      0.865
    E3                 0.452      0.067      6.719      0.000
    E4                 0.249      0.067      3.695      0.000
    E5                 0.407      0.148      2.761      0.006
    E6                -0.002      0.027     -0.089      0.929
    E7                 0.419      0.074      5.655      0.000
    E8                 0.090      0.061      1.459      0.144
    E9                 0.106      0.075      1.415      0.157
    N1                -0.144      0.105     -1.366      0.172
    N2                 0.079      0.051      1.540      0.124
    N3                 0.086      0.082      1.055      0.292
    N4                 0.550      0.106      5.170      0.000
    N5                -0.006      0.033     -0.174      0.862
    N6                -0.147      0.138     -1.070      0.285
    N7                -0.095      0.068     -1.410      0.158
    O1                 0.811      0.103      7.901      0.000
    O2                 0.423      0.087      4.846      0.000
    O3                 0.777      0.043     17.974      0.000
    O4                 0.536      0.073      7.319      0.000
    O5                 0.587      0.079      7.428      0.000
    O6                 0.781      0.051     15.213      0.000
    O7                 0.707      0.076      9.332      0.000
    O9                 0.625      0.066      9.421      0.000

 OPEN     BY
    A1                 0.116      0.074      1.575      0.115
    A2                 0.093      0.090      1.027      0.304
    A3                 0.100      0.063      1.593      0.111
    A6                 0.229      0.068      3.367      0.001
    A7                 0.130      0.079      1.643      0.100
    A8                 0.140      0.068      2.056      0.040
    C1                 0.064      0.042      1.518      0.129
    C2                 0.383      0.086      4.435      0.000
    C3                 0.516      0.073      7.068      0.000
    C4                 0.067      0.075      0.897      0.370
    C5                -0.088      0.098     -0.901      0.368
    C6                 0.023      0.046      0.499      0.618
    C7                 0.334      0.083      4.031      0.000
    C8                 0.170      0.068      2.510      0.012
    C9                -0.213      0.079     -2.693      0.007
    E1                 0.009      0.059      0.161      0.872
    E3                 0.019      0.039      0.482      0.630
    E4                -0.126      0.089     -1.423      0.155
    E5                -0.001      0.027     -0.040      0.968
    E6                 0.367      0.056      6.547      0.000
    E7                -0.037      0.043     -0.849      0.396
    E8                 0.152      0.069      2.211      0.027
    E9                -0.244      0.073     -3.360      0.001
    N1                 0.385      0.067      5.747      0.000
    N2                 0.508      0.082      6.178      0.000
    N3                 0.754      0.044     17.250      0.000
    N4                -0.404      0.052     -7.812      0.000
    N5                 0.522      0.092      5.697      0.000
    N6                 0.752      0.039     19.170      0.000
    N7                 0.626      0.046     13.550      0.000
    O1                -0.166      0.057     -2.913      0.004
    O2                 0.070      0.064      1.092      0.275
    O3                -0.097      0.054     -1.801      0.072
    O4                 0.099      0.057      1.750      0.080
    O5                 0.051      0.050      1.006      0.314
    O6                 0.075      0.045      1.656      0.098
    O7                -0.032      0.053     -0.591      0.554
    O9                -0.189      0.055     -3.418      0.001

 CONSC    WITH
    AGREE             -0.179      0.135     -1.323      0.186

 EXTRA    WITH
    AGREE             -0.022      0.075     -0.293      0.769
    CONSC              0.188      0.053      3.538      0.000

 NEURO    WITH
    AGREE              0.066      0.067      0.981      0.327
    CONSC              0.397      0.053      7.469      0.000
    EXTRA              0.447      0.046      9.720      0.000

 OPEN     WITH
    AGREE              0.193      0.050      3.836      0.000
    CONSC             -0.136      0.062     -2.206      0.027
    EXTRA             -0.115      0.063     -1.843      0.065
    NEURO              0.014      0.138      0.102      0.919

 N5       WITH
    C2                 0.406      0.049      8.250      0.000

 E5       WITH
    C1                 0.410      0.051      7.977      0.000

 C6       WITH
    C4                 0.300      0.061      4.881      0.000

 Intercepts
    A1                -0.009      0.053     -0.174      0.862
    A2                 0.024      0.053      0.454      0.650
    A3                 0.001      0.053      0.018      0.986
    A6                -0.006      0.053     -0.113      0.910
    A7                 0.005      0.053      0.091      0.928
    A8                -0.004      0.053     -0.084      0.933
    C1                -0.008      0.053     -0.157      0.875
    C2                 0.038      0.053      0.727      0.468
    C3                 0.000      0.053     -0.001      1.000
    C4                -0.001      0.053     -0.013      0.990
    C5                -0.007      0.053     -0.135      0.893
    C6                -0.005      0.053     -0.101      0.920
    C7                 0.007      0.053      0.126      0.900
    C8                 0.004      0.053      0.078      0.938
    C9                -0.001      0.053     -0.016      0.988
    E1                 0.005      0.053      0.094      0.925
    E3                -0.001      0.053     -0.026      0.979
    E4                -0.020      0.053     -0.387      0.698
    E5                 0.000      0.053     -0.005      0.996
    E6                -0.004      0.053     -0.079      0.937
    E7                -0.019      0.053     -0.365      0.715
    E8                -0.005      0.053     -0.104      0.917
    E9                -0.005      0.053     -0.090      0.929
    N1                 0.003      0.053      0.064      0.949
    N2                 0.017      0.053      0.331      0.740
    N3                 0.000      0.053     -0.008      0.994
    N4                 0.001      0.053      0.025      0.980
    N5                 0.006      0.053      0.115      0.909
    N6                 0.010      0.053      0.189      0.850
    N7                 0.002      0.053      0.042      0.967
    O1                 0.004      0.053      0.073      0.942
    O2                -0.042      0.053     -0.798      0.425
    O3                -0.003      0.053     -0.053      0.958
    O4                -0.004      0.053     -0.084      0.933
    O5                -0.004      0.053     -0.081      0.935
    O6                -0.002      0.053     -0.038      0.970
    O7                -0.025      0.053     -0.474      0.636
    O9                -0.011      0.053     -0.207      0.836

 Variances
    AGREE              1.000      0.000    999.000    999.000
    CONSC              1.000      0.000    999.000    999.000
    EXTRA              1.000      0.000    999.000    999.000
    NEURO              1.000      0.000    999.000    999.000
    OPEN               1.000      0.000    999.000    999.000

 Residual Variances
    A1                 0.434      0.039     11.265      0.000
    A2                 0.338      0.035      9.617      0.000
    A3                 0.372      0.039      9.460      0.000
    A6                 0.710      0.045     15.882      0.000
    A7                 0.450      0.041     11.102      0.000
    A8                 0.652      0.045     14.643      0.000
    C1                 0.476      0.044     10.882      0.000
    C2                 0.478      0.040     11.981      0.000
    C3                 0.422      0.039     10.754      0.000
    C4                 0.408      0.046      8.798      0.000
    C5                 0.270      0.034      8.053      0.000
    C6                 0.513      0.044     11.554      0.000
    C7                 0.628      0.046     13.701      0.000
    C8                 0.735      0.043     17.060      0.000
    C9                 0.644      0.044     14.573      0.000
    E1                 0.430      0.041     10.540      0.000
    E3                 0.569      0.048     11.876      0.000
    E4                 0.346      0.033     10.467      0.000
    E5                 0.391      0.038     10.331      0.000
    E6                 0.425      0.043      9.942      0.000
    E7                 0.652      0.044     14.786      0.000
    E8                 0.378      0.039      9.811      0.000
    E9                 0.570      0.043     13.291      0.000
    N1                 0.537      0.043     12.556      0.000
    N2                 0.379      0.037     10.362      0.000
    N3                 0.338      0.038      8.972      0.000
    N4                 0.463      0.040     11.440      0.000
    N5                 0.369      0.036     10.297      0.000
    N6                 0.449      0.047      9.646      0.000
    N7                 0.560      0.045     12.567      0.000
    O1                 0.345      0.038      9.159      0.000
    O2                 0.545      0.041     13.171      0.000
    O3                 0.352      0.034     10.225      0.000
    O4                 0.750      0.044     16.992      0.000
    O5                 0.641      0.045     14.297      0.000
    O6                 0.377      0.036     10.339      0.000
    O7                 0.322      0.032     10.049      0.000
    O9                 0.501      0.041     12.228      0.000


R-SQUARE

    Observed                                        Two-Tailed
    Variable        Estimate       S.E.  Est./S.E.    P-Value

    A1                 0.566      0.039     14.681      0.000
    A2                 0.662      0.035     18.807      0.000
    A3                 0.628      0.039     15.944      0.000
    A6                 0.290      0.045      6.473      0.000
    A7                 0.550      0.041     13.555      0.000
    A8                 0.348      0.045      7.813      0.000
    C1                 0.524      0.044     11.970      0.000
    C2                 0.522      0.040     13.104      0.000
    C3                 0.578      0.039     14.724      0.000
    C4                 0.592      0.046     12.790      0.000
    C5                 0.730      0.034     21.724      0.000
    C6                 0.487      0.044     10.961      0.000
    C7                 0.372      0.046      8.129      0.000
    C8                 0.265      0.043      6.138      0.000
    C9                 0.356      0.044      8.067      0.000
    E1                 0.570      0.041     13.966      0.000
    E3                 0.431      0.048      8.989      0.000
    E4                 0.654      0.033     19.767      0.000
    E5                 0.609      0.038     16.071      0.000
    E6                 0.575      0.043     13.451      0.000
    E7                 0.348      0.044      7.899      0.000
    E8                 0.622      0.039     16.113      0.000
    E9                 0.430      0.043     10.039      0.000
    N1                 0.463      0.043     10.811      0.000
    N2                 0.621      0.037     16.958      0.000
    N3                 0.662      0.038     17.586      0.000
    N4                 0.537      0.040     13.286      0.000
    N5                 0.631      0.036     17.635      0.000
    N6                 0.551      0.047     11.831      0.000
    N7                 0.440      0.045      9.856      0.000
    O1                 0.655      0.038     17.373      0.000
    O2                 0.455      0.041     11.008      0.000
    O3                 0.648      0.034     18.790      0.000
    O4                 0.250      0.044      5.653      0.000
    O5                 0.359      0.045      8.022      0.000
    O6                 0.623      0.036     17.060      0.000
    O7                 0.678      0.032     21.115      0.000
    O9                 0.499      0.041     12.171      0.000


QUALITY OF NUMERICAL RESULTS

     Condition Number for the Information Matrix              0.608E-03
       (ratio of smallest to largest eigenvalue)


MODEL MODIFICATION INDICES

NOTE:  Modification indices for direct effects of observed dependent variables
regressed on covariates may not be included.  To include these, request
MODINDICES (ALL).

Minimum M.I. value for printing the modification index     4.000

                                   M.I.     E.P.C.  Std E.P.C.  StdYX E.P.C.

WITH Statements

A3       WITH A1                   4.555     0.021      0.021        0.137
A6       WITH A1                  12.654     0.048      0.048        0.206
A6       WITH A3                   8.094     0.041      0.041        0.175
A8       WITH A1                   5.010     0.018      0.018        0.131
C1       WITH A3                  20.319     0.059      0.059        0.270
C1       WITH A8                   5.039     0.024      0.024        0.117
C2       WITH A2                   8.269     0.027      0.027        0.157
C3       WITH C1                   7.979    -0.024     -0.024       -0.154
C5       WITH A3                  13.134    -0.036     -0.036       -0.264
C5       WITH C2                  20.687    -0.053     -0.053       -0.272
C6       WITH A7                   7.821    -0.014     -0.014       -0.156
C6       WITH C3                  12.390    -0.013     -0.013       -0.197
C7       WITH A8                   4.220     0.022      0.022        0.117
C7       WITH C4                   5.400    -0.034     -0.034       -0.143
C8       WITH A8                   5.889    -0.025     -0.025       -0.135
C8       WITH C3                   6.524     0.021      0.021        0.148
C8       WITH C7                   8.245     0.042      0.042        0.162
C9       WITH A8                   5.552     0.015      0.015        0.132
C9       WITH C4                   4.425     0.018      0.018        0.126
E1       WITH A6                   6.658     0.032      0.032        0.154
E1       WITH C3                   7.358     0.016      0.016        0.169
E3       WITH C1                   4.246    -0.033     -0.033       -0.112
E3       WITH E1                   6.794     0.030      0.030        0.169
E4       WITH C3                  11.216     0.023      0.023        0.203
E4       WITH E1                  22.650     0.042      0.042        0.302
E4       WITH E3                   6.737     0.033      0.033        0.160
E5       WITH A2                  12.233    -0.020     -0.020       -0.203
E5       WITH E1                   5.679    -0.015     -0.015       -0.132
E5       WITH E4                  11.067    -0.023     -0.023       -0.179
E6       WITH A1                  12.660    -0.042     -0.042       -0.224
E6       WITH A7                   5.926    -0.028     -0.028       -0.155
E6       WITH E1                   9.935    -0.036     -0.036       -0.217
E6       WITH E5                  13.166     0.032      0.032        0.206
E7       WITH C1                  14.505    -0.059     -0.059       -0.197
E7       WITH C3                   4.269     0.018      0.018        0.121
E7       WITH C4                   8.291     0.042      0.042        0.170
E7       WITH E3                   4.238     0.033      0.033        0.121
E8       WITH A3                   5.441     0.023      0.023        0.156
E8       WITH C6                   5.371     0.012      0.012        0.134
E8       WITH E1                   7.660    -0.025     -0.025       -0.191
E8       WITH E3                   4.834    -0.029     -0.029       -0.146
E8       WITH E6                   5.023    -0.029     -0.029       -0.162
E9       WITH A1                   6.581    -0.030     -0.030       -0.148
E9       WITH A3                   6.782    -0.032     -0.032       -0.161
E9       WITH A8                   7.051     0.028      0.028        0.149
E9       WITH C5                   4.928     0.026      0.026        0.146
E9       WITH C9                   7.834     0.025      0.025        0.157
E9       WITH E5                   6.104    -0.022     -0.022       -0.129
E9       WITH E6                   4.471     0.032      0.032        0.130
E9       WITH E8                   8.399    -0.035     -0.035       -0.179
N1       WITH A2                  16.045     0.040      0.040        0.252
N1       WITH A3                   7.563    -0.035     -0.035       -0.176
N1       WITH A6                  14.846    -0.067     -0.067       -0.218
N2       WITH E4                  15.583    -0.038     -0.038       -0.247
N3       WITH A2                   4.559    -0.017     -0.017       -0.146
N3       WITH C3                   5.947     0.017      0.017        0.166
N3       WITH E3                  13.157    -0.048     -0.048       -0.243
N3       WITH E4                   8.796    -0.030     -0.030       -0.195
N3       WITH E7                   5.310    -0.029     -0.029       -0.145
N3       WITH N2                   4.313     0.021      0.021        0.149
N4       WITH A8                   7.408     0.027      0.027        0.157
N4       WITH C2                   5.065    -0.031     -0.031       -0.117
N4       WITH C3                   9.547     0.025      0.025        0.187
N4       WITH C5                   4.524    -0.024     -0.024       -0.143
N4       WITH C7                   5.615     0.034      0.034        0.139
N4       WITH C8                   6.964     0.037      0.037        0.151
N4       WITH E6                   7.377    -0.039     -0.039       -0.170
N4       WITH E7                   6.084    -0.037     -0.037       -0.143
N4       WITH N1                   4.645    -0.031     -0.031       -0.126
N5       WITH A6                   6.333     0.024      0.024        0.131
N6       WITH A3                   8.912    -0.037     -0.037       -0.203
N6       WITH A6                  10.705    -0.058     -0.058       -0.203
N6       WITH C6                  18.934    -0.028     -0.028       -0.258
N6       WITH E3                  21.780     0.074      0.074        0.302
N6       WITH E4                   9.495     0.037      0.037        0.197
N6       WITH E6                  10.310     0.050      0.050        0.220
N6       WITH E8                   4.411    -0.025     -0.025       -0.141
N6       WITH N1                  15.418     0.060      0.060        0.248
N6       WITH N4                   5.581    -0.035     -0.035       -0.156
N7       WITH A3                  15.017     0.038      0.038        0.245
N7       WITH A6                  14.435     0.053      0.053        0.217
N7       WITH C5                   4.653    -0.020     -0.020       -0.145
N7       WITH E5                   4.943    -0.015     -0.015       -0.118
N7       WITH N1                   6.397    -0.031     -0.031       -0.148
N7       WITH N4                   6.857     0.030      0.030        0.156
O1       WITH A3                   8.410    -0.024     -0.024       -0.201
O1       WITH A6                   9.536    -0.035     -0.035       -0.191
O1       WITH C3                   9.978     0.017      0.017        0.207
O1       WITH C5                   6.809     0.020      0.020        0.191
O1       WITH C6                   4.150    -0.008     -0.008       -0.121
O1       WITH C7                   6.370    -0.025     -0.025       -0.160
O1       WITH E7                   4.870     0.023      0.023        0.139
O1       WITH E9                  11.831     0.034      0.034        0.214
O1       WITH N7                   6.681    -0.020     -0.020       -0.165
O2       WITH A2                   4.863    -0.022     -0.022       -0.134
O2       WITH A8                   7.783    -0.029     -0.029       -0.156
O2       WITH C2                   5.133    -0.033     -0.033       -0.113
O2       WITH C3                   8.604     0.025      0.025        0.172
O2       WITH C5                   4.412     0.025      0.025        0.137
O2       WITH C9                  10.679    -0.029     -0.029       -0.182
O2       WITH E1                   7.644     0.029      0.029        0.164
O2       WITH E8                   6.331     0.030      0.030        0.153
O2       WITH N7                   5.382     0.028      0.028        0.133
O2       WITH O1                   4.093     0.020      0.020        0.125
O3       WITH A1                  20.098     0.034      0.034        0.275
O3       WITH A7                   4.935    -0.017     -0.017       -0.136
O3       WITH C3                   6.185    -0.014     -0.014       -0.153
O3       WITH C9                   5.449     0.014      0.014        0.137
O3       WITH E3                   5.484    -0.024     -0.024       -0.145
O3       WITH E4                   4.740    -0.017     -0.017       -0.133
O3       WITH O2                  21.716    -0.046     -0.046       -0.275
O4       WITH A2                  10.333     0.044      0.044        0.195
O4       WITH C3                   7.833    -0.033     -0.033       -0.163
O4       WITH C8                  11.497    -0.069     -0.069       -0.187
O4       WITH C9                  18.810     0.054      0.054        0.241
O4       WITH E6                  14.283     0.080      0.080        0.229
O4       WITH N3                   4.313    -0.036     -0.036       -0.131
O4       WITH N4                  11.893    -0.069     -0.069       -0.198
O4       WITH N6                   4.804     0.046      0.046        0.135
O5       WITH A2                   6.447     0.029      0.029        0.156
O5       WITH C3                   7.118    -0.026     -0.026       -0.157
O5       WITH E8                   5.487     0.033      0.033        0.142
O5       WITH N4                   4.466    -0.036     -0.036       -0.123
O5       WITH O4                  32.295     0.140      0.140        0.319
O6       WITH C6                   4.469     0.011      0.011        0.120
O6       WITH C9                  12.419    -0.026     -0.026       -0.208
O6       WITH E5                   4.292     0.015      0.015        0.114
O6       WITH E9                   4.321    -0.025     -0.025       -0.123
O6       WITH N2                   8.976    -0.029     -0.029       -0.189
O6       WITH N5                   9.956    -0.021     -0.021       -0.174
O7       WITH A2                   5.838     0.022      0.022        0.157
O7       WITH A8                  10.203    -0.030     -0.030       -0.190
O7       WITH C9                  12.131    -0.028     -0.028       -0.205
O7       WITH E4                   5.236     0.025      0.025        0.140
O7       WITH O2                  15.338     0.053      0.053        0.232
O7       WITH O3                   7.426    -0.025     -0.025       -0.175
O7       WITH O6                  15.102     0.044      0.044        0.251
O9       WITH A6                   6.643     0.045      0.045        0.146
O9       WITH C8                   6.041    -0.036     -0.036       -0.138
O9       WITH C9                  20.471     0.041      0.041        0.257
O9       WITH N4                   5.054     0.032      0.032        0.133
O9       WITH N5                   6.956     0.022      0.022        0.140
O9       WITH O2                  10.704    -0.049     -0.049       -0.185
O9       WITH O4                   8.235     0.060      0.060        0.162


DIAGRAM INFORMATION

  Use View Diagram under the Diagram menu in the Mplus Editor to view the diagram.
  If running Mplus from the Mplus Diagrammer, the diagram opens automatically.

  Diagram output
    f:\ipip paper\sample_usa\cfa\gesamtmodell\esem\esem_all facets on all domains without o8, a5, a4

     Beginning Time:  16:33:15
        Ending Time:  16:33:18
       Elapsed Time:  00:00:03



MUTHEN & MUTHEN
3463 Stoner Ave.
Los Angeles, CA  90066

Tel: (310) 391-9971
Fax: (310) 391-8971
Web: www.StatModel.com
Support: Support@StatModel.com

Copyright (c) 1998-2013 Muthen & Muthen
