Mplus VERSION 8.4 (Mac)
MUTHEN & MUTHEN
06/19/2020   4:46 PM

INPUT INSTRUCTIONS

  TITLE:

  DATA:
  FILE IS  "factor scores after invariance.txt";
  Variable:
  Names are
  country
  A8
  A1
  A5
  A7
  A2
  A4
  A3
  A6
  C1
  C6
  C5
  C3
  C7
  C2
  C8
  C9
  C4
  E9
  E5
  E6
  E7
  E4
  E3
  E2
  E1
  E8
  N3
  N2
  N1
  N5
  N4
  N7
  N6
  O7
  O6
  O3
  O2
  O5
  O8
  O4
  O1
  O9
  ;

  USEVARIABLES ARE
  A1
  A2
  A3
  A4
  A5
  A6
  A8
  C1
  C2
  C3
  C4
  C5
  C6
  C7
  C8
  E1
  E2
  E3
  E4
  E5
  E6
  E7
  E8
  E9
  N1
  N2
  N3
  N4
  N5
  N6
  N7
  O1
  O2
  O3
  O4
  O5
  O6
  O7
  O8
  O9
  ;

  MISSING ARE ALL (-999);

  Model:

  agree consc extra neuro open by
  A1
  A2
  A3
  A4
  A5
  A6
  A8
  C1
  C2
  C3
  C4
  C5
  C6
  C7
  C8
  E1
  E2
  E3
  E4
  E5
  E6
  E7
  E8
  E9
  N1
  N2
  N3
  N4
  N5
  N6
  N7
  O1
  O2
  O3
  O4
  O5
  O6
  O7
  O8
  O9
  (*1);

  !N5 with C2;
  !E5 with C1;


  !SE by
  !agree
  !consc
  !extra
  !neuro
  !open;

  Analysis:
  ESTIMATOR IS ML;
  iterations = 10000;

  OUTPUT: STDYX MODINDICES(4);



INPUT READING TERMINATED NORMALLY




SUMMARY OF ANALYSIS

Number of groups                                                 1
Number of observations                                         748

Number of dependent variables                                   40
Number of independent variables                                  0
Number of continuous latent variables                            5

Observed dependent variables

  Continuous
   A1          A2          A3          A4          A5          A6
   A8          C1          C2          C3          C4          C5
   C6          C7          C8          E1          E2          E3
   E4          E5          E6          E7          E8          E9
   N1          N2          N3          N4          N5          N6
   N7          O1          O2          O3          O4          O5
   O6          O7          O8          O9

Continuous latent variables

  EFA factors
  *1:   AGREE       CONSC       EXTRA       NEURO       OPEN


Estimator                                                       ML
Rotation                                                    GEOMIN
Row standardization                                    CORRELATION
Type of rotation                                           OBLIQUE
Epsilon value                                               Varies
Information matrix                                        OBSERVED
Maximum number of iterations                                 10000
Convergence criterion                                    0.500D-04
Maximum number of steepest descent iterations                   20
Maximum number of iterations for H1                           2000
Convergence criterion for H1                             0.100D-03
Optimization Specifications for the Exploratory Factor Analysis
Rotation Algorithm
  Number of random starts                                       30
  Maximum number of iterations                               10000
  Derivative convergence criterion                       0.100D-04

Input data file(s)
  factor scores after invariance.txt

Input data format  FREE


SUMMARY OF DATA

     Number of missing data patterns             1


COVARIANCE COVERAGE OF DATA

Minimum covariance coverage value   0.100


     PROPORTION OF DATA PRESENT


           Covariance Coverage
              A1            A2            A3            A4            A5
              ________      ________      ________      ________      ________
 A1             1.000
 A2             1.000         1.000
 A3             1.000         1.000         1.000
 A4             1.000         1.000         1.000         1.000
 A5             1.000         1.000         1.000         1.000         1.000
 A6             1.000         1.000         1.000         1.000         1.000
 A8             1.000         1.000         1.000         1.000         1.000
 C1             1.000         1.000         1.000         1.000         1.000
 C2             1.000         1.000         1.000         1.000         1.000
 C3             1.000         1.000         1.000         1.000         1.000
 C4             1.000         1.000         1.000         1.000         1.000
 C5             1.000         1.000         1.000         1.000         1.000
 C6             1.000         1.000         1.000         1.000         1.000
 C7             1.000         1.000         1.000         1.000         1.000
 C8             1.000         1.000         1.000         1.000         1.000
 E1             1.000         1.000         1.000         1.000         1.000
 E2             1.000         1.000         1.000         1.000         1.000
 E3             1.000         1.000         1.000         1.000         1.000
 E4             1.000         1.000         1.000         1.000         1.000
 E5             1.000         1.000         1.000         1.000         1.000
 E6             1.000         1.000         1.000         1.000         1.000
 E7             1.000         1.000         1.000         1.000         1.000
 E8             1.000         1.000         1.000         1.000         1.000
 E9             1.000         1.000         1.000         1.000         1.000
 N1             1.000         1.000         1.000         1.000         1.000
 N2             1.000         1.000         1.000         1.000         1.000
 N3             1.000         1.000         1.000         1.000         1.000
 N4             1.000         1.000         1.000         1.000         1.000
 N5             1.000         1.000         1.000         1.000         1.000
 N6             1.000         1.000         1.000         1.000         1.000
 N7             1.000         1.000         1.000         1.000         1.000
 O1             1.000         1.000         1.000         1.000         1.000
 O2             1.000         1.000         1.000         1.000         1.000
 O3             1.000         1.000         1.000         1.000         1.000
 O4             1.000         1.000         1.000         1.000         1.000
 O5             1.000         1.000         1.000         1.000         1.000
 O6             1.000         1.000         1.000         1.000         1.000
 O7             1.000         1.000         1.000         1.000         1.000
 O8             1.000         1.000         1.000         1.000         1.000
 O9             1.000         1.000         1.000         1.000         1.000


           Covariance Coverage
              A6            A8            C1            C2            C3
              ________      ________      ________      ________      ________
 A6             1.000
 A8             1.000         1.000
 C1             1.000         1.000         1.000
 C2             1.000         1.000         1.000         1.000
 C3             1.000         1.000         1.000         1.000         1.000
 C4             1.000         1.000         1.000         1.000         1.000
 C5             1.000         1.000         1.000         1.000         1.000
 C6             1.000         1.000         1.000         1.000         1.000
 C7             1.000         1.000         1.000         1.000         1.000
 C8             1.000         1.000         1.000         1.000         1.000
 E1             1.000         1.000         1.000         1.000         1.000
 E2             1.000         1.000         1.000         1.000         1.000
 E3             1.000         1.000         1.000         1.000         1.000
 E4             1.000         1.000         1.000         1.000         1.000
 E5             1.000         1.000         1.000         1.000         1.000
 E6             1.000         1.000         1.000         1.000         1.000
 E7             1.000         1.000         1.000         1.000         1.000
 E8             1.000         1.000         1.000         1.000         1.000
 E9             1.000         1.000         1.000         1.000         1.000
 N1             1.000         1.000         1.000         1.000         1.000
 N2             1.000         1.000         1.000         1.000         1.000
 N3             1.000         1.000         1.000         1.000         1.000
 N4             1.000         1.000         1.000         1.000         1.000
 N5             1.000         1.000         1.000         1.000         1.000
 N6             1.000         1.000         1.000         1.000         1.000
 N7             1.000         1.000         1.000         1.000         1.000
 O1             1.000         1.000         1.000         1.000         1.000
 O2             1.000         1.000         1.000         1.000         1.000
 O3             1.000         1.000         1.000         1.000         1.000
 O4             1.000         1.000         1.000         1.000         1.000
 O5             1.000         1.000         1.000         1.000         1.000
 O6             1.000         1.000         1.000         1.000         1.000
 O7             1.000         1.000         1.000         1.000         1.000
 O8             1.000         1.000         1.000         1.000         1.000
 O9             1.000         1.000         1.000         1.000         1.000


           Covariance Coverage
              C4            C5            C6            C7            C8
              ________      ________      ________      ________      ________
 C4             1.000
 C5             1.000         1.000
 C6             1.000         1.000         1.000
 C7             1.000         1.000         1.000         1.000
 C8             1.000         1.000         1.000         1.000         1.000
 E1             1.000         1.000         1.000         1.000         1.000
 E2             1.000         1.000         1.000         1.000         1.000
 E3             1.000         1.000         1.000         1.000         1.000
 E4             1.000         1.000         1.000         1.000         1.000
 E5             1.000         1.000         1.000         1.000         1.000
 E6             1.000         1.000         1.000         1.000         1.000
 E7             1.000         1.000         1.000         1.000         1.000
 E8             1.000         1.000         1.000         1.000         1.000
 E9             1.000         1.000         1.000         1.000         1.000
 N1             1.000         1.000         1.000         1.000         1.000
 N2             1.000         1.000         1.000         1.000         1.000
 N3             1.000         1.000         1.000         1.000         1.000
 N4             1.000         1.000         1.000         1.000         1.000
 N5             1.000         1.000         1.000         1.000         1.000
 N6             1.000         1.000         1.000         1.000         1.000
 N7             1.000         1.000         1.000         1.000         1.000
 O1             1.000         1.000         1.000         1.000         1.000
 O2             1.000         1.000         1.000         1.000         1.000
 O3             1.000         1.000         1.000         1.000         1.000
 O4             1.000         1.000         1.000         1.000         1.000
 O5             1.000         1.000         1.000         1.000         1.000
 O6             1.000         1.000         1.000         1.000         1.000
 O7             1.000         1.000         1.000         1.000         1.000
 O8             1.000         1.000         1.000         1.000         1.000
 O9             1.000         1.000         1.000         1.000         1.000


           Covariance Coverage
              E1            E2            E3            E4            E5
              ________      ________      ________      ________      ________
 E1             1.000
 E2             1.000         1.000
 E3             1.000         1.000         1.000
 E4             1.000         1.000         1.000         1.000
 E5             1.000         1.000         1.000         1.000         1.000
 E6             1.000         1.000         1.000         1.000         1.000
 E7             1.000         1.000         1.000         1.000         1.000
 E8             1.000         1.000         1.000         1.000         1.000
 E9             1.000         1.000         1.000         1.000         1.000
 N1             1.000         1.000         1.000         1.000         1.000
 N2             1.000         1.000         1.000         1.000         1.000
 N3             1.000         1.000         1.000         1.000         1.000
 N4             1.000         1.000         1.000         1.000         1.000
 N5             1.000         1.000         1.000         1.000         1.000
 N6             1.000         1.000         1.000         1.000         1.000
 N7             1.000         1.000         1.000         1.000         1.000
 O1             1.000         1.000         1.000         1.000         1.000
 O2             1.000         1.000         1.000         1.000         1.000
 O3             1.000         1.000         1.000         1.000         1.000
 O4             1.000         1.000         1.000         1.000         1.000
 O5             1.000         1.000         1.000         1.000         1.000
 O6             1.000         1.000         1.000         1.000         1.000
 O7             1.000         1.000         1.000         1.000         1.000
 O8             1.000         1.000         1.000         1.000         1.000
 O9             1.000         1.000         1.000         1.000         1.000


           Covariance Coverage
              E6            E7            E8            E9            N1
              ________      ________      ________      ________      ________
 E6             1.000
 E7             1.000         1.000
 E8             1.000         1.000         1.000
 E9             1.000         1.000         1.000         1.000
 N1             1.000         1.000         1.000         1.000         1.000
 N2             1.000         1.000         1.000         1.000         1.000
 N3             1.000         1.000         1.000         1.000         1.000
 N4             1.000         1.000         1.000         1.000         1.000
 N5             1.000         1.000         1.000         1.000         1.000
 N6             1.000         1.000         1.000         1.000         1.000
 N7             1.000         1.000         1.000         1.000         1.000
 O1             1.000         1.000         1.000         1.000         1.000
 O2             1.000         1.000         1.000         1.000         1.000
 O3             1.000         1.000         1.000         1.000         1.000
 O4             1.000         1.000         1.000         1.000         1.000
 O5             1.000         1.000         1.000         1.000         1.000
 O6             1.000         1.000         1.000         1.000         1.000
 O7             1.000         1.000         1.000         1.000         1.000
 O8             1.000         1.000         1.000         1.000         1.000
 O9             1.000         1.000         1.000         1.000         1.000


           Covariance Coverage
              N2            N3            N4            N5            N6
              ________      ________      ________      ________      ________
 N2             1.000
 N3             1.000         1.000
 N4             1.000         1.000         1.000
 N5             1.000         1.000         1.000         1.000
 N6             1.000         1.000         1.000         1.000         1.000
 N7             1.000         1.000         1.000         1.000         1.000
 O1             1.000         1.000         1.000         1.000         1.000
 O2             1.000         1.000         1.000         1.000         1.000
 O3             1.000         1.000         1.000         1.000         1.000
 O4             1.000         1.000         1.000         1.000         1.000
 O5             1.000         1.000         1.000         1.000         1.000
 O6             1.000         1.000         1.000         1.000         1.000
 O7             1.000         1.000         1.000         1.000         1.000
 O8             1.000         1.000         1.000         1.000         1.000
 O9             1.000         1.000         1.000         1.000         1.000


           Covariance Coverage
              N7            O1            O2            O3            O4
              ________      ________      ________      ________      ________
 N7             1.000
 O1             1.000         1.000
 O2             1.000         1.000         1.000
 O3             1.000         1.000         1.000         1.000
 O4             1.000         1.000         1.000         1.000         1.000
 O5             1.000         1.000         1.000         1.000         1.000
 O6             1.000         1.000         1.000         1.000         1.000
 O7             1.000         1.000         1.000         1.000         1.000
 O8             1.000         1.000         1.000         1.000         1.000
 O9             1.000         1.000         1.000         1.000         1.000


           Covariance Coverage
              O5            O6            O7            O8            O9
              ________      ________      ________      ________      ________
 O5             1.000
 O6             1.000         1.000
 O7             1.000         1.000         1.000
 O8             1.000         1.000         1.000         1.000
 O9             1.000         1.000         1.000         1.000         1.000



UNIVARIATE SAMPLE STATISTICS


     UNIVARIATE HIGHER-ORDER MOMENT DESCRIPTIVE STATISTICS

         Variable/         Mean/     Skewness/   Minimum/ % with                Percentiles
        Sample Size      Variance    Kurtosis    Maximum  Min/Max      20%/60%    40%/80%    Median

     A1                   -0.058       0.803      -0.704    3.07%      -0.533     -0.256     -0.109
             748.000       0.236       0.286       1.816    0.13%      -0.002      0.342
     A2                    0.030       0.037      -1.174    0.40%      -0.347     -0.098      0.009
             748.000       0.201      -0.072       1.391    0.13%       0.122      0.423
     A3                    0.079       0.454      -1.075    0.27%      -0.702     -0.109     -0.018
             748.000       0.541      -0.350       2.366    0.13%       0.073      0.760
     A4                   -0.099       0.464      -1.230    3.07%      -0.718     -0.319     -0.175
             748.000       0.464      -0.115       1.991    0.13%       0.024      0.479
     A5                   -0.100      -0.369      -2.108    0.13%      -0.618     -0.257     -0.089
             748.000       0.451       0.103       1.401    0.40%       0.114      0.481
     A6                   -0.116       0.175      -1.766    0.13%      -0.583     -0.274     -0.146
             748.000       0.333      -0.085       1.240    0.53%      -0.009      0.344
     A8                    0.419       0.013      -1.257    0.40%      -0.189      0.216      0.399
             748.000       0.485      -0.488       2.303    0.27%       0.616      1.041
     C1                   -0.088      -0.249      -2.181    0.40%      -0.644     -0.240     -0.081
             748.000       0.506       0.086       1.421    2.27%       0.044      0.483
     C2                   -0.027       0.112      -1.668    0.67%      -0.639     -0.222     -0.042
             748.000       0.486      -0.338       1.900    0.13%       0.141      0.557
     C3                   -0.033       0.234      -1.384    0.27%      -0.547     -0.211     -0.036
             748.000       0.358      -0.263       1.809    0.13%       0.094      0.464
     C4                    0.177       0.205      -1.467    0.13%      -0.452     -0.040      0.152
             748.000       0.505      -0.373       2.137    0.40%       0.357      0.793
     C5                    0.030      -0.259      -1.802    0.27%      -0.440     -0.118      0.045
             748.000       0.416       0.036       1.528    0.13%       0.194      0.585
     C6                   -0.190      -0.575      -2.074    0.27%      -0.645     -0.302     -0.143
             748.000       0.325       0.081       0.809    2.27%       0.023      0.331
     C7                   -0.108      -0.392      -2.233    0.13%      -0.628     -0.209     -0.037
             748.000       0.411      -0.040       1.283    0.40%       0.127      0.404
     C8                    0.088       0.458      -0.801    0.80%      -0.312     -0.066      0.034
             748.000       0.208       0.067       1.817    0.13%       0.148      0.481
     E1                   -0.040       0.293      -1.574    0.13%      -0.646     -0.239     -0.082
             748.000       0.433      -0.075       1.994    0.13%       0.120      0.510
     E2                   -0.059       0.354      -1.214    0.94%      -0.566     -0.228     -0.081
             748.000       0.309      -0.002       1.960    0.13%       0.041      0.395
     E3                    0.426      -1.060      -1.359    0.13%       0.147      0.428      0.441
             748.000       0.143       1.300       0.943    5.61%       0.475      0.782
     E4                   -0.160      -0.415      -1.867    0.27%      -0.518     -0.307     -0.120
             748.000       0.216       0.547       0.918    0.13%       0.009      0.219
     E5                   -0.039      -1.118      -2.959    0.13%      -0.471     -0.174      0.105
             748.000       0.468       1.121       0.710    3.34%       0.374      0.578
     E6                    0.281      -0.511      -2.261    0.80%      -0.644      0.122      0.464
             748.000       1.201      -0.558       1.886    2.01%       0.723      1.353
     E7                    0.047      -0.409      -2.377    0.13%      -0.472     -0.069      0.213
             748.000       0.431       0.280       1.386    1.34%       0.326      0.457
     E8                   -0.010      -0.045      -2.087    0.13%      -0.878     -0.130     -0.061
             748.000       0.770      -0.378       1.842    0.13%       0.026      0.790
     E9                    0.075      -0.266      -1.773    0.13%      -0.445     -0.007      0.118
             748.000       0.347      -0.378       1.127    2.41%       0.193      0.631
     N1                   -0.162      -0.122      -2.214    0.13%      -0.661     -0.299     -0.132
             748.000       0.390      -0.054       1.375    0.80%       0.001      0.343
     N2                    0.107      -0.195      -1.073    0.13%      -0.132      0.024      0.106
             748.000       0.104       0.396       1.051    0.27%       0.173      0.382
     N3                    0.649      -0.223      -1.204    0.13%       0.145      0.520      0.665
             748.000       0.322      -0.286       1.801    0.80%       0.817      1.146
     N4                    0.538      -0.125      -1.714    0.13%      -0.168      0.381      0.579
             748.000       0.645      -0.342       2.339    0.27%       0.761      1.193
     N5                   -0.245      -0.071      -1.989    0.13%      -0.810     -0.359     -0.213
             748.000       0.420       0.085       1.701    0.27%      -0.083      0.272
     N6                   -0.134       0.459      -1.440    0.67%      -0.789     -0.390     -0.230
             748.000       0.521      -0.149       2.058    0.53%      -0.015      0.497
     N7                    0.000      -0.497      -2.562    0.13%      -0.566     -0.099      0.102
             748.000       0.411       0.169       1.147    1.34%       0.196      0.553
     O1                    0.000      -0.032      -1.530    0.13%      -0.370     -0.123     -0.002
             748.000       0.243       0.049       1.167    1.34%       0.126      0.371
     O2                   -0.127      -0.691      -2.186    0.13%      -0.539     -0.243     -0.150
             748.000       0.305       0.434       0.620    6.15%       0.058      0.456
     O3                   -0.156      -0.232      -2.449    0.13%      -0.650     -0.317     -0.154
             748.000       0.405       0.427       1.373    0.13%       0.008      0.338
     O4                    0.171      -0.089      -1.931    0.13%      -0.781     -0.018      0.046
             748.000       0.779      -0.558       1.943    0.94%       0.421      0.951
     O5                    0.510      -0.232      -1.515    0.13%       0.144      0.381      0.541
             748.000       0.182       0.662       1.435    1.20%       0.676      0.782
     O6                    0.183       0.370      -1.271    0.40%      -0.460     -0.105      0.088
             748.000       0.572      -0.276       2.495    0.13%       0.343      0.804
     O7                    0.000       0.683      -1.037    4.55%      -0.590     -0.268     -0.095
             748.000       0.464       0.085       2.188    0.13%       0.081      0.581
     O8                    0.000      -0.281      -2.214    0.13%      -0.662     -0.197      0.087
             748.000       0.647      -0.449       1.417    2.54%       0.226      0.828
     O9                    0.000       0.021      -0.891    0.13%      -0.164     -0.052      0.001
             748.000       0.070       2.256       1.082    0.13%       0.054      0.160


THE MODEL ESTIMATION TERMINATED NORMALLY



MODEL FIT INFORMATION

Number of Free Parameters                      270

Loglikelihood

          H0 Value                      -21971.022
          H1 Value                      -20449.933

Information Criteria

          Akaike (AIC)                   44482.045
          Bayesian (BIC)                 45728.743
          Sample-Size Adjusted BIC       44871.390
            (n* = (n + 2) / 24)

Chi-Square Test of Model Fit

          Value                           3042.179
          Degrees of Freedom                   590
          P-Value                           0.0000

RMSEA (Root Mean Square Error Of Approximation)

          Estimate                           0.075
          90 Percent C.I.                    0.072  0.077
          Probability RMSEA <= .05           0.000

CFI/TLI

          CFI                                0.817
          TLI                                0.758

Chi-Square Test of Model Fit for the Baseline Model

          Value                          14154.082
          Degrees of Freedom                   780
          P-Value                           0.0000

SRMR (Standardized Root Mean Square Residual)

          Value                              0.044



MODEL RESULTS

                                                    Two-Tailed
                    Estimate       S.E.  Est./S.E.    P-Value

 AGREE    BY
    A1                 0.082      0.036      2.248      0.025
    A2                 0.222      0.031      7.217      0.000
    A3                 0.334      0.056      5.985      0.000
    A4                 0.171      0.047      3.633      0.000
    A5                 0.065      0.030      2.205      0.027
    A6                 0.076      0.035      2.172      0.030
    A8                 0.430      0.026     16.338      0.000
    C1                -0.185      0.042     -4.443      0.000
    C2                 0.487      0.027     18.168      0.000
    C3                -0.011      0.020     -0.582      0.561
    C4                 0.576      0.029     19.860      0.000
    C5                 0.049      0.024      2.029      0.042
    C6                -0.170      0.031     -5.474      0.000
    C7                 0.019      0.023      0.797      0.426
    C8                 0.263      0.035      7.499      0.000
    E1                 0.096      0.034      2.848      0.004
    E2                 0.075      0.038      1.966      0.049
    E3                 0.048      0.022      2.140      0.032
    E4                 0.010      0.021      0.500      0.617
    E5                -0.009      0.027     -0.320      0.749
    E6                 0.121      0.048      2.531      0.011
    E7                -0.131      0.033     -3.980      0.000
    E8                 0.053      0.028      1.931      0.053
    E9                 0.099      0.026      3.781      0.000
    N1                 0.026      0.041      0.625      0.532
    N2                -0.043      0.023     -1.889      0.059
    N3                -0.052      0.057     -0.919      0.358
    N4                 0.290      0.032      8.987      0.000
    N5                -0.022      0.016     -1.370      0.171
    N6                -0.040      0.041     -0.984      0.325
    N7                -0.020      0.018     -1.101      0.271
    O1                -0.016      0.013     -1.276      0.202
    O2                -0.041      0.031     -1.322      0.186
    O3                -0.312      0.024    -12.781      0.000
    O4                 0.280      0.040      6.982      0.000
    O5                -0.034      0.017     -2.010      0.044
    O6                 0.378      0.035     10.815      0.000
    O7                 0.324      0.037      8.761      0.000
    O8                 0.051      0.031      1.625      0.104
    O9                 0.097      0.011      9.251      0.000

 CONSC    BY
    A1                -0.048      0.019     -2.531      0.011
    A2                 0.074      0.019      3.873      0.000
    A3                -0.092      0.032     -2.918      0.004
    A4                 0.014      0.025      0.587      0.557
    A5                 0.256      0.029      8.844      0.000
    A6                -0.043      0.023     -1.840      0.066
    A8                 0.166      0.035      4.787      0.000
    C1                 0.246      0.031      7.883      0.000
    C2                -0.228      0.033     -6.940      0.000
    C3                -0.428      0.022    -19.550      0.000
    C4                 0.060      0.032      1.870      0.061
    C5                -0.390      0.027    -14.356      0.000
    C6                 0.282      0.023     12.161      0.000
    C7                 0.375      0.025     14.935      0.000
    C8                -0.081      0.021     -3.821      0.000
    E1                -0.013      0.019     -0.678      0.497
    E2                -0.016      0.018     -0.847      0.397
    E3                 0.080      0.017      4.832      0.000
    E4                 0.035      0.020      1.714      0.087
    E5                 0.186      0.027      6.849      0.000
    E6                -0.021      0.037     -0.574      0.566
    E7                -0.030      0.022     -1.378      0.168
    E8                 0.087      0.034      2.552      0.011
    E9                -0.057      0.022     -2.642      0.008
    N1                -0.098      0.026     -3.805      0.000
    N2                 0.017      0.012      1.406      0.160
    N3                 0.014      0.015      0.931      0.352
    N4                 0.587      0.030     19.547      0.000
    N5                 0.124      0.027      4.581      0.000
    N6                 0.082      0.031      2.665      0.008
    N7                 0.242      0.026      9.479      0.000
    O1                 0.000      0.012      0.004      0.997
    O2                 0.010      0.014      0.662      0.508
    O3                 0.025      0.018      1.364      0.173
    O4                 0.503      0.037     13.591      0.000
    O5                 0.026      0.015      1.699      0.089
    O6                -0.005      0.020     -0.270      0.787
    O7                -0.317      0.029    -10.738      0.000
    O8                 0.035      0.029      1.237      0.216
    O9                 0.004      0.011      0.381      0.703

 EXTRA    BY
    A1                 0.322      0.017     18.940      0.000
    A2                 0.189      0.027      7.103      0.000
    A3                 0.030      0.023      1.322      0.186
    A4                 0.203      0.029      6.946      0.000
    A5                -0.090      0.032     -2.835      0.005
    A6                 0.023      0.020      1.175      0.240
    A8                -0.109      0.047     -2.286      0.022
    C1                 0.091      0.024      3.809      0.000
    C2                 0.020      0.022      0.925      0.355
    C3                -0.050      0.031     -1.645      0.100
    C4                -0.153      0.049     -3.117      0.002
    C5                 0.008      0.016      0.484      0.628
    C6                 0.024      0.015      1.563      0.118
    C7                 0.027      0.027      0.982      0.326
    C8                 0.029      0.017      1.754      0.079
    E1                 0.478      0.024     19.822      0.000
    E2                 0.375      0.020     18.612      0.000
    E3                -0.146      0.016     -9.049      0.000
    E4                -0.107      0.018     -5.815      0.000
    E5                 0.004      0.022      0.189      0.850
    E6                -0.182      0.044     -4.177      0.000
    E7                 0.086      0.024      3.530      0.000
    E8                 0.531      0.033     16.059      0.000
    E9                 0.039      0.019      2.076      0.038
    N1                 0.014      0.016      0.837      0.402
    N2                -0.004      0.010     -0.410      0.682
    N3                -0.018      0.013     -1.391      0.164
    N4                 0.117      0.061      1.934      0.053
    N5                 0.418      0.023     18.199      0.000
    N6                 0.431      0.026     16.392      0.000
    N7                 0.117      0.028      4.192      0.000
    O1                 0.216      0.017     12.509      0.000
    O2                -0.039      0.016     -2.401      0.016
    O3                 0.186      0.028      6.705      0.000
    O4                -0.139      0.058     -2.408      0.016
    O5                -0.002      0.011     -0.172      0.864
    O6                 0.254      0.039      6.451      0.000
    O7                 0.073      0.022      3.388      0.001
    O8                -0.090      0.031     -2.920      0.003
    O9                 0.012      0.011      1.094      0.274

 NEURO    BY
    A1                -0.099      0.019     -5.215      0.000
    A2                 0.010      0.012      0.799      0.424
    A3                -0.077      0.027     -2.890      0.004
    A4                -0.003      0.026     -0.105      0.916
    A5                 0.090      0.031      2.953      0.003
    A6                 0.010      0.023      0.446      0.656
    A8                 0.060      0.028      2.166      0.030
    C1                -0.021      0.024     -0.882      0.378
    C2                 0.039      0.020      1.952      0.051
    C3                -0.009      0.018     -0.490      0.624
    C4                -0.012      0.014     -0.849      0.396
    C5                 0.254      0.027      9.488      0.000
    C6                 0.057      0.021      2.743      0.006
    C7                 0.023      0.024      0.976      0.329
    C8                 0.009      0.011      0.810      0.418
    E1                 0.004      0.017      0.258      0.796
    E2                -0.041      0.021     -2.004      0.045
    E3                 0.166      0.016     10.689      0.000
    E4                 0.074      0.022      3.307      0.001
    E5                 0.225      0.029      7.762      0.000
    E6                 0.563      0.046     12.173      0.000
    E7                 0.306      0.027     11.244      0.000
    E8                 0.026      0.025      1.056      0.291
    E9                 0.423      0.023     18.306      0.000
    N1                -0.007      0.019     -0.386      0.700
    N2                 0.034      0.014      2.509      0.012
    N3                 0.057      0.020      2.910      0.004
    N4                -0.030      0.019     -1.567      0.117
    N5                 0.038      0.019      1.991      0.046
    N6                 0.057      0.028      2.012      0.044
    N7                 0.219      0.026      8.370      0.000
    O1                 0.293      0.018     15.886      0.000
    O2                 0.365      0.021     17.413      0.000
    O3                 0.197      0.025      7.780      0.000
    O4                 0.072      0.033      2.147      0.032
    O5                 0.269      0.017     15.794      0.000
    O6                -0.095      0.030     -3.120      0.002
    O7                 0.019      0.020      0.948      0.343
    O8                 0.462      0.033     13.942      0.000
    O9                -0.020      0.012     -1.726      0.084

 OPEN     BY
    A1                -0.013      0.014     -0.895      0.371
    A2                -0.073      0.028     -2.579      0.010
    A3                -0.285      0.055     -5.213      0.000
    A4                -0.158      0.038     -4.104      0.000
    A5                 0.008      0.028      0.282      0.778
    A6                 0.280      0.026     10.719      0.000
    A8                -0.024      0.032     -0.731      0.465
    C1                 0.227      0.044      5.110      0.000
    C2                 0.117      0.063      1.867      0.062
    C3                -0.009      0.020     -0.473      0.636
    C4                 0.157      0.059      2.672      0.008
    C5                 0.016      0.021      0.770      0.441
    C6                 0.092      0.036      2.569      0.010
    C7                 0.071      0.026      2.689      0.007
    C8                -0.175      0.038     -4.575      0.000
    E1                 0.122      0.028      4.312      0.000
    E2                -0.016      0.019     -0.836      0.403
    E3                 0.006      0.010      0.541      0.588
    E4                 0.037      0.021      1.747      0.081
    E5                 0.062      0.030      2.049      0.040
    E6                -0.058      0.044     -1.331      0.183
    E7                 0.118      0.036      3.325      0.001
    E8                 0.303      0.038      7.941      0.000
    E9                 0.070      0.024      2.959      0.003
    N1                 0.429      0.025     17.273      0.000
    N2                 0.135      0.017      7.994      0.000
    N3                 0.441      0.027     16.593      0.000
    N4                 0.030      0.025      1.201      0.230
    N5                 0.185      0.030      6.141      0.000
    N6                -0.108      0.031     -3.430      0.001
    N7                -0.076      0.028     -2.747      0.006
    O1                -0.017      0.014     -1.248      0.212
    O2                 0.095      0.024      4.029      0.000
    O3                 0.058      0.043      1.348      0.178
    O4                -0.016      0.028     -0.594      0.552
    O5                -0.007      0.015     -0.457      0.648
    O6                 0.091      0.045      2.042      0.041
    O7                -0.034      0.044     -0.770      0.441
    O8                -0.030      0.030     -1.015      0.310
    O9                 0.031      0.016      1.936      0.053

 CONSC    WITH
    AGREE             -0.118      0.038     -3.107      0.002

 EXTRA    WITH
    AGREE              0.122      0.039      3.086      0.002
    CONSC              0.046      0.047      0.992      0.321

 NEURO    WITH
    AGREE             -0.031      0.042     -0.723      0.470
    CONSC              0.359      0.036      9.883      0.000
    EXTRA              0.026      0.038      0.674      0.500

 OPEN     WITH
    AGREE             -0.175      0.036     -4.833      0.000
    CONSC              0.283      0.034      8.230      0.000
    EXTRA              0.006      0.042      0.146      0.884
    NEURO              0.365      0.037      9.997      0.000

 Intercepts
    A1                -0.058      0.018     -3.257      0.001
    A2                 0.030      0.016      1.818      0.069
    A3                 0.079      0.027      2.955      0.003
    A4                -0.099      0.025     -3.980      0.000
    A5                -0.100      0.025     -4.072      0.000
    A6                -0.116      0.021     -5.500      0.000
    A8                 0.419      0.025     16.465      0.000
    C1                -0.088      0.026     -3.385      0.001
    C2                -0.027      0.025     -1.059      0.290
    C3                -0.033      0.022     -1.515      0.130
    C4                 0.177      0.026      6.810      0.000
    C5                 0.030      0.024      1.259      0.208
    C6                -0.190      0.021     -9.123      0.000
    C7                -0.108      0.023     -4.589      0.000
    C8                 0.088      0.017      5.263      0.000
    E1                -0.040      0.024     -1.680      0.093
    E2                -0.059      0.020     -2.915      0.004
    E3                 0.426      0.014     30.786      0.000
    E4                -0.160      0.017     -9.389      0.000
    E5                -0.039      0.025     -1.543      0.123
    E6                 0.281      0.040      7.024      0.000
    E7                 0.047      0.024      1.971      0.049
    E8                -0.010      0.032     -0.296      0.767
    E9                 0.075      0.022      3.460      0.001
    N1                -0.162      0.023     -7.079      0.000
    N2                 0.107      0.012      9.032      0.000
    N3                 0.649      0.021     31.282      0.000
    N4                 0.538      0.029     18.335      0.000
    N5                -0.245      0.024    -10.340      0.000
    N6                -0.134      0.026     -5.059      0.000
    N7                 0.000      0.023      0.000      1.000
    O1                 0.000      0.018      0.000      1.000
    O2                -0.127      0.020     -6.296      0.000
    O3                -0.156      0.023     -6.710      0.000
    O4                 0.171      0.032      5.307      0.000
    O5                 0.510      0.016     32.708      0.000
    O6                 0.183      0.028      6.631      0.000
    O7                 0.000      0.025      0.000      1.000
    O8                 0.000      0.029      0.000      1.000
    O9                 0.000      0.010      0.000      1.000

 Variances
    AGREE              1.000      0.000    999.000    999.000
    CONSC              1.000      0.000    999.000    999.000
    EXTRA              1.000      0.000    999.000    999.000
    NEURO              1.000      0.000    999.000    999.000
    OPEN               1.000      0.000    999.000    999.000

 Residual Variances
    A1                 0.104      0.006     16.163      0.000
    A2                 0.095      0.006     16.802      0.000
    A3                 0.252      0.015     17.149      0.000
    A4                 0.352      0.019     18.526      0.000
    A5                 0.355      0.019     18.487      0.000
    A6                 0.258      0.015     17.741      0.000
    A8                 0.281      0.017     16.493      0.000
    C1                 0.303      0.017     17.964      0.000
    C2                 0.192      0.014     14.215      0.000
    C3                 0.166      0.010     15.914      0.000
    C4                 0.180      0.015     12.426      0.000
    C5                 0.265      0.016     16.552      0.000
    C6                 0.157      0.009     17.266      0.000
    C7                 0.242      0.014     17.404      0.000
    C8                 0.072      0.005     15.376      0.000
    E1                 0.172      0.011     15.490      0.000
    E2                 0.153      0.009     16.851      0.000
    E3                 0.080      0.005     17.088      0.000
    E4                 0.194      0.010     19.007      0.000
    E5                 0.331      0.018     18.553      0.000
    E6                 0.876      0.049     17.858      0.000
    E7                 0.274      0.015     17.914      0.000
    E8                 0.356      0.022     16.207      0.000
    E9                 0.149      0.010     15.028      0.000
    N1                 0.224      0.015     15.448      0.000
    N2                 0.075      0.004     18.351      0.000
    N3                 0.090      0.008     10.786      0.000
    N4                 0.232      0.017     13.818      0.000
    N5                 0.165      0.011     15.620      0.000
    N6                 0.320      0.019     17.164      0.000
    N7                 0.265      0.015     17.771      0.000
    O1                 0.111      0.007     15.245      0.000
    O2                 0.129      0.008     15.729      0.000
    O3                 0.217      0.013     17.098      0.000
    O4                 0.452      0.027     16.850      0.000
    O5                 0.104      0.006     16.851      0.000
    O6                 0.340      0.019     17.503      0.000
    O7                 0.219      0.013     16.536      0.000
    O8                 0.425      0.024     17.491      0.000
    O9                 0.060      0.003     18.695      0.000


STANDARDIZED MODEL RESULTS


STDYX Standardization

                                                    Two-Tailed
                    Estimate       S.E.  Est./S.E.    P-Value

 AGREE    BY
    A1                 0.168      0.074      2.257      0.024
    A2                 0.494      0.066      7.478      0.000
    A3                 0.455      0.074      6.128      0.000
    A4                 0.251      0.068      3.674      0.000
    A5                 0.097      0.044      2.212      0.027
    A6                 0.131      0.060      2.178      0.029
    A8                 0.617      0.030     20.526      0.000
    C1                -0.260      0.058     -4.491      0.000
    C2                 0.698      0.030     22.953      0.000
    C3                -0.019      0.033     -0.582      0.561
    C4                 0.810      0.032     25.523      0.000
    C5                 0.076      0.038      2.031      0.042
    C6                -0.299      0.054     -5.552      0.000
    C7                 0.029      0.036      0.797      0.425
    C8                 0.576      0.074      7.767      0.000
    E1                 0.146      0.051      2.859      0.004
    E2                 0.134      0.068      1.972      0.049
    E3                 0.126      0.059      2.143      0.032
    E4                 0.022      0.045      0.500      0.617
    E5                -0.013      0.039     -0.320      0.749
    E6                 0.110      0.043      2.542      0.011
    E7                -0.199      0.050     -4.017      0.000
    E8                 0.061      0.032      1.932      0.053
    E9                 0.168      0.044      3.803      0.000
    N1                 0.042      0.066      0.625      0.532
    N2                -0.133      0.070     -1.893      0.058
    N3                -0.092      0.101     -0.919      0.358
    N4                 0.361      0.039      9.198      0.000
    N5                -0.034      0.025     -1.371      0.170
    N6                -0.055      0.056     -0.983      0.325
    N7                -0.031      0.028     -1.102      0.271
    O1                -0.033      0.026     -1.277      0.202
    O2                -0.074      0.056     -1.322      0.186
    O3                -0.490      0.034    -14.238      0.000
    O4                 0.318      0.044      7.178      0.000
    O5                -0.081      0.040     -2.013      0.044
    O6                 0.500      0.042     11.872      0.000
    O7                 0.476      0.052      9.217      0.000
    O8                 0.064      0.039      1.627      0.104
    O9                 0.367      0.036     10.064      0.000

 CONSC    BY
    A1                -0.099      0.039     -2.535      0.011
    A2                 0.166      0.043      3.898      0.000
    A3                -0.126      0.043     -2.930      0.003
    A4                 0.021      0.036      0.587      0.557
    A5                 0.382      0.040      9.495      0.000
    A6                -0.074      0.040     -1.844      0.065
    A8                 0.239      0.049      4.854      0.000
    C1                 0.346      0.042      8.238      0.000
    C2                -0.327      0.046     -7.060      0.000
    C3                -0.715      0.026    -27.235      0.000
    C4                 0.084      0.045      1.872      0.061
    C5                -0.605      0.036    -16.993      0.000
    C6                 0.494      0.037     13.452      0.000
    C7                 0.585      0.032     18.117      0.000
    C8                -0.177      0.046     -3.841      0.000
    E1                -0.020      0.030     -0.678      0.497
    E2                -0.028      0.033     -0.848      0.397
    E3                 0.213      0.044      4.889      0.000
    E4                 0.075      0.044      1.718      0.086
    E5                 0.272      0.038      7.098      0.000
    E6                -0.019      0.034     -0.574      0.566
    E7                -0.046      0.033     -1.379      0.168
    E8                 0.099      0.039      2.557      0.011
    E9                -0.097      0.037     -2.646      0.008
    N1                -0.156      0.041     -3.832      0.000
    N2                 0.053      0.038      1.408      0.159
    N3                 0.024      0.026      0.931      0.352
    N4                 0.731      0.029     24.886      0.000
    N5                 0.191      0.041      4.614      0.000
    N6                 0.114      0.042      2.675      0.007
    N7                 0.377      0.037     10.122      0.000
    O1                 0.000      0.025      0.004      0.997
    O2                 0.017      0.026      0.662      0.508
    O3                 0.039      0.029      1.366      0.172
    O4                 0.569      0.036     15.745      0.000
    O5                 0.060      0.035      1.702      0.089
    O6                -0.007      0.027     -0.270      0.787
    O7                -0.465      0.040    -11.491      0.000
    O8                 0.044      0.036      1.237      0.216
    O9                 0.016      0.042      0.381      0.703

 EXTRA    BY
    A1                 0.662      0.027     24.462      0.000
    A2                 0.421      0.058      7.290      0.000
    A3                 0.041      0.031      1.322      0.186
    A4                 0.299      0.041      7.215      0.000
    A5                -0.134      0.047     -2.851      0.004
    A6                 0.040      0.034      1.176      0.240
    A8                -0.156      0.068     -2.293      0.022
    C1                 0.128      0.033      3.834      0.000
    C2                 0.029      0.032      0.924      0.355
    C3                -0.084      0.051     -1.648      0.099
    C4                -0.216      0.069     -3.134      0.002
    C5                 0.012      0.025      0.484      0.628
    C6                 0.041      0.026      1.564      0.118
    C7                 0.042      0.043      0.983      0.326
    C8                 0.065      0.037      1.753      0.080
    E1                 0.727      0.027     26.635      0.000
    E2                 0.675      0.027     24.852      0.000
    E3                -0.386      0.041     -9.523      0.000
    E4                -0.229      0.038     -6.003      0.000
    E5                 0.006      0.032      0.189      0.850
    E6                -0.166      0.039     -4.225      0.000
    E7                 0.130      0.037      3.553      0.000
    E8                 0.604      0.032     19.151      0.000
    E9                 0.066      0.032      2.081      0.037
    N1                 0.022      0.026      0.837      0.402
    N2                -0.013      0.032     -0.410      0.682
    N3                -0.032      0.023     -1.393      0.164
    N4                 0.146      0.075      1.940      0.052
    N5                 0.645      0.029     22.389      0.000
    N6                 0.596      0.028     20.985      0.000
    N7                 0.183      0.043      4.242      0.000
    O1                 0.439      0.032     13.636      0.000
    O2                -0.071      0.029     -2.404      0.016
    O3                 0.292      0.043      6.877      0.000
    O4                -0.158      0.066     -2.412      0.016
    O5                -0.005      0.027     -0.172      0.864
    O6                 0.336      0.051      6.606      0.000
    O7                 0.107      0.032      3.397      0.001
    O8                -0.112      0.038     -2.933      0.003
    O9                 0.047      0.043      1.095      0.274

 NEURO    BY
    A1                -0.205      0.039     -5.260      0.000
    A2                 0.021      0.027      0.799      0.424
    A3                -0.104      0.036     -2.897      0.004
    A4                -0.004      0.038     -0.105      0.916
    A5                 0.135      0.045      2.973      0.003
    A6                 0.018      0.039      0.446      0.656
    A8                 0.086      0.040      2.170      0.030
    C1                -0.029      0.033     -0.882      0.378
    C2                 0.056      0.029      1.955      0.051
    C3                -0.015      0.030     -0.490      0.624
    C4                -0.017      0.020     -0.849      0.396
    C5                 0.393      0.039     10.029      0.000
    C6                 0.100      0.036      2.752      0.006
    C7                 0.036      0.037      0.977      0.329
    C8                 0.020      0.025      0.810      0.418
    E1                 0.006      0.025      0.259      0.796
    E2                -0.074      0.037     -2.006      0.045
    E3                 0.439      0.038     11.550      0.000
    E4                 0.158      0.047      3.340      0.001
    E5                 0.329      0.040      8.149      0.000
    E6                 0.513      0.037     13.924      0.000
    E7                 0.466      0.038     12.407      0.000
    E8                 0.030      0.029      1.056      0.291
    E9                 0.717      0.030     23.529      0.000
    N1                -0.012      0.030     -0.386      0.700
    N2                 0.107      0.042      2.520      0.012
    N3                 0.101      0.035      2.916      0.004
    N4                -0.037      0.024     -1.567      0.117
    N5                 0.059      0.030      1.995      0.046
    N6                 0.079      0.039      2.016      0.044
    N7                 0.342      0.039      8.792      0.000
    O1                 0.595      0.032     18.518      0.000
    O2                 0.662      0.030     21.769      0.000
    O3                 0.309      0.039      8.033      0.000
    O4                 0.081      0.038      2.151      0.031
    O5                 0.630      0.032     19.650      0.000
    O6                -0.125      0.040     -3.132      0.002
    O7                 0.028      0.029      0.949      0.343
    O8                 0.575      0.035     16.643      0.000
    O9                -0.077      0.044     -1.730      0.084

 OPEN     BY
    A1                -0.026      0.030     -0.895      0.371
    A2                -0.163      0.063     -2.581      0.010
    A3                -0.387      0.073     -5.284      0.000
    A4                -0.231      0.056     -4.155      0.000
    A5                 0.012      0.042      0.282      0.778
    A6                 0.485      0.041     11.934      0.000
    A8                -0.034      0.046     -0.731      0.465
    C1                 0.318      0.061      5.203      0.000
    C2                 0.168      0.090      1.873      0.061
    C3                -0.016      0.034     -0.473      0.636
    C4                 0.221      0.082      2.684      0.007
    C5                 0.025      0.032      0.770      0.441
    C6                 0.161      0.063      2.577      0.010
    C7                 0.110      0.041      2.701      0.007
    C8                -0.384      0.083     -4.600      0.000
    E1                 0.186      0.043      4.334      0.000
    E2                -0.028      0.034     -0.836      0.403
    E3                 0.015      0.027      0.541      0.588
    E4                 0.081      0.046      1.752      0.080
    E5                 0.090      0.044      2.055      0.040
    E6                -0.053      0.040     -1.332      0.183
    E7                 0.181      0.054      3.351      0.001
    E8                 0.345      0.042      8.192      0.000
    E9                 0.119      0.040      2.968      0.003
    N1                 0.687      0.030     22.638      0.000
    N2                 0.420      0.050      8.455      0.000
    N3                 0.778      0.040     19.662      0.000
    N4                 0.037      0.031      1.201      0.230
    N5                 0.286      0.046      6.245      0.000
    N6                -0.149      0.043     -3.452      0.001
    N7                -0.119      0.043     -2.756      0.006
    O1                -0.035      0.028     -1.247      0.212
    O2                 0.172      0.042      4.060      0.000
    O3                 0.091      0.068      1.348      0.178
    O4                -0.019      0.031     -0.595      0.552
    O5                -0.016      0.034     -0.457      0.648
    O6                 0.121      0.059      2.048      0.041
    O7                -0.049      0.064     -0.769      0.442
    O8                -0.038      0.037     -1.015      0.310
    O9                 0.119      0.061      1.942      0.052

 CONSC    WITH
    AGREE             -0.118      0.038     -3.107      0.002

 EXTRA    WITH
    AGREE              0.122      0.039      3.086      0.002
    CONSC              0.046      0.047      0.992      0.321

 NEURO    WITH
    AGREE             -0.031      0.042     -0.723      0.470
    CONSC              0.359      0.036      9.883      0.000
    EXTRA              0.026      0.038      0.674      0.500

 OPEN     WITH
    AGREE             -0.175      0.036     -4.833      0.000
    CONSC              0.283      0.034      8.230      0.000
    EXTRA              0.006      0.042      0.146      0.884
    NEURO              0.365      0.037      9.997      0.000

 Intercepts
    A1                -0.119      0.037     -3.245      0.001
    A2                 0.066      0.037      1.816      0.069
    A3                 0.108      0.037      2.947      0.003
    A4                -0.146      0.037     -3.959      0.000
    A5                -0.149      0.037     -4.050      0.000
    A6                -0.201      0.037     -5.445      0.000
    A8                 0.602      0.040     15.150      0.000
    C1                -0.124      0.037     -3.372      0.001
    C2                -0.039      0.037     -1.058      0.290
    C3                -0.055      0.037     -1.514      0.130
    C4                 0.249      0.037      6.707      0.000
    C5                 0.046      0.037      1.258      0.208
    C6                -0.334      0.038     -8.880      0.000
    C7                -0.168      0.037     -4.557      0.000
    C8                 0.192      0.037      5.215      0.000
    E1                -0.061      0.037     -1.678      0.093
    E2                -0.107      0.037     -2.906      0.004
    E3                 1.126      0.047     24.087      0.000
    E4                -0.343      0.038     -9.124      0.000
    E5                -0.056      0.037     -1.542      0.123
    E6                 0.257      0.037      6.911      0.000
    E7                 0.072      0.037      1.968      0.049
    E8                -0.011      0.037     -0.296      0.767
    E9                 0.127      0.037      3.446      0.001
    N1                -0.259      0.037     -6.963      0.000
    N2                 0.330      0.038      8.796      0.000
    N3                 1.144      0.047     24.322      0.000
    N4                 0.670      0.040     16.568      0.000
    N5                -0.378      0.038     -9.989      0.000
    N6                -0.185      0.037     -5.017      0.000
    N7                 0.000      0.037      0.000      1.000
    O1                 0.000      0.037      0.000      1.000
    O2                -0.230      0.037     -6.214      0.000
    O3                -0.245      0.037     -6.612      0.000
    O4                 0.194      0.037      5.258      0.000
    O5                 1.196      0.048     24.975      0.000
    O6                 0.242      0.037      6.536      0.000
    O7                 0.000      0.037      0.000      1.000
    O8                 0.000      0.037      0.000      1.000
    O9                 0.000      0.037      0.000      1.000

 Variances
    AGREE              1.000      0.000    999.000    999.000
    CONSC              1.000      0.000    999.000    999.000
    EXTRA              1.000      0.000    999.000    999.000
    NEURO              1.000      0.000    999.000    999.000
    OPEN               1.000      0.000    999.000    999.000

 Residual Variances
    A1                 0.440      0.028     15.527      0.000
    A2                 0.475      0.029     16.491      0.000
    A3                 0.467      0.028     16.717      0.000
    A4                 0.759      0.030     25.559      0.000
    A5                 0.787      0.029     26.803      0.000
    A6                 0.774      0.032     24.160      0.000
    A8                 0.579      0.033     17.530      0.000
    C1                 0.599      0.030     19.733      0.000
    C2                 0.396      0.029     13.476      0.000
    C3                 0.464      0.030     15.542      0.000
    C4                 0.357      0.030     11.750      0.000
    C5                 0.636      0.034     18.499      0.000
    C6                 0.484      0.028     17.049      0.000
    C7                 0.590      0.031     18.822      0.000
    C8                 0.346      0.025     14.064      0.000
    E1                 0.398      0.027     14.569      0.000
    E2                 0.495      0.029     16.788      0.000
    E3                 0.562      0.031     17.978      0.000
    E4                 0.895      0.023     39.000      0.000
    E5                 0.708      0.030     23.617      0.000
    E6                 0.729      0.032     22.882      0.000
    E7                 0.637      0.031     20.478      0.000
    E8                 0.463      0.029     15.797      0.000
    E9                 0.430      0.030     14.429      0.000
    N1                 0.575      0.035     16.250      0.000
    N2                 0.720      0.030     23.610      0.000
    N3                 0.279      0.028     10.113      0.000
    N4                 0.360      0.028     12.926      0.000
    N5                 0.394      0.027     14.642      0.000
    N6                 0.613      0.032     18.935      0.000
    N7                 0.645      0.032     20.445      0.000
    O1                 0.456      0.031     14.844      0.000
    O2                 0.422      0.028     14.978      0.000
    O3                 0.537      0.030     17.610      0.000
    O4                 0.580      0.032     17.979      0.000
    O5                 0.570      0.032     17.822      0.000
    O6                 0.595      0.031     19.055      0.000
    O7                 0.472      0.029     16.202      0.000
    O8                 0.656      0.032     20.269      0.000
    O9                 0.860      0.026     32.674      0.000


R-SQUARE

    Observed                                        Two-Tailed
    Variable        Estimate       S.E.  Est./S.E.    P-Value

    A1                 0.560      0.028     19.744      0.000
    A2                 0.525      0.029     18.242      0.000
    A3                 0.533      0.028     19.103      0.000
    A4                 0.241      0.030      8.134      0.000
    A5                 0.213      0.029      7.261      0.000
    A6                 0.226      0.032      7.063      0.000
    A8                 0.421      0.033     12.749      0.000
    C1                 0.401      0.030     13.196      0.000
    C2                 0.604      0.029     20.579      0.000
    C3                 0.536      0.030     17.941      0.000
    C4                 0.643      0.030     21.198      0.000
    C5                 0.364      0.034     10.580      0.000
    C6                 0.516      0.028     18.182      0.000
    C7                 0.410      0.031     13.105      0.000
    C8                 0.654      0.025     26.632      0.000
    E1                 0.602      0.027     22.000      0.000
    E2                 0.505      0.029     17.125      0.000
    E3                 0.438      0.031     14.019      0.000
    E4                 0.105      0.023      4.591      0.000
    E5                 0.292      0.030      9.739      0.000
    E6                 0.271      0.032      8.497      0.000
    E7                 0.363      0.031     11.682      0.000
    E8                 0.537      0.029     18.355      0.000
    E9                 0.570      0.030     19.142      0.000
    N1                 0.425      0.035     11.990      0.000
    N2                 0.280      0.030      9.188      0.000
    N3                 0.721      0.028     26.150      0.000
    N4                 0.640      0.028     22.971      0.000
    N5                 0.606      0.027     22.501      0.000
    N6                 0.387      0.032     11.946      0.000
    N7                 0.355      0.032     11.265      0.000
    O1                 0.544      0.031     17.709      0.000
    O2                 0.578      0.028     20.488      0.000
    O3                 0.463      0.030     15.203      0.000
    O4                 0.420      0.032     13.010      0.000
    O5                 0.430      0.032     13.456      0.000
    O6                 0.405      0.031     12.949      0.000
    O7                 0.528      0.029     18.160      0.000
    O8                 0.344      0.032     10.625      0.000
    O9                 0.140      0.026      5.324      0.000


QUALITY OF NUMERICAL RESULTS

     Condition Number for the Information Matrix              0.761E-03
       (ratio of smallest to largest eigenvalue)


MODEL MODIFICATION INDICES

NOTE:  Modification indices for direct effects of observed dependent variables
regressed on covariates may not be included.  To include these, request
MODINDICES (ALL).

Minimum M.I. value for printing the modification index     4.000

                                   M.I.     E.P.C.  Std E.P.C.  StdYX E.P.C.

WITH Statements

A4       WITH A2                  22.590     0.035      0.035        0.190
A5       WITH A3                   6.661     0.030      0.030        0.101
A5       WITH A4                   7.602     0.037      0.037        0.105
A6       WITH A2                  12.599     0.022      0.022        0.143
A6       WITH A3                   5.105     0.023      0.023        0.090
A6       WITH A4                  32.007     0.066      0.066        0.218
A8       WITH A1                  15.109     0.028      0.028        0.164
A8       WITH A3                   6.223    -0.027     -0.027       -0.102
A8       WITH A4                  41.876    -0.080     -0.080       -0.255
A8       WITH A5                  18.632    -0.054     -0.054       -0.171
A8       WITH A6                  27.676    -0.057     -0.057       -0.211
C1       WITH A3                   6.526     0.028      0.028        0.103
C2       WITH A1                  10.169    -0.020     -0.020       -0.143
C2       WITH A2                   8.147     0.017      0.017        0.126
C2       WITH A3                   4.597    -0.021     -0.021       -0.094
C2       WITH A4                  10.661     0.036      0.036        0.137
C2       WITH A5                   5.848     0.027      0.027        0.101
C2       WITH A6                  12.122     0.033      0.033        0.150
C2       WITH A8                  60.109    -0.080     -0.080       -0.345
C3       WITH A1                   5.459     0.013      0.013        0.101
C3       WITH A5                  19.306     0.044      0.044        0.180
C4       WITH A2                   5.742     0.015      0.015        0.113
C4       WITH A3                  13.610    -0.037     -0.037       -0.172
C4       WITH A5                   5.988    -0.028     -0.028       -0.110
C4       WITH A6                   6.464    -0.025     -0.025       -0.117
C4       WITH A8                  60.945     0.087      0.087        0.387
C4       WITH C2                   4.003    -0.021     -0.021       -0.111
C5       WITH A8                   4.954     0.025      0.025        0.093
C5       WITH C2                   8.232    -0.029     -0.029       -0.129
C5       WITH C3                  23.585     0.045      0.045        0.215
C5       WITH C4                   9.761     0.032      0.032        0.147
C6       WITH A1                   6.807     0.014      0.014        0.109
C6       WITH A2                  16.071     0.020      0.020        0.164
C6       WITH A3                   4.050     0.016      0.016        0.082
C6       WITH A4                   9.026     0.028      0.028        0.118
C6       WITH A5                  35.312     0.055      0.055        0.233
C6       WITH A6                   5.233     0.018      0.018        0.091
C6       WITH A8                  20.453    -0.039     -0.039       -0.184
C6       WITH C3                  25.023     0.035      0.035        0.215
C6       WITH C4                   8.773     0.023      0.023        0.137
C6       WITH C5                  14.345     0.032      0.032        0.158
C7       WITH A4                   7.318     0.031      0.031        0.105
C7       WITH A5                  44.352     0.076      0.076        0.261
C7       WITH A8                  20.793    -0.048     -0.048       -0.186
C7       WITH C2                  13.774     0.035      0.035        0.160
C7       WITH C4                  16.478    -0.039     -0.039       -0.187
C7       WITH C5                  22.833    -0.050     -0.050       -0.199
C8       WITH A3                 134.725     0.069      0.069        0.513
C8       WITH A5                  22.144     0.031      0.031        0.194
C8       WITH A6                  12.583     0.020      0.020        0.149
C8       WITH A8                   6.583    -0.016     -0.016       -0.111
C8       WITH C4                   7.982    -0.016     -0.016       -0.140
C8       WITH C7                  11.599     0.019      0.019        0.144
E1       WITH A2                   7.205    -0.015     -0.015       -0.118
E1       WITH A4                  14.014    -0.038     -0.038       -0.155
E1       WITH A5                   5.452     0.024      0.024        0.096
E1       WITH A6                   9.707    -0.028     -0.028       -0.130
E1       WITH C4                   4.250    -0.018     -0.018       -0.100
E2       WITH A3                   4.263    -0.017     -0.017       -0.085
E2       WITH A6                   5.102    -0.018     -0.018       -0.091
E2       WITH A8                  11.552     0.029      0.029        0.141
E2       WITH C4                  10.407     0.025      0.025        0.152
E2       WITH C8                   5.158    -0.010     -0.010       -0.098
E3       WITH A1                  18.548    -0.017     -0.017       -0.185
E3       WITH A8                   9.484     0.019      0.019        0.127
E3       WITH C6                  16.820    -0.019     -0.019       -0.167
E3       WITH E1                   5.444     0.012      0.012        0.101
E4       WITH A1                  21.536    -0.026     -0.026       -0.186
E4       WITH A4                  34.843     0.058      0.058        0.222
E4       WITH A5                  29.981     0.054      0.054        0.206
E4       WITH A6                  13.942     0.032      0.032        0.142
E4       WITH A8                  52.388    -0.066     -0.066       -0.283
E4       WITH C1                  12.067     0.032      0.032        0.132
E4       WITH C2                  42.585     0.052      0.052        0.271
E4       WITH C3                   9.327     0.022      0.022        0.123
E4       WITH C6                  13.442     0.025      0.025        0.142
E4       WITH C7                  15.176     0.033      0.033        0.150
E4       WITH C8                  14.063     0.018      0.018        0.153
E4       WITH E1                   9.156    -0.023     -0.023       -0.123
E4       WITH E2                   9.984    -0.021     -0.021       -0.125
E5       WITH A2                   9.618     0.022      0.022        0.123
E5       WITH C2                   6.103     0.026      0.026        0.104
E5       WITH C6                  27.058     0.047      0.047        0.204
E5       WITH C7                   8.796     0.033      0.033        0.116
E6       WITH A1                   4.347     0.026      0.026        0.086
E6       WITH A2                   5.293    -0.027     -0.027       -0.093
E6       WITH A6                  25.612    -0.094     -0.094       -0.198
E6       WITH A8                   8.960     0.060      0.060        0.120
E6       WITH C2                   6.525    -0.045     -0.045       -0.109
E6       WITH C7                   8.811    -0.054     -0.054       -0.118
E6       WITH E4                  15.601    -0.062     -0.062       -0.151
E7       WITH A4                  12.399    -0.042     -0.042       -0.136
E7       WITH A8                   9.408     0.034      0.034        0.123
E7       WITH C2                  12.214    -0.034     -0.034       -0.149
E7       WITH C8                  12.267     0.021      0.021        0.147
E7       WITH E3                   4.162     0.012      0.012        0.082
E7       WITH E5                   4.107    -0.024     -0.024       -0.078
E7       WITH E6                   6.850     0.051      0.051        0.103
E8       WITH A1                   6.787    -0.022     -0.022       -0.114
E8       WITH A2                  35.754    -0.047     -0.047       -0.252
E8       WITH A6                   5.637    -0.029     -0.029       -0.097
E8       WITH C1                  10.460    -0.043     -0.043       -0.132
E8       WITH C2                  10.175    -0.037     -0.037       -0.142
E8       WITH C5                   4.017    -0.026     -0.026       -0.085
E8       WITH C6                   5.129    -0.022     -0.022       -0.094
E8       WITH C8                   6.449     0.018      0.018        0.111
E8       WITH E1                  43.953     0.075      0.075        0.303
E8       WITH E2                   4.392    -0.021     -0.021       -0.090
E8       WITH E3                   5.942     0.017      0.017        0.102
E9       WITH A8                   9.475     0.027      0.027        0.134
E9       WITH C1                  18.748    -0.039     -0.039       -0.184
E9       WITH C6                   6.804    -0.017     -0.017       -0.113
E9       WITH C8                   5.677    -0.011     -0.011       -0.109
E9       WITH E4                   9.364    -0.022     -0.022       -0.127
E9       WITH E8                   7.978     0.029      0.029        0.125
N1       WITH A2                  10.432    -0.020     -0.020       -0.139
N1       WITH A3                  10.276     0.033      0.033        0.138
N1       WITH A4                   8.097    -0.033     -0.033       -0.117
N1       WITH A5                  12.523     0.041      0.041        0.144
N1       WITH A8                   7.385    -0.029     -0.029       -0.115
N1       WITH C6                   7.025     0.021      0.021        0.112
N1       WITH C7                  16.244     0.039      0.039        0.169
N1       WITH C8                   4.766     0.013      0.013        0.099
N1       WITH E1                   4.475     0.019      0.019        0.094
N1       WITH E5                   4.721    -0.024     -0.024       -0.089
N1       WITH E7                   5.027    -0.023     -0.023       -0.093
N1       WITH E9                   7.978     0.023      0.023        0.127
N2       WITH A4                   8.200    -0.018     -0.018       -0.109
N2       WITH A5                   7.633    -0.017     -0.017       -0.105
N2       WITH A8                  22.579     0.027      0.027        0.188
N2       WITH C1                  31.075     0.033      0.033        0.216
N2       WITH C2                  15.131    -0.020     -0.020       -0.164
N2       WITH C3                   5.524    -0.011     -0.011       -0.096
N2       WITH C4                   5.034     0.012      0.012        0.101
N2       WITH C6                  10.320    -0.014     -0.014       -0.126
N2       WITH C7                  11.728    -0.018     -0.018       -0.134
N2       WITH E3                   8.264     0.009      0.009        0.114
N2       WITH E5                  10.619    -0.020     -0.020       -0.124
N2       WITH E6                   9.840     0.031      0.031        0.122
N2       WITH E7                  52.885     0.040      0.040        0.282
N2       WITH E9                  18.770    -0.019     -0.019       -0.182
N3       WITH A1                  10.512     0.016      0.016        0.165
N3       WITH A2                   8.456     0.014      0.014        0.148
N3       WITH A6                  37.407     0.048      0.048        0.315
N3       WITH C1                   9.637     0.025      0.025        0.154
N3       WITH E1                  31.057    -0.036     -0.036       -0.291
N3       WITH E3                   4.048    -0.008     -0.008       -0.100
N3       WITH E5                   6.402     0.021      0.021        0.121
N3       WITH N2                   7.596     0.011      0.011        0.138
N4       WITH C3                  23.976    -0.050     -0.050       -0.253
N4       WITH C7                   4.278    -0.023     -0.023       -0.097
N4       WITH E3                   7.383    -0.017     -0.017       -0.124
N4       WITH E7                   4.238    -0.023     -0.023       -0.092
N5       WITH A1                  22.409    -0.028     -0.028       -0.212
N5       WITH A2                  16.119    -0.022     -0.022       -0.173
N5       WITH A3                   5.753     0.021      0.021        0.101
N5       WITH A8                  13.633    -0.034     -0.034       -0.157
N5       WITH C1                  11.166    -0.031     -0.031       -0.139
N5       WITH C6                   4.610    -0.015     -0.015       -0.091
N5       WITH E1                  15.406     0.031      0.031        0.184
N5       WITH E4                  18.464     0.031      0.031        0.173
N5       WITH E5                   5.172    -0.022     -0.022       -0.093
N5       WITH E8                 116.079     0.118      0.118        0.486
N5       WITH N2                   4.347    -0.010     -0.010       -0.086
N5       WITH N3                  20.294    -0.029     -0.029       -0.236
N5       WITH N4                   9.658     0.029      0.029        0.147
N6       WITH A2                  32.486     0.041      0.041        0.236
N6       WITH A3                  10.169    -0.037     -0.037       -0.129
N6       WITH A4                  15.851     0.052      0.052        0.156
N6       WITH C1                  24.102     0.061      0.061        0.195
N6       WITH C4                  11.086     0.038      0.038        0.156
N6       WITH E1                  13.858    -0.038     -0.038       -0.162
N6       WITH E4                   7.423     0.026      0.026        0.106
N6       WITH E5                  14.783     0.049      0.049        0.151
N6       WITH E6                   5.313    -0.049     -0.049       -0.092
N6       WITH E8                  11.643    -0.048     -0.048       -0.142
N6       WITH E9                  12.240    -0.033     -0.033       -0.151
N6       WITH N1                  10.918    -0.038     -0.038       -0.140
N6       WITH N3                   5.650     0.020      0.020        0.119
N6       WITH N4                  14.808    -0.047     -0.047       -0.174
N6       WITH N5                  12.663    -0.035     -0.035       -0.152
N7       WITH A2                   9.366     0.020      0.020        0.125
N7       WITH C4                   5.885    -0.024     -0.024       -0.111
N7       WITH C5                   8.949     0.032      0.032        0.122
N7       WITH C6                   4.935     0.018      0.018        0.089
N7       WITH C7                   5.344     0.023      0.023        0.092
N7       WITH E2                   6.067     0.020      0.020        0.100
N7       WITH E8                  24.808    -0.063     -0.063       -0.204
N7       WITH N1                   5.624     0.024      0.024        0.100
N7       WITH N3                   6.452     0.019      0.019        0.125
N7       WITH N4                   4.530     0.024      0.024        0.096
O1       WITH A2                   8.217     0.013      0.013        0.125
O1       WITH A3                   9.123    -0.022     -0.022       -0.129
O1       WITH A5                  18.160    -0.035     -0.035       -0.176
O1       WITH C1                  11.535     0.026      0.026        0.143
O1       WITH C3                   9.578    -0.019     -0.019       -0.137
O1       WITH C6                   6.665    -0.015     -0.015       -0.110
O1       WITH C7                   7.491    -0.019     -0.019       -0.116
O1       WITH E1                   7.899    -0.018     -0.018       -0.128
O1       WITH E8                   4.661    -0.019     -0.019       -0.095
O1       WITH N1                   4.911    -0.016     -0.016       -0.099
O1       WITH N2                   6.989     0.010      0.010        0.110
O1       WITH N5                   5.369    -0.014     -0.014       -0.105
O1       WITH N6                  14.793     0.031      0.031        0.167
O2       WITH A1                   4.718     0.011      0.011        0.095
O2       WITH A8                   8.221    -0.023     -0.023       -0.122
O2       WITH C1                   5.782    -0.020     -0.020       -0.100
O2       WITH C2                   7.558     0.020      0.020        0.124
O2       WITH C5                   6.368    -0.020     -0.020       -0.110
O2       WITH C6                  10.761     0.020      0.020        0.138
O2       WITH C7                   4.751     0.016      0.016        0.091
O2       WITH E2                   6.202    -0.015     -0.015       -0.107
O2       WITH E5                  39.771     0.054      0.054        0.260
O2       WITH E9                  12.606     0.024      0.024        0.172
O2       WITH N2                  32.802    -0.023     -0.023       -0.235
O3       WITH A2                   5.204     0.014      0.014        0.094
O3       WITH A4                  12.572     0.039      0.039        0.140
O3       WITH A5                   9.395     0.034      0.034        0.121
O3       WITH A6                   5.774     0.023      0.023        0.096
O3       WITH C1                   7.254     0.028      0.028        0.108
O3       WITH C6                   5.682     0.018      0.018        0.097
O3       WITH E4                  29.154     0.043      0.043        0.210
O3       WITH E5                   4.551    -0.023     -0.023       -0.084
O3       WITH E7                  15.475     0.039      0.039        0.159
O3       WITH E8                  17.836    -0.049     -0.049       -0.176
O3       WITH N6                  11.641     0.037      0.037        0.140
O3       WITH O2                  11.283    -0.024     -0.024       -0.144
O4       WITH A2                   4.241    -0.018     -0.018       -0.086
O4       WITH A4                   5.046    -0.036     -0.036       -0.089
O4       WITH A8                  54.808     0.111      0.111        0.311
O4       WITH C2                   6.781    -0.034     -0.034       -0.114
O4       WITH C6                   9.150    -0.033     -0.033       -0.125
O4       WITH C8                  12.444    -0.027     -0.027       -0.152
O4       WITH E5                  12.763    -0.055     -0.055       -0.142
O4       WITH E7                   4.715     0.031      0.031        0.088
O4       WITH E8                   4.477     0.036      0.036        0.089
O4       WITH E9                   5.776     0.027      0.027        0.105
O4       WITH N3                   7.764    -0.028     -0.028       -0.139
O4       WITH N5                   4.316     0.024      0.024        0.089
O4       WITH O2                   4.459    -0.022     -0.022       -0.090
O5       WITH A3                   7.760     0.018      0.018        0.114
O5       WITH C4                   6.763    -0.017     -0.017       -0.121
O5       WITH E3                  22.955     0.018      0.018        0.200
O5       WITH E5                  17.979    -0.031     -0.031       -0.169
O5       WITH N2                   7.369     0.010      0.010        0.108
O5       WITH N5                   4.175     0.011      0.011        0.087
O5       WITH N6                   5.531    -0.018     -0.018       -0.096
O5       WITH N7                   6.878     0.018      0.018        0.107
O5       WITH O2                  16.421    -0.021     -0.021       -0.179
O5       WITH O3                   6.352     0.016      0.016        0.104
O6       WITH A1                  36.631     0.048      0.048        0.253
O6       WITH A2                   4.047     0.015      0.015        0.082
O6       WITH A5                  34.208    -0.079     -0.079       -0.227
O6       WITH A8                  37.223     0.076      0.076        0.247
O6       WITH C4                  10.881     0.038      0.038        0.155
O6       WITH C7                   9.704    -0.036     -0.036       -0.124
O6       WITH C8                  10.783    -0.022     -0.022       -0.139
O6       WITH E1                   7.073    -0.028     -0.028       -0.114
O6       WITH E4                  20.837    -0.045     -0.045       -0.175
O6       WITH N3                   5.583     0.020      0.020        0.116
O6       WITH N5                  11.900    -0.034     -0.034       -0.145
O6       WITH O1                   6.589     0.021      0.021        0.109
O6       WITH O3                  17.481    -0.046     -0.046       -0.169
O7       WITH A1                   5.322    -0.015     -0.015       -0.098
O7       WITH A8                  24.445    -0.051     -0.051       -0.205
O7       WITH C1                  12.696     0.037      0.037        0.145
O7       WITH C2                  72.940     0.080      0.080        0.392
O7       WITH C3                   6.747    -0.022     -0.022       -0.113
O7       WITH C5                   9.400    -0.031     -0.031       -0.130
O7       WITH C6                  51.770    -0.056     -0.056       -0.301
O7       WITH C7                   9.075     0.029      0.029        0.124
O7       WITH E2                   7.426    -0.021     -0.021       -0.114
O7       WITH E4                  31.137     0.045      0.045        0.219
O7       WITH E5                  10.491    -0.035     -0.035       -0.129
O7       WITH E6                  15.007    -0.069     -0.069       -0.157
O7       WITH E8                   8.915    -0.035     -0.035       -0.125
O7       WITH E9                   9.464    -0.025     -0.025       -0.136
O7       WITH N5                   6.845     0.021      0.021        0.112
O7       WITH N7                   4.559     0.021      0.021        0.087
O7       WITH O1                  17.840     0.028      0.028        0.183
O7       WITH O3                  11.835     0.031      0.031        0.142
O7       WITH O6                  13.352    -0.041     -0.041       -0.150
O8       WITH A1                   4.721     0.019      0.019        0.091
O8       WITH A2                   8.008    -0.023     -0.023       -0.115
O8       WITH A4                   5.754     0.036      0.036        0.094
O8       WITH A8                   5.647    -0.033     -0.033       -0.097
O8       WITH C6                   5.137     0.024      0.024        0.091
O8       WITH C8                   4.203     0.015      0.015        0.087
O8       WITH E3                  13.746    -0.028     -0.028       -0.152
O8       WITH E4                   4.123     0.022      0.022        0.078
O8       WITH E5                   4.295     0.030      0.030        0.081
O8       WITH E6                  32.056     0.138      0.138        0.227
O8       WITH N6                   4.054     0.030      0.030        0.081
O8       WITH O2                   9.550     0.031      0.031        0.133
O9       WITH A3                   7.519     0.013      0.013        0.107
O9       WITH A5                  79.928     0.049      0.049        0.337
O9       WITH A8                   7.059    -0.014     -0.014       -0.105
O9       WITH C2                  12.318     0.016      0.016        0.147
O9       WITH C3                   5.339     0.009      0.009        0.093
O9       WITH C6                   8.434     0.011      0.011        0.113
O9       WITH C7                  19.841     0.021      0.021        0.173
O9       WITH C8                  26.893     0.014      0.014        0.212
O9       WITH E1                  31.103     0.023      0.023        0.228
O9       WITH E2                   4.452     0.008      0.008        0.083
O9       WITH E3                   9.034     0.008      0.008        0.118
O9       WITH E4                  14.319     0.015      0.015        0.141
O9       WITH N1                  22.969     0.023      0.023        0.195
O9       WITH N4                   5.679    -0.012     -0.012       -0.104
O9       WITH O1                  23.818    -0.016     -0.016       -0.201
O9       WITH O3                  16.746     0.018      0.018        0.160
O9       WITH O6                  44.339    -0.037     -0.037       -0.258


     Beginning Time:  16:46:56
        Ending Time:  16:46:57
       Elapsed Time:  00:00:01



MUTHEN & MUTHEN
3463 Stoner Ave.
Los Angeles, CA  90066

Tel: (310) 391-9971
Fax: (310) 391-8971
Web: www.StatModel.com
Support: Support@StatModel.com

Copyright (c) 1998-2019 Muthen & Muthen
