Mplus VERSION 5.2
MUTHEN & MUTHEN
07/05/2012   1:45 PM

INPUT INSTRUCTIONS


  DATA:
   FILE IS  "ITS_TQIPIP.txt";

  VARIABLE:
   NAMES ARE
  id
  sex
  age
  A1_1
  A1_2
  A1_3
  A1_4
  A1_5
  A2_1
  A2_2
  A2_3
  A2_4
  A2_5
  A3_1
  A3_2
  A3_3
  A3_4
  A3_5
  A4_1
  A4_2
  A4_3
  A4_4
  A4_5
  A5_1
  A5_2
  A5_3
  A5_4
  A5_5
  A6_1
  A6_2
  A6_3
  A6_4
  A6_5
  A7_1
  A7_2
  A7_3
  A7_4
  A7_5
  A8_1
  A8_2
  A8_3
  A8_4
  A8_5
  C1_1
  C1_2
  C1_3
  C1_4
  C1_5
  C2_1
  C2_2
  C2_3
  C2_4
  C2_5
  C3_1
  C3_2
  C3_3
  C3_4
  C3_5
  C4_1
  C4_2
  C4_3
  C4_4
  C4_5
  C5_1
  C5_2
  C5_3
  C5_4
  C5_5
  C6_1
  C6_2
  C6_3
  C6_4
  C6_5
  C7_1
  C7_2
  C7_3
  C7_4
  C7_5
  C8_1
  C8_2
  C8_3
  C8_4
  C8_5
  C9_1
  C9_2
  C9_3
  C9_4
  C9_5
  E1_1
  E1_2
  E1_3
  E1_4
  E1_5
  E2_1
  E2_2
  E2_3
  E2_4
  E2_5
  E3_1
  E3_2
  E3_3
  E3_4
  E3_5
  E4_1
  E4_2
  E4_3
  E4_4
  E4_5
  E5_1
  E5_2
  E5_3
  E5_4
  E5_5
  E6_1
  E6_2
  E6_3
  E6_4
  E6_5
  E7_1
  E7_2
  E7_3
  E7_4
  E7_5
  E8_1
  E8_2
  E8_3
  E8_4
  E8_5
  E9_1
  E9_2
  E9_3
  N1_1
  N1_2
  N1_3
  N1_4
  N1_5
  N2_1
  N2_2
  N2_3
  N2_4
  N2_5
  N3_1
  N3_2
  N3_3
  N3_4
  N3_5
  N4_1
  N4_2
  N4_3
  N4_4
  N4_5
  N5_1
  N5_2
  N5_3
  N5_4
  N5_5
  N6_1
  N6_2
  N6_3
  N6_4
  N6_5
  N7_1
  N7_2
  N7_3
  O1_1
  O1_2
  O1_3
  O1_4
  O1_5
  O2_1
  O2_2
  O2_3
  O2_4
  O2_5
  O3_1
  O3_2
  O3_3
  O3_4
  O3_5
  O4_1
  O4_2
  O4_3
  O4_4
  O4_5
  O5_1
  O5_2
  O5_3
  O5_4
  O5_5
  O6_1
  O6_2
  O6_3
  O6_4
  O6_5
  O7_1
  O7_2
  O7_3
  O7_4
  O7_5
  O8_1
  O8_2
  O8_3
  O8_4
  O9_1
  O9_2
  O9_4
  dataset;


   USEVARIABLES ARE
  E4_1
  E4_2
  E4_3
  E4_4
  E4_5
  ;

  Grouping is Dataset (0 = German 1 = US);

  MISSING ARE ALL (-99);

  MODEL:

  E4 by  E4_1
  E4_2
  E4_3
  E4_4
  E4_5;
  [E4@0];

  Model German:
  ;

  Model US:
  ;



  [E4_1
  E4_2
  E4_3
  E4_4
  E4_5];

  ANALYSIS:
   ESTIMATOR IS ML;
   Iterations are 10000;

   OUTPUT: STDYX MODINDICES(4);



INPUT READING TERMINATED NORMALLY




SUMMARY OF ANALYSIS

Number of groups                                                 2
Number of observations
   Group GERMAN                                                387
   Group US                                                    722

Number of dependent variables                                    5
Number of independent variables                                  0
Number of continuous latent variables                            1

Observed dependent variables

  Continuous
   E4_1        E4_2        E4_3        E4_4        E4_5

Continuous latent variables
   E4

Variables with special functions

  Grouping variable     DATASET

Estimator                                                       ML
Information matrix                                        OBSERVED
Maximum number of iterations                                 10000
Convergence criterion                                    0.500D-04
Maximum number of steepest descent iterations                   20
Maximum number of iterations for H1                           2000
Convergence criterion for H1                             0.100D-03

Input data file(s)
  ITS_TQIPIP.txt

Input data format  FREE


SUMMARY OF DATA

   Group GERMAN
     Number of missing data patterns             1

   Group US
     Number of missing data patterns             1


COVARIANCE COVERAGE OF DATA

Minimum covariance coverage value   0.100


     PROPORTION OF DATA PRESENT FOR GERMAN


           Covariance Coverage
              E4_1          E4_2          E4_3          E4_4          E4_5
              ________      ________      ________      ________      ________
 E4_1           1.000
 E4_2           1.000         1.000
 E4_3           1.000         1.000         1.000
 E4_4           1.000         1.000         1.000         1.000
 E4_5           1.000         1.000         1.000         1.000         1.000


     PROPORTION OF DATA PRESENT FOR US


           Covariance Coverage
              E4_1          E4_2          E4_3          E4_4          E4_5
              ________      ________      ________      ________      ________
 E4_1           1.000
 E4_2           1.000         1.000
 E4_3           1.000         1.000         1.000
 E4_4           1.000         1.000         1.000         1.000
 E4_5           1.000         1.000         1.000         1.000         1.000



THE MODEL ESTIMATION TERMINATED NORMALLY



TESTS OF MODEL FIT

Chi-Square Test of Model Fit

          Value                             35.312
          Degrees of Freedom                    14
          P-Value                           0.0013

Chi-Square Contributions From Each Group

          GERMAN                            24.044
          US                                11.268

Chi-Square Test of Model Fit for the Baseline Model

          Value                           1629.695
          Degrees of Freedom                    20
          P-Value                           0.0000

CFI/TLI

          CFI                                0.987
          TLI                                0.981

Loglikelihood

          H0 Value                       -6594.555
          H1 Value                       -6576.899

Information Criteria

          Number of Free Parameters             26
          Akaike (AIC)                   13241.109
          Bayesian (BIC)                 13371.401
          Sample-Size Adjusted BIC       13288.818
            (n* = (n + 2) / 24)

RMSEA (Root Mean Square Error Of Approximation)

          Estimate                           0.052
          90 Percent C.I.                    0.031  0.074

SRMR (Standardized Root Mean Square Residual)

          Value                              0.033



MODEL RESULTS

                                                    Two-Tailed
                    Estimate       S.E.  Est./S.E.    P-Value

Group GERMAN

 E4       BY
    E4_1               1.000      0.000    999.000    999.000
    E4_2               0.911      0.042     21.554      0.000
    E4_3               0.961      0.041     23.273      0.000
    E4_4               0.671      0.043     15.502      0.000
    E4_5               0.790      0.048     16.439      0.000

 Means
    E4                 0.000      0.000    999.000    999.000

 Intercepts
    E4_1               3.848      0.046     83.524      0.000
    E4_2               3.822      0.042     90.409      0.000
    E4_3               4.207      0.041    102.273      0.000
    E4_4               3.866      0.045     85.151      0.000
    E4_5               3.129      0.048     64.984      0.000

 Variances
    E4                 0.487      0.049      9.919      0.000

 Residual Variances
    E4_1               0.335      0.031     10.697      0.000
    E4_2               0.288      0.027     10.558      0.000
    E4_3               0.206      0.023      8.835      0.000
    E4_4               0.578      0.044     13.064      0.000
    E4_5               0.594      0.047     12.647      0.000

Group US

 E4       BY
    E4_1               1.000      0.000    999.000    999.000
    E4_2               0.911      0.042     21.554      0.000
    E4_3               0.961      0.041     23.273      0.000
    E4_4               0.671      0.043     15.502      0.000
    E4_5               0.790      0.048     16.439      0.000

 Means
    E4                 0.000      0.000    999.000    999.000

 Intercepts
    E4_1               3.837      0.035    109.173      0.000
    E4_2               3.823      0.035    109.675      0.000
    E4_3               4.241      0.033    128.775      0.000
    E4_4               4.211      0.034    125.136      0.000
    E4_5               3.266      0.039     84.128      0.000

 Variances
    E4                 0.492      0.042     11.826      0.000

 Residual Variances
    E4_1               0.400      0.029     13.593      0.000
    E4_2               0.470      0.031     15.203      0.000
    E4_3               0.330      0.025     13.034      0.000
    E4_4               0.596      0.034     17.370      0.000
    E4_5               0.782      0.045     17.450      0.000


STANDARDIZED MODEL RESULTS


STDYX Standardization

                                                    Two-Tailed
                    Estimate       S.E.  Est./S.E.    P-Value

Group GERMAN

 E4       BY
    E4_1               0.770      0.023     33.607      0.000
    E4_2               0.764      0.024     32.095      0.000
    E4_3               0.828      0.021     38.776      0.000
    E4_4               0.524      0.030     17.200      0.000
    E4_5               0.581      0.031     18.578      0.000

 Means
    E4                 0.000      0.000    999.000    999.000

 Intercepts
    E4_1               4.246      0.150     28.273      0.000
    E4_2               4.596      0.162     28.357      0.000
    E4_3               5.199      0.184     28.238      0.000
    E4_4               4.328      0.150     28.884      0.000
    E4_5               3.303      0.116     28.458      0.000

 Variances
    E4                 1.000      0.000    999.000    999.000

 Residual Variances
    E4_1               0.407      0.035     11.549      0.000
    E4_2               0.416      0.036     11.451      0.000
    E4_3               0.314      0.035      8.880      0.000
    E4_4               0.725      0.032     22.677      0.000
    E4_5               0.662      0.036     18.183      0.000

Group US

 E4       BY
    E4_1               0.743      0.021     35.501      0.000
    E4_2               0.682      0.022     30.440      0.000
    E4_3               0.761      0.020     38.045      0.000
    E4_4               0.521      0.027     19.002      0.000
    E4_5               0.531      0.026     20.657      0.000

 Means
    E4                 0.000      0.000    999.000    999.000

 Intercepts
    E4_1               4.063      0.108     37.754      0.000
    E4_2               4.082      0.106     38.334      0.000
    E4_3               4.793      0.126     38.061      0.000
    E4_4               4.657      0.121     38.407      0.000
    E4_5               3.131      0.087     35.940      0.000

 Variances
    E4                 1.000      0.000    999.000    999.000

 Residual Variances
    E4_1               0.449      0.031     14.447      0.000
    E4_2               0.535      0.031     17.534      0.000
    E4_3               0.421      0.030     13.820      0.000
    E4_4               0.729      0.029     25.561      0.000
    E4_5               0.718      0.027     26.344      0.000


R-SQUARE

Group GERMAN

    Observed                                        Two-Tailed
    Variable        Estimate       S.E.  Est./S.E.    P-Value

    E4_1               0.593      0.035     16.804      0.000
    E4_2               0.584      0.036     16.047      0.000
    E4_3               0.686      0.035     19.388      0.000
    E4_4               0.275      0.032      8.600      0.000
    E4_5               0.338      0.036      9.289      0.000

Group US

    Observed                                        Two-Tailed
    Variable        Estimate       S.E.  Est./S.E.    P-Value

    E4_1               0.551      0.031     17.751      0.000
    E4_2               0.465      0.031     15.220      0.000
    E4_3               0.579      0.030     19.023      0.000
    E4_4               0.271      0.029      9.501      0.000
    E4_5               0.282      0.027     10.328      0.000


QUALITY OF NUMERICAL RESULTS

     Condition Number for the Information Matrix              0.191E-01
       (ratio of smallest to largest eigenvalue)


MODEL MODIFICATION INDICES

NOTE:  Modification indices for direct effects of observed dependent variables
regressed on covariates may not be included.  To include these, request
MODINDICES (ALL).

Minimum M.I. value for printing the modification index     4.000

                            M.I.     E.P.C.  Std E.P.C.  StdYX E.P.C.
Group GERMAN


WITH Statements

E4_3     WITH E4_1         13.613     0.094      0.094        0.358
E4_3     WITH E4_2          5.284    -0.053     -0.053       -0.219
E4_4     WITH E4_1          7.300    -0.074     -0.074       -0.167
E4_4     WITH E4_2          6.739     0.065      0.065        0.159
E4_5     WITH E4_4          4.134     0.066      0.066        0.112

Group US


WITH Statements

E4_2     WITH E4_1          8.235     0.072      0.072        0.167



     Beginning Time:  13:45:41
        Ending Time:  13:45:42
       Elapsed Time:  00:00:01



MUTHEN & MUTHEN
3463 Stoner Ave.
Los Angeles, CA  90066

Tel: (310) 391-9971
Fax: (310) 391-8971
Web: www.StatModel.com
Support: Support@StatModel.com

Copyright (c) 1998-2008 Muthen & Muthen
