Mplus VERSION 8 (Mac)
MUTHEN & MUTHEN
05/06/2020   3:38 PM

INPUT INSTRUCTIONS

  TITLE:

  DATA:
  FILE IS  "factorscores_combined.txt";
  Variable:
  Names are
  VPN
  A1
  A2
  A3
  A4
  A5
  A6
  A7
  A8
  C1
  C2
  C3
  C4
  C5
  C6
  C7
  C8
  C9
  E1
  E2
  E3
  E4
  E5
  E6
  E7
  E8
  E9
  N1
  N2
  N3
  N4
  N5
  N6
  N7
  O1
  O2
  O3
  O4
  O5
  O6
  O7
  O8
  O9
  dataset
  ;

  USEVARIABLES ARE
  A1
  A2
  A3
  A6
  A7
  A8
  C1
  C2
  C3
  C4
  C5
  C6
  C7
  C8
  C9
  E1
  E3
  E4
  E5
  E6
  E7
  E8
  E9
  N1
  N2
  N3
  N4
  N5
  N6
  N7
  O1
  O2
  O3
  O4
  O5
  O6
  O7
  O9
  ;

  USEOBSERVATIONS ARE Dataset==1;
  !Grouping is Dataset (0 = US 1 = German);

  MISSING ARE ALL (-99);

  Model:

  A C E N O by
  A1
  A2
  A3
  A6
  A7
  A8
  C1
  C2
  C3
  C4
  C5
  C6
  C7
  C8
  C9
  E1
  E3
  E4
  E5
  E6
  E7
  E8
  E9
  N1
  N2
  N3
  N4
  N5
  N6
  N7
  O1
  O2
  O3
  O4
  O5
  O6
  O7
  O9
  (*1);
  [A@0]
  [C@0]
  [E@0]
  [N@0]
  [O@0];
  N5       WITH C2 ;
  E5       WITH C1;
  !C6       WITH C4;



  Analysis:
  ESTIMATOR IS ML;
  iterations = 10000;
  ROTATION=GEOMIN (ORTHOGONAL);

  OUTPUT: STDYX MODINDICES(4);



INPUT READING TERMINATED NORMALLY




SUMMARY OF ANALYSIS

Number of groups                                                 1
Number of observations                                         361

Number of dependent variables                                   38
Number of independent variables                                  0
Number of continuous latent variables                            5

Observed dependent variables

  Continuous
   A1          A2          A3          A6          A7          A8
   C1          C2          C3          C4          C5          C6
   C7          C8          C9          E1          E3          E4
   E5          E6          E7          E8          E9          N1
   N2          N3          N4          N5          N6          N7
   O1          O2          O3          O4          O5          O6
   O7          O9

Continuous latent variables

  EFA factors
  *1:   A           C           E           N           O


Estimator                                                       ML
Rotation                                                    GEOMIN
Row standardization                                    CORRELATION
Type of rotation                                        ORTHOGONAL
Epsilon value                                               Varies
Information matrix                                        OBSERVED
Maximum number of iterations                                 10000
Convergence criterion                                    0.500D-04
Maximum number of steepest descent iterations                   20
Maximum number of iterations for H1                           2000
Convergence criterion for H1                             0.100D-03
Optimization Specifications for the Exploratory Factor Analysis
Rotation Algorithm
  Number of random starts                                       30
  Maximum number of iterations                               10000
  Derivative convergence criterion                       0.100D-04

Input data file(s)
  factorscores_combined.txt

Input data format  FREE


SUMMARY OF DATA

     Number of missing data patterns             1


COVARIANCE COVERAGE OF DATA

Minimum covariance coverage value   0.100


     PROPORTION OF DATA PRESENT


           Covariance Coverage
              A1            A2            A3            A6            A7
              ________      ________      ________      ________      ________
 A1             1.000
 A2             1.000         1.000
 A3             1.000         1.000         1.000
 A6             1.000         1.000         1.000         1.000
 A7             1.000         1.000         1.000         1.000         1.000
 A8             1.000         1.000         1.000         1.000         1.000
 C1             1.000         1.000         1.000         1.000         1.000
 C2             1.000         1.000         1.000         1.000         1.000
 C3             1.000         1.000         1.000         1.000         1.000
 C4             1.000         1.000         1.000         1.000         1.000
 C5             1.000         1.000         1.000         1.000         1.000
 C6             1.000         1.000         1.000         1.000         1.000
 C7             1.000         1.000         1.000         1.000         1.000
 C8             1.000         1.000         1.000         1.000         1.000
 C9             1.000         1.000         1.000         1.000         1.000
 E1             1.000         1.000         1.000         1.000         1.000
 E3             1.000         1.000         1.000         1.000         1.000
 E4             1.000         1.000         1.000         1.000         1.000
 E5             1.000         1.000         1.000         1.000         1.000
 E6             1.000         1.000         1.000         1.000         1.000
 E7             1.000         1.000         1.000         1.000         1.000
 E8             1.000         1.000         1.000         1.000         1.000
 E9             1.000         1.000         1.000         1.000         1.000
 N1             1.000         1.000         1.000         1.000         1.000
 N2             1.000         1.000         1.000         1.000         1.000
 N3             1.000         1.000         1.000         1.000         1.000
 N4             1.000         1.000         1.000         1.000         1.000
 N5             1.000         1.000         1.000         1.000         1.000
 N6             1.000         1.000         1.000         1.000         1.000
 N7             1.000         1.000         1.000         1.000         1.000
 O1             1.000         1.000         1.000         1.000         1.000
 O2             1.000         1.000         1.000         1.000         1.000
 O3             1.000         1.000         1.000         1.000         1.000
 O4             1.000         1.000         1.000         1.000         1.000
 O5             1.000         1.000         1.000         1.000         1.000
 O6             1.000         1.000         1.000         1.000         1.000
 O7             1.000         1.000         1.000         1.000         1.000
 O9             1.000         1.000         1.000         1.000         1.000


           Covariance Coverage
              A8            C1            C2            C3            C4
              ________      ________      ________      ________      ________
 A8             1.000
 C1             1.000         1.000
 C2             1.000         1.000         1.000
 C3             1.000         1.000         1.000         1.000
 C4             1.000         1.000         1.000         1.000         1.000
 C5             1.000         1.000         1.000         1.000         1.000
 C6             1.000         1.000         1.000         1.000         1.000
 C7             1.000         1.000         1.000         1.000         1.000
 C8             1.000         1.000         1.000         1.000         1.000
 C9             1.000         1.000         1.000         1.000         1.000
 E1             1.000         1.000         1.000         1.000         1.000
 E3             1.000         1.000         1.000         1.000         1.000
 E4             1.000         1.000         1.000         1.000         1.000
 E5             1.000         1.000         1.000         1.000         1.000
 E6             1.000         1.000         1.000         1.000         1.000
 E7             1.000         1.000         1.000         1.000         1.000
 E8             1.000         1.000         1.000         1.000         1.000
 E9             1.000         1.000         1.000         1.000         1.000
 N1             1.000         1.000         1.000         1.000         1.000
 N2             1.000         1.000         1.000         1.000         1.000
 N3             1.000         1.000         1.000         1.000         1.000
 N4             1.000         1.000         1.000         1.000         1.000
 N5             1.000         1.000         1.000         1.000         1.000
 N6             1.000         1.000         1.000         1.000         1.000
 N7             1.000         1.000         1.000         1.000         1.000
 O1             1.000         1.000         1.000         1.000         1.000
 O2             1.000         1.000         1.000         1.000         1.000
 O3             1.000         1.000         1.000         1.000         1.000
 O4             1.000         1.000         1.000         1.000         1.000
 O5             1.000         1.000         1.000         1.000         1.000
 O6             1.000         1.000         1.000         1.000         1.000
 O7             1.000         1.000         1.000         1.000         1.000
 O9             1.000         1.000         1.000         1.000         1.000


           Covariance Coverage
              C5            C6            C7            C8            C9
              ________      ________      ________      ________      ________
 C5             1.000
 C6             1.000         1.000
 C7             1.000         1.000         1.000
 C8             1.000         1.000         1.000         1.000
 C9             1.000         1.000         1.000         1.000         1.000
 E1             1.000         1.000         1.000         1.000         1.000
 E3             1.000         1.000         1.000         1.000         1.000
 E4             1.000         1.000         1.000         1.000         1.000
 E5             1.000         1.000         1.000         1.000         1.000
 E6             1.000         1.000         1.000         1.000         1.000
 E7             1.000         1.000         1.000         1.000         1.000
 E8             1.000         1.000         1.000         1.000         1.000
 E9             1.000         1.000         1.000         1.000         1.000
 N1             1.000         1.000         1.000         1.000         1.000
 N2             1.000         1.000         1.000         1.000         1.000
 N3             1.000         1.000         1.000         1.000         1.000
 N4             1.000         1.000         1.000         1.000         1.000
 N5             1.000         1.000         1.000         1.000         1.000
 N6             1.000         1.000         1.000         1.000         1.000
 N7             1.000         1.000         1.000         1.000         1.000
 O1             1.000         1.000         1.000         1.000         1.000
 O2             1.000         1.000         1.000         1.000         1.000
 O3             1.000         1.000         1.000         1.000         1.000
 O4             1.000         1.000         1.000         1.000         1.000
 O5             1.000         1.000         1.000         1.000         1.000
 O6             1.000         1.000         1.000         1.000         1.000
 O7             1.000         1.000         1.000         1.000         1.000
 O9             1.000         1.000         1.000         1.000         1.000


           Covariance Coverage
              E1            E3            E4            E5            E6
              ________      ________      ________      ________      ________
 E1             1.000
 E3             1.000         1.000
 E4             1.000         1.000         1.000
 E5             1.000         1.000         1.000         1.000
 E6             1.000         1.000         1.000         1.000         1.000
 E7             1.000         1.000         1.000         1.000         1.000
 E8             1.000         1.000         1.000         1.000         1.000
 E9             1.000         1.000         1.000         1.000         1.000
 N1             1.000         1.000         1.000         1.000         1.000
 N2             1.000         1.000         1.000         1.000         1.000
 N3             1.000         1.000         1.000         1.000         1.000
 N4             1.000         1.000         1.000         1.000         1.000
 N5             1.000         1.000         1.000         1.000         1.000
 N6             1.000         1.000         1.000         1.000         1.000
 N7             1.000         1.000         1.000         1.000         1.000
 O1             1.000         1.000         1.000         1.000         1.000
 O2             1.000         1.000         1.000         1.000         1.000
 O3             1.000         1.000         1.000         1.000         1.000
 O4             1.000         1.000         1.000         1.000         1.000
 O5             1.000         1.000         1.000         1.000         1.000
 O6             1.000         1.000         1.000         1.000         1.000
 O7             1.000         1.000         1.000         1.000         1.000
 O9             1.000         1.000         1.000         1.000         1.000


           Covariance Coverage
              E7            E8            E9            N1            N2
              ________      ________      ________      ________      ________
 E7             1.000
 E8             1.000         1.000
 E9             1.000         1.000         1.000
 N1             1.000         1.000         1.000         1.000
 N2             1.000         1.000         1.000         1.000         1.000
 N3             1.000         1.000         1.000         1.000         1.000
 N4             1.000         1.000         1.000         1.000         1.000
 N5             1.000         1.000         1.000         1.000         1.000
 N6             1.000         1.000         1.000         1.000         1.000
 N7             1.000         1.000         1.000         1.000         1.000
 O1             1.000         1.000         1.000         1.000         1.000
 O2             1.000         1.000         1.000         1.000         1.000
 O3             1.000         1.000         1.000         1.000         1.000
 O4             1.000         1.000         1.000         1.000         1.000
 O5             1.000         1.000         1.000         1.000         1.000
 O6             1.000         1.000         1.000         1.000         1.000
 O7             1.000         1.000         1.000         1.000         1.000
 O9             1.000         1.000         1.000         1.000         1.000


           Covariance Coverage
              N3            N4            N5            N6            N7
              ________      ________      ________      ________      ________
 N3             1.000
 N4             1.000         1.000
 N5             1.000         1.000         1.000
 N6             1.000         1.000         1.000         1.000
 N7             1.000         1.000         1.000         1.000         1.000
 O1             1.000         1.000         1.000         1.000         1.000
 O2             1.000         1.000         1.000         1.000         1.000
 O3             1.000         1.000         1.000         1.000         1.000
 O4             1.000         1.000         1.000         1.000         1.000
 O5             1.000         1.000         1.000         1.000         1.000
 O6             1.000         1.000         1.000         1.000         1.000
 O7             1.000         1.000         1.000         1.000         1.000
 O9             1.000         1.000         1.000         1.000         1.000


           Covariance Coverage
              O1            O2            O3            O4            O5
              ________      ________      ________      ________      ________
 O1             1.000
 O2             1.000         1.000
 O3             1.000         1.000         1.000
 O4             1.000         1.000         1.000         1.000
 O5             1.000         1.000         1.000         1.000         1.000
 O6             1.000         1.000         1.000         1.000         1.000
 O7             1.000         1.000         1.000         1.000         1.000
 O9             1.000         1.000         1.000         1.000         1.000


           Covariance Coverage
              O6            O7            O9
              ________      ________      ________
 O6             1.000
 O7             1.000         1.000
 O9             1.000         1.000         1.000



UNIVARIATE SAMPLE STATISTICS


     UNIVARIATE HIGHER-ORDER MOMENT DESCRIPTIVE STATISTICS

         Variable/         Mean/     Skewness/   Minimum/ % with                Percentiles
        Sample Size      Variance    Kurtosis    Maximum  Min/Max      20%/60%    40%/80%    Median

     A1                   -0.005       0.014      -1.707    0.28%      -0.526     -0.164     -0.041
             361.000       0.346      -0.575       0.991   11.63%       0.102      0.542
     A2                    0.013       0.256      -0.937    4.71%      -0.491     -0.114      0.018
             361.000       0.284      -0.328       1.688    0.28%       0.087      0.490
     A3                    0.001       0.017      -1.746    0.83%      -0.595     -0.132      0.017
             361.000       0.403       0.144       1.867    0.55%       0.191      0.495
     A6                   -0.004      -0.150      -1.935    0.28%      -0.574     -0.215     -0.001
             361.000       0.506      -0.026       1.595    0.83%       0.181      0.543
     A7                    0.003       0.012      -1.285    1.94%      -0.507     -0.133      0.025
             361.000       0.326      -0.152       1.772    0.28%       0.157      0.483
     A8                   -0.002      -0.072      -1.324    0.28%      -0.339     -0.102      0.008
             361.000       0.200      -0.089       1.079    0.83%       0.101      0.355
     C1                   -0.007      -0.062      -2.168    0.55%      -0.800     -0.159     -0.073
             361.000       0.667      -0.343       1.949    0.28%       0.046      0.681
     C2                    0.031       0.222      -1.521    1.39%      -0.830     -0.101      0.024
             361.000       0.660      -0.478       2.238    0.28%       0.140      0.864
     C3                    0.000      -0.053      -1.231    0.83%      -0.360     -0.113     -0.021
             361.000       0.183       0.187       1.317    0.28%       0.111      0.358
     C4                    0.000       0.113      -1.990    0.28%      -0.552     -0.177     -0.028
             361.000       0.516       0.127       1.828    1.66%       0.186      0.556
     C5                   -0.005       0.009      -1.997    0.28%      -0.653     -0.175      0.024
             361.000       0.447      -0.488       1.269    6.93%       0.159      0.625
     C6                   -0.002       0.030      -1.140    0.28%      -0.291     -0.098     -0.019
             361.000       0.104      -0.096       0.787    0.55%       0.077      0.267
     C7                    0.004       0.128      -1.397    2.49%      -0.553     -0.152      0.002
             361.000       0.415      -0.055       1.838    0.55%       0.165      0.563
     C8                    0.002       0.284      -1.407    0.28%      -0.486     -0.183     -0.029
             361.000       0.350      -0.151       1.386    1.11%       0.107      0.447
     C9                    0.000       0.014      -1.212    0.28%      -0.293     -0.080     -0.016
             361.000       0.149       0.312       1.168    0.55%       0.071      0.315
     E1                    0.003       0.075      -1.341    0.28%      -0.474     -0.120      0.009
             361.000       0.279      -0.258       1.495    0.28%       0.135      0.449
     E3                   -0.001      -0.063      -1.960    0.28%      -0.530     -0.131     -0.020
             361.000       0.474       0.130       1.745    0.28%       0.158      0.571
     E4                   -0.014      -0.268      -2.409    0.28%      -0.579     -0.196      0.054
             361.000       0.467      -0.080       1.243    4.71%       0.188      0.616
     E5                    0.000      -0.054      -1.710    0.55%      -0.416     -0.095      0.026
             361.000       0.265       0.582       1.474    1.11%       0.099      0.408
     E6                   -0.003      -0.056      -1.881    0.28%      -0.632     -0.192      0.012
             361.000       0.542      -0.254       1.808    0.55%       0.176      0.595
     E7                   -0.013      -0.276      -2.299    0.28%      -0.619     -0.176      0.058
             361.000       0.438      -0.110       1.323    2.77%       0.200      0.547
     E8                   -0.003      -0.161      -2.165    0.28%      -0.574     -0.151      0.012
             361.000       0.377       0.117       1.510    0.83%       0.232      0.499
     E9                   -0.003      -0.081      -2.007    0.28%      -0.490     -0.284      0.033
             361.000       0.470      -0.120       1.411    4.71%       0.145      0.492
     N1                    0.002      -0.033      -1.543    1.11%      -0.619     -0.174     -0.012
             361.000       0.492      -0.358       1.873    0.28%       0.189      0.631
     N2                    0.011       0.312      -1.173    4.71%      -0.536     -0.212     -0.016
             361.000       0.381      -0.120       2.008    0.28%       0.178      0.538
     N3                    0.000      -0.042      -1.750    1.11%      -0.525     -0.150      0.011
             361.000       0.425      -0.004       1.854    0.28%       0.165      0.539
     N4                    0.001       0.321      -2.093    0.28%      -0.555     -0.277     -0.016
             361.000       0.497       0.160       1.754    2.77%       0.142      0.507
     N5                    0.003       0.065      -1.090    1.66%      -0.392     -0.126      0.002
             361.000       0.252      -0.249       1.337    0.28%       0.115      0.430
     N6                    0.007       0.138      -1.743    0.28%      -0.604     -0.198     -0.016
             361.000       0.498      -0.198       1.937    0.83%       0.151      0.610
     N7                    0.001      -0.001      -1.178    3.05%      -0.424     -0.111     -0.016
             361.000       0.293      -0.196       1.476    0.28%       0.067      0.458
     O1                    0.002       0.382      -1.276    0.28%      -0.366     -0.203     -0.079
             361.000       0.268      -0.078       1.250    2.77%       0.105      0.372
     O2                   -0.029      -0.274      -2.082    0.28%      -0.630     -0.228     -0.026
             361.000       0.491      -0.625       1.128    6.93%       0.211      0.633
     O3                   -0.002       0.032      -2.100    0.28%      -0.480     -0.133     -0.023
             361.000       0.294       0.433       1.315    2.49%       0.167      0.410
     O4                   -0.004      -0.064      -1.836    3.05%      -0.690     -0.231     -0.013
             361.000       0.700      -0.461       1.652    4.16%       0.223      0.719
     O5                   -0.003      -0.008      -1.925    0.55%      -0.673     -0.230     -0.046
             361.000       0.571      -0.437       1.470    5.26%       0.185      0.648
     O6                   -0.001       0.160      -1.671    0.28%      -0.583     -0.208     -0.051
             361.000       0.420      -0.624       1.279    5.26%       0.123      0.621
     O7                   -0.019      -0.199      -2.360    0.28%      -0.672     -0.308     -0.070
             361.000       0.610      -0.630       1.184   12.74%       0.228      0.759
     O9                   -0.008      -0.100      -2.544    0.28%      -0.703     -0.221      0.044
             361.000       0.518      -0.292       1.277    8.59%       0.213      0.551


THE MODEL ESTIMATION TERMINATED NORMALLY



MODEL FIT INFORMATION

Number of Free Parameters                      258

Loglikelihood

          H0 Value                       -9413.816
          H1 Value                       -8720.674

Information Criteria

          Akaike (AIC)                   19343.633
          Bayesian (BIC)                 20346.963
          Sample-Size Adjusted BIC       19528.451
            (n* = (n + 2) / 24)

Chi-Square Test of Model Fit

          Value                           1386.284
          Degrees of Freedom                   521
          P-Value                           0.0000

RMSEA (Root Mean Square Error Of Approximation)

          Estimate                           0.068
          90 Percent C.I.                    0.064  0.072
          Probability RMSEA <= .05           0.000

CFI/TLI

          CFI                                0.885
          TLI                                0.845

Chi-Square Test of Model Fit for the Baseline Model

          Value                           8232.327
          Degrees of Freedom                   703
          P-Value                           0.0000

SRMR (Standardized Root Mean Square Residual)

          Value                              0.035



MODEL RESULTS

                                                    Two-Tailed
                    Estimate       S.E.  Est./S.E.    P-Value

 A        BY
    A1                -0.209      0.038     -5.459      0.000
    A2                 0.345      0.026     13.384      0.000
    A3                 0.455      0.035     12.844      0.000
    A6                -0.162      0.046     -3.492      0.000
    A7                 0.363      0.031     11.790      0.000
    A8                -0.145      0.030     -4.832      0.000
    C1                 0.470      0.046     10.303      0.000
    C2                 0.034      0.032      1.063      0.288
    C3                 0.125      0.033      3.811      0.000
    C4                 0.047      0.032      1.463      0.144
    C5                -0.004      0.019     -0.203      0.839
    C6                -0.037      0.016     -2.321      0.020
    C7                 0.057      0.042      1.377      0.169
    C8                 0.011      0.029      0.367      0.713
    C9                 0.037      0.020      1.915      0.055
    E1                -0.039      0.027     -1.420      0.156
    E3                 0.066      0.040      1.663      0.096
    E4                -0.044      0.031     -1.397      0.162
    E5                 0.294      0.034      8.666      0.000
    E6                 0.061      0.052      1.174      0.241
    E7                 0.114      0.049      2.310      0.021
    E8                 0.024      0.033      0.706      0.480
    E9                 0.091      0.036      2.524      0.012
    N1                 0.280      0.044      6.315      0.000
    N2                 0.029      0.025      1.159      0.246
    N3                -0.040      0.039     -1.016      0.310
    N4                 0.208      0.049      4.208      0.000
    N5                 0.026      0.021      1.217      0.224
    N6                -0.186      0.051     -3.640      0.000
    N7                 0.037      0.035      1.057      0.290
    O1                 0.185      0.046      3.982      0.000
    O2                -0.110      0.046     -2.377      0.017
    O3                 0.007      0.038      0.178      0.859
    O4                -0.113      0.061     -1.843      0.065
    O5                -0.139      0.059     -2.367      0.018
    O6                 0.033      0.045      0.729      0.466
    O7                -0.136      0.058     -2.327      0.020
    O9                 0.094      0.048      1.950      0.051

 C        BY
    A1                 0.382      0.035     10.959      0.000
    A2                -0.181      0.044     -4.085      0.000
    A3                 0.095      0.059      1.618      0.106
    A6                 0.254      0.044      5.827      0.000
    A7                -0.078      0.048     -1.620      0.105
    A8                 0.207      0.028      7.521      0.000
    C1                 0.265      0.067      3.931      0.000
    C2                -0.391      0.042     -9.400      0.000
    C3                 0.008      0.022      0.341      0.733
    C4                 0.269      0.043      6.252      0.000
    C5                 0.412      0.034     12.041      0.000
    C6                 0.164      0.019      8.760      0.000
    C7                -0.038      0.034     -1.124      0.261
    C8                 0.250      0.031      8.036      0.000
    C9                 0.162      0.021      7.747      0.000
    E1                -0.219      0.039     -5.561      0.000
    E3                 0.065      0.049      1.309      0.190
    E4                 0.447      0.040     11.035      0.000
    E5                 0.255      0.041      6.200      0.000
    E6                 0.239      0.053      4.506      0.000
    E7                 0.308      0.039      7.842      0.000
    E8                 0.305      0.044      6.939      0.000
    E9                 0.289      0.045      6.495      0.000
    N1                -0.138      0.047     -2.910      0.004
    N2                -0.175      0.038     -4.618      0.000
    N3                -0.015      0.030     -0.492      0.623
    N4                 0.408      0.039     10.497      0.000
    N5                -0.177      0.026     -6.733      0.000
    N6                -0.008      0.031     -0.252      0.801
    N7                -0.039      0.027     -1.438      0.151
    O1                 0.344      0.030     11.606      0.000
    O2                 0.446      0.037     12.129      0.000
    O3                 0.428      0.024     17.703      0.000
    O4                 0.342      0.048      7.112      0.000
    O5                 0.410      0.041      9.940      0.000
    O6                 0.483      0.031     15.533      0.000
    O7                 0.621      0.037     16.554      0.000
    O9                 0.464      0.036     12.866      0.000

 E        BY
    A1                 0.009      0.022      0.413      0.680
    A2                -0.056      0.034     -1.635      0.102
    A3                 0.050      0.041      1.212      0.225
    A6                -0.010      0.035     -0.296      0.768
    A7                -0.058      0.039     -1.468      0.142
    A8                -0.031      0.023     -1.313      0.189
    C1                 0.188      0.046      4.051      0.000
    C2                -0.152      0.055     -2.761      0.006
    C3                -0.102      0.035     -2.883      0.004
    C4                 0.501      0.037     13.561      0.000
    C5                 0.348      0.035     10.056      0.000
    C6                 0.144      0.018      8.216      0.000
    C7                -0.251      0.045     -5.556      0.000
    C8                 0.160      0.033      4.909      0.000
    C9                 0.119      0.024      4.983      0.000
    E1                 0.010      0.019      0.496      0.620
    E3                 0.010      0.029      0.348      0.728
    E4                 0.059      0.030      1.966      0.049
    E5                -0.006      0.020     -0.299      0.765
    E6                -0.041      0.038     -1.083      0.279
    E7                -0.144      0.037     -3.933      0.000
    E8                 0.000      0.022     -0.014      0.989
    E9                 0.010      0.029      0.335      0.738
    N1                 0.045      0.044      1.021      0.307
    N2                -0.037      0.036     -1.020      0.308
    N3                 0.088      0.053      1.664      0.096
    N4                -0.061      0.043     -1.436      0.151
    N5                -0.125      0.038     -3.310      0.001
    N6                 0.163      0.057      2.854      0.004
    N7                 0.073      0.042      1.726      0.084
    O1                -0.155      0.028     -5.476      0.000
    O2                 0.012      0.030      0.410      0.682
    O3                -0.063      0.025     -2.508      0.012
    O4                -0.088      0.047     -1.856      0.063
    O5                -0.125      0.041     -3.089      0.002
    O6                 0.014      0.023      0.621      0.534
    O7                 0.000      0.028     -0.015      0.988
    O9                 0.042      0.036      1.159      0.246

 N        BY
    A1                -0.015      0.025     -0.609      0.543
    A2                 0.177      0.035      5.003      0.000
    A3                 0.181      0.060      3.042      0.002
    A6                 0.084      0.040      2.126      0.033
    A7                 0.196      0.042      4.661      0.000
    A8                 0.013      0.021      0.625      0.532
    C1                 0.139      0.077      1.795      0.073
    C2                 0.393      0.046      8.560      0.000
    C3                 0.279      0.023     12.034      0.000
    C4                -0.024      0.039     -0.627      0.531
    C5                -0.152      0.046     -3.335      0.001
    C6                -0.020      0.014     -1.380      0.168
    C7                 0.289      0.036      8.020      0.000
    C8                 0.063      0.036      1.754      0.079
    C9                -0.105      0.025     -4.131      0.000
    E1                 0.047      0.041      1.158      0.247
    E3                 0.094      0.048      1.939      0.052
    E4                -0.172      0.044     -3.896      0.000
    E5                 0.069      0.044      1.588      0.112
    E6                 0.232      0.057      4.064      0.000
    E7                 0.010      0.031      0.306      0.759
    E8                 0.040      0.045      0.893      0.372
    E9                -0.200      0.050     -3.990      0.000
    N1                 0.356      0.045      7.842      0.000
    N2                 0.387      0.038     10.174      0.000
    N3                 0.503      0.031     16.164      0.000
    N4                -0.231      0.039     -5.967      0.000
    N5                 0.324      0.029     11.044      0.000
    N6                 0.450      0.035     12.726      0.000
    N7                 0.348      0.028     12.276      0.000
    O1                -0.007      0.019     -0.382      0.702
    O2                -0.016      0.031     -0.519      0.604
    O3                -0.046      0.023     -2.042      0.041
    O4                 0.086      0.052      1.652      0.098
    O5                 0.019      0.038      0.497      0.619
    O6                 0.067      0.030      2.264      0.024
    O7                -0.076      0.034     -2.249      0.025
    O9                -0.116      0.037     -3.180      0.001

 O        BY
    A1                 0.074      0.040      1.872      0.061
    A2                -0.035      0.021     -1.653      0.098
    A3                 0.048      0.027      1.795      0.073
    A6                 0.221      0.050      4.442      0.000
    A7                 0.020      0.021      0.941      0.347
    A8                 0.065      0.031      2.106      0.035
    C1                 0.035      0.032      1.083      0.279
    C2                -0.065      0.038     -1.706      0.088
    C3                 0.056      0.029      1.918      0.055
    C4                -0.129      0.036     -3.588      0.000
    C5                -0.004      0.022     -0.200      0.841
    C6                -0.089      0.017     -5.264      0.000
    C7                 0.057      0.040      1.416      0.157
    C8                 0.019      0.031      0.606      0.544
    C9                -0.003      0.017     -0.163      0.871
    E1                -0.326      0.027    -11.960      0.000
    E3                -0.432      0.036    -11.954      0.000
    E4                 0.265      0.034      7.691      0.000
    E5                 0.072      0.026      2.764      0.006
    E6                 0.440      0.049      9.030      0.000
    E7                 0.148      0.042      3.519      0.000
    E8                 0.372      0.037     10.132      0.000
    E9                 0.264      0.035      7.550      0.000
    N1                 0.003      0.025      0.106      0.915
    N2                -0.235      0.034     -6.869      0.000
    N3                -0.137      0.046     -2.954      0.003
    N4                -0.004      0.024     -0.168      0.866
    N5                -0.062      0.028     -2.212      0.027
    N6                 0.025      0.035      0.695      0.487
    N7                 0.016      0.028      0.561      0.575
    O1                -0.033      0.028     -1.197      0.231
    O2                 0.110      0.046      2.411      0.016
    O3                -0.021      0.030     -0.678      0.498
    O4                -0.172      0.059     -2.918      0.004
    O5                -0.031      0.045     -0.694      0.488
    O6                -0.150      0.045     -3.340      0.001
    O7                -0.061      0.047     -1.284      0.199
    O9                -0.134      0.038     -3.581      0.000

 C        WITH
    A                  0.000      0.000    999.000    999.000

 E        WITH
    A                  0.000      0.000    999.000    999.000
    C                  0.000      0.000    999.000    999.000

 N        WITH
    A                  0.000      0.000    999.000    999.000
    C                  0.000      0.000    999.000    999.000
    E                  0.000      0.000    999.000    999.000

 O        WITH
    A                  0.000      0.000    999.000    999.000
    C                  0.000      0.000    999.000    999.000
    E                  0.000      0.000    999.000    999.000
    N                  0.000      0.000    999.000    999.000

 N5       WITH
    C2                 0.075      0.012      6.373      0.000

 E5       WITH
    C1                 0.074      0.013      5.739      0.000

 Means
    A                  0.000      0.000    999.000    999.000
    C                  0.000      0.000    999.000    999.000
    E                  0.000      0.000    999.000    999.000
    N                  0.000      0.000    999.000    999.000
    O                  0.000      0.000    999.000    999.000

 Intercepts
    A1                -0.005      0.031     -0.174      0.862
    A2                 0.013      0.028      0.454      0.650
    A3                 0.001      0.033      0.018      0.986
    A6                -0.004      0.037     -0.113      0.910
    A7                 0.003      0.030      0.091      0.928
    A8                -0.002      0.024     -0.084      0.933
    C1                -0.007      0.043     -0.157      0.875
    C2                 0.031      0.043      0.727      0.467
    C3                 0.000      0.022     -0.001      1.000
    C4                 0.000      0.038     -0.013      0.990
    C5                -0.005      0.035     -0.135      0.893
    C6                -0.002      0.017     -0.101      0.920
    C7                 0.004      0.034      0.126      0.900
    C8                 0.002      0.031      0.078      0.938
    C9                 0.000      0.020     -0.016      0.988
    E1                 0.003      0.028      0.094      0.925
    E3                -0.001      0.036     -0.026      0.979
    E4                -0.014      0.036     -0.387      0.698
    E5                 0.000      0.027     -0.005      0.996
    E6                -0.003      0.039     -0.079      0.937
    E7                -0.013      0.035     -0.365      0.715
    E8                -0.003      0.032     -0.104      0.917
    E9                -0.003      0.036     -0.090      0.929
    N1                 0.002      0.037      0.064      0.949
    N2                 0.011      0.033      0.331      0.740
    N3                 0.000      0.034     -0.008      0.994
    N4                 0.001      0.037      0.025      0.980
    N5                 0.003      0.026      0.115      0.909
    N6                 0.007      0.037      0.189      0.850
    N7                 0.001      0.029      0.042      0.967
    O1                 0.002      0.027      0.073      0.942
    O2                -0.029      0.037     -0.798      0.425
    O3                -0.002      0.029     -0.053      0.958
    O4                -0.004      0.044     -0.084      0.933
    O5                -0.003      0.040     -0.081      0.935
    O6                -0.001      0.034     -0.038      0.970
    O7                -0.019      0.041     -0.474      0.636
    O9                -0.008      0.038     -0.207      0.836

 Variances
    A                  1.000      0.000    999.000    999.000
    C                  1.000      0.000    999.000    999.000
    E                  1.000      0.000    999.000    999.000
    N                  1.000      0.000    999.000    999.000
    O                  1.000      0.000    999.000    999.000

 Residual Variances
    A1                 0.150      0.013     11.820      0.000
    A2                 0.096      0.009     10.537      0.000
    A3                 0.149      0.015     10.115      0.000
    A6                 0.359      0.029     12.593      0.000
    A7                 0.147      0.013     11.510      0.000
    A8                 0.131      0.010     12.565      0.000
    C1                 0.320      0.029     11.167      0.000
    C2                 0.324      0.026     12.352      0.000
    C3                 0.076      0.007     11.292      0.000
    C4                 0.173      0.021      8.371      0.000
    C5                 0.133      0.013      9.871      0.000
    C6                 0.046      0.004     11.327      0.000
    C7                 0.261      0.021     12.287      0.000
    C8                 0.258      0.020     12.920      0.000
    C9                 0.096      0.008     12.692      0.000
    E1                 0.121      0.011     11.043      0.000
    E3                 0.269      0.024     11.277      0.000
    E4                 0.162      0.014     11.597      0.000
    E5                 0.104      0.009     11.072      0.000
    E6                 0.231      0.022     10.414      0.000
    E7                 0.288      0.023     12.707      0.000
    E8                 0.144      0.014     10.521      0.000
    E9                 0.268      0.021     12.466      0.000
    N1                 0.266      0.022     12.213      0.000
    N2                 0.144      0.013     11.162      0.000
    N3                 0.143      0.015      9.799      0.000
    N4                 0.231      0.020     11.779      0.000
    N5                 0.096      0.008     11.355      0.000
    N6                 0.234      0.023     10.303      0.000
    N7                 0.164      0.014     11.948      0.000
    O1                 0.090      0.009      9.826      0.000
    O2                 0.268      0.021     12.619      0.000
    O3                 0.105      0.009     11.323      0.000
    O4                 0.525      0.042     12.644      0.000
    O5                 0.367      0.029     12.467      0.000
    O6                 0.159      0.014     11.229      0.000
    O7                 0.197      0.018     11.204      0.000
    O9                 0.261      0.021     12.248      0.000


STANDARDIZED MODEL RESULTS


STDYX Standardization

                                                    Two-Tailed
                    Estimate       S.E.  Est./S.E.    P-Value

 A        BY
    A1                -0.356      0.065     -5.491      0.000
    A2                 0.647      0.042     15.450      0.000
    A3                 0.717      0.046     15.735      0.000
    A6                -0.228      0.064     -3.558      0.000
    A7                 0.635      0.045     14.198      0.000
    A8                -0.324      0.065     -4.960      0.000
    C1                 0.575      0.049     11.665      0.000
    C2                 0.042      0.039      1.063      0.288
    C3                 0.293      0.077      3.822      0.000
    C4                 0.065      0.044      1.468      0.142
    C5                -0.006      0.028     -0.203      0.839
    C6                -0.114      0.049     -2.333      0.020
    C7                 0.089      0.064      1.378      0.168
    C8                 0.018      0.049      0.367      0.713
    C9                 0.097      0.050      1.922      0.055
    E1                -0.073      0.051     -1.421      0.155
    E3                 0.096      0.058      1.671      0.095
    E4                -0.064      0.046     -1.398      0.162
    E5                 0.570      0.063      8.990      0.000
    E6                 0.083      0.071      1.172      0.241
    E7                 0.172      0.074      2.322      0.020
    E8                 0.038      0.055      0.705      0.481
    E9                 0.132      0.052      2.534      0.011
    N1                 0.399      0.061      6.555      0.000
    N2                 0.047      0.041      1.162      0.245
    N3                -0.061      0.060     -1.016      0.310
    N4                 0.294      0.069      4.250      0.000
    N5                 0.051      0.042      1.217      0.224
    N6                -0.264      0.072     -3.684      0.000
    N7                 0.068      0.065      1.057      0.291
    O1                 0.357      0.089      4.012      0.000
    O2                -0.157      0.066     -2.384      0.017
    O3                 0.013      0.070      0.178      0.859
    O4                -0.135      0.073     -1.850      0.064
    O5                -0.184      0.078     -2.376      0.018
    O6                 0.051      0.070      0.728      0.467
    O7                -0.174      0.075     -2.318      0.020
    O9                 0.131      0.067      1.953      0.051

 C        BY
    A1                 0.650      0.046     14.274      0.000
    A2                -0.339      0.079     -4.293      0.000
    A3                 0.150      0.092      1.632      0.103
    A6                 0.357      0.057      6.269      0.000
    A7                -0.136      0.083     -1.634      0.102
    A8                 0.463      0.054      8.514      0.000
    C1                 0.324      0.079      4.127      0.000
    C2                -0.482      0.044    -11.024      0.000
    C3                 0.018      0.051      0.341      0.733
    C4                 0.375      0.055      6.784      0.000
    C5                 0.617      0.038     16.182      0.000
    C6                 0.509      0.050     10.258      0.000
    C7                -0.059      0.052     -1.125      0.260
    C8                 0.423      0.046      9.206      0.000
    C9                 0.420      0.048      8.756      0.000
    E1                -0.414      0.070     -5.958      0.000
    E3                 0.094      0.071      1.315      0.188
    E4                 0.653      0.046     14.238      0.000
    E5                 0.496      0.072      6.839      0.000
    E6                 0.325      0.069      4.711      0.000
    E7                 0.466      0.052      8.945      0.000
    E8                 0.496      0.064      7.738      0.000
    E9                 0.422      0.060      7.072      0.000
    N1                -0.197      0.067     -2.959      0.003
    N2                -0.283      0.059     -4.772      0.000
    N3                -0.023      0.047     -0.492      0.623
    N4                 0.578      0.045     12.852      0.000
    N5                -0.352      0.049     -7.220      0.000
    N6                -0.011      0.044     -0.252      0.801
    N7                -0.072      0.050     -1.441      0.150
    O1                 0.665      0.045     14.879      0.000
    O2                 0.636      0.038     16.712      0.000
    O3                 0.788      0.022     35.613      0.000
    O4                 0.409      0.052      7.899      0.000
    O5                 0.542      0.044     12.232      0.000
    O6                 0.744      0.030     25.000      0.000
    O7                 0.795      0.027     28.938      0.000
    O9                 0.644      0.036     18.115      0.000

 E        BY
    A1                 0.016      0.038      0.413      0.680
    A2                -0.105      0.065     -1.629      0.103
    A3                 0.079      0.065      1.210      0.226
    A6                -0.014      0.049     -0.296      0.767
    A7                -0.101      0.069     -1.469      0.142
    A8                -0.068      0.052     -1.317      0.188
    C1                 0.230      0.057      4.034      0.000
    C2                -0.187      0.068     -2.776      0.005
    C3                -0.239      0.082     -2.930      0.003
    C4                 0.698      0.042     16.747      0.000
    C5                 0.520      0.049     10.721      0.000
    C6                 0.448      0.051      8.776      0.000
    C7                -0.390      0.066     -5.894      0.000
    C8                 0.270      0.053      5.084      0.000
    C9                 0.309      0.060      5.152      0.000
    E1                 0.018      0.037      0.496      0.620
    E3                 0.015      0.042      0.348      0.728
    E4                 0.086      0.044      1.965      0.049
    E5                -0.012      0.039     -0.300      0.764
    E6                -0.056      0.052     -1.086      0.277
    E7                -0.217      0.054     -4.017      0.000
    E8                -0.001      0.037     -0.014      0.989
    E9                 0.014      0.042      0.334      0.738
    N1                 0.064      0.063      1.022      0.307
    N2                -0.060      0.059     -1.017      0.309
    N3                 0.135      0.080      1.679      0.093
    N4                -0.087      0.060     -1.441      0.150
    N5                -0.250      0.075     -3.334      0.001
    N6                 0.231      0.080      2.902      0.004
    N7                 0.134      0.077      1.735      0.083
    O1                -0.299      0.054     -5.586      0.000
    O2                 0.018      0.043      0.410      0.682
    O3                -0.116      0.046     -2.513      0.012
    O4                -0.105      0.057     -1.865      0.062
    O5                -0.166      0.053     -3.124      0.002
    O6                 0.022      0.035      0.621      0.535
    O7                -0.001      0.036     -0.015      0.988
    O9                 0.058      0.050      1.159      0.246

 N        BY
    A1                -0.026      0.042     -0.608      0.543
    A2                 0.333      0.064      5.204      0.000
    A3                 0.286      0.092      3.105      0.002
    A6                 0.118      0.055      2.144      0.032
    A7                 0.342      0.070      4.857      0.000
    A8                 0.030      0.048      0.625      0.532
    C1                 0.170      0.094      1.808      0.071
    C2                 0.483      0.051      9.549      0.000
    C3                 0.652      0.041     15.777      0.000
    C4                -0.034      0.054     -0.626      0.531
    C5                -0.228      0.068     -3.356      0.001
    C6                -0.061      0.044     -1.380      0.167
    C7                 0.448      0.050      8.897      0.000
    C8                 0.107      0.061      1.764      0.078
    C9                -0.272      0.064     -4.241      0.000
    E1                 0.090      0.077      1.160      0.246
    E3                 0.136      0.070      1.955      0.051
    E4                -0.252      0.064     -3.944      0.000
    E5                 0.135      0.085      1.597      0.110
    E6                 0.316      0.075      4.206      0.000
    E7                 0.015      0.047      0.307      0.759
    E8                 0.065      0.073      0.895      0.371
    E9                -0.293      0.071     -4.101      0.000
    N1                 0.507      0.057      8.824      0.000
    N2                 0.626      0.052     12.159      0.000
    N3                 0.772      0.029     26.437      0.000
    N4                -0.328      0.052     -6.288      0.000
    N5                 0.646      0.048     13.319      0.000
    N6                 0.638      0.038     16.862      0.000
    N7                 0.643      0.039     16.520      0.000
    O1                -0.014      0.038     -0.382      0.702
    O2                -0.023      0.045     -0.519      0.604
    O3                -0.085      0.041     -2.049      0.040
    O4                 0.103      0.062      1.660      0.097
    O5                 0.025      0.050      0.498      0.619
    O6                 0.103      0.045      2.278      0.023
    O7                -0.098      0.043     -2.255      0.024
    O9                -0.162      0.050     -3.222      0.001

 O        BY
    A1                 0.126      0.068      1.867      0.062
    A2                -0.065      0.039     -1.650      0.099
    A3                 0.076      0.042      1.793      0.073
    A6                 0.311      0.068      4.562      0.000
    A7                 0.035      0.037      0.941      0.347
    A8                 0.146      0.069      2.112      0.035
    C1                 0.043      0.040      1.081      0.280
    C2                -0.080      0.047     -1.708      0.088
    C3                 0.131      0.068      1.918      0.055
    C4                -0.180      0.049     -3.644      0.000
    C5                -0.007      0.033     -0.200      0.841
    C6                -0.278      0.051     -5.405      0.000
    C7                 0.089      0.063      1.418      0.156
    C8                 0.032      0.052      0.606      0.545
    C9                -0.007      0.044     -0.163      0.871
    E1                -0.618      0.044    -14.044      0.000
    E3                -0.628      0.041    -15.509      0.000
    E4                 0.388      0.050      7.736      0.000
    E5                 0.141      0.051      2.752      0.006
    E6                 0.598      0.061      9.749      0.000
    E7                 0.223      0.063      3.564      0.000
    E8                 0.606      0.056     10.897      0.000
    E9                 0.386      0.048      8.037      0.000
    N1                 0.004      0.036      0.106      0.915
    N2                -0.380      0.054     -7.042      0.000
    N3                -0.211      0.071     -2.953      0.003
    N4                -0.006      0.033     -0.168      0.866
    N5                -0.123      0.055     -2.214      0.027
    N6                 0.035      0.050      0.696      0.487
    N7                 0.029      0.051      0.561      0.575
    O1                -0.064      0.053     -1.200      0.230
    O2                 0.157      0.065      2.408      0.016
    O3                -0.038      0.056     -0.679      0.497
    O4                -0.205      0.069     -2.956      0.003
    O5                -0.042      0.060     -0.695      0.487
    O6                -0.231      0.069     -3.370      0.001
    O7                -0.078      0.060     -1.288      0.198
    O9                -0.187      0.052     -3.621      0.000

 C        WITH
    A                  0.000      0.000    999.000    999.000

 E        WITH
    A                  0.000      0.000    999.000    999.000
    C                  0.000      0.000    999.000    999.000

 N        WITH
    A                  0.000      0.000    999.000    999.000
    C                  0.000      0.000    999.000    999.000
    E                  0.000      0.000    999.000    999.000

 O        WITH
    A                  0.000      0.000    999.000    999.000
    C                  0.000      0.000    999.000    999.000
    E                  0.000      0.000    999.000    999.000
    N                  0.000      0.000    999.000    999.000

 N5       WITH
    C2                 0.424      0.048      8.867      0.000

 E5       WITH
    C1                 0.406      0.051      7.939      0.000

 Means
    A                  0.000      0.000    999.000    999.000
    C                  0.000      0.000    999.000    999.000
    E                  0.000      0.000    999.000    999.000
    N                  0.000      0.000    999.000    999.000
    O                  0.000      0.000    999.000    999.000

 Intercepts
    A1                -0.009      0.053     -0.174      0.862
    A2                 0.024      0.053      0.454      0.650
    A3                 0.001      0.053      0.018      0.986
    A6                -0.006      0.053     -0.113      0.910
    A7                 0.005      0.053      0.091      0.928
    A8                -0.004      0.053     -0.084      0.933
    C1                -0.008      0.053     -0.157      0.875
    C2                 0.038      0.053      0.727      0.468
    C3                 0.000      0.053     -0.001      1.000
    C4                -0.001      0.053     -0.013      0.990
    C5                -0.007      0.053     -0.135      0.893
    C6                -0.005      0.053     -0.101      0.920
    C7                 0.007      0.053      0.126      0.900
    C8                 0.004      0.053      0.078      0.938
    C9                -0.001      0.053     -0.016      0.988
    E1                 0.005      0.053      0.094      0.925
    E3                -0.001      0.053     -0.026      0.979
    E4                -0.020      0.053     -0.387      0.698
    E5                 0.000      0.053     -0.005      0.996
    E6                -0.004      0.053     -0.079      0.937
    E7                -0.019      0.053     -0.365      0.715
    E8                -0.005      0.053     -0.104      0.917
    E9                -0.005      0.053     -0.090      0.929
    N1                 0.003      0.053      0.064      0.949
    N2                 0.017      0.053      0.331      0.740
    N3                 0.000      0.053     -0.008      0.994
    N4                 0.001      0.053      0.025      0.980
    N5                 0.006      0.053      0.115      0.909
    N6                 0.010      0.053      0.189      0.850
    N7                 0.002      0.053      0.042      0.967
    O1                 0.004      0.053      0.073      0.942
    O2                -0.042      0.053     -0.798      0.425
    O3                -0.003      0.053     -0.053      0.958
    O4                -0.004      0.053     -0.084      0.933
    O5                -0.004      0.053     -0.081      0.935
    O6                -0.002      0.053     -0.038      0.970
    O7                -0.025      0.053     -0.474      0.636
    O9                -0.011      0.053     -0.207      0.836

 Variances
    A                  1.000      0.000    999.000    999.000
    C                  1.000      0.000    999.000    999.000
    E                  1.000      0.000    999.000    999.000
    N                  1.000      0.000    999.000    999.000
    O                  1.000      0.000    999.000    999.000

 Residual Variances
    A1                 0.434      0.039     11.262      0.000
    A2                 0.340      0.035      9.630      0.000
    A3                 0.369      0.039      9.440      0.000
    A6                 0.710      0.045     15.844      0.000
    A7                 0.450      0.040     11.107      0.000
    A8                 0.654      0.044     14.699      0.000
    C1                 0.480      0.044     11.018      0.000
    C2                 0.491      0.040     12.260      0.000
    C3                 0.414      0.039     10.660      0.000
    C4                 0.335      0.042      7.880      0.000
    C5                 0.297      0.033      8.940      0.000
    C6                 0.446      0.041     10.918      0.000
    C7                 0.628      0.045     13.857      0.000
    C8                 0.736      0.043     17.198      0.000
    C9                 0.645      0.044     14.735      0.000
    E1                 0.433      0.041     10.577      0.000
    E3                 0.568      0.048     11.864      0.000
    E4                 0.347      0.033     10.467      0.000
    E5                 0.391      0.038     10.333      0.000
    E6                 0.427      0.043      9.986      0.000
    E7                 0.657      0.044     14.979      0.000
    E8                 0.381      0.039      9.827      0.000
    E9                 0.570      0.043     13.291      0.000
    N1                 0.541      0.043     12.646      0.000
    N2                 0.377      0.037     10.323      0.000
    N3                 0.338      0.037      9.048      0.000
    N4                 0.464      0.040     11.466      0.000
    N5                 0.379      0.036     10.486      0.000
    N6                 0.469      0.046     10.119      0.000
    N7                 0.558      0.045     12.538      0.000
    O1                 0.337      0.037      9.067      0.000
    O2                 0.545      0.041     13.151      0.000
    O3                 0.356      0.035     10.320      0.000
    O4                 0.751      0.044     16.964      0.000
    O5                 0.642      0.045     14.346      0.000
    O6                 0.378      0.036     10.382      0.000
    O7                 0.323      0.032     10.035      0.000
    O9                 0.503      0.041     12.282      0.000


R-SQUARE

    Observed                                        Two-Tailed
    Variable        Estimate       S.E.  Est./S.E.    P-Value

    A1                 0.566      0.039     14.663      0.000
    A2                 0.660      0.035     18.726      0.000
    A3                 0.631      0.039     16.124      0.000
    A6                 0.290      0.045      6.486      0.000
    A7                 0.550      0.040     13.596      0.000
    A8                 0.346      0.044      7.780      0.000
    C1                 0.520      0.044     11.922      0.000
    C2                 0.509      0.040     12.707      0.000
    C3                 0.586      0.039     15.113      0.000
    C4                 0.665      0.042     15.665      0.000
    C5                 0.703      0.033     21.157      0.000
    C6                 0.554      0.041     13.544      0.000
    C7                 0.372      0.045      8.215      0.000
    C8                 0.264      0.043      6.184      0.000
    C9                 0.355      0.044      8.124      0.000
    E1                 0.567      0.041     13.832      0.000
    E3                 0.432      0.048      9.005      0.000
    E4                 0.653      0.033     19.678      0.000
    E5                 0.609      0.038     16.099      0.000
    E6                 0.573      0.043     13.398      0.000
    E7                 0.343      0.044      7.832      0.000
    E8                 0.619      0.039     15.977      0.000
    E9                 0.430      0.043     10.030      0.000
    N1                 0.459      0.043     10.741      0.000
    N2                 0.623      0.037     17.031      0.000
    N3                 0.662      0.037     17.756      0.000
    N4                 0.536      0.040     13.245      0.000
    N5                 0.621      0.036     17.168      0.000
    N6                 0.531      0.046     11.465      0.000
    N7                 0.442      0.045      9.927      0.000
    O1                 0.663      0.037     17.837      0.000
    O2                 0.455      0.041     10.983      0.000
    O3                 0.644      0.035     18.629      0.000
    O4                 0.249      0.044      5.628      0.000
    O5                 0.358      0.045      7.994      0.000
    O6                 0.622      0.036     17.053      0.000
    O7                 0.677      0.032     21.054      0.000
    O9                 0.497      0.041     12.120      0.000


QUALITY OF NUMERICAL RESULTS

     Condition Number for the Information Matrix              0.235E-02
       (ratio of smallest to largest eigenvalue)


MODEL MODIFICATION INDICES

NOTE:  Modification indices for direct effects of observed dependent variables
regressed on covariates may not be included.  To include these, request
MODINDICES (ALL).

Minimum M.I. value for printing the modification index     4.000

                                   M.I.     E.P.C.  Std E.P.C.  StdYX E.P.C.

WITH Statements

A3       WITH A1                   4.658     0.021      0.021        0.139
A6       WITH A1                  12.639     0.048      0.048        0.206
A6       WITH A3                   7.950     0.040      0.040        0.174
A8       WITH A1                   5.083     0.018      0.018        0.131
C1       WITH A3                  19.746     0.058      0.058        0.266
C1       WITH A8                   4.444     0.022      0.022        0.109
C2       WITH A2                   8.437     0.028      0.028        0.156
C3       WITH C1                   6.998    -0.022     -0.022       -0.144
C4       WITH C1                   4.942    -0.034     -0.034       -0.143
C4       WITH C2                   4.518     0.030      0.030        0.127
C5       WITH A3                  10.591    -0.031     -0.031       -0.224
C5       WITH C2                  24.223    -0.057     -0.057       -0.273
C6       WITH A7                   7.997    -0.014     -0.014       -0.173
C6       WITH C2                   4.218     0.013      0.013        0.107
C6       WITH C3                  11.327    -0.012     -0.012       -0.208
C6       WITH C4                  18.069     0.030      0.030        0.332
C7       WITH A8                   4.571     0.022      0.022        0.121
C8       WITH A8                   6.180    -0.025     -0.025       -0.138
C8       WITH C3                   7.572     0.022      0.022        0.160
C8       WITH C7                   8.020     0.041      0.041        0.159
C9       WITH A8                   5.111     0.014      0.014        0.126
E1       WITH A6                   6.560     0.032      0.032        0.153
E1       WITH C3                   7.003     0.016      0.016        0.165
E3       WITH C2                   4.102    -0.031     -0.031       -0.105
E3       WITH E1                   7.187     0.031      0.031        0.173
E4       WITH C3                  11.145     0.022      0.022        0.203
E4       WITH C9                   4.367     0.015      0.015        0.121
E4       WITH E1                  23.117     0.043      0.043        0.304
E4       WITH E3                   7.243     0.035      0.035        0.166
E5       WITH A2                  11.752    -0.020     -0.020       -0.199
E5       WITH E1                   5.978    -0.015     -0.015       -0.135
E5       WITH E4                  11.582    -0.024     -0.024       -0.184
E6       WITH A1                  12.619    -0.042     -0.042       -0.223
E6       WITH A7                   6.065    -0.029     -0.029       -0.156
E6       WITH E1                  10.596    -0.037     -0.037       -0.223
E6       WITH E5                  13.273     0.032      0.032        0.207
E7       WITH C1                  15.407    -0.061     -0.061       -0.202
E7       WITH C4                  11.407     0.051      0.051        0.227
E8       WITH A3                   4.480     0.021      0.021        0.142
E8       WITH C4                   4.774     0.025      0.025        0.158
E8       WITH C6                   8.516     0.015      0.015        0.185
E8       WITH E1                   8.554    -0.027     -0.027       -0.201
E8       WITH E3                   5.224    -0.030     -0.030       -0.152
E8       WITH E6                   4.251    -0.027     -0.027       -0.148
E9       WITH A1                   6.642    -0.030     -0.030       -0.149
E9       WITH A3                   6.705    -0.032     -0.032       -0.161
E9       WITH A8                   6.856     0.028      0.028        0.147
E9       WITH C5                   5.118     0.027      0.027        0.141
E9       WITH C9                   8.145     0.026      0.026        0.160
E9       WITH E5                   6.236    -0.022     -0.022       -0.131
E9       WITH E6                   4.455     0.032      0.032        0.130
E9       WITH E8                   8.103    -0.034     -0.034       -0.176
N1       WITH A2                  15.432     0.040      0.040        0.247
N1       WITH A3                   7.507    -0.035     -0.035       -0.176
N1       WITH A6                  15.047    -0.068     -0.068       -0.219
N2       WITH E4                  15.420    -0.038     -0.038       -0.246
N3       WITH A2                   4.998    -0.018     -0.018       -0.153
N3       WITH C3                   6.566     0.018      0.018        0.175
N3       WITH E3                  11.836    -0.045     -0.045       -0.229
N3       WITH E4                   7.521    -0.027     -0.027       -0.180
N3       WITH E7                   6.050    -0.031     -0.031       -0.154
N4       WITH A8                   7.494     0.027      0.027        0.158
N4       WITH C2                   4.794    -0.031     -0.031       -0.112
N4       WITH C3                   9.531     0.025      0.025        0.187
N4       WITH C5                   4.524    -0.024     -0.024       -0.136
N4       WITH C7                   6.041     0.035      0.035        0.143
N4       WITH C8                   6.608     0.036      0.036        0.146
N4       WITH E6                   7.463    -0.040     -0.040       -0.171
N4       WITH E7                   5.750    -0.036     -0.036       -0.138
N4       WITH N1                   4.962    -0.032     -0.032       -0.130
N5       WITH A6                   6.309     0.024      0.024        0.129
N6       WITH A3                   7.908    -0.035     -0.035       -0.189
N6       WITH A6                  10.538    -0.058     -0.058       -0.199
N6       WITH C6                  24.633    -0.033     -0.033       -0.319
N6       WITH E3                  22.552     0.076      0.076        0.303
N6       WITH E4                  10.527     0.040      0.040        0.204
N6       WITH E6                   9.804     0.049      0.049        0.211
N6       WITH E8                   5.287    -0.028     -0.028       -0.153
N6       WITH N1                  16.871     0.063      0.063        0.254
N6       WITH N4                   6.574    -0.038     -0.038       -0.166
N7       WITH A3                  14.361     0.037      0.037        0.240
N7       WITH A6                  14.034     0.052      0.052        0.215
N7       WITH E5                   5.150    -0.016     -0.016       -0.121
N7       WITH N1                   6.063    -0.030     -0.030       -0.144
N7       WITH N4                   6.658     0.030      0.030        0.154
O1       WITH A3                   7.604    -0.022     -0.022       -0.193
O1       WITH A6                   9.134    -0.034     -0.034       -0.188
O1       WITH C3                   7.982     0.015      0.015        0.187
O1       WITH C5                   5.773     0.018      0.018        0.167
O1       WITH C7                   7.224    -0.026     -0.026       -0.171
O1       WITH E7                   4.770     0.022      0.022        0.138
O1       WITH E9                  11.571     0.033      0.033        0.213
O1       WITH N2                   4.147     0.015      0.015        0.135
O1       WITH N7                   6.140    -0.019     -0.019       -0.159
O2       WITH A2                   5.048    -0.022     -0.022       -0.137
O2       WITH A8                   8.169    -0.030     -0.030       -0.160
O2       WITH C2                   5.205    -0.033     -0.033       -0.113
O2       WITH C3                   7.824     0.023      0.023        0.164
O2       WITH C5                   6.392     0.029      0.029        0.156
O2       WITH C9                   9.320    -0.027     -0.027       -0.170
O2       WITH E1                   7.858     0.030      0.030        0.166
O2       WITH E8                   5.998     0.029      0.029        0.149
O2       WITH N5                   4.168    -0.017     -0.017       -0.105
O2       WITH N7                   5.823     0.029      0.029        0.138
O3       WITH A1                  20.235     0.034      0.034        0.274
O3       WITH A7                   5.070    -0.017     -0.017       -0.138
O3       WITH C2                   4.282     0.020      0.020        0.107
O3       WITH C3                   6.061    -0.013     -0.013       -0.152
O3       WITH C5                   5.554    -0.018     -0.018       -0.153
O3       WITH C6                   4.167     0.009      0.009        0.125
O3       WITH C9                   4.343     0.012      0.012        0.121
O3       WITH E3                   6.168    -0.026     -0.026       -0.154
O3       WITH E4                   5.277    -0.018     -0.018       -0.140
O3       WITH E5                   4.142     0.012      0.012        0.111
O3       WITH O2                  22.325    -0.047     -0.047       -0.278
O4       WITH A2                  10.328     0.044      0.044        0.195
O4       WITH C3                   8.626    -0.034     -0.034       -0.172
O4       WITH C8                  10.989    -0.067     -0.067       -0.182
O4       WITH C9                  19.290     0.055      0.055        0.244
O4       WITH E6                  14.067     0.079      0.079        0.227
O4       WITH N4                  11.898    -0.069     -0.069       -0.198
O4       WITH N6                   4.660     0.046      0.046        0.131
O5       WITH A2                   6.750     0.030      0.030        0.159
O5       WITH C3                   7.795    -0.027     -0.027       -0.165
O5       WITH E8                   6.123     0.034      0.034        0.150
O5       WITH N4                   4.301    -0.035     -0.035       -0.120
O5       WITH O4                  32.159     0.140      0.140        0.319
O6       WITH C9                  12.292    -0.025     -0.025       -0.206
O6       WITH E5                   4.231     0.015      0.015        0.113
O6       WITH E9                   4.360    -0.026     -0.026       -0.124
O6       WITH N2                   9.164    -0.029     -0.029       -0.191
O6       WITH N5                   9.854    -0.021     -0.021       -0.171
O7       WITH A2                   5.671     0.021      0.021        0.155
O7       WITH A8                  10.330    -0.031     -0.031       -0.191
O7       WITH C9                  11.277    -0.027     -0.027       -0.197
O7       WITH E4                   5.353     0.025      0.025        0.142
O7       WITH N5                   4.158    -0.015     -0.015       -0.111
O7       WITH O2                  15.409     0.054      0.054        0.233
O7       WITH O3                   7.493    -0.025     -0.025       -0.176
O7       WITH O6                  15.588     0.045      0.045        0.255
O9       WITH A6                   6.652     0.045      0.045        0.146
O9       WITH C8                   5.688    -0.035     -0.035       -0.134
O9       WITH C9                  20.691     0.041      0.041        0.257
O9       WITH N4                   4.887     0.032      0.032        0.131
O9       WITH N5                   6.316     0.021      0.021        0.131
O9       WITH O2                  10.103    -0.047     -0.047       -0.180
O9       WITH O4                   8.528     0.061      0.061        0.165


     Beginning Time:  15:38:37
        Ending Time:  15:38:38
       Elapsed Time:  00:00:01



MUTHEN & MUTHEN
3463 Stoner Ave.
Los Angeles, CA  90066

Tel: (310) 391-9971
Fax: (310) 391-8971
Web: www.StatModel.com
Support: Support@StatModel.com

Copyright (c) 1998-2017 Muthen & Muthen
