Mplus VERSION 8 (Mac)
MUTHEN & MUTHEN
05/06/2020   3:37 PM

INPUT INSTRUCTIONS

  TITLE:

  DATA:
  FILE IS  "factorscores_combined.txt";
  Variable:
  Names are
  VPN
  A1
  A2
  A3
  A4
  A5
  A6
  A7
  A8
  C1
  C2
  C3
  C4
  C5
  C6
  C7
  C8
  C9
  E1
  E2
  E3
  E4
  E5
  E6
  E7
  E8
  E9
  N1
  N2
  N3
  N4
  N5
  N6
  N7
  O1
  O2
  O3
  O4
  O5
  O6
  O7
  O8
  O9
  dataset
  ;

  USEVARIABLES ARE
  A1
  A2
  A3
  A6
  A7
  A8
  C1
  C2
  C3
  C4
  C5
  C6
  C7
  C8
  C9
  E1
  E3
  E4
  E5
  E6
  E7
  E8
  E9
  N1
  N2
  N3
  N4
  N5
  N6
  N7
  O1
  O2
  O3
  O4
  O5
  O6
  O7
  O9
  ;

  USEOBSERVATIONS ARE Dataset==0;
  !Grouping is Dataset (0 = US 1 = German);

  MISSING ARE ALL (-99);

  Model:

  A C E N O by
  A1
  A2
  A3
  A6
  A7
  A8
  C1
  C2
  C3
  C4
  C5
  C6
  C7
  C8
  C9
  E1
  E3
  E4
  E5
  E6
  E7
  E8
  E9
  N1
  N2
  N3
  N4
  N5
  N6
  N7
  O1
  O2
  O3
  O4
  O5
  O6
  O7
  O9
  (*1);
  [A@0]
  [C@0]
  [E@0]
  [N@0]
  [O@0];
  !N5       WITH C2 ;
  !E5       WITH C1;
  !C6       WITH C4;



  Analysis:
  ESTIMATOR IS ML;
  iterations = 10000;
  ROTATION=GEOMIN (ORTHOGONAL);

  OUTPUT: STDYX MODINDICES(4);



INPUT READING TERMINATED NORMALLY




SUMMARY OF ANALYSIS

Number of groups                                                 1
Number of observations                                         387

Number of dependent variables                                   38
Number of independent variables                                  0
Number of continuous latent variables                            5

Observed dependent variables

  Continuous
   A1          A2          A3          A6          A7          A8
   C1          C2          C3          C4          C5          C6
   C7          C8          C9          E1          E3          E4
   E5          E6          E7          E8          E9          N1
   N2          N3          N4          N5          N6          N7
   O1          O2          O3          O4          O5          O6
   O7          O9

Continuous latent variables

  EFA factors
  *1:   A           C           E           N           O


Estimator                                                       ML
Rotation                                                    GEOMIN
Row standardization                                    CORRELATION
Type of rotation                                        ORTHOGONAL
Epsilon value                                               Varies
Information matrix                                        OBSERVED
Maximum number of iterations                                 10000
Convergence criterion                                    0.500D-04
Maximum number of steepest descent iterations                   20
Maximum number of iterations for H1                           2000
Convergence criterion for H1                             0.100D-03
Optimization Specifications for the Exploratory Factor Analysis
Rotation Algorithm
  Number of random starts                                       30
  Maximum number of iterations                               10000
  Derivative convergence criterion                       0.100D-04

Input data file(s)
  factorscores_combined.txt

Input data format  FREE


SUMMARY OF DATA

     Number of missing data patterns             1


COVARIANCE COVERAGE OF DATA

Minimum covariance coverage value   0.100


     PROPORTION OF DATA PRESENT


           Covariance Coverage
              A1            A2            A3            A6            A7
              ________      ________      ________      ________      ________
 A1             1.000
 A2             1.000         1.000
 A3             1.000         1.000         1.000
 A6             1.000         1.000         1.000         1.000
 A7             1.000         1.000         1.000         1.000         1.000
 A8             1.000         1.000         1.000         1.000         1.000
 C1             1.000         1.000         1.000         1.000         1.000
 C2             1.000         1.000         1.000         1.000         1.000
 C3             1.000         1.000         1.000         1.000         1.000
 C4             1.000         1.000         1.000         1.000         1.000
 C5             1.000         1.000         1.000         1.000         1.000
 C6             1.000         1.000         1.000         1.000         1.000
 C7             1.000         1.000         1.000         1.000         1.000
 C8             1.000         1.000         1.000         1.000         1.000
 C9             1.000         1.000         1.000         1.000         1.000
 E1             1.000         1.000         1.000         1.000         1.000
 E3             1.000         1.000         1.000         1.000         1.000
 E4             1.000         1.000         1.000         1.000         1.000
 E5             1.000         1.000         1.000         1.000         1.000
 E6             1.000         1.000         1.000         1.000         1.000
 E7             1.000         1.000         1.000         1.000         1.000
 E8             1.000         1.000         1.000         1.000         1.000
 E9             1.000         1.000         1.000         1.000         1.000
 N1             1.000         1.000         1.000         1.000         1.000
 N2             1.000         1.000         1.000         1.000         1.000
 N3             1.000         1.000         1.000         1.000         1.000
 N4             1.000         1.000         1.000         1.000         1.000
 N5             1.000         1.000         1.000         1.000         1.000
 N6             1.000         1.000         1.000         1.000         1.000
 N7             1.000         1.000         1.000         1.000         1.000
 O1             1.000         1.000         1.000         1.000         1.000
 O2             1.000         1.000         1.000         1.000         1.000
 O3             1.000         1.000         1.000         1.000         1.000
 O4             1.000         1.000         1.000         1.000         1.000
 O5             1.000         1.000         1.000         1.000         1.000
 O6             1.000         1.000         1.000         1.000         1.000
 O7             1.000         1.000         1.000         1.000         1.000
 O9             1.000         1.000         1.000         1.000         1.000


           Covariance Coverage
              A8            C1            C2            C3            C4
              ________      ________      ________      ________      ________
 A8             1.000
 C1             1.000         1.000
 C2             1.000         1.000         1.000
 C3             1.000         1.000         1.000         1.000
 C4             1.000         1.000         1.000         1.000         1.000
 C5             1.000         1.000         1.000         1.000         1.000
 C6             1.000         1.000         1.000         1.000         1.000
 C7             1.000         1.000         1.000         1.000         1.000
 C8             1.000         1.000         1.000         1.000         1.000
 C9             1.000         1.000         1.000         1.000         1.000
 E1             1.000         1.000         1.000         1.000         1.000
 E3             1.000         1.000         1.000         1.000         1.000
 E4             1.000         1.000         1.000         1.000         1.000
 E5             1.000         1.000         1.000         1.000         1.000
 E6             1.000         1.000         1.000         1.000         1.000
 E7             1.000         1.000         1.000         1.000         1.000
 E8             1.000         1.000         1.000         1.000         1.000
 E9             1.000         1.000         1.000         1.000         1.000
 N1             1.000         1.000         1.000         1.000         1.000
 N2             1.000         1.000         1.000         1.000         1.000
 N3             1.000         1.000         1.000         1.000         1.000
 N4             1.000         1.000         1.000         1.000         1.000
 N5             1.000         1.000         1.000         1.000         1.000
 N6             1.000         1.000         1.000         1.000         1.000
 N7             1.000         1.000         1.000         1.000         1.000
 O1             1.000         1.000         1.000         1.000         1.000
 O2             1.000         1.000         1.000         1.000         1.000
 O3             1.000         1.000         1.000         1.000         1.000
 O4             1.000         1.000         1.000         1.000         1.000
 O5             1.000         1.000         1.000         1.000         1.000
 O6             1.000         1.000         1.000         1.000         1.000
 O7             1.000         1.000         1.000         1.000         1.000
 O9             1.000         1.000         1.000         1.000         1.000


           Covariance Coverage
              C5            C6            C7            C8            C9
              ________      ________      ________      ________      ________
 C5             1.000
 C6             1.000         1.000
 C7             1.000         1.000         1.000
 C8             1.000         1.000         1.000         1.000
 C9             1.000         1.000         1.000         1.000         1.000
 E1             1.000         1.000         1.000         1.000         1.000
 E3             1.000         1.000         1.000         1.000         1.000
 E4             1.000         1.000         1.000         1.000         1.000
 E5             1.000         1.000         1.000         1.000         1.000
 E6             1.000         1.000         1.000         1.000         1.000
 E7             1.000         1.000         1.000         1.000         1.000
 E8             1.000         1.000         1.000         1.000         1.000
 E9             1.000         1.000         1.000         1.000         1.000
 N1             1.000         1.000         1.000         1.000         1.000
 N2             1.000         1.000         1.000         1.000         1.000
 N3             1.000         1.000         1.000         1.000         1.000
 N4             1.000         1.000         1.000         1.000         1.000
 N5             1.000         1.000         1.000         1.000         1.000
 N6             1.000         1.000         1.000         1.000         1.000
 N7             1.000         1.000         1.000         1.000         1.000
 O1             1.000         1.000         1.000         1.000         1.000
 O2             1.000         1.000         1.000         1.000         1.000
 O3             1.000         1.000         1.000         1.000         1.000
 O4             1.000         1.000         1.000         1.000         1.000
 O5             1.000         1.000         1.000         1.000         1.000
 O6             1.000         1.000         1.000         1.000         1.000
 O7             1.000         1.000         1.000         1.000         1.000
 O9             1.000         1.000         1.000         1.000         1.000


           Covariance Coverage
              E1            E3            E4            E5            E6
              ________      ________      ________      ________      ________
 E1             1.000
 E3             1.000         1.000
 E4             1.000         1.000         1.000
 E5             1.000         1.000         1.000         1.000
 E6             1.000         1.000         1.000         1.000         1.000
 E7             1.000         1.000         1.000         1.000         1.000
 E8             1.000         1.000         1.000         1.000         1.000
 E9             1.000         1.000         1.000         1.000         1.000
 N1             1.000         1.000         1.000         1.000         1.000
 N2             1.000         1.000         1.000         1.000         1.000
 N3             1.000         1.000         1.000         1.000         1.000
 N4             1.000         1.000         1.000         1.000         1.000
 N5             1.000         1.000         1.000         1.000         1.000
 N6             1.000         1.000         1.000         1.000         1.000
 N7             1.000         1.000         1.000         1.000         1.000
 O1             1.000         1.000         1.000         1.000         1.000
 O2             1.000         1.000         1.000         1.000         1.000
 O3             1.000         1.000         1.000         1.000         1.000
 O4             1.000         1.000         1.000         1.000         1.000
 O5             1.000         1.000         1.000         1.000         1.000
 O6             1.000         1.000         1.000         1.000         1.000
 O7             1.000         1.000         1.000         1.000         1.000
 O9             1.000         1.000         1.000         1.000         1.000


           Covariance Coverage
              E7            E8            E9            N1            N2
              ________      ________      ________      ________      ________
 E7             1.000
 E8             1.000         1.000
 E9             1.000         1.000         1.000
 N1             1.000         1.000         1.000         1.000
 N2             1.000         1.000         1.000         1.000         1.000
 N3             1.000         1.000         1.000         1.000         1.000
 N4             1.000         1.000         1.000         1.000         1.000
 N5             1.000         1.000         1.000         1.000         1.000
 N6             1.000         1.000         1.000         1.000         1.000
 N7             1.000         1.000         1.000         1.000         1.000
 O1             1.000         1.000         1.000         1.000         1.000
 O2             1.000         1.000         1.000         1.000         1.000
 O3             1.000         1.000         1.000         1.000         1.000
 O4             1.000         1.000         1.000         1.000         1.000
 O5             1.000         1.000         1.000         1.000         1.000
 O6             1.000         1.000         1.000         1.000         1.000
 O7             1.000         1.000         1.000         1.000         1.000
 O9             1.000         1.000         1.000         1.000         1.000


           Covariance Coverage
              N3            N4            N5            N6            N7
              ________      ________      ________      ________      ________
 N3             1.000
 N4             1.000         1.000
 N5             1.000         1.000         1.000
 N6             1.000         1.000         1.000         1.000
 N7             1.000         1.000         1.000         1.000         1.000
 O1             1.000         1.000         1.000         1.000         1.000
 O2             1.000         1.000         1.000         1.000         1.000
 O3             1.000         1.000         1.000         1.000         1.000
 O4             1.000         1.000         1.000         1.000         1.000
 O5             1.000         1.000         1.000         1.000         1.000
 O6             1.000         1.000         1.000         1.000         1.000
 O7             1.000         1.000         1.000         1.000         1.000
 O9             1.000         1.000         1.000         1.000         1.000


           Covariance Coverage
              O1            O2            O3            O4            O5
              ________      ________      ________      ________      ________
 O1             1.000
 O2             1.000         1.000
 O3             1.000         1.000         1.000
 O4             1.000         1.000         1.000         1.000
 O5             1.000         1.000         1.000         1.000         1.000
 O6             1.000         1.000         1.000         1.000         1.000
 O7             1.000         1.000         1.000         1.000         1.000
 O9             1.000         1.000         1.000         1.000         1.000


           Covariance Coverage
              O6            O7            O9
              ________      ________      ________
 O6             1.000
 O7             1.000         1.000
 O9             1.000         1.000         1.000



UNIVARIATE SAMPLE STATISTICS


     UNIVARIATE HIGHER-ORDER MOMENT DESCRIPTIVE STATISTICS

         Variable/         Mean/     Skewness/   Minimum/ % with                Percentiles
        Sample Size      Variance    Kurtosis    Maximum  Min/Max      20%/60%    40%/80%    Median

     A1                   -0.013      -0.228      -1.807    0.26%      -0.347     -0.218     -0.065
             387.000       0.256      -0.174       0.815    8.27%       0.074      0.567
     A2                    0.020       0.317      -0.949    5.94%      -0.538     -0.156      0.007
             387.000       0.371      -0.407       1.727    0.26%       0.221      0.505
     A3                    0.003       0.259      -1.571    0.26%      -0.481     -0.168     -0.029
             387.000       0.346       0.277       2.103    0.26%       0.124      0.454
     A6                   -0.004      -0.152      -1.944    0.26%      -0.566     -0.199     -0.013
             387.000       0.475       0.016       1.878    0.26%       0.171      0.652
     A7                    0.003       0.041      -1.207    1.03%      -0.455     -0.104     -0.006
             387.000       0.290      -0.100       1.676    0.26%       0.111      0.442
     A8                    0.000      -0.121      -1.353    0.52%      -0.288     -0.117      0.019
             387.000       0.161       0.661       1.247    0.26%       0.076      0.331
     C1                    0.000       0.029      -2.187    0.26%      -0.743     -0.187     -0.021
             387.000       0.706      -0.350       2.050    0.26%       0.156      0.799
     C2                    0.009       0.084      -1.584    0.52%      -0.635     -0.192     -0.071
             387.000       0.568      -0.502       1.969    0.26%       0.174      0.648
     C3                   -0.001      -0.088      -1.342    0.78%      -0.361     -0.102     -0.012
             387.000       0.198       0.420       1.400    0.26%       0.086      0.364
     C4                    0.000       0.031      -2.354    0.26%      -0.672     -0.229     -0.013
             387.000       0.561      -0.117       2.202    0.26%       0.171      0.768
     C5                   -0.002       0.125      -2.130    0.26%      -0.665     -0.204     -0.041
             387.000       0.549      -0.028       1.816    1.55%       0.150      0.601
     C6                   -0.001      -0.007      -1.126    0.26%      -0.360     -0.105      0.009
             387.000       0.156      -0.011       1.121    0.52%       0.127      0.253
     C7                    0.005       0.091      -1.071    5.94%      -0.468     -0.109      0.007
             387.000       0.303      -0.050       1.856    0.26%       0.147      0.456
     C8                    0.000       0.012      -1.853    0.26%      -0.488     -0.168     -0.024
             387.000       0.375       0.266       1.687    0.26%       0.133      0.507
     C9                   -0.001       0.085      -1.330    0.26%      -0.309     -0.104     -0.013
             387.000       0.173       0.423       1.213    0.52%       0.080      0.333
     E1                    0.001      -0.005      -1.765    0.52%      -0.593     -0.185      0.025
             387.000       0.457      -0.234       1.870    0.26%       0.173      0.551
     E3                   -0.004      -0.061      -1.788    0.52%      -0.518     -0.178      0.003
             387.000       0.450      -0.074       1.739    0.26%       0.156      0.574
     E4                   -0.011      -0.176      -2.006    0.52%      -0.661     -0.175     -0.038
             387.000       0.514      -0.254       1.475    2.33%       0.146      0.663
     E5                    0.003       0.196      -1.905    0.26%      -0.638     -0.182      0.007
             387.000       0.571       0.098       2.322    0.52%       0.216      0.584
     E6                   -0.001       0.000      -2.112    0.52%      -0.557     -0.152     -0.003
             387.000       0.445       0.448       2.019    0.26%       0.154      0.502
     E7                   -0.004       0.019      -2.142    0.26%      -0.609     -0.152      0.060
             387.000       0.480      -0.182       1.563    2.58%       0.209      0.493
     E8                   -0.002      -0.018      -2.217    0.26%      -0.605     -0.226      0.016
             387.000       0.581      -0.117       1.964    0.26%       0.247      0.599
     E9                   -0.005      -0.107      -2.118    0.78%      -0.712     -0.152      0.004
             387.000       0.644      -0.086       1.945    1.03%       0.116      0.744
     N1                    0.006       0.114      -1.774    0.78%      -0.662     -0.244      0.011
             387.000       0.629      -0.205       2.253    0.26%       0.210      0.628
     N2                    0.014       0.194      -1.220    8.79%      -0.610     -0.183      0.005
             387.000       0.529      -0.422       1.906    0.52%       0.191      0.621
     N3                    0.001       0.016      -1.560    1.29%      -0.504     -0.147      0.011
             387.000       0.361       0.132       1.747    0.26%       0.131      0.478
     N4                   -0.003      -0.031      -2.188    0.26%      -0.478     -0.179     -0.040
             387.000       0.424       0.492       2.008    0.26%       0.123      0.529
     N5                    0.003       0.116      -1.148    0.78%      -0.362     -0.126     -0.044
             387.000       0.217       0.106       1.700    0.26%       0.113      0.407
     N6                    0.002       0.183      -1.650    0.26%      -0.509     -0.172      0.021
             387.000       0.375       0.106       1.786    0.78%       0.115      0.488
     N7                    0.002       0.262      -0.964    0.52%      -0.337     -0.105      0.007
             387.000       0.141       0.200       1.238    0.52%       0.072      0.297
     O1                   -0.002       0.009      -1.633    0.26%      -0.456     -0.113     -0.001
             387.000       0.299       0.314       1.499    1.03%       0.152      0.386
     O2                   -0.061      -0.505      -2.622    0.26%      -0.591     -0.288     -0.067
             387.000       0.631      -0.164       1.324    2.84%       0.285      0.690
     O3                   -0.003       0.147      -1.945    0.26%      -0.603     -0.160     -0.009
             387.000       0.408       0.042       1.726    1.03%       0.181      0.455
     O4                   -0.023      -0.317      -2.227    1.55%      -0.772     -0.140      0.069
             387.000       0.716      -0.206       1.649    2.33%       0.169      0.793
     O5                   -0.005      -0.010      -2.024    0.26%      -0.527     -0.153      0.026
             387.000       0.513      -0.149       1.513    3.62%       0.142      0.694
     O6                   -0.004       0.084      -1.735    0.26%      -0.553     -0.146      0.005
             387.000       0.446      -0.350       1.358    4.65%       0.005      0.609
     O7                   -0.013      -0.174      -2.046    0.26%      -0.634     -0.172     -0.068
             387.000       0.551      -0.357       1.242    8.79%       0.152      0.673
     O9                   -0.015      -0.164      -2.681    0.26%      -0.763     -0.238      0.236
             387.000       0.723       0.148       1.778    2.58%       0.435      0.435


THE MODEL ESTIMATION TERMINATED NORMALLY



MODEL FIT INFORMATION

Number of Free Parameters                      256

Loglikelihood

          H0 Value                      -11307.954
          H1 Value                      -10430.466

Information Criteria

          Akaike (AIC)                   23127.907
          Bayesian (BIC)                 24141.264
          Sample-Size Adjusted BIC       23329.002
            (n* = (n + 2) / 24)

Chi-Square Test of Model Fit

          Value                           1754.976
          Degrees of Freedom                   523
          P-Value                           0.0000

RMSEA (Root Mean Square Error Of Approximation)

          Estimate                           0.078
          90 Percent C.I.                    0.074  0.082
          Probability RMSEA <= .05           0.000

CFI/TLI

          CFI                                0.816
          TLI                                0.753

Chi-Square Test of Model Fit for the Baseline Model

          Value                           7410.065
          Degrees of Freedom                   703
          P-Value                           0.0000

SRMR (Standardized Root Mean Square Residual)

          Value                              0.044



MODEL RESULTS

                                                    Two-Tailed
                    Estimate       S.E.  Est./S.E.    P-Value

 A        BY
    A1                -0.193      0.027     -7.224      0.000
    A2                 0.387      0.029     13.136      0.000
    A3                 0.465      0.026     17.603      0.000
    A6                -0.084      0.038     -2.205      0.027
    A7                 0.391      0.025     15.661      0.000
    A8                -0.151      0.021     -7.142      0.000
    C1                 0.603      0.039     15.550      0.000
    C2                 0.017      0.026      0.625      0.532
    C3                 0.183      0.023      7.919      0.000
    C4                 0.060      0.038      1.588      0.112
    C5                 0.030      0.026      1.143      0.253
    C6                -0.006      0.015     -0.363      0.716
    C7                 0.131      0.028      4.591      0.000
    C8                -0.010      0.028     -0.356      0.722
    C9                 0.026      0.018      1.458      0.145
    E1                -0.113      0.035     -3.197      0.001
    E3                -0.023      0.029     -0.790      0.429
    E4                -0.005      0.026     -0.210      0.834
    E5                 0.530      0.035     15.271      0.000
    E6                 0.196      0.038      5.223      0.000
    E7                 0.105      0.039      2.735      0.006
    E8                -0.021      0.035     -0.600      0.548
    E9                 0.069      0.036      1.900      0.057
    N1                 0.326      0.041      7.899      0.000
    N2                 0.053      0.031      1.729      0.084
    N3                 0.029      0.025      1.172      0.241
    N4                 0.112      0.032      3.482      0.000
    N5                 0.015      0.016      0.957      0.339
    N6                -0.009      0.023     -0.372      0.710
    N7                 0.079      0.018      4.353      0.000
    O1                 0.260      0.028      9.163      0.000
    O2                 0.081      0.041      1.961      0.050
    O3                 0.051      0.031      1.662      0.097
    O4                -0.054      0.043     -1.259      0.208
    O5                -0.060      0.037     -1.597      0.110
    O6                 0.132      0.037      3.618      0.000
    O7                 0.029      0.029      0.990      0.322
    O9                 0.181      0.043      4.255      0.000

 C        BY
    A1                 0.045      0.025      1.765      0.078
    A2                -0.006      0.025     -0.231      0.818
    A3                 0.053      0.029      1.871      0.061
    A6                -0.027      0.034     -0.805      0.421
    A7                -0.008      0.024     -0.318      0.751
    A8                 0.030      0.023      1.310      0.190
    C1                 0.177      0.048      3.664      0.000
    C2                -0.330      0.054     -6.123      0.000
    C3                -0.082      0.030     -2.725      0.006
    C4                 0.334      0.042      8.049      0.000
    C5                 0.568      0.036     15.654      0.000
    C6                 0.138      0.027      5.102      0.000
    C7                -0.111      0.036     -3.082      0.002
    C8                 0.313      0.036      8.783      0.000
    C9                 0.274      0.022     12.222      0.000
    E1                -0.051      0.030     -1.693      0.090
    E3                -0.035      0.031     -1.110      0.267
    E4                 0.034      0.034      1.005      0.315
    E5                 0.158      0.045      3.500      0.000
    E6                 0.001      0.022      0.040      0.968
    E7                -0.035      0.033     -1.072      0.284
    E8                 0.090      0.039      2.308      0.021
    E9                 0.438      0.044      9.878      0.000
    N1                 0.047      0.043      1.090      0.276
    N2                -0.036      0.040     -0.904      0.366
    N3                -0.001      0.035     -0.032      0.975
    N4                 0.137      0.051      2.681      0.007
    N5                -0.197      0.034     -5.757      0.000
    N6                 0.088      0.046      1.901      0.057
    N7                 0.005      0.019      0.283      0.777
    O1                 0.036      0.029      1.245      0.213
    O2                 0.012      0.036      0.343      0.731
    O3                 0.082      0.043      1.915      0.056
    O4                -0.025      0.043     -0.578      0.563
    O5                 0.020      0.034      0.602      0.547
    O6                 0.011      0.029      0.366      0.714
    O7                 0.091      0.046      1.977      0.048
    O9                 0.235      0.063      3.714      0.000

 E        BY
    A1                -0.026      0.031     -0.842      0.400
    A2                 0.142      0.033      4.301      0.000
    A3                 0.090      0.038      2.347      0.019
    A6                -0.049      0.047     -1.052      0.293
    A7                 0.031      0.029      1.064      0.287
    A8                 0.035      0.022      1.610      0.108
    C1                -0.079      0.071     -1.105      0.269
    C2                 0.425      0.056      7.525      0.000
    C3                 0.180      0.028      6.418      0.000
    C4                 0.029      0.055      0.530      0.596
    C5                -0.097      0.083     -1.167      0.243
    C6                -0.056      0.031     -1.838      0.066
    C7                 0.200      0.032      6.234      0.000
    C8                 0.141      0.045      3.164      0.002
    C9                -0.110      0.039     -2.818      0.005
    E1                 0.183      0.063      2.891      0.004
    E3                 0.153      0.044      3.437      0.001
    E4                -0.408      0.051     -8.069      0.000
    E5                -0.121      0.067     -1.810      0.070
    E6                 0.054      0.064      0.841      0.400
    E7                -0.156      0.058     -2.678      0.007
    E8                -0.159      0.065     -2.427      0.015
    E9                -0.280      0.070     -3.977      0.000
    N1                 0.330      0.049      6.711      0.000
    N2                 0.507      0.040     12.820      0.000
    N3                 0.495      0.026     19.091      0.000
    N4                -0.339      0.040     -8.586      0.000
    N5                 0.314      0.032      9.735      0.000
    N6                 0.380      0.043      8.789      0.000
    N7                 0.251      0.018     14.198      0.000
    O1                 0.007      0.036      0.183      0.855
    O2                -0.167      0.067     -2.517      0.012
    O3                -0.159      0.051     -3.104      0.002
    O4                -0.132      0.058     -2.268      0.023
    O5                -0.022      0.047     -0.458      0.647
    O6                 0.051      0.055      0.933      0.351
    O7                -0.172      0.066     -2.614      0.009
    O9                -0.291      0.065     -4.484      0.000

 N        BY
    A1                 0.077      0.034      2.289      0.022
    A2                -0.015      0.025     -0.603      0.547
    A3                 0.007      0.022      0.316      0.752
    A6                 0.279      0.041      6.785      0.000
    A7                 0.000      0.023     -0.007      0.994
    A8                 0.026      0.023      1.118      0.264
    C1                 0.159      0.047      3.375      0.001
    C2                -0.025      0.036     -0.688      0.492
    C3                 0.149      0.024      6.218      0.000
    C4                -0.007      0.040     -0.164      0.870
    C5                 0.108      0.046      2.360      0.018
    C6                -0.067      0.025     -2.685      0.007
    C7                 0.038      0.030      1.254      0.210
    C8                 0.019      0.034      0.569      0.569
    C9                 0.051      0.027      1.904      0.057
    E1                -0.427      0.037    -11.477      0.000
    E3                -0.315      0.044     -7.240      0.000
    E4                 0.297      0.045      6.609      0.000
    E5                 0.176      0.044      4.036      0.000
    E6                 0.481      0.034     14.038      0.000
    E7                 0.281      0.043      6.556      0.000
    E8                 0.368      0.043      8.499      0.000
    E9                 0.167      0.054      3.088      0.002
    N1                 0.147      0.045      3.240      0.001
    N2                -0.181      0.050     -3.642      0.000
    N3                -0.048      0.047     -1.024      0.306
    N4                -0.034      0.036     -0.934      0.350
    N5                -0.016      0.025     -0.642      0.521
    N6                 0.214      0.048      4.493      0.000
    N7                -0.019      0.022     -0.862      0.389
    O1                 0.048      0.031      1.551      0.121
    O2                 0.278      0.050      5.587      0.000
    O3                 0.015      0.029      0.536      0.592
    O4                 0.061      0.054      1.131      0.258
    O5                 0.096      0.050      1.907      0.057
    O6                 0.026      0.044      0.601      0.548
    O7                 0.058      0.048      1.205      0.228
    O9                -0.028      0.038     -0.725      0.469

 O        BY
    A1                 0.233      0.029      8.168      0.000
    A2                -0.102      0.033     -3.130      0.002
    A3                 0.032      0.030      1.061      0.289
    A6                 0.183      0.050      3.681      0.000
    A7                -0.050      0.031     -1.641      0.101
    A8                 0.039      0.024      1.644      0.100
    C1                 0.104      0.059      1.769      0.077
    C2                -0.115      0.048     -2.422      0.015
    C3                -0.022      0.019     -1.118      0.263
    C4                 0.170      0.043      3.979      0.000
    C5                 0.181      0.040      4.466      0.000
    C6                 0.175      0.022      7.871      0.000
    C7                -0.080      0.030     -2.634      0.008
    C8                 0.003      0.031      0.097      0.923
    C9                 0.009      0.019      0.446      0.656
    E1                -0.084      0.066     -1.272      0.203
    E3                 0.184      0.054      3.412      0.001
    E4                 0.101      0.066      1.533      0.125
    E5                 0.077      0.056      1.376      0.169
    E6                 0.128      0.061      2.098      0.036
    E7                 0.258      0.057      4.521      0.000
    E8                 0.173      0.063      2.760      0.006
    E9                -0.021      0.040     -0.530      0.596
    N1                 0.012      0.032      0.358      0.720
    N2                -0.029      0.053     -0.549      0.583
    N3                 0.104      0.048      2.175      0.030
    N4                 0.077      0.044      1.731      0.083
    N5                -0.040      0.030     -1.349      0.177
    N6                 0.149      0.042      3.559      0.000
    N7                 0.029      0.024      1.171      0.241
    O1                 0.221      0.032      6.998      0.000
    O2                 0.320      0.060      5.342      0.000
    O3                 0.366      0.036     10.121      0.000
    O4                 0.444      0.047      9.408      0.000
    O5                 0.408      0.039     10.551      0.000
    O6                 0.499      0.032     15.739      0.000
    O7                 0.523      0.041     12.756      0.000
    O9                 0.269      0.054      4.958      0.000

 C        WITH
    A                  0.000      0.000    999.000    999.000

 E        WITH
    A                  0.000      0.000    999.000    999.000
    C                  0.000      0.000    999.000    999.000

 N        WITH
    A                  0.000      0.000    999.000    999.000
    C                  0.000      0.000    999.000    999.000
    E                  0.000      0.000    999.000    999.000

 O        WITH
    A                  0.000      0.000    999.000    999.000
    C                  0.000      0.000    999.000    999.000
    E                  0.000      0.000    999.000    999.000
    N                  0.000      0.000    999.000    999.000

 Means
    A                  0.000      0.000    999.000    999.000
    C                  0.000      0.000    999.000    999.000
    E                  0.000      0.000    999.000    999.000
    N                  0.000      0.000    999.000    999.000
    O                  0.000      0.000    999.000    999.000

 Intercepts
    A1                -0.013      0.026     -0.494      0.622
    A2                 0.020      0.031      0.630      0.529
    A3                 0.003      0.030      0.100      0.921
    A6                -0.004      0.035     -0.122      0.903
    A7                 0.003      0.027      0.102      0.919
    A8                 0.000      0.020     -0.014      0.988
    C1                 0.000      0.043      0.005      0.996
    C2                 0.009      0.038      0.225      0.822
    C3                -0.001      0.023     -0.031      0.975
    C4                 0.000      0.038     -0.009      0.993
    C5                -0.002      0.038     -0.056      0.955
    C6                -0.001      0.020     -0.074      0.941
    C7                 0.005      0.028      0.163      0.871
    C8                 0.000      0.031      0.001      0.999
    C9                -0.001      0.021     -0.040      0.968
    E1                 0.001      0.034      0.039      0.969
    E3                -0.004      0.034     -0.119      0.905
    E4                -0.011      0.036     -0.301      0.763
    E5                 0.003      0.038      0.087      0.931
    E6                -0.001      0.034     -0.019      0.985
    E7                -0.004      0.035     -0.106      0.915
    E8                -0.002      0.039     -0.046      0.963
    E9                -0.005      0.041     -0.121      0.903
    N1                 0.006      0.040      0.144      0.886
    N2                 0.014      0.037      0.376      0.707
    N3                 0.001      0.031      0.019      0.985
    N4                -0.003      0.033     -0.077      0.939
    N5                 0.003      0.024      0.113      0.910
    N6                 0.002      0.031      0.054      0.957
    N7                 0.002      0.019      0.101      0.920
    O1                -0.002      0.028     -0.055      0.956
    O2                -0.061      0.040     -1.504      0.133
    O3                -0.003      0.032     -0.082      0.935
    O4                -0.023      0.043     -0.528      0.597
    O5                -0.005      0.036     -0.132      0.895
    O6                -0.004      0.034     -0.117      0.907
    O7                -0.013      0.038     -0.339      0.734
    O9                -0.015      0.043     -0.336      0.737

 Variances
    A                  1.000      0.000    999.000    999.000
    C                  1.000      0.000    999.000    999.000
    E                  1.000      0.000    999.000    999.000
    N                  1.000      0.000    999.000    999.000
    O                  1.000      0.000    999.000    999.000

 Residual Variances
    A1                 0.156      0.013     12.360      0.000
    A2                 0.191      0.016     11.882      0.000
    A3                 0.118      0.011     10.312      0.000
    A6                 0.353      0.027     12.897      0.000
    A7                 0.134      0.012     11.489      0.000
    A8                 0.133      0.010     13.328      0.000
    C1                 0.268      0.024     11.084      0.000
    C2                 0.264      0.021     12.307      0.000
    C3                 0.103      0.008     12.087      0.000
    C4                 0.416      0.032     12.891      0.000
    C5                 0.172      0.021      8.073      0.000
    C6                 0.098      0.008     12.215      0.000
    C7                 0.226      0.017     13.411      0.000
    C8                 0.257      0.022     11.769      0.000
    C9                 0.083      0.008     11.007      0.000
    E1                 0.219      0.019     11.328      0.000
    E3                 0.292      0.024     11.967      0.000
    E4                 0.248      0.021     11.914      0.000
    E5                 0.213      0.019     11.076      0.000
    E6                 0.156      0.017      9.180      0.000
    E7                 0.298      0.024     12.659      0.000
    E8                 0.383      0.030     12.710      0.000
    E9                 0.341      0.028     11.972      0.000
    N1                 0.391      0.030     12.947      0.000
    N2                 0.234      0.020     11.882      0.000
    N3                 0.102      0.010      9.744      0.000
    N4                 0.271      0.021     12.901      0.000
    N5                 0.078      0.007     11.493      0.000
    N6                 0.154      0.015     10.253      0.000
    N7                 0.070      0.006     12.392      0.000
    O1                 0.179      0.014     12.554      0.000
    O2                 0.416      0.032     12.900      0.000
    O3                 0.240      0.019     12.336      0.000
    O4                 0.494      0.039     12.628      0.000
    O5                 0.333      0.026     12.579      0.000
    O6                 0.176      0.018      9.972      0.000
    O7                 0.236      0.022     10.776      0.000
    O9                 0.478      0.037     13.040      0.000


STANDARDIZED MODEL RESULTS


STDYX Standardization

                                                    Two-Tailed
                    Estimate       S.E.  Est./S.E.    P-Value

 A        BY
    A1                -0.382      0.049     -7.792      0.000
    A2                 0.635      0.036     17.472      0.000
    A3                 0.790      0.026     30.088      0.000
    A6                -0.122      0.055     -2.224      0.026
    A7                 0.726      0.029     24.960      0.000
    A8                -0.378      0.048     -7.858      0.000
    C1                 0.718      0.031     23.188      0.000
    C2                 0.022      0.035      0.626      0.532
    C3                 0.411      0.048      8.542      0.000
    C4                 0.080      0.050      1.592      0.111
    C5                 0.040      0.035      1.142      0.253
    C6                -0.014      0.039     -0.364      0.716
    C7                 0.237      0.050      4.741      0.000
    C8                -0.016      0.046     -0.356      0.722
    C9                 0.062      0.042      1.459      0.145
    E1                -0.167      0.052     -3.235      0.001
    E3                -0.035      0.044     -0.790      0.429
    E4                -0.008      0.036     -0.210      0.834
    E5                 0.702      0.032     22.162      0.000
    E6                 0.294      0.055      5.367      0.000
    E7                 0.152      0.055      2.760      0.006
    E8                -0.027      0.045     -0.600      0.548
    E9                 0.085      0.045      1.905      0.057
    N1                 0.410      0.048      8.588      0.000
    N2                 0.074      0.042      1.739      0.082
    N3                 0.048      0.041      1.177      0.239
    N4                 0.172      0.049      3.521      0.000
    N5                 0.033      0.034      0.960      0.337
    N6                -0.014      0.037     -0.372      0.710
    N7                 0.211      0.047      4.442      0.000
    O1                 0.475      0.046     10.360      0.000
    O2                 0.102      0.052      1.969      0.049
    O3                 0.080      0.048      1.664      0.096
    O4                -0.063      0.050     -1.262      0.207
    O5                -0.083      0.052     -1.603      0.109
    O6                 0.198      0.055      3.634      0.000
    O7                 0.039      0.040      0.989      0.323
    O9                 0.213      0.049      4.351      0.000

 C        BY
    A1                 0.088      0.050      1.772      0.076
    A2                -0.009      0.040     -0.231      0.818
    A3                 0.091      0.048      1.878      0.060
    A6                -0.039      0.049     -0.805      0.421
    A7                -0.014      0.044     -0.318      0.751
    A8                 0.074      0.057      1.314      0.189
    C1                 0.211      0.056      3.734      0.000
    C2                -0.438      0.071     -6.185      0.000
    C3                -0.183      0.067     -2.739      0.006
    C4                 0.446      0.049      9.060      0.000
    C5                 0.767      0.034     22.543      0.000
    C6                 0.349      0.066      5.305      0.000
    C7                -0.202      0.065     -3.115      0.002
    C8                 0.511      0.052      9.891      0.000
    C9                 0.659      0.044     15.107      0.000
    E1                -0.076      0.045     -1.694      0.090
    E3                -0.052      0.047     -1.112      0.266
    E4                 0.047      0.047      1.001      0.317
    E5                 0.210      0.059      3.556      0.000
    E6                 0.001      0.033      0.040      0.968
    E7                -0.051      0.047     -1.074      0.283
    E8                 0.117      0.051      2.320      0.020
    E9                 0.546      0.049     11.071      0.000
    N1                 0.059      0.054      1.091      0.275
    N2                -0.049      0.055     -0.900      0.368
    N3                -0.002      0.057     -0.032      0.975
    N4                 0.210      0.078      2.688      0.007
    N5                -0.423      0.074     -5.689      0.000
    N6                 0.143      0.076      1.898      0.058
    N7                 0.014      0.050      0.283      0.777
    O1                 0.065      0.052      1.248      0.212
    O2                 0.015      0.045      0.343      0.731
    O3                 0.128      0.066      1.920      0.055
    O4                -0.029      0.051     -0.578      0.563
    O5                 0.028      0.047      0.602      0.547
    O6                 0.016      0.044      0.366      0.714
    O7                 0.123      0.062      1.982      0.048
    O9                 0.276      0.073      3.776      0.000

 E        BY
    A1                -0.051      0.060     -0.843      0.399
    A2                 0.233      0.052      4.444      0.000
    A3                 0.153      0.065      2.370      0.018
    A6                -0.071      0.068     -1.053      0.293
    A7                 0.058      0.054      1.066      0.286
    A8                 0.087      0.054      1.617      0.106
    C1                -0.094      0.084     -1.108      0.268
    C2                 0.564      0.066      8.540      0.000
    C3                 0.405      0.058      6.999      0.000
    C4                 0.039      0.074      0.531      0.595
    C5                -0.130      0.112     -1.169      0.243
    C6                -0.143      0.078     -1.847      0.065
    C7                 0.364      0.054      6.746      0.000
    C8                 0.230      0.071      3.240      0.001
    C9                -0.263      0.092     -2.865      0.004
    E1                 0.271      0.092      2.947      0.003
    E3                 0.228      0.065      3.516      0.000
    E4                -0.570      0.061     -9.271      0.000
    E5                -0.160      0.088     -1.824      0.068
    E6                 0.081      0.096      0.844      0.399
    E7                -0.225      0.083     -2.702      0.007
    E8                -0.208      0.085     -2.457      0.014
    E9                -0.349      0.084     -4.129      0.000
    N1                 0.416      0.057      7.329      0.000
    N2                 0.697      0.039     17.853      0.000
    N3                 0.824      0.023     35.298      0.000
    N4                -0.521      0.052     -9.983      0.000
    N5                 0.674      0.056     11.951      0.000
    N6                 0.621      0.062     10.073      0.000
    N7                 0.669      0.032     20.652      0.000
    O1                 0.012      0.066      0.183      0.855
    O2                -0.211      0.083     -2.539      0.011
    O3                -0.249      0.079     -3.144      0.002
    O4                -0.156      0.068     -2.282      0.022
    O5                -0.030      0.066     -0.458      0.647
    O6                 0.076      0.081      0.938      0.348
    O7                -0.232      0.088     -2.628      0.009
    O9                -0.343      0.073     -4.663      0.000

 N        BY
    A1                 0.152      0.066      2.292      0.022
    A2                -0.025      0.042     -0.603      0.547
    A3                 0.012      0.038      0.316      0.752
    A6                 0.405      0.056      7.283      0.000
    A7                 0.000      0.043     -0.007      0.994
    A8                 0.065      0.058      1.120      0.263
    C1                 0.189      0.056      3.400      0.001
    C2                -0.033      0.048     -0.686      0.493
    C3                 0.336      0.052      6.449      0.000
    C4                -0.009      0.053     -0.164      0.870
    C5                 0.146      0.061      2.387      0.017
    C6                -0.169      0.062     -2.708      0.007
    C7                 0.068      0.054      1.257      0.209
    C8                 0.031      0.055      0.570      0.569
    C9                 0.122      0.064      1.911      0.056
    E1                -0.631      0.046    -13.680      0.000
    E3                -0.470      0.061     -7.735      0.000
    E4                 0.414      0.062      6.725      0.000
    E5                 0.233      0.057      4.075      0.000
    E6                 0.722      0.040     18.125      0.000
    E7                 0.405      0.059      6.889      0.000
    E8                 0.482      0.051      9.464      0.000
    E9                 0.209      0.067      3.106      0.002
    N1                 0.185      0.057      3.269      0.001
    N2                -0.249      0.069     -3.623      0.000
    N3                -0.079      0.078     -1.020      0.308
    N4                -0.052      0.055     -0.937      0.349
    N5                -0.034      0.053     -0.639      0.523
    N6                 0.350      0.078      4.516      0.000
    N7                -0.051      0.059     -0.861      0.389
    O1                 0.088      0.057      1.551      0.121
    O2                 0.350      0.061      5.775      0.000
    O3                 0.024      0.045      0.536      0.592
    O4                 0.072      0.064      1.130      0.259
    O5                 0.134      0.070      1.905      0.057
    O6                 0.039      0.065      0.600      0.549
    O7                 0.079      0.066      1.200      0.230
    O9                -0.033      0.045     -0.725      0.468

 O        BY
    A1                 0.460      0.050      9.232      0.000
    A2                -0.168      0.053     -3.170      0.002
    A3                 0.054      0.051      1.063      0.288
    A6                 0.266      0.070      3.787      0.000
    A7                -0.093      0.056     -1.648      0.099
    A8                 0.098      0.059      1.653      0.098
    C1                 0.124      0.070      1.776      0.076
    C2                -0.153      0.063     -2.418      0.016
    C3                -0.049      0.043     -1.119      0.263
    C4                 0.227      0.056      4.077      0.000
    C5                 0.244      0.054      4.537      0.000
    C6                 0.444      0.051      8.727      0.000
    C7                -0.145      0.054     -2.658      0.008
    C8                 0.005      0.051      0.097      0.923
    C9                 0.021      0.047      0.445      0.656
    E1                -0.125      0.098     -1.274      0.203
    E3                 0.274      0.078      3.500      0.000
    E4                 0.140      0.092      1.532      0.126
    E5                 0.101      0.074      1.378      0.168
    E6                 0.191      0.091      2.115      0.034
    E7                 0.372      0.079      4.716      0.000
    E8                 0.227      0.081      2.800      0.005
    E9                -0.027      0.050     -0.531      0.595
    N1                 0.015      0.041      0.358      0.720
    N2                -0.040      0.073     -0.548      0.584
    N3                 0.173      0.079      2.203      0.028
    N4                 0.118      0.068      1.731      0.083
    N5                -0.086      0.064     -1.342      0.180
    N6                 0.244      0.067      3.616      0.000
    N7                 0.076      0.065      1.176      0.240
    O1                 0.405      0.053      7.637      0.000
    O2                 0.403      0.071      5.661      0.000
    O3                 0.573      0.047     12.128      0.000
    O4                 0.525      0.047     11.128      0.000
    O5                 0.570      0.043     13.131      0.000
    O6                 0.747      0.030     24.510      0.000
    O7                 0.704      0.042     16.889      0.000
    O9                 0.316      0.061      5.142      0.000

 C        WITH
    A                  0.000      0.000    999.000    999.000

 E        WITH
    A                  0.000      0.000    999.000    999.000
    C                  0.000      0.000    999.000    999.000

 N        WITH
    A                  0.000      0.000    999.000    999.000
    C                  0.000      0.000    999.000    999.000
    E                  0.000      0.000    999.000    999.000

 O        WITH
    A                  0.000      0.000    999.000    999.000
    C                  0.000      0.000    999.000    999.000
    E                  0.000      0.000    999.000    999.000
    N                  0.000      0.000    999.000    999.000

 Means
    A                  0.000      0.000    999.000    999.000
    C                  0.000      0.000    999.000    999.000
    E                  0.000      0.000    999.000    999.000
    N                  0.000      0.000    999.000    999.000
    O                  0.000      0.000    999.000    999.000

 Intercepts
    A1                -0.025      0.051     -0.493      0.622
    A2                 0.032      0.051      0.629      0.529
    A3                 0.005      0.051      0.100      0.921
    A6                -0.006      0.051     -0.122      0.903
    A7                 0.005      0.051      0.102      0.919
    A8                -0.001      0.051     -0.014      0.988
    C1                 0.000      0.051      0.005      0.996
    C2                 0.011      0.051      0.225      0.822
    C3                -0.002      0.051     -0.031      0.975
    C4                 0.000      0.051     -0.009      0.993
    C5                -0.003      0.051     -0.056      0.955
    C6                -0.004      0.051     -0.074      0.941
    C7                 0.008      0.051      0.163      0.871
    C8                 0.000      0.051      0.001      0.999
    C9                -0.002      0.051     -0.040      0.968
    E1                 0.002      0.051      0.039      0.969
    E3                -0.006      0.051     -0.119      0.905
    E4                -0.015      0.051     -0.301      0.763
    E5                 0.004      0.051      0.087      0.931
    E6                -0.001      0.051     -0.019      0.985
    E7                -0.005      0.051     -0.106      0.915
    E8                -0.002      0.051     -0.046      0.963
    E9                -0.006      0.051     -0.121      0.903
    N1                 0.007      0.051      0.144      0.886
    N2                 0.019      0.051      0.376      0.707
    N3                 0.001      0.051      0.019      0.985
    N4                -0.004      0.051     -0.077      0.939
    N5                 0.006      0.051      0.113      0.910
    N6                 0.003      0.051      0.054      0.957
    N7                 0.005      0.051      0.101      0.920
    O1                -0.003      0.051     -0.055      0.956
    O2                -0.076      0.051     -1.502      0.133
    O3                -0.004      0.051     -0.082      0.935
    O4                -0.027      0.051     -0.528      0.597
    O5                -0.007      0.051     -0.132      0.895
    O6                -0.006      0.051     -0.117      0.907
    O7                -0.017      0.051     -0.339      0.734
    O9                -0.017      0.051     -0.336      0.737

 Variances
    A                  1.000      0.000    999.000    999.000
    C                  1.000      0.000    999.000    999.000
    E                  1.000      0.000    999.000    999.000
    N                  1.000      0.000    999.000    999.000
    O                  1.000      0.000    999.000    999.000

 Residual Variances
    A1                 0.609      0.045     13.580      0.000
    A2                 0.513      0.043     11.999      0.000
    A3                 0.341      0.036      9.513      0.000
    A6                 0.744      0.044     16.920      0.000
    A7                 0.461      0.041     11.194      0.000
    A8                 0.830      0.039     21.256      0.000
    C1                 0.380      0.037     10.328      0.000
    C2                 0.465      0.039     11.983      0.000
    C3                 0.518      0.042     12.257      0.000
    C4                 0.741      0.044     16.847      0.000
    C5                 0.313      0.041      7.608      0.000
    C6                 0.633      0.046     13.695      0.000
    C7                 0.745      0.041     18.180      0.000
    C8                 0.684      0.050     13.719      0.000
    C9                 0.478      0.044     10.856      0.000
    E1                 0.479      0.043     11.173      0.000
    E3                 0.648      0.048     13.548      0.000
    E4                 0.482      0.041     11.760      0.000
    E5                 0.373      0.036     10.281      0.000
    E6                 0.350      0.041      8.633      0.000
    E7                 0.621      0.044     14.160      0.000
    E8                 0.658      0.044     14.819      0.000
    E9                 0.529      0.043     12.239      0.000
    N1                 0.621      0.043     14.556      0.000
    N2                 0.443      0.039     11.414      0.000
    N3                 0.283      0.032      8.847      0.000
    N4                 0.638      0.043     14.778      0.000
    N5                 0.357      0.034     10.515      0.000
    N6                 0.412      0.042      9.793      0.000
    N7                 0.500      0.040     12.387      0.000
    O1                 0.598      0.044     13.700      0.000
    O2                 0.660      0.044     15.151      0.000
    O3                 0.587      0.044     13.275      0.000
    O4                 0.690      0.045     15.245      0.000
    O5                 0.649      0.045     14.461      0.000
    O6                 0.395      0.042      9.475      0.000
    O7                 0.427      0.041     10.334      0.000
    O9                 0.660      0.043     15.384      0.000


R-SQUARE

    Observed                                        Two-Tailed
    Variable        Estimate       S.E.  Est./S.E.    P-Value

    A1                 0.391      0.045      8.731      0.000
    A2                 0.487      0.043     11.377      0.000
    A3                 0.659      0.036     18.407      0.000
    A6                 0.256      0.044      5.832      0.000
    A7                 0.539      0.041     13.096      0.000
    A8                 0.170      0.039      4.338      0.000
    C1                 0.620      0.037     16.824      0.000
    C2                 0.535      0.039     13.787      0.000
    C3                 0.482      0.042     11.390      0.000
    C4                 0.259      0.044      5.879      0.000
    C5                 0.687      0.041     16.712      0.000
    C6                 0.367      0.046      7.955      0.000
    C7                 0.255      0.041      6.217      0.000
    C8                 0.316      0.050      6.324      0.000
    C9                 0.522      0.044     11.873      0.000
    E1                 0.521      0.043     12.159      0.000
    E3                 0.352      0.048      7.344      0.000
    E4                 0.518      0.041     12.632      0.000
    E5                 0.627      0.036     17.259      0.000
    E6                 0.650      0.041     16.051      0.000
    E7                 0.379      0.044      8.635      0.000
    E8                 0.342      0.044      7.691      0.000
    E9                 0.471      0.043     10.892      0.000
    N1                 0.379      0.043      8.900      0.000
    N2                 0.557      0.039     14.371      0.000
    N3                 0.717      0.032     22.432      0.000
    N4                 0.362      0.043      8.374      0.000
    N5                 0.643      0.034     18.903      0.000
    N6                 0.588      0.042     14.005      0.000
    N7                 0.500      0.040     12.410      0.000
    O1                 0.402      0.044      9.194      0.000
    O2                 0.340      0.044      7.809      0.000
    O3                 0.413      0.044      9.347      0.000
    O4                 0.310      0.045      6.837      0.000
    O5                 0.351      0.045      7.827      0.000
    O6                 0.605      0.042     14.505      0.000
    O7                 0.573      0.041     13.857      0.000
    O9                 0.340      0.043      7.917      0.000


QUALITY OF NUMERICAL RESULTS

     Condition Number for the Information Matrix              0.309E-02
       (ratio of smallest to largest eigenvalue)


MODEL MODIFICATION INDICES

NOTE:  Modification indices for direct effects of observed dependent variables
regressed on covariates may not be included.  To include these, request
MODINDICES (ALL).

Minimum M.I. value for printing the modification index     4.000

                                   M.I.     E.P.C.  Std E.P.C.  StdYX E.P.C.

WITH Statements

A2       WITH A1                  41.797    -0.064     -0.064       -0.373
A3       WITH A2                   8.389    -0.028     -0.028       -0.188
A6       WITH A3                   5.628     0.029      0.029        0.143
A7       WITH A2                  13.071     0.035      0.035        0.220
A8       WITH A1                   9.041     0.024      0.024        0.164
A8       WITH A2                   6.660    -0.023     -0.023       -0.143
A8       WITH A3                   4.635    -0.016     -0.016       -0.129
A8       WITH A6                   8.139     0.033      0.033        0.153
C1       WITH A1                   7.105     0.032      0.032        0.158
C1       WITH A2                  14.145    -0.052     -0.052       -0.229
C1       WITH A3                  16.200     0.050      0.050        0.278
C1       WITH A7                  11.975    -0.042     -0.042       -0.221
C3       WITH A2                  11.101     0.027      0.027        0.192
C3       WITH C1                  15.478    -0.039     -0.039       -0.234
C4       WITH A6                   7.276     0.056      0.056        0.146
C4       WITH A7                   4.878     0.030      0.030        0.126
C4       WITH C3                   6.544    -0.029     -0.029       -0.142
C5       WITH A1                   4.020    -0.022     -0.022       -0.134
C5       WITH A2                   7.375     0.033      0.033        0.183
C5       WITH A3                   4.667    -0.022     -0.022       -0.156
C5       WITH A8                   4.332    -0.020     -0.020       -0.135
C5       WITH C3                   7.496     0.025      0.025        0.185
C6       WITH A1                   4.703     0.015      0.015        0.122
C6       WITH A3                   4.738     0.014      0.014        0.133
C6       WITH C3                  18.500    -0.025     -0.025       -0.246
C6       WITH C4                  58.741     0.086      0.086        0.425
C7       WITH A7                  10.022     0.031      0.031        0.178
C7       WITH A8                   6.076     0.023      0.023        0.130
C7       WITH C3                  19.802     0.037      0.037        0.245
C7       WITH C4                   8.008    -0.046     -0.046       -0.151
C7       WITH C6                  12.331    -0.029     -0.029       -0.191
C8       WITH A3                  12.828    -0.038     -0.038       -0.221
C8       WITH C4                   4.504    -0.039     -0.039       -0.120
C8       WITH C5                  56.254     0.118      0.118        0.561
C8       WITH C6                   8.545    -0.027     -0.027       -0.167
C8       WITH C7                   8.916     0.040      0.040        0.164
C9       WITH C3                   4.685     0.012      0.012        0.129
C9       WITH C4                   6.139    -0.027     -0.027       -0.146
C9       WITH C6                   6.717    -0.014     -0.014       -0.154
E1       WITH A2                   6.161     0.030      0.030        0.147
E1       WITH A6                  11.274     0.054      0.054        0.196
E1       WITH A8                   7.538     0.027      0.027        0.156
E1       WITH C7                   4.838     0.028      0.028        0.124
E3       WITH C3                   7.532     0.028      0.028        0.159
E3       WITH E1                   9.246     0.047      0.047        0.187
E4       WITH A1                   7.363    -0.030     -0.030       -0.155
E4       WITH A2                   6.718     0.032      0.032        0.149
E4       WITH A6                   4.132     0.034      0.034        0.114
E4       WITH A7                   4.522     0.023      0.023        0.125
E4       WITH C1                   4.044    -0.031     -0.031       -0.119
E4       WITH C3                   4.785     0.020      0.020        0.126
E4       WITH C6                   4.670     0.019      0.019        0.123
E4       WITH E1                   9.445     0.044      0.044        0.188
E4       WITH E3                  16.055     0.063      0.063        0.235
E5       WITH A1                   8.348     0.031      0.031        0.171
E5       WITH A2                  26.178    -0.063     -0.063       -0.312
E5       WITH A3                   5.940     0.027      0.027        0.168
E5       WITH A8                  15.312     0.038      0.038        0.224
E5       WITH C1                  70.625     0.132      0.132        0.550
E5       WITH C3                   5.814    -0.021     -0.021       -0.144
E5       WITH C5                   7.887    -0.038     -0.038       -0.196
E5       WITH C7                   7.495    -0.034     -0.034       -0.155
E5       WITH E4                  15.041    -0.053     -0.053       -0.231
E6       WITH A7                   4.215    -0.020     -0.020       -0.136
E6       WITH C2                   4.598    -0.028     -0.028       -0.139
E6       WITH C3                   5.360    -0.020     -0.020       -0.159
E6       WITH C4                   8.429     0.047      0.047        0.183
E6       WITH C5                   7.045    -0.033     -0.033       -0.202
E6       WITH C6                   4.382     0.017      0.017        0.136
E6       WITH E1                   8.570    -0.041     -0.041       -0.220
E6       WITH E5                   5.984     0.030      0.030        0.166
E7       WITH A1                   5.496     0.028      0.028        0.131
E7       WITH A3                   4.284    -0.023     -0.023       -0.125
E7       WITH A7                  10.317     0.037      0.037        0.185
E7       WITH C1                   7.193    -0.044     -0.044       -0.156
E7       WITH C3                   5.124     0.022      0.022        0.128
E7       WITH E3                   5.207     0.038      0.038        0.130
E8       WITH A1                   8.601     0.040      0.040        0.164
E8       WITH A2                   6.143    -0.038     -0.038       -0.139
E8       WITH A6                  19.050     0.088      0.088        0.240
E8       WITH C6                   4.407     0.023      0.023        0.117
E8       WITH E3                  17.229    -0.079     -0.079       -0.236
E8       WITH E4                   7.324    -0.047     -0.047       -0.154
E8       WITH E5                   5.406     0.039      0.039        0.135
E8       WITH E7                   6.630     0.048      0.048        0.143
E9       WITH A3                   4.826     0.027      0.027        0.136
E9       WITH C2                   5.829     0.042      0.042        0.140
E9       WITH C9                  14.030     0.040      0.040        0.237
E9       WITH E4                   7.556     0.046      0.046        0.159
E9       WITH E6                   9.035    -0.045     -0.045       -0.196
N1       WITH A2                  16.198     0.062      0.062        0.226
N1       WITH A3                   4.868    -0.029     -0.029       -0.134
N1       WITH A6                   9.962    -0.064     -0.064       -0.171
N1       WITH A8                   5.800    -0.029     -0.029       -0.129
N1       WITH E4                   8.357     0.050      0.050        0.162
N1       WITH E5                   8.729    -0.049     -0.049       -0.171
N1       WITH E8                   8.484    -0.062     -0.062       -0.159
N2       WITH A2                   5.774    -0.029     -0.029       -0.139
N2       WITH A6                   4.830    -0.036     -0.036       -0.124
N2       WITH A7                   4.607    -0.022     -0.022       -0.127
N2       WITH A8                   6.983     0.026      0.026        0.146
N2       WITH C4                   8.065    -0.050     -0.050       -0.159
N2       WITH C5                  12.196    -0.048     -0.048       -0.237
N2       WITH C9                   7.999     0.024      0.024        0.169
N2       WITH E1                   8.929    -0.041     -0.041       -0.180
N2       WITH E4                  43.428    -0.094     -0.094       -0.392
N2       WITH E5                   6.475     0.034      0.034        0.152
N2       WITH E7                   4.914     0.033      0.033        0.126
N2       WITH E9                   8.876     0.049      0.049        0.173
N2       WITH N1                   8.235    -0.049     -0.049       -0.162
N3       WITH C2                   4.467    -0.022     -0.022       -0.136
N3       WITH C7                   4.783    -0.020     -0.020       -0.134
N3       WITH E4                   6.675    -0.027     -0.027       -0.172
N3       WITH E9                   4.037    -0.024     -0.024       -0.129
N3       WITH N2                  15.891     0.043      0.043        0.275
N4       WITH A6                  15.764     0.067      0.067        0.215
N4       WITH A7                  12.935     0.039      0.039        0.206
N4       WITH A8                  17.712     0.043      0.043        0.225
N4       WITH C1                  13.215    -0.057     -0.057       -0.210
N4       WITH C7                  14.355     0.050      0.050        0.202
N4       WITH E7                   7.197     0.042      0.042        0.147
N4       WITH E9                   4.526     0.036      0.036        0.119
N4       WITH N1                   9.507    -0.054     -0.054       -0.167
N4       WITH N2                  23.147     0.068      0.068        0.271
N5       WITH A6                   7.303     0.026      0.026        0.154
N5       WITH A8                   6.845     0.015      0.015        0.147
N5       WITH C1                   5.566     0.021      0.021        0.143
N5       WITH C2                  74.127     0.074      0.074        0.519
N5       WITH C8                   9.973     0.026      0.026        0.187
N5       WITH E6                   4.511    -0.016     -0.016       -0.142
N5       WITH N1                   5.578    -0.024     -0.024       -0.136
N5       WITH N3                   7.071    -0.016     -0.016       -0.182
N5       WITH N4                   4.729     0.018      0.018        0.126
N6       WITH C8                   4.321    -0.026     -0.026       -0.133
N6       WITH E4                  12.935     0.044      0.044        0.224
N6       WITH E7                  13.841    -0.049     -0.049       -0.227
N6       WITH E8                   6.948    -0.039     -0.039       -0.162
N6       WITH N4                   5.652    -0.030     -0.030       -0.146
N7       WITH A3                  27.862     0.030      0.030        0.325
N7       WITH A6                  13.969     0.033      0.033        0.207
N7       WITH C2                   8.381    -0.022     -0.022       -0.165
N7       WITH C4                   4.720     0.021      0.021        0.120
N7       WITH C8                   5.055    -0.017     -0.017       -0.129
N7       WITH C9                   4.187    -0.009     -0.009       -0.121
N7       WITH E5                   6.235    -0.018     -0.018       -0.147
N7       WITH N6                   6.343     0.017      0.017        0.160
O1       WITH A3                   4.854    -0.020     -0.020       -0.136
O1       WITH C3                   8.290     0.022      0.022        0.162
O1       WITH C4                  11.338    -0.050     -0.050       -0.184
O1       WITH C6                  25.318    -0.037     -0.037       -0.282
O1       WITH C7                   4.964     0.024      0.024        0.120
O1       WITH C9                  30.792     0.040      0.040        0.325
O1       WITH E1                   4.521    -0.024     -0.024       -0.123
O1       WITH E5                   5.713    -0.028     -0.028       -0.141
O1       WITH E8                   5.668    -0.034     -0.034       -0.131
O1       WITH N2                  22.138     0.055      0.055        0.267
O1       WITH N4                   4.032     0.024      0.024        0.110
O2       WITH A2                  10.451     0.051      0.051        0.180
O2       WITH A6                   9.844    -0.066     -0.066       -0.171
O2       WITH C4                   9.213    -0.068     -0.068       -0.164
O2       WITH C6                   4.780    -0.024     -0.024       -0.121
O2       WITH E4                  10.169     0.058      0.058        0.180
O2       WITH E5                   7.006    -0.045     -0.045       -0.153
O2       WITH E6                   9.465    -0.050     -0.050       -0.198
O2       WITH N2                  10.243    -0.056     -0.056       -0.180
O3       WITH A3                   4.341    -0.021     -0.021       -0.127
O3       WITH A7                   7.915     0.029      0.029        0.164
O3       WITH A8                   4.826     0.021      0.021        0.120
O3       WITH E3                   5.136     0.035      0.035        0.131
O3       WITH E7                   8.558     0.044      0.044        0.164
O3       WITH N4                   8.715     0.042      0.042        0.164
O4       WITH A1                   4.007    -0.031     -0.031       -0.112
O4       WITH C6                   4.792    -0.027     -0.027       -0.122
O4       WITH E6                   7.287    -0.048     -0.048       -0.171
O4       WITH E7                   5.811    -0.051     -0.051       -0.134
O4       WITH N2                   6.569    -0.049     -0.049       -0.145
O4       WITH N3                   6.792     0.037      0.037        0.163
O4       WITH N7                   5.887    -0.025     -0.025       -0.135
O4       WITH O3                   7.489    -0.053     -0.053       -0.154
O5       WITH A1                   8.919    -0.038     -0.038       -0.169
O5       WITH C9                   6.910     0.026      0.026        0.154
O5       WITH E7                  11.963    -0.061     -0.061       -0.193
O5       WITH E8                   7.748    -0.055     -0.055       -0.154
O5       WITH N5                   4.635     0.020      0.020        0.124
O5       WITH O2                   4.839     0.045      0.045        0.121
O5       WITH O4                  26.962     0.118      0.118        0.290
O6       WITH A1                   4.878    -0.023     -0.023       -0.139
O6       WITH C6                   9.735     0.026      0.026        0.198
O6       WITH C9                   9.315    -0.024     -0.024       -0.200
O6       WITH E4                   5.184    -0.030     -0.030       -0.143
O6       WITH E6                  11.331     0.039      0.039        0.238
O6       WITH N3                   5.363    -0.022     -0.022       -0.165
O6       WITH O1                   5.511     0.027      0.027        0.149
O6       WITH O2                   6.032    -0.041     -0.041       -0.152
O6       WITH O4                  10.422    -0.061     -0.061       -0.205
O7       WITH A2                   4.085     0.026      0.026        0.122
O7       WITH A7                   7.380    -0.030     -0.030       -0.167
O7       WITH A8                   5.565    -0.024     -0.024       -0.136
O7       WITH C4                   8.654    -0.054     -0.054       -0.172
O7       WITH C6                  14.095    -0.035     -0.035       -0.228
O7       WITH E3                  10.302    -0.052     -0.052       -0.197
O7       WITH E6                   9.440    -0.040     -0.040       -0.208
O7       WITH E7                   4.622    -0.034     -0.034       -0.128
O7       WITH N1                   5.154     0.040      0.040        0.133
O7       WITH N4                   4.093    -0.030     -0.030       -0.118
O7       WITH O2                  17.864     0.078      0.078        0.250
O7       WITH O3                   5.479    -0.035     -0.035       -0.146
O7       WITH O4                  10.851     0.068      0.068        0.199
O7       WITH O5                   9.556     0.053      0.053        0.188
O9       WITH A6                   4.103     0.045      0.045        0.110
O9       WITH C4                   9.415    -0.074     -0.074       -0.166
O9       WITH C9                  15.260     0.045      0.045        0.226
O9       WITH N3                   5.515    -0.032     -0.032       -0.145
O9       WITH N4                  12.528     0.069      0.069        0.192
O9       WITH N5                  12.071     0.038      0.038        0.199


     Beginning Time:  15:37:53
        Ending Time:  15:37:54
       Elapsed Time:  00:00:01



MUTHEN & MUTHEN
3463 Stoner Ave.
Los Angeles, CA  90066

Tel: (310) 391-9971
Fax: (310) 391-8971
Web: www.StatModel.com
Support: Support@StatModel.com

Copyright (c) 1998-2017 Muthen & Muthen
