Mplus VERSION 5.2
MUTHEN & MUTHEN
06/26/2012  11:05 AM

INPUT INSTRUCTIONS

  TITLE: Beispiel N1 Analysis

  DATA:
   FILE IS  "ITS_TQIPIP.txt";

  VARIABLE:
   NAMES ARE
  id
  sex
  age
  A1_1
  A1_2
  A1_3
  A1_4
  A1_5
  A2_1
  A2_2
  A2_3
  A2_4
  A2_5
  A3_1
  A3_2
  A3_3
  A3_4
  A3_5
  A4_1
  A4_2
  A4_3
  A4_4
  A4_5
  A5_1
  A5_2
  A5_3
  A5_4
  A5_5
  A6_1
  A6_2
  A6_3
  A6_4
  A6_5
  A7_1
  A7_2
  A7_3
  A7_4
  A7_5
  A8_1
  A8_2
  A8_3
  A8_4
  A8_5
  C1_1
  C1_2
  C1_3
  C1_4
  C1_5
  C2_1
  C2_2
  C2_3
  C2_4
  C2_5
  C3_1
  C3_2
  C3_3
  C3_4
  C3_5
  C4_1
  C4_2
  C4_3
  C4_4
  C4_5
  C5_1
  C5_2
  C5_3
  C5_4
  C5_5
  C6_1
  C6_2
  C6_3
  C6_4
  C6_5
  C7_1
  C7_2
  C7_3
  C7_4
  C7_5
  C8_1
  C8_2
  C8_3
  C8_4
  C8_5
  C9_1
  C9_2
  C9_3
  C9_4
  C9_5
  E1_1
  E1_2
  E1_3
  E1_4
  E1_5
  E2_1
  E2_2
  E2_3
  E2_4
  E2_5
  E3_1
  E3_2
  E3_3
  E3_4
  E3_5
  E4_1
  E4_2
  E4_3
  E4_4
  E4_5
  E5_1
  E5_2
  E5_3
  E5_4
  E5_5
  E6_1
  E6_2
  E6_3
  E6_4
  E6_5
  E7_1
  E7_2
  E7_3
  E7_4
  E7_5
  E8_1
  E8_2
  E8_3
  E8_4
  E8_5
  E9_1
  E9_2
  E9_3
  N1_1
  N1_2
  N1_3
  N1_4
  N1_5
  N2_1
  N2_2
  N2_3
  N2_4
  N2_5
  N3_1
  N3_2
  N3_3
  N3_4
  N3_5
  N4_1
  N4_2
  N4_3
  N4_4
  N4_5
  N5_1
  N5_2
  N5_3
  N5_4
  N5_5
  N6_1
  N6_2
  N6_3
  N6_4
  N6_5
  N7_1
  N7_2
  N7_3
  O1_1
  O1_2
  O1_3
  O1_4
  O1_5
  O2_1
  O2_2
  O2_3
  O2_4
  O2_5
  O3_1
  O3_2
  O3_3
  O3_4
  O3_5
  O4_1
  O4_2
  O4_3
  O4_4
  O4_5
  O5_1
  O5_2
  O5_3
  O5_4
  O5_5
  O6_1
  O6_2
  O6_3
  O6_4
  O6_5
  O7_1
  O7_2
  O7_3
  O7_4
  O7_5
  O8_1
  O8_2
  O8_3
  O8_4
  O9_1
  O9_2
  O9_4
  dataset;

   USEVARIABLES ARE
  N5_1
  N5_2
  N5_3
  N5_4
  N5_5;

  USEOBSERVATIONS ARE (Dataset eq 1);

  MISSING ARE ALL (-99);

  MODEL:

  N5 by N5_1
  N5_2
  N5_3
  N5_4
  N5_5;

  ANALYSIS:
   ESTIMATOR IS ML;
   Iterations are 10000;

   OUTPUT: STDYX MODINDICES(4);



INPUT READING TERMINATED NORMALLY



Beispiel N1 Analysis

SUMMARY OF ANALYSIS

Number of groups                                                 1
Number of observations                                         722

Number of dependent variables                                    5
Number of independent variables                                  0
Number of continuous latent variables                            1

Observed dependent variables

  Continuous
   N5_1        N5_2        N5_3        N5_4        N5_5

Continuous latent variables
   N5


Estimator                                                       ML
Information matrix                                        OBSERVED
Maximum number of iterations                                 10000
Convergence criterion                                    0.500D-04
Maximum number of steepest descent iterations                   20
Maximum number of iterations for H1                           2000
Convergence criterion for H1                             0.100D-03

Input data file(s)
  ITS_TQIPIP.txt

Input data format  FREE


SUMMARY OF DATA

     Number of missing data patterns             1


COVARIANCE COVERAGE OF DATA

Minimum covariance coverage value   0.100


     PROPORTION OF DATA PRESENT


           Covariance Coverage
              N5_1          N5_2          N5_3          N5_4          N5_5
              ________      ________      ________      ________      ________
 N5_1           1.000
 N5_2           1.000         1.000
 N5_3           1.000         1.000         1.000
 N5_4           1.000         1.000         1.000         1.000
 N5_5           1.000         1.000         1.000         1.000         1.000



THE MODEL ESTIMATION TERMINATED NORMALLY



TESTS OF MODEL FIT

Chi-Square Test of Model Fit

          Value                             13.747
          Degrees of Freedom                     5
          P-Value                           0.0173

Chi-Square Test of Model Fit for the Baseline Model

          Value                            501.472
          Degrees of Freedom                    10
          P-Value                           0.0000

CFI/TLI

          CFI                                0.982
          TLI                                0.964

Loglikelihood

          H0 Value                       -4993.406
          H1 Value                       -4986.532

Information Criteria

          Number of Free Parameters             15
          Akaike (AIC)                   10016.812
          Bayesian (BIC)                 10085.542
          Sample-Size Adjusted BIC       10037.913
            (n* = (n + 2) / 24)

RMSEA (Root Mean Square Error Of Approximation)

          Estimate                           0.049
          90 Percent C.I.                    0.019  0.081
          Probability RMSEA <= .05           0.461

SRMR (Standardized Root Mean Square Residual)

          Value                              0.021



MODEL RESULTS

                                                    Two-Tailed
                    Estimate       S.E.  Est./S.E.    P-Value

 N5       BY
    N5_1               1.000      0.000    999.000    999.000
    N5_2               1.046      0.107      9.794      0.000
    N5_3               1.097      0.102     10.767      0.000
    N5_4               1.162      0.109     10.670      0.000
    N5_5              -0.443      0.099     -4.480      0.000

 Intercepts
    N5_1               2.654      0.036     73.614      0.000
    N5_2               2.519      0.043     57.980      0.000
    N5_3               2.039      0.033     60.864      0.000
    N5_4               2.116      0.035     59.648      0.000
    N5_5               3.112      0.045     69.215      0.000

 Variances
    N5                 0.307      0.045      6.819      0.000

 Residual Variances
    N5_1               0.632      0.042     14.915      0.000
    N5_2               1.028      0.063     16.290      0.000
    N5_3               0.441      0.036     12.353      0.000
    N5_4               0.495      0.040     12.349      0.000
    N5_5               1.399      0.075     18.674      0.000


STANDARDIZED MODEL RESULTS


STDYX Standardization

                                                    Two-Tailed
                    Estimate       S.E.  Est./S.E.    P-Value

 N5       BY
    N5_1               0.572      0.035     16.326      0.000
    N5_2               0.496      0.037     13.439      0.000
    N5_3               0.675      0.032     21.066      0.000
    N5_4               0.675      0.032     21.068      0.000
    N5_5              -0.203      0.043     -4.768      0.000

 Intercepts
    N5_1               2.740      0.081     33.766      0.000
    N5_2               2.158      0.068     31.782      0.000
    N5_3               2.265      0.070     32.233      0.000
    N5_4               2.220      0.069     32.049      0.000
    N5_5               2.576      0.077     33.310      0.000

 Variances
    N5                 1.000      0.000    999.000    999.000

 Residual Variances
    N5_1               0.673      0.040     16.818      0.000
    N5_2               0.754      0.037     20.576      0.000
    N5_3               0.545      0.043     12.592      0.000
    N5_4               0.544      0.043     12.587      0.000
    N5_5               0.959      0.017     55.354      0.000


R-SQUARE

    Observed                                        Two-Tailed
    Variable        Estimate       S.E.  Est./S.E.    P-Value

    N5_1               0.327      0.040      8.163      0.000
    N5_2               0.246      0.037      6.719      0.000
    N5_3               0.455      0.043     10.533      0.000
    N5_4               0.456      0.043     10.534      0.000
    N5_5               0.041      0.017      2.384      0.017


QUALITY OF NUMERICAL RESULTS

     Condition Number for the Information Matrix              0.178E-01
       (ratio of smallest to largest eigenvalue)


MODEL MODIFICATION INDICES

NOTE:  Modification indices for direct effects of observed dependent variables
regressed on covariates may not be included.  To include these, request
MODINDICES (ALL).

Minimum M.I. value for printing the modification index     4.000

                            M.I.     E.P.C.  Std E.P.C.  StdYX E.P.C.

WITH Statements

N5_2     WITH N5_1         12.597     0.138      0.138        0.171
N5_3     WITH N5_2          5.397    -0.092     -0.092       -0.137
N5_4     WITH N5_1          4.664    -0.085     -0.085       -0.152
N5_4     WITH N5_3         12.997     0.162      0.162        0.347


     Beginning Time:  11:05:01
        Ending Time:  11:05:01
       Elapsed Time:  00:00:00



MUTHEN & MUTHEN
3463 Stoner Ave.
Los Angeles, CA  90066

Tel: (310) 391-9971
Fax: (310) 391-8971
Web: www.StatModel.com
Support: Support@StatModel.com

Copyright (c) 1998-2008 Muthen & Muthen
