Mplus VERSION 7.1
MUTHEN & MUTHEN
06/10/2015   3:51 PM

INPUT INSTRUCTIONS

  TITLE:

  DATA:
  FILE IS  "IQIPIP_ohne_Leervaribalen_ohne notes.txt";
  Variable:
  Names are
  PCODE
  SEX
  AGE
  AGEMON
  EDLEV
  KBZ
  FORM
  VERSION
  SERIAL
  SOURCE
  AWCODE
  DATE
  TIME1
  TIME2
  IDNO
  DEVICE
  CANCEL
  MERGE
  N1
  N2
  N3
  N4
  N5
  N6
  N7
  E1
  E2
  E3
  E4
  E5
  E6
  E7
  E8
  E9
  O1
  O2
  O3
  O4
  O5
  O6
  O7
  O8
  O9
  A1
  A2
  A3
  A4
  A5
  A6
  A7
  A8
  C1
  C2
  C3
  C4
  C5
  C6
  C7
  C8
  C9
  A
  N
  E
  O
  C
  N1_1
  E1_1
  O1_1
  A1_1
  C1_1
  N1_2
  E1_2
  O1_2
  A1_2
  C1_2
  N1_3
  E1_3
  O1_3
  A1_3
  C1_3
  N1_4
  E1_4
  O1_4
  A1_4
  C1_4
  N1_5
  E1_5
  O1_5
  A1_5
  C1_5
  N2_1
  E2_1
  O2_1
  A2_1
  C2_1
  N2_2
  E2_2
  O2_2
  A2_2
  C2_2
  N2_3
  E2_3
  O2_3
  A2_3
  C2_3
  N2_4
  E2_4
  O2_4
  A2_4
  C2_4
  N2_5
  E2_5
  O2_5
  A2_5
  C2_5
  N3_1
  E3_1
  O3_1
  A3_1
  C3_1
  N3_2
  E3_2
  O3_2
  A3_2
  C3_2
  N3_3
  E3_3
  O3_3
  A3_3
  C3_3
  N3_4
  E3_4
  O3_4
  A3_4
  C3_4
  N3_5
  E3_5
  O3_5
  A3_5
  C3_5
  N4_1
  E4_1
  O4_1
  A4_1
  C4_1
  N4_2
  E4_2
  O4_2
  A4_2
  C4_2
  N4_3
  E4_3
  O4_3
  A4_3
  C4_3
  N4_4
  E4_4
  O4_4
  A4_4
  C4_4
  N4_5
  E4_5
  O4_5
  A4_5
  C4_5
  N5_1
  E5_1
  O5_1
  A5_1
  C5_1
  N5_2
  E5_2
  O5_2
  A5_2
  C5_2
  N5_3
  E5_3
  O5_3
  A5_3
  C5_3
  N5_4
  E5_4
  O5_4
  A5_4
  C5_4
  N5_5
  E5_5
  O5_5
  A5_5
  C5_5
  N6_1
  E6_1
  O6_1
  A6_1
  C6_1
  N6_2
  E6_2
  O6_2
  A6_2
  C6_2
  N6_3
  E6_3
  O6_3
  A6_3
  C6_3
  N6_4
  E6_4
  O6_4
  A6_4
  C6_4
  N6_5
  E6_5
  O6_5
  A6_5
  C6_5
  N7_1
  E7_1
  O7_1
  A7_1
  C7_1
  N7_2
  E7_2
  O7_2
  A7_2
  C7_2
  N7_3
  E7_3
  O7_3
  A7_3
  C7_3
  N7_4
  E7_4
  O7_4
  A7_4
  C7_4
  N7_5
  E7_5
  O7_5
  A7_5
  C7_5
  E8_1
  O8_1
  A8_1
  C8_1
  E8_2
  O8_2
  A8_2
  C8_2
  E8_3
  O8_3
  A8_3
  C8_3
  E8_4
  O8_4
  A8_4
  C8_4
  E8_5
  O8_5
  A8_5
  C8_5
  E9_1
  O9_1
  C9_1
  E9_2
  O9_2
  C9_2
  E9_3
  O9_3
  C9_3
  E9_4
  O9_4
  C9_4
  E9_5
  O9_5
  C9_5
  ;

  USEVARIABLES ARE
  N6_1
  N6_2
  N6_3
  N6_4
  N6_5
  ;

  MISSING ARE ALL (-99);
  categorical are all;

  Model:
  Sentimen BY
  N6_1
  N6_2
  N6_3
  N6_4
  N6_5
  ;

  Savedata:
    file is n6.txt;
    save = fscores;

  Analysis:
  ESTIMATOR IS WLSMV;

  OUTPUT: STDYX MODINDICES(4);



INPUT READING TERMINATED NORMALLY




SUMMARY OF ANALYSIS

Number of groups                                                 1
Number of observations                                         387

Number of dependent variables                                    5
Number of independent variables                                  0
Number of continuous latent variables                            1

Observed dependent variables

  Binary and ordered categorical (ordinal)
   N6_1        N6_2        N6_3        N6_4        N6_5

Continuous latent variables
   SENTIMEN


Estimator                                                    WLSMV
Maximum number of iterations                                  1000
Convergence criterion                                    0.500D-04
Maximum number of steepest descent iterations                   20
Maximum number of iterations for H1                           2000
Convergence criterion for H1                             0.100D-03
Parameterization                                             DELTA

Input data file(s)
  IQIPIP_ohne_Leervaribalen_ohne notes.txt

Input data format  FREE


SUMMARY OF DATA

     Number of missing data patterns             1


COVARIANCE COVERAGE OF DATA

Minimum covariance coverage value   0.100


     PROPORTION OF DATA PRESENT


           Covariance Coverage
              N6_1          N6_2          N6_3          N6_4          N6_5
              ________      ________      ________      ________      ________
 N6_1           1.000
 N6_2           1.000         1.000
 N6_3           1.000         1.000         1.000
 N6_4           1.000         1.000         1.000         1.000
 N6_5           1.000         1.000         1.000         1.000         1.000


UNIVARIATE PROPORTIONS AND COUNTS FOR CATEGORICAL VARIABLES

    N6_1
      Category 1    0.191       74.000
      Category 2    0.302      117.000
      Category 3    0.302      117.000
      Category 4    0.171       66.000
      Category 5    0.034       13.000
    N6_2
      Category 1    0.031       12.000
      Category 2    0.178       69.000
      Category 3    0.403      156.000
      Category 4    0.326      126.000
      Category 5    0.062       24.000
    N6_3
      Category 1    0.067       26.000
      Category 2    0.256       99.000
      Category 3    0.413      160.000
      Category 4    0.227       88.000
      Category 5    0.036       14.000
    N6_4
      Category 1    0.054       21.000
      Category 2    0.261      101.000
      Category 3    0.364      141.000
      Category 4    0.269      104.000
      Category 5    0.052       20.000
    N6_5
      Category 1    0.036       14.000
      Category 2    0.220       85.000
      Category 3    0.413      160.000
      Category 4    0.266      103.000
      Category 5    0.065       25.000



THE MODEL ESTIMATION TERMINATED NORMALLY



MODEL FIT INFORMATION

Number of Free Parameters                       25

Chi-Square Test of Model Fit

          Value                             15.515*
          Degrees of Freedom                     5
          P-Value                           0.0084

*   The chi-square value for MLM, MLMV, MLR, ULSMV, WLSM and WLSMV cannot be used
    for chi-square difference testing in the regular way.  MLM, MLR and WLSM
    chi-square difference testing is described on the Mplus website.  MLMV, WLSMV,
    and ULSMV difference testing is done using the DIFFTEST option.

RMSEA (Root Mean Square Error Of Approximation)

          Estimate                           0.074
          90 Percent C.I.                    0.034  0.117
          Probability RMSEA <= .05           0.144

CFI/TLI

          CFI                                0.988
          TLI                                0.977

Chi-Square Test of Model Fit for the Baseline Model

          Value                            905.685
          Degrees of Freedom                    10
          P-Value                           0.0000

WRMR (Weighted Root Mean Square Residual)

          Value                              0.510



MODEL RESULTS

                                                    Two-Tailed
                    Estimate       S.E.  Est./S.E.    P-Value

 SENTIMEN BY
    N6_1               1.000      0.000    999.000    999.000
    N6_2               1.009      0.073     13.897      0.000
    N6_3               0.697      0.073      9.551      0.000
    N6_4               1.100      0.076     14.410      0.000
    N6_5               0.877      0.068     12.845      0.000

 Thresholds
    N6_1$1            -0.873      0.073    -11.903      0.000
    N6_1$2            -0.016      0.064     -0.254      0.799
    N6_1$3             0.827      0.072     11.439      0.000
    N6_1$4             1.830      0.123     14.930      0.000
    N6_2$1            -1.866      0.126    -14.811      0.000
    N6_2$2            -0.809      0.072    -11.251      0.000
    N6_2$3             0.286      0.065      4.417      0.000
    N6_2$4             1.538      0.100     15.335      0.000
    N6_3$1            -1.497      0.098    -15.304      0.000
    N6_3$2            -0.459      0.066     -6.937      0.000
    N6_3$3             0.632      0.069      9.224      0.000
    N6_3$4             1.797      0.120     15.030      0.000
    N6_4$1            -1.605      0.105    -15.339      0.000
    N6_4$2            -0.481      0.066     -7.238      0.000
    N6_4$3             0.467      0.066      7.037      0.000
    N6_4$4             1.629      0.106     15.326      0.000
    N6_5$1            -1.797      0.120    -15.030      0.000
    N6_5$2            -0.656      0.069     -9.518      0.000
    N6_5$3             0.438      0.066      6.636      0.000
    N6_5$4             1.517      0.099     15.322      0.000

 Variances
    SENTIMEN           0.487      0.052      9.395      0.000


STANDARDIZED MODEL RESULTS


STDYX Standardization

                                                    Two-Tailed
                    Estimate       S.E.  Est./S.E.    P-Value

 SENTIMEN BY
    N6_1               0.698      0.037     18.790      0.000
    N6_2               0.704      0.034     20.857      0.000
    N6_3               0.487      0.044     11.169      0.000
    N6_4               0.768      0.033     23.626      0.000
    N6_5               0.612      0.038     16.191      0.000

 Thresholds
    N6_1$1            -0.873      0.073    -11.903      0.000
    N6_1$2            -0.016      0.064     -0.254      0.799
    N6_1$3             0.827      0.072     11.439      0.000
    N6_1$4             1.830      0.123     14.930      0.000
    N6_2$1            -1.866      0.126    -14.811      0.000
    N6_2$2            -0.809      0.072    -11.251      0.000
    N6_2$3             0.286      0.065      4.417      0.000
    N6_2$4             1.538      0.100     15.335      0.000
    N6_3$1            -1.497      0.098    -15.304      0.000
    N6_3$2            -0.459      0.066     -6.937      0.000
    N6_3$3             0.632      0.069      9.224      0.000
    N6_3$4             1.797      0.120     15.030      0.000
    N6_4$1            -1.605      0.105    -15.339      0.000
    N6_4$2            -0.481      0.066     -7.238      0.000
    N6_4$3             0.467      0.066      7.037      0.000
    N6_4$4             1.629      0.106     15.326      0.000
    N6_5$1            -1.797      0.120    -15.030      0.000
    N6_5$2            -0.656      0.069     -9.518      0.000
    N6_5$3             0.438      0.066      6.636      0.000
    N6_5$4             1.517      0.099     15.322      0.000

 Variances
    SENTIMEN           1.000      0.000    999.000    999.000


R-SQUARE

    Observed                                        Two-Tailed   Residual
    Variable        Estimate       S.E.  Est./S.E.    P-Value    Variance

    N6_1               0.487      0.052      9.395      0.000      0.513
    N6_2               0.496      0.048     10.429      0.000      0.504
    N6_3               0.237      0.042      5.585      0.000      0.763
    N6_4               0.590      0.050     11.813      0.000      0.410
    N6_5               0.375      0.046      8.095      0.000      0.625


QUALITY OF NUMERICAL RESULTS

     Condition Number for the Information Matrix              0.109E-01
       (ratio of smallest to largest eigenvalue)


MODEL MODIFICATION INDICES

NOTE:  Modification indices for direct effects of observed dependent variables
regressed on covariates and residual covariances among observed dependent
variables may not be included.  To include these, request MODINDICES (ALL).

Minimum M.I. value for printing the modification index     4.000

                                   M.I.     E.P.C.  Std E.P.C.  StdYX E.P.C.

No modification indices above the minimum value.



SAMPLE STATISTICS FOR ESTIMATED FACTOR SCORES


     SAMPLE STATISTICS


           Means
              SENTIMEN
              ________
 1              0.002


           Covariances
              SENTIMEN
              ________
 SENTIMEN       0.375


           Correlations
              SENTIMEN
              ________
 SENTIMEN       1.000


SAVEDATA INFORMATION


  Save file
    n6.txt

  Order and format of variables

    N6_1           F10.3
    N6_2           F10.3
    N6_3           F10.3
    N6_4           F10.3
    N6_5           F10.3
    SENTIMEN       F10.3

  Save file format
    6F10.3

  Save file record length    10000


DIAGRAM INFORMATION

  Use View Diagram under the Diagram menu in the Mplus Editor to view the diagram.
  If running Mplus from the Mplus Diagrammer, the diagram opens automatically.

  Diagram output
    f:\ipip paper\sample_deutsch\cfa\neurotizismus\cfa n6 sentimentalität.dgm

     Beginning Time:  15:51:59
        Ending Time:  15:52:00
       Elapsed Time:  00:00:01



MUTHEN & MUTHEN
3463 Stoner Ave.
Los Angeles, CA  90066

Tel: (310) 391-9971
Fax: (310) 391-8971
Web: www.StatModel.com
Support: Support@StatModel.com

Copyright (c) 1998-2013 Muthen & Muthen
