Mplus VERSION 7.1
MUTHEN & MUTHEN
06/18/2015   4:38 PM

INPUT INSTRUCTIONS


  DATA:
   FILE IS  "ITS_TQIPIP.txt";

  VARIABLE:
   NAMES ARE
  id
  sex
  age
  A1_1
  A1_2
  A1_3
  A1_4
  A1_5
  A2_1
  A2_2
  A2_3
  A2_4
  A2_5
  A3_1
  A3_2
  A3_3
  A3_4
  A3_5
  A4_1
  A4_2
  A4_3
  A4_4
  A4_5
  A5_1
  A5_2
  A5_3
  A5_4
  A5_5
  A6_1
  A6_2
  A6_3
  A6_4
  A6_5
  A7_1
  A7_2
  A7_3
  A7_4
  A7_5
  A8_1
  A8_2
  A8_3
  A8_4
  A8_5
  C1_1
  C1_2
  C1_3
  C1_4
  C1_5
  C2_1
  C2_2
  C2_3
  C2_4
  C2_5
  C3_1
  C3_2
  C3_3
  C3_4
  C3_5
  C4_1
  C4_2
  C4_3
  C4_4
  C4_5
  C5_1
  C5_2
  C5_3
  C5_4
  C5_5
  C6_1
  C6_2
  C6_3
  C6_4
  C6_5
  C7_1
  C7_2
  C7_3
  C7_4
  C7_5
  C8_1
  C8_2
  C8_3
  C8_4
  C8_5
  C9_1
  C9_2
  C9_3
  C9_4
  C9_5
  E1_1
  E1_2
  E1_3
  E1_4
  E1_5
  E2_1
  E2_2
  E2_3
  E2_4
  E2_5
  E3_1
  E3_2
  E3_3
  E3_4
  E3_5
  E4_1
  E4_2
  E4_3
  E4_4
  E4_5
  E5_1
  E5_2
  E5_3
  E5_4
  E5_5
  E6_1
  E6_2
  E6_3
  E6_4
  E6_5
  E7_1
  E7_2
  E7_3
  E7_4
  E7_5
  E8_1
  E8_2
  E8_3
  E8_4
  E8_5
  E9_1
  E9_2
  E9_3
  N1_1
  N1_2
  N1_3
  N1_4
  N1_5
  N2_1
  N2_2
  N2_3
  N2_4
  N2_5
  N3_1
  N3_2
  N3_3
  N3_4
  N3_5
  N4_1
  N4_2
  N4_3
  N4_4
  N4_5
  N5_1
  N5_2
  N5_3
  N5_4
  N5_5
  N6_1
  N6_2
  N6_3
  N6_4
  N6_5
  N7_1
  N7_2
  N7_3
  O1_1
  O1_2
  O1_3
  O1_4
  O1_5
  O2_1
  O2_2
  O2_3
  O2_4
  O2_5
  O3_1
  O3_2
  O3_3
  O3_4
  O3_5
  O4_1
  O4_2
  O4_3
  O4_4
  O4_5
  O5_1
  O5_2
  O5_3
  O5_4
  O5_5
  O6_1
  O6_2
  O6_3
  O6_4
  O6_5
  O7_1
  O7_2
  O7_3
  O7_4
  O7_5
  O8_1
  O8_2
  O8_3
  O8_4
  O9_1
  O9_2
  O9_4
  dataset;

   USEVARIABLES ARE
  C3_1
  C3_2
  C3_3
  C3_4
  C3_5;

  Grouping is Dataset (0 = German 1 = US);

  MISSING ARE ALL (-99);

  MODEL:

  C3 by  C3_1
  C3_2
  C3_3
  C3_4
  C3_5;
  [C3@0];

  Model German:
  ;

  Model US:
  ;

  C3 by
  C3_2
  C3_3
  C3_4
  C3_5;

  [C3_1
  C3_2
  C3_3
  C3_4
  C3_5];

  ANALYSIS:
   ESTIMATOR IS ML;
   Iterations are 10000;

   OUTPUT: STDYX MODINDICES(4);



INPUT READING TERMINATED NORMALLY




SUMMARY OF ANALYSIS

Number of groups                                                 2
Number of observations
   Group GERMAN                                                387
   Group US                                                    722
   Total sample size                                          1109

Number of dependent variables                                    5
Number of independent variables                                  0
Number of continuous latent variables                            1

Observed dependent variables

  Continuous
   C3_1        C3_2        C3_3        C3_4        C3_5

Continuous latent variables
   C3

Variables with special functions

  Grouping variable     DATASET

Estimator                                                       ML
Information matrix                                        OBSERVED
Maximum number of iterations                                 10000
Convergence criterion                                    0.500D-04
Maximum number of steepest descent iterations                   20
Maximum number of iterations for H1                           2000
Convergence criterion for H1                             0.100D-03

Input data file(s)
  ITS_TQIPIP.txt

Input data format  FREE


SUMMARY OF DATA

   Group GERMAN
     Number of missing data patterns             1

   Group US
     Number of missing data patterns             1


COVARIANCE COVERAGE OF DATA

Minimum covariance coverage value   0.100


     PROPORTION OF DATA PRESENT FOR GERMAN


           Covariance Coverage
              C3_1          C3_2          C3_3          C3_4          C3_5
              ________      ________      ________      ________      ________
 C3_1           1.000
 C3_2           1.000         1.000
 C3_3           1.000         1.000         1.000
 C3_4           1.000         1.000         1.000         1.000
 C3_5           1.000         1.000         1.000         1.000         1.000


     PROPORTION OF DATA PRESENT FOR US


           Covariance Coverage
              C3_1          C3_2          C3_3          C3_4          C3_5
              ________      ________      ________      ________      ________
 C3_1           1.000
 C3_2           1.000         1.000
 C3_3           1.000         1.000         1.000
 C3_4           1.000         1.000         1.000         1.000
 C3_5           1.000         1.000         1.000         1.000         1.000



THE MODEL ESTIMATION TERMINATED NORMALLY



MODEL FIT INFORMATION

Number of Free Parameters                       30

Loglikelihood

          H0 Value                       -7742.664
          H1 Value                       -7720.465

Information Criteria

          Akaike (AIC)                   15545.328
          Bayesian (BIC)                 15695.664
          Sample-Size Adjusted BIC       15600.377
            (n* = (n + 2) / 24)

Chi-Square Test of Model Fit

          Value                             44.398
          Degrees of Freedom                    10
          P-Value                           0.0000

Chi-Square Contribution From Each Group

          GERMAN                            27.794
          US                                16.604

RMSEA (Root Mean Square Error Of Approximation)

          Estimate                           0.079
          90 Percent C.I.                    0.056  0.103
          Probability RMSEA <= .05           0.020

CFI/TLI

          CFI                                0.959
          TLI                                0.917

Chi-Square Test of Model Fit for the Baseline Model

          Value                            850.072
          Degrees of Freedom                    20
          P-Value                           0.0000

SRMR (Standardized Root Mean Square Residual)

          Value                              0.031



MODEL RESULTS

                                                    Two-Tailed
                    Estimate       S.E.  Est./S.E.    P-Value

Group GERMAN

 C3       BY
    C3_1               1.000      0.000    999.000    999.000
    C3_2               1.188      0.185      6.419      0.000
    C3_3               1.063      0.162      6.548      0.000
    C3_4               1.139      0.166      6.862      0.000
    C3_5               0.818      0.141      5.794      0.000

 Means
    C3                 0.000      0.000    999.000    999.000

 Intercepts
    C3_1               3.080      0.056     54.836      0.000
    C3_2               2.592      0.050     51.761      0.000
    C3_3               3.331      0.052     64.639      0.000
    C3_4               2.953      0.053     55.962      0.000
    C3_5               2.465      0.050     49.050      0.000

 Variances
    C3                 0.291      0.071      4.102      0.000

 Residual Variances
    C3_1               0.930      0.079     11.736      0.000
    C3_2               0.559      0.061      9.132      0.000
    C3_3               0.698      0.065     10.720      0.000
    C3_4               0.700      0.068     10.260      0.000
    C3_5               0.783      0.064     12.255      0.000

Group US

 C3       BY
    C3_1               1.000      0.000    999.000    999.000
    C3_2               1.085      0.110      9.866      0.000
    C3_3               1.255      0.126      9.986      0.000
    C3_4               0.992      0.105      9.406      0.000
    C3_5               1.069      0.115      9.331      0.000

 Means
    C3                 0.000      0.000    999.000    999.000

 Intercepts
    C3_1               2.668      0.041     65.591      0.000
    C3_2               2.834      0.036     79.041      0.000
    C3_3               2.820      0.040     70.476      0.000
    C3_4               3.176      0.040     78.434      0.000
    C3_5               2.573      0.042     61.981      0.000

 Variances
    C3                 0.315      0.051      6.126      0.000

 Residual Variances
    C3_1               0.879      0.055     16.124      0.000
    C3_2               0.558      0.040     13.831      0.000
    C3_3               0.660      0.050     13.093      0.000
    C3_4               0.874      0.054     16.137      0.000
    C3_5               0.885      0.056     15.856      0.000


STANDARDIZED MODEL RESULTS


STDYX Standardization

                                                    Two-Tailed
                    Estimate       S.E.  Est./S.E.    P-Value

Group GERMAN

 C3       BY
    C3_1               0.489      0.053      9.285      0.000
    C3_2               0.651      0.047     13.893      0.000
    C3_3               0.566      0.050     11.411      0.000
    C3_4               0.592      0.049     12.106      0.000
    C3_5               0.447      0.053      8.360      0.000

 Means
    C3                 0.000      0.000    999.000    999.000

 Intercepts
    C3_1               2.787      0.112     24.811      0.000
    C3_2               2.631      0.107     24.505      0.000
    C3_3               3.286      0.129     25.554      0.000
    C3_4               2.845      0.114     24.912      0.000
    C3_5               2.493      0.103     24.199      0.000

 Variances
    C3                 1.000      0.000    999.000    999.000

 Residual Variances
    C3_1               0.761      0.051     14.810      0.000
    C3_2               0.576      0.061      9.448      0.000
    C3_3               0.679      0.056     12.086      0.000
    C3_4               0.649      0.058     11.212      0.000
    C3_5               0.801      0.048     16.782      0.000

Group US

 C3       BY
    C3_1               0.513      0.036     14.214      0.000
    C3_2               0.632      0.033     19.436      0.000
    C3_3               0.655      0.032     20.392      0.000
    C3_4               0.512      0.036     14.130      0.000
    C3_5               0.538      0.035     15.346      0.000

 Means
    C3                 0.000      0.000    999.000    999.000

 Intercepts
    C3_1               2.441      0.074     32.880      0.000
    C3_2               2.942      0.086     34.248      0.000
    C3_3               2.623      0.078     33.448      0.000
    C3_4               2.919      0.085     34.198      0.000
    C3_5               2.307      0.071     32.396      0.000

 Variances
    C3                 1.000      0.000    999.000    999.000

 Residual Variances
    C3_1               0.736      0.037     19.854      0.000
    C3_2               0.601      0.041     14.636      0.000
    C3_3               0.571      0.042     13.557      0.000
    C3_4               0.738      0.037     19.918      0.000
    C3_5               0.711      0.038     18.866      0.000


R-SQUARE

Group GERMAN

    Observed                                        Two-Tailed
    Variable        Estimate       S.E.  Est./S.E.    P-Value

    C3_1               0.239      0.051      4.643      0.000
    C3_2               0.424      0.061      6.947      0.000
    C3_3               0.321      0.056      5.705      0.000
    C3_4               0.351      0.058      6.053      0.000
    C3_5               0.199      0.048      4.180      0.000

Group US

    Observed                                        Two-Tailed
    Variable        Estimate       S.E.  Est./S.E.    P-Value

    C3_1               0.264      0.037      7.107      0.000
    C3_2               0.399      0.041      9.718      0.000
    C3_3               0.429      0.042     10.196      0.000
    C3_4               0.262      0.037      7.065      0.000
    C3_5               0.289      0.038      7.673      0.000


QUALITY OF NUMERICAL RESULTS

     Condition Number for the Information Matrix              0.511E-02
       (ratio of smallest to largest eigenvalue)


MODEL MODIFICATION INDICES

NOTE:  Modification indices for direct effects of observed dependent variables
regressed on covariates may not be included.  To include these, request
MODINDICES (ALL).

Minimum M.I. value for printing the modification index     4.000

                                   M.I.     E.P.C.  Std E.P.C.  StdYX E.P.C.
Group GERMAN


WITH Statements

C3_2     WITH C3_1                14.190    -0.209     -0.209       -0.290
C3_4     WITH C3_1                 7.592     0.154      0.154        0.191
C3_4     WITH C3_2                 9.104     0.177      0.177        0.283
C3_4     WITH C3_3                10.928    -0.180     -0.180       -0.258
C3_5     WITH C3_3                 6.119     0.118      0.118        0.159
C3_5     WITH C3_4                 7.606    -0.136     -0.136       -0.184

Group US


WITH Statements

C3_4     WITH C3_1                11.757     0.138      0.138        0.157
C3_4     WITH C3_3                 5.491    -0.098     -0.098       -0.129



DIAGRAM INFORMATION

  Use View Diagram under the Diagram menu in the Mplus Editor to view the diagram.
  If running Mplus from the Mplus Diagrammer, the diagram opens automatically.

  Diagram output
    f:\ipip paper\messinvarianz\c\c3\c3 konfigurale invarianz.dgm

     Beginning Time:  16:38:20
        Ending Time:  16:38:21
       Elapsed Time:  00:00:01



MUTHEN & MUTHEN
3463 Stoner Ave.
Los Angeles, CA  90066

Tel: (310) 391-9971
Fax: (310) 391-8971
Web: www.StatModel.com
Support: Support@StatModel.com

Copyright (c) 1998-2013 Muthen & Muthen
