Mplus VERSION 7.1
MUTHEN & MUTHEN
06/18/2015   4:38 PM

INPUT INSTRUCTIONS


  DATA:
   FILE IS  "ITS_TQIPIP.txt";

  VARIABLE:
   NAMES ARE
  id
  sex
  age
  A1_1
  A1_2
  A1_3
  A1_4
  A1_5
  A2_1
  A2_2
  A2_3
  A2_4
  A2_5
  A3_1
  A3_2
  A3_3
  A3_4
  A3_5
  A4_1
  A4_2
  A4_3
  A4_4
  A4_5
  A5_1
  A5_2
  A5_3
  A5_4
  A5_5
  A6_1
  A6_2
  A6_3
  A6_4
  A6_5
  A7_1
  A7_2
  A7_3
  A7_4
  A7_5
  A8_1
  A8_2
  A8_3
  A8_4
  A8_5
  C1_1
  C1_2
  C1_3
  C1_4
  C1_5
  C2_1
  C2_2
  C2_3
  C2_4
  C2_5
  C3_1
  C3_2
  C3_3
  C3_4
  C3_5
  C4_1
  C4_2
  C4_3
  C4_4
  C4_5
  C5_1
  C5_2
  C5_3
  C5_4
  C5_5
  C6_1
  C6_2
  C6_3
  C6_4
  C6_5
  C7_1
  C7_2
  C7_3
  C7_4
  C7_5
  C8_1
  C8_2
  C8_3
  C8_4
  C8_5
  C9_1
  C9_2
  C9_3
  C9_4
  C9_5
  E1_1
  E1_2
  E1_3
  E1_4
  E1_5
  E2_1
  E2_2
  E2_3
  E2_4
  E2_5
  E3_1
  E3_2
  E3_3
  E3_4
  E3_5
  E4_1
  E4_2
  E4_3
  E4_4
  E4_5
  E5_1
  E5_2
  E5_3
  E5_4
  E5_5
  E6_1
  E6_2
  E6_3
  E6_4
  E6_5
  E7_1
  E7_2
  E7_3
  E7_4
  E7_5
  E8_1
  E8_2
  E8_3
  E8_4
  E8_5
  E9_1
  E9_2
  E9_3
  N1_1
  N1_2
  N1_3
  N1_4
  N1_5
  N2_1
  N2_2
  N2_3
  N2_4
  N2_5
  N3_1
  N3_2
  N3_3
  N3_4
  N3_5
  N4_1
  N4_2
  N4_3
  N4_4
  N4_5
  N5_1
  N5_2
  N5_3
  N5_4
  N5_5
  N6_1
  N6_2
  N6_3
  N6_4
  N6_5
  N7_1
  N7_2
  N7_3
  O1_1
  O1_2
  O1_3
  O1_4
  O1_5
  O2_1
  O2_2
  O2_3
  O2_4
  O2_5
  O3_1
  O3_2
  O3_3
  O3_4
  O3_5
  O4_1
  O4_2
  O4_3
  O4_4
  O4_5
  O5_1
  O5_2
  O5_3
  O5_4
  O5_5
  O6_1
  O6_2
  O6_3
  O6_4
  O6_5
  O7_1
  O7_2
  O7_3
  O7_4
  O7_5
  O8_1
  O8_2
  O8_3
  O8_4
  O9_1
  O9_2
  O9_4
  dataset;

   USEVARIABLES ARE
  C3_1
  C3_2
  C3_3
  C3_4
  C3_5;

  Grouping is Dataset (0 = German 1 = US);

  MISSING ARE ALL (-99);

  MODEL:

  C3 by  C3_1
  C3_2
  C3_3
  C3_4
  C3_5;


  Model German:
  ;

  Model US:
  ;





  ANALYSIS:
   ESTIMATOR IS ML;
   Iterations are 10000;

   OUTPUT: STDYX MODINDICES(4);



INPUT READING TERMINATED NORMALLY




SUMMARY OF ANALYSIS

Number of groups                                                 2
Number of observations
   Group GERMAN                                                387
   Group US                                                    722
   Total sample size                                          1109

Number of dependent variables                                    5
Number of independent variables                                  0
Number of continuous latent variables                            1

Observed dependent variables

  Continuous
   C3_1        C3_2        C3_3        C3_4        C3_5

Continuous latent variables
   C3

Variables with special functions

  Grouping variable     DATASET

Estimator                                                       ML
Information matrix                                        OBSERVED
Maximum number of iterations                                 10000
Convergence criterion                                    0.500D-04
Maximum number of steepest descent iterations                   20
Maximum number of iterations for H1                           2000
Convergence criterion for H1                             0.100D-03

Input data file(s)
  ITS_TQIPIP.txt

Input data format  FREE


SUMMARY OF DATA

   Group GERMAN
     Number of missing data patterns             1

   Group US
     Number of missing data patterns             1


COVARIANCE COVERAGE OF DATA

Minimum covariance coverage value   0.100


     PROPORTION OF DATA PRESENT FOR GERMAN


           Covariance Coverage
              C3_1          C3_2          C3_3          C3_4          C3_5
              ________      ________      ________      ________      ________
 C3_1           1.000
 C3_2           1.000         1.000
 C3_3           1.000         1.000         1.000
 C3_4           1.000         1.000         1.000         1.000
 C3_5           1.000         1.000         1.000         1.000         1.000


     PROPORTION OF DATA PRESENT FOR US


           Covariance Coverage
              C3_1          C3_2          C3_3          C3_4          C3_5
              ________      ________      ________      ________      ________
 C3_1           1.000
 C3_2           1.000         1.000
 C3_3           1.000         1.000         1.000
 C3_4           1.000         1.000         1.000         1.000
 C3_5           1.000         1.000         1.000         1.000         1.000



THE MODEL ESTIMATION TERMINATED NORMALLY



MODEL FIT INFORMATION

Number of Free Parameters                       22

Loglikelihood

          H0 Value                       -7833.490
          H1 Value                       -7720.465

Information Criteria

          Akaike (AIC)                   15710.980
          Bayesian (BIC)                 15821.227
          Sample-Size Adjusted BIC       15751.349
            (n* = (n + 2) / 24)

Chi-Square Test of Model Fit

          Value                            226.050
          Degrees of Freedom                    18
          P-Value                           0.0000

Chi-Square Contribution From Each Group

          GERMAN                           151.388
          US                                74.662

RMSEA (Root Mean Square Error Of Approximation)

          Estimate                           0.144
          90 Percent C.I.                    0.128  0.161
          Probability RMSEA <= .05           0.000

CFI/TLI

          CFI                                0.749
          TLI                                0.722

Chi-Square Test of Model Fit for the Baseline Model

          Value                            850.072
          Degrees of Freedom                    20
          P-Value                           0.0000

SRMR (Standardized Root Mean Square Residual)

          Value                              0.098



MODEL RESULTS

                                                    Two-Tailed
                    Estimate       S.E.  Est./S.E.    P-Value

Group GERMAN

 C3       BY
    C3_1               1.000      0.000    999.000    999.000
    C3_2               1.038      0.094     11.052      0.000
    C3_3               1.171      0.098     11.953      0.000
    C3_4               0.980      0.090     10.902      0.000
    C3_5               0.958      0.090     10.685      0.000

 Means
    C3                 0.000      0.000    999.000    999.000

 Intercepts
    C3_1               2.845      0.046     62.016      0.000
    C3_2               2.805      0.043     64.716      0.000
    C3_3               3.039      0.050     60.854      0.000
    C3_4               3.134      0.043     72.319      0.000
    C3_5               2.569      0.042     60.986      0.000

 Variances
    C3                 0.287      0.047      6.056      0.000

 Residual Variances
    C3_1               0.984      0.083     11.844      0.000
    C3_2               0.673      0.064     10.585      0.000
    C3_3               0.769      0.075     10.199      0.000
    C3_4               0.796      0.070     11.344      0.000
    C3_5               0.755      0.063     11.956      0.000

Group US

 C3       BY
    C3_1               1.000      0.000    999.000    999.000
    C3_2               1.038      0.094     11.052      0.000
    C3_3               1.171      0.098     11.953      0.000
    C3_4               0.980      0.090     10.902      0.000
    C3_5               0.958      0.090     10.685      0.000

 Means
    C3                -0.065      0.047     -1.393      0.164

 Intercepts
    C3_1               2.845      0.046     62.016      0.000
    C3_2               2.805      0.043     64.716      0.000
    C3_3               3.039      0.050     60.854      0.000
    C3_4               3.134      0.043     72.319      0.000
    C3_5               2.569      0.042     60.986      0.000

 Variances
    C3                 0.344      0.049      7.065      0.000

 Residual Variances
    C3_1               0.880      0.055     15.884      0.000
    C3_2               0.569      0.041     13.835      0.000
    C3_3               0.702      0.053     13.282      0.000
    C3_4               0.874      0.055     16.013      0.000
    C3_5               0.906      0.056     16.247      0.000


STANDARDIZED MODEL RESULTS


STDYX Standardization

                                                    Two-Tailed
                    Estimate       S.E.  Est./S.E.    P-Value

Group GERMAN

 C3       BY
    C3_1               0.475      0.037     12.919      0.000
    C3_2               0.561      0.039     14.488      0.000
    C3_3               0.582      0.037     15.845      0.000
    C3_4               0.507      0.040     12.786      0.000
    C3_5               0.508      0.036     14.163      0.000

 Means
    C3                 0.000      0.000    999.000    999.000

 Intercepts
    C3_1               2.524      0.101     24.910      0.000
    C3_2               2.831      0.098     28.880      0.000
    C3_3               2.818      0.120     23.449      0.000
    C3_4               3.027      0.104     29.020      0.000
    C3_5               2.546      0.094     27.142      0.000

 Variances
    C3                 1.000      0.000    999.000    999.000

 Residual Variances
    C3_1               0.774      0.035     22.176      0.000
    C3_2               0.685      0.043     15.778      0.000
    C3_3               0.662      0.043     15.500      0.000
    C3_4               0.743      0.040     18.508      0.000
    C3_5               0.741      0.037     20.307      0.000

Group US

 C3       BY
    C3_1               0.530      0.032     16.436      0.000
    C3_2               0.628      0.031     20.379      0.000
    C3_3               0.634      0.032     20.005      0.000
    C3_4               0.523      0.032     16.250      0.000
    C3_5               0.508      0.033     15.630      0.000

 Means
    C3                -0.111      0.079     -1.413      0.158

 Intercepts
    C3_1               2.572      0.074     34.947      0.000
    C3_2               2.894      0.091     31.741      0.000
    C3_3               2.805      0.080     35.267      0.000
    C3_4               2.856      0.087     32.920      0.000
    C3_5               2.324      0.071     32.759      0.000

 Variances
    C3                 1.000      0.000    999.000    999.000

 Residual Variances
    C3_1               0.719      0.034     21.055      0.000
    C3_2               0.606      0.039     15.660      0.000
    C3_3               0.598      0.040     14.893      0.000
    C3_4               0.726      0.034     21.542      0.000
    C3_5               0.742      0.033     22.443      0.000


R-SQUARE

Group GERMAN

    Observed                                        Two-Tailed
    Variable        Estimate       S.E.  Est./S.E.    P-Value

    C3_1               0.226      0.035      6.460      0.000
    C3_2               0.315      0.043      7.244      0.000
    C3_3               0.338      0.043      7.923      0.000
    C3_4               0.257      0.040      6.393      0.000
    C3_5               0.259      0.037      7.082      0.000

Group US

    Observed                                        Two-Tailed
    Variable        Estimate       S.E.  Est./S.E.    P-Value

    C3_1               0.281      0.034      8.218      0.000
    C3_2               0.394      0.039     10.190      0.000
    C3_3               0.402      0.040     10.003      0.000
    C3_4               0.274      0.034      8.125      0.000
    C3_5               0.258      0.033      7.815      0.000


QUALITY OF NUMERICAL RESULTS

     Condition Number for the Information Matrix              0.102E-01
       (ratio of smallest to largest eigenvalue)


MODEL MODIFICATION INDICES

NOTE:  Modification indices for direct effects of observed dependent variables
regressed on covariates may not be included.  To include these, request
MODINDICES (ALL).

Minimum M.I. value for printing the modification index     4.000

                                   M.I.     E.P.C.  Std E.P.C.  StdYX E.P.C.
Group GERMAN


WITH Statements

C3_2     WITH C3_1                11.192    -0.171     -0.171       -0.211
C3_3     WITH C3_1                 5.368     0.130      0.130        0.149
C3_4     WITH C3_2                28.542     0.253      0.253        0.345
C3_4     WITH C3_3                12.303    -0.181     -0.181       -0.232

Means/Intercepts/Thresholds

[ C3_1     ]                      38.026     0.235      0.235        0.208
[ C3_2     ]                      50.622    -0.213     -0.213       -0.215
[ C3_3     ]                      87.411     0.292      0.292        0.271
[ C3_4     ]                      30.341    -0.180     -0.180       -0.174
[ C3_5     ]                      10.961    -0.104     -0.104       -0.103

Group US


WITH Statements

C3_2     WITH C3_1                 6.669    -0.095     -0.095       -0.135
C3_4     WITH C3_1                 6.640     0.104      0.104        0.119
C3_4     WITH C3_3                 7.645    -0.113     -0.113       -0.144
C3_5     WITH C3_3                 4.022     0.082      0.082        0.103

Means/Intercepts/Thresholds

[ C3_1     ]                      38.026    -0.177     -0.177       -0.160
[ C3_2     ]                      50.619     0.200      0.200        0.206
[ C3_3     ]                      87.415    -0.304     -0.304       -0.281
[ C3_4     ]                      30.343     0.166      0.166        0.151
[ C3_5     ]                      10.961     0.102      0.102        0.092



DIAGRAM INFORMATION

  Use View Diagram under the Diagram menu in the Mplus Editor to view the diagram.
  If running Mplus from the Mplus Diagrammer, the diagram opens automatically.

  Diagram output
    f:\ipip paper\messinvarianz\c\c3\c3 starke faktorielle invarianz.dgm

     Beginning Time:  16:38:54
        Ending Time:  16:38:54
       Elapsed Time:  00:00:00



MUTHEN & MUTHEN
3463 Stoner Ave.
Los Angeles, CA  90066

Tel: (310) 391-9971
Fax: (310) 391-8971
Web: www.StatModel.com
Support: Support@StatModel.com

Copyright (c) 1998-2013 Muthen & Muthen
