Mplus VERSION 5.2
MUTHEN & MUTHEN
01/20/2012   2:15 PM

INPUT INSTRUCTIONS

  TITLE:

  DATA:
  FILE IS  "ARI Data 2009_Agreeableness CFA Sample.txt";
  Variable:
  Names are
  respid
  agree5
  agree51
  agree21
  agree84
  agree35
  agree15
  agree93
  agree67
  agree34
  agree25
  agree44
  agree64
  agree31
  agree45
  agree26
  agree52
  agree14
  agree20
  agree6
  agree92
  agree77
  agree3
  agree17
  agree19
  agree13
  agree27
  agree105
  agree95
  agree104
  agree57
  agree85
  agree97
  agree110
  agree61
  agree94
  agree107
  agree30
  agree40
  agree32
  agree50
  agree90
  agree63
  agree60
  agree23
  agree1
  agree58
  agree101
  agree46
  agree87
  agree98
  agree37
  agree62
  agree39
  agree83
  agree53
  agree65
  agree103
  agree91
  agree4
  agree42
  agree18
  agree96
  agree106
  agree55
  agree86
  agree72
  agree22
  agree79
  agree33
  agree70
  agree109
  agree78
  agree100
  agree71
  agree89
  agree76
  agree75
  agree11
  agree56
  agree12
  agree49
  agree16
  agree108
  agree43
  agree7
  agree2
  agree88
  agree41
  agree38
  agree99
  agree69
  agree36
  agree80
  agree8
  agree66
  agree54
  agree24
  agree82
  agree74
  agree73
  agree10
  agree59
  Filter
  filter_
  ;

  USEVARIABLES ARE
  agree37
  agree104
  agree30
  agree6
  agree49
  agree45
  ;

  MISSING ARE ALL (-99);
  categorical are all;

  Model:
  need BY
  agree37
  agree104
  agree30
  agree6
  agree49
  agree45
  ;


  Analysis:
  ESTIMATOR IS WLSMV;

  OUTPUT: STDYX MODINDICES(4);



*** WARNING
  Data set contains cases with missing on all variables.
  These cases were not included in the analysis.
  Number of cases with missing on all variables:  2
   1 WARNING(S) FOUND IN THE INPUT INSTRUCTIONS




SUMMARY OF ANALYSIS

Number of groups                                                 1
Number of observations                                         361

Number of dependent variables                                    6
Number of independent variables                                  0
Number of continuous latent variables                            1

Observed dependent variables

  Binary and ordered categorical (ordinal)
   AGREE37     AGREE104    AGREE30     AGREE6      AGREE49     AGREE45

Continuous latent variables
   NEED


Estimator                                                    WLSMV
Maximum number of iterations                                  1000
Convergence criterion                                    0.500D-04
Maximum number of steepest descent iterations                   20
Maximum number of iterations for H1                           2000
Convergence criterion for H1                             0.100D-03
Parameterization                                             DELTA

Input data file(s)
  ARI Data 2009_Agreeableness CFA Sample.txt

Input data format  FREE


SUMMARY OF DATA

     Number of missing data patterns             1


COVARIANCE COVERAGE OF DATA

Minimum covariance coverage value   0.100


     PROPORTION OF DATA PRESENT


           Covariance Coverage
              AGREE37       AGREE104      AGREE30       AGREE6        AGREE49
              ________      ________      ________      ________      ________
 AGREE37        1.000
 AGREE104       1.000         1.000
 AGREE30        1.000         1.000         1.000
 AGREE6         1.000         1.000         1.000         1.000
 AGREE49        1.000         1.000         1.000         1.000         1.000
 AGREE45        1.000         1.000         1.000         1.000         1.000


           Covariance Coverage
              AGREE45
              ________
 AGREE45        1.000


SUMMARY OF CATEGORICAL DATA PROPORTIONS

    AGREE37
      Category 1    0.091
      Category 2    0.233
      Category 3    0.454
      Category 4    0.175
      Category 5    0.047
    AGREE104
      Category 1    0.019
      Category 2    0.072
      Category 3    0.271
      Category 4    0.374
      Category 5    0.263
    AGREE30
      Category 1    0.163
      Category 2    0.357
      Category 3    0.271
      Category 4    0.155
      Category 5    0.053
    AGREE6
      Category 1    0.125
      Category 2    0.357
      Category 3    0.357
      Category 4    0.122
      Category 5    0.039
    AGREE49
      Category 1    0.014
      Category 2    0.116
      Category 3    0.233
      Category 4    0.416
      Category 5    0.222
    AGREE45
      Category 1    0.058
      Category 2    0.230
      Category 3    0.416
      Category 4    0.247
      Category 5    0.050



THE MODEL ESTIMATION TERMINATED NORMALLY



TESTS OF MODEL FIT

Chi-Square Test of Model Fit

          Value                             24.545*
          Degrees of Freedom                     8**
          P-Value                           0.0019

*   The chi-square value for MLM, MLMV, MLR, ULSMV, WLSM and WLSMV cannot be used
    for chi-square difference tests.  MLM, MLR and WLSM chi-square difference
    testing is described in the Mplus Technical Appendices at www.statmodel.com.
    See chi-square difference testing in the index of the Mplus User's Guide.

**  The degrees of freedom for MLMV, ULSMV and WLSMV are estimated according to
    a formula given in the Mplus Technical Appendices at www.statmodel.com.
    See degrees of freedom in the index of the Mplus User's Guide.

Chi-Square Test of Model Fit for the Baseline Model

          Value                            217.850
          Degrees of Freedom                    12
          P-Value                           0.0000

CFI/TLI

          CFI                                0.920
          TLI                                0.879

Number of Free Parameters                       30

RMSEA (Root Mean Square Error Of Approximation)

          Estimate                           0.076

WRMR (Weighted Root Mean Square Residual)

          Value                              0.725



MODEL RESULTS

                                                    Two-Tailed
                    Estimate       S.E.  Est./S.E.    P-Value

 NEED     BY
    AGREE37            1.000      0.000    999.000    999.000
    AGREE104           0.741      0.137      5.405      0.000
    AGREE30            0.965      0.178      5.428      0.000
    AGREE6             0.691      0.126      5.467      0.000
    AGREE49            0.466      0.133      3.490      0.000
    AGREE45            0.986      0.146      6.747      0.000

 Thresholds
    AGREE37$1         -1.332      0.092    -14.427      0.000
    AGREE37$2         -0.456      0.069     -6.659      0.000
    AGREE37$3          0.767      0.074     10.430      0.000
    AGREE37$4          1.674      0.113     14.758      0.000
    AGREE104$1        -2.067      0.154    -13.429      0.000
    AGREE104$2        -1.332      0.092    -14.427      0.000
    AGREE104$3        -0.351      0.067     -5.200      0.000
    AGREE104$4         0.634      0.071      8.923      0.000
    AGREE30$1         -0.980      0.079    -12.429      0.000
    AGREE30$2          0.052      0.066      0.789      0.430
    AGREE30$3          0.814      0.075     10.920      0.000
    AGREE30$4          1.620      0.109     14.807      0.000
    AGREE6$1          -1.152      0.085    -13.614      0.000
    AGREE6$2          -0.045      0.066     -0.684      0.494
    AGREE6$3           0.992      0.079     12.519      0.000
    AGREE6$4           1.765      0.121     14.596      0.000
    AGREE49$1         -2.201      0.174    -12.655      0.000
    AGREE49$2         -1.125      0.084    -13.457      0.000
    AGREE49$3         -0.351      0.067     -5.200      0.000
    AGREE49$4          0.767      0.074     10.430      0.000
    AGREE45$1         -1.570      0.106    -14.820      0.000
    AGREE45$2         -0.559      0.070     -8.003      0.000
    AGREE45$3          0.535      0.070      7.694      0.000
    AGREE45$4          1.646      0.111     14.788      0.000

 Variances
    NEED               0.286      0.064      4.444      0.000


STANDARDIZED MODEL RESULTS


STDYX Standardization

                                                    Two-Tailed
                    Estimate       S.E.  Est./S.E.    P-Value

 NEED     BY
    AGREE37            0.535      0.060      8.889      0.000
    AGREE104           0.396      0.055      7.184      0.000
    AGREE30            0.516      0.063      8.219      0.000
    AGREE6             0.369      0.054      6.879      0.000
    AGREE49            0.249      0.064      3.920      0.000
    AGREE45            0.527      0.053     10.034      0.000

 Thresholds
    AGREE37$1         -1.332      0.092    -14.427      0.000
    AGREE37$2         -0.456      0.069     -6.659      0.000
    AGREE37$3          0.767      0.074     10.430      0.000
    AGREE37$4          1.674      0.113     14.758      0.000
    AGREE104$1        -2.067      0.154    -13.429      0.000
    AGREE104$2        -1.332      0.092    -14.427      0.000
    AGREE104$3        -0.351      0.067     -5.200      0.000
    AGREE104$4         0.634      0.071      8.923      0.000
    AGREE30$1         -0.980      0.079    -12.429      0.000
    AGREE30$2          0.052      0.066      0.789      0.430
    AGREE30$3          0.814      0.075     10.920      0.000
    AGREE30$4          1.620      0.109     14.807      0.000
    AGREE6$1          -1.152      0.085    -13.614      0.000
    AGREE6$2          -0.045      0.066     -0.684      0.494
    AGREE6$3           0.992      0.079     12.519      0.000
    AGREE6$4           1.765      0.121     14.596      0.000
    AGREE49$1         -2.201      0.174    -12.655      0.000
    AGREE49$2         -1.125      0.084    -13.457      0.000
    AGREE49$3         -0.351      0.067     -5.200      0.000
    AGREE49$4          0.767      0.074     10.430      0.000
    AGREE45$1         -1.570      0.106    -14.820      0.000
    AGREE45$2         -0.559      0.070     -8.003      0.000
    AGREE45$3          0.535      0.070      7.694      0.000
    AGREE45$4          1.646      0.111     14.788      0.000

 Variances
    NEED               1.000      0.000    999.000    999.000


R-SQUARE

    Observed                                        Two-Tailed   Residual
    Variable        Estimate       S.E.  Est./S.E.    P-Value    Variance

    AGREE37            0.286      0.064      4.444      0.000      0.714
    AGREE104           0.157      0.044      3.592      0.000      0.843
    AGREE30            0.266      0.065      4.109      0.000      0.734
    AGREE6             0.136      0.040      3.439      0.001      0.864
    AGREE49            0.062      0.032      1.960      0.050      0.938
    AGREE45            0.278      0.055      5.017      0.000      0.722


QUALITY OF NUMERICAL RESULTS

     Condition Number for the Information Matrix              0.570E-02
       (ratio of smallest to largest eigenvalue)


MODEL MODIFICATION INDICES

NOTE:  Modification indices for direct effects of observed dependent variables
regressed on covariates and residual covariances among observed dependent
variables may not be included.  To include these, request MODINDICES (ALL).

Minimum M.I. value for printing the modification index     4.000

                            M.I.     E.P.C.  Std E.P.C.  StdYX E.P.C.

No modification indices above the minimum value.



     Beginning Time:  14:15:02
        Ending Time:  14:15:02
       Elapsed Time:  00:00:00



MUTHEN & MUTHEN
3463 Stoner Ave.
Los Angeles, CA  90066

Tel: (310) 391-9971
Fax: (310) 391-8971
Web: www.StatModel.com
Support: Support@StatModel.com

Copyright (c) 1998-2008 Muthen & Muthen
