Mplus VERSION 7.1
MUTHEN & MUTHEN
04/08/2015   8:37 AM

INPUT INSTRUCTIONS

  TITLE:

  DATA:
  FILE IS  "ARI Data 2009_Agreeableness CFA Sample.txt";
  Variable:
  Names are
  respid
  agree5
  agree51
  agree21
  agree84
  agree35
  agree15
  agree93
  agree67
  agree34
  agree25
  agree44
  agree64
  agree31
  agree45
  agree26
  agree52
  agree14
  agree20
  agree6
  agree92
  agree77
  agree3
  agree17
  agree19
  agree13
  agree27
  agree105
  agree95
  agree104
  agree57
  agree85
  agree97
  agree110
  agree61
  agree94
  agree107
  agree30
  agree40
  agree32
  agree50
  agree90
  agree63
  agree60
  agree23
  agree1
  agree58
  agree101
  agree46
  agree87
  agree98
  agree37
  agree62
  agree39
  agree83
  agree53
  agree65
  agree103
  agree91
  agree4
  agree42
  agree18
  agree96
  agree106
  agree55
  agree86
  agree72
  agree22
  agree79
  agree33
  agree70
  agree109
  agree78
  agree100
  agree71
  agree89
  agree76
  agree75
  agree11
  agree56
  agree12
  agree49
  agree16
  agree108
  agree43
  agree7
  agree2
  agree88
  agree41
  agree38
  agree99
  agree69
  agree36
  agree80
  agree8
  agree66
  agree54
  agree24
  agree82
  agree74
  agree73
  agree10
  agree59
  Filter
  filter_
  ;

  USEVARIABLES ARE
  AGREE8
  AGREE2
  AGREE82
  AGREE87
  AGREE53
  AGREE72
  AGREE62
  AGREE73
  AGREE40
  AGREE4
  AGREE74
  AGREE54
  AGREE89
  AGREE18
  AGREE101
  AGREE63
  AGREE65
  AGREE1
  AGREE15
  AGREE51
  AGREE41
  AGREE76
  AGREE7
  AGREE59
  AGREE110
  AGREE85
  AGREE20
  AGREE27
  AGREE21
  AGREE38
  AGREE46
  AGREE5
  AGREE19
  AGREE11
  AGREE94
  AGREE88
  AGREE108
  AGREE3

  ;

  MISSING ARE ALL (-99);
  categorical are all;

  Model:
  appreci BY
  AGREE8
  AGREE2
  AGREE82
  AGREE87
  AGREE53
  AGREE72
  AGREE62
  AGREE73
  AGREE40
  AGREE4
  AGREE74
  AGREE54
  AGREE89
  AGREE18
  AGREE101
  AGREE63
  AGREE65
  AGREE1
  AGREE15
  AGREE51
  AGREE41
  AGREE76
  AGREE7
  AGREE59
  AGREE110
  AGREE85
  AGREE20
  AGREE27
  AGREE21
  AGREE38
  AGREE46
  AGREE5
  AGREE19
  AGREE11
  AGREE94
  AGREE88
  AGREE108
  AGREE3

  ;


  Analysis:
  ESTIMATOR IS WLSMV;

  OUTPUT: STDYX MODINDICES(4);



*** WARNING
  Data set contains cases with missing on all variables.
  These cases were not included in the analysis.
  Number of cases with missing on all variables:  2
   1 WARNING(S) FOUND IN THE INPUT INSTRUCTIONS




SUMMARY OF ANALYSIS

Number of groups                                                 1
Number of observations                                         361

Number of dependent variables                                   38
Number of independent variables                                  0
Number of continuous latent variables                            1

Observed dependent variables

  Binary and ordered categorical (ordinal)
   AGREE8      AGREE2      AGREE82     AGREE87     AGREE53     AGREE72
   AGREE62     AGREE73     AGREE40     AGREE4      AGREE74     AGREE54
   AGREE89     AGREE18     AGREE101    AGREE63     AGREE65     AGREE1
   AGREE15     AGREE51     AGREE41     AGREE76     AGREE7      AGREE59
   AGREE110    AGREE85     AGREE20     AGREE27     AGREE21     AGREE38
   AGREE46     AGREE5      AGREE19     AGREE11     AGREE94     AGREE88
   AGREE108    AGREE3

Continuous latent variables
   APPRECI


Estimator                                                    WLSMV
Maximum number of iterations                                  1000
Convergence criterion                                    0.500D-04
Maximum number of steepest descent iterations                   20
Maximum number of iterations for H1                           2000
Convergence criterion for H1                             0.100D-03
Parameterization                                             DELTA

Input data file(s)
  ARI Data 2009_Agreeableness CFA Sample.txt

Input data format  FREE


SUMMARY OF DATA

     Number of missing data patterns             1


COVARIANCE COVERAGE OF DATA

Minimum covariance coverage value   0.100


     PROPORTION OF DATA PRESENT


           Covariance Coverage
              AGREE8        AGREE2        AGREE82       AGREE87       AGREE53
              ________      ________      ________      ________      ________
 AGREE8         1.000
 AGREE2         1.000         1.000
 AGREE82        1.000         1.000         1.000
 AGREE87        1.000         1.000         1.000         1.000
 AGREE53        1.000         1.000         1.000         1.000         1.000
 AGREE72        1.000         1.000         1.000         1.000         1.000
 AGREE62        1.000         1.000         1.000         1.000         1.000
 AGREE73        1.000         1.000         1.000         1.000         1.000
 AGREE40        1.000         1.000         1.000         1.000         1.000
 AGREE4         1.000         1.000         1.000         1.000         1.000
 AGREE74        1.000         1.000         1.000         1.000         1.000
 AGREE54        1.000         1.000         1.000         1.000         1.000
 AGREE89        1.000         1.000         1.000         1.000         1.000
 AGREE18        1.000         1.000         1.000         1.000         1.000
 AGREE101       1.000         1.000         1.000         1.000         1.000
 AGREE63        1.000         1.000         1.000         1.000         1.000
 AGREE65        1.000         1.000         1.000         1.000         1.000
 AGREE1         1.000         1.000         1.000         1.000         1.000
 AGREE15        1.000         1.000         1.000         1.000         1.000
 AGREE51        1.000         1.000         1.000         1.000         1.000
 AGREE41        1.000         1.000         1.000         1.000         1.000
 AGREE76        1.000         1.000         1.000         1.000         1.000
 AGREE7         1.000         1.000         1.000         1.000         1.000
 AGREE59        1.000         1.000         1.000         1.000         1.000
 AGREE110       1.000         1.000         1.000         1.000         1.000
 AGREE85        1.000         1.000         1.000         1.000         1.000
 AGREE20        1.000         1.000         1.000         1.000         1.000
 AGREE27        1.000         1.000         1.000         1.000         1.000
 AGREE21        1.000         1.000         1.000         1.000         1.000
 AGREE38        1.000         1.000         1.000         1.000         1.000
 AGREE46        1.000         1.000         1.000         1.000         1.000
 AGREE5         1.000         1.000         1.000         1.000         1.000
 AGREE19        1.000         1.000         1.000         1.000         1.000
 AGREE11        1.000         1.000         1.000         1.000         1.000
 AGREE94        1.000         1.000         1.000         1.000         1.000
 AGREE88        1.000         1.000         1.000         1.000         1.000
 AGREE108       1.000         1.000         1.000         1.000         1.000
 AGREE3         1.000         1.000         1.000         1.000         1.000


           Covariance Coverage
              AGREE72       AGREE62       AGREE73       AGREE40       AGREE4
              ________      ________      ________      ________      ________
 AGREE72        1.000
 AGREE62        1.000         1.000
 AGREE73        1.000         1.000         1.000
 AGREE40        1.000         1.000         1.000         1.000
 AGREE4         1.000         1.000         1.000         1.000         1.000
 AGREE74        1.000         1.000         1.000         1.000         1.000
 AGREE54        1.000         1.000         1.000         1.000         1.000
 AGREE89        1.000         1.000         1.000         1.000         1.000
 AGREE18        1.000         1.000         1.000         1.000         1.000
 AGREE101       1.000         1.000         1.000         1.000         1.000
 AGREE63        1.000         1.000         1.000         1.000         1.000
 AGREE65        1.000         1.000         1.000         1.000         1.000
 AGREE1         1.000         1.000         1.000         1.000         1.000
 AGREE15        1.000         1.000         1.000         1.000         1.000
 AGREE51        1.000         1.000         1.000         1.000         1.000
 AGREE41        1.000         1.000         1.000         1.000         1.000
 AGREE76        1.000         1.000         1.000         1.000         1.000
 AGREE7         1.000         1.000         1.000         1.000         1.000
 AGREE59        1.000         1.000         1.000         1.000         1.000
 AGREE110       1.000         1.000         1.000         1.000         1.000
 AGREE85        1.000         1.000         1.000         1.000         1.000
 AGREE20        1.000         1.000         1.000         1.000         1.000
 AGREE27        1.000         1.000         1.000         1.000         1.000
 AGREE21        1.000         1.000         1.000         1.000         1.000
 AGREE38        1.000         1.000         1.000         1.000         1.000
 AGREE46        1.000         1.000         1.000         1.000         1.000
 AGREE5         1.000         1.000         1.000         1.000         1.000
 AGREE19        1.000         1.000         1.000         1.000         1.000
 AGREE11        1.000         1.000         1.000         1.000         1.000
 AGREE94        1.000         1.000         1.000         1.000         1.000
 AGREE88        1.000         1.000         1.000         1.000         1.000
 AGREE108       1.000         1.000         1.000         1.000         1.000
 AGREE3         1.000         1.000         1.000         1.000         1.000


           Covariance Coverage
              AGREE74       AGREE54       AGREE89       AGREE18       AGREE101
              ________      ________      ________      ________      ________
 AGREE74        1.000
 AGREE54        1.000         1.000
 AGREE89        1.000         1.000         1.000
 AGREE18        1.000         1.000         1.000         1.000
 AGREE101       1.000         1.000         1.000         1.000         1.000
 AGREE63        1.000         1.000         1.000         1.000         1.000
 AGREE65        1.000         1.000         1.000         1.000         1.000
 AGREE1         1.000         1.000         1.000         1.000         1.000
 AGREE15        1.000         1.000         1.000         1.000         1.000
 AGREE51        1.000         1.000         1.000         1.000         1.000
 AGREE41        1.000         1.000         1.000         1.000         1.000
 AGREE76        1.000         1.000         1.000         1.000         1.000
 AGREE7         1.000         1.000         1.000         1.000         1.000
 AGREE59        1.000         1.000         1.000         1.000         1.000
 AGREE110       1.000         1.000         1.000         1.000         1.000
 AGREE85        1.000         1.000         1.000         1.000         1.000
 AGREE20        1.000         1.000         1.000         1.000         1.000
 AGREE27        1.000         1.000         1.000         1.000         1.000
 AGREE21        1.000         1.000         1.000         1.000         1.000
 AGREE38        1.000         1.000         1.000         1.000         1.000
 AGREE46        1.000         1.000         1.000         1.000         1.000
 AGREE5         1.000         1.000         1.000         1.000         1.000
 AGREE19        1.000         1.000         1.000         1.000         1.000
 AGREE11        1.000         1.000         1.000         1.000         1.000
 AGREE94        1.000         1.000         1.000         1.000         1.000
 AGREE88        1.000         1.000         1.000         1.000         1.000
 AGREE108       1.000         1.000         1.000         1.000         1.000
 AGREE3         1.000         1.000         1.000         1.000         1.000


           Covariance Coverage
              AGREE63       AGREE65       AGREE1        AGREE15       AGREE51
              ________      ________      ________      ________      ________
 AGREE63        1.000
 AGREE65        1.000         1.000
 AGREE1         1.000         1.000         1.000
 AGREE15        1.000         1.000         1.000         1.000
 AGREE51        1.000         1.000         1.000         1.000         1.000
 AGREE41        1.000         1.000         1.000         1.000         1.000
 AGREE76        1.000         1.000         1.000         1.000         1.000
 AGREE7         1.000         1.000         1.000         1.000         1.000
 AGREE59        1.000         1.000         1.000         1.000         1.000
 AGREE110       1.000         1.000         1.000         1.000         1.000
 AGREE85        1.000         1.000         1.000         1.000         1.000
 AGREE20        1.000         1.000         1.000         1.000         1.000
 AGREE27        1.000         1.000         1.000         1.000         1.000
 AGREE21        1.000         1.000         1.000         1.000         1.000
 AGREE38        1.000         1.000         1.000         1.000         1.000
 AGREE46        1.000         1.000         1.000         1.000         1.000
 AGREE5         1.000         1.000         1.000         1.000         1.000
 AGREE19        1.000         1.000         1.000         1.000         1.000
 AGREE11        1.000         1.000         1.000         1.000         1.000
 AGREE94        1.000         1.000         1.000         1.000         1.000
 AGREE88        1.000         1.000         1.000         1.000         1.000
 AGREE108       1.000         1.000         1.000         1.000         1.000
 AGREE3         1.000         1.000         1.000         1.000         1.000


           Covariance Coverage
              AGREE41       AGREE76       AGREE7        AGREE59       AGREE110
              ________      ________      ________      ________      ________
 AGREE41        1.000
 AGREE76        1.000         1.000
 AGREE7         1.000         1.000         1.000
 AGREE59        1.000         1.000         1.000         1.000
 AGREE110       1.000         1.000         1.000         1.000         1.000
 AGREE85        1.000         1.000         1.000         1.000         1.000
 AGREE20        1.000         1.000         1.000         1.000         1.000
 AGREE27        1.000         1.000         1.000         1.000         1.000
 AGREE21        1.000         1.000         1.000         1.000         1.000
 AGREE38        1.000         1.000         1.000         1.000         1.000
 AGREE46        1.000         1.000         1.000         1.000         1.000
 AGREE5         1.000         1.000         1.000         1.000         1.000
 AGREE19        1.000         1.000         1.000         1.000         1.000
 AGREE11        1.000         1.000         1.000         1.000         1.000
 AGREE94        1.000         1.000         1.000         1.000         1.000
 AGREE88        1.000         1.000         1.000         1.000         1.000
 AGREE108       1.000         1.000         1.000         1.000         1.000
 AGREE3         1.000         1.000         1.000         1.000         1.000


           Covariance Coverage
              AGREE85       AGREE20       AGREE27       AGREE21       AGREE38
              ________      ________      ________      ________      ________
 AGREE85        1.000
 AGREE20        1.000         1.000
 AGREE27        1.000         1.000         1.000
 AGREE21        1.000         1.000         1.000         1.000
 AGREE38        1.000         1.000         1.000         1.000         1.000
 AGREE46        1.000         1.000         1.000         1.000         1.000
 AGREE5         1.000         1.000         1.000         1.000         1.000
 AGREE19        1.000         1.000         1.000         1.000         1.000
 AGREE11        1.000         1.000         1.000         1.000         1.000
 AGREE94        1.000         1.000         1.000         1.000         1.000
 AGREE88        1.000         1.000         1.000         1.000         1.000
 AGREE108       1.000         1.000         1.000         1.000         1.000
 AGREE3         1.000         1.000         1.000         1.000         1.000


           Covariance Coverage
              AGREE46       AGREE5        AGREE19       AGREE11       AGREE94
              ________      ________      ________      ________      ________
 AGREE46        1.000
 AGREE5         1.000         1.000
 AGREE19        1.000         1.000         1.000
 AGREE11        1.000         1.000         1.000         1.000
 AGREE94        1.000         1.000         1.000         1.000         1.000
 AGREE88        1.000         1.000         1.000         1.000         1.000
 AGREE108       1.000         1.000         1.000         1.000         1.000
 AGREE3         1.000         1.000         1.000         1.000         1.000


           Covariance Coverage
              AGREE88       AGREE108      AGREE3
              ________      ________      ________
 AGREE88        1.000
 AGREE108       1.000         1.000
 AGREE3         1.000         1.000         1.000


UNIVARIATE PROPORTIONS AND COUNTS FOR CATEGORICAL VARIABLES

    AGREE8
      Category 1    0.008        3.000
      Category 2    0.053       19.000
      Category 3    0.249       90.000
      Category 4    0.382      138.000
      Category 5    0.307      111.000
    AGREE2
      Category 1    0.006        2.000
      Category 2    0.050       18.000
      Category 3    0.177       64.000
      Category 4    0.515      186.000
      Category 5    0.252       91.000
    AGREE82
      Category 1    0.003        1.000
      Category 2    0.036       13.000
      Category 3    0.208       75.000
      Category 4    0.485      175.000
      Category 5    0.269       97.000
    AGREE87
      Category 1    0.019        7.000
      Category 2    0.053       19.000
      Category 3    0.260       94.000
      Category 4    0.432      156.000
      Category 5    0.235       85.000
    AGREE53
      Category 1    0.022        8.000
      Category 2    0.086       31.000
      Category 3    0.216       78.000
      Category 4    0.471      170.000
      Category 5    0.205       74.000
    AGREE72
      Category 1    0.014        5.000
      Category 2    0.033       12.000
      Category 3    0.166       60.000
      Category 4    0.460      166.000
      Category 5    0.327      118.000
    AGREE62
      Category 1    0.006        2.000
      Category 2    0.036       13.000
      Category 3    0.191       69.000
      Category 4    0.380      137.000
      Category 5    0.388      140.000
    AGREE73
      Category 1    0.006        2.000
      Category 2    0.150       54.000
      Category 3    0.454      164.000
      Category 4    0.391      141.000
    AGREE40
      Category 1    0.014        5.000
      Category 2    0.061       22.000
      Category 3    0.227       82.000
      Category 4    0.396      143.000
      Category 5    0.302      109.000
    AGREE4
      Category 1    0.006        2.000
      Category 2    0.025        9.000
      Category 3    0.177       64.000
      Category 4    0.418      151.000
      Category 5    0.374      135.000
    AGREE74
      Category 1    0.011        4.000
      Category 2    0.028       10.000
      Category 3    0.247       89.000
      Category 4    0.454      164.000
      Category 5    0.260       94.000
    AGREE54
      Category 1    0.011        4.000
      Category 2    0.030       11.000
      Category 3    0.089       32.000
      Category 4    0.199       72.000
      Category 5    0.670      242.000
    AGREE89
      Category 1    0.011        4.000
      Category 2    0.053       19.000
      Category 3    0.263       95.000
      Category 4    0.496      179.000
      Category 5    0.177       64.000
    AGREE18
      Category 1    0.014        5.000
      Category 2    0.033       12.000
      Category 3    0.175       63.000
      Category 4    0.357      129.000
      Category 5    0.421      152.000
    AGREE101
      Category 1    0.036       13.000
      Category 2    0.130       47.000
      Category 3    0.316      114.000
      Category 4    0.307      111.000
      Category 5    0.211       76.000
    AGREE63
      Category 1    0.011        4.000
      Category 2    0.022        8.000
      Category 3    0.163       59.000
      Category 4    0.327      118.000
      Category 5    0.476      172.000
    AGREE65
      Category 1    0.014        5.000
      Category 2    0.066       24.000
      Category 3    0.404      146.000
      Category 4    0.380      137.000
      Category 5    0.136       49.000
    AGREE1
      Category 1    0.033       12.000
      Category 2    0.072       26.000
      Category 3    0.360      130.000
      Category 4    0.374      135.000
      Category 5    0.161       58.000
    AGREE15
      Category 1    0.030       11.000
      Category 2    0.116       42.000
      Category 3    0.330      119.000
      Category 4    0.285      103.000
      Category 5    0.238       86.000
    AGREE51
      Category 1    0.017        6.000
      Category 2    0.036       13.000
      Category 3    0.277      100.000
      Category 4    0.388      140.000
      Category 5    0.283      102.000
    AGREE41
      Category 1    0.006        2.000
      Category 2    0.127       46.000
      Category 3    0.294      106.000
      Category 4    0.573      207.000
    AGREE76
      Category 1    0.050       18.000
      Category 2    0.108       39.000
      Category 3    0.391      141.000
      Category 4    0.327      118.000
      Category 5    0.125       45.000
    AGREE7
      Category 1    0.003        1.000
      Category 2    0.030       11.000
      Category 3    0.136       49.000
      Category 4    0.399      144.000
      Category 5    0.432      156.000
    AGREE59
      Category 1    0.011        4.000
      Category 2    0.050       18.000
      Category 3    0.263       95.000
      Category 4    0.424      153.000
      Category 5    0.252       91.000
    AGREE110
      Category 1    0.006        2.000
      Category 2    0.008        3.000
      Category 3    0.224       81.000
      Category 4    0.476      172.000
      Category 5    0.285      103.000
    AGREE85
      Category 1    0.006        2.000
      Category 2    0.017        6.000
      Category 3    0.183       66.000
      Category 4    0.440      159.000
      Category 5    0.355      128.000
    AGREE20
      Category 1    0.006        2.000
      Category 2    0.030       11.000
      Category 3    0.191       69.000
      Category 4    0.324      117.000
      Category 5    0.449      162.000
    AGREE27
      Category 1    0.017        6.000
      Category 2    0.072       26.000
      Category 3    0.191       69.000
      Category 4    0.330      119.000
      Category 5    0.391      141.000
    AGREE21
      Category 1    0.058       21.000
      Category 2    0.183       66.000
      Category 3    0.382      138.000
      Category 4    0.277      100.000
      Category 5    0.100       36.000
    AGREE38
      Category 1    0.033       12.000
      Category 2    0.080       29.000
      Category 3    0.371      134.000
      Category 4    0.391      141.000
      Category 5    0.125       45.000
    AGREE46
      Category 1    0.249       90.000
      Category 2    0.452      163.000
      Category 3    0.211       76.000
      Category 4    0.075       27.000
      Category 5    0.014        5.000
    AGREE5
      Category 1    0.014        5.000
      Category 2    0.022        8.000
      Category 3    0.172       62.000
      Category 4    0.452      163.000
      Category 5    0.341      123.000
    AGREE19
      Category 1    0.028       10.000
      Category 2    0.069       25.000
      Category 3    0.332      120.000
      Category 4    0.377      136.000
      Category 5    0.194       70.000
    AGREE11
      Category 1    0.028       10.000
      Category 2    0.122       44.000
      Category 3    0.391      141.000
      Category 4    0.332      120.000
      Category 5    0.127       46.000
    AGREE94
      Category 1    0.028       10.000
      Category 2    0.086       31.000
      Category 3    0.247       89.000
      Category 4    0.380      137.000
      Category 5    0.260       94.000
    AGREE88
      Category 1    0.499      180.000
      Category 2    0.321      116.000
      Category 3    0.116       42.000
      Category 4    0.047       17.000
      Category 5    0.017        6.000
    AGREE108
      Category 1    0.042       15.000
      Category 2    0.150       54.000
      Category 3    0.280      101.000
      Category 4    0.255       92.000
      Category 5    0.274       99.000
    AGREE3
      Category 1    0.019        7.000
      Category 2    0.089       32.000
      Category 3    0.330      119.000
      Category 4    0.424      153.000
      Category 5    0.139       50.000



THE MODEL ESTIMATION TERMINATED NORMALLY



MODEL FIT INFORMATION

Number of Free Parameters                      188

Chi-Square Test of Model Fit

          Value                           1578.031*
          Degrees of Freedom                   665
          P-Value                           0.0000

*   The chi-square value for MLM, MLMV, MLR, ULSMV, WLSM and WLSMV cannot be used
    for chi-square difference testing in the regular way.  MLM, MLR and WLSM
    chi-square difference testing is described on the Mplus website.  MLMV, WLSMV,
    and ULSMV difference testing is done using the DIFFTEST option.

RMSEA (Root Mean Square Error Of Approximation)

          Estimate                           0.062
          90 Percent C.I.                    0.058  0.066
          Probability RMSEA <= .05           0.000

CFI/TLI

          CFI                                0.931
          TLI                                0.927

Chi-Square Test of Model Fit for the Baseline Model

          Value                          13979.908
          Degrees of Freedom                   703
          P-Value                           0.0000

WRMR (Weighted Root Mean Square Residual)

          Value                              1.346



MODEL RESULTS

                                                    Two-Tailed
                    Estimate       S.E.  Est./S.E.    P-Value

 APPRECI  BY
    AGREE8             1.000      0.000    999.000    999.000
    AGREE2             0.883      0.041     21.360      0.000
    AGREE82            0.777      0.044     17.614      0.000
    AGREE87            0.943      0.042     22.721      0.000
    AGREE53            0.871      0.046     19.122      0.000
    AGREE72            1.044      0.039     26.577      0.000
    AGREE62            0.952      0.044     21.669      0.000
    AGREE73            0.974      0.038     25.634      0.000
    AGREE40            0.867      0.048     18.205      0.000
    AGREE4             0.925      0.043     21.671      0.000
    AGREE74            0.907      0.043     21.300      0.000
    AGREE54            0.717      0.060     11.962      0.000
    AGREE89            0.897      0.045     20.046      0.000
    AGREE18            0.791      0.050     15.965      0.000
    AGREE101           0.826      0.042     19.711      0.000
    AGREE63            0.971      0.041     23.473      0.000
    AGREE65            0.837      0.043     19.440      0.000
    AGREE1             0.873      0.043     20.516      0.000
    AGREE15            0.790      0.044     17.855      0.000
    AGREE51            0.882      0.043     20.367      0.000
    AGREE41            0.789      0.054     14.566      0.000
    AGREE76            0.628      0.051     12.260      0.000
    AGREE7             0.758      0.051     14.783      0.000
    AGREE59            0.714      0.052     13.675      0.000
    AGREE110           0.920      0.050     18.445      0.000
    AGREE85            0.778      0.057     13.570      0.000
    AGREE20            0.743      0.049     15.164      0.000
    AGREE27            0.711      0.054     13.050      0.000
    AGREE21            0.581      0.053     10.909      0.000
    AGREE38            0.442      0.057      7.744      0.000
    AGREE46           -0.786      0.046    -17.008      0.000
    AGREE5             0.906      0.053     17.230      0.000
    AGREE19            0.573      0.056     10.303      0.000
    AGREE11            0.474      0.057      8.333      0.000
    AGREE94            0.817      0.047     17.280      0.000
    AGREE88           -0.620      0.058    -10.719      0.000
    AGREE108           0.526      0.059      8.882      0.000
    AGREE3             0.671      0.051     13.257      0.000

 Thresholds
    AGREE8$1          -2.395      0.211    -11.361      0.000
    AGREE8$2          -1.547      0.104    -14.815      0.000
    AGREE8$3          -0.495      0.069     -7.177      0.000
    AGREE8$4           0.503      0.069      7.281      0.000
    AGREE2$1          -2.540      0.247    -10.300      0.000
    AGREE2$2          -1.595      0.108    -14.818      0.000
    AGREE2$3          -0.730      0.073    -10.032      0.000
    AGREE2$4           0.668      0.072      9.329      0.000
    AGREE82$1         -2.774      0.325     -8.538      0.000
    AGREE82$2         -1.765      0.121    -14.596      0.000
    AGREE82$3         -0.685      0.072     -9.531      0.000
    AGREE82$4          0.617      0.071      8.720      0.000
    AGREE87$1         -2.067      0.154    -13.429      0.000
    AGREE87$2         -1.461      0.099    -14.735      0.000
    AGREE87$3         -0.433      0.068     -6.347      0.000
    AGREE87$4          0.721      0.073      9.932      0.000
    AGREE53$1         -2.011      0.147    -13.707      0.000
    AGREE53$2         -1.237      0.088    -14.054      0.000
    AGREE53$3         -0.456      0.069     -6.659      0.000
    AGREE53$4          0.824      0.075     11.018      0.000
    AGREE72$1         -2.201      0.174    -12.655      0.000
    AGREE72$2         -1.674      0.113    -14.758      0.000
    AGREE72$3         -0.795      0.074    -10.725      0.000
    AGREE72$4          0.449      0.068      6.555      0.000
    AGREE62$1         -2.540      0.247    -10.300      0.000
    AGREE62$2         -1.733      0.118    -14.664      0.000
    AGREE62$3         -0.730      0.073    -10.032      0.000
    AGREE62$4          0.285      0.067      4.258      0.000
    AGREE73$1         -2.540      0.247    -10.300      0.000
    AGREE73$2         -1.015      0.080    -12.697      0.000
    AGREE73$3          0.278      0.067      4.153      0.000
    AGREE40$1         -2.201      0.174    -12.655      0.000
    AGREE40$2         -1.441      0.098    -14.702      0.000
    AGREE40$3         -0.519      0.069     -7.487      0.000
    AGREE40$4          0.519      0.069      7.487      0.000
    AGREE4$1          -2.540      0.247    -10.300      0.000
    AGREE4$2          -1.874      0.131    -14.278      0.000
    AGREE4$3          -0.814      0.075    -10.920      0.000
    AGREE4$4           0.321      0.067      4.781      0.000
    AGREE74$1         -2.288      0.189    -12.101      0.000
    AGREE74$2         -1.765      0.121    -14.596      0.000
    AGREE74$3         -0.567      0.070     -8.105      0.000
    AGREE74$4          0.642      0.071      9.025      0.000
    AGREE54$1         -2.288      0.189    -12.101      0.000
    AGREE54$2         -1.733      0.118    -14.664      0.000
    AGREE54$3         -1.125      0.084    -13.457      0.000
    AGREE54$4         -0.441      0.068     -6.451      0.000
    AGREE89$1         -2.288      0.189    -12.101      0.000
    AGREE89$2         -1.524      0.103    -14.804      0.000
    AGREE89$3         -0.449      0.068     -6.555      0.000
    AGREE89$4          0.926      0.077     11.970      0.000
    AGREE18$1         -2.201      0.174    -12.655      0.000
    AGREE18$2         -1.674      0.113    -14.758      0.000
    AGREE18$3         -0.767      0.074    -10.430      0.000
    AGREE18$4          0.199      0.066      2.998      0.003
    AGREE101$1        -1.799      0.124    -14.510      0.000
    AGREE101$2        -0.969      0.079    -12.338      0.000
    AGREE101$3        -0.045      0.066     -0.684      0.494
    AGREE101$4         0.805      0.074     10.823      0.000
    AGREE63$1         -2.288      0.189    -12.101      0.000
    AGREE63$2         -1.835      0.127    -14.406      0.000
    AGREE63$3         -0.854      0.075    -11.308      0.000
    AGREE63$4          0.059      0.066      0.895      0.371
    AGREE65$1         -2.201      0.174    -12.655      0.000
    AGREE65$2         -1.403      0.096    -14.624      0.000
    AGREE65$3         -0.038      0.066     -0.579      0.563
    AGREE65$4          1.100      0.083     13.294      0.000
    AGREE1$1          -1.835      0.127    -14.406      0.000
    AGREE1$2          -1.252      0.089    -14.121      0.000
    AGREE1$3          -0.087      0.066     -1.316      0.188
    AGREE1$4           0.992      0.079     12.519      0.000
    AGREE15$1         -1.874      0.131    -14.278      0.000
    AGREE15$2         -1.050      0.081    -12.958      0.000
    AGREE15$3         -0.059      0.066     -0.895      0.371
    AGREE15$4          0.712      0.072      9.832      0.000
    AGREE51$1         -2.129      0.163    -13.086      0.000
    AGREE51$2         -1.620      0.109    -14.807      0.000
    AGREE51$3         -0.441      0.068     -6.451      0.000
    AGREE51$4          0.575      0.070      8.208      0.000
    AGREE41$1         -2.540      0.247    -10.300      0.000
    AGREE41$2         -1.112      0.083    -13.376      0.000
    AGREE41$3         -0.185      0.066     -2.788      0.005
    AGREE76$1         -1.646      0.111    -14.788      0.000
    AGREE76$2         -1.003      0.080    -12.608      0.000
    AGREE76$3          0.122      0.066      1.842      0.066
    AGREE76$4          1.152      0.085     13.614      0.000
    AGREE7$1          -2.774      0.325     -8.538      0.000
    AGREE7$2          -1.835      0.127    -14.406      0.000
    AGREE7$3          -0.958      0.078    -12.247      0.000
    AGREE7$4           0.171      0.066      2.578      0.010
    AGREE59$1         -2.288      0.189    -12.101      0.000
    AGREE59$2         -1.547      0.104    -14.815      0.000
    AGREE59$3         -0.456      0.069     -6.659      0.000
    AGREE59$4          0.668      0.072      9.329      0.000
    AGREE110$1        -2.540      0.247    -10.300      0.000
    AGREE110$2        -2.201      0.174    -12.655      0.000
    AGREE110$3        -0.712      0.072     -9.832      0.000
    AGREE110$4         0.567      0.070      8.105      0.000
    AGREE85$1         -2.540      0.247    -10.300      0.000
    AGREE85$2         -2.011      0.147    -13.707      0.000
    AGREE85$3         -0.824      0.075    -11.018      0.000
    AGREE85$4          0.373      0.068      5.513      0.000
    AGREE20$1         -2.540      0.247    -10.300      0.000
    AGREE20$2         -1.799      0.124    -14.510      0.000
    AGREE20$3         -0.748      0.073    -10.231      0.000
    AGREE20$4          0.129      0.066      1.947      0.052
    AGREE27$1         -2.129      0.163    -13.086      0.000
    AGREE27$2         -1.349      0.093    -14.481      0.000
    AGREE27$3         -0.583      0.070     -8.311      0.000
    AGREE27$4          0.278      0.067      4.153      0.000
    AGREE21$1         -1.570      0.106    -14.820      0.000
    AGREE21$2         -0.703      0.072     -9.732      0.000
    AGREE21$3          0.314      0.067      4.677      0.000
    AGREE21$4          1.283      0.090     14.251      0.000
    AGREE38$1         -1.835      0.127    -14.406      0.000
    AGREE38$2         -1.208      0.087    -13.914      0.000
    AGREE38$3         -0.038      0.066     -0.579      0.563
    AGREE38$4          1.152      0.085     13.614      0.000
    AGREE46$1         -0.677      0.072     -9.430      0.000
    AGREE46$2          0.527      0.069      7.591      0.000
    AGREE46$3          1.349      0.093     14.481      0.000
    AGREE46$4          2.201      0.174     12.655      0.000
    AGREE5$1          -2.201      0.174    -12.655      0.000
    AGREE5$2          -1.799      0.124    -14.510      0.000
    AGREE5$3          -0.814      0.075    -10.920      0.000
    AGREE5$4           0.410      0.068      6.035      0.000
    AGREE19$1         -1.916      0.136    -14.123      0.000
    AGREE19$2         -1.299      0.091    -14.312      0.000
    AGREE19$3         -0.178      0.066     -2.683      0.007
    AGREE19$4          0.864      0.076     11.403      0.000
    AGREE11$1         -1.916      0.136    -14.123      0.000
    AGREE11$2         -1.038      0.081    -12.872      0.000
    AGREE11$3          0.101      0.066      1.526      0.127
    AGREE11$4          1.139      0.084     13.536      0.000
    AGREE94$1         -1.916      0.136    -14.123      0.000
    AGREE94$2         -1.208      0.087    -13.914      0.000
    AGREE94$3         -0.358      0.068     -5.304      0.000
    AGREE94$4          0.642      0.071      9.025      0.000
    AGREE88$1         -0.003      0.066     -0.053      0.958
    AGREE88$2          0.915      0.077     11.877      0.000
    AGREE88$3          1.524      0.103     14.804      0.000
    AGREE88$4          2.129      0.163     13.086      0.000
    AGREE108$1        -1.733      0.118    -14.664      0.000
    AGREE108$2        -0.874      0.076    -11.499      0.000
    AGREE108$3        -0.073      0.066     -1.105      0.269
    AGREE108$4         0.600      0.070      8.515      0.000
    AGREE3$1          -2.067      0.154    -13.429      0.000
    AGREE3$2          -1.237      0.088    -14.054      0.000
    AGREE3$3          -0.157      0.066     -2.368      0.018
    AGREE3$4           1.087      0.082     13.212      0.000

 Variances
    APPRECI            0.573      0.036     15.788      0.000


STANDARDIZED MODEL RESULTS


STDYX Standardization

                                                    Two-Tailed
                    Estimate       S.E.  Est./S.E.    P-Value

 APPRECI  BY
    AGREE8             0.757      0.024     31.575      0.000
    AGREE2             0.669      0.030     22.037      0.000
    AGREE82            0.588      0.033     17.728      0.000
    AGREE87            0.714      0.029     24.611      0.000
    AGREE53            0.659      0.031     21.603      0.000
    AGREE72            0.791      0.025     32.199      0.000
    AGREE62            0.720      0.030     24.019      0.000
    AGREE73            0.737      0.026     28.135      0.000
    AGREE40            0.656      0.032     20.254      0.000
    AGREE4             0.700      0.029     23.950      0.000
    AGREE74            0.687      0.029     24.025      0.000
    AGREE54            0.543      0.044     12.228      0.000
    AGREE89            0.679      0.030     22.755      0.000
    AGREE18            0.599      0.035     17.323      0.000
    AGREE101           0.625      0.031     20.266      0.000
    AGREE63            0.735      0.028     25.937      0.000
    AGREE65            0.634      0.030     21.123      0.000
    AGREE1             0.661      0.030     22.130      0.000
    AGREE15            0.598      0.034     17.650      0.000
    AGREE51            0.668      0.031     21.272      0.000
    AGREE41            0.597      0.039     15.359      0.000
    AGREE76            0.475      0.039     12.066      0.000
    AGREE7             0.574      0.036     16.071      0.000
    AGREE59            0.541      0.037     14.437      0.000
    AGREE110           0.696      0.029     24.198      0.000
    AGREE85            0.589      0.038     15.694      0.000
    AGREE20            0.562      0.034     16.570      0.000
    AGREE27            0.538      0.041     13.255      0.000
    AGREE21            0.440      0.040     11.003      0.000
    AGREE38            0.334      0.043      7.816      0.000
    AGREE46           -0.595      0.034    -17.416      0.000
    AGREE5             0.686      0.032     21.394      0.000
    AGREE19            0.434      0.042     10.280      0.000
    AGREE11            0.359      0.042      8.513      0.000
    AGREE94            0.619      0.033     18.590      0.000
    AGREE88           -0.469      0.043    -10.852      0.000
    AGREE108           0.398      0.044      8.999      0.000
    AGREE3             0.508      0.036     13.931      0.000

 Thresholds
    AGREE8$1          -2.395      0.211    -11.361      0.000
    AGREE8$2          -1.547      0.104    -14.815      0.000
    AGREE8$3          -0.495      0.069     -7.177      0.000
    AGREE8$4           0.503      0.069      7.281      0.000
    AGREE2$1          -2.540      0.247    -10.300      0.000
    AGREE2$2          -1.595      0.108    -14.818      0.000
    AGREE2$3          -0.730      0.073    -10.032      0.000
    AGREE2$4           0.668      0.072      9.329      0.000
    AGREE82$1         -2.774      0.325     -8.538      0.000
    AGREE82$2         -1.765      0.121    -14.596      0.000
    AGREE82$3         -0.685      0.072     -9.531      0.000
    AGREE82$4          0.617      0.071      8.720      0.000
    AGREE87$1         -2.067      0.154    -13.429      0.000
    AGREE87$2         -1.461      0.099    -14.735      0.000
    AGREE87$3         -0.433      0.068     -6.347      0.000
    AGREE87$4          0.721      0.073      9.932      0.000
    AGREE53$1         -2.011      0.147    -13.707      0.000
    AGREE53$2         -1.237      0.088    -14.054      0.000
    AGREE53$3         -0.456      0.069     -6.659      0.000
    AGREE53$4          0.824      0.075     11.018      0.000
    AGREE72$1         -2.201      0.174    -12.655      0.000
    AGREE72$2         -1.674      0.113    -14.758      0.000
    AGREE72$3         -0.795      0.074    -10.725      0.000
    AGREE72$4          0.449      0.068      6.555      0.000
    AGREE62$1         -2.540      0.247    -10.300      0.000
    AGREE62$2         -1.733      0.118    -14.664      0.000
    AGREE62$3         -0.730      0.073    -10.032      0.000
    AGREE62$4          0.285      0.067      4.258      0.000
    AGREE73$1         -2.540      0.247    -10.300      0.000
    AGREE73$2         -1.015      0.080    -12.697      0.000
    AGREE73$3          0.278      0.067      4.153      0.000
    AGREE40$1         -2.201      0.174    -12.655      0.000
    AGREE40$2         -1.441      0.098    -14.702      0.000
    AGREE40$3         -0.519      0.069     -7.487      0.000
    AGREE40$4          0.519      0.069      7.487      0.000
    AGREE4$1          -2.540      0.247    -10.300      0.000
    AGREE4$2          -1.874      0.131    -14.278      0.000
    AGREE4$3          -0.814      0.075    -10.920      0.000
    AGREE4$4           0.321      0.067      4.781      0.000
    AGREE74$1         -2.288      0.189    -12.101      0.000
    AGREE74$2         -1.765      0.121    -14.596      0.000
    AGREE74$3         -0.567      0.070     -8.105      0.000
    AGREE74$4          0.642      0.071      9.025      0.000
    AGREE54$1         -2.288      0.189    -12.101      0.000
    AGREE54$2         -1.733      0.118    -14.664      0.000
    AGREE54$3         -1.125      0.084    -13.457      0.000
    AGREE54$4         -0.441      0.068     -6.451      0.000
    AGREE89$1         -2.288      0.189    -12.101      0.000
    AGREE89$2         -1.524      0.103    -14.804      0.000
    AGREE89$3         -0.449      0.068     -6.555      0.000
    AGREE89$4          0.926      0.077     11.970      0.000
    AGREE18$1         -2.201      0.174    -12.655      0.000
    AGREE18$2         -1.674      0.113    -14.758      0.000
    AGREE18$3         -0.767      0.074    -10.430      0.000
    AGREE18$4          0.199      0.066      2.998      0.003
    AGREE101$1        -1.799      0.124    -14.510      0.000
    AGREE101$2        -0.969      0.079    -12.338      0.000
    AGREE101$3        -0.045      0.066     -0.684      0.494
    AGREE101$4         0.805      0.074     10.823      0.000
    AGREE63$1         -2.288      0.189    -12.101      0.000
    AGREE63$2         -1.835      0.127    -14.406      0.000
    AGREE63$3         -0.854      0.075    -11.308      0.000
    AGREE63$4          0.059      0.066      0.895      0.371
    AGREE65$1         -2.201      0.174    -12.655      0.000
    AGREE65$2         -1.403      0.096    -14.624      0.000
    AGREE65$3         -0.038      0.066     -0.579      0.563
    AGREE65$4          1.100      0.083     13.294      0.000
    AGREE1$1          -1.835      0.127    -14.406      0.000
    AGREE1$2          -1.252      0.089    -14.121      0.000
    AGREE1$3          -0.087      0.066     -1.316      0.188
    AGREE1$4           0.992      0.079     12.519      0.000
    AGREE15$1         -1.874      0.131    -14.278      0.000
    AGREE15$2         -1.050      0.081    -12.958      0.000
    AGREE15$3         -0.059      0.066     -0.895      0.371
    AGREE15$4          0.712      0.072      9.832      0.000
    AGREE51$1         -2.129      0.163    -13.086      0.000
    AGREE51$2         -1.620      0.109    -14.807      0.000
    AGREE51$3         -0.441      0.068     -6.451      0.000
    AGREE51$4          0.575      0.070      8.208      0.000
    AGREE41$1         -2.540      0.247    -10.300      0.000
    AGREE41$2         -1.112      0.083    -13.376      0.000
    AGREE41$3         -0.185      0.066     -2.788      0.005
    AGREE76$1         -1.646      0.111    -14.788      0.000
    AGREE76$2         -1.003      0.080    -12.608      0.000
    AGREE76$3          0.122      0.066      1.842      0.066
    AGREE76$4          1.152      0.085     13.614      0.000
    AGREE7$1          -2.774      0.325     -8.538      0.000
    AGREE7$2          -1.835      0.127    -14.406      0.000
    AGREE7$3          -0.958      0.078    -12.247      0.000
    AGREE7$4           0.171      0.066      2.578      0.010
    AGREE59$1         -2.288      0.189    -12.101      0.000
    AGREE59$2         -1.547      0.104    -14.815      0.000
    AGREE59$3         -0.456      0.069     -6.659      0.000
    AGREE59$4          0.668      0.072      9.329      0.000
    AGREE110$1        -2.540      0.247    -10.300      0.000
    AGREE110$2        -2.201      0.174    -12.655      0.000
    AGREE110$3        -0.712      0.072     -9.832      0.000
    AGREE110$4         0.567      0.070      8.105      0.000
    AGREE85$1         -2.540      0.247    -10.300      0.000
    AGREE85$2         -2.011      0.147    -13.707      0.000
    AGREE85$3         -0.824      0.075    -11.018      0.000
    AGREE85$4          0.373      0.068      5.513      0.000
    AGREE20$1         -2.540      0.247    -10.300      0.000
    AGREE20$2         -1.799      0.124    -14.510      0.000
    AGREE20$3         -0.748      0.073    -10.231      0.000
    AGREE20$4          0.129      0.066      1.947      0.052
    AGREE27$1         -2.129      0.163    -13.086      0.000
    AGREE27$2         -1.349      0.093    -14.481      0.000
    AGREE27$3         -0.583      0.070     -8.311      0.000
    AGREE27$4          0.278      0.067      4.153      0.000
    AGREE21$1         -1.570      0.106    -14.820      0.000
    AGREE21$2         -0.703      0.072     -9.732      0.000
    AGREE21$3          0.314      0.067      4.677      0.000
    AGREE21$4          1.283      0.090     14.251      0.000
    AGREE38$1         -1.835      0.127    -14.406      0.000
    AGREE38$2         -1.208      0.087    -13.914      0.000
    AGREE38$3         -0.038      0.066     -0.579      0.563
    AGREE38$4          1.152      0.085     13.614      0.000
    AGREE46$1         -0.677      0.072     -9.430      0.000
    AGREE46$2          0.527      0.069      7.591      0.000
    AGREE46$3          1.349      0.093     14.481      0.000
    AGREE46$4          2.201      0.174     12.655      0.000
    AGREE5$1          -2.201      0.174    -12.655      0.000
    AGREE5$2          -1.799      0.124    -14.510      0.000
    AGREE5$3          -0.814      0.075    -10.920      0.000
    AGREE5$4           0.410      0.068      6.035      0.000
    AGREE19$1         -1.916      0.136    -14.123      0.000
    AGREE19$2         -1.299      0.091    -14.312      0.000
    AGREE19$3         -0.178      0.066     -2.683      0.007
    AGREE19$4          0.864      0.076     11.403      0.000
    AGREE11$1         -1.916      0.136    -14.123      0.000
    AGREE11$2         -1.038      0.081    -12.872      0.000
    AGREE11$3          0.101      0.066      1.526      0.127
    AGREE11$4          1.139      0.084     13.536      0.000
    AGREE94$1         -1.916      0.136    -14.123      0.000
    AGREE94$2         -1.208      0.087    -13.914      0.000
    AGREE94$3         -0.358      0.068     -5.304      0.000
    AGREE94$4          0.642      0.071      9.025      0.000
    AGREE88$1         -0.003      0.066     -0.053      0.958
    AGREE88$2          0.915      0.077     11.877      0.000
    AGREE88$3          1.524      0.103     14.804      0.000
    AGREE88$4          2.129      0.163     13.086      0.000
    AGREE108$1        -1.733      0.118    -14.664      0.000
    AGREE108$2        -0.874      0.076    -11.499      0.000
    AGREE108$3        -0.073      0.066     -1.105      0.269
    AGREE108$4         0.600      0.070      8.515      0.000
    AGREE3$1          -2.067      0.154    -13.429      0.000
    AGREE3$2          -1.237      0.088    -14.054      0.000
    AGREE3$3          -0.157      0.066     -2.368      0.018
    AGREE3$4           1.087      0.082     13.212      0.000

 Variances
    APPRECI            1.000      0.000    999.000    999.000


R-SQUARE

    Observed                                        Two-Tailed   Residual
    Variable        Estimate       S.E.  Est./S.E.    P-Value    Variance

    AGREE8             0.573      0.036     15.788      0.000      0.427
    AGREE2             0.447      0.041     11.019      0.000      0.553
    AGREE82            0.346      0.039      8.864      0.000      0.654
    AGREE87            0.510      0.041     12.305      0.000      0.490
    AGREE53            0.434      0.040     10.802      0.000      0.566
    AGREE72            0.625      0.039     16.100      0.000      0.375
    AGREE62            0.519      0.043     12.010      0.000      0.481
    AGREE73            0.543      0.039     14.067      0.000      0.457
    AGREE40            0.431      0.043     10.127      0.000      0.569
    AGREE4             0.490      0.041     11.975      0.000      0.510
    AGREE74            0.471      0.039     12.012      0.000      0.529
    AGREE54            0.295      0.048      6.114      0.000      0.705
    AGREE89            0.462      0.041     11.377      0.000      0.538
    AGREE18            0.358      0.041      8.662      0.000      0.642
    AGREE101           0.391      0.039     10.133      0.000      0.609
    AGREE63            0.540      0.042     12.969      0.000      0.460
    AGREE65            0.402      0.038     10.561      0.000      0.598
    AGREE1             0.437      0.040     11.065      0.000      0.563
    AGREE15            0.358      0.041      8.825      0.000      0.642
    AGREE51            0.446      0.042     10.636      0.000      0.554
    AGREE41            0.357      0.046      7.680      0.000      0.643
    AGREE76            0.226      0.037      6.033      0.000      0.774
    AGREE7             0.330      0.041      8.036      0.000      0.670
    AGREE59            0.292      0.040      7.218      0.000      0.708
    AGREE110           0.485      0.040     12.099      0.000      0.515
    AGREE85            0.347      0.044      7.847      0.000      0.653
    AGREE20            0.316      0.038      8.285      0.000      0.684
    AGREE27            0.290      0.044      6.628      0.000      0.710
    AGREE21            0.194      0.035      5.501      0.000      0.806
    AGREE38            0.112      0.029      3.908      0.000      0.888
    AGREE46            0.355      0.041      8.708      0.000      0.645
    AGREE5             0.471      0.044     10.697      0.000      0.529
    AGREE19            0.188      0.037      5.140      0.000      0.812
    AGREE11            0.129      0.030      4.257      0.000      0.871
    AGREE94            0.383      0.041      9.295      0.000      0.617
    AGREE88            0.220      0.041      5.426      0.000      0.780
    AGREE108           0.159      0.035      4.499      0.000      0.841
    AGREE3             0.258      0.037      6.966      0.000      0.742


QUALITY OF NUMERICAL RESULTS

     Condition Number for the Information Matrix              0.113E-03
       (ratio of smallest to largest eigenvalue)


MODEL MODIFICATION INDICES

NOTE:  Modification indices for direct effects of observed dependent variables
regressed on covariates and residual covariances among observed dependent
variables may not be included.  To include these, request MODINDICES (ALL).

Minimum M.I. value for printing the modification index     4.000

                                   M.I.     E.P.C.  Std E.P.C.  StdYX E.P.C.

No modification indices above the minimum value.



DIAGRAM INFORMATION

  Use View Diagram under the Diagram menu in the Mplus Editor to view the diagram.
  If running Mplus from the Mplus Diagrammer, the diagram opens automatically.

  Diagram output
    f:\ipip paper\sample_usa\cfa\agreeableness\cfa agreeableness - appreciation of others.dgm

     Beginning Time:  08:37:31
        Ending Time:  08:37:45
       Elapsed Time:  00:00:14



MUTHEN & MUTHEN
3463 Stoner Ave.
Los Angeles, CA  90066

Tel: (310) 391-9971
Fax: (310) 391-8971
Web: www.StatModel.com
Support: Support@StatModel.com

Copyright (c) 1998-2013 Muthen & Muthen
