Mplus VERSION 5.2
MUTHEN & MUTHEN
01/20/2012   2:20 PM

INPUT INSTRUCTIONS

  TITLE:

  DATA:
  FILE IS  "ARI Data 2009_Agreeableness CFA Sample.txt";
  Variable:
  Names are
  respid
  agree5
  agree51
  agree21
  agree84
  agree35
  agree15
  agree93
  agree67
  agree34
  agree25
  agree44
  agree64
  agree31
  agree45
  agree26
  agree52
  agree14
  agree20
  agree6
  agree92
  agree77
  agree3
  agree17
  agree19
  agree13
  agree27
  agree105
  agree95
  agree104
  agree57
  agree85
  agree97
  agree110
  agree61
  agree94
  agree107
  agree30
  agree40
  agree32
  agree50
  agree90
  agree63
  agree60
  agree23
  agree1
  agree58
  agree101
  agree46
  agree87
  agree98
  agree37
  agree62
  agree39
  agree83
  agree53
  agree65
  agree103
  agree91
  agree4
  agree42
  agree18
  agree96
  agree106
  agree55
  agree86
  agree72
  agree22
  agree79
  agree33
  agree70
  agree109
  agree78
  agree100
  agree71
  agree89
  agree76
  agree75
  agree11
  agree56
  agree12
  agree49
  agree16
  agree108
  agree43
  agree7
  agree2
  agree88
  agree41
  agree38
  agree99
  agree69
  agree36
  agree80
  agree8
  agree66
  agree54
  agree24
  agree82
  agree74
  agree73
  agree10
  agree59
  Filter
  filter_
  ;

  USEVARIABLES ARE
  agree97
  agree96
  agree25
  agree13
  agree39
  ;

  MISSING ARE ALL (-99);
  categorical are all;

  Model:
  trust BY
  agree97
  agree96
  agree25
  agree13
  agree39
  ;


  Analysis:
  ESTIMATOR IS WLSMV;

  OUTPUT: STDYX MODINDICES(4);



*** WARNING
  Data set contains cases with missing on all variables.
  These cases were not included in the analysis.
  Number of cases with missing on all variables:  2
   1 WARNING(S) FOUND IN THE INPUT INSTRUCTIONS




SUMMARY OF ANALYSIS

Number of groups                                                 1
Number of observations                                         361

Number of dependent variables                                    5
Number of independent variables                                  0
Number of continuous latent variables                            1

Observed dependent variables

  Binary and ordered categorical (ordinal)
   AGREE97     AGREE96     AGREE25     AGREE13     AGREE39

Continuous latent variables
   TRUST


Estimator                                                    WLSMV
Maximum number of iterations                                  1000
Convergence criterion                                    0.500D-04
Maximum number of steepest descent iterations                   20
Maximum number of iterations for H1                           2000
Convergence criterion for H1                             0.100D-03
Parameterization                                             DELTA

Input data file(s)
  ARI Data 2009_Agreeableness CFA Sample.txt

Input data format  FREE


SUMMARY OF DATA

     Number of missing data patterns             1


COVARIANCE COVERAGE OF DATA

Minimum covariance coverage value   0.100


     PROPORTION OF DATA PRESENT


           Covariance Coverage
              AGREE97       AGREE96       AGREE25       AGREE13       AGREE39
              ________      ________      ________      ________      ________
 AGREE97        1.000
 AGREE96        1.000         1.000
 AGREE25        1.000         1.000         1.000
 AGREE13        1.000         1.000         1.000         1.000
 AGREE39        1.000         1.000         1.000         1.000         1.000


SUMMARY OF CATEGORICAL DATA PROPORTIONS

    AGREE97
      Category 1    0.047
      Category 2    0.152
      Category 3    0.385
      Category 4    0.319
      Category 5    0.097
    AGREE96
      Category 1    0.053
      Category 2    0.158
      Category 3    0.321
      Category 4    0.324
      Category 5    0.144
    AGREE25
      Category 1    0.025
      Category 2    0.114
      Category 3    0.335
      Category 4    0.366
      Category 5    0.161
    AGREE13
      Category 1    0.017
      Category 2    0.061
      Category 3    0.319
      Category 4    0.368
      Category 5    0.235
    AGREE39
      Category 1    0.194
      Category 2    0.482
      Category 3    0.194
      Category 4    0.089
      Category 5    0.042



THE MODEL ESTIMATION TERMINATED NORMALLY



TESTS OF MODEL FIT

Chi-Square Test of Model Fit

          Value                             29.399*
          Degrees of Freedom                     4**
          P-Value                           0.0000

*   The chi-square value for MLM, MLMV, MLR, ULSMV, WLSM and WLSMV cannot be used
    for chi-square difference tests.  MLM, MLR and WLSM chi-square difference
    testing is described in the Mplus Technical Appendices at www.statmodel.com.
    See chi-square difference testing in the index of the Mplus User's Guide.

**  The degrees of freedom for MLMV, ULSMV and WLSMV are estimated according to
    a formula given in the Mplus Technical Appendices at www.statmodel.com.
    See degrees of freedom in the index of the Mplus User's Guide.

Chi-Square Test of Model Fit for the Baseline Model

          Value                            724.329
          Degrees of Freedom                     6
          P-Value                           0.0000

CFI/TLI

          CFI                                0.965
          TLI                                0.947

Number of Free Parameters                       25

RMSEA (Root Mean Square Error Of Approximation)

          Estimate                           0.133

WRMR (Weighted Root Mean Square Residual)

          Value                              0.798



MODEL RESULTS

                                                    Two-Tailed
                    Estimate       S.E.  Est./S.E.    P-Value

 TRUST    BY
    AGREE97            1.000      0.000    999.000    999.000
    AGREE96            1.046      0.089     11.751      0.000
    AGREE25            0.761      0.050     15.157      0.000
    AGREE13            0.385      0.065      5.899      0.000
    AGREE39           -0.114      0.066     -1.718      0.086

 Thresholds
    AGREE97$1         -1.674      0.113    -14.758      0.000
    AGREE97$2         -0.844      0.075    -11.211      0.000
    AGREE97$3          0.213      0.067      3.208      0.001
    AGREE97$4          1.299      0.091     14.312      0.000
    AGREE96$1         -1.620      0.109    -14.807      0.000
    AGREE96$2         -0.805      0.074    -10.823      0.000
    AGREE96$3          0.080      0.066      1.210      0.226
    AGREE96$4          1.062      0.081     13.043      0.000
    AGREE25$1         -1.961      0.141    -13.935      0.000
    AGREE25$2         -1.087      0.082    -13.212      0.000
    AGREE25$3         -0.066      0.066     -1.000      0.317
    AGREE25$4          0.992      0.079     12.519      0.000
    AGREE13$1         -2.129      0.163    -13.086      0.000
    AGREE13$2         -1.422      0.097    -14.665      0.000
    AGREE13$3         -0.263      0.067     -3.943      0.000
    AGREE13$4          0.721      0.073      9.932      0.000
    AGREE39$1         -0.864      0.076    -11.403      0.000
    AGREE39$2          0.456      0.069      6.659      0.000
    AGREE39$3          1.125      0.084     13.457      0.000
    AGREE39$4          1.733      0.118     14.664      0.000

 Variances
    TRUST              0.654      0.058     11.264      0.000


STANDARDIZED MODEL RESULTS


STDYX Standardization

                                                    Two-Tailed
                    Estimate       S.E.  Est./S.E.    P-Value

 TRUST    BY
    AGREE97            0.809      0.036     22.528      0.000
    AGREE96            0.846      0.041     20.813      0.000
    AGREE25            0.616      0.037     16.792      0.000
    AGREE13            0.311      0.052      5.951      0.000
    AGREE39           -0.092      0.053     -1.723      0.085

 Thresholds
    AGREE97$1         -1.674      0.113    -14.758      0.000
    AGREE97$2         -0.844      0.075    -11.211      0.000
    AGREE97$3          0.213      0.067      3.208      0.001
    AGREE97$4          1.299      0.091     14.312      0.000
    AGREE96$1         -1.620      0.109    -14.807      0.000
    AGREE96$2         -0.805      0.074    -10.823      0.000
    AGREE96$3          0.080      0.066      1.210      0.226
    AGREE96$4          1.062      0.081     13.043      0.000
    AGREE25$1         -1.961      0.141    -13.935      0.000
    AGREE25$2         -1.087      0.082    -13.212      0.000
    AGREE25$3         -0.066      0.066     -1.000      0.317
    AGREE25$4          0.992      0.079     12.519      0.000
    AGREE13$1         -2.129      0.163    -13.086      0.000
    AGREE13$2         -1.422      0.097    -14.665      0.000
    AGREE13$3         -0.263      0.067     -3.943      0.000
    AGREE13$4          0.721      0.073      9.932      0.000
    AGREE39$1         -0.864      0.076    -11.403      0.000
    AGREE39$2          0.456      0.069      6.659      0.000
    AGREE39$3          1.125      0.084     13.457      0.000
    AGREE39$4          1.733      0.118     14.664      0.000

 Variances
    TRUST              1.000      0.000    999.000    999.000


R-SQUARE

    Observed                                        Two-Tailed   Residual
    Variable        Estimate       S.E.  Est./S.E.    P-Value    Variance

    AGREE97            0.654      0.058     11.264      0.000      0.346
    AGREE96            0.716      0.069     10.406      0.000      0.284
    AGREE25            0.379      0.045      8.396      0.000      0.621
    AGREE13            0.097      0.033      2.976      0.003      0.903
    AGREE39            0.008      0.010      0.862      0.389      0.992


QUALITY OF NUMERICAL RESULTS

     Condition Number for the Information Matrix              0.114E-01
       (ratio of smallest to largest eigenvalue)


MODEL MODIFICATION INDICES

NOTE:  Modification indices for direct effects of observed dependent variables
regressed on covariates and residual covariances among observed dependent
variables may not be included.  To include these, request MODINDICES (ALL).

Minimum M.I. value for printing the modification index     4.000

                            M.I.     E.P.C.  Std E.P.C.  StdYX E.P.C.

No modification indices above the minimum value.



     Beginning Time:  14:20:43
        Ending Time:  14:20:43
       Elapsed Time:  00:00:00



MUTHEN & MUTHEN
3463 Stoner Ave.
Los Angeles, CA  90066

Tel: (310) 391-9971
Fax: (310) 391-8971
Web: www.StatModel.com
Support: Support@StatModel.com

Copyright (c) 1998-2008 Muthen & Muthen
