Mplus VERSION 5.2
MUTHEN & MUTHEN
01/20/2012   2:10 PM

INPUT INSTRUCTIONS

  TITLE:

  DATA:
  FILE IS  "ARI Data 2009_Agreeableness CFA Sample.txt";
  Variable:
  Names are
  respid
  agree5
  agree51
  agree21
  agree84
  agree35
  agree15
  agree93
  agree67
  agree34
  agree25
  agree44
  agree64
  agree31
  agree45
  agree26
  agree52
  agree14
  agree20
  agree6
  agree92
  agree77
  agree3
  agree17
  agree19
  agree13
  agree27
  agree105
  agree95
  agree104
  agree57
  agree85
  agree97
  agree110
  agree61
  agree94
  agree107
  agree30
  agree40
  agree32
  agree50
  agree90
  agree63
  agree60
  agree23
  agree1
  agree58
  agree101
  agree46
  agree87
  agree98
  agree37
  agree62
  agree39
  agree83
  agree53
  agree65
  agree103
  agree91
  agree4
  agree42
  agree18
  agree96
  agree106
  agree55
  agree86
  agree72
  agree22
  agree79
  agree33
  agree70
  agree109
  agree78
  agree100
  agree71
  agree89
  agree76
  agree75
  agree11
  agree56
  agree12
  agree49
  agree16
  agree108
  agree43
  agree7
  agree2
  agree88
  agree41
  agree38
  agree99
  agree69
  agree36
  agree80
  agree8
  agree66
  agree54
  agree24
  agree82
  agree74
  agree73
  agree10
  agree59
  Filter
  filter_
  ;

  USEVARIABLES ARE
  agree44
  agree84
  agree52
  agree36
  agree17
  agree90
  agree67
  agree35
  agree107
  agree95
  agree98
  agree14

  ;

  MISSING ARE ALL (-99);
  categorical are all;

  Model:
  mean BY
  agree44
  agree84
  agree52
  agree36
  agree17
  agree90
  agree67
  agree35
  agree107
  agree95
  agree98
  agree14
  ;


  Analysis:
  ESTIMATOR IS WLSMV;

  OUTPUT: STDYX MODINDICES(4);



*** WARNING
  Data set contains cases with missing on all variables.
  These cases were not included in the analysis.
  Number of cases with missing on all variables:  2
   1 WARNING(S) FOUND IN THE INPUT INSTRUCTIONS




SUMMARY OF ANALYSIS

Number of groups                                                 1
Number of observations                                         361

Number of dependent variables                                   12
Number of independent variables                                  0
Number of continuous latent variables                            1

Observed dependent variables

  Binary and ordered categorical (ordinal)
   AGREE44     AGREE84     AGREE52     AGREE36     AGREE17     AGREE90
   AGREE67     AGREE35     AGREE107    AGREE95     AGREE98     AGREE14

Continuous latent variables
   MEAN


Estimator                                                    WLSMV
Maximum number of iterations                                  1000
Convergence criterion                                    0.500D-04
Maximum number of steepest descent iterations                   20
Maximum number of iterations for H1                           2000
Convergence criterion for H1                             0.100D-03
Parameterization                                             DELTA

Input data file(s)
  ARI Data 2009_Agreeableness CFA Sample.txt

Input data format  FREE


SUMMARY OF DATA

     Number of missing data patterns             1


COVARIANCE COVERAGE OF DATA

Minimum covariance coverage value   0.100


     PROPORTION OF DATA PRESENT


           Covariance Coverage
              AGREE44       AGREE84       AGREE52       AGREE36       AGREE17
              ________      ________      ________      ________      ________
 AGREE44        1.000
 AGREE84        1.000         1.000
 AGREE52        1.000         1.000         1.000
 AGREE36        1.000         1.000         1.000         1.000
 AGREE17        1.000         1.000         1.000         1.000         1.000
 AGREE90        1.000         1.000         1.000         1.000         1.000
 AGREE67        1.000         1.000         1.000         1.000         1.000
 AGREE35        1.000         1.000         1.000         1.000         1.000
 AGREE107       1.000         1.000         1.000         1.000         1.000
 AGREE95        1.000         1.000         1.000         1.000         1.000
 AGREE98        1.000         1.000         1.000         1.000         1.000
 AGREE14        1.000         1.000         1.000         1.000         1.000


           Covariance Coverage
              AGREE90       AGREE67       AGREE35       AGREE107      AGREE95
              ________      ________      ________      ________      ________
 AGREE90        1.000
 AGREE67        1.000         1.000
 AGREE35        1.000         1.000         1.000
 AGREE107       1.000         1.000         1.000         1.000
 AGREE95        1.000         1.000         1.000         1.000         1.000
 AGREE98        1.000         1.000         1.000         1.000         1.000
 AGREE14        1.000         1.000         1.000         1.000         1.000


           Covariance Coverage
              AGREE98       AGREE14
              ________      ________
 AGREE98        1.000
 AGREE14        1.000         1.000


SUMMARY OF CATEGORICAL DATA PROPORTIONS

    AGREE44
      Category 1    0.191
      Category 2    0.346
      Category 3    0.335
      Category 4    0.075
      Category 5    0.053
    AGREE84
      Category 1    0.266
      Category 2    0.421
      Category 3    0.260
      Category 4    0.044
      Category 5    0.008
    AGREE52
      Category 1    0.371
      Category 2    0.368
      Category 3    0.183
      Category 4    0.061
      Category 5    0.017
    AGREE36
      Category 1    0.338
      Category 2    0.416
      Category 3    0.158
      Category 4    0.055
      Category 5    0.033
    AGREE17
      Category 1    0.202
      Category 2    0.355
      Category 3    0.288
      Category 4    0.114
      Category 5    0.042
    AGREE90
      Category 1    0.388
      Category 2    0.446
      Category 3    0.116
      Category 4    0.033
      Category 5    0.017
    AGREE67
      Category 1    0.368
      Category 2    0.416
      Category 3    0.163
      Category 4    0.044
      Category 5    0.008
    AGREE35
      Category 1    0.108
      Category 2    0.280
      Category 3    0.368
      Category 4    0.180
      Category 5    0.064
    AGREE107
      Category 1    0.078
      Category 2    0.341
      Category 3    0.346
      Category 4    0.152
      Category 5    0.083
    AGREE95
      Category 1    0.404
      Category 2    0.380
      Category 3    0.163
      Category 4    0.033
      Category 5    0.019
    AGREE98
      Category 1    0.299
      Category 2    0.463
      Category 3    0.177
      Category 4    0.036
      Category 5    0.025
    AGREE14
      Category 1    0.050
      Category 2    0.224
      Category 3    0.440
      Category 4    0.216
      Category 5    0.069



THE MODEL ESTIMATION TERMINATED NORMALLY



TESTS OF MODEL FIT

Chi-Square Test of Model Fit

          Value                            166.354*
          Degrees of Freedom                    29**
          P-Value                           0.0000

*   The chi-square value for MLM, MLMV, MLR, ULSMV, WLSM and WLSMV cannot be used
    for chi-square difference tests.  MLM, MLR and WLSM chi-square difference
    testing is described in the Mplus Technical Appendices at www.statmodel.com.
    See chi-square difference testing in the index of the Mplus User's Guide.

**  The degrees of freedom for MLMV, ULSMV and WLSMV are estimated according to
    a formula given in the Mplus Technical Appendices at www.statmodel.com.
    See degrees of freedom in the index of the Mplus User's Guide.

Chi-Square Test of Model Fit for the Baseline Model

          Value                           1313.337
          Degrees of Freedom                    23
          P-Value                           0.0000

CFI/TLI

          CFI                                0.894
          TLI                                0.916

Number of Free Parameters                       60

RMSEA (Root Mean Square Error Of Approximation)

          Estimate                           0.115

WRMR (Weighted Root Mean Square Residual)

          Value                              1.303



MODEL RESULTS

                                                    Two-Tailed
                    Estimate       S.E.  Est./S.E.    P-Value

 MEAN     BY
    AGREE44            1.000      0.000    999.000    999.000
    AGREE84            1.042      0.074     13.994      0.000
    AGREE52            1.346      0.075     17.839      0.000
    AGREE36            1.077      0.078     13.844      0.000
    AGREE17            0.768      0.073     10.512      0.000
    AGREE90            0.986      0.082     12.041      0.000
    AGREE67            1.156      0.083     13.984      0.000
    AGREE35            0.601      0.076      7.880      0.000
    AGREE107           0.691      0.081      8.565      0.000
    AGREE95            1.126      0.083     13.636      0.000
    AGREE98            0.844      0.080     10.564      0.000
    AGREE14            0.368      0.081      4.542      0.000

 Thresholds
    AGREE44$1         -0.874      0.076    -11.499      0.000
    AGREE44$2          0.094      0.066      1.421      0.155
    AGREE44$3          1.139      0.084     13.536      0.000
    AGREE44$4          1.620      0.109     14.807      0.000
    AGREE84$1         -0.625      0.071     -8.822      0.000
    AGREE84$2          0.487      0.069      7.074      0.000
    AGREE84$3          1.620      0.109     14.807      0.000
    AGREE84$4          2.395      0.211     11.361      0.000
    AGREE52$1         -0.329      0.067     -4.886      0.000
    AGREE52$2          0.642      0.071      9.025      0.000
    AGREE52$3          1.422      0.097     14.665      0.000
    AGREE52$4          2.129      0.163     13.086      0.000
    AGREE36$1         -0.418      0.068     -6.139      0.000
    AGREE36$2          0.685      0.072      9.531      0.000
    AGREE36$3          1.349      0.093     14.481      0.000
    AGREE36$4          1.835      0.127     14.406      0.000
    AGREE17$1         -0.834      0.075    -11.115      0.000
    AGREE17$2          0.143      0.066      2.157      0.031
    AGREE17$3          1.015      0.080     12.697      0.000
    AGREE17$4          1.733      0.118     14.664      0.000
    AGREE90$1         -0.285      0.067     -4.258      0.000
    AGREE90$2          0.969      0.079     12.338      0.000
    AGREE90$3          1.646      0.111     14.788      0.000
    AGREE90$4          2.129      0.163     13.086      0.000
    AGREE67$1         -0.336      0.067     -4.991      0.000
    AGREE67$2          0.786      0.074     10.627      0.000
    AGREE67$3          1.620      0.109     14.807      0.000
    AGREE67$4          2.395      0.211     11.361      0.000
    AGREE35$1         -1.237      0.088    -14.054      0.000
    AGREE35$2         -0.285      0.067     -4.258      0.000
    AGREE35$3          0.694      0.072      9.632      0.000
    AGREE35$4          1.524      0.103     14.804      0.000
    AGREE107$1        -1.422      0.097    -14.665      0.000
    AGREE107$2        -0.206      0.066     -3.103      0.002
    AGREE107$3         0.721      0.073      9.932      0.000
    AGREE107$4         1.385      0.095     14.580      0.000
    AGREE95$1         -0.242      0.067     -3.628      0.000
    AGREE95$2          0.786      0.074     10.627      0.000
    AGREE95$3          1.620      0.109     14.807      0.000
    AGREE95$4          2.067      0.154     13.429      0.000
    AGREE98$1         -0.527      0.069     -7.591      0.000
    AGREE98$2          0.712      0.072      9.832      0.000
    AGREE98$3          1.547      0.104     14.815      0.000
    AGREE98$4          1.961      0.141     13.935      0.000
    AGREE14$1         -1.646      0.111    -14.788      0.000
    AGREE14$2         -0.600      0.070     -8.515      0.000
    AGREE14$3          0.567      0.070      8.105      0.000
    AGREE14$4          1.481      0.100     14.763      0.000

 Variances
    MEAN               0.362      0.041      8.780      0.000


STANDARDIZED MODEL RESULTS


STDYX Standardization

                                                    Two-Tailed
                    Estimate       S.E.  Est./S.E.    P-Value

 MEAN     BY
    AGREE44            0.602      0.034     17.560      0.000
    AGREE84            0.627      0.035     18.030      0.000
    AGREE52            0.810      0.026     31.294      0.000
    AGREE36            0.648      0.035     18.379      0.000
    AGREE17            0.462      0.040     11.657      0.000
    AGREE90            0.594      0.039     15.360      0.000
    AGREE67            0.696      0.032     21.979      0.000
    AGREE35            0.362      0.043      8.404      0.000
    AGREE107           0.416      0.045      9.256      0.000
    AGREE95            0.678      0.035     19.145      0.000
    AGREE98            0.508      0.041     12.354      0.000
    AGREE14            0.222      0.048      4.606      0.000

 Thresholds
    AGREE44$1         -0.874      0.076    -11.499      0.000
    AGREE44$2          0.094      0.066      1.421      0.155
    AGREE44$3          1.139      0.084     13.536      0.000
    AGREE44$4          1.620      0.109     14.807      0.000
    AGREE84$1         -0.625      0.071     -8.822      0.000
    AGREE84$2          0.487      0.069      7.074      0.000
    AGREE84$3          1.620      0.109     14.807      0.000
    AGREE84$4          2.395      0.211     11.361      0.000
    AGREE52$1         -0.329      0.067     -4.886      0.000
    AGREE52$2          0.642      0.071      9.025      0.000
    AGREE52$3          1.422      0.097     14.665      0.000
    AGREE52$4          2.129      0.163     13.086      0.000
    AGREE36$1         -0.418      0.068     -6.139      0.000
    AGREE36$2          0.685      0.072      9.531      0.000
    AGREE36$3          1.349      0.093     14.481      0.000
    AGREE36$4          1.835      0.127     14.406      0.000
    AGREE17$1         -0.834      0.075    -11.115      0.000
    AGREE17$2          0.143      0.066      2.157      0.031
    AGREE17$3          1.015      0.080     12.697      0.000
    AGREE17$4          1.733      0.118     14.664      0.000
    AGREE90$1         -0.285      0.067     -4.258      0.000
    AGREE90$2          0.969      0.079     12.338      0.000
    AGREE90$3          1.646      0.111     14.788      0.000
    AGREE90$4          2.129      0.163     13.086      0.000
    AGREE67$1         -0.336      0.067     -4.991      0.000
    AGREE67$2          0.786      0.074     10.627      0.000
    AGREE67$3          1.620      0.109     14.807      0.000
    AGREE67$4          2.395      0.211     11.361      0.000
    AGREE35$1         -1.237      0.088    -14.054      0.000
    AGREE35$2         -0.285      0.067     -4.258      0.000
    AGREE35$3          0.694      0.072      9.632      0.000
    AGREE35$4          1.524      0.103     14.804      0.000
    AGREE107$1        -1.422      0.097    -14.665      0.000
    AGREE107$2        -0.206      0.066     -3.103      0.002
    AGREE107$3         0.721      0.073      9.932      0.000
    AGREE107$4         1.385      0.095     14.580      0.000
    AGREE95$1         -0.242      0.067     -3.628      0.000
    AGREE95$2          0.786      0.074     10.627      0.000
    AGREE95$3          1.620      0.109     14.807      0.000
    AGREE95$4          2.067      0.154     13.429      0.000
    AGREE98$1         -0.527      0.069     -7.591      0.000
    AGREE98$2          0.712      0.072      9.832      0.000
    AGREE98$3          1.547      0.104     14.815      0.000
    AGREE98$4          1.961      0.141     13.935      0.000
    AGREE14$1         -1.646      0.111    -14.788      0.000
    AGREE14$2         -0.600      0.070     -8.515      0.000
    AGREE14$3          0.567      0.070      8.105      0.000
    AGREE14$4          1.481      0.100     14.763      0.000

 Variances
    MEAN               1.000      0.000    999.000    999.000


R-SQUARE

    Observed                                        Two-Tailed   Residual
    Variable        Estimate       S.E.  Est./S.E.    P-Value    Variance

    AGREE44            0.362      0.041      8.780      0.000      0.638
    AGREE84            0.394      0.044      9.015      0.000      0.606
    AGREE52            0.657      0.042     15.647      0.000      0.343
    AGREE36            0.420      0.046      9.189      0.000      0.580
    AGREE17            0.214      0.037      5.829      0.000      0.786
    AGREE90            0.352      0.046      7.680      0.000      0.648
    AGREE67            0.484      0.044     10.989      0.000      0.516
    AGREE35            0.131      0.031      4.202      0.000      0.869
    AGREE107           0.173      0.037      4.628      0.000      0.827
    AGREE95            0.459      0.048      9.573      0.000      0.541
    AGREE98            0.258      0.042      6.177      0.000      0.742
    AGREE14            0.049      0.021      2.303      0.021      0.951


QUALITY OF NUMERICAL RESULTS

     Condition Number for the Information Matrix              0.113E-02
       (ratio of smallest to largest eigenvalue)


MODEL MODIFICATION INDICES

NOTE:  Modification indices for direct effects of observed dependent variables
regressed on covariates and residual covariances among observed dependent
variables may not be included.  To include these, request MODINDICES (ALL).

Minimum M.I. value for printing the modification index     4.000

                            M.I.     E.P.C.  Std E.P.C.  StdYX E.P.C.

No modification indices above the minimum value.



     Beginning Time:  14:10:22
        Ending Time:  14:10:23
       Elapsed Time:  00:00:01



MUTHEN & MUTHEN
3463 Stoner Ave.
Los Angeles, CA  90066

Tel: (310) 391-9971
Fax: (310) 391-8971
Web: www.StatModel.com
Support: Support@StatModel.com

Copyright (c) 1998-2008 Muthen & Muthen
