Mplus VERSION 5.2
MUTHEN & MUTHEN
07/04/2012   5:24 PM

INPUT INSTRUCTIONS


  DATA:
   FILE IS  "ITS_TQIPIP.txt";

  VARIABLE:
   NAMES ARE
  id
  sex
  age
  A1_1
  A1_2
  A1_3
  A1_4
  A1_5
  A2_1
  A2_2
  A2_3
  A2_4
  A2_5
  A3_1
  A3_2
  A3_3
  A3_4
  A3_5
  A4_1
  A4_2
  A4_3
  A4_4
  A4_5
  A5_1
  A5_2
  A5_3
  A5_4
  A5_5
  A6_1
  A6_2
  A6_3
  A6_4
  A6_5
  A7_1
  A7_2
  A7_3
  A7_4
  A7_5
  A8_1
  A8_2
  A8_3
  A8_4
  A8_5
  C1_1
  C1_2
  C1_3
  C1_4
  C1_5
  C2_1
  C2_2
  C2_3
  C2_4
  C2_5
  C3_1
  C3_2
  C3_3
  C3_4
  C3_5
  C4_1
  C4_2
  C4_3
  C4_4
  C4_5
  C5_1
  C5_2
  C5_3
  C5_4
  C5_5
  C6_1
  C6_2
  C6_3
  C6_4
  C6_5
  C7_1
  C7_2
  C7_3
  C7_4
  C7_5
  C8_1
  C8_2
  C8_3
  C8_4
  C8_5
  C9_1
  C9_2
  C9_3
  C9_4
  C9_5
  E1_1
  E1_2
  E1_3
  E1_4
  E1_5
  E2_1
  E2_2
  E2_3
  E2_4
  E2_5
  E3_1
  E3_2
  E3_3
  E3_4
  E3_5
  E4_1
  E4_2
  E4_3
  E4_4
  E4_5
  E5_1
  E5_2
  E5_3
  E5_4
  E5_5
  E6_1
  E6_2
  E6_3
  E6_4
  E6_5
  E7_1
  E7_2
  E7_3
  E7_4
  E7_5
  E8_1
  E8_2
  E8_3
  E8_4
  E8_5
  E9_1
  E9_2
  E9_3
  N1_1
  N1_2
  N1_3
  N1_4
  N1_5
  N2_1
  N2_2
  N2_3
  N2_4
  N2_5
  N3_1
  N3_2
  N3_3
  N3_4
  N3_5
  N4_1
  N4_2
  N4_3
  N4_4
  N4_5
  N5_1
  N5_2
  N5_3
  N5_4
  N5_5
  N6_1
  N6_2
  N6_3
  N6_4
  N6_5
  N7_1
  N7_2
  N7_3
  O1_1
  O1_2
  O1_3
  O1_4
  O1_5
  O2_1
  O2_2
  O2_3
  O2_4
  O2_5
  O3_1
  O3_2
  O3_3
  O3_4
  O3_5
  O4_1
  O4_2
  O4_3
  O4_4
  O4_5
  O5_1
  O5_2
  O5_3
  O5_4
  O5_5
  O6_1
  O6_2
  O6_3
  O6_4
  O6_5
  O7_1
  O7_2
  O7_3
  O7_4
  O7_5
  O8_1
  O8_2
  O8_3
  O8_4
  O9_1
  O9_2
  O9_4
  dataset;

   USEVARIABLES ARE
  E2_1
  E2_2
  E2_3
  E2_4
  E2_5;

  Grouping is Dataset (0 = German 1 = US);

  MISSING ARE ALL (-99);

  MODEL:

  E2 by  E2_1
  E2_2
  E2_3
  E2_4
  E2_5;
  [E2@0];

  Model German:
  ;

  Model US:
  ;

  E2 by
  E2_2
  E2_3
  E2_4
  E2_5;

  [E2_1
  E2_2
  E2_3
  E2_4
  E2_5];

  ANALYSIS:
   ESTIMATOR IS ML;
   Iterations are 10000;

   OUTPUT: STDYX MODINDICES(4);



INPUT READING TERMINATED NORMALLY




SUMMARY OF ANALYSIS

Number of groups                                                 2
Number of observations
   Group GERMAN                                                387
   Group US                                                    722

Number of dependent variables                                    5
Number of independent variables                                  0
Number of continuous latent variables                            1

Observed dependent variables

  Continuous
   E2_1        E2_2        E2_3        E2_4        E2_5

Continuous latent variables
   E2

Variables with special functions

  Grouping variable     DATASET

Estimator                                                       ML
Information matrix                                        OBSERVED
Maximum number of iterations                                 10000
Convergence criterion                                    0.500D-04
Maximum number of steepest descent iterations                   20
Maximum number of iterations for H1                           2000
Convergence criterion for H1                             0.100D-03

Input data file(s)
  ITS_TQIPIP.txt

Input data format  FREE


SUMMARY OF DATA

   Group GERMAN
     Number of missing data patterns             1

   Group US
     Number of missing data patterns             1


COVARIANCE COVERAGE OF DATA

Minimum covariance coverage value   0.100


     PROPORTION OF DATA PRESENT FOR GERMAN


           Covariance Coverage
              E2_1          E2_2          E2_3          E2_4          E2_5
              ________      ________      ________      ________      ________
 E2_1           1.000
 E2_2           1.000         1.000
 E2_3           1.000         1.000         1.000
 E2_4           1.000         1.000         1.000         1.000
 E2_5           1.000         1.000         1.000         1.000         1.000


     PROPORTION OF DATA PRESENT FOR US


           Covariance Coverage
              E2_1          E2_2          E2_3          E2_4          E2_5
              ________      ________      ________      ________      ________
 E2_1           1.000
 E2_2           1.000         1.000
 E2_3           1.000         1.000         1.000
 E2_4           1.000         1.000         1.000         1.000
 E2_5           1.000         1.000         1.000         1.000         1.000



THE MODEL ESTIMATION TERMINATED NORMALLY



TESTS OF MODEL FIT

Chi-Square Test of Model Fit

          Value                             66.887
          Degrees of Freedom                    10
          P-Value                           0.0000

Chi-Square Contributions From Each Group

          GERMAN                            27.044
          US                                39.843

Chi-Square Test of Model Fit for the Baseline Model

          Value                           1163.762
          Degrees of Freedom                    20
          P-Value                           0.0000

CFI/TLI

          CFI                                0.950
          TLI                                0.901

Loglikelihood

          H0 Value                       -7892.474
          H1 Value                       -7859.030

Information Criteria

          Number of Free Parameters             30
          Akaike (AIC)                   15844.948
          Bayesian (BIC)                 15995.284
          Sample-Size Adjusted BIC       15899.997
            (n* = (n + 2) / 24)

RMSEA (Root Mean Square Error Of Approximation)

          Estimate                           0.101
          90 Percent C.I.                    0.079  0.125

SRMR (Standardized Root Mean Square Residual)

          Value                              0.041



MODEL RESULTS

                                                    Two-Tailed
                    Estimate       S.E.  Est./S.E.    P-Value

Group GERMAN

 E2       BY
    E2_1               1.000      0.000    999.000    999.000
    E2_2               1.172      0.100     11.668      0.000
    E2_3              -0.657      0.081     -8.117      0.000
    E2_4               0.703      0.081      8.666      0.000
    E2_5               0.548      0.097      5.638      0.000

 Means
    E2                 0.000      0.000    999.000    999.000

 Intercepts
    E2_1               2.129      0.052     40.918      0.000
    E2_2               2.540      0.053     47.619      0.000
    E2_3               3.287      0.056     58.231      0.000
    E2_4               2.225      0.055     40.704      0.000
    E2_5               2.974      0.066     44.810      0.000

 Variances
    E2                 0.583      0.080      7.327      0.000

 Residual Variances
    E2_1               0.465      0.054      8.659      0.000
    E2_2               0.301      0.060      5.013      0.000
    E2_3               0.982      0.075     13.045      0.000
    E2_4               0.868      0.068     12.845      0.000
    E2_5               1.530      0.113     13.539      0.000

Group US

 E2       BY
    E2_1               1.000      0.000    999.000    999.000
    E2_2               0.999      0.067     14.960      0.000
    E2_3              -0.830      0.059    -14.013      0.000
    E2_4               0.842      0.069     12.229      0.000
    E2_5               0.381      0.063      6.066      0.000

 Means
    E2                 0.000      0.000    999.000    999.000

 Intercepts
    E2_1               2.256      0.039     58.492      0.000
    E2_2               2.323      0.041     56.862      0.000
    E2_3               3.305      0.041     81.318      0.000
    E2_4               2.813      0.044     64.232      0.000
    E2_5               3.507      0.043     82.129      0.000

 Variances
    E2                 0.623      0.061     10.148      0.000

 Residual Variances
    E2_1               0.451      0.041     10.923      0.000
    E2_2               0.583      0.046     12.667      0.000
    E2_3               0.763      0.048     15.830      0.000
    E2_4               0.943      0.058     16.160      0.000
    E2_5               1.226      0.066     18.578      0.000


STANDARDIZED MODEL RESULTS


STDYX Standardization

                                                    Two-Tailed
                    Estimate       S.E.  Est./S.E.    P-Value

Group GERMAN

 E2       BY
    E2_1               0.746      0.035     21.234      0.000
    E2_2               0.852      0.033     25.878      0.000
    E2_3              -0.451      0.047     -9.647      0.000
    E2_4               0.499      0.044     11.265      0.000
    E2_5               0.321      0.051      6.239      0.000

 Means
    E2                 0.000      0.000    999.000    999.000

 Intercepts
    E2_1               2.080      0.090     23.007      0.000
    E2_2               2.421      0.101     24.022      0.000
    E2_3               2.960      0.118     25.103      0.000
    E2_4               2.069      0.090     22.968      0.000
    E2_5               2.278      0.096     23.635      0.000

 Variances
    E2                 1.000      0.000    999.000    999.000

 Residual Variances
    E2_1               0.444      0.052      8.477      0.000
    E2_2               0.274      0.056      4.872      0.000
    E2_3               0.796      0.042     18.851      0.000
    E2_4               0.751      0.044     16.982      0.000
    E2_5               0.897      0.033     27.224      0.000

Group US

 E2       BY
    E2_1               0.762      0.026     29.435      0.000
    E2_2               0.718      0.027     26.834      0.000
    E2_3              -0.600      0.030    -19.833      0.000
    E2_4               0.565      0.032     17.614      0.000
    E2_5               0.262      0.040      6.551      0.000

 Means
    E2                 0.000      0.000    999.000    999.000

 Intercepts
    E2_1               2.177      0.068     31.866      0.000
    E2_2               2.116      0.067     31.594      0.000
    E2_3               3.026      0.088     34.428      0.000
    E2_4               2.390      0.073     32.704      0.000
    E2_5               3.057      0.089     34.487      0.000

 Variances
    E2                 1.000      0.000    999.000    999.000

 Residual Variances
    E2_1               0.420      0.039     10.644      0.000
    E2_2               0.484      0.038     12.576      0.000
    E2_3               0.640      0.036     17.638      0.000
    E2_4               0.681      0.036     18.812      0.000
    E2_5               0.931      0.021     44.339      0.000


R-SQUARE

Group GERMAN

    Observed                                        Two-Tailed
    Variable        Estimate       S.E.  Est./S.E.    P-Value

    E2_1               0.556      0.052     10.617      0.000
    E2_2               0.726      0.056     12.939      0.000
    E2_3               0.204      0.042      4.823      0.000
    E2_4               0.249      0.044      5.633      0.000
    E2_5               0.103      0.033      3.119      0.002

Group US

    Observed                                        Two-Tailed
    Variable        Estimate       S.E.  Est./S.E.    P-Value

    E2_1               0.580      0.039     14.717      0.000
    E2_2               0.516      0.038     13.417      0.000
    E2_3               0.360      0.036      9.917      0.000
    E2_4               0.319      0.036      8.807      0.000
    E2_5               0.069      0.021      3.276      0.001


QUALITY OF NUMERICAL RESULTS

     Condition Number for the Information Matrix              0.194E-01
       (ratio of smallest to largest eigenvalue)


MODEL MODIFICATION INDICES

NOTE:  Modification indices for direct effects of observed dependent variables
regressed on covariates may not be included.  To include these, request
MODINDICES (ALL).

Minimum M.I. value for printing the modification index     4.000

                            M.I.     E.P.C.  Std E.P.C.  StdYX E.P.C.
Group GERMAN


WITH Statements

E2_3     WITH E2_1          5.722    -0.117     -0.117       -0.174
E2_4     WITH E2_3          7.317     0.138      0.138        0.150
E2_5     WITH E2_4         17.812     0.262      0.262        0.227

Group US


WITH Statements

E2_3     WITH E2_1         14.908    -0.161     -0.161       -0.274
E2_3     WITH E2_2          4.246     0.086      0.086        0.129
E2_4     WITH E2_1         10.371    -0.137     -0.137       -0.210
E2_4     WITH E2_2          5.222     0.098      0.098        0.132
E2_5     WITH E2_3          4.178     0.082      0.082        0.085
E2_5     WITH E2_4         28.034     0.231      0.231        0.215



     Beginning Time:  17:24:59
        Ending Time:  17:25:00
       Elapsed Time:  00:00:01



MUTHEN & MUTHEN
3463 Stoner Ave.
Los Angeles, CA  90066

Tel: (310) 391-9971
Fax: (310) 391-8971
Web: www.StatModel.com
Support: Support@StatModel.com

Copyright (c) 1998-2008 Muthen & Muthen
