Mplus VERSION 7.2
MUTHEN & MUTHEN
03/01/2016  10:49 AM

INPUT INSTRUCTIONS


  DATA:
   FILE IS  "ITS_TQIPIP.txt";

  VARIABLE:
   NAMES ARE
  id
  sex
  age
  A1_1
  A1_2
  A1_3
  A1_4
  A1_5
  A2_1
  A2_2
  A2_3
  A2_4
  A2_5
  A3_1
  A3_2
  A3_3
  A3_4
  A3_5
  A4_1
  A4_2
  A4_3
  A4_4
  A4_5
  A5_1
  A5_2
  A5_3
  A5_4
  A5_5
  A6_1
  A6_2
  A6_3
  A6_4
  A6_5
  A7_1
  A7_2
  A7_3
  A7_4
  A7_5
  A8_1
  A8_2
  A8_3
  A8_4
  A8_5
  C1_1
  C1_2
  C1_3
  C1_4
  C1_5
  C2_1
  C2_2
  C2_3
  C2_4
  C2_5
  C3_1
  C3_2
  C3_3
  C3_4
  C3_5
  C4_1
  C4_2
  C4_3
  C4_4
  C4_5
  C5_1
  C5_2
  C5_3
  C5_4
  C5_5
  C6_1
  C6_2
  C6_3
  C6_4
  C6_5
  C7_1
  C7_2
  C7_3
  C7_4
  C7_5
  C8_1
  C8_2
  C8_3
  C8_4
  C8_5
  C9_1
  C9_2
  C9_3
  C9_4
  C9_5
  E1_1
  E1_2
  E1_3
  E1_4
  E1_5
  E2_1
  E2_2
  E2_3
  E2_4
  E2_5
  E3_1
  E3_2
  E3_3
  E3_4
  E3_5
  E4_1
  E4_2
  E4_3
  E4_4
  E4_5
  E5_1
  E5_2
  E5_3
  E5_4
  E5_5
  E6_1
  E6_2
  E6_3
  E6_4
  E6_5
  E7_1
  E7_2
  E7_3
  E7_4
  E7_5
  E8_1
  E8_2
  E8_3
  E8_4
  E8_5
  E9_1
  E9_2
  E9_3
  N1_1
  N1_2
  N1_3
  N1_4
  N1_5
  N2_1
  N2_2
  N2_3
  N2_4
  N2_5
  N3_1
  N3_2
  N3_3
  N3_4
  N3_5
  N4_1
  N4_2
  N4_3
  N4_4
  N4_5
  N5_1
  N5_2
  N5_3
  N5_4
  N5_5
  N6_1
  N6_2
  N6_3
  N6_4
  N6_5
  N7_1
  N7_2
  N7_3
  O1_1
  O1_2
  O1_3
  O1_4
  O1_5
  O2_1
  O2_2
  O2_3
  O2_4
  O2_5
  O3_1
  O3_2
  O3_3
  O3_4
  O3_5
  O4_1
  O4_2
  O4_3
  O4_4
  O4_5
  O5_1
  O5_2
  O5_3
  O5_4
  O5_5
  O6_1
  O6_2
  O6_3
  O6_4
  O6_5
  O7_1
  O7_2
  O7_3
  O7_4
  O7_5
  O8_1
  O8_2
  O8_3
  O8_4
  O9_1
  O9_2
  O9_4
  dataset;


   USEVARIABLES ARE
  A1_1
  A1_2
  A1_3
  A1_4
  A1_5
  ;

  Grouping is Dataset (0 = German 1 = US);

  MISSING ARE ALL (-99);

  MODEL:

  A1 by  A1_1
  A1_2
  A1_3
  A1_4
  A1_5;
  [A1@0];

  Model German:
  ;

  Model US:
  ;



  [A1_1
  A1_2
  A1_3
  A1_4
  A1_5];

  ANALYSIS:
   ESTIMATOR IS ML;
   Iterations are 10000;

   OUTPUT: STDYX MODINDICES(4);



INPUT READING TERMINATED NORMALLY




SUMMARY OF ANALYSIS

Number of groups                                                 2
Number of observations
   Group GERMAN                                                387
   Group US                                                    722
   Total sample size                                          1109

Number of dependent variables                                    5
Number of independent variables                                  0
Number of continuous latent variables                            1

Observed dependent variables

  Continuous
   A1_1        A1_2        A1_3        A1_4        A1_5

Continuous latent variables
   A1

Variables with special functions

  Grouping variable     DATASET

Estimator                                                       ML
Information matrix                                        OBSERVED
Maximum number of iterations                                 10000
Convergence criterion                                    0.500D-04
Maximum number of steepest descent iterations                   20
Maximum number of iterations for H1                           2000
Convergence criterion for H1                             0.100D-03

Input data file(s)
  ITS_TQIPIP.txt

Input data format  FREE


SUMMARY OF DATA

   Group GERMAN
     Number of missing data patterns             1

   Group US
     Number of missing data patterns             1


COVARIANCE COVERAGE OF DATA

Minimum covariance coverage value   0.100


     PROPORTION OF DATA PRESENT FOR GERMAN


           Covariance Coverage
              A1_1          A1_2          A1_3          A1_4          A1_5
              ________      ________      ________      ________      ________
 A1_1           1.000
 A1_2           1.000         1.000
 A1_3           1.000         1.000         1.000
 A1_4           1.000         1.000         1.000         1.000
 A1_5           1.000         1.000         1.000         1.000         1.000


     PROPORTION OF DATA PRESENT FOR US


           Covariance Coverage
              A1_1          A1_2          A1_3          A1_4          A1_5
              ________      ________      ________      ________      ________
 A1_1           1.000
 A1_2           1.000         1.000
 A1_3           1.000         1.000         1.000
 A1_4           1.000         1.000         1.000         1.000
 A1_5           1.000         1.000         1.000         1.000         1.000



THE MODEL ESTIMATION TERMINATED NORMALLY



MODEL FIT INFORMATION

Number of Free Parameters                       26

Loglikelihood

          H0 Value                       -5707.508
          H1 Value                       -5685.135

Information Criteria

          Akaike (AIC)                   11467.015
          Bayesian (BIC)                 11597.307
          Sample-Size Adjusted BIC       11514.724
            (n* = (n + 2) / 24)

Chi-Square Test of Model Fit

          Value                             44.746
          Degrees of Freedom                    14
          P-Value                           0.0000

Chi-Square Contribution From Each Group

          GERMAN                            33.911
          US                                10.834

RMSEA (Root Mean Square Error Of Approximation)

          Estimate                           0.063
          90 Percent C.I.                    0.043  0.084
          Probability RMSEA <= .05           0.137

CFI/TLI

          CFI                                0.976
          TLI                                0.966

Chi-Square Test of Model Fit for the Baseline Model

          Value                           1322.230
          Degrees of Freedom                    20
          P-Value                           0.0000

SRMR (Standardized Root Mean Square Residual)

          Value                              0.091



MODEL RESULTS

                                                    Two-Tailed
                    Estimate       S.E.  Est./S.E.    P-Value

Group GERMAN

 A1       BY
    A1_1               1.000      0.000    999.000    999.000
    A1_2               1.439      0.088     16.320      0.000
    A1_3               1.171      0.073     15.980      0.000
    A1_4               1.114      0.079     14.162      0.000
    A1_5               0.992      0.075     13.237      0.000

 Means
    A1                 0.000      0.000    999.000    999.000

 Intercepts
    A1_1               4.217      0.032    132.090      0.000
    A1_2               4.336      0.033    131.808      0.000
    A1_3               4.349      0.031    140.419      0.000
    A1_4               4.152      0.041    102.375      0.000
    A1_5               4.282      0.035    120.723      0.000

 Variances
    A1                 0.125      0.016      7.656      0.000

 Residual Variances
    A1_1               0.269      0.022     12.400      0.000
    A1_2               0.160      0.020      8.148      0.000
    A1_3               0.200      0.019     10.738      0.000
    A1_4               0.481      0.037     12.840      0.000
    A1_5               0.364      0.028     12.827      0.000

Group US

 A1       BY
    A1_1               1.000      0.000    999.000    999.000
    A1_2               1.439      0.088     16.320      0.000
    A1_3               1.171      0.073     15.980      0.000
    A1_4               1.114      0.079     14.162      0.000
    A1_5               0.992      0.075     13.237      0.000

 Means
    A1                 0.000      0.000    999.000    999.000

 Intercepts
    A1_1               3.994      0.030    133.821      0.000
    A1_2               4.097      0.032    129.661      0.000
    A1_3               4.226      0.028    152.432      0.000
    A1_4               4.126      0.031    133.307      0.000
    A1_5               4.166      0.031    133.632      0.000

 Variances
    A1                 0.210      0.025      8.491      0.000

 Residual Variances
    A1_1               0.434      0.026     16.620      0.000
    A1_2               0.287      0.024     12.123      0.000
    A1_3               0.267      0.019     14.165      0.000
    A1_4               0.431      0.027     16.205      0.000
    A1_5               0.495      0.029     16.819      0.000


STANDARDIZED MODEL RESULTS


STDYX Standardization

                                                    Two-Tailed
                    Estimate       S.E.  Est./S.E.    P-Value

Group GERMAN

 A1       BY
    A1_1               0.563      0.030     18.674      0.000
    A1_2               0.786      0.028     27.722      0.000
    A1_3               0.680      0.031     22.188      0.000
    A1_4               0.494      0.030     16.592      0.000
    A1_5               0.503      0.030     16.869      0.000

 Means
    A1                 0.000      0.000    999.000    999.000

 Intercepts
    A1_1               6.715      0.231     29.015      0.000
    A1_2               6.700      0.231     28.979      0.000
    A1_3               7.138      0.232     30.726      0.000
    A1_4               5.204      0.177     29.364      0.000
    A1_5               6.137      0.216     28.442      0.000

 Variances
    A1                 1.000      0.000    999.000    999.000

 Residual Variances
    A1_1               0.683      0.034     20.088      0.000
    A1_2               0.381      0.045      8.549      0.000
    A1_3               0.538      0.042     12.898      0.000
    A1_4               0.756      0.029     25.723      0.000
    A1_5               0.747      0.030     24.920      0.000

Group US

 A1       BY
    A1_1               0.571      0.028     20.638      0.000
    A1_2               0.776      0.021     37.529      0.000
    A1_3               0.720      0.022     32.876      0.000
    A1_4               0.613      0.027     23.065      0.000
    A1_5               0.542      0.029     18.534      0.000

 Means
    A1                 0.000      0.000    999.000    999.000

 Intercepts
    A1_1               4.980      0.128     38.910      0.000
    A1_2               4.825      0.130     37.132      0.000
    A1_3               5.673      0.151     37.480      0.000
    A1_4               4.961      0.131     37.800      0.000
    A1_5               4.973      0.127     39.047      0.000

 Variances
    A1                 1.000      0.000    999.000    999.000

 Residual Variances
    A1_1               0.674      0.032     21.327      0.000
    A1_2               0.398      0.032     12.395      0.000
    A1_3               0.482      0.032     15.271      0.000
    A1_4               0.624      0.033     19.122      0.000
    A1_5               0.706      0.032     22.257      0.000


R-SQUARE

Group GERMAN

    Observed                                        Two-Tailed
    Variable        Estimate       S.E.  Est./S.E.    P-Value

    A1_1               0.317      0.034      9.337      0.000
    A1_2               0.619      0.045     13.861      0.000
    A1_3               0.462      0.042     11.094      0.000
    A1_4               0.244      0.029      8.296      0.000
    A1_5               0.253      0.030      8.435      0.000

Group US

    Observed                                        Two-Tailed
    Variable        Estimate       S.E.  Est./S.E.    P-Value

    A1_1               0.326      0.032     10.319      0.000
    A1_2               0.602      0.032     18.765      0.000
    A1_3               0.518      0.032     16.438      0.000
    A1_4               0.376      0.033     11.532      0.000
    A1_5               0.294      0.032      9.267      0.000


QUALITY OF NUMERICAL RESULTS

     Condition Number for the Information Matrix              0.489E-02
       (ratio of smallest to largest eigenvalue)


MODEL MODIFICATION INDICES

NOTE:  Modification indices for direct effects of observed dependent variables
regressed on covariates may not be included.  To include these, request
MODINDICES (ALL).

Minimum M.I. value for printing the modification index     4.000

                                   M.I.     E.P.C.  Std E.P.C.  StdYX E.P.C.
Group GERMAN


BY Statements

A1       BY A1_1                   5.487    -0.272     -0.096       -0.153
A1       BY A1_3                   8.580     0.227      0.080        0.132
A1       BY A1_5                  12.591    -0.316     -0.112       -0.160

WITH Statements

A1_3     WITH A1_2                14.538     0.066      0.066        0.372
A1_4     WITH A1_3                 5.177    -0.044     -0.044       -0.142
A1_5     WITH A1_1                 9.973    -0.057     -0.057       -0.182

Group US


BY Statements

A1       BY A1_1                   5.488     0.272      0.124        0.155
A1       BY A1_3                   8.585    -0.100     -0.046       -0.061
A1       BY A1_5                  12.594     0.137      0.063        0.075



     Beginning Time:  10:49:03
        Ending Time:  10:49:04
       Elapsed Time:  00:00:01



MUTHEN & MUTHEN
3463 Stoner Ave.
Los Angeles, CA  90066

Tel: (310) 391-9971
Fax: (310) 391-8971
Web: www.StatModel.com
Support: Support@StatModel.com

Copyright (c) 1998-2014 Muthen & Muthen
