Mplus VERSION 7.1
MUTHEN & MUTHEN
06/18/2015   4:25 PM

INPUT INSTRUCTIONS


  DATA:
   FILE IS  "ITS_TQIPIP.txt";

  VARIABLE:
   NAMES ARE
  id
  sex
  age
  A1_1
  A1_2
  A1_3
  A1_4
  A1_5
  A2_1
  A2_2
  A2_3
  A2_4
  A2_5
  A3_1
  A3_2
  A3_3
  A3_4
  A3_5
  A4_1
  A4_2
  A4_3
  A4_4
  A4_5
  A5_1
  A5_2
  A5_3
  A5_4
  A5_5
  A6_1
  A6_2
  A6_3
  A6_4
  A6_5
  A7_1
  A7_2
  A7_3
  A7_4
  A7_5
  A8_1
  A8_2
  A8_3
  A8_4
  A8_5
  C1_1
  C1_2
  C1_3
  C1_4
  C1_5
  C2_1
  C2_2
  C2_3
  C2_4
  C2_5
  C3_1
  C3_2
  C3_3
  C3_4
  C3_5
  C4_1
  C4_2
  C4_3
  C4_4
  C4_5
  C5_1
  C5_2
  C5_3
  C5_4
  C5_5
  C6_1
  C6_2
  C6_3
  C6_4
  C6_5
  C7_1
  C7_2
  C7_3
  C7_4
  C7_5
  C8_1
  C8_2
  C8_3
  C8_4
  C8_5
  C9_1
  C9_2
  C9_3
  C9_4
  C9_5
  E1_1
  E1_2
  E1_3
  E1_4
  E1_5
  E2_1
  E2_2
  E2_3
  E2_4
  E2_5
  E3_1
  E3_2
  E3_3
  E3_4
  E3_5
  E4_1
  E4_2
  E4_3
  E4_4
  E4_5
  E5_1
  E5_2
  E5_3
  E5_4
  E5_5
  E6_1
  E6_2
  E6_3
  E6_4
  E6_5
  E7_1
  E7_2
  E7_3
  E7_4
  E7_5
  E8_1
  E8_2
  E8_3
  E8_4
  E8_5
  E9_1
  E9_2
  E9_3
  N1_1
  N1_2
  N1_3
  N1_4
  N1_5
  N2_1
  N2_2
  N2_3
  N2_4
  N2_5
  N3_1
  N3_2
  N3_3
  N3_4
  N3_5
  N4_1
  N4_2
  N4_3
  N4_4
  N4_5
  N5_1
  N5_2
  N5_3
  N5_4
  N5_5
  N6_1
  N6_2
  N6_3
  N6_4
  N6_5
  N7_1
  N7_2
  N7_3
  O1_1
  O1_2
  O1_3
  O1_4
  O1_5
  O2_1
  O2_2
  O2_3
  O2_4
  O2_5
  O3_1
  O3_2
  O3_3
  O3_4
  O3_5
  O4_1
  O4_2
  O4_3
  O4_4
  O4_5
  O5_1
  O5_2
  O5_3
  O5_4
  O5_5
  O6_1
  O6_2
  O6_3
  O6_4
  O6_5
  O7_1
  O7_2
  O7_3
  O7_4
  O7_5
  O8_1
  O8_2
  O8_3
  O8_4
  O9_1
  O9_2
  O9_4
  dataset;

   USEVARIABLES ARE
  A1_1
  A1_2
  A1_3
  A1_4
  A1_5;

  Grouping is Dataset (0 = German 1 = US);

  MISSING ARE ALL (-99);

  MODEL:

  A1 by  A1_1
  A1_2
  A1_3
  A1_4
  A1_5;
  [A1@0];

  Model German:
  ;

  Model US:
  ;

  A1 by
  A1_2
  A1_3
  A1_4
  A1_5;

  [A1_1
  A1_2
  A1_3
  A1_4
  A1_5];

  ANALYSIS:
   ESTIMATOR IS ML;
   Iterations are 10000;

   OUTPUT: STDYX MODINDICES(4);



INPUT READING TERMINATED NORMALLY




SUMMARY OF ANALYSIS

Number of groups                                                 2
Number of observations
   Group GERMAN                                                387
   Group US                                                    722
   Total sample size                                          1109

Number of dependent variables                                    5
Number of independent variables                                  0
Number of continuous latent variables                            1

Observed dependent variables

  Continuous
   A1_1        A1_2        A1_3        A1_4        A1_5

Continuous latent variables
   A1

Variables with special functions

  Grouping variable     DATASET

Estimator                                                       ML
Information matrix                                        OBSERVED
Maximum number of iterations                                 10000
Convergence criterion                                    0.500D-04
Maximum number of steepest descent iterations                   20
Maximum number of iterations for H1                           2000
Convergence criterion for H1                             0.100D-03

Input data file(s)
  ITS_TQIPIP.txt

Input data format  FREE


SUMMARY OF DATA

   Group GERMAN
     Number of missing data patterns             1

   Group US
     Number of missing data patterns             1


COVARIANCE COVERAGE OF DATA

Minimum covariance coverage value   0.100


     PROPORTION OF DATA PRESENT FOR GERMAN


           Covariance Coverage
              A1_1          A1_2          A1_3          A1_4          A1_5
              ________      ________      ________      ________      ________
 A1_1           1.000
 A1_2           1.000         1.000
 A1_3           1.000         1.000         1.000
 A1_4           1.000         1.000         1.000         1.000
 A1_5           1.000         1.000         1.000         1.000         1.000


     PROPORTION OF DATA PRESENT FOR US


           Covariance Coverage
              A1_1          A1_2          A1_3          A1_4          A1_5
              ________      ________      ________      ________      ________
 A1_1           1.000
 A1_2           1.000         1.000
 A1_3           1.000         1.000         1.000
 A1_4           1.000         1.000         1.000         1.000
 A1_5           1.000         1.000         1.000         1.000         1.000



THE MODEL ESTIMATION TERMINATED NORMALLY



MODEL FIT INFORMATION

Number of Free Parameters                       30

Loglikelihood

          H0 Value                       -5695.658
          H1 Value                       -5685.135

Information Criteria

          Akaike (AIC)                   11451.317
          Bayesian (BIC)                 11601.653
          Sample-Size Adjusted BIC       11506.366
            (n* = (n + 2) / 24)

Chi-Square Test of Model Fit

          Value                             21.047
          Degrees of Freedom                    10
          P-Value                           0.0208

Chi-Square Contribution From Each Group

          GERMAN                            17.604
          US                                 3.443

RMSEA (Root Mean Square Error Of Approximation)

          Estimate                           0.045
          90 Percent C.I.                    0.017  0.071
          Probability RMSEA <= .05           0.590

CFI/TLI

          CFI                                0.992
          TLI                                0.983

Chi-Square Test of Model Fit for the Baseline Model

          Value                           1322.230
          Degrees of Freedom                    20
          P-Value                           0.0000

SRMR (Standardized Root Mean Square Residual)

          Value                              0.021



MODEL RESULTS

                                                    Two-Tailed
                    Estimate       S.E.  Est./S.E.    P-Value

Group GERMAN

 A1       BY
    A1_1               1.000      0.000    999.000    999.000
    A1_2               1.797      0.211      8.502      0.000
    A1_3               1.556      0.181      8.592      0.000
    A1_4               1.229      0.182      6.762      0.000
    A1_5               0.846      0.147      5.765      0.000

 Means
    A1                 0.000      0.000    999.000    999.000

 Intercepts
    A1_1               4.217      0.031    137.057      0.000
    A1_2               4.336      0.034    129.335      0.000
    A1_3               4.349      0.032    134.787      0.000
    A1_4               4.152      0.040    102.877      0.000
    A1_5               4.282      0.034    127.726      0.000

 Variances
    A1                 0.090      0.019      4.644      0.000

 Residual Variances
    A1_1               0.276      0.022     12.688      0.000
    A1_2               0.143      0.023      6.176      0.000
    A1_3               0.184      0.021      8.905      0.000
    A1_4               0.494      0.038     12.888      0.000
    A1_5               0.370      0.028     13.266      0.000

Group US

 A1       BY
    A1_1               1.000      0.000    999.000    999.000
    A1_2               1.296      0.092     14.146      0.000
    A1_3               1.024      0.075     13.727      0.000
    A1_4               1.041      0.083     12.584      0.000
    A1_5               1.034      0.084     12.316      0.000

 Means
    A1                 0.000      0.000    999.000    999.000

 Intercepts
    A1_1               3.994      0.030    131.366      0.000
    A1_2               4.097      0.031    131.083      0.000
    A1_3               4.226      0.027    155.655      0.000
    A1_4               4.126      0.031    133.021      0.000
    A1_5               4.166      0.032    130.163      0.000

 Variances
    A1                 0.244      0.030      8.034      0.000

 Residual Variances
    A1_1               0.423      0.026     16.195      0.000
    A1_2               0.295      0.024     12.201      0.000
    A1_3               0.276      0.019     14.440      0.000
    A1_4               0.430      0.027     16.024      0.000
    A1_5               0.478      0.029     16.371      0.000


STANDARDIZED MODEL RESULTS


STDYX Standardization

                                                    Two-Tailed
                    Estimate       S.E.  Est./S.E.    P-Value

Group GERMAN

 A1       BY
    A1_1               0.497      0.045     10.939      0.000
    A1_2               0.820      0.033     24.470      0.000
    A1_3               0.737      0.035     20.850      0.000
    A1_4               0.466      0.047      9.959      0.000
    A1_5               0.386      0.050      7.721      0.000

 Means
    A1                 0.000      0.000    999.000    999.000

 Intercepts
    A1_1               6.967      0.256     27.264      0.000
    A1_2               6.574      0.242     27.199      0.000
    A1_3               6.852      0.251     27.246      0.000
    A1_4               5.230      0.195     26.856      0.000
    A1_5               6.493      0.239     27.183      0.000

 Variances
    A1                 1.000      0.000    999.000    999.000

 Residual Variances
    A1_1               0.753      0.045     16.677      0.000
    A1_2               0.328      0.055      5.977      0.000
    A1_3               0.456      0.052      8.749      0.000
    A1_4               0.783      0.044     17.977      0.000
    A1_5               0.851      0.039     22.071      0.000

Group US

 A1       BY
    A1_1               0.605      0.029     20.841      0.000
    A1_2               0.763      0.023     32.914      0.000
    A1_3               0.694      0.026     27.083      0.000
    A1_4               0.618      0.028     21.672      0.000
    A1_5               0.595      0.029     20.237      0.000

 Means
    A1                 0.000      0.000    999.000    999.000

 Intercepts
    A1_1               4.889      0.134     36.504      0.000
    A1_2               4.878      0.134     36.497      0.000
    A1_3               5.793      0.157     36.916      0.000
    A1_4               4.951      0.135     36.538      0.000
    A1_5               4.844      0.133     36.477      0.000

 Variances
    A1                 1.000      0.000    999.000    999.000

 Residual Variances
    A1_1               0.634      0.035     18.047      0.000
    A1_2               0.418      0.035     11.807      0.000
    A1_3               0.519      0.036     14.599      0.000
    A1_4               0.619      0.035     17.575      0.000
    A1_5               0.647      0.035     18.508      0.000


R-SQUARE

Group GERMAN

    Observed                                        Two-Tailed
    Variable        Estimate       S.E.  Est./S.E.    P-Value

    A1_1               0.247      0.045      5.470      0.000
    A1_2               0.672      0.055     12.235      0.000
    A1_3               0.544      0.052     10.425      0.000
    A1_4               0.217      0.044      4.979      0.000
    A1_5               0.149      0.039      3.861      0.000

Group US

    Observed                                        Two-Tailed
    Variable        Estimate       S.E.  Est./S.E.    P-Value

    A1_1               0.366      0.035     10.420      0.000
    A1_2               0.582      0.035     16.457      0.000
    A1_3               0.481      0.036     13.541      0.000
    A1_4               0.381      0.035     10.836      0.000
    A1_5               0.353      0.035     10.118      0.000


QUALITY OF NUMERICAL RESULTS

     Condition Number for the Information Matrix              0.703E-03
       (ratio of smallest to largest eigenvalue)


MODEL MODIFICATION INDICES

NOTE:  Modification indices for direct effects of observed dependent variables
regressed on covariates may not be included.  To include these, request
MODINDICES (ALL).

Minimum M.I. value for printing the modification index     4.000

                                   M.I.     E.P.C.  Std E.P.C.  StdYX E.P.C.
Group GERMAN


WITH Statements

A1_4     WITH A1_3                 6.673    -0.057     -0.057       -0.190
A1_5     WITH A1_1                 6.010    -0.043     -0.043       -0.135
A1_5     WITH A1_4                 4.657     0.050      0.050        0.117

Group US


No modification indices above the minimum value.



DIAGRAM INFORMATION

  Use View Diagram under the Diagram menu in the Mplus Editor to view the diagram.
  If running Mplus from the Mplus Diagrammer, the diagram opens automatically.

  Diagram output
    f:\ipip paper\messinvarianz\a\a1\a1 konfigurale invarianz.dgm

     Beginning Time:  16:25:18
        Ending Time:  16:25:19
       Elapsed Time:  00:00:01



MUTHEN & MUTHEN
3463 Stoner Ave.
Los Angeles, CA  90066

Tel: (310) 391-9971
Fax: (310) 391-8971
Web: www.StatModel.com
Support: Support@StatModel.com

Copyright (c) 1998-2013 Muthen & Muthen
