Mplus VERSION 5.2
MUTHEN & MUTHEN
06/26/2012  12:15 PM

INPUT INSTRUCTIONS


  DATA:
   FILE IS  "ITS_TQIPIP.txt";

  VARIABLE:
   NAMES ARE
  id
  sex
  age
  A1_1
  A1_2
  A1_3
  A1_4
  A1_5
  A2_1
  A2_2
  A2_3
  A2_4
  A2_5
  A3_1
  A3_2
  A3_3
  A3_4
  A3_5
  A4_1
  A4_2
  A4_3
  A4_4
  A4_5
  A5_1
  A5_2
  A5_3
  A5_4
  A5_5
  A6_1
  A6_2
  A6_3
  A6_4
  A6_5
  A7_1
  A7_2
  A7_3
  A7_4
  A7_5
  A8_1
  A8_2
  A8_3
  A8_4
  A8_5
  C1_1
  C1_2
  C1_3
  C1_4
  C1_5
  C2_1
  C2_2
  C2_3
  C2_4
  C2_5
  C3_1
  C3_2
  C3_3
  C3_4
  C3_5
  C4_1
  C4_2
  C4_3
  C4_4
  C4_5
  C5_1
  C5_2
  C5_3
  C5_4
  C5_5
  C6_1
  C6_2
  C6_3
  C6_4
  C6_5
  C7_1
  C7_2
  C7_3
  C7_4
  C7_5
  C8_1
  C8_2
  C8_3
  C8_4
  C8_5
  C9_1
  C9_2
  C9_3
  C9_4
  C9_5
  E1_1
  E1_2
  E1_3
  E1_4
  E1_5
  E2_1
  E2_2
  E2_3
  E2_4
  E2_5
  E3_1
  E3_2
  E3_3
  E3_4
  E3_5
  E4_1
  E4_2
  E4_3
  E4_4
  E4_5
  E5_1
  E5_2
  E5_3
  E5_4
  E5_5
  E6_1
  E6_2
  E6_3
  E6_4
  E6_5
  E7_1
  E7_2
  E7_3
  E7_4
  E7_5
  E8_1
  E8_2
  E8_3
  E8_4
  E8_5
  E9_1
  E9_2
  E9_3
  N1_1
  N1_2
  N1_3
  N1_4
  N1_5
  N2_1
  N2_2
  N2_3
  N2_4
  N2_5
  N3_1
  N3_2
  N3_3
  N3_4
  N3_5
  N4_1
  N4_2
  N4_3
  N4_4
  N4_5
  N5_1
  N5_2
  N5_3
  N5_4
  N5_5
  N6_1
  N6_2
  N6_3
  N6_4
  N6_5
  N7_1
  N7_2
  N7_3
  O1_1
  O1_2
  O1_3
  O1_4
  O1_5
  O2_1
  O2_2
  O2_3
  O2_4
  O2_5
  O3_1
  O3_2
  O3_3
  O3_4
  O3_5
  O4_1
  O4_2
  O4_3
  O4_4
  O4_5
  O5_1
  O5_2
  O5_3
  O5_4
  O5_5
  O6_1
  O6_2
  O6_3
  O6_4
  O6_5
  O7_1
  O7_2
  O7_3
  O7_4
  O7_5
  O8_1
  O8_2
  O8_3
  O8_4
  O9_1
  O9_2
  O9_4
  dataset;

   USEVARIABLES ARE
  A1_1
  A1_2
  A1_3
  A1_4
  A1_5;

  Grouping is Dataset (0 = German 1 = US);

  MISSING ARE ALL (-99);

  MODEL:

  A1 by  A1_1
  A1_2
  A1_3
  A1_4
  A1_5;


  Model German:
  ;

  Model US:
  ;





  ANALYSIS:
   ESTIMATOR IS ML;
   Iterations are 10000;

   OUTPUT: STDYX MODINDICES(4);



INPUT READING TERMINATED NORMALLY




SUMMARY OF ANALYSIS

Number of groups                                                 2
Number of observations
   Group GERMAN                                                387
   Group US                                                    722

Number of dependent variables                                    5
Number of independent variables                                  0
Number of continuous latent variables                            1

Observed dependent variables

  Continuous
   A1_1        A1_2        A1_3        A1_4        A1_5

Continuous latent variables
   A1

Variables with special functions

  Grouping variable     DATASET

Estimator                                                       ML
Information matrix                                        OBSERVED
Maximum number of iterations                                 10000
Convergence criterion                                    0.500D-04
Maximum number of steepest descent iterations                   20
Maximum number of iterations for H1                           2000
Convergence criterion for H1                             0.100D-03

Input data file(s)
  ITS_TQIPIP.txt

Input data format  FREE


SUMMARY OF DATA

   Group GERMAN
     Number of missing data patterns             1

   Group US
     Number of missing data patterns             1


COVARIANCE COVERAGE OF DATA

Minimum covariance coverage value   0.100


     PROPORTION OF DATA PRESENT FOR GERMAN


           Covariance Coverage
              A1_1          A1_2          A1_3          A1_4          A1_5
              ________      ________      ________      ________      ________
 A1_1           1.000
 A1_2           1.000         1.000
 A1_3           1.000         1.000         1.000
 A1_4           1.000         1.000         1.000         1.000
 A1_5           1.000         1.000         1.000         1.000         1.000


     PROPORTION OF DATA PRESENT FOR US


           Covariance Coverage
              A1_1          A1_2          A1_3          A1_4          A1_5
              ________      ________      ________      ________      ________
 A1_1           1.000
 A1_2           1.000         1.000
 A1_3           1.000         1.000         1.000
 A1_4           1.000         1.000         1.000         1.000
 A1_5           1.000         1.000         1.000         1.000         1.000



THE MODEL ESTIMATION TERMINATED NORMALLY



TESTS OF MODEL FIT

Chi-Square Test of Model Fit

          Value                             62.316
          Degrees of Freedom                    18
          P-Value                           0.0000

Chi-Square Contributions From Each Group

          GERMAN                            45.002
          US                                17.314

Chi-Square Test of Model Fit for the Baseline Model

          Value                           1322.230
          Degrees of Freedom                    20
          P-Value                           0.0000

CFI/TLI

          CFI                                0.966
          TLI                                0.962

Loglikelihood

          H0 Value                       -5716.293
          H1 Value                       -5685.135

Information Criteria

          Number of Free Parameters             22
          Akaike (AIC)                   11476.585
          Bayesian (BIC)                 11586.832
          Sample-Size Adjusted BIC       11516.954
            (n* = (n + 2) / 24)

RMSEA (Root Mean Square Error Of Approximation)

          Estimate                           0.067
          90 Percent C.I.                    0.049  0.085

SRMR (Standardized Root Mean Square Residual)

          Value                              0.100



MODEL RESULTS

                                                    Two-Tailed
                    Estimate       S.E.  Est./S.E.    P-Value

Group GERMAN

 A1       BY
    A1_1               1.000      0.000    999.000    999.000
    A1_2               1.423      0.085     16.843      0.000
    A1_3               1.136      0.069     16.414      0.000
    A1_4               1.062      0.074     14.295      0.000
    A1_5               0.967      0.071     13.538      0.000

 Means
    A1                 0.000      0.000    999.000    999.000

 Intercepts
    A1_1               4.173      0.027    154.873      0.000
    A1_2               4.317      0.031    137.719      0.000
    A1_3               4.371      0.027    161.424      0.000
    A1_4               4.236      0.030    140.741      0.000
    A1_5               4.294      0.028    153.599      0.000

 Variances
    A1                 0.130      0.017      7.809      0.000

 Residual Variances
    A1_1               0.271      0.022     12.290      0.000
    A1_2               0.158      0.020      7.983      0.000
    A1_3               0.202      0.019     10.852      0.000
    A1_4               0.491      0.038     12.878      0.000
    A1_5               0.364      0.028     12.841      0.000

Group US

 A1       BY
    A1_1               1.000      0.000    999.000    999.000
    A1_2               1.423      0.085     16.843      0.000
    A1_3               1.136      0.069     16.414      0.000
    A1_4               1.062      0.074     14.295      0.000
    A1_5               0.967      0.071     13.538      0.000

 Means
    A1                -0.141      0.029     -4.816      0.000

 Intercepts
    A1_1               4.173      0.027    154.873      0.000
    A1_2               4.317      0.031    137.719      0.000
    A1_3               4.371      0.027    161.424      0.000
    A1_4               4.236      0.030    140.741      0.000
    A1_5               4.294      0.028    153.599      0.000

 Variances
    A1                 0.219      0.025      8.730      0.000

 Residual Variances
    A1_1               0.433      0.026     16.510      0.000
    A1_2               0.284      0.024     11.930      0.000
    A1_3               0.269      0.019     14.273      0.000
    A1_4               0.437      0.027     16.310      0.000
    A1_5               0.496      0.029     16.853      0.000


STANDARDIZED MODEL RESULTS


STDYX Standardization

                                                    Two-Tailed
                    Estimate       S.E.  Est./S.E.    P-Value

Group GERMAN

 A1       BY
    A1_1               0.569      0.030     19.060      0.000
    A1_2               0.790      0.028     27.892      0.000
    A1_3               0.674      0.031     22.012      0.000
    A1_4               0.479      0.029     16.249      0.000
    A1_5               0.500      0.030     16.876      0.000

 Means
    A1                 0.000      0.000    999.000    999.000

 Intercepts
    A1_1               6.590      0.226     29.163      0.000
    A1_2               6.653      0.230     28.948      0.000
    A1_3               7.193      0.230     31.326      0.000
    A1_4               5.305      0.174     30.457      0.000
    A1_5               6.162      0.211     29.161      0.000

 Variances
    A1                 1.000      0.000    999.000    999.000

 Residual Variances
    A1_1               0.676      0.034     19.925      0.000
    A1_2               0.376      0.045      8.391      0.000
    A1_3               0.546      0.041     13.243      0.000
    A1_4               0.770      0.028     27.271      0.000
    A1_5               0.750      0.030     25.362      0.000

Group US

 A1       BY
    A1_1               0.580      0.027     21.384      0.000
    A1_2               0.781      0.020     38.403      0.000
    A1_3               0.716      0.022     32.601      0.000
    A1_4               0.601      0.027     22.252      0.000
    A1_5               0.540      0.029     18.627      0.000

 Means
    A1                -0.302      0.062     -4.897      0.000

 Intercepts
    A1_1               5.170      0.129     40.231      0.000
    A1_2               5.063      0.134     37.705      0.000
    A1_3               5.884      0.155     38.061      0.000
    A1_4               5.121      0.133     38.573      0.000
    A1_5               5.130      0.128     40.135      0.000

 Variances
    A1                 1.000      0.000    999.000    999.000

 Residual Variances
    A1_1               0.664      0.031     21.142      0.000
    A1_2               0.390      0.032     12.279      0.000
    A1_3               0.488      0.031     15.522      0.000
    A1_4               0.639      0.032     19.707      0.000
    A1_5               0.708      0.031     22.595      0.000


R-SQUARE

Group GERMAN

    Observed                                        Two-Tailed
    Variable        Estimate       S.E.  Est./S.E.    P-Value

    A1_1               0.324      0.034      9.530      0.000
    A1_2               0.624      0.045     13.946      0.000
    A1_3               0.454      0.041     11.006      0.000
    A1_4               0.230      0.028      8.125      0.000
    A1_5               0.250      0.030      8.438      0.000

Group US

    Observed                                        Two-Tailed
    Variable        Estimate       S.E.  Est./S.E.    P-Value

    A1_1               0.336      0.031     10.692      0.000
    A1_2               0.610      0.032     19.201      0.000
    A1_3               0.512      0.031     16.301      0.000
    A1_4               0.361      0.032     11.126      0.000
    A1_5               0.292      0.031      9.314      0.000


QUALITY OF NUMERICAL RESULTS

     Condition Number for the Information Matrix              0.279E-02
       (ratio of smallest to largest eigenvalue)


MODEL MODIFICATION INDICES

NOTE:  Modification indices for direct effects of observed dependent variables
regressed on covariates may not be included.  To include these, request
MODINDICES (ALL).

Minimum M.I. value for printing the modification index     4.000

                            M.I.     E.P.C.  Std E.P.C.  StdYX E.P.C.
Group GERMAN


BY Statements

A1       BY A1_1            7.061    -0.302     -0.109       -0.172
A1       BY A1_3            9.790     0.241      0.087        0.143
A1       BY A1_5           11.886    -0.304     -0.109       -0.157

WITH Statements

A1_3     WITH A1_2         13.777     0.065      0.065        0.363
A1_5     WITH A1_1          9.890    -0.057     -0.057       -0.181

Means/Intercepts/Thresholds

[ A1_1     ]                6.080     0.044      0.044        0.069
[ A1_4     ]                9.358    -0.084     -0.084       -0.105

Group US


BY Statements

A1       BY A1_1            7.061     0.302      0.141        0.175
A1       BY A1_3            9.790    -0.099     -0.046       -0.062
A1       BY A1_5           11.885     0.124      0.058        0.069

Means/Intercepts/Thresholds

[ A1_1     ]                6.080    -0.053     -0.053       -0.066
[ A1_4     ]                9.357     0.058      0.058        0.071



     Beginning Time:  12:15:08
        Ending Time:  12:15:09
       Elapsed Time:  00:00:01



MUTHEN & MUTHEN
3463 Stoner Ave.
Los Angeles, CA  90066

Tel: (310) 391-9971
Fax: (310) 391-8971
Web: www.StatModel.com
Support: Support@StatModel.com

Copyright (c) 1998-2008 Muthen & Muthen
