Mplus VERSION 7.1
MUTHEN & MUTHEN
06/18/2015   4:34 PM

INPUT INSTRUCTIONS


  DATA:
   FILE IS  "ITS_TQIPIP.txt";

  VARIABLE:
   NAMES ARE
  id
  sex
  age
  A1_1
  A1_2
  A1_3
  A1_4
  A1_5
  A2_1
  A2_2
  A2_3
  A2_4
  A2_5
  A3_1
  A3_2
  A3_3
  A3_4
  A3_5
  A4_1
  A4_2
  A4_3
  A4_4
  A4_5
  A5_1
  A5_2
  A5_3
  A5_4
  A5_5
  A6_1
  A6_2
  A6_3
  A6_4
  A6_5
  A7_1
  A7_2
  A7_3
  A7_4
  A7_5
  A8_1
  A8_2
  A8_3
  A8_4
  A8_5
  C1_1
  C1_2
  C1_3
  C1_4
  C1_5
  C2_1
  C2_2
  C2_3
  C2_4
  C2_5
  C3_1
  C3_2
  C3_3
  C3_4
  C3_5
  C4_1
  C4_2
  C4_3
  C4_4
  C4_5
  C5_1
  C5_2
  C5_3
  C5_4
  C5_5
  C6_1
  C6_2
  C6_3
  C6_4
  C6_5
  C7_1
  C7_2
  C7_3
  C7_4
  C7_5
  C8_1
  C8_2
  C8_3
  C8_4
  C8_5
  C9_1
  C9_2
  C9_3
  C9_4
  C9_5
  E1_1
  E1_2
  E1_3
  E1_4
  E1_5
  E2_1
  E2_2
  E2_3
  E2_4
  E2_5
  E3_1
  E3_2
  E3_3
  E3_4
  E3_5
  E4_1
  E4_2
  E4_3
  E4_4
  E4_5
  E5_1
  E5_2
  E5_3
  E5_4
  E5_5
  E6_1
  E6_2
  E6_3
  E6_4
  E6_5
  E7_1
  E7_2
  E7_3
  E7_4
  E7_5
  E8_1
  E8_2
  E8_3
  E8_4
  E8_5
  E9_1
  E9_2
  E9_3
  N1_1
  N1_2
  N1_3
  N1_4
  N1_5
  N2_1
  N2_2
  N2_3
  N2_4
  N2_5
  N3_1
  N3_2
  N3_3
  N3_4
  N3_5
  N4_1
  N4_2
  N4_3
  N4_4
  N4_5
  N5_1
  N5_2
  N5_3
  N5_4
  N5_5
  N6_1
  N6_2
  N6_3
  N6_4
  N6_5
  N7_1
  N7_2
  N7_3
  O1_1
  O1_2
  O1_3
  O1_4
  O1_5
  O2_1
  O2_2
  O2_3
  O2_4
  O2_5
  O3_1
  O3_2
  O3_3
  O3_4
  O3_5
  O4_1
  O4_2
  O4_3
  O4_4
  O4_5
  O5_1
  O5_2
  O5_3
  O5_4
  O5_5
  O6_1
  O6_2
  O6_3
  O6_4
  O6_5
  O7_1
  O7_2
  O7_3
  O7_4
  O7_5
  O8_1
  O8_2
  O8_3
  O8_4
  O9_1
  O9_2
  O9_4
  dataset;

   USEVARIABLES ARE
  A6_1
  A6_2
  A6_3
  A6_4
  A6_5;

  Grouping is Dataset (0 = German 1 = US);

  MISSING ARE ALL (-99);

  MODEL:

  A6 by  A6_1
  A6_2
  A6_3
  A6_4
  A6_5;
  [A6@0];

  Model German:
  ;

  Model US:
  ;

  A6 by
  A6_2
  A6_3
  A6_4
  A6_5;

  [A6_1
  A6_2
  A6_3
  A6_4
  A6_5];

  ANALYSIS:
   ESTIMATOR IS ML;
   Iterations are 10000;

   OUTPUT: STDYX MODINDICES(4);



INPUT READING TERMINATED NORMALLY




SUMMARY OF ANALYSIS

Number of groups                                                 2
Number of observations
   Group GERMAN                                                387
   Group US                                                    722
   Total sample size                                          1109

Number of dependent variables                                    5
Number of independent variables                                  0
Number of continuous latent variables                            1

Observed dependent variables

  Continuous
   A6_1        A6_2        A6_3        A6_4        A6_5

Continuous latent variables
   A6

Variables with special functions

  Grouping variable     DATASET

Estimator                                                       ML
Information matrix                                        OBSERVED
Maximum number of iterations                                 10000
Convergence criterion                                    0.500D-04
Maximum number of steepest descent iterations                   20
Maximum number of iterations for H1                           2000
Convergence criterion for H1                             0.100D-03

Input data file(s)
  ITS_TQIPIP.txt

Input data format  FREE


SUMMARY OF DATA

   Group GERMAN
     Number of missing data patterns             1

   Group US
     Number of missing data patterns             1


COVARIANCE COVERAGE OF DATA

Minimum covariance coverage value   0.100


     PROPORTION OF DATA PRESENT FOR GERMAN


           Covariance Coverage
              A6_1          A6_2          A6_3          A6_4          A6_5
              ________      ________      ________      ________      ________
 A6_1           1.000
 A6_2           1.000         1.000
 A6_3           1.000         1.000         1.000
 A6_4           1.000         1.000         1.000         1.000
 A6_5           1.000         1.000         1.000         1.000         1.000


     PROPORTION OF DATA PRESENT FOR US


           Covariance Coverage
              A6_1          A6_2          A6_3          A6_4          A6_5
              ________      ________      ________      ________      ________
 A6_1           1.000
 A6_2           1.000         1.000
 A6_3           1.000         1.000         1.000
 A6_4           1.000         1.000         1.000         1.000
 A6_5           1.000         1.000         1.000         1.000         1.000



THE MODEL ESTIMATION TERMINATED NORMALLY



MODEL FIT INFORMATION

Number of Free Parameters                       30

Loglikelihood

          H0 Value                       -7008.730
          H1 Value                       -6986.601

Information Criteria

          Akaike (AIC)                   14077.460
          Bayesian (BIC)                 14227.796
          Sample-Size Adjusted BIC       14132.509
            (n* = (n + 2) / 24)

Chi-Square Test of Model Fit

          Value                             44.257
          Degrees of Freedom                    10
          P-Value                           0.0000

Chi-Square Contribution From Each Group

          GERMAN                            11.417
          US                                32.840

RMSEA (Root Mean Square Error Of Approximation)

          Estimate                           0.079
          90 Percent C.I.                    0.056  0.103
          Probability RMSEA <= .05           0.021

CFI/TLI

          CFI                                0.967
          TLI                                0.935

Chi-Square Test of Model Fit for the Baseline Model

          Value                           1068.536
          Degrees of Freedom                    20
          P-Value                           0.0000

SRMR (Standardized Root Mean Square Residual)

          Value                              0.034



MODEL RESULTS

                                                    Two-Tailed
                    Estimate       S.E.  Est./S.E.    P-Value

Group GERMAN

 A6       BY
    A6_1               1.000      0.000    999.000    999.000
    A6_2               1.088      0.091     11.928      0.000
    A6_3               0.797      0.071     11.213      0.000
    A6_4               0.403      0.073      5.545      0.000
    A6_5              -0.161      0.074     -2.189      0.029

 Means
    A6                 0.000      0.000    999.000    999.000

 Intercepts
    A6_1               2.974      0.047     63.002      0.000
    A6_2               3.279      0.045     73.039      0.000
    A6_3               3.341      0.043     78.549      0.000
    A6_4               3.488      0.045     77.595      0.000
    A6_5               2.292      0.045     51.211      0.000

 Variances
    A6                 0.467      0.064      7.322      0.000

 Residual Variances
    A6_1               0.395      0.043      9.221      0.000
    A6_2               0.227      0.041      5.566      0.000
    A6_3               0.403      0.036     11.304      0.000
    A6_4               0.706      0.052     13.549      0.000
    A6_5               0.763      0.055     13.857      0.000

Group US

 A6       BY
    A6_1               1.000      0.000    999.000    999.000
    A6_2               1.043      0.064     16.245      0.000
    A6_3               0.712      0.052     13.664      0.000
    A6_4               0.351      0.051      6.954      0.000
    A6_5              -0.191      0.053     -3.566      0.000

 Means
    A6                 0.000      0.000    999.000    999.000

 Intercepts
    A6_1               3.295      0.036     90.954      0.000
    A6_2               3.378      0.039     87.568      0.000
    A6_3               3.597      0.035    102.679      0.000
    A6_4               3.747      0.034    108.757      0.000
    A6_5               2.238      0.037     61.122      0.000

 Variances
    A6                 0.604      0.056     10.765      0.000

 Residual Variances
    A6_1               0.344      0.036      9.487      0.000
    A6_2               0.418      0.041     10.308      0.000
    A6_3               0.580      0.036     16.211      0.000
    A6_4               0.782      0.042     18.510      0.000
    A6_5               0.946      0.050     18.883      0.000


STANDARDIZED MODEL RESULTS


STDYX Standardization

                                                    Two-Tailed
                    Estimate       S.E.  Est./S.E.    P-Value

Group GERMAN

 A6       BY
    A6_1               0.736      0.034     21.389      0.000
    A6_2               0.842      0.032     26.178      0.000
    A6_3               0.651      0.037     17.552      0.000
    A6_4               0.312      0.052      6.007      0.000
    A6_5              -0.125      0.056     -2.242      0.025

 Means
    A6                 0.000      0.000    999.000    999.000

 Intercepts
    A6_1               3.203      0.126     25.450      0.000
    A6_2               3.713      0.143     25.998      0.000
    A6_3               3.993      0.152     26.225      0.000
    A6_4               3.944      0.151     26.189      0.000
    A6_5               2.603      0.106     24.447      0.000

 Variances
    A6                 1.000      0.000    999.000    999.000

 Residual Variances
    A6_1               0.459      0.051      9.058      0.000
    A6_2               0.292      0.054      5.389      0.000
    A6_3               0.576      0.048     11.916      0.000
    A6_4               0.903      0.032     27.912      0.000
    A6_5               0.984      0.014     70.425      0.000

Group US

 A6       BY
    A6_1               0.798      0.025     32.238      0.000
    A6_2               0.782      0.025     31.419      0.000
    A6_3               0.588      0.030     19.425      0.000
    A6_4               0.295      0.039      7.588      0.000
    A6_5              -0.151      0.041     -3.668      0.000

 Means
    A6                 0.000      0.000    999.000    999.000

 Intercepts
    A6_1               3.385      0.097     35.064      0.000
    A6_2               3.259      0.093     34.860      0.000
    A6_3               3.821      0.107     35.638      0.000
    A6_4               4.048      0.113     35.873      0.000
    A6_5               2.275      0.070     32.271      0.000

 Variances
    A6                 1.000      0.000    999.000    999.000

 Residual Variances
    A6_1               0.363      0.040      9.178      0.000
    A6_2               0.389      0.039      9.986      0.000
    A6_3               0.655      0.036     18.418      0.000
    A6_4               0.913      0.023     39.833      0.000
    A6_5               0.977      0.012     79.051      0.000


R-SQUARE

Group GERMAN

    Observed                                        Two-Tailed
    Variable        Estimate       S.E.  Est./S.E.    P-Value

    A6_1               0.541      0.051     10.694      0.000
    A6_2               0.708      0.054     13.089      0.000
    A6_3               0.424      0.048      8.776      0.000
    A6_4               0.097      0.032      3.004      0.003
    A6_5               0.016      0.014      1.121      0.262

Group US

    Observed                                        Two-Tailed
    Variable        Estimate       S.E.  Est./S.E.    P-Value

    A6_1               0.637      0.040     16.119      0.000
    A6_2               0.611      0.039     15.710      0.000
    A6_3               0.345      0.036      9.713      0.000
    A6_4               0.087      0.023      3.794      0.000
    A6_5               0.023      0.012      1.834      0.067


QUALITY OF NUMERICAL RESULTS

     Condition Number for the Information Matrix              0.130E-01
       (ratio of smallest to largest eigenvalue)


MODEL MODIFICATION INDICES

NOTE:  Modification indices for direct effects of observed dependent variables
regressed on covariates may not be included.  To include these, request
MODINDICES (ALL).

Minimum M.I. value for printing the modification index     4.000

                                   M.I.     E.P.C.  Std E.P.C.  StdYX E.P.C.
Group GERMAN


WITH Statements

A6_5     WITH A6_1                 6.309     0.082      0.082        0.150

Group US


WITH Statements

A6_2     WITH A6_1                30.494     0.565      0.565        1.492
A6_3     WITH A6_2                 6.826    -0.142     -0.142       -0.289
A6_4     WITH A6_3                19.169     0.120      0.120        0.179
A6_5     WITH A6_1                 6.384     0.073      0.073        0.128
A6_5     WITH A6_3                 6.634    -0.077     -0.077       -0.103
A6_5     WITH A6_4                 5.258    -0.075     -0.075       -0.087



DIAGRAM INFORMATION

  Use View Diagram under the Diagram menu in the Mplus Editor to view the diagram.
  If running Mplus from the Mplus Diagrammer, the diagram opens automatically.

  Diagram output
    f:\ipip paper\messinvarianz\a\a6\a6 konfigurale invarianz.dgm

     Beginning Time:  16:34:06
        Ending Time:  16:34:06
       Elapsed Time:  00:00:00



MUTHEN & MUTHEN
3463 Stoner Ave.
Los Angeles, CA  90066

Tel: (310) 391-9971
Fax: (310) 391-8971
Web: www.StatModel.com
Support: Support@StatModel.com

Copyright (c) 1998-2013 Muthen & Muthen
