Mplus VERSION 7.1
MUTHEN & MUTHEN
06/18/2015   4:34 PM

INPUT INSTRUCTIONS


  DATA:
   FILE IS  "ITS_TQIPIP.txt";

  VARIABLE:
   NAMES ARE
  id
  sex
  age
  A1_1
  A1_2
  A1_3
  A1_4
  A1_5
  A2_1
  A2_2
  A2_3
  A2_4
  A2_5
  A3_1
  A3_2
  A3_3
  A3_4
  A3_5
  A4_1
  A4_2
  A4_3
  A4_4
  A4_5
  A5_1
  A5_2
  A5_3
  A5_4
  A5_5
  A6_1
  A6_2
  A6_3
  A6_4
  A6_5
  A7_1
  A7_2
  A7_3
  A7_4
  A7_5
  A8_1
  A8_2
  A8_3
  A8_4
  A8_5
  C1_1
  C1_2
  C1_3
  C1_4
  C1_5
  C2_1
  C2_2
  C2_3
  C2_4
  C2_5
  C3_1
  C3_2
  C3_3
  C3_4
  C3_5
  C4_1
  C4_2
  C4_3
  C4_4
  C4_5
  C5_1
  C5_2
  C5_3
  C5_4
  C5_5
  C6_1
  C6_2
  C6_3
  C6_4
  C6_5
  C7_1
  C7_2
  C7_3
  C7_4
  C7_5
  C8_1
  C8_2
  C8_3
  C8_4
  C8_5
  C9_1
  C9_2
  C9_3
  C9_4
  C9_5
  E1_1
  E1_2
  E1_3
  E1_4
  E1_5
  E2_1
  E2_2
  E2_3
  E2_4
  E2_5
  E3_1
  E3_2
  E3_3
  E3_4
  E3_5
  E4_1
  E4_2
  E4_3
  E4_4
  E4_5
  E5_1
  E5_2
  E5_3
  E5_4
  E5_5
  E6_1
  E6_2
  E6_3
  E6_4
  E6_5
  E7_1
  E7_2
  E7_3
  E7_4
  E7_5
  E8_1
  E8_2
  E8_3
  E8_4
  E8_5
  E9_1
  E9_2
  E9_3
  N1_1
  N1_2
  N1_3
  N1_4
  N1_5
  N2_1
  N2_2
  N2_3
  N2_4
  N2_5
  N3_1
  N3_2
  N3_3
  N3_4
  N3_5
  N4_1
  N4_2
  N4_3
  N4_4
  N4_5
  N5_1
  N5_2
  N5_3
  N5_4
  N5_5
  N6_1
  N6_2
  N6_3
  N6_4
  N6_5
  N7_1
  N7_2
  N7_3
  O1_1
  O1_2
  O1_3
  O1_4
  O1_5
  O2_1
  O2_2
  O2_3
  O2_4
  O2_5
  O3_1
  O3_2
  O3_3
  O3_4
  O3_5
  O4_1
  O4_2
  O4_3
  O4_4
  O4_5
  O5_1
  O5_2
  O5_3
  O5_4
  O5_5
  O6_1
  O6_2
  O6_3
  O6_4
  O6_5
  O7_1
  O7_2
  O7_3
  O7_4
  O7_5
  O8_1
  O8_2
  O8_3
  O8_4
  O9_1
  O9_2
  O9_4
  dataset;

   USEVARIABLES ARE
  A6_1
  A6_2
  A6_3
  A6_4
  A6_5;

  Grouping is Dataset (0 = German 1 = US);

  MISSING ARE ALL (-99);

  MODEL:

  A6 by  A6_1
  A6_2
  A6_3
  A6_4
  A6_5;


  Model German:
  ;

  Model US:
  ;





  ANALYSIS:
   ESTIMATOR IS ML;
   Iterations are 10000;

   OUTPUT: STDYX MODINDICES(4);



INPUT READING TERMINATED NORMALLY




SUMMARY OF ANALYSIS

Number of groups                                                 2
Number of observations
   Group GERMAN                                                387
   Group US                                                    722
   Total sample size                                          1109

Number of dependent variables                                    5
Number of independent variables                                  0
Number of continuous latent variables                            1

Observed dependent variables

  Continuous
   A6_1        A6_2        A6_3        A6_4        A6_5

Continuous latent variables
   A6

Variables with special functions

  Grouping variable     DATASET

Estimator                                                       ML
Information matrix                                        OBSERVED
Maximum number of iterations                                 10000
Convergence criterion                                    0.500D-04
Maximum number of steepest descent iterations                   20
Maximum number of iterations for H1                           2000
Convergence criterion for H1                             0.100D-03

Input data file(s)
  ITS_TQIPIP.txt

Input data format  FREE


SUMMARY OF DATA

   Group GERMAN
     Number of missing data patterns             1

   Group US
     Number of missing data patterns             1


COVARIANCE COVERAGE OF DATA

Minimum covariance coverage value   0.100


     PROPORTION OF DATA PRESENT FOR GERMAN


           Covariance Coverage
              A6_1          A6_2          A6_3          A6_4          A6_5
              ________      ________      ________      ________      ________
 A6_1           1.000
 A6_2           1.000         1.000
 A6_3           1.000         1.000         1.000
 A6_4           1.000         1.000         1.000         1.000
 A6_5           1.000         1.000         1.000         1.000         1.000


     PROPORTION OF DATA PRESENT FOR US


           Covariance Coverage
              A6_1          A6_2          A6_3          A6_4          A6_5
              ________      ________      ________      ________      ________
 A6_1           1.000
 A6_2           1.000         1.000
 A6_3           1.000         1.000         1.000
 A6_4           1.000         1.000         1.000         1.000
 A6_5           1.000         1.000         1.000         1.000         1.000



THE MODEL ESTIMATION TERMINATED NORMALLY



MODEL FIT INFORMATION

Number of Free Parameters                       22

Loglikelihood

          H0 Value                       -7026.816
          H1 Value                       -6986.601

Information Criteria

          Akaike (AIC)                   14097.633
          Bayesian (BIC)                 14207.880
          Sample-Size Adjusted BIC       14138.002
            (n* = (n + 2) / 24)

Chi-Square Test of Model Fit

          Value                             80.430
          Degrees of Freedom                    18
          P-Value                           0.0000

Chi-Square Contribution From Each Group

          GERMAN                            31.791
          US                                48.639

RMSEA (Root Mean Square Error Of Approximation)

          Estimate                           0.079
          90 Percent C.I.                    0.062  0.097
          Probability RMSEA <= .05           0.003

CFI/TLI

          CFI                                0.940
          TLI                                0.934

Chi-Square Test of Model Fit for the Baseline Model

          Value                           1068.536
          Degrees of Freedom                    20
          P-Value                           0.0000

SRMR (Standardized Root Mean Square Residual)

          Value                              0.050



MODEL RESULTS

                                                    Two-Tailed
                    Estimate       S.E.  Est./S.E.    P-Value

Group GERMAN

 A6       BY
    A6_1               1.000      0.000    999.000    999.000
    A6_2               0.996      0.048     20.695      0.000
    A6_3               0.743      0.041     17.900      0.000
    A6_4               0.386      0.041      9.471      0.000
    A6_5              -0.176      0.042     -4.203      0.000

 Means
    A6                 0.000      0.000    999.000    999.000

 Intercepts
    A6_1               3.027      0.045     67.989      0.000
    A6_2               3.205      0.043     74.652      0.000
    A6_3               3.385      0.036     92.963      0.000
    A6_4               3.592      0.031    115.292      0.000
    A6_5               2.285      0.030     77.424      0.000

 Variances
    A6                 0.515      0.054      9.463      0.000

 Residual Variances
    A6_1               0.375      0.041      9.239      0.000
    A6_2               0.264      0.035      7.514      0.000
    A6_3               0.406      0.035     11.636      0.000
    A6_4               0.715      0.053     13.481      0.000
    A6_5               0.764      0.055     13.851      0.000

Group US

 A6       BY
    A6_1               1.000      0.000    999.000    999.000
    A6_2               0.996      0.048     20.695      0.000
    A6_3               0.743      0.041     17.900      0.000
    A6_4               0.386      0.041      9.471      0.000
    A6_5              -0.176      0.042     -4.203      0.000

 Means
    A6                 0.242      0.054      4.489      0.000

 Intercepts
    A6_1               3.027      0.045     67.989      0.000
    A6_2               3.205      0.043     74.652      0.000
    A6_3               3.385      0.036     92.963      0.000
    A6_4               3.592      0.031    115.292      0.000
    A6_5               2.285      0.030     77.424      0.000

 Variances
    A6                 0.611      0.051     11.982      0.000

 Residual Variances
    A6_1               0.338      0.034      9.992      0.000
    A6_2               0.450      0.037     12.073      0.000
    A6_3               0.571      0.035     16.094      0.000
    A6_4               0.782      0.042     18.405      0.000
    A6_5               0.947      0.050     18.894      0.000


STANDARDIZED MODEL RESULTS


STDYX Standardization

                                                    Two-Tailed
                    Estimate       S.E.  Est./S.E.    P-Value

Group GERMAN

 A6       BY
    A6_1               0.761      0.027     28.681      0.000
    A6_2               0.812      0.027     30.461      0.000
    A6_3               0.642      0.030     21.173      0.000
    A6_4               0.311      0.033      9.405      0.000
    A6_5              -0.143      0.034     -4.249      0.000

 Means
    A6                 0.000      0.000    999.000    999.000

 Intercepts
    A6_1               3.210      0.119     26.986      0.000
    A6_2               3.640      0.138     26.343      0.000
    A6_3               4.074      0.139     29.278      0.000
    A6_4               4.038      0.141     28.656      0.000
    A6_5               2.588      0.098     26.538      0.000

 Variances
    A6                 1.000      0.000    999.000    999.000

 Residual Variances
    A6_1               0.421      0.040     10.430      0.000
    A6_2               0.341      0.043      7.881      0.000
    A6_3               0.588      0.039     15.127      0.000
    A6_4               0.903      0.021     43.889      0.000
    A6_5               0.979      0.010    101.242      0.000

Group US

 A6       BY
    A6_1               0.802      0.022     36.588      0.000
    A6_2               0.758      0.023     33.550      0.000
    A6_3               0.609      0.025     24.300      0.000
    A6_4               0.323      0.031     10.250      0.000
    A6_5              -0.140      0.033     -4.282      0.000

 Means
    A6                 0.309      0.069      4.509      0.000

 Intercepts
    A6_1               3.108      0.094     33.091      0.000
    A6_2               3.119      0.089     35.242      0.000
    A6_3               3.552      0.100     35.679      0.000
    A6_4               3.845      0.109     35.314      0.000
    A6_5               2.326      0.067     34.732      0.000

 Variances
    A6                 1.000      0.000    999.000    999.000

 Residual Variances
    A6_1               0.356      0.035     10.113      0.000
    A6_2               0.426      0.034     12.447      0.000
    A6_3               0.629      0.031     20.571      0.000
    A6_4               0.896      0.020     44.086      0.000
    A6_5               0.980      0.009    106.596      0.000


R-SQUARE

Group GERMAN

    Observed                                        Two-Tailed
    Variable        Estimate       S.E.  Est./S.E.    P-Value

    A6_1               0.579      0.040     14.340      0.000
    A6_2               0.659      0.043     15.230      0.000
    A6_3               0.412      0.039     10.586      0.000
    A6_4               0.097      0.021      4.702      0.000
    A6_5               0.021      0.010      2.124      0.034

Group US

    Observed                                        Two-Tailed
    Variable        Estimate       S.E.  Est./S.E.    P-Value

    A6_1               0.644      0.035     18.294      0.000
    A6_2               0.574      0.034     16.775      0.000
    A6_3               0.371      0.031     12.150      0.000
    A6_4               0.104      0.020      5.125      0.000
    A6_5               0.020      0.009      2.141      0.032


QUALITY OF NUMERICAL RESULTS

     Condition Number for the Information Matrix              0.190E-01
       (ratio of smallest to largest eigenvalue)


MODEL MODIFICATION INDICES

NOTE:  Modification indices for direct effects of observed dependent variables
regressed on covariates may not be included.  To include these, request
MODINDICES (ALL).

Minimum M.I. value for printing the modification index     4.000

                                   M.I.     E.P.C.  Std E.P.C.  StdYX E.P.C.
Group GERMAN


WITH Statements

A6_5     WITH A6_1                 6.983     0.086      0.086        0.161

Means/Intercepts/Thresholds

[ A6_1     ]                       7.427    -0.053     -0.053       -0.056
[ A6_2     ]                      27.873     0.074      0.074        0.084
[ A6_4     ]                       9.835    -0.104     -0.104       -0.117

Group US


WITH Statements

A6_2     WITH A6_1                20.515     0.229      0.229        0.586
A6_3     WITH A6_1                 4.120    -0.073     -0.073       -0.165
A6_4     WITH A6_1                 5.399    -0.063     -0.063       -0.123
A6_4     WITH A6_3                17.953     0.117      0.117        0.175
A6_5     WITH A6_1                 6.190     0.070      0.070        0.124
A6_5     WITH A6_3                 6.602    -0.076     -0.076       -0.104
A6_5     WITH A6_4                 5.147    -0.074     -0.074       -0.086

Means/Intercepts/Thresholds

[ A6_1     ]                       7.427     0.082      0.082        0.084
[ A6_2     ]                      27.877    -0.183     -0.183       -0.178
[ A6_4     ]                       9.838     0.071      0.071        0.076



DIAGRAM INFORMATION

  Use View Diagram under the Diagram menu in the Mplus Editor to view the diagram.
  If running Mplus from the Mplus Diagrammer, the diagram opens automatically.

  Diagram output
    f:\ipip paper\messinvarianz\a\a6\a6 starke faktorielle invarianz.dgm

     Beginning Time:  16:34:49
        Ending Time:  16:34:49
       Elapsed Time:  00:00:00



MUTHEN & MUTHEN
3463 Stoner Ave.
Los Angeles, CA  90066

Tel: (310) 391-9971
Fax: (310) 391-8971
Web: www.StatModel.com
Support: Support@StatModel.com

Copyright (c) 1998-2013 Muthen & Muthen
