Mplus VERSION 7.1
MUTHEN & MUTHEN
04/15/2015  11:52 AM

INPUT INSTRUCTIONS

  TITLE:

  DATA:
  FILE IS  "extraversion CFA Sample.txt";
  Variable:
  Names are
  respid
  e174
  e327
  e276
  e197
  e58
  e294
  e4
  e166
  e316
  e131
  e228
  e98
  e290
  e288
  e196
  e32
  e123
  e102
  e125
  e112
  e103
  e60
  e306
  e182
  e235
  e40
  e95
  e19
  e242
  e259
  e231
  e164
  e341
  e245
  e28
  e217
  e280
  e238
  e229
  e56
  e311
  e80
  e257
  e49
  e130
  e304
  e255
  e286
  e329
  e24
  e335
  e83
  e208
  e260
  e315
  e29
  e277
  e31
  e139
  e220
  e142
  e34
  e84
  e216
  e124
  e274
  e219
  e57
  e30
  e158
  e99
  e214
  e207
  e132
  e232
  e241
  e55
  e322
  e118
  e233
  e191
  Filter
  filter_
  ;

  USEVARIABLES ARE
    e229
    e228
    e233
    e174
    e288
    e182
    e130
    e316
    e24
    e231
    e260;

  MISSING ARE ALL (-99);
  categorical are all;

  Model:
  positive by
    e229
    e228
    e233
    e174
    e288
    e182
    e130
    e316
    e24
    e231
    e260;



  Analysis:
  ESTIMATOR IS WLSMV;

  OUTPUT: STDYX MODINDICES(4);



*** WARNING
  Data set contains cases with missing on all variables.
  These cases were not included in the analysis.
  Number of cases with missing on all variables:  2
   1 WARNING(S) FOUND IN THE INPUT INSTRUCTIONS




SUMMARY OF ANALYSIS

Number of groups                                                 1
Number of observations                                         361

Number of dependent variables                                   11
Number of independent variables                                  0
Number of continuous latent variables                            1

Observed dependent variables

  Binary and ordered categorical (ordinal)
   E229        E228        E233        E174        E288        E182
   E130        E316        E24         E231        E260

Continuous latent variables
   POSITIVE


Estimator                                                    WLSMV
Maximum number of iterations                                  1000
Convergence criterion                                    0.500D-04
Maximum number of steepest descent iterations                   20
Maximum number of iterations for H1                           2000
Convergence criterion for H1                             0.100D-03
Parameterization                                             DELTA

Input data file(s)
  extraversion CFA Sample.txt

Input data format  FREE


SUMMARY OF DATA

     Number of missing data patterns             1


COVARIANCE COVERAGE OF DATA

Minimum covariance coverage value   0.100


     PROPORTION OF DATA PRESENT


           Covariance Coverage
              E229          E228          E233          E174          E288
              ________      ________      ________      ________      ________
 E229           1.000
 E228           1.000         1.000
 E233           1.000         1.000         1.000
 E174           1.000         1.000         1.000         1.000
 E288           1.000         1.000         1.000         1.000         1.000
 E182           1.000         1.000         1.000         1.000         1.000
 E130           1.000         1.000         1.000         1.000         1.000
 E316           1.000         1.000         1.000         1.000         1.000
 E24            1.000         1.000         1.000         1.000         1.000
 E231           1.000         1.000         1.000         1.000         1.000
 E260           1.000         1.000         1.000         1.000         1.000


           Covariance Coverage
              E182          E130          E316          E24           E231
              ________      ________      ________      ________      ________
 E182           1.000
 E130           1.000         1.000
 E316           1.000         1.000         1.000
 E24            1.000         1.000         1.000         1.000
 E231           1.000         1.000         1.000         1.000         1.000
 E260           1.000         1.000         1.000         1.000         1.000


           Covariance Coverage
              E260
              ________
 E260           1.000


UNIVARIATE PROPORTIONS AND COUNTS FOR CATEGORICAL VARIABLES

    E229
      Category 1    0.008        3.000
      Category 2    0.072       26.000
      Category 3    0.244       88.000
      Category 4    0.402      145.000
      Category 5    0.274       99.000
    E228
      Category 1    0.008        3.000
      Category 2    0.058       21.000
      Category 3    0.302      109.000
      Category 4    0.371      134.000
      Category 5    0.260       94.000
    E233
      Category 1    0.006        2.000
      Category 2    0.028       10.000
      Category 3    0.152       55.000
      Category 4    0.330      119.000
      Category 5    0.485      175.000
    E174
      Category 1    0.003        1.000
      Category 2    0.036       13.000
      Category 3    0.169       61.000
      Category 4    0.468      169.000
      Category 5    0.324      117.000
    E288
      Category 1    0.022        8.000
      Category 2    0.086       31.000
      Category 3    0.230       83.000
      Category 4    0.294      106.000
      Category 5    0.368      133.000
    E182
      Category 1    0.008        3.000
      Category 2    0.039       14.000
      Category 3    0.186       67.000
      Category 4    0.277      100.000
      Category 5    0.490      177.000
    E130
      Category 1    0.047       17.000
      Category 2    0.163       59.000
      Category 3    0.388      140.000
      Category 4    0.260       94.000
      Category 5    0.141       51.000
    E316
      Category 1    0.017        6.000
      Category 2    0.042       15.000
      Category 3    0.266       96.000
      Category 4    0.385      139.000
      Category 5    0.291      105.000
    E24
      Category 1    0.008        3.000
      Category 2    0.025        9.000
      Category 3    0.169       61.000
      Category 4    0.463      167.000
      Category 5    0.335      121.000
    E231
      Category 1    0.006        2.000
      Category 2    0.025        9.000
      Category 3    0.191       69.000
      Category 4    0.352      127.000
      Category 5    0.427      154.000
    E260
      Category 1    0.008        3.000
      Category 2    0.069       25.000
      Category 3    0.294      106.000
      Category 4    0.363      131.000
      Category 5    0.266       96.000



THE MODEL ESTIMATION TERMINATED NORMALLY



MODEL FIT INFORMATION

Number of Free Parameters                       55

Chi-Square Test of Model Fit

          Value                            208.775*
          Degrees of Freedom                    44
          P-Value                           0.0000

*   The chi-square value for MLM, MLMV, MLR, ULSMV, WLSM and WLSMV cannot be used
    for chi-square difference testing in the regular way.  MLM, MLR and WLSM
    chi-square difference testing is described on the Mplus website.  MLMV, WLSMV,
    and ULSMV difference testing is done using the DIFFTEST option.

RMSEA (Root Mean Square Error Of Approximation)

          Estimate                           0.102
          90 Percent C.I.                    0.088  0.116
          Probability RMSEA <= .05           0.000

CFI/TLI

          CFI                                0.948
          TLI                                0.935

Chi-Square Test of Model Fit for the Baseline Model

          Value                           3229.005
          Degrees of Freedom                    55
          P-Value                           0.0000

WRMR (Weighted Root Mean Square Residual)

          Value                              1.147



MODEL RESULTS

                                                    Two-Tailed
                    Estimate       S.E.  Est./S.E.    P-Value

 POSITIVE BY
    E229               1.000      0.000    999.000    999.000
    E228               0.920      0.046     19.909      0.000
    E233               1.003      0.054     18.608      0.000
    E174               0.934      0.053     17.657      0.000
    E288               0.988      0.054     18.226      0.000
    E182               1.039      0.052     19.857      0.000
    E130               0.618      0.056     11.075      0.000
    E316               0.961      0.052     18.389      0.000
    E24                0.948      0.053     17.773      0.000
    E231               0.884      0.051     17.431      0.000
    E260               0.733      0.054     13.568      0.000

 Thresholds
    E229$1            -2.395      0.211    -11.361      0.000
    E229$2            -1.403      0.096    -14.624      0.000
    E229$3            -0.456      0.069     -6.659      0.000
    E229$4             0.600      0.070      8.515      0.000
    E228$1            -2.395      0.211    -11.361      0.000
    E228$2            -1.503      0.102    -14.786      0.000
    E228$3            -0.336      0.067     -4.991      0.000
    E228$4             0.642      0.071      9.025      0.000
    E233$1            -2.540      0.247    -10.300      0.000
    E233$2            -1.835      0.127    -14.406      0.000
    E233$3            -0.894      0.077    -11.689      0.000
    E233$4             0.038      0.066      0.579      0.563
    E174$1            -2.774      0.325     -8.538      0.000
    E174$2            -1.765      0.121    -14.596      0.000
    E174$3            -0.814      0.075    -10.920      0.000
    E174$4             0.456      0.069      6.659      0.000
    E288$1            -2.011      0.147    -13.707      0.000
    E288$2            -1.237      0.088    -14.054      0.000
    E288$3            -0.418      0.068     -6.139      0.000
    E288$4             0.336      0.067      4.991      0.000
    E182$1            -2.395      0.211    -11.361      0.000
    E182$2            -1.674      0.113    -14.758      0.000
    E182$3            -0.730      0.073    -10.032      0.000
    E182$4             0.024      0.066      0.368      0.713
    E130$1            -1.674      0.113    -14.758      0.000
    E130$2            -0.805      0.074    -10.823      0.000
    E130$3             0.249      0.067      3.733      0.000
    E130$4             1.075      0.082     13.128      0.000
    E316$1            -2.129      0.163    -13.086      0.000
    E316$2            -1.570      0.106    -14.820      0.000
    E316$3            -0.456      0.069     -6.659      0.000
    E316$4             0.551      0.070      7.900      0.000
    E24$1             -2.395      0.211    -11.361      0.000
    E24$2             -1.835      0.127    -14.406      0.000
    E24$3             -0.834      0.075    -11.115      0.000
    E24$4              0.426      0.068      6.243      0.000
    E231$1            -2.540      0.247    -10.300      0.000
    E231$2            -1.874      0.131    -14.278      0.000
    E231$3            -0.767      0.074    -10.430      0.000
    E231$4             0.185      0.066      2.788      0.005
    E260$1            -2.395      0.211    -11.361      0.000
    E260$2            -1.422      0.097    -14.665      0.000
    E260$3            -0.329      0.067     -4.886      0.000
    E260$4             0.625      0.071      8.822      0.000

 Variances
    POSITIVE           0.548      0.043     12.707      0.000


STANDARDIZED MODEL RESULTS


STDYX Standardization

                                                    Two-Tailed
                    Estimate       S.E.  Est./S.E.    P-Value

 POSITIVE BY
    E229               0.740      0.029     25.413      0.000
    E228               0.681      0.029     23.673      0.000
    E233               0.743      0.032     23.319      0.000
    E174               0.692      0.030     22.874      0.000
    E288               0.732      0.029     24.825      0.000
    E182               0.769      0.028     27.313      0.000
    E130               0.458      0.041     11.229      0.000
    E316               0.711      0.031     22.982      0.000
    E24                0.702      0.030     23.411      0.000
    E231               0.654      0.034     19.302      0.000
    E260               0.542      0.038     14.301      0.000

 Thresholds
    E229$1            -2.395      0.211    -11.361      0.000
    E229$2            -1.403      0.096    -14.624      0.000
    E229$3            -0.456      0.069     -6.659      0.000
    E229$4             0.600      0.070      8.515      0.000
    E228$1            -2.395      0.211    -11.361      0.000
    E228$2            -1.503      0.102    -14.786      0.000
    E228$3            -0.336      0.067     -4.991      0.000
    E228$4             0.642      0.071      9.025      0.000
    E233$1            -2.540      0.247    -10.300      0.000
    E233$2            -1.835      0.127    -14.406      0.000
    E233$3            -0.894      0.077    -11.689      0.000
    E233$4             0.038      0.066      0.579      0.563
    E174$1            -2.774      0.325     -8.538      0.000
    E174$2            -1.765      0.121    -14.596      0.000
    E174$3            -0.814      0.075    -10.920      0.000
    E174$4             0.456      0.069      6.659      0.000
    E288$1            -2.011      0.147    -13.707      0.000
    E288$2            -1.237      0.088    -14.054      0.000
    E288$3            -0.418      0.068     -6.139      0.000
    E288$4             0.336      0.067      4.991      0.000
    E182$1            -2.395      0.211    -11.361      0.000
    E182$2            -1.674      0.113    -14.758      0.000
    E182$3            -0.730      0.073    -10.032      0.000
    E182$4             0.024      0.066      0.368      0.713
    E130$1            -1.674      0.113    -14.758      0.000
    E130$2            -0.805      0.074    -10.823      0.000
    E130$3             0.249      0.067      3.733      0.000
    E130$4             1.075      0.082     13.128      0.000
    E316$1            -2.129      0.163    -13.086      0.000
    E316$2            -1.570      0.106    -14.820      0.000
    E316$3            -0.456      0.069     -6.659      0.000
    E316$4             0.551      0.070      7.900      0.000
    E24$1             -2.395      0.211    -11.361      0.000
    E24$2             -1.835      0.127    -14.406      0.000
    E24$3             -0.834      0.075    -11.115      0.000
    E24$4              0.426      0.068      6.243      0.000
    E231$1            -2.540      0.247    -10.300      0.000
    E231$2            -1.874      0.131    -14.278      0.000
    E231$3            -0.767      0.074    -10.430      0.000
    E231$4             0.185      0.066      2.788      0.005
    E260$1            -2.395      0.211    -11.361      0.000
    E260$2            -1.422      0.097    -14.665      0.000
    E260$3            -0.329      0.067     -4.886      0.000
    E260$4             0.625      0.071      8.822      0.000

 Variances
    POSITIVE           1.000      0.000    999.000    999.000


R-SQUARE

    Observed                                        Two-Tailed   Residual
    Variable        Estimate       S.E.  Est./S.E.    P-Value    Variance

    E229               0.548      0.043     12.707      0.000      0.452
    E228               0.464      0.039     11.836      0.000      0.536
    E233               0.552      0.047     11.660      0.000      0.448
    E174               0.478      0.042     11.437      0.000      0.522
    E288               0.536      0.043     12.413      0.000      0.464
    E182               0.592      0.043     13.657      0.000      0.408
    E130               0.210      0.037      5.615      0.000      0.790
    E316               0.506      0.044     11.491      0.000      0.494
    E24                0.493      0.042     11.706      0.000      0.507
    E231               0.428      0.044      9.651      0.000      0.572
    E260               0.294      0.041      7.150      0.000      0.706


QUALITY OF NUMERICAL RESULTS

     Condition Number for the Information Matrix              0.754E-03
       (ratio of smallest to largest eigenvalue)


MODEL MODIFICATION INDICES

NOTE:  Modification indices for direct effects of observed dependent variables
regressed on covariates and residual covariances among observed dependent
variables may not be included.  To include these, request MODINDICES (ALL).

Minimum M.I. value for printing the modification index     4.000

                                   M.I.     E.P.C.  Std E.P.C.  StdYX E.P.C.

No modification indices above the minimum value.



DIAGRAM INFORMATION

  Use View Diagram under the Diagram menu in the Mplus Editor to view the diagram.
  If running Mplus from the Mplus Diagrammer, the diagram opens automatically.

  Diagram output
    f:\ipip paper\sample_usa\cfa\extraversion\extraversion cfa sample - messmodell positive emo.dgm

     Beginning Time:  11:52:31
        Ending Time:  11:52:32
       Elapsed Time:  00:00:01



MUTHEN & MUTHEN
3463 Stoner Ave.
Los Angeles, CA  90066

Tel: (310) 391-9971
Fax: (310) 391-8971
Web: www.StatModel.com
Support: Support@StatModel.com

Copyright (c) 1998-2013 Muthen & Muthen
