Mplus VERSION 5.2
MUTHEN & MUTHEN
12/02/2011  11:56 AM

INPUT INSTRUCTIONS

  TITLE:

  DATA:
  FILE IS  "extraversion CFA Sample.txt";
  Variable:
  Names are
  respid
  e174
  e327
  e276
  e197
  e58
  e294
  e4
  e166
  e316
  e131
  e228
  e98
  e290
  e288
  e196
  e32
  e123
  e102
  e125
  e112
  e103
  e60
  e306
  e182
  e235
  e40
  e95
  e19
  e242
  e259
  e231
  e164
  e341
  e245
  e28
  e217
  e280
  e238
  e229
  e56
  e311
  e80
  e257
  e49
  e130
  e304
  e255
  e286
  e329
  e24
  e335
  e83
  e208
  e260
  e315
  e29
  e277
  e31
  e139
  e220
  e142
  e34
  e84
  e216
  e124
  e274
  e219
  e57
  e30
  e158
  e99
  e214
  e207
  e132
  e232
  e241
  e55
  e322
  e118
  e233
  e191
  Filter
  filter_
  ;

  USEVARIABLES ARE
  e40 e255 e32 e124 e294 e142
  ;

  categorical are all;
  MISSING ARE ALL (-99);

  Model:
  shy  BY  e40 e255 e32 e124 e294 e142;


  Analysis:
  ESTIMATOR IS WLSMV;

  OUTPUT: STDYX MODINDICES(1);



*** WARNING
  Data set contains cases with missing on all variables.
  These cases were not included in the analysis.
  Number of cases with missing on all variables:  2
   1 WARNING(S) FOUND IN THE INPUT INSTRUCTIONS




SUMMARY OF ANALYSIS

Number of groups                                                 1
Number of observations                                         361

Number of dependent variables                                    6
Number of independent variables                                  0
Number of continuous latent variables                            1

Observed dependent variables

  Binary and ordered categorical (ordinal)
   E40         E255        E32         E124        E294        E142

Continuous latent variables
   SHY


Estimator                                                    WLSMV
Maximum number of iterations                                  1000
Convergence criterion                                    0.500D-04
Maximum number of steepest descent iterations                   20
Maximum number of iterations for H1                           2000
Convergence criterion for H1                             0.100D-03
Parameterization                                             DELTA

Input data file(s)
  extraversion CFA Sample.txt

Input data format  FREE


SUMMARY OF DATA

     Number of missing data patterns             1


COVARIANCE COVERAGE OF DATA

Minimum covariance coverage value   0.100


     PROPORTION OF DATA PRESENT


           Covariance Coverage
              E40           E255          E32           E124          E294
              ________      ________      ________      ________      ________
 E40            1.000
 E255           1.000         1.000
 E32            1.000         1.000         1.000
 E124           1.000         1.000         1.000         1.000
 E294           1.000         1.000         1.000         1.000         1.000
 E142           1.000         1.000         1.000         1.000         1.000


           Covariance Coverage
              E142
              ________
 E142           1.000


SUMMARY OF CATEGORICAL DATA PROPORTIONS

    E40
      Category 1    0.072
      Category 2    0.224
      Category 3    0.371
      Category 4    0.199
      Category 5    0.133
    E255
      Category 1    0.069
      Category 2    0.355
      Category 3    0.355
      Category 4    0.155
      Category 5    0.066
    E32
      Category 1    0.163
      Category 2    0.346
      Category 3    0.271
      Category 4    0.150
      Category 5    0.069
    E124
      Category 1    0.019
      Category 2    0.080
      Category 3    0.294
      Category 4    0.363
      Category 5    0.244
    E294
      Category 1    0.030
      Category 2    0.130
      Category 3    0.341
      Category 4    0.349
      Category 5    0.150
    E142
      Category 1    0.202
      Category 2    0.299
      Category 3    0.307
      Category 4    0.133
      Category 5    0.058



THE MODEL ESTIMATION TERMINATED NORMALLY



TESTS OF MODEL FIT

Chi-Square Test of Model Fit

          Value                             61.092*
          Degrees of Freedom                     7**
          P-Value                           0.0000

*   The chi-square value for MLM, MLMV, MLR, ULSMV, WLSM and WLSMV cannot be used
    for chi-square difference tests.  MLM, MLR and WLSM chi-square difference
    testing is described in the Mplus Technical Appendices at www.statmodel.com.
    See chi-square difference testing in the index of the Mplus User's Guide.

**  The degrees of freedom for MLMV, ULSMV and WLSMV are estimated according to
    a formula given in the Mplus Technical Appendices at www.statmodel.com.
    See degrees of freedom in the index of the Mplus User's Guide.

Chi-Square Test of Model Fit for the Baseline Model

          Value                            558.240
          Degrees of Freedom                     8
          P-Value                           0.0000

CFI/TLI

          CFI                                0.902
          TLI                                0.888

Number of Free Parameters                       30

RMSEA (Root Mean Square Error Of Approximation)

          Estimate                           0.146

WRMR (Weighted Root Mean Square Residual)

          Value                              1.064



MODEL RESULTS

                                                    Two-Tailed
                    Estimate       S.E.  Est./S.E.    P-Value

 SHY      BY
    E40                1.000      0.000    999.000    999.000
    E255               0.759      0.089      8.488      0.000
    E32                0.861      0.090      9.551      0.000
    E124              -1.174      0.101    -11.655      0.000
    E294              -1.224      0.106    -11.524      0.000
    E142               0.777      0.099      7.869      0.000

 Thresholds
    E40$1             -1.461      0.099    -14.735      0.000
    E40$2             -0.535      0.070     -7.694      0.000
    E40$3              0.433      0.068      6.347      0.000
    E40$4              1.112      0.083     13.376      0.000
    E255$1            -1.481      0.100    -14.763      0.000
    E255$2            -0.192      0.066     -2.893      0.004
    E255$3             0.767      0.074     10.430      0.000
    E255$4             1.503      0.102     14.786      0.000
    E32$1             -0.980      0.079    -12.429      0.000
    E32$2              0.024      0.066      0.368      0.713
    E32$3              0.776      0.074     10.528      0.000
    E32$4              1.481      0.100     14.763      0.000
    E124$1            -2.067      0.154    -13.429      0.000
    E124$2            -1.283      0.090    -14.251      0.000
    E124$3            -0.271      0.067     -4.048      0.000
    E124$4             0.694      0.072      9.632      0.000
    E294$1            -1.874      0.131    -14.278      0.000
    E294$2            -0.992      0.079    -12.519      0.000
    E294$3             0.003      0.066      0.053      0.958
    E294$4             1.038      0.081     12.872      0.000
    E142$1            -0.834      0.075    -11.115      0.000
    E142$2             0.003      0.066      0.053      0.958
    E142$3             0.874      0.076     11.499      0.000
    E142$4             1.570      0.106     14.820      0.000

 Variances
    SHY                0.368      0.052      7.031      0.000


STANDARDIZED MODEL RESULTS


STDYX Standardization

                                                    Two-Tailed
                    Estimate       S.E.  Est./S.E.    P-Value

 SHY      BY
    E40                0.606      0.043     14.062      0.000
    E255               0.460      0.044     10.499      0.000
    E32                0.522      0.043     12.260      0.000
    E124              -0.712      0.036    -19.852      0.000
    E294              -0.742      0.033    -22.474      0.000
    E142               0.471      0.050      9.456      0.000

 Thresholds
    E40$1             -1.461      0.099    -14.735      0.000
    E40$2             -0.535      0.070     -7.694      0.000
    E40$3              0.433      0.068      6.347      0.000
    E40$4              1.112      0.083     13.376      0.000
    E255$1            -1.481      0.100    -14.763      0.000
    E255$2            -0.192      0.066     -2.893      0.004
    E255$3             0.767      0.074     10.430      0.000
    E255$4             1.503      0.102     14.786      0.000
    E32$1             -0.980      0.079    -12.429      0.000
    E32$2              0.024      0.066      0.368      0.713
    E32$3              0.776      0.074     10.528      0.000
    E32$4              1.481      0.100     14.763      0.000
    E124$1            -2.067      0.154    -13.429      0.000
    E124$2            -1.283      0.090    -14.251      0.000
    E124$3            -0.271      0.067     -4.048      0.000
    E124$4             0.694      0.072      9.632      0.000
    E294$1            -1.874      0.131    -14.278      0.000
    E294$2            -0.992      0.079    -12.519      0.000
    E294$3             0.003      0.066      0.053      0.958
    E294$4             1.038      0.081     12.872      0.000
    E142$1            -0.834      0.075    -11.115      0.000
    E142$2             0.003      0.066      0.053      0.958
    E142$3             0.874      0.076     11.499      0.000
    E142$4             1.570      0.106     14.820      0.000

 Variances
    SHY                1.000      0.000    999.000    999.000


R-SQUARE

    Observed                                        Two-Tailed   Residual
    Variable        Estimate       S.E.  Est./S.E.    P-Value    Variance

    E40                0.368      0.052      7.031      0.000      0.632
    E255               0.212      0.040      5.250      0.000      0.788
    E32                0.273      0.045      6.130      0.000      0.727
    E124               0.506      0.051      9.926      0.000      0.494
    E294               0.551      0.049     11.237      0.000      0.449
    E142               0.222      0.047      4.728      0.000      0.778


QUALITY OF NUMERICAL RESULTS

     Condition Number for the Information Matrix              0.566E-02
       (ratio of smallest to largest eigenvalue)


MODEL MODIFICATION INDICES

NOTE:  Modification indices for direct effects of observed dependent variables
regressed on covariates and residual covariances among observed dependent
variables may not be included.  To include these, request MODINDICES (ALL).

Minimum M.I. value for printing the modification index     1.000

                            M.I.     E.P.C.  Std E.P.C.  StdYX E.P.C.

No modification indices above the minimum value.



     Beginning Time:  11:56:52
        Ending Time:  11:56:53
       Elapsed Time:  00:00:01



MUTHEN & MUTHEN
3463 Stoner Ave.
Los Angeles, CA  90066

Tel: (310) 391-9971
Fax: (310) 391-8971
Web: www.StatModel.com
Support: Support@StatModel.com

Copyright (c) 1998-2008 Muthen & Muthen
