Mplus VERSION 7.1
MUTHEN & MUTHEN
04/15/2015  11:49 AM

INPUT INSTRUCTIONS

  TITLE:

  DATA:
  FILE IS  "extraversion CFA Sample.txt";
  Variable:
  Names are
  respid
  e174
  e327
  e276
  e197
  e58
  e294
  e4
  e166
  e316
  e131
  e228
  e98
  e290
  e288
  e196
  e32
  e123
  e102
  e125
  e112
  e103
  e60
  e306
  e182
  e235
  e40
  e95
  e19
  e242
  e259
  e231
  e164
  e341
  e245
  e28
  e217
  e280
  e238
  e229
  e56
  e311
  e80
  e257
  e49
  e130
  e304
  e255
  e286
  e329
  e24
  e335
  e83
  e208
  e260
  e315
  e29
  e277
  e31
  e139
  e220
  e142
  e34
  e84
  e216
  e124
  e274
  e219
  e57
  e30
  e158
  e99
  e214
  e207
  e132
  e232
  e241
  e55
  e322
  e118
  e233
  e191
  Filter
  filter_
  ;

  USEVARIABLES ARE
  e257 e58 e118 e112 e57 e125 e158 e196 e327 e259
  ;

  MISSING ARE ALL (-99);
  categorical are all;

  Model:

  reclusiv by e257 e58 e118 e112 e57 e125 e158 e196 e327 e259;

  Analysis:
  ESTIMATOR IS WLSMV;

  OUTPUT: STDYX MODINDICES(4);



*** WARNING
  Data set contains cases with missing on all variables.
  These cases were not included in the analysis.
  Number of cases with missing on all variables:  2
   1 WARNING(S) FOUND IN THE INPUT INSTRUCTIONS




SUMMARY OF ANALYSIS

Number of groups                                                 1
Number of observations                                         361

Number of dependent variables                                   10
Number of independent variables                                  0
Number of continuous latent variables                            1

Observed dependent variables

  Binary and ordered categorical (ordinal)
   E257        E58         E118        E112        E57         E125
   E158        E196        E327        E259

Continuous latent variables
   RECLUSIV


Estimator                                                    WLSMV
Maximum number of iterations                                  1000
Convergence criterion                                    0.500D-04
Maximum number of steepest descent iterations                   20
Maximum number of iterations for H1                           2000
Convergence criterion for H1                             0.100D-03
Parameterization                                             DELTA

Input data file(s)
  extraversion CFA Sample.txt

Input data format  FREE


SUMMARY OF DATA

     Number of missing data patterns             1


COVARIANCE COVERAGE OF DATA

Minimum covariance coverage value   0.100


     PROPORTION OF DATA PRESENT


           Covariance Coverage
              E257          E58           E118          E112          E57
              ________      ________      ________      ________      ________
 E257           1.000
 E58            1.000         1.000
 E118           1.000         1.000         1.000
 E112           1.000         1.000         1.000         1.000
 E57            1.000         1.000         1.000         1.000         1.000
 E125           1.000         1.000         1.000         1.000         1.000
 E158           1.000         1.000         1.000         1.000         1.000
 E196           1.000         1.000         1.000         1.000         1.000
 E327           1.000         1.000         1.000         1.000         1.000
 E259           1.000         1.000         1.000         1.000         1.000


           Covariance Coverage
              E125          E158          E196          E327          E259
              ________      ________      ________      ________      ________
 E125           1.000
 E158           1.000         1.000
 E196           1.000         1.000         1.000
 E327           1.000         1.000         1.000         1.000
 E259           1.000         1.000         1.000         1.000         1.000


UNIVARIATE PROPORTIONS AND COUNTS FOR CATEGORICAL VARIABLES

    E257
      Category 1    0.136       49.000
      Category 2    0.294      106.000
      Category 3    0.407      147.000
      Category 4    0.108       39.000
      Category 5    0.055       20.000
    E58
      Category 1    0.283      102.000
      Category 2    0.410      148.000
      Category 3    0.244       88.000
      Category 4    0.055       20.000
      Category 5    0.008        3.000
    E118
      Category 1    0.022        8.000
      Category 2    0.102       37.000
      Category 3    0.338      122.000
      Category 4    0.341      123.000
      Category 5    0.197       71.000
    E112
      Category 1    0.053       19.000
      Category 2    0.163       59.000
      Category 3    0.416      150.000
      Category 4    0.227       82.000
      Category 5    0.141       51.000
    E57
      Category 1    0.233       84.000
      Category 2    0.499      180.000
      Category 3    0.213       77.000
      Category 4    0.036       13.000
      Category 5    0.019        7.000
    E125
      Category 1    0.222       80.000
      Category 2    0.355      128.000
      Category 3    0.285      103.000
      Category 4    0.091       33.000
      Category 5    0.047       17.000
    E158
      Category 1    0.116       42.000
      Category 2    0.380      137.000
      Category 3    0.341      123.000
      Category 4    0.136       49.000
      Category 5    0.028       10.000
    E196
      Category 1    0.155       56.000
      Category 2    0.343      124.000
      Category 3    0.357      129.000
      Category 4    0.114       41.000
      Category 5    0.030       11.000
    E327
      Category 1    0.028       10.000
      Category 2    0.083       30.000
      Category 3    0.274       99.000
      Category 4    0.366      132.000
      Category 5    0.249       90.000
    E259
      Category 1    0.028       10.000
      Category 2    0.122       44.000
      Category 3    0.357      129.000
      Category 4    0.316      114.000
      Category 5    0.177       64.000



THE MODEL ESTIMATION TERMINATED NORMALLY



MODEL FIT INFORMATION

Number of Free Parameters                       50

Chi-Square Test of Model Fit

          Value                            244.906*
          Degrees of Freedom                    35
          P-Value                           0.0000

*   The chi-square value for MLM, MLMV, MLR, ULSMV, WLSM and WLSMV cannot be used
    for chi-square difference testing in the regular way.  MLM, MLR and WLSM
    chi-square difference testing is described on the Mplus website.  MLMV, WLSMV,
    and ULSMV difference testing is done using the DIFFTEST option.

RMSEA (Root Mean Square Error Of Approximation)

          Estimate                           0.129
          90 Percent C.I.                    0.114  0.144
          Probability RMSEA <= .05           0.000

CFI/TLI

          CFI                                0.888
          TLI                                0.856

Chi-Square Test of Model Fit for the Baseline Model

          Value                           1924.568
          Degrees of Freedom                    45
          P-Value                           0.0000

WRMR (Weighted Root Mean Square Residual)

          Value                              1.432



MODEL RESULTS

                                                    Two-Tailed
                    Estimate       S.E.  Est./S.E.    P-Value

 RECLUSIV BY
    E257               1.000      0.000    999.000    999.000
    E58                0.778      0.048     16.117      0.000
    E118               0.853      0.042     20.432      0.000
    E112               0.704      0.049     14.438      0.000
    E57                0.917      0.042     21.581      0.000
    E125               0.573      0.055     10.472      0.000
    E158               0.288      0.064      4.493      0.000
    E196               0.264      0.058      4.547      0.000
    E327              -0.817      0.044    -18.569      0.000
    E259               0.517      0.054      9.543      0.000

 Thresholds
    E257$1            -1.100      0.083    -13.294      0.000
    E257$2            -0.178      0.066     -2.683      0.007
    E257$3             0.980      0.079     12.429      0.000
    E257$4             1.595      0.108     14.818      0.000
    E58$1             -0.575      0.070     -8.208      0.000
    E58$2              0.503      0.069      7.281      0.000
    E58$3              1.524      0.103     14.804      0.000
    E58$4              2.395      0.211     11.361      0.000
    E118$1            -2.011      0.147    -13.707      0.000
    E118$2            -1.152      0.085    -13.614      0.000
    E118$3            -0.094      0.066     -1.421      0.155
    E118$4             0.854      0.075     11.308      0.000
    E112$1            -1.620      0.109    -14.807      0.000
    E112$2            -0.786      0.074    -10.627      0.000
    E112$3             0.336      0.067      4.991      0.000
    E112$4             1.075      0.082     13.128      0.000
    E57$1             -0.730      0.073    -10.032      0.000
    E57$2              0.617      0.071      8.720      0.000
    E57$3              1.595      0.108     14.818      0.000
    E57$4              2.067      0.154     13.429      0.000
    E125$1            -0.767      0.074    -10.430      0.000
    E125$2             0.192      0.066      2.893      0.004
    E125$3             1.087      0.082     13.212      0.000
    E125$4             1.674      0.113     14.758      0.000
    E158$1            -1.193      0.086    -13.841      0.000
    E158$2            -0.010      0.066     -0.158      0.875
    E158$3             0.980      0.079     12.429      0.000
    E158$4             1.916      0.136     14.123      0.000
    E196$1            -1.015      0.080    -12.697      0.000
    E196$2            -0.003      0.066     -0.053      0.958
    E196$3             1.062      0.081     13.043      0.000
    E196$4             1.874      0.131     14.278      0.000
    E327$1            -1.916      0.136    -14.123      0.000
    E327$2            -1.222      0.087    -13.985      0.000
    E327$3            -0.292      0.067     -4.362      0.000
    E327$4             0.677      0.072      9.430      0.000
    E259$1            -1.916      0.136    -14.123      0.000
    E259$2            -1.038      0.081    -12.872      0.000
    E259$3             0.017      0.066      0.263      0.792
    E259$4             0.926      0.077     11.970      0.000

 Variances
    RECLUSIV           0.653      0.037     17.854      0.000


STANDARDIZED MODEL RESULTS


STDYX Standardization

                                                    Two-Tailed
                    Estimate       S.E.  Est./S.E.    P-Value

 RECLUSIV BY
    E257               0.808      0.023     35.709      0.000
    E58                0.629      0.037     17.163      0.000
    E118               0.689      0.031     22.580      0.000
    E112               0.569      0.038     14.982      0.000
    E57                0.741      0.030     24.830      0.000
    E125               0.463      0.042     10.959      0.000
    E158               0.233      0.052      4.515      0.000
    E196               0.214      0.047      4.537      0.000
    E327              -0.660      0.034    -19.540      0.000
    E259               0.418      0.044      9.446      0.000

 Thresholds
    E257$1            -1.100      0.083    -13.294      0.000
    E257$2            -0.178      0.066     -2.683      0.007
    E257$3             0.980      0.079     12.429      0.000
    E257$4             1.595      0.108     14.818      0.000
    E58$1             -0.575      0.070     -8.208      0.000
    E58$2              0.503      0.069      7.281      0.000
    E58$3              1.524      0.103     14.804      0.000
    E58$4              2.395      0.211     11.361      0.000
    E118$1            -2.011      0.147    -13.707      0.000
    E118$2            -1.152      0.085    -13.614      0.000
    E118$3            -0.094      0.066     -1.421      0.155
    E118$4             0.854      0.075     11.308      0.000
    E112$1            -1.620      0.109    -14.807      0.000
    E112$2            -0.786      0.074    -10.627      0.000
    E112$3             0.336      0.067      4.991      0.000
    E112$4             1.075      0.082     13.128      0.000
    E57$1             -0.730      0.073    -10.032      0.000
    E57$2              0.617      0.071      8.720      0.000
    E57$3              1.595      0.108     14.818      0.000
    E57$4              2.067      0.154     13.429      0.000
    E125$1            -0.767      0.074    -10.430      0.000
    E125$2             0.192      0.066      2.893      0.004
    E125$3             1.087      0.082     13.212      0.000
    E125$4             1.674      0.113     14.758      0.000
    E158$1            -1.193      0.086    -13.841      0.000
    E158$2            -0.010      0.066     -0.158      0.875
    E158$3             0.980      0.079     12.429      0.000
    E158$4             1.916      0.136     14.123      0.000
    E196$1            -1.015      0.080    -12.697      0.000
    E196$2            -0.003      0.066     -0.053      0.958
    E196$3             1.062      0.081     13.043      0.000
    E196$4             1.874      0.131     14.278      0.000
    E327$1            -1.916      0.136    -14.123      0.000
    E327$2            -1.222      0.087    -13.985      0.000
    E327$3            -0.292      0.067     -4.362      0.000
    E327$4             0.677      0.072      9.430      0.000
    E259$1            -1.916      0.136    -14.123      0.000
    E259$2            -1.038      0.081    -12.872      0.000
    E259$3             0.017      0.066      0.263      0.792
    E259$4             0.926      0.077     11.970      0.000

 Variances
    RECLUSIV           1.000      0.000    999.000    999.000


R-SQUARE

    Observed                                        Two-Tailed   Residual
    Variable        Estimate       S.E.  Est./S.E.    P-Value    Variance

    E257               0.653      0.037     17.854      0.000      0.347
    E58                0.396      0.046      8.582      0.000      0.604
    E118               0.475      0.042     11.290      0.000      0.525
    E112               0.323      0.043      7.491      0.000      0.677
    E57                0.549      0.044     12.415      0.000      0.451
    E125               0.215      0.039      5.479      0.000      0.785
    E158               0.054      0.024      2.258      0.024      0.946
    E196               0.046      0.020      2.269      0.023      0.954
    E327               0.436      0.045      9.770      0.000      0.564
    E259               0.174      0.037      4.723      0.000      0.826


QUALITY OF NUMERICAL RESULTS

     Condition Number for the Information Matrix              0.371E-02
       (ratio of smallest to largest eigenvalue)


MODEL MODIFICATION INDICES

NOTE:  Modification indices for direct effects of observed dependent variables
regressed on covariates and residual covariances among observed dependent
variables may not be included.  To include these, request MODINDICES (ALL).

Minimum M.I. value for printing the modification index     4.000

                                   M.I.     E.P.C.  Std E.P.C.  StdYX E.P.C.

No modification indices above the minimum value.



DIAGRAM INFORMATION

  Use View Diagram under the Diagram menu in the Mplus Editor to view the diagram.
  If running Mplus from the Mplus Diagrammer, the diagram opens automatically.

  Diagram output
    f:\ipip paper\sample_usa\cfa\extraversion\extraversion cfa sample - messmodell reclusiveness.dgm

     Beginning Time:  11:49:52
        Ending Time:  11:49:53
       Elapsed Time:  00:00:01



MUTHEN & MUTHEN
3463 Stoner Ave.
Los Angeles, CA  90066

Tel: (310) 391-9971
Fax: (310) 391-8971
Web: www.StatModel.com
Support: Support@StatModel.com

Copyright (c) 1998-2013 Muthen & Muthen
