Mplus VERSION 7.1
MUTHEN & MUTHEN
04/15/2015  11:58 AM

INPUT INSTRUCTIONS

  TITLE:

  DATA:
  FILE IS  "extraversion CFA Sample.txt";
  Variable:
  Names are
  respid
  e174
  e327
  e276
  e197
  e58
  e294
  e4
  e166
  e316
  e131
  e228
  e98
  e290
  e288
  e196
  e32
  e123
  e102
  e125
  e112
  e103
  e60
  e306
  e182
  e235
  e40
  e95
  e19
  e242
  e259
  e231
  e164
  e341
  e245
  e28
  e217
  e280
  e238
  e229
  e56
  e311
  e80
  e257
  e49
  e130
  e304
  e255
  e286
  e329
  e24
  e335
  e83
  e208
  e260
  e315
  e29
  e277
  e31
  e139
  e220
  e142
  e34
  e84
  e216
  e124
  e274
  e219
  e57
  e30
  e158
  e99
  e214
  e207
  e132
  e232
  e241
  e55
  e322
  e118
  e233
  e191
  Filter
  filter_
  ;

  USEVARIABLES ARE
  e34
  e315
  e31
  e219
  e164
  e322
  e55
  e83
  e191
  e197
  e132
  ;

  MISSING ARE ALL (-99);
  categorical are all;

  Model:

  humor by
  e34
  e315
  e31
  e219
  e164
  e322
  e55
  e83
  e191
  e197
  e132;


  Analysis:
  ESTIMATOR IS WLSMV;

  OUTPUT: STDYX MODINDICES(4);



*** WARNING
  Data set contains cases with missing on all variables.
  These cases were not included in the analysis.
  Number of cases with missing on all variables:  2
   1 WARNING(S) FOUND IN THE INPUT INSTRUCTIONS




SUMMARY OF ANALYSIS

Number of groups                                                 1
Number of observations                                         361

Number of dependent variables                                   11
Number of independent variables                                  0
Number of continuous latent variables                            1

Observed dependent variables

  Binary and ordered categorical (ordinal)
   E34         E315        E31         E219        E164        E322
   E55         E83         E191        E197        E132

Continuous latent variables
   HUMOR


Estimator                                                    WLSMV
Maximum number of iterations                                  1000
Convergence criterion                                    0.500D-04
Maximum number of steepest descent iterations                   20
Maximum number of iterations for H1                           2000
Convergence criterion for H1                             0.100D-03
Parameterization                                             DELTA

Input data file(s)
  extraversion CFA Sample.txt

Input data format  FREE


SUMMARY OF DATA

     Number of missing data patterns             1


COVARIANCE COVERAGE OF DATA

Minimum covariance coverage value   0.100


     PROPORTION OF DATA PRESENT


           Covariance Coverage
              E34           E315          E31           E219          E164
              ________      ________      ________      ________      ________
 E34            1.000
 E315           1.000         1.000
 E31            1.000         1.000         1.000
 E219           1.000         1.000         1.000         1.000
 E164           1.000         1.000         1.000         1.000         1.000
 E322           1.000         1.000         1.000         1.000         1.000
 E55            1.000         1.000         1.000         1.000         1.000
 E83            1.000         1.000         1.000         1.000         1.000
 E191           1.000         1.000         1.000         1.000         1.000
 E197           1.000         1.000         1.000         1.000         1.000
 E132           1.000         1.000         1.000         1.000         1.000


           Covariance Coverage
              E322          E55           E83           E191          E197
              ________      ________      ________      ________      ________
 E322           1.000
 E55            1.000         1.000
 E83            1.000         1.000         1.000
 E191           1.000         1.000         1.000         1.000
 E197           1.000         1.000         1.000         1.000         1.000
 E132           1.000         1.000         1.000         1.000         1.000


           Covariance Coverage
              E132
              ________
 E132           1.000


UNIVARIATE PROPORTIONS AND COUNTS FOR CATEGORICAL VARIABLES

    E34
      Category 1    0.042       15.000
      Category 2    0.180       65.000
      Category 3    0.288      104.000
      Category 4    0.294      106.000
      Category 5    0.197       71.000
    E315
      Category 1    0.014        5.000
      Category 2    0.050       18.000
      Category 3    0.238       86.000
      Category 4    0.363      131.000
      Category 5    0.335      121.000
    E31
      Category 1    0.116       42.000
      Category 2    0.252       91.000
      Category 3    0.307      111.000
      Category 4    0.216       78.000
      Category 5    0.108       39.000
    E219
      Category 1    0.008        3.000
      Category 2    0.069       25.000
      Category 3    0.191       69.000
      Category 4    0.360      130.000
      Category 5    0.371      134.000
    E164
      Category 1    0.030       11.000
      Category 2    0.102       37.000
      Category 3    0.327      118.000
      Category 4    0.310      112.000
      Category 5    0.230       83.000
    E322
      Category 1    0.064       23.000
      Category 2    0.147       53.000
      Category 3    0.310      112.000
      Category 4    0.330      119.000
      Category 5    0.150       54.000
    E55
      Category 1    0.030       11.000
      Category 2    0.116       42.000
      Category 3    0.283      102.000
      Category 4    0.366      132.000
      Category 5    0.205       74.000
    E83
      Category 1    0.011        4.000
      Category 2    0.039       14.000
      Category 3    0.219       79.000
      Category 4    0.452      163.000
      Category 5    0.280      101.000
    E191
      Category 1    0.022        8.000
      Category 2    0.078       28.000
      Category 3    0.224       81.000
      Category 4    0.321      116.000
      Category 5    0.355      128.000
    E197
      Category 1    0.008        3.000
      Category 2    0.125       45.000
      Category 3    0.391      141.000
      Category 4    0.316      114.000
      Category 5    0.161       58.000
    E132
      Category 1    0.271       98.000
      Category 2    0.366      132.000
      Category 3    0.255       92.000
      Category 4    0.069       25.000
      Category 5    0.039       14.000



THE MODEL ESTIMATION TERMINATED NORMALLY



MODEL FIT INFORMATION

Number of Free Parameters                       55

Chi-Square Test of Model Fit

          Value                            186.718*
          Degrees of Freedom                    44
          P-Value                           0.0000

*   The chi-square value for MLM, MLMV, MLR, ULSMV, WLSM and WLSMV cannot be used
    for chi-square difference testing in the regular way.  MLM, MLR and WLSM
    chi-square difference testing is described on the Mplus website.  MLMV, WLSMV,
    and ULSMV difference testing is done using the DIFFTEST option.

RMSEA (Root Mean Square Error Of Approximation)

          Estimate                           0.095
          90 Percent C.I.                    0.081  0.109
          Probability RMSEA <= .05           0.000

CFI/TLI

          CFI                                0.942
          TLI                                0.927

Chi-Square Test of Model Fit for the Baseline Model

          Value                           2500.341
          Degrees of Freedom                    55
          P-Value                           0.0000

WRMR (Weighted Root Mean Square Residual)

          Value                              1.092



MODEL RESULTS

                                                    Two-Tailed
                    Estimate       S.E.  Est./S.E.    P-Value

 HUMOR    BY
    E34                1.000      0.000    999.000    999.000
    E315               1.122      0.047     24.129      0.000
    E31                0.717      0.049     14.585      0.000
    E219               0.954      0.049     19.645      0.000
    E164               0.759      0.054     13.963      0.000
    E322               0.732      0.052     14.156      0.000
    E55                0.768      0.054     14.095      0.000
    E83                0.803      0.053     15.196      0.000
    E191               0.784      0.053     14.709      0.000
    E197               0.393      0.068      5.744      0.000
    E132              -0.223      0.067     -3.312      0.001

 Thresholds
    E34$1             -1.733      0.118    -14.664      0.000
    E34$2             -0.767      0.074    -10.430      0.000
    E34$3              0.024      0.066      0.368      0.713
    E34$4              0.854      0.075     11.308      0.000
    E315$1            -2.201      0.174    -12.655      0.000
    E315$2            -1.524      0.103    -14.804      0.000
    E315$3            -0.519      0.069     -7.487      0.000
    E315$4             0.426      0.068      6.243      0.000
    E31$1             -1.193      0.086    -13.841      0.000
    E31$2             -0.336      0.067     -4.991      0.000
    E31$3              0.456      0.069      6.659      0.000
    E31$4              1.237      0.088     14.054      0.000
    E219$1            -2.395      0.211    -11.361      0.000
    E219$2            -1.422      0.097    -14.665      0.000
    E219$3            -0.617      0.071     -8.720      0.000
    E219$4             0.329      0.067      4.886      0.000
    E164$1            -1.874      0.131    -14.278      0.000
    E164$2            -1.112      0.083    -13.376      0.000
    E164$3            -0.101      0.066     -1.526      0.127
    E164$4             0.739      0.073     10.132      0.000
    E322$1            -1.524      0.103    -14.804      0.000
    E322$2            -0.805      0.074    -10.823      0.000
    E322$3             0.052      0.066      0.789      0.430
    E322$4             1.038      0.081     12.872      0.000
    E55$1             -1.874      0.131    -14.278      0.000
    E55$2             -1.050      0.081    -12.958      0.000
    E55$3             -0.178      0.066     -2.683      0.007
    E55$4              0.824      0.075     11.018      0.000
    E83$1             -2.288      0.189    -12.101      0.000
    E83$2             -1.646      0.111    -14.788      0.000
    E83$3             -0.617      0.071     -8.720      0.000
    E83$4              0.583      0.070      8.311      0.000
    E191$1            -2.011      0.147    -13.707      0.000
    E191$2            -1.283      0.090    -14.251      0.000
    E191$3            -0.456      0.069     -6.659      0.000
    E191$4             0.373      0.068      5.513      0.000
    E197$1            -2.395      0.211    -11.361      0.000
    E197$2            -1.112      0.083    -13.376      0.000
    E197$3             0.059      0.066      0.895      0.371
    E197$4             0.992      0.079     12.519      0.000
    E132$1            -0.608      0.071     -8.618      0.000
    E132$2             0.351      0.067      5.200      0.000
    E132$3             1.237      0.088     14.054      0.000
    E132$4             1.765      0.121     14.596      0.000

 Variances
    HUMOR              0.592      0.042     14.200      0.000


STANDARDIZED MODEL RESULTS


STDYX Standardization

                                                    Two-Tailed
                    Estimate       S.E.  Est./S.E.    P-Value

 HUMOR    BY
    E34                0.770      0.027     28.399      0.000
    E315               0.864      0.022     39.971      0.000
    E31                0.551      0.038     14.604      0.000
    E219               0.734      0.031     23.739      0.000
    E164               0.584      0.038     15.408      0.000
    E322               0.563      0.037     15.343      0.000
    E55                0.591      0.038     15.699      0.000
    E83                0.618      0.037     16.888      0.000
    E191               0.603      0.038     15.789      0.000
    E197               0.303      0.051      5.920      0.000
    E132              -0.172      0.052     -3.320      0.001

 Thresholds
    E34$1             -1.733      0.118    -14.664      0.000
    E34$2             -0.767      0.074    -10.430      0.000
    E34$3              0.024      0.066      0.368      0.713
    E34$4              0.854      0.075     11.308      0.000
    E315$1            -2.201      0.174    -12.655      0.000
    E315$2            -1.524      0.103    -14.804      0.000
    E315$3            -0.519      0.069     -7.487      0.000
    E315$4             0.426      0.068      6.243      0.000
    E31$1             -1.193      0.086    -13.841      0.000
    E31$2             -0.336      0.067     -4.991      0.000
    E31$3              0.456      0.069      6.659      0.000
    E31$4              1.237      0.088     14.054      0.000
    E219$1            -2.395      0.211    -11.361      0.000
    E219$2            -1.422      0.097    -14.665      0.000
    E219$3            -0.617      0.071     -8.720      0.000
    E219$4             0.329      0.067      4.886      0.000
    E164$1            -1.874      0.131    -14.278      0.000
    E164$2            -1.112      0.083    -13.376      0.000
    E164$3            -0.101      0.066     -1.526      0.127
    E164$4             0.739      0.073     10.132      0.000
    E322$1            -1.524      0.103    -14.804      0.000
    E322$2            -0.805      0.074    -10.823      0.000
    E322$3             0.052      0.066      0.789      0.430
    E322$4             1.038      0.081     12.872      0.000
    E55$1             -1.874      0.131    -14.278      0.000
    E55$2             -1.050      0.081    -12.958      0.000
    E55$3             -0.178      0.066     -2.683      0.007
    E55$4              0.824      0.075     11.018      0.000
    E83$1             -2.288      0.189    -12.101      0.000
    E83$2             -1.646      0.111    -14.788      0.000
    E83$3             -0.617      0.071     -8.720      0.000
    E83$4              0.583      0.070      8.311      0.000
    E191$1            -2.011      0.147    -13.707      0.000
    E191$2            -1.283      0.090    -14.251      0.000
    E191$3            -0.456      0.069     -6.659      0.000
    E191$4             0.373      0.068      5.513      0.000
    E197$1            -2.395      0.211    -11.361      0.000
    E197$2            -1.112      0.083    -13.376      0.000
    E197$3             0.059      0.066      0.895      0.371
    E197$4             0.992      0.079     12.519      0.000
    E132$1            -0.608      0.071     -8.618      0.000
    E132$2             0.351      0.067      5.200      0.000
    E132$3             1.237      0.088     14.054      0.000
    E132$4             1.765      0.121     14.596      0.000

 Variances
    HUMOR              1.000      0.000    999.000    999.000


R-SQUARE

    Observed                                        Two-Tailed   Residual
    Variable        Estimate       S.E.  Est./S.E.    P-Value    Variance

    E34                0.592      0.042     14.200      0.000      0.408
    E315               0.746      0.037     19.986      0.000      0.254
    E31                0.304      0.042      7.302      0.000      0.696
    E219               0.539      0.045     11.869      0.000      0.461
    E164               0.341      0.044      7.704      0.000      0.659
    E322               0.318      0.041      7.672      0.000      0.682
    E55                0.349      0.044      7.849      0.000      0.651
    E83                0.382      0.045      8.444      0.000      0.618
    E191               0.364      0.046      7.895      0.000      0.636
    E197               0.092      0.031      2.960      0.003      0.908
    E132               0.030      0.018      1.660      0.097      0.970


QUALITY OF NUMERICAL RESULTS

     Condition Number for the Information Matrix              0.233E-02
       (ratio of smallest to largest eigenvalue)


MODEL MODIFICATION INDICES

NOTE:  Modification indices for direct effects of observed dependent variables
regressed on covariates and residual covariances among observed dependent
variables may not be included.  To include these, request MODINDICES (ALL).

Minimum M.I. value for printing the modification index     4.000

                                   M.I.     E.P.C.  Std E.P.C.  StdYX E.P.C.

No modification indices above the minimum value.



DIAGRAM INFORMATION

  Use View Diagram under the Diagram menu in the Mplus Editor to view the diagram.
  If running Mplus from the Mplus Diagrammer, the diagram opens automatically.

  Diagram output
    f:\ipip paper\sample_usa\cfa\extraversion\extraversion cfa sample - messmodell humor.dgm

     Beginning Time:  11:58:06
        Ending Time:  11:58:07
       Elapsed Time:  00:00:01



MUTHEN & MUTHEN
3463 Stoner Ave.
Los Angeles, CA  90066

Tel: (310) 391-9971
Fax: (310) 391-8971
Web: www.StatModel.com
Support: Support@StatModel.com

Copyright (c) 1998-2013 Muthen & Muthen
