Mplus VERSION 7.1
MUTHEN & MUTHEN
04/15/2015  11:54 AM

INPUT INSTRUCTIONS

  TITLE:

  DATA:
  FILE IS  "extraversion CFA Sample.txt";
  Variable:
  Names are
  respid
  e174
  e327
  e276
  e197
  e58
  e294
  e4
  e166
  e316
  e131
  e228
  e98
  e290
  e288
  e196
  e32
  e123
  e102
  e125
  e112
  e103
  e60
  e306
  e182
  e235
  e40
  e95
  e19
  e242
  e259
  e231
  e164
  e341
  e245
  e28
  e217
  e280
  e238
  e229
  e56
  e311
  e80
  e257
  e49
  e130
  e304
  e255
  e286
  e329
  e24
  e335
  e83
  e208
  e260
  e315
  e29
  e277
  e31
  e139
  e220
  e142
  e34
  e84
  e216
  e124
  e274
  e219
  e57
  e30
  e158
  e99
  e214
  e207
  e132
  e232
  e241
  e55
  e322
  e118
  e233
  e191
  Filter
  filter_
  ;

  USEVARIABLES ARE
  e56
  e30
  e329
  e242
  e95
  e166
  e290
  e208
  e220
  e276
  e139
  e80
  e335
  e277
  ;

  MISSING ARE ALL (-99);
  categorical are all;

  Model:

  assertiv by
  e56
  e30
  e329
  e242
  e95
  e166
  e290
  e208
  e220
  e276
  e139
  e80
  e335
  e277;


  Analysis:
  ESTIMATOR IS WLSMV;

  OUTPUT: STDYX MODINDICES(4);



*** WARNING
  Data set contains cases with missing on all variables.
  These cases were not included in the analysis.
  Number of cases with missing on all variables:  2
   1 WARNING(S) FOUND IN THE INPUT INSTRUCTIONS




SUMMARY OF ANALYSIS

Number of groups                                                 1
Number of observations                                         361

Number of dependent variables                                   14
Number of independent variables                                  0
Number of continuous latent variables                            1

Observed dependent variables

  Binary and ordered categorical (ordinal)
   E56         E30         E329        E242        E95         E166
   E290        E208        E220        E276        E139        E80
   E335        E277

Continuous latent variables
   ASSERTIV


Estimator                                                    WLSMV
Maximum number of iterations                                  1000
Convergence criterion                                    0.500D-04
Maximum number of steepest descent iterations                   20
Maximum number of iterations for H1                           2000
Convergence criterion for H1                             0.100D-03
Parameterization                                             DELTA

Input data file(s)
  extraversion CFA Sample.txt

Input data format  FREE


SUMMARY OF DATA

     Number of missing data patterns             1


COVARIANCE COVERAGE OF DATA

Minimum covariance coverage value   0.100


     PROPORTION OF DATA PRESENT


           Covariance Coverage
              E56           E30           E329          E242          E95
              ________      ________      ________      ________      ________
 E56            1.000
 E30            1.000         1.000
 E329           1.000         1.000         1.000
 E242           1.000         1.000         1.000         1.000
 E95            1.000         1.000         1.000         1.000         1.000
 E166           1.000         1.000         1.000         1.000         1.000
 E290           1.000         1.000         1.000         1.000         1.000
 E208           1.000         1.000         1.000         1.000         1.000
 E220           1.000         1.000         1.000         1.000         1.000
 E276           1.000         1.000         1.000         1.000         1.000
 E139           1.000         1.000         1.000         1.000         1.000
 E80            1.000         1.000         1.000         1.000         1.000
 E335           1.000         1.000         1.000         1.000         1.000
 E277           1.000         1.000         1.000         1.000         1.000


           Covariance Coverage
              E166          E290          E208          E220          E276
              ________      ________      ________      ________      ________
 E166           1.000
 E290           1.000         1.000
 E208           1.000         1.000         1.000
 E220           1.000         1.000         1.000         1.000
 E276           1.000         1.000         1.000         1.000         1.000
 E139           1.000         1.000         1.000         1.000         1.000
 E80            1.000         1.000         1.000         1.000         1.000
 E335           1.000         1.000         1.000         1.000         1.000
 E277           1.000         1.000         1.000         1.000         1.000


           Covariance Coverage
              E139          E80           E335          E277
              ________      ________      ________      ________
 E139           1.000
 E80            1.000         1.000
 E335           1.000         1.000         1.000
 E277           1.000         1.000         1.000         1.000


UNIVARIATE PROPORTIONS AND COUNTS FOR CATEGORICAL VARIABLES

    E56
      Category 1    0.069       25.000
      Category 2    0.208       75.000
      Category 3    0.413      149.000
      Category 4    0.222       80.000
      Category 5    0.089       32.000
    E30
      Category 1    0.042       15.000
      Category 2    0.163       59.000
      Category 3    0.280      101.000
      Category 4    0.352      127.000
      Category 5    0.163       59.000
    E329
      Category 1    0.122       44.000
      Category 2    0.332      120.000
      Category 3    0.396      143.000
      Category 4    0.114       41.000
      Category 5    0.036       13.000
    E242
      Category 1    0.238       86.000
      Category 2    0.366      132.000
      Category 3    0.271       98.000
      Category 4    0.094       34.000
      Category 5    0.030       11.000
    E95
      Category 1    0.091       33.000
      Category 2    0.285      103.000
      Category 3    0.357      129.000
      Category 4    0.191       69.000
      Category 5    0.075       27.000
    E166
      Category 1    0.033       12.000
      Category 2    0.133       48.000
      Category 3    0.402      145.000
      Category 4    0.324      117.000
      Category 5    0.108       39.000
    E290
      Category 1    0.147       53.000
      Category 2    0.296      107.000
      Category 3    0.305      110.000
      Category 4    0.150       54.000
      Category 5    0.102       37.000
    E208
      Category 1    0.058       21.000
      Category 2    0.266       96.000
      Category 3    0.391      141.000
      Category 4    0.191       69.000
      Category 5    0.094       34.000
    E220
      Category 1    0.175       63.000
      Category 2    0.319      115.000
      Category 3    0.283      102.000
      Category 4    0.150       54.000
      Category 5    0.075       27.000
    E276
      Category 1    0.177       64.000
      Category 2    0.291      105.000
      Category 3    0.330      119.000
      Category 4    0.155       56.000
      Category 5    0.047       17.000
    E139
      Category 1    0.028       10.000
      Category 2    0.150       54.000
      Category 3    0.321      116.000
      Category 4    0.366      132.000
      Category 5    0.136       49.000
    E80
      Category 1    0.036       13.000
      Category 2    0.155       56.000
      Category 3    0.346      125.000
      Category 4    0.269       97.000
      Category 5    0.194       70.000
    E335
      Category 1    0.175       63.000
      Category 2    0.211       76.000
      Category 3    0.199       72.000
      Category 4    0.183       66.000
      Category 5    0.233       84.000
    E277
      Category 1    0.033       12.000
      Category 2    0.086       31.000
      Category 3    0.285      103.000
      Category 4    0.366      132.000
      Category 5    0.230       83.000



THE MODEL ESTIMATION TERMINATED NORMALLY



MODEL FIT INFORMATION

Number of Free Parameters                       70

Chi-Square Test of Model Fit

          Value                            744.904*
          Degrees of Freedom                    77
          P-Value                           0.0000

*   The chi-square value for MLM, MLMV, MLR, ULSMV, WLSM and WLSMV cannot be used
    for chi-square difference testing in the regular way.  MLM, MLR and WLSM
    chi-square difference testing is described on the Mplus website.  MLMV, WLSMV,
    and ULSMV difference testing is done using the DIFFTEST option.

RMSEA (Root Mean Square Error Of Approximation)

          Estimate                           0.155
          90 Percent C.I.                    0.145  0.165
          Probability RMSEA <= .05           0.000

CFI/TLI

          CFI                                0.782
          TLI                                0.742

Chi-Square Test of Model Fit for the Baseline Model

          Value                           3154.546
          Degrees of Freedom                    91
          P-Value                           0.0000

WRMR (Weighted Root Mean Square Residual)

          Value                              2.033



MODEL RESULTS

                                                    Two-Tailed
                    Estimate       S.E.  Est./S.E.    P-Value

 ASSERTIV BY
    E56                1.000      0.000    999.000    999.000
    E30                1.223      0.082     14.923      0.000
    E329              -1.033      0.072    -14.441      0.000
    E242               1.212      0.092     13.161      0.000
    E95                1.244      0.082     15.118      0.000
    E166               1.125      0.086     13.053      0.000
    E290               1.013      0.092     10.996      0.000
    E208               0.858      0.072     11.852      0.000
    E220               1.047      0.083     12.585      0.000
    E276              -0.921      0.087    -10.544      0.000
    E139               1.229      0.086     14.231      0.000
    E80                0.984      0.083     11.849      0.000
    E335              -0.836      0.089     -9.396      0.000
    E277               1.025      0.087     11.851      0.000

 Thresholds
    E56$1             -1.481      0.100    -14.763      0.000
    E56$2             -0.592      0.070     -8.413      0.000
    E56$3              0.495      0.069      7.177      0.000
    E56$4              1.349      0.093     14.481      0.000
    E30$1             -1.733      0.118    -14.664      0.000
    E30$2             -0.824      0.075    -11.018      0.000
    E30$3             -0.038      0.066     -0.579      0.563
    E30$4              0.980      0.079     12.429      0.000
    E329$1            -1.166      0.085    -13.691      0.000
    E329$2            -0.115      0.066     -1.736      0.082
    E329$3             1.038      0.081     12.872      0.000
    E329$4             1.799      0.124     14.510      0.000
    E242$1            -0.712      0.072     -9.832      0.000
    E242$2             0.263      0.067      3.943      0.000
    E242$3             1.152      0.085     13.614      0.000
    E242$4             1.874      0.131     14.278      0.000
    E95$1             -1.332      0.092    -14.427      0.000
    E95$2             -0.314      0.067     -4.677      0.000
    E95$3              0.625      0.071      8.822      0.000
    E95$4              1.441      0.098     14.702      0.000
    E166$1            -1.835      0.127    -14.406      0.000
    E166$2            -0.969      0.079    -12.338      0.000
    E166$3             0.171      0.066      2.578      0.010
    E166$4             1.237      0.088     14.054      0.000
    E290$1            -1.050      0.081    -12.958      0.000
    E290$2            -0.143      0.066     -2.157      0.031
    E290$3             0.668      0.072      9.329      0.000
    E290$4             1.267      0.089     14.187      0.000
    E208$1            -1.570      0.106    -14.820      0.000
    E208$2            -0.456      0.069     -6.659      0.000
    E208$3             0.567      0.070      8.105      0.000
    E208$4             1.315      0.092     14.371      0.000
    E220$1            -0.936      0.078    -12.063      0.000
    E220$2            -0.017      0.066     -0.263      0.792
    E220$3             0.757      0.073     10.331      0.000
    E220$4             1.441      0.098     14.702      0.000
    E276$1            -0.926      0.077    -11.970      0.000
    E276$2            -0.080      0.066     -1.210      0.226
    E276$3             0.834      0.075     11.115      0.000
    E276$4             1.674      0.113     14.758      0.000
    E139$1            -1.916      0.136    -14.123      0.000
    E139$2            -0.926      0.077    -11.970      0.000
    E139$3            -0.003      0.066     -0.053      0.958
    E139$4             1.100      0.083     13.294      0.000
    E80$1             -1.799      0.124    -14.510      0.000
    E80$2             -0.874      0.076    -11.499      0.000
    E80$3              0.094      0.066      1.421      0.155
    E80$4              0.864      0.076     11.403      0.000
    E335$1            -0.936      0.078    -12.063      0.000
    E335$2            -0.292      0.067     -4.362      0.000
    E335$3             0.213      0.067      3.208      0.001
    E335$4             0.730      0.073     10.032      0.000
    E277$1            -1.835      0.127    -14.406      0.000
    E277$2            -1.179      0.086    -13.767      0.000
    E277$3            -0.242      0.067     -3.628      0.000
    E277$4             0.739      0.073     10.132      0.000

 Variances
    ASSERTIV           0.321      0.042      7.740      0.000


STANDARDIZED MODEL RESULTS


STDYX Standardization

                                                    Two-Tailed
                    Estimate       S.E.  Est./S.E.    P-Value

 ASSERTIV BY
    E56                0.567      0.037     15.481      0.000
    E30                0.694      0.030     23.173      0.000
    E329              -0.585      0.032    -18.198      0.000
    E242               0.687      0.030     22.867      0.000
    E95                0.705      0.028     25.168      0.000
    E166               0.638      0.031     20.284      0.000
    E290               0.574      0.037     15.397      0.000
    E208               0.486      0.040     12.108      0.000
    E220               0.593      0.036     16.415      0.000
    E276              -0.522      0.037    -14.277      0.000
    E139               0.697      0.027     25.474      0.000
    E80                0.558      0.037     15.158      0.000
    E335              -0.474      0.042    -11.272      0.000
    E277               0.581      0.035     16.523      0.000

 Thresholds
    E56$1             -1.481      0.100    -14.763      0.000
    E56$2             -0.592      0.070     -8.413      0.000
    E56$3              0.495      0.069      7.177      0.000
    E56$4              1.349      0.093     14.481      0.000
    E30$1             -1.733      0.118    -14.664      0.000
    E30$2             -0.824      0.075    -11.018      0.000
    E30$3             -0.038      0.066     -0.579      0.563
    E30$4              0.980      0.079     12.429      0.000
    E329$1            -1.166      0.085    -13.691      0.000
    E329$2            -0.115      0.066     -1.736      0.082
    E329$3             1.038      0.081     12.872      0.000
    E329$4             1.799      0.124     14.510      0.000
    E242$1            -0.712      0.072     -9.832      0.000
    E242$2             0.263      0.067      3.943      0.000
    E242$3             1.152      0.085     13.614      0.000
    E242$4             1.874      0.131     14.278      0.000
    E95$1             -1.332      0.092    -14.427      0.000
    E95$2             -0.314      0.067     -4.677      0.000
    E95$3              0.625      0.071      8.822      0.000
    E95$4              1.441      0.098     14.702      0.000
    E166$1            -1.835      0.127    -14.406      0.000
    E166$2            -0.969      0.079    -12.338      0.000
    E166$3             0.171      0.066      2.578      0.010
    E166$4             1.237      0.088     14.054      0.000
    E290$1            -1.050      0.081    -12.958      0.000
    E290$2            -0.143      0.066     -2.157      0.031
    E290$3             0.668      0.072      9.329      0.000
    E290$4             1.267      0.089     14.187      0.000
    E208$1            -1.570      0.106    -14.820      0.000
    E208$2            -0.456      0.069     -6.659      0.000
    E208$3             0.567      0.070      8.105      0.000
    E208$4             1.315      0.092     14.371      0.000
    E220$1            -0.936      0.078    -12.063      0.000
    E220$2            -0.017      0.066     -0.263      0.792
    E220$3             0.757      0.073     10.331      0.000
    E220$4             1.441      0.098     14.702      0.000
    E276$1            -0.926      0.077    -11.970      0.000
    E276$2            -0.080      0.066     -1.210      0.226
    E276$3             0.834      0.075     11.115      0.000
    E276$4             1.674      0.113     14.758      0.000
    E139$1            -1.916      0.136    -14.123      0.000
    E139$2            -0.926      0.077    -11.970      0.000
    E139$3            -0.003      0.066     -0.053      0.958
    E139$4             1.100      0.083     13.294      0.000
    E80$1             -1.799      0.124    -14.510      0.000
    E80$2             -0.874      0.076    -11.499      0.000
    E80$3              0.094      0.066      1.421      0.155
    E80$4              0.864      0.076     11.403      0.000
    E335$1            -0.936      0.078    -12.063      0.000
    E335$2            -0.292      0.067     -4.362      0.000
    E335$3             0.213      0.067      3.208      0.001
    E335$4             0.730      0.073     10.032      0.000
    E277$1            -1.835      0.127    -14.406      0.000
    E277$2            -1.179      0.086    -13.767      0.000
    E277$3            -0.242      0.067     -3.628      0.000
    E277$4             0.739      0.073     10.132      0.000

 Variances
    ASSERTIV           1.000      0.000    999.000    999.000


R-SQUARE

    Observed                                        Two-Tailed   Residual
    Variable        Estimate       S.E.  Est./S.E.    P-Value    Variance

    E56                0.321      0.042      7.740      0.000      0.679
    E30                0.481      0.042     11.587      0.000      0.519
    E329               0.343      0.038      9.099      0.000      0.657
    E242               0.472      0.041     11.434      0.000      0.528
    E95                0.497      0.040     12.584      0.000      0.503
    E166               0.406      0.040     10.142      0.000      0.594
    E290               0.330      0.043      7.698      0.000      0.670
    E208               0.236      0.039      6.054      0.000      0.764
    E220               0.352      0.043      8.207      0.000      0.648
    E276               0.273      0.038      7.138      0.000      0.727
    E139               0.485      0.038     12.737      0.000      0.515
    E80                0.311      0.041      7.579      0.000      0.689
    E335               0.225      0.040      5.636      0.000      0.775
    E277               0.338      0.041      8.262      0.000      0.662


QUALITY OF NUMERICAL RESULTS

     Condition Number for the Information Matrix              0.743E-03
       (ratio of smallest to largest eigenvalue)


MODEL MODIFICATION INDICES

NOTE:  Modification indices for direct effects of observed dependent variables
regressed on covariates and residual covariances among observed dependent
variables may not be included.  To include these, request MODINDICES (ALL).

Minimum M.I. value for printing the modification index     4.000

                                   M.I.     E.P.C.  Std E.P.C.  StdYX E.P.C.

No modification indices above the minimum value.



DIAGRAM INFORMATION

  Use View Diagram under the Diagram menu in the Mplus Editor to view the diagram.
  If running Mplus from the Mplus Diagrammer, the diagram opens automatically.

  Diagram output
    f:\ipip paper\sample_usa\cfa\extraversion\extraversion cfa sample - messmodell assertiveness.dgm

     Beginning Time:  11:54:38
        Ending Time:  11:54:38
       Elapsed Time:  00:00:00



MUTHEN & MUTHEN
3463 Stoner Ave.
Los Angeles, CA  90066

Tel: (310) 391-9971
Fax: (310) 391-8971
Web: www.StatModel.com
Support: Support@StatModel.com

Copyright (c) 1998-2013 Muthen & Muthen
