Mplus VERSION 7.1
MUTHEN & MUTHEN
04/15/2015  12:02 PM

INPUT INSTRUCTIONS

  TITLE:

  DATA:
  FILE IS  "extraversion CFA Sample.txt";
  Variable:
  Names are
  respid
  e174
  e327
  e276
  e197
  e58
  e294
  e4
  e166
  e316
  e131
  e228
  e98
  e290
  e288
  e196
  e32
  e123
  e102
  e125
  e112
  e103
  e60
  e306
  e182
  e235
  e40
  e95
  e19
  e242
  e259
  e231
  e164
  e341
  e245
  e28
  e217
  e280
  e238
  e229
  e56
  e311
  e80
  e257
  e49
  e130
  e304
  e255
  e286
  e329
  e24
  e335
  e83
  e208
  e260
  e315
  e29
  e277
  e31
  e139
  e220
  e142
  e34
  e84
  e216
  e124
  e274
  e219
  e57
  e30
  e158
  e99
  e214
  e207
  e132
  e232
  e241
  e55
  e322
  e118
  e233
  e191
  Filter
  filter_
  ;

  USEVARIABLES ARE
  e49 e238 e311
  ;

  MISSING ARE ALL (-99);
  categorical are all;

  Model:

  activity by e49 e238 e311;
  !activity@1;

  Analysis:
  ESTIMATOR IS WLSMV;

  OUTPUT: STDYX MODINDICES(4);



*** WARNING
  Data set contains cases with missing on all variables.
  These cases were not included in the analysis.
  Number of cases with missing on all variables:  2
   1 WARNING(S) FOUND IN THE INPUT INSTRUCTIONS




SUMMARY OF ANALYSIS

Number of groups                                                 1
Number of observations                                         361

Number of dependent variables                                    3
Number of independent variables                                  0
Number of continuous latent variables                            1

Observed dependent variables

  Binary and ordered categorical (ordinal)
   E49         E238        E311

Continuous latent variables
   ACTIVITY


Estimator                                                    WLSMV
Maximum number of iterations                                  1000
Convergence criterion                                    0.500D-04
Maximum number of steepest descent iterations                   20
Maximum number of iterations for H1                           2000
Convergence criterion for H1                             0.100D-03
Parameterization                                             DELTA

Input data file(s)
  extraversion CFA Sample.txt

Input data format  FREE


SUMMARY OF DATA

     Number of missing data patterns             1


COVARIANCE COVERAGE OF DATA

Minimum covariance coverage value   0.100


     PROPORTION OF DATA PRESENT


           Covariance Coverage
              E49           E238          E311
              ________      ________      ________
 E49            1.000
 E238           1.000         1.000
 E311           1.000         1.000         1.000


UNIVARIATE PROPORTIONS AND COUNTS FOR CATEGORICAL VARIABLES

    E49
      Category 1    0.022        8.000
      Category 2    0.108       39.000
      Category 3    0.332      120.000
      Category 4    0.380      137.000
      Category 5    0.158       57.000
    E238
      Category 1    0.030       11.000
      Category 2    0.139       50.000
      Category 3    0.452      163.000
      Category 4    0.271       98.000
      Category 5    0.108       39.000
    E311
      Category 1    0.152       55.000
      Category 2    0.385      139.000
      Category 3    0.302      109.000
      Category 4    0.122       44.000
      Category 5    0.039       14.000



THE MODEL ESTIMATION TERMINATED NORMALLY



MODEL FIT INFORMATION

Number of Free Parameters                       15

Chi-Square Test of Model Fit

          Value                              0.000*
          Degrees of Freedom                     0
          P-Value                           0.0000

*   The chi-square value for MLM, MLMV, MLR, ULSMV, WLSM and WLSMV cannot be used
    for chi-square difference testing in the regular way.  MLM, MLR and WLSM
    chi-square difference testing is described on the Mplus website.  MLMV, WLSMV,
    and ULSMV difference testing is done using the DIFFTEST option.

RMSEA (Root Mean Square Error Of Approximation)

          Estimate                           0.000
          90 Percent C.I.                    0.000  0.000
          Probability RMSEA <= .05           0.000

CFI/TLI

          CFI                                1.000
          TLI                                1.000

Chi-Square Test of Model Fit for the Baseline Model

          Value                            656.496
          Degrees of Freedom                     3
          P-Value                           0.0000

WRMR (Weighted Root Mean Square Residual)

          Value                              0.001



MODEL RESULTS

                                                    Two-Tailed
                    Estimate       S.E.  Est./S.E.    P-Value

 ACTIVITY BY
    E49                1.000      0.000    999.000    999.000
    E238               0.922      0.085     10.832      0.000
    E311              -0.596      0.061     -9.785      0.000

 Thresholds
    E49$1             -2.011      0.147    -13.707      0.000
    E49$2             -1.125      0.084    -13.457      0.000
    E49$3             -0.094      0.066     -1.421      0.155
    E49$4              1.003      0.080     12.608      0.000
    E238$1            -1.874      0.131    -14.278      0.000
    E238$2            -0.958      0.078    -12.247      0.000
    E238$3             0.307      0.067      4.572      0.000
    E238$4             1.237      0.088     14.054      0.000
    E311$1            -1.026      0.080    -12.784      0.000
    E311$2             0.094      0.066      1.421      0.155
    E311$3             0.992      0.079     12.519      0.000
    E311$4             1.765      0.121     14.596      0.000

 Variances
    ACTIVITY           0.731      0.077      9.479      0.000


STANDARDIZED MODEL RESULTS


STDYX Standardization

                                                    Two-Tailed
                    Estimate       S.E.  Est./S.E.    P-Value

 ACTIVITY BY
    E49                0.855      0.045     18.957      0.000
    E238               0.789      0.040     19.758      0.000
    E311              -0.510      0.043    -11.832      0.000

 Thresholds
    E49$1             -2.011      0.147    -13.707      0.000
    E49$2             -1.125      0.084    -13.457      0.000
    E49$3             -0.094      0.066     -1.421      0.155
    E49$4              1.003      0.080     12.608      0.000
    E238$1            -1.874      0.131    -14.278      0.000
    E238$2            -0.958      0.078    -12.247      0.000
    E238$3             0.307      0.067      4.572      0.000
    E238$4             1.237      0.088     14.054      0.000
    E311$1            -1.026      0.080    -12.784      0.000
    E311$2             0.094      0.066      1.421      0.155
    E311$3             0.992      0.079     12.519      0.000
    E311$4             1.765      0.121     14.596      0.000

 Variances
    ACTIVITY           1.000      0.000    999.000    999.000


R-SQUARE

    Observed                                        Two-Tailed   Residual
    Variable        Estimate       S.E.  Est./S.E.    P-Value    Variance

    E49                0.731      0.077      9.479      0.000      0.269
    E238               0.622      0.063      9.879      0.000      0.378
    E311               0.260      0.044      5.916      0.000      0.740


QUALITY OF NUMERICAL RESULTS

     Condition Number for the Information Matrix              0.161E-01
       (ratio of smallest to largest eigenvalue)


MODEL MODIFICATION INDICES

NOTE:  Modification indices for direct effects of observed dependent variables
regressed on covariates and residual covariances among observed dependent
variables may not be included.  To include these, request MODINDICES (ALL).

Minimum M.I. value for printing the modification index     4.000

                                   M.I.     E.P.C.  Std E.P.C.  StdYX E.P.C.

No modification indices above the minimum value.



DIAGRAM INFORMATION

  Use View Diagram under the Diagram menu in the Mplus Editor to view the diagram.
  If running Mplus from the Mplus Diagrammer, the diagram opens automatically.

  Diagram output
    f:\ipip paper\sample_usa\cfa\extraversion\extraversion cfa sample - messmodell activity.dgm

     Beginning Time:  12:02:28
        Ending Time:  12:02:28
       Elapsed Time:  00:00:00



MUTHEN & MUTHEN
3463 Stoner Ave.
Los Angeles, CA  90066

Tel: (310) 391-9971
Fax: (310) 391-8971
Web: www.StatModel.com
Support: Support@StatModel.com

Copyright (c) 1998-2013 Muthen & Muthen
