Mplus VERSION 5.2
MUTHEN & MUTHEN
06/26/2012  11:46 AM

INPUT INSTRUCTIONS


  DATA:
   FILE IS  "ITS_TQIPIP.txt";

  VARIABLE:
   NAMES ARE
  id
  sex
  age
  A1_1
  A1_2
  A1_3
  A1_4
  A1_5
  A2_1
  A2_2
  A2_3
  A2_4
  A2_5
  A3_1
  A3_2
  A3_3
  A3_4
  A3_5
  A4_1
  A4_2
  A4_3
  A4_4
  A4_5
  A5_1
  A5_2
  A5_3
  A5_4
  A5_5
  A6_1
  A6_2
  A6_3
  A6_4
  A6_5
  A7_1
  A7_2
  A7_3
  A7_4
  A7_5
  A8_1
  A8_2
  A8_3
  A8_4
  A8_5
  C1_1
  C1_2
  C1_3
  C1_4
  C1_5
  C2_1
  C2_2
  C2_3
  C2_4
  C2_5
  C3_1
  C3_2
  C3_3
  C3_4
  C3_5
  C4_1
  C4_2
  C4_3
  C4_4
  C4_5
  C5_1
  C5_2
  C5_3
  C5_4
  C5_5
  C6_1
  C6_2
  C6_3
  C6_4
  C6_5
  C7_1
  C7_2
  C7_3
  C7_4
  C7_5
  C8_1
  C8_2
  C8_3
  C8_4
  C8_5
  C9_1
  C9_2
  C9_3
  C9_4
  C9_5
  E1_1
  E1_2
  E1_3
  E1_4
  E1_5
  E2_1
  E2_2
  E2_3
  E2_4
  E2_5
  E3_1
  E3_2
  E3_3
  E3_4
  E3_5
  E4_1
  E4_2
  E4_3
  E4_4
  E4_5
  E5_1
  E5_2
  E5_3
  E5_4
  E5_5
  E6_1
  E6_2
  E6_3
  E6_4
  E6_5
  E7_1
  E7_2
  E7_3
  E7_4
  E7_5
  E8_1
  E8_2
  E8_3
  E8_4
  E8_5
  E9_1
  E9_2
  E9_3
  N1_1
  N1_2
  N1_3
  N1_4
  N1_5
  N2_1
  N2_2
  N2_3
  N2_4
  N2_5
  N3_1
  N3_2
  N3_3
  N3_4
  N3_5
  N4_1
  N4_2
  N4_3
  N4_4
  N4_5
  N5_1
  N5_2
  N5_3
  N5_4
  N5_5
  N6_1
  N6_2
  N6_3
  N6_4
  N6_5
  N7_1
  N7_2
  N7_3
  O1_1
  O1_2
  O1_3
  O1_4
  O1_5
  O2_1
  O2_2
  O2_3
  O2_4
  O2_5
  O3_1
  O3_2
  O3_3
  O3_4
  O3_5
  O4_1
  O4_2
  O4_3
  O4_4
  O4_5
  O5_1
  O5_2
  O5_3
  O5_4
  O5_5
  O6_1
  O6_2
  O6_3
  O6_4
  O6_5
  O7_1
  O7_2
  O7_3
  O7_4
  O7_5
  O8_1
  O8_2
  O8_3
  O8_4
  O9_1
  O9_2
  O9_4
  dataset;


   USEVARIABLES ARE
  N5_1
  N5_2
  N5_3
  N5_4
  N5_5;

  Grouping is Dataset (0 = German 1 = US);

  MISSING ARE ALL (-99);

  MODEL:

  N5 by  N5_1
  N5_2
  N5_3
  N5_4
  N5_5;
  [N5@0];

  Model German:
  ;

  Model US:
  ;



  [N5_1
  N5_2
  N5_3
  N5_4
  N5_5];

  ANALYSIS:
   ESTIMATOR IS ML;
   Iterations are 10000;

   OUTPUT: STDYX MODINDICES(4);



INPUT READING TERMINATED NORMALLY




SUMMARY OF ANALYSIS

Number of groups                                                 2
Number of observations
   Group GERMAN                                                387
   Group US                                                    722

Number of dependent variables                                    5
Number of independent variables                                  0
Number of continuous latent variables                            1

Observed dependent variables

  Continuous
   N5_1        N5_2        N5_3        N5_4        N5_5

Continuous latent variables
   N5

Variables with special functions

  Grouping variable     DATASET

Estimator                                                       ML
Information matrix                                        OBSERVED
Maximum number of iterations                                 10000
Convergence criterion                                    0.500D-04
Maximum number of steepest descent iterations                   20
Maximum number of iterations for H1                           2000
Convergence criterion for H1                             0.100D-03

Input data file(s)
  ITS_TQIPIP.txt

Input data format  FREE


SUMMARY OF DATA

   Group GERMAN
     Number of missing data patterns             1

   Group US
     Number of missing data patterns             1


COVARIANCE COVERAGE OF DATA

Minimum covariance coverage value   0.100


     PROPORTION OF DATA PRESENT FOR GERMAN


           Covariance Coverage
              N5_1          N5_2          N5_3          N5_4          N5_5
              ________      ________      ________      ________      ________
 N5_1           1.000
 N5_2           1.000         1.000
 N5_3           1.000         1.000         1.000
 N5_4           1.000         1.000         1.000         1.000
 N5_5           1.000         1.000         1.000         1.000         1.000


     PROPORTION OF DATA PRESENT FOR US


           Covariance Coverage
              N5_1          N5_2          N5_3          N5_4          N5_5
              ________      ________      ________      ________      ________
 N5_1           1.000
 N5_2           1.000         1.000
 N5_3           1.000         1.000         1.000
 N5_4           1.000         1.000         1.000         1.000
 N5_5           1.000         1.000         1.000         1.000         1.000



THE MODEL ESTIMATION TERMINATED NORMALLY



TESTS OF MODEL FIT

Chi-Square Test of Model Fit

          Value                             31.555
          Degrees of Freedom                    14
          P-Value                           0.0046

Chi-Square Contributions From Each Group

          GERMAN                            16.877
          US                                14.678

Chi-Square Test of Model Fit for the Baseline Model

          Value                            765.418
          Degrees of Freedom                    20
          P-Value                           0.0000

CFI/TLI

          CFI                                0.976
          TLI                                0.966

Loglikelihood

          H0 Value                       -7651.873
          H1 Value                       -7636.096

Information Criteria

          Number of Free Parameters             26
          Akaike (AIC)                   15355.746
          Bayesian (BIC)                 15486.038
          Sample-Size Adjusted BIC       15403.455
            (n* = (n + 2) / 24)

RMSEA (Root Mean Square Error Of Approximation)

          Estimate                           0.048
          90 Percent C.I.                    0.025  0.070

SRMR (Standardized Root Mean Square Residual)

          Value                              0.030



MODEL RESULTS

                                                    Two-Tailed
                    Estimate       S.E.  Est./S.E.    P-Value

Group GERMAN

 N5       BY
    N5_1               1.000      0.000    999.000    999.000
    N5_2               1.004      0.087     11.606      0.000
    N5_3               1.137      0.086     13.147      0.000
    N5_4               1.213      0.093     13.057      0.000
    N5_5              -0.408      0.084     -4.869      0.000

 Means
    N5                 0.000      0.000    999.000    999.000

 Intercepts
    N5_1               2.829      0.049     57.277      0.000
    N5_2               2.907      0.056     51.861      0.000
    N5_3               2.189      0.044     50.275      0.000
    N5_4               2.276      0.047     48.409      0.000
    N5_5               3.401      0.066     51.338      0.000

 Variances
    N5                 0.274      0.040      6.772      0.000

 Residual Variances
    N5_1               0.670      0.056     11.953      0.000
    N5_2               0.940      0.075     12.542      0.000
    N5_3               0.379      0.040      9.406      0.000
    N5_4               0.453      0.047      9.597      0.000
    N5_5               1.652      0.120     13.799      0.000

Group US

 N5       BY
    N5_1               1.000      0.000    999.000    999.000
    N5_2               1.004      0.087     11.606      0.000
    N5_3               1.137      0.086     13.147      0.000
    N5_4               1.213      0.093     13.057      0.000
    N5_5              -0.408      0.084     -4.869      0.000

 Means
    N5                 0.000      0.000    999.000    999.000

 Intercepts
    N5_1               2.654      0.036     73.756      0.000
    N5_2               2.519      0.043     58.442      0.000
    N5_3               2.039      0.034     60.663      0.000
    N5_4               2.116      0.036     59.349      0.000
    N5_5               3.112      0.045     69.388      0.000

 Variances
    N5                 0.295      0.038      7.682      0.000

 Residual Variances
    N5_1               0.640      0.041     15.503      0.000
    N5_2               1.044      0.062     16.806      0.000
    N5_3               0.434      0.034     12.737      0.000
    N5_4               0.484      0.038     12.623      0.000
    N5_5               1.403      0.075     18.730      0.000


STANDARDIZED MODEL RESULTS


STDYX Standardization

                                                    Two-Tailed
                    Estimate       S.E.  Est./S.E.    P-Value

Group GERMAN

 N5       BY
    N5_1               0.539      0.035     15.506      0.000
    N5_2               0.477      0.035     13.520      0.000
    N5_3               0.695      0.034     20.291      0.000
    N5_4               0.686      0.034     19.906      0.000
    N5_5              -0.164      0.033     -4.970      0.000

 Means
    N5                 0.000      0.000    999.000    999.000

 Intercepts
    N5_1               2.912      0.110     26.453      0.000
    N5_2               2.636      0.103     25.550      0.000
    N5_3               2.556      0.101     25.425      0.000
    N5_4               2.461      0.097     25.279      0.000
    N5_5               2.610      0.106     24.645      0.000

 Variances
    N5                 1.000      0.000    999.000    999.000

 Residual Variances
    N5_1               0.710      0.037     18.978      0.000
    N5_2               0.773      0.034     23.008      0.000
    N5_3               0.517      0.048     10.874      0.000
    N5_4               0.529      0.047     11.196      0.000
    N5_5               0.973      0.011     90.206      0.000

Group US

 N5       BY
    N5_1               0.562      0.031     18.115      0.000
    N5_2               0.471      0.033     14.467      0.000
    N5_3               0.684      0.028     24.467      0.000
    N5_4               0.688      0.028     24.691      0.000
    N5_5              -0.184      0.036     -5.055      0.000

 Means
    N5                 0.000      0.000    999.000    999.000

 Intercepts
    N5_1               2.745      0.079     34.775      0.000
    N5_2               2.175      0.066     32.852      0.000
    N5_3               2.258      0.069     32.801      0.000
    N5_4               2.209      0.068     32.540      0.000
    N5_5               2.582      0.077     33.589      0.000

 Variances
    N5                 1.000      0.000    999.000    999.000

 Residual Variances
    N5_1               0.684      0.035     19.629      0.000
    N5_2               0.778      0.031     25.388      0.000
    N5_3               0.532      0.038     13.924      0.000
    N5_4               0.527      0.038     13.773      0.000
    N5_5               0.966      0.013     72.333      0.000


R-SQUARE

Group GERMAN

    Observed                                        Two-Tailed
    Variable        Estimate       S.E.  Est./S.E.    P-Value

    N5_1               0.290      0.037      7.753      0.000
    N5_2               0.227      0.034      6.760      0.000
    N5_3               0.483      0.048     10.145      0.000
    N5_4               0.471      0.047      9.953      0.000
    N5_5               0.027      0.011      2.485      0.013

Group US

    Observed                                        Two-Tailed
    Variable        Estimate       S.E.  Est./S.E.    P-Value

    N5_1               0.316      0.035      9.058      0.000
    N5_2               0.222      0.031      7.233      0.000
    N5_3               0.468      0.038     12.234      0.000
    N5_4               0.473      0.038     12.346      0.000
    N5_5               0.034      0.013      2.528      0.011


QUALITY OF NUMERICAL RESULTS

     Condition Number for the Information Matrix              0.221E-01
       (ratio of smallest to largest eigenvalue)


MODEL MODIFICATION INDICES

NOTE:  Modification indices for direct effects of observed dependent variables
regressed on covariates may not be included.  To include these, request
MODINDICES (ALL).

Minimum M.I. value for printing the modification index     4.000

                            M.I.     E.P.C.  Std E.P.C.  StdYX E.P.C.
Group GERMAN


WITH Statements

N5_2     WITH N5_1          7.947     0.133      0.133        0.167
N5_4     WITH N5_3         11.831     0.146      0.146        0.351

Group US


WITH Statements

N5_2     WITH N5_1         14.059     0.138      0.138        0.169
N5_4     WITH N5_3          4.222     0.079      0.079        0.173



     Beginning Time:  11:46:00
        Ending Time:  11:46:00
       Elapsed Time:  00:00:00



MUTHEN & MUTHEN
3463 Stoner Ave.
Los Angeles, CA  90066

Tel: (310) 391-9971
Fax: (310) 391-8971
Web: www.StatModel.com
Support: Support@StatModel.com

Copyright (c) 1998-2008 Muthen & Muthen
